44 0.8 0.016 0.784
44 0.784 0.16 0.624
25 0.8 0.016 0.784
25 0.784 0.16 0.624
7 0.8 0.016 0.784
7 0.784 0.16 0.624
9 0.8 0.016 0.784
29 0.8 0.016 0.784
29 0.784 0.16 0.624
9 0.784 0.16 0.624
39 0.8 0.016 0.784
39 0.784 0.16 0.624
45 0.8 0.016 0.784
45 0.784 0.16 0.624
27 0.8 0.16 0.64
27 0.716593 0.016 0.700593
47 0.8 0.016 0.784
27 0.700593 0.16 0.540593
22 0.8 0.16 0.64
47 0.784 0.16 0.624
22 0.718362 0.016 0.702362
22 0.702362 0.16 0.542362
43 0.8 0.16 0.64
43 0.713551 0.016 0.697551
43 0.697551 0.16 0.537551
38 0.8 0.016 0.784
38 0.784 0.16 0.624
49 0.8 0.16 0.64
49 0.719744 0.016 0.703744
49 0.703744 0.16 0.543744
21 0.8 0.016 0.784
21 0.784 0.16 0.624
23 0.8 0.16 0.64
23 0.716199 0.016 0.700199
23 0.700199 0.16 0.540199
26 0.8 0.16 0.64
26 0.712279 0.016 0.696279
26 0.696279 0.16 0.536279
37 0.8 0.016 0.784
37 0.784 0.16 0.624
31 0.8 0.016 0.784
34 0.8 0.016 0.784
46 0.8 0.016 0.784
34 0.784 0.16 0.624
31 0.784 0.16 0.624
46 0.784 0.16 0.624
31 0.624 0.16 0.464
46 0.624 0.16 0.464
15 0.8 0.016 0.784
50 0.8 0.016 0.784
50 0.784 0.16 0.624
15 0.784 0.16 0.624
18 0.8 0.16 0.64
18 0.64 0.16 0.48
18 0.555123 0.016 0.539123
18 0.539123 0.16 0.379123
10 0.8 0.016 0.784
48 0.8 0.016 0.784
48 0.784 0.16 0.624
10 0.784 0.16 0.624
24 0.8 0.16 0.64
24 0.718665 0.016 0.702665
24 0.702665 0.16 0.542665
6 0.8 0.16 0.64
6 0.716646 0.016 0.700646
6 0.700646 0.16 0.540646
42 0.8 0.16 0.64
13 0.8 0.016 0.784
28 0.8 0.016 0.784
35 0.8 0.016 0.784
42 0.714954 0.016 0.698954
35 0.784 0.16 0.624
13 0.784 0.16 0.624
28 0.784 0.16 0.624
42 0.698954 0.16 0.538954
42 0.538954 0.16 0.378954
28 0.624 0.16 0.464
13 0.624 0.16 0.464
33 0.8 0.016 0.784
33 0.784 0.16 0.624
3 0.8 0.016 0.784
32 0.8 0.016 0.784
32 0.784 0.16 0.624
3 0.784 0.16 0.624
1 0.8 0.16 0.64
17 0.8 0.16 0.64
1 0.64 0.16 0.48
17 0.64 0.16 0.48
17 0.555949 0.016 0.539949
17 0.539949 0.16 0.379949
1 0.552676 0.16 0.392676
1 0.465989 0.016 0.449989
1 0.449989 0.16 0.289989
11 0.8 0.016 0.784
11 0.784 0.16 0.624
40 0.8 0.16 0.64
40 0.714824 0.016 0.698824
40 0.698824 0.16 0.538824
36 0.8 0.16 0.64
30 0.8 0.016 0.784
36 0.714958 0.016 0.698958
30 0.784 0.16 0.624
16 0.8 0.16 0.64
36 0.698958 0.16 0.538958
36 0.538958 0.16 0.378958
16 0.71094 0.016 0.69494
16 0.69494 0.16 0.53494
8 0.8 0.16 0.64
8 0.716587 0.016 0.700587
8 0.700587 0.16 0.540587
19 0.8 0.016 0.784
19 0.784 0.16 0.624
20 0.8 0.16 0.64
20 0.718085 0.016 0.702085
20 0.702085 0.16 0.542085
14 0.8 0.16 0.64
41 0.8 0.16 0.64
14 0.715975 0.016 0.699975
41 0.719694 0.016 0.703694
14 0.699975 0.16 0.539975
41 0.703694 0.16 0.543694
2 0.8 0.016 0.784
4 0.8 0.016 0.784
4 0.784 0.16 0.624
2 0.784 0.16 0.624
2 0.624 0.16 0.464
12 0.8 0.016 0.784
12 0.784 0.16 0.624
5 0.8 0.016 0.784
5 0.784 0.16 0.624
