0 3930
0 3931
0 3932
0 3933
0 3934
0 3935
0 3936
0 3937
0 3938
0 3939
0 3944
0 3949
0 3951
0 3957
12 3940
0 3963
10 3954
0 3968
0 3972
67 3971
0 3974
41 3947
0 3984
0 3988
40 3979
49 3973
0 3992
0 3996
61 3946
0 4003
78 3955
0 4007
59 3965
0 4012
71 3978
4 3976
0 4018
18 4015
0 4023
27 4022
0 4029
31 4028
38 4013
32 3952
0 4036
45 3975
66 3950
47 4030
0 4039
13 3960
52 4032
50 4000
0 4040
65 4001
37 3966
0 4041
33 3990
0 4042
0 4043
17 4010
7 3985
69 3948
23 4019
0 4044
0 4045
42 3999
70 4038
36 3991
80 3981
0 4046
5 3942
80 3981
0 4047
79 3994
0 4048
0 4049
0 4050
34 4017
0 4051
46 3941
0 4052
29 3945
0 4053
20 4014
0 4054
22 3993
15 4011
0 4055
54 3953
62 3997
16 4021
24 3995
58 4004
0 4056
0 4057
57 4035
0 4058
0 4059
0 4060
44 3987
0 4061
63 4002
0 4062
63 4002
0 4063
51 3964
0 4064
19 3962
21 3969
28 3959
0 4065
0 4066
0 4067
72 3970
75 3943
8 3958
9 3982
0 4068
43 3977
0 4069
56 3998
48 4008
39 3956
0 4070
73 4020
0 4071
55 3983
64 3967
60 4034
0 4072
76 3980
0 4073
77 3961
0 4074
0 4075
53 4005
35 4025
0 4076
0 4077
0 4078
6 3986
0 4079
14 4033
3 4016
0 4080
2 3989
0 4081
25 4009
0 4082
26 4006
74 4037
1 4031
30 4027
0 4083
0 4084
68 4026
0 4085
0 4086
0 4087
11 4024
0 4088
0 4089
0 4090
0 4091
0 4092
0 4093
0 4094
0 4095
0 4096
0 4097
0 4098
0 4099
0 4100
0 4101
0 4102
0 4103
0 4104
0 4105
0 4106
0 4107
0 4108
0 4109
0 4110
0 4111
0 4112
0 4113
0 4114
0 4115
0 4116
0 4117
0 4118
0 4119
0 4120
0 4121
0 4122
0 4123
0 4124
0 4125
0 4126
0 4127
0 4128
0 4129
0 4130
0 4131
0 4132
0 4133
0 4134
0 4135
0 4136
0 4137
0 4138
0 4139
0 4140
0 4141
0 4142
0 4143
0 4144
0 4145
0 4146
0 4147
0 4148
0 4149
0 4150
0 4151
0 4152
0 4153
0 4154
0 4155
0 4156
0 4157
0 4158
0 4159
