87 0.8 0.016 0.784
87 0.784 0.16 0.624
52 0.8 0.016 0.784
54 0.8 0.016 0.784
54 0.784 0.16 0.624
52 0.784 0.16 0.624
57 0.8 0.016 0.784
85 0.8 0.016 0.784
85 0.784 0.16 0.624
57 0.784 0.16 0.624
5 0.8 0.16 0.64
34 0.8 0.16 0.64
5 0.64 0.16 0.48
34 0.64 0.16 0.48
5 0.552527 0.016 0.536527
34 0.555851 0.016 0.539851
34 0.539851 0.16 0.379851
5 0.536527 0.16 0.376527
5 0.376527 0.16 0.216527
16 0.8 0.016 0.784
43 0.8 0.016 0.784
83 0.8 0.016 0.784
83 0.784 0.16 0.624
9 0.8 0.16 0.64
16 0.784 0.16 0.624
43 0.784 0.16 0.624
43 0.624 0.16 0.464
9 0.64 0.16 0.48
16 0.624 0.16 0.464
7 0.8 0.16 0.64
9 0.550983 0.016 0.534983
53 0.8 0.016 0.784
9 0.534983 0.16 0.374983
53 0.784 0.16 0.624
53 0.624 0.16 0.464
21 0.8 0.016 0.784
46 0.8 0.016 0.784
46 0.784 0.16 0.624
21 0.784 0.16 0.624
33 0.8 0.16 0.64
86 0.8 0.16 0.64
90 0.8 0.16 0.64
21 0.624 0.16 0.464
33 0.64 0.16 0.48
86 0.64 0.16 0.48
90 0.64 0.16 0.48
3 0.8 0.016 0.784
13 0.8 0.016 0.784
33 0.557867 0.016 0.541867
86 0.55803 0.016 0.54203
90 0.55587 0.016 0.53987
90 0.53987 0.16 0.37987
3 0.784 0.16 0.624
10 0.8 0.16 0.64
13 0.784 0.16 0.624
33 0.541867 0.16 0.381867
86 0.54203 0.16 0.38203
33 0.381867 0.16 0.221867
3 0.624 0.16 0.464
10 0.64 0.16 0.48
13 0.624 0.16 0.464
86 0.38203 0.16 0.22203
13 0.464 0.16 0.304
3 0.464 0.16 0.304
51 0.8 0.16 0.64
86 0.22203 0.16 0.0620298
10 0.48 0.16 0.32
18 0.8 0.16 0.64
22 0.8 0.16 0.64
84 0.8 0.16 0.64
10 0.390166 0.016 0.374166
18 0.716008 0.016 0.700008
22 0.719899 0.016 0.703899
10 0.374166 0.16 0.214166
18 0.700008 0.16 0.540008
22 0.703899 0.16 0.543899
84 0.711908 0.16 0.551908
22 0.543899 0.16 0.383899
42 0.8 0.16 0.64
84 0.551908 0.16 0.391908
22 0.383899 0.16 0.223899
42 0.64 0.16 0.48
84 0.391908 0.16 0.231908
42 0.55587 0.016 0.53987
84 0.304064 0.016 0.288064
84 0.288064 0.16 0.128064
42 0.53987 0.16 0.37987
42 0.37987 0.16 0.21987
14 0.8 0.16 0.64
89 0.8 0.16 0.64
14 0.714789 0.016 0.698789
89 0.713578 0.016 0.697578
89 0.697578 0.16 0.537578
14 0.698789 0.16 0.538789
14 0.538789 0.16 0.378789
24 0.8 0.016 0.784
39 0.8 0.016 0.784
24 0.784 0.16 0.624
37 0.8 0.16 0.64
39 0.784 0.16 0.624
39 0.624 0.16 0.464
86 0.436226 0.16 0.276226
37 0.64 0.16 0.48
51 0.8 0.16 0.64
37 0.55803 0.016 0.54203
37 0.54203 0.16 0.38203
65 0.8 0.016 0.784
71 0.8 0.016 0.784
71 0.784 0.16 0.624
65 0.784 0.16 0.624
2 0.8 0.16 0.64
2 0.64 0.16 0.48
61 0.8 0.16 0.64
2 0.555544 0.016 0.539544
61 0.71511 0.016 0.69911
2 0.539544 0.16 0.379544
61 0.69911 0.16 0.53911
61 0.53911 0.16 0.37911
49 0.8 0.016 0.784
49 0.784 0.16 0.624
50 0.8 0.16 0.64
50 0.71282 0.016 0.69682
50 0.69682 0.16 0.53682
47 0.8 0.16 0.64
66 0.8 0.16 0.64
76 0.8 0.16 0.64
47 0.711435 0.016 0.695435
66 0.712556 0.016 0.696556
76 0.717778 0.016 0.701778
66 0.696556 0.16 0.536556
47 0.695435 0.16 0.535435
76 0.701778 0.16 0.541778
78 0.8 0.16 0.64
76 0.541778 0.16 0.381778
78 0.64 0.16 0.48
76 0.381778 0.16 0.221778
78 0.48 0.16 0.32
48 0.8 0.016 0.784
78 0.390063 0.016 0.374063
78 0.374063 0.16 0.214063
48 0.784 0.16 0.624
19 0.8 0.16 0.64
44 0.8 0.16 0.64
19 0.717732 0.016 0.701732
44 0.714695 0.016 0.698695
44 0.698695 0.16 0.538695
19 0.701732 0.16 0.541732
41 0.8 0.16 0.64
74 0.8 0.16 0.64
41 0.64 0.16 0.48
74 0.64 0.16 0.48
41 0.553095 0.016 0.537095
74 0.558921 0.016 0.542921
74 0.542921 0.16 0.382921
41 0.537095 0.16 0.377095
27 0.8 0.016 0.784
29 0.8 0.016 0.784
29 0.784 0.16 0.624
27 0.784 0.16 0.624
81 0.8 0.16 0.64
6 0.8 0.016 0.784
81 0.719643 0.016 0.703643
81 0.703643 0.16 0.543643
6 0.784 0.16 0.624
6 0.624 0.16 0.464
20 0.8 0.016 0.784
20 0.784 0.16 0.624
15 0.8 0.16 0.64
75 0.8 0.16 0.64
15 0.71191 0.016 0.69591
15 0.69591 0.16 0.53591
75 0.711455 0.16 0.551455
56 0.8 0.016 0.784
75 0.6269 0.016 0.6109
75 0.6109 0.16 0.4509
56 0.784 0.16 0.624
56 0.624 0.16 0.464
4 0.8 0.016 0.784
4 0.784 0.16 0.624
45 0.8 0.16 0.64
45 0.712727 0.016 0.696727
45 0.696727 0.16 0.536727
38 0.8 0.16 0.64
31 0.8 0.016 0.784
38 0.716427 0.016 0.700427
70 0.8 0.016 0.784
38 0.700427 0.16 0.540427
31 0.784 0.16 0.624
70 0.784 0.16 0.624
31 0.624 0.16 0.464
70 0.624 0.16 0.464
70 0.464 0.16 0.304
17 0.8 0.16 0.64
69 0.8 0.16 0.64
17 0.716886 0.016 0.700886
17 0.700886 0.16 0.540886
69 0.713657 0.16 0.553657
69 0.626174 0.016 0.610174
69 0.610174 0.16 0.450174
1 0.8 0.016 0.784
30 0.8 0.016 0.784
82 0.8 0.016 0.784
30 0.784 0.16 0.624
1 0.784 0.16 0.624
12 0.8 0.16 0.64
58 0.8 0.16 0.64
82 0.784 0.16 0.624
1 0.624 0.16 0.464
82 0.624 0.16 0.464
12 0.64 0.16 0.48
58 0.64 0.16 0.48
12 0.48 0.16 0.32
58 0.48 0.16 0.32
12 0.397671 0.016 0.381671
58 0.39052 0.016 0.37452
58 0.37452 0.16 0.21452
8 0.8 0.16 0.64
12 0.381671 0.16 0.221671
28 0.8 0.16 0.64
12 0.221671 0.16 0.0616705
8 0.64 0.16 0.48
28 0.64 0.16 0.48
8 0.553586 0.016 0.537586
28 0.558789 0.016 0.542789
28 0.542789 0.16 0.382789
8 0.537586 0.16 0.377586
8 0.377586 0.16 0.217586
68 0.8 0.016 0.784
68 0.784 0.16 0.624
35 0.8 0.16 0.64
35 0.710243 0.016 0.694243
62 0.8 0.016 0.784
35 0.694243 0.16 0.534243
62 0.784 0.16 0.624
77 0.8 0.16 0.64
88 0.8 0.16 0.64
62 0.624 0.16 0.464
77 0.64 0.16 0.48
88 0.64 0.16 0.48
77 0.552612 0.016 0.536612
88 0.558457 0.016 0.542457
77 0.536612 0.16 0.376612
32 0.8 0.16 0.64
88 0.542457 0.16 0.382457
88 0.382457 0.16 0.222457
32 0.64 0.16 0.48
32 0.55443 0.016 0.53843
32 0.53843 0.16 0.37843
26 0.8 0.016 0.784
63 0.8 0.016 0.784
26 0.784 0.16 0.624
63 0.784 0.16 0.624
59 0.8 0.16 0.64
73 0.8 0.16 0.64
59 0.64 0.16 0.48
73 0.64 0.16 0.48
59 0.554549 0.016 0.538549
73 0.555265 0.016 0.539265
59 0.538549 0.16 0.378549
60 0.8 0.16 0.64
67 0.8 0.16 0.64
72 0.8 0.16 0.64
73 0.539265 0.16 0.379265
73 0.379265 0.16 0.219265
67 0.64 0.16 0.48
25 0.8 0.016 0.784
60 0.718262 0.016 0.702262
67 0.55817 0.016 0.54217
72 0.716466 0.016 0.700466
72 0.700466 0.16 0.540466
25 0.784 0.16 0.624
60 0.702262 0.16 0.542262
67 0.54217 0.16 0.38217
60 0.542262 0.16 0.382262
67 0.38217 0.16 0.22217
25 0.624 0.16 0.464
25 0.464 0.16 0.304
25 0.304 0.16 0.144
64 0.8 0.16 0.64
64 0.787257 0.016 0.771257
80 0.8 0.016 0.784
64 0.771257 0.16 0.611257
80 0.784 0.16 0.624
80 0.624 0.16 0.464
23 0.8 0.016 0.784
23 0.784 0.16 0.624
11 0.8 0.016 0.784
79 0.8 0.016 0.784
11 0.784 0.16 0.624
7 0.8 0.16 0.64
40 0.8 0.16 0.64
79 0.784 0.16 0.624
79 0.624 0.16 0.464
7 0.64 0.16 0.48
40 0.64 0.16 0.48
7 0.558219 0.016 0.542219
40 0.550306 0.016 0.534306
40 0.534306 0.16 0.374306
7 0.542219 0.16 0.382219
7 0.382219 0.16 0.222219
36 0.8 0.016 0.784
36 0.784 0.16 0.624
55 0.8 0.16 0.64
55 0.712341 0.016 0.696341
55 0.696341 0.16 0.536341
51 0.8 0.016 0.784
51 0.784 0.16 0.624
