7 0.8 0.016 0.784
7 0.784 0.16 0.624
14 0.8 0.016 0.784
14 0.784 0.16 0.624
10 0.8 0.016 0.784
10 0.784 0.16 0.624
2 0.8 0.016 0.784
5 0.8 0.016 0.784
5 0.784 0.16 0.624
2 0.784 0.16 0.624
3 0.8 0.016 0.784
20 0.8 0.016 0.784
20 0.784 0.16 0.624
3 0.784 0.16 0.624
3 0.624 0.16 0.464
9 0.8 0.016 0.784
9 0.784 0.16 0.624
15 0.8 0.16 0.64
15 0.716725 0.016 0.700725
15 0.700725 0.16 0.540725
11 0.8 0.16 0.64
11 0.712987 0.016 0.696987
11 0.696987 0.16 0.536987
19 0.8 0.016 0.784
19 0.784 0.16 0.624
13 0.8 0.016 0.784
13 0.784 0.16 0.624
8 0.8 0.016 0.784
8 0.784 0.16 0.624
17 0.8 0.016 0.784
17 0.784 0.16 0.624
16 0.8 0.016 0.784
16 0.784 0.16 0.624
6 0.8 0.016 0.784
6 0.784 0.16 0.624
4 0.8 0.016 0.784
4 0.784 0.16 0.624
18 0.8 0.016 0.784
18 0.784 0.16 0.624
1 0.8 0.016 0.784
12 0.8 0.016 0.784
12 0.784 0.16 0.624
1 0.784 0.16 0.624
1 0.624 0.16 0.464
