0 3710
0 3711
0 3712
0 3713
0 3714
0 3715
0 3716
0 3717
0 3718
0 3719
0 3720
0 3726
0 3733
0 3740
0 3744
0 3745
21 3727
0 3750
31 3729
28 3731
0 3757
19 3752
0 3763
0 3768
1 3760
0 3770
68 3769
57 3741
0 3774
0 3781
52 3743
0 3786
39 3782
0 3789
0 3794
17 3735
0 3798
63 3725
0 3800
0 3806
32 3795
15 3803
30 3758
0 3808
58 3723
0 3810
20 3728
0 3811
18 3730
16 3767
0 3812
0 3813
14 3790
0 3814
25 3738
0 3815
6 3753
11 3749
0 3816
7 3804
67 3734
0 3817
23 3772
0 3818
59 3773
0 3819
54 3784
62 3766
0 3820
35 3792
22 3801
64 3778
53 3721
0 3821
0 3822
43 3736
34 3756
0 3823
50 3787
55 3739
26 3754
0 3824
9 3746
27 3722
0 3825
45 3755
65 3748
0 3826
0 3827
0 3828
12 3775
24 3777
0 3829
0 3830
48 3742
29 3783
0 3831
0 3832
0 3833
37 3751
0 3834
0 3835
0 3836
0 3837
61 3737
0 3838
10 3761
46 3776
0 3839
56 3797
49 3780
0 3840
40 3724
70 3771
0 3841
0 3842
13 3732
0 3843
66 3762
2 3791
33 3796
0 3844
3 3759
47 3788
0 3845
0 3846
0 3847
51 3747
0 3848
38 3779
36 3785
0 3849
60 3765
41 3764
0 3850
0 3851
42 3807
8 3802
0 3852
0 3853
44 3805
0 3854
0 3855
69 3799
0 3856
4 3793
0 3857
0 3858
0 3859
0 3860
5 3809
0 3861
0 3862
0 3863
0 3864
0 3865
0 3866
0 3867
0 3868
0 3869
0 3870
0 3871
0 3872
0 3873
0 3874
0 3875
0 3876
0 3877
0 3878
0 3879
0 3880
0 3881
0 3882
0 3883
0 3884
0 3885
0 3886
0 3887
0 3888
0 3889
0 3890
0 3891
0 3892
0 3893
0 3894
0 3895
0 3896
0 3897
0 3898
0 3899
0 3900
0 3901
0 3902
0 3903
0 3904
0 3905
0 3906
0 3907
0 3908
0 3909
0 3910
0 3911
0 3912
0 3913
0 3914
0 3915
0 3916
0 3917
0 3918
0 3919
0 3920
0 3921
0 3922
0 3923
0 3924
0 3925
0 3926
0 3927
0 3928
0 3929
