12 3940 1.00952
46 3941 1.01093
5 3942 1.02799
75 3943 1.0373
29 3945 1.10804
61 3946 1.13032
41 3947 1.14817
69 3948 1.18026
66 3950 1.28675
32 3952 1.2925
54 3953 1.30646
10 3954 1.31467
78 3955 1.34692
39 3956 1.36869
8 3958 1.39593
28 3959 1.40258
13 3960 1.40463
77 3961 1.43999
19 3962 1.47332
51 3964 1.52311
59 3965 1.52901
37 3966 1.53611
64 3967 1.53752
21 3969 1.60515
72 3970 1.66615
67 3971 1.68561
49 3973 1.74375
45 3975 1.79378
4 3976 1.79676
43 3977 1.81091
71 3978 1.82216
40 3979 1.84194
76 3980 1.86042
80 3981 1.86537
9 3982 1.87366
55 3983 1.88163
7 3985 1.90456
6 3986 1.96263
44 3987 1.96882
2 3989 2.01382
33 3990 2.07464
36 3991 2.07751
22 3993 2.1057
79 3994 2.16254
24 3995 2.16375
62 3997 2.20517
56 3998 2.20648
42 3999 2.2134
50 4000 2.28392
65 4001 2.28536
63 4002 2.29099
58 4004 2.29592
53 4005 2.37157
26 4006 2.37442
48 4008 2.41534
25 4009 2.43868
17 4010 2.44874
15 4011 2.47893
38 4013 2.50112
20 4014 2.53554
18 4015 2.5356
3 4016 2.53745
34 4017 2.55551
23 4019 2.60316
73 4020 2.62782
16 4021 2.64252
27 4022 2.66574
11 4024 2.72485
35 4025 2.72511
68 4026 2.72535
30 4027 2.72629
31 4028 2.78659
47 4030 2.8082
1 4031 2.81672
52 4032 2.83999
14 4033 2.85504
60 4034 2.86928
57 4035 2.88668
74 4037 2.92453
70 4038 2.92993
