7 2775 0 100 88859900 1.26613 1.26613
14 2782 0 100 121555460 1.96613 1.96613
10 2780 0 100 154258664 2.16613 2.16613
5 2770 0 100 121540208 2.66613 2.66613
2 2797 0 100 121574264 2.66613 2.66613
20 2800 0 100 121531784 2.86613 2.86613
3 2777 0 100 154263672 2.86613 2.86613
9 2807 0 100 154250184 3.56613 3.56613
15 2774 0 100 88853804 3.66613 3.66613
11 2790 0 100 88848232 3.76613 3.76613
19 2772 0 100 88847240 3.96613 3.96613
13 2804 0 100 154260328 4.06613 4.06613
8 2795 0 100 121572284 4.26613 4.26613
17 2785 0 100 88872528 4.76613 4.76613
16 2788 0 100 121570472 4.96613 4.96613
6 2792 0 100 154247568 5.36613 5.36613
4 2794 0 100 88854820 5.66613 5.66613
18 2779 0 100 121563122 5.86613 5.86613
12 2784 0 100 56196252 6.26613 6.26613
1 2801 0 100 154245632 6.26613 6.26613
