73 0.8 0.016 0.784
73 0.784 0.16 0.624
27 0.8 0.016 0.784
35 0.8 0.016 0.784
27 0.784 0.16 0.624
35 0.784 0.16 0.624
88 0.8 0.16 0.64
35 0.624 0.16 0.464
88 0.64 0.16 0.48
88 0.552032 0.016 0.536032
88 0.536032 0.16 0.376032
67 0.8 0.016 0.784
67 0.784 0.16 0.624
83 0.8 0.016 0.784
83 0.784 0.16 0.624
5 0.8 0.16 0.64
17 0.8 0.16 0.64
55 0.8 0.16 0.64
74 0.8 0.16 0.64
5 0.718799 0.016 0.702799
55 0.714759 0.016 0.698759
61 0.8 0.016 0.784
74 0.71186 0.016 0.69586
5 0.702799 0.16 0.542799
17 0.716028 0.16 0.556028
50 0.8 0.16 0.64
55 0.698759 0.16 0.538759
74 0.69586 0.16 0.53586
55 0.538759 0.16 0.378759
74 0.53586 0.16 0.37586
17 0.556028 0.16 0.396028
50 0.64 0.16 0.48
61 0.784 0.16 0.624
17 0.396028 0.16 0.236028
61 0.624 0.16 0.464
61 0.464 0.16 0.304
17 0.315798 0.016 0.299798
50 0.558743 0.016 0.542743
81 0.8 0.016 0.784
81 0.784 0.16 0.624
50 0.542743 0.16 0.382743
17 0.299798 0.16 0.139798
28 0.8 0.016 0.784
90 0.8 0.016 0.784
28 0.784 0.16 0.624
90 0.784 0.16 0.624
13 0.8 0.16 0.64
15 0.8 0.16 0.64
16 0.8 0.16 0.64
63 0.8 0.16 0.64
79 0.8 0.16 0.64
13 0.64 0.16 0.48
15 0.64 0.16 0.48
16 0.64 0.16 0.48
63 0.64 0.16 0.48
79 0.64 0.16 0.48
13 0.551846 0.016 0.535846
15 0.556633 0.016 0.540633
16 0.555501 0.016 0.539501
49 0.8 0.016 0.784
79 0.559324 0.016 0.543324
15 0.540633 0.16 0.380633
13 0.535846 0.16 0.375846
16 0.539501 0.16 0.379501
43 0.8 0.16 0.64
49 0.784 0.16 0.624
63 0.550957 0.16 0.390957
79 0.543324 0.16 0.383324
16 0.379501 0.16 0.219501
43 0.64 0.16 0.48
49 0.624 0.16 0.464
63 0.390957 0.16 0.230957
79 0.383324 0.16 0.223324
16 0.219501 0.16 0.059501
43 0.48 0.16 0.32
49 0.464 0.16 0.304
63 0.230957 0.16 0.0709574
79 0.223324 0.16 0.0633237
49 0.304 0.16 0.144
43 0.32 0.16 0.16
63 0.0709574 0.16 -0.0890426
79 0.0633237 0.16 -0.0966763
97 0.8 0.16 0.64
29 0.8 0.016 0.784
43 0.239756 0.016 0.223756
62 0.8 0.016 0.784
63 0.0757542 0.016 0.0597542
79 0.0794815 0.016 0.0634815
97 0.710802 0.016 0.694802
62 0.784 0.16 0.624
29 0.784 0.16 0.624
43 0.223756 0.16 0.063756
63 0.0597542 0.16 -0.100246
79 0.0634815 0.16 -0.0965185
97 0.694802 0.16 0.534802
97 0.534802 0.16 0.374802
29 0.624 0.16 0.464
14 0.8 0.16 0.64
43 0.063756 0.16 -0.096244
63 0 0.16 -0.16
77 0.8 0.16 0.64
79 0 0.16 -0.16
1 0.8 0.16 0.64
14 0.64 0.16 0.48
43 0 0.16 -0.16
63 0 0.16 -0.16
77 0.64 0.16 0.48
79 0 0.16 -0.16
1 0.710508 0.016 0.694508
14 0.556137 0.016 0.540137
43 0.0728668 0.016 0.0568668
57 0.8 0.016 0.784
77 0.552326 0.016 0.536326
79 0.0730943 0.016 0.0570943
57 0.784 0.16 0.624
1 0.694508 0.16 0.534508
14 0.540137 0.16 0.380137
26 0.8 0.16 0.64
43 0.0568668 0.16 -0.103133
77 0.536326 0.16 0.376326
14 0.380137 0.16 0.220137
1 0.534508 0.16 0.374508
77 0.376326 0.16 0.216326
26 0.64 0.16 0.48
69 0.8 0.16 0.64
26 0.48 0.16 0.32
54 0.8 0.16 0.64
69 0.64 0.16 0.48
26 0.32 0.16 0.16
69 0.48 0.16 0.32
26 0.233147 0.016 0.217147
69 0.399345 0.016 0.383345
26 0.217147 0.16 0.0571466
69 0.383345 0.16 0.223345
54 0.711083 0.16 0.551083
89 0.8 0.16 0.64
54 0.551083 0.16 0.391083
89 0.64 0.16 0.48
54 0.470534 0.016 0.454534
89 0.554545 0.016 0.538545
54 0.454534 0.16 0.294534
51 0.8 0.16 0.64
89 0.538545 0.16 0.378545
89 0.378545 0.16 0.218545
51 0.64 0.16 0.48
51 0.556029 0.016 0.540029
79 0.28013 0.16 0.12013
51 0.540029 0.16 0.380029
48 0.8 0.16 0.64
68 0.8 0.16 0.64
43 0.217221 0.16 0.0572205
63 0.295657 0.16 0.135657
4 0.8 0.016 0.784
22 0.8 0.016 0.784
48 0.711216 0.016 0.695216
68 0.71103 0.016 0.69503
79 0.19915 0.16 0.0391501
48 0.695216 0.16 0.535216
43 0.136257 0.16 -0.0237429
63 0.206284 0.16 0.0462844
4 0.784 0.16 0.624
22 0.784 0.16 0.624
68 0.69503 0.16 0.53503
68 0.53503 0.16 0.37503
4 0.624 0.16 0.464
21 0.8 0.16 0.64
22 0.624 0.16 0.464
34 0.8 0.16 0.64
22 0.464 0.16 0.304
4 0.464 0.16 0.304
21 0.64 0.16 0.48
34 0.64 0.16 0.48
12 0.8 0.16 0.64
21 0.48 0.16 0.32
34 0.48 0.16 0.32
60 0.8 0.16 0.64
12 0.711516 0.016 0.695516
21 0.394547 0.016 0.378547
34 0.393663 0.016 0.377663
60 0.710631 0.016 0.694631
21 0.378547 0.16 0.218547
34 0.377663 0.16 0.217663
12 0.695516 0.16 0.535516
59 0.8 0.16 0.64
60 0.694631 0.16 0.534631
92 0.8 0.16 0.64
59 0.64 0.16 0.48
60 0.534631 0.16 0.374631
92 0.64 0.16 0.48
59 0.48 0.16 0.32
60 0.374631 0.16 0.214631
92 0.48 0.16 0.32
60 0.214631 0.16 0.0546313
59 0.32 0.16 0.16
92 0.32 0.16 0.16
59 0.238644 0.016 0.222644
92 0.231151 0.016 0.215151
59 0.222644 0.16 0.0626438
92 0.215151 0.16 0.0551511
92 0.127932 0.016 0.111932
10 0.8 0.016 0.784
47 0.8 0.016 0.784
94 0.8 0.016 0.784
10 0.784 0.16 0.624
47 0.784 0.16 0.624
94 0.784 0.16 0.624
94 0.624 0.16 0.464
94 0.464 0.16 0.304
11 0.8 0.16 0.64
20 0.8 0.16 0.64
11 0.716259 0.016 0.700259
20 0.716304 0.016 0.700304
43 0.376697 0.16 0.216697
63 0.418226 0.16 0.258226
11 0.700259 0.16 0.540259
63 0.258226 0.16 0.0982256
20 0.700304 0.16 0.540304
80 0.8 0.16 0.64
20 0.540304 0.16 0.380304
80 0.64 0.16 0.48
80 0.551964 0.016 0.535964
43 0.294265 0.16 0.134265
80 0.535964 0.16 0.375964
72 0.8 0.16 0.64
91 0.8 0.16 0.64
79 0.492495 0.16 0.332495
36 0.8 0.016 0.784
72 0.719113 0.016 0.703113
78 0.8 0.016 0.784
91 0.719657 0.016 0.703657
72 0.703113 0.16 0.543113
36 0.784 0.16 0.624
78 0.784 0.16 0.624
91 0.703657 0.16 0.543657
91 0.543657 0.16 0.383657
36 0.624 0.16 0.464
78 0.624 0.16 0.464
92 0.417834 0.16 0.257834
36 0.464 0.16 0.304
78 0.464 0.16 0.304
95 0.8 0.16 0.64
39 0.8 0.16 0.64
95 0.64 0.16 0.48
95 0.556422 0.016 0.540422
92 0.335588 0.16 0.175588
95 0.540422 0.16 0.380422
6 0.8 0.16 0.64
31 0.8 0.16 0.64
39 0.714002 0.16 0.554002
99 0.8 0.16 0.64
6 0.712678 0.016 0.696678
31 0.715046 0.016 0.699046
39 0.632418 0.016 0.616418
99 0.719376 0.016 0.703376
39 0.616418 0.16 0.456418
99 0.703376 0.16 0.543376
6 0.696678 0.16 0.536678
9 0.8 0.16 0.64
31 0.699046 0.16 0.539046
56 0.8 0.16 0.64
6 0.536678 0.16 0.376678
9 0.64 0.16 0.48
31 0.539046 0.16 0.379046
56 0.64 0.16 0.48
66 0.8 0.16 0.64
31 0.379046 0.16 0.219046
6 0.376678 0.16 0.216678
9 0.48 0.16 0.32
56 0.48 0.16 0.32
66 0.64 0.16 0.48
6 0.216678 0.16 0.0566783
9 0.32 0.16 0.16
56 0.32 0.16 0.16
66 0.48 0.16 0.32
100 0.8 0.16 0.64
9 0.238506 0.016 0.222506
56 0.236639 0.016 0.220639
66 0.395487 0.016 0.379487
9 0.222506 0.16 0.0625064
56 0.220639 0.16 0.0606393
66 0.379487 0.16 0.219487
100 0.711365 0.16 0.551365
66 0.219487 0.16 0.0594867
23 0.8 0.16 0.64
56 0.0606393 0.16 -0.0993607
100 0.551365 0.16 0.391365
23 0.71658 0.016 0.70058
56 0.0781894 0.016 0.0621894
100 0.469492 0.016 0.453492
100 0.453492 0.16 0.293492
23 0.70058 0.16 0.54058
56 0.0621894 0.16 -0.0978106
23 0.54058 0.16 0.38058
24 0.8 0.16 0.64
46 0.8 0.16 0.64
58 0.8 0.16 0.64
82 0.8 0.16 0.64
24 0.710218 0.016 0.694218
46 0.712681 0.016 0.696681
58 0.719334 0.016 0.703334
82 0.710549 0.016 0.694549
82 0.694549 0.16 0.534549
58 0.703334 0.16 0.543334
24 0.694218 0.16 0.534218
46 0.696681 0.16 0.536681
24 0.534218 0.16 0.374218
46 0.536681 0.16 0.376681
46 0.376681 0.16 0.216681
24 0.374218 0.16 0.214218
24 0.214218 0.16 0.054218
3 0.8 0.16 0.64
38 0.8 0.16 0.64
64 0.8 0.16 0.64
93 0.8 0.16 0.64
3 0.714307 0.016 0.698307
38 0.718639 0.016 0.702639
64 0.712324 0.016 0.696324
93 0.719625 0.016 0.703625
38 0.702639 0.16 0.542639
93 0.703625 0.16 0.543625
3 0.698307 0.16 0.538307
64 0.696324 0.16 0.536324
3 0.538307 0.16 0.378307
64 0.536324 0.16 0.376324
65 0.8 0.16 0.64
64 0.376324 0.16 0.216324
3 0.378307 0.16 0.218307
65 0.64 0.16 0.48
65 0.551476 0.016 0.535476
65 0.535476 0.16 0.375476
25 0.8 0.16 0.64
37 0.8 0.16 0.64
25 0.715235 0.016 0.699235
37 0.711384 0.016 0.695384
25 0.699235 0.16 0.539235
37 0.695384 0.16 0.535384
37 0.535384 0.16 0.375384
56 0.302685 0.16 0.142685
44 0.8 0.016 0.784
96 0.8 0.016 0.784
96 0.784 0.16 0.624
30 0.8 0.16 0.64
44 0.784 0.16 0.624
98 0.8 0.16 0.64
44 0.624 0.16 0.464
56 0.220217 0.16 0.0602174
30 0.719451 0.016 0.703451
98 0.71448 0.016 0.69848
30 0.703451 0.16 0.543451
98 0.69848 0.16 0.53848
8 0.8 0.16 0.64
40 0.8 0.16 0.64
8 0.64 0.16 0.48
8 0.557776 0.016 0.541776
40 0.715204 0.016 0.699204
8 0.541776 0.16 0.381776
40 0.699204 0.16 0.539204
71 0.8 0.016 0.784
71 0.784 0.16 0.624
42 0.8 0.16 0.64
42 0.714438 0.016 0.698438
42 0.698438 0.16 0.538438
19 0.8 0.16 0.64
19 0.711346 0.016 0.695346
41 0.8 0.016 0.784
45 0.8 0.016 0.784
19 0.695346 0.16 0.535346
41 0.784 0.16 0.624
32 0.8 0.16 0.64
45 0.784 0.16 0.624
85 0.8 0.16 0.64
32 0.64 0.16 0.48
45 0.624 0.16 0.464
85 0.64 0.16 0.48
86 0.8 0.16 0.64
45 0.464 0.16 0.304
32 0.48 0.16 0.32
85 0.48 0.16 0.32
86 0.64 0.16 0.48
32 0.393561 0.016 0.377561
85 0.3908 0.016 0.3748
86 0.553422 0.016 0.537422
32 0.377561 0.16 0.217561
18 0.8 0.16 0.64
85 0.3748 0.16 0.2148
86 0.537422 0.16 0.377422
85 0.2148 0.16 0.0547996
18 0.64 0.16 0.48
86 0.377422 0.16 0.217422
86 0.217422 0.16 0.0574217
18 0.48 0.16 0.32
18 0.392216 0.016 0.376216
18 0.376216 0.16 0.216216
52 0.8 0.016 0.784
52 0.784 0.16 0.624
87 0.8 0.16 0.64
87 0.716647 0.016 0.700647
87 0.700647 0.16 0.540647
2 0.8 0.16 0.64
2 0.713468 0.016 0.697468
75 0.8 0.016 0.784
2 0.697468 0.16 0.537468
75 0.784 0.16 0.624
75 0.624 0.16 0.464
70 0.8 0.016 0.784
70 0.784 0.16 0.624
84 0.8 0.16 0.64
84 0.716747 0.016 0.700747
84 0.700747 0.16 0.540747
7 0.8 0.016 0.784
7 0.784 0.16 0.624
76 0.8 0.16 0.64
76 0.716191 0.016 0.700191
76 0.700191 0.16 0.540191
33 0.8 0.016 0.784
33 0.784 0.16 0.624
53 0.8 0.016 0.784
53 0.784 0.16 0.624
