37 3511 1.14424
7 3512 1.14634
15 3513 1.1628
60 3514 1.16483
8 3515 1.16637
22 3517 1.19477
11 3518 1.21033
44 3519 1.24464
59 3521 1.29285
58 3522 1.32918
26 3523 1.33877
1 3524 1.36558
27 3526 1.40572
34 3527 1.41235
14 3528 1.42065
39 3529 1.4438
49 3530 1.4469
30 3531 1.44731
3 3534 1.60085
5 3535 1.61167
2 3536 1.62192
28 3537 1.65723
41 3539 1.7037
4 3541 1.82904
10 3543 1.9184
50 3544 1.95851
45 3546 1.98722
25 3547 2.01069
20 3548 2.03556
57 3549 2.06834
35 3551 2.09448
54 3552 2.12421
52 3554 2.1985
47 3555 2.20905
21 3556 2.23547
43 3557 2.24886
38 3558 2.27712
31 3560 2.3162
48 3561 2.33134
46 3562 2.33632
36 3563 2.35894
40 3564 2.36998
29 3566 2.39029
18 3567 2.39538
53 3569 2.49557
19 3570 2.52088
55 3571 2.54028
56 3572 2.55521
42 3573 2.56644
9 3575 2.60428
24 3576 2.60864
6 3577 2.6241
51 3578 2.65978
33 3580 2.72607
16 3581 2.75205
12 3583 2.85296
32 3584 2.87238
17 3586 2.895
23 3587 2.91306
13 3588 2.97313
