37 0.8 0.016 0.784
37 0.784 0.16 0.624
41 0.8 0.016 0.784
41 0.784 0.16 0.624
49 0.8 0.016 0.784
49 0.784 0.16 0.624
10 0.8 0.016 0.784
10 0.784 0.16 0.624
26 0.8 0.016 0.784
26 0.784 0.16 0.624
7 0.8 0.016 0.784
7 0.784 0.16 0.624
60 0.8 0.16 0.64
58 0.8 0.016 0.784
60 0.714299 0.016 0.698299
60 0.698299 0.16 0.538299
39 0.8 0.16 0.64
58 0.784 0.16 0.624
58 0.624 0.16 0.464
39 0.64 0.16 0.48
39 0.557364 0.016 0.541364
39 0.541364 0.16 0.381364
21 0.8 0.016 0.784
36 0.8 0.016 0.784
36 0.784 0.16 0.624
21 0.784 0.16 0.624
21 0.624 0.16 0.464
30 0.8 0.16 0.64
30 0.713991 0.016 0.697991
30 0.697991 0.16 0.537991
51 0.8 0.16 0.64
51 0.718412 0.016 0.702412
51 0.702412 0.16 0.542412
27 0.8 0.016 0.784
34 0.8 0.016 0.784
27 0.784 0.16 0.624
34 0.784 0.16 0.624
29 0.8 0.16 0.64
29 0.64 0.16 0.48
29 0.550222 0.016 0.534222
29 0.534222 0.16 0.374222
1 0.8 0.016 0.784
14 0.8 0.016 0.784
48 0.8 0.016 0.784
57 0.8 0.016 0.784
57 0.784 0.16 0.624
1 0.784 0.16 0.624
14 0.784 0.16 0.624
48 0.784 0.16 0.624
59 0.8 0.16 0.64
14 0.624 0.16 0.464
48 0.624 0.16 0.464
59 0.64 0.16 0.48
14 0.464 0.16 0.304
48 0.464 0.16 0.304
59 0.48 0.16 0.32
59 0.32 0.16 0.16
11 0.8 0.016 0.784
59 0.237992 0.016 0.221992
59 0.221992 0.16 0.0619918
11 0.784 0.16 0.624
11 0.624 0.16 0.464
5 0.8 0.16 0.64
20 0.8 0.16 0.64
47 0.8 0.16 0.64
5 0.713055 0.016 0.697055
20 0.715292 0.016 0.699292
47 0.714441 0.016 0.698441
5 0.697055 0.16 0.537055
47 0.698441 0.16 0.538441
20 0.699292 0.16 0.539292
20 0.539292 0.16 0.379292
20 0.379292 0.16 0.219292
31 0.8 0.016 0.784
31 0.784 0.16 0.624
2 0.8 0.16 0.64
17 0.8 0.16 0.64
2 0.711348 0.016 0.695348
17 0.713087 0.016 0.697087
17 0.697087 0.16 0.537087
2 0.695348 0.16 0.535348
4 0.8 0.16 0.64
4 0.714545 0.016 0.698545
4 0.698545 0.16 0.538545
13 0.8 0.16 0.64
18 0.8 0.16 0.64
13 0.71151 0.016 0.69551
18 0.717729 0.016 0.701729
18 0.701729 0.16 0.541729
13 0.69551 0.16 0.53551
13 0.53551 0.16 0.37551
33 0.8 0.16 0.64
23 0.8 0.016 0.784
33 0.711303 0.016 0.695303
23 0.784 0.16 0.624
33 0.695303 0.16 0.535303
28 0.8 0.16 0.64
28 0.64 0.16 0.48
28 0.559684 0.016 0.543684
28 0.543684 0.16 0.383684
22 0.8 0.16 0.64
22 0.710129 0.016 0.694129
22 0.694129 0.16 0.534129
8 0.8 0.16 0.64
9 0.8 0.16 0.64
25 0.8 0.16 0.64
50 0.8 0.16 0.64
8 0.713139 0.016 0.697139
9 0.713733 0.016 0.697733
25 0.713929 0.016 0.697929
25 0.697929 0.16 0.537929
6 0.8 0.16 0.64
8 0.697139 0.16 0.537139
9 0.697733 0.16 0.537733
50 0.717532 0.16 0.557532
9 0.537733 0.16 0.377733
8 0.537139 0.16 0.377139
50 0.557532 0.16 0.397532
6 0.64 0.16 0.48
50 0.397532 0.16 0.237532
6 0.559747 0.016 0.543747
50 0.308798 0.016 0.292798
50 0.292798 0.16 0.132798
6 0.543747 0.16 0.383747
6 0.383747 0.16 0.223747
15 0.8 0.016 0.784
15 0.784 0.16 0.624
38 0.8 0.16 0.64
38 0.715078 0.016 0.699078
38 0.699078 0.16 0.539078
19 0.8 0.16 0.64
19 0.71031 0.016 0.69431
19 0.69431 0.16 0.53431
53 0.8 0.016 0.784
53 0.784 0.16 0.624
32 0.8 0.016 0.784
32 0.784 0.16 0.624
24 0.8 0.16 0.64
43 0.8 0.16 0.64
24 0.712468 0.016 0.696468
43 0.715423 0.016 0.699423
24 0.696468 0.16 0.536468
43 0.699423 0.16 0.539423
44 0.8 0.016 0.784
44 0.784 0.16 0.624
45 0.8 0.16 0.64
45 0.788078 0.016 0.772078
45 0.772078 0.16 0.612078
16 0.8 0.016 0.784
55 0.8 0.016 0.784
16 0.784 0.16 0.624
55 0.784 0.16 0.624
55 0.624 0.16 0.464
46 0.8 0.016 0.784
46 0.784 0.16 0.624
3 0.8 0.016 0.784
56 0.8 0.016 0.784
3 0.784 0.16 0.624
56 0.784 0.16 0.624
56 0.624 0.16 0.464
40 0.8 0.016 0.784
40 0.784 0.16 0.624
35 0.8 0.016 0.784
42 0.8 0.016 0.784
54 0.8 0.016 0.784
42 0.784 0.16 0.624
35 0.784 0.16 0.624
54 0.784 0.16 0.624
35 0.624 0.16 0.464
54 0.624 0.16 0.464
54 0.464 0.16 0.304
12 0.8 0.016 0.784
52 0.8 0.016 0.784
12 0.784 0.16 0.624
52 0.784 0.16 0.624
52 0.624 0.16 0.464
