23 0.8 0.016 0.784
23 0.784 0.16 0.624
29 0.8 0.016 0.784
29 0.784 0.16 0.624
1 0.8 0.16 0.64
20 0.8 0.16 0.64
1 0.713629 0.016 0.697629
20 0.711439 0.016 0.695439
1 0.697629 0.16 0.537629
7 0.8 0.16 0.64
20 0.695439 0.16 0.535439
20 0.535439 0.16 0.375439
7 0.64 0.16 0.48
7 0.558312 0.016 0.542312
7 0.542312 0.16 0.382312
11 0.8 0.16 0.64
11 0.715969 0.016 0.699969
11 0.699969 0.16 0.539969
22 0.8 0.016 0.784
22 0.784 0.16 0.624
18 0.8 0.16 0.64
18 0.716264 0.016 0.700264
18 0.700264 0.16 0.540264
21 0.8 0.016 0.784
21 0.784 0.16 0.624
19 0.8 0.16 0.64
26 0.8 0.16 0.64
19 0.713376 0.016 0.697376
26 0.712211 0.016 0.696211
19 0.697376 0.16 0.537376
26 0.696211 0.16 0.536211
6 0.8 0.016 0.784
6 0.784 0.16 0.624
17 0.8 0.016 0.784
17 0.784 0.16 0.624
4 0.8 0.16 0.64
4 0.714195 0.016 0.698195
4 0.698195 0.16 0.538195
15 0.8 0.016 0.784
15 0.784 0.16 0.624
5 0.8 0.016 0.784
5 0.784 0.16 0.624
25 0.8 0.16 0.64
25 0.714444 0.016 0.698444
25 0.698444 0.16 0.538444
2 0.8 0.016 0.784
12 0.8 0.016 0.784
12 0.784 0.16 0.624
2 0.784 0.16 0.624
2 0.624 0.16 0.464
3 0.8 0.016 0.784
3 0.784 0.16 0.624
24 0.8 0.016 0.784
24 0.784 0.16 0.624
10 0.8 0.16 0.64
10 0.716944 0.016 0.700944
10 0.700944 0.16 0.540944
8 0.8 0.16 0.64
13 0.8 0.16 0.64
28 0.8 0.16 0.64
30 0.8 0.16 0.64
8 0.714792 0.016 0.698792
13 0.712156 0.016 0.696156
28 0.718752 0.016 0.702752
30 0.714307 0.016 0.698307
28 0.702752 0.16 0.542752
8 0.698792 0.16 0.538792
13 0.696156 0.16 0.536156
30 0.698307 0.16 0.538307
8 0.538792 0.16 0.378792
30 0.538307 0.16 0.378307
13 0.536156 0.16 0.376156
13 0.376156 0.16 0.216156
13 0.216156 0.16 0.056156
14 0.8 0.016 0.784
14 0.784 0.16 0.624
16 0.8 0.16 0.64
16 0.717252 0.016 0.701252
16 0.701252 0.16 0.541252
9 0.8 0.016 0.784
27 0.8 0.016 0.784
27 0.784 0.16 0.624
9 0.784 0.16 0.624
9 0.624 0.16 0.464
