12 3940 0 100 88867016 1.39157 1.39157
10 3954 0 100 154261872 1.49157 1.49157
67 3971 0 100 154268568 1.69157 1.69157
41 3947 0 100 121549874 1.79157 1.79157
40 3979 0 100 154244776 1.99157 1.99157
49 3973 0 100 154279920 1.99157 1.99157
61 3946 0 100 121562372 2.19157 2.19157
78 3955 0 100 154284208 2.29157 2.29157
59 3965 0 100 154246288 2.39157 2.39157
71 3978 0 100 56208696 2.49157 2.49157
4 3976 0 100 154292512 2.49157 2.49157
18 4015 0 100 88866592 2.59157 2.59157
27 4022 0 100 88863572 2.69157 2.69157
31 4028 0 100 88848120 2.79157 2.79157
38 4013 0 100 121538990 2.79157 2.79157
32 3952 0 100 154285984 2.79157 2.79157
45 3975 0 100 121533428 2.89157 2.89157
66 3950 0 100 154268496 2.89157 2.89157
47 4030 0 100 154299680 2.89157 2.89157
13 3960 0 100 121541198 2.99157 2.99157
52 4032 0 100 154244048 2.99157 2.99157
50 4000 0 100 154304056 2.99157 2.99157
65 4001 0 100 88870192 3.09157 3.09157
37 3966 0 100 88870288 3.09157 3.09157
33 3990 0 100 88864492 3.19157 3.19157
17 4010 0 100 56201306 3.39157 3.39157
7 3985 0 100 88856256 3.39157 3.39157
69 3948 0 100 88866056 3.39157 3.39157
23 4019 0 100 121566782 3.39157 3.39157
42 3999 0 100 121532690 3.59157 3.59157
70 4038 0 100 121535414 3.59157 3.59157
36 3991 0 100 121563638 3.59157 3.59157
5 3942 0 100 88872600 3.69157 3.69157
79 3994 0 100 154300080 3.79157 3.79157
34 4017 0 100 154258520 4.09157 4.09157
46 3941 0 100 121529138 4.19157 4.19157
29 3945 0 100 88859880 4.29157 4.29157
20 4014 0 100 121530170 4.39157 4.39157
22 3993 0 100 88868776 4.49157 4.49157
15 4011 0 100 121565678 4.49157 4.49157
54 3953 0 100 88860068 4.59157 4.59157
62 3997 0 100 121555118 4.59157 4.59157
16 4021 0 100 121574426 4.59157 4.59157
24 3995 0 100 154246848 4.59157 4.59157
58 4004 0 100 154288736 4.59157 4.59157
57 4035 0 100 121532336 4.79157 4.79157
44 3987 0 100 88860328 5.09157 5.09157
51 3964 0 100 154266800 5.39157 5.39157
19 3962 0 100 88864084 5.49157 5.49157
21 3969 0 100 121565672 5.49157 5.49157
28 3959 0 100 154249416 5.49157 5.49157
72 3970 0 100 88873232 5.79157 5.79157
75 3943 0 100 121555796 5.79157 5.79157
8 3958 0 100 154260392 5.79157 5.79157
9 3982 0 100 154306088 5.79157 5.79157
43 3977 0 100 154262792 5.89157 5.89157
56 3998 0 100 88848764 5.99157 5.99157
48 4008 0 100 88867020 5.99157 5.99157
39 3956 0 100 121551284 5.99157 5.99157
73 4020 0 100 56203738 6.09157 6.09157
55 3983 0 100 121544684 6.19157 6.19157
64 3967 0 100 121547552 6.19157 6.19157
60 4034 0 100 154279048 6.19157 6.19157
76 3980 0 100 154270544 6.29157 6.29157
77 3961 0 100 154257568 6.39157 6.39157
53 4005 0 100 154253896 6.59157 6.59157
35 4025 0 100 154296248 6.59157 6.59157
6 3986 0 100 121568498 6.89157 6.89157
14 4033 0 100 88858368 6.99157 6.99157
3 4016 0 100 88860016 6.99157 6.99157
2 3989 0 100 56197052 7.09157 7.09157
25 4009 0 100 121559438 7.19157 7.19157
26 4006 0 100 88862104 7.29157 7.29157
74 4037 0 100 121557392 7.29157 7.29157
1 4031 0 100 154244056 7.29157 7.29157
30 4027 0 100 154273208 7.29157 7.29157
68 4026 0 100 88872340 7.49157 7.49157
11 4024 0 100 121553750 7.79157 7.79157
