37 3511 0 100 154245960 1.47972 1.47972
41 3539 0 100 88845772 1.77972 1.77972
49 3530 0 100 154266992 1.87972 1.87972
10 3543 0 100 88854068 1.97972 1.97972
26 3523 0 100 121544246 2.07972 2.07972
7 3512 0 100 121572248 2.17972 2.17972
60 3514 0 100 88850200 2.27972 2.27972
58 3522 0 100 154291616 2.27972 2.27972
39 3529 0 100 154243904 2.37972 2.37972
36 3563 0 100 56205126 2.57972 2.57972
21 3556 0 100 154260552 2.57972 2.57972
30 3531 0 100 121553702 2.67972 2.67972
51 3578 0 100 88853088 2.77972 2.77972
27 3526 0 100 121545752 2.87972 2.87972
34 3527 0 100 121546454 2.87972 2.87972
29 3566 0 100 88847236 2.97972 2.97972
57 3549 0 100 88846632 3.17972 3.17972
1 3524 0 100 88871884 3.17972 3.17972
14 3528 0 100 121536794 3.17972 3.17972
48 3561 0 100 121550174 3.17972 3.17972
59 3521 0 100 88855544 3.27972 3.27972
11 3518 0 100 154253120 3.27972 3.27972
5 3535 0 100 121540178 3.37972 3.37972
47 3555 0 100 121546580 3.37972 3.37972
20 3548 0 100 154243192 3.37972 3.37972
31 3560 0 100 154250048 3.57972 3.57972
17 3586 0 100 121535372 3.67972 3.67972
2 3536 0 100 121545338 3.67972 3.67972
4 3541 0 100 121571462 3.77972 3.77972
18 3567 0 100 121538852 3.87972 3.87972
13 3588 0 100 154289280 3.87972 3.87972
23 3587 0 100 154274192 3.97972 3.97972
33 3580 0 100 154290528 3.97972 3.97972
28 3537 0 100 121559342 4.07972 4.07972
22 3517 0 100 154246288 4.17972 4.17972
25 3547 0 100 121528604 4.27972 4.27972
9 3575 0 100 154245912 4.27972 4.27972
8 3515 0 100 154273392 4.27972 4.27972
50 3544 0 100 88866268 4.37972 4.37972
6 3577 0 100 154243984 4.37972 4.37972
15 3513 0 100 88861944 4.57972 4.57972
38 3558 0 100 88860592 4.67972 4.67972
19 3570 0 100 88872904 4.77972 4.77972
53 3569 0 100 121538666 4.97972 4.97972
32 3584 0 100 121533536 5.57972 5.57972
24 3576 0 100 88851124 5.67972 5.67972
43 3557 0 100 88874852 5.67972 5.67972
44 3519 0 100 154306248 5.77972 5.77972
45 3546 0 100 56197580 5.97972 5.97972
16 3581 0 100 121548746 6.07972 6.07972
55 3571 0 100 154246672 6.07972 6.07972
46 3562 0 100 121573400 6.37972 6.37972
3 3534 0 100 88874720 6.67972 6.67972
56 3572 0 100 154302888 6.67972 6.67972
40 3564 0 100 121532678 6.87972 6.87972
42 3573 0 100 88861088 7.07972 7.07972
35 3551 0 100 121551236 7.07972 7.07972
54 3552 0 100 154280880 7.07972 7.07972
12 3583 0 100 121571150 7.27972 7.27972
52 3554 0 100 154273408 7.27972 7.27972
