74 4170 1.01043
75 4171 1.01488
5 4172 1.0729
66 4173 1.08344
61 4175 1.12572
12 4176 1.12662
14 4177 1.13425
85 4178 1.14546
57 4179 1.14639
37 4181 1.20534
90 4182 1.21356
68 4183 1.22302
48 4184 1.22462
4 4185 1.24425
71 4186 1.26273
87 4188 1.29415
88 4189 1.30441
46 4190 1.36844
83 4191 1.37032
34 4192 1.37983
78 4194 1.38907
19 4195 1.39478
52 4196 1.41985
15 4197 1.46777
39 4199 1.5285
54 4200 1.53723
77 4201 1.55859
59 4202 1.57092
72 4204 1.62064
3 4205 1.66727
10 4206 1.66738
65 4208 1.73653
27 4209 1.7369
76 4210 1.76019
81 4211 1.76636
67 4213 1.79489
45 4214 1.82874
50 4215 1.83066
20 4216 1.83686
43 4217 1.86753
41 4218 1.88165
86 4220 1.89314
47 4221 1.93472
24 4222 1.94792
56 4224 1.98433
21 4225 1.99964
35 4226 2.01928
17 4227 2.02576
89 4228 2.06875
58 4230 2.11075
22 4231 2.11187
33 4232 2.14273
63 4233 2.17395
70 4235 2.24771
44 4236 2.24937
62 4237 2.27269
60 4239 2.31458
82 4240 2.33349
9 4241 2.34313
16 4243 2.42199
1 4244 2.42761
7 4245 2.44815
2 4246 2.47761
53 4248 2.49868
69 4249 2.52315
30 4250 2.52953
26 4251 2.54157
23 4252 2.55052
32 4254 2.6099
80 4255 2.62188
73 4257 2.73129
29 4258 2.73648
84 4259 2.75206
18 4260 2.75493
25 4262 2.78511
28 4263 2.79186
79 4264 2.82457
31 4265 2.8324
42 4266 2.86295
40 4268 2.89455
55 4269 2.89913
13 4270 2.90065
49 4271 2.93779
8 4272 2.94291
64 4273 2.95877
51 4274 2.96419
11 4275 2.97518
6 4276 2.98235
36 4278 2.98395
38 4279 2.99726
