12 0.8 0.016 0.784
12 0.784 0.16 0.624
10 0.8 0.016 0.784
10 0.784 0.16 0.624
67 0.8 0.016 0.784
67 0.784 0.16 0.624
41 0.8 0.016 0.784
41 0.784 0.16 0.624
40 0.8 0.016 0.784
49 0.8 0.016 0.784
40 0.784 0.16 0.624
49 0.784 0.16 0.624
61 0.8 0.016 0.784
61 0.784 0.16 0.624
78 0.8 0.16 0.64
78 0.719004 0.016 0.703004
78 0.703004 0.16 0.543004
59 0.8 0.16 0.64
71 0.8 0.16 0.64
59 0.716596 0.016 0.700596
59 0.700596 0.16 0.540596
71 0.710842 0.16 0.550842
4 0.8 0.016 0.784
71 0.623326 0.016 0.607326
71 0.607326 0.16 0.447326
4 0.784 0.16 0.624
4 0.624 0.16 0.464
18 0.8 0.016 0.784
18 0.784 0.16 0.624
27 0.8 0.016 0.784
27 0.784 0.16 0.624
31 0.8 0.016 0.784
32 0.8 0.016 0.784
38 0.8 0.016 0.784
31 0.784 0.16 0.624
32 0.784 0.16 0.624
38 0.784 0.16 0.624
45 0.8 0.16 0.64
38 0.624 0.16 0.464
32 0.624 0.16 0.464
45 0.64 0.16 0.48
32 0.464 0.16 0.304
45 0.48 0.16 0.32
45 0.390677 0.016 0.374677
47 0.8 0.016 0.784
66 0.8 0.016 0.784
45 0.374677 0.16 0.214677
47 0.784 0.16 0.624
66 0.784 0.16 0.624
66 0.624 0.16 0.464
47 0.624 0.16 0.464
13 0.8 0.16 0.64
50 0.8 0.16 0.64
52 0.8 0.16 0.64
13 0.716742 0.016 0.700742
50 0.719788 0.016 0.703788
52 0.7192 0.016 0.7032
13 0.700742 0.16 0.540742
37 0.8 0.16 0.64
50 0.703788 0.16 0.543788
52 0.7032 0.16 0.5432
65 0.8 0.16 0.64
80 0.8 0.16 0.64
52 0.5432 0.16 0.3832
50 0.543788 0.16 0.383788
37 0.64 0.16 0.48
65 0.64 0.16 0.48
80 0.64 0.16 0.48
37 0.48 0.16 0.32
65 0.48 0.16 0.32
80 0.48 0.16 0.32
37 0.397025 0.016 0.381025
65 0.39767 0.016 0.38167
80 0.399732 0.016 0.383732
65 0.38167 0.16 0.22167
37 0.381025 0.16 0.221025
33 0.8 0.16 0.64
80 0.383732 0.16 0.223732
80 0.223732 0.16 0.063732
33 0.714646 0.016 0.698646
80 0.136007 0.016 0.120007
33 0.698646 0.16 0.538646
80 0.120007 0.16 -0.0399929
7 0.8 0.016 0.784
17 0.8 0.016 0.784
23 0.8 0.016 0.784
69 0.8 0.016 0.784
17 0.784 0.16 0.624
7 0.784 0.16 0.624
23 0.784 0.16 0.624
69 0.784 0.16 0.624
7 0.624 0.16 0.464
69 0.624 0.16 0.464
23 0.624 0.16 0.464
23 0.464 0.16 0.304
23 0.304 0.16 0.144
36 0.8 0.016 0.784
42 0.8 0.016 0.784
70 0.8 0.016 0.784
42 0.784 0.16 0.624
70 0.784 0.16 0.624
80 0.300436 0.16 0.140436
36 0.784 0.16 0.624
5 0.8 0.16 0.64
5 0.64 0.16 0.48
5 0.48 0.16 0.32
5 0.39327 0.016 0.37727
80 0.216711 0.16 0.0567112
5 0.37727 0.16 0.21727
79 0.8 0.016 0.784
79 0.784 0.16 0.624
34 0.8 0.016 0.784
34 0.784 0.16 0.624
46 0.8 0.16 0.64
46 0.718184 0.016 0.702184
46 0.702184 0.16 0.542184
29 0.8 0.16 0.64
29 0.717618 0.016 0.701618
29 0.701618 0.16 0.541618
20 0.8 0.16 0.64
20 0.715521 0.016 0.699521
20 0.699521 0.16 0.539521
15 0.8 0.016 0.784
22 0.8 0.016 0.784
22 0.784 0.16 0.624
15 0.784 0.16 0.624
16 0.8 0.16 0.64
54 0.8 0.16 0.64
62 0.8 0.16 0.64
15 0.624 0.16 0.464
16 0.64 0.16 0.48
54 0.64 0.16 0.48
16 0.554962 0.016 0.538962
24 0.8 0.016 0.784
54 0.557844 0.016 0.541844
58 0.8 0.016 0.784
62 0.715816 0.016 0.699816
54 0.541844 0.16 0.381844
16 0.538962 0.16 0.378962
24 0.784 0.16 0.624
58 0.784 0.16 0.624
62 0.699816 0.16 0.539816
63 0.8 0.16 0.64
62 0.539816 0.16 0.379816
16 0.378962 0.16 0.218962
24 0.624 0.16 0.464
58 0.624 0.16 0.464
63 0.64 0.16 0.48
24 0.464 0.16 0.304
58 0.464 0.16 0.304
63 0.48 0.16 0.32
24 0.304 0.16 0.144
58 0.304 0.16 0.144
63 0.32 0.16 0.16
63 0.16 0.16 -5.55112e-17
63 0.0738925 0.016 0.0578925
57 0.8 0.016 0.784
63 0.128956 0.016 0.112956
57 0.784 0.16 0.624
44 0.8 0.016 0.784
44 0.784 0.16 0.624
63 0.41223 0.16 0.25223
63 0.330071 0.16 0.170071
51 0.8 0.016 0.784
51 0.784 0.16 0.624
19 0.8 0.16 0.64
21 0.8 0.16 0.64
19 0.71189 0.016 0.69589
21 0.711257 0.016 0.695257
28 0.8 0.016 0.784
19 0.69589 0.16 0.53589
21 0.695257 0.16 0.535257
28 0.784 0.16 0.624
21 0.535257 0.16 0.375257
28 0.624 0.16 0.464
28 0.464 0.16 0.304
8 0.8 0.016 0.784
9 0.8 0.016 0.784
72 0.8 0.016 0.784
75 0.8 0.016 0.784
72 0.784 0.16 0.624
8 0.784 0.16 0.624
9 0.784 0.16 0.624
75 0.784 0.16 0.624
75 0.624 0.16 0.464
9 0.624 0.16 0.464
8 0.624 0.16 0.464
9 0.464 0.16 0.304
43 0.8 0.16 0.64
43 0.64 0.16 0.48
43 0.556257 0.016 0.540257
43 0.540257 0.16 0.380257
39 0.8 0.16 0.64
48 0.8 0.16 0.64
56 0.8 0.16 0.64
39 0.716858 0.016 0.700858
48 0.718082 0.016 0.702082
56 0.719685 0.016 0.703685
56 0.703685 0.16 0.543685
48 0.702082 0.16 0.542082
39 0.700858 0.16 0.540858
73 0.8 0.16 0.64
39 0.540858 0.16 0.380858
73 0.64 0.16 0.48
39 0.380858 0.16 0.220858
73 0.48 0.16 0.32
73 0.395293 0.016 0.379293
73 0.379293 0.16 0.219293
55 0.8 0.016 0.784
60 0.8 0.016 0.784
64 0.8 0.016 0.784
55 0.784 0.16 0.624
64 0.784 0.16 0.624
60 0.784 0.16 0.624
76 0.8 0.16 0.64
60 0.624 0.16 0.464
76 0.64 0.16 0.48
60 0.464 0.16 0.304
76 0.48 0.16 0.32
76 0.390968 0.016 0.374968
76 0.374968 0.16 0.214968
77 0.8 0.016 0.784
77 0.784 0.16 0.624
35 0.8 0.016 0.784
53 0.8 0.016 0.784
53 0.784 0.16 0.624
35 0.784 0.16 0.624
6 0.8 0.016 0.784
6 0.784 0.16 0.624
3 0.8 0.016 0.784
14 0.8 0.016 0.784
14 0.784 0.16 0.624
3 0.784 0.16 0.624
2 0.8 0.16 0.64
2 0.64 0.16 0.48
2 0.552539 0.016 0.536539
2 0.536539 0.16 0.376539
25 0.8 0.016 0.784
25 0.784 0.16 0.624
1 0.8 0.16 0.64
26 0.8 0.16 0.64
74 0.8 0.16 0.64
1 0.715685 0.016 0.699685
26 0.71654 0.016 0.70054
30 0.8 0.016 0.784
74 0.717487 0.016 0.701487
26 0.70054 0.16 0.54054
1 0.699685 0.16 0.539685
30 0.784 0.16 0.624
74 0.701487 0.16 0.541487
74 0.541487 0.16 0.381487
1 0.539685 0.16 0.379685
30 0.624 0.16 0.464
1 0.379685 0.16 0.219685
30 0.464 0.16 0.304
68 0.8 0.016 0.784
68 0.784 0.16 0.624
11 0.8 0.016 0.784
11 0.784 0.16 0.624
