14 3120 1.00969
29 3121 1.03777
9 3123 1.11167
37 3124 1.18049
2 3126 1.2603
30 3128 1.30996
25 3129 1.31832
10 3130 1.33722
12 3131 1.34734
36 3133 1.40004
33 3135 1.49826
26 3136 1.49917
5 3137 1.50136
20 3138 1.55157
21 3142 1.82578
19 3143 1.86245
13 3144 1.87673
18 3146 1.94732
38 3148 2.0583
4 3149 2.06101
23 3151 2.08775
15 3152 2.15022
27 3153 2.16765
8 3154 2.16905
17 3155 2.17151
11 3156 2.18066
7 3159 2.29322
34 3160 2.37673
16 3162 2.41437
31 3163 2.45285
24 3166 2.64327
32 3167 2.65894
22 3169 2.72207
3 3170 2.73139
28 3171 2.78293
1 3173 2.82441
39 3174 2.871
6 3176 2.89874
40 3177 2.92984
35 3178 2.96141
