12 3131 0 100 154263408 1.48393 1.48393
25 3129 0 100 88846464 2.38393 2.38393
8 3154 0 100 121549754 2.48393 2.48393
9 3123 0 100 88860588 2.58393 2.58393
16 3162 0 100 88870380 2.68393 2.68393
30 3128 0 100 154302504 2.68393 2.68393
14 3120 0 100 88873944 2.88393 2.88393
7 3159 0 100 154266944 2.88393 2.88393
6 3176 0 100 88850740 2.98393 2.98393
26 3136 0 100 154264872 2.98393 2.98393
33 3135 0 100 88872868 3.18393 3.18393
27 3153 0 100 154257864 3.18393 3.18393
18 3146 0 100 121566686 3.28393 3.28393
11 3156 0 100 88844448 3.38393 3.38393
31 3163 0 100 121554386 3.38393 3.38393
10 3130 0 100 121565168 3.78393 3.78393
19 3143 0 100 154276808 3.88393 3.88393
5 3137 0 100 121560722 4.08393 4.08393
13 3144 0 100 121532546 4.18393 4.18393
17 3155 0 100 121555544 4.28393 4.28393
28 3171 0 100 88850296 4.58393 4.58393
23 3151 0 100 88848292 4.68393 4.68393
3 3170 0 100 56197656 4.98393 4.98393
21 3142 0 100 121557566 5.08393 5.08393
38 3148 0 100 121568114 5.08393 5.08393
4 3149 0 100 154252448 5.38393 5.38393
35 3178 0 100 88853876 5.48393 5.48393
22 3169 0 100 88854004 5.48393 5.48393
1 3173 0 100 88845400 5.58393 5.58393
2 3126 0 100 56208108 5.68393 5.68393
32 3167 0 100 121543196 5.68393 5.68393
20 3138 0 100 121533110 5.78393 5.78393
40 3177 0 100 154262784 5.78393 5.78393
37 3124 0 100 56206846 5.88393 5.88393
36 3133 0 100 121559156 5.98393 5.98393
29 3121 0 100 121534730 6.08393 6.08393
34 3160 0 100 88875304 6.18393 6.18393
15 3152 0 100 88875620 6.48393 6.48393
39 3174 0 100 154254944 7.08393 7.08393
24 3166 0 100 154271400 7.58393 7.58393
