42 3310 1.04571
21 3311 1.04952
44 3313 1.09358
20 3315 1.23092
32 3316 1.2545
25 3318 1.2941
22 3319 1.33353
8 3320 1.36123
16 3322 1.39375
6 3323 1.39802
27 3324 1.42485
33 3326 1.5017
10 3327 1.54063
24 3328 1.54741
23 3330 1.58409
38 3331 1.59707
37 3332 1.62239
7 3333 1.63108
39 3334 1.64982
30 3335 1.677
29 3337 1.69015
43 3338 1.72597
41 3339 1.73702
18 3340 1.76343
13 3341 1.77433
9 3342 1.77635
50 3344 1.81097
1 3345 1.8185
36 3347 1.8898
3 3348 1.89439
2 3350 2.00735
45 3352 2.13063
31 3354 2.19576
47 3355 2.27861
4 3357 2.33754
40 3358 2.34222
17 3359 2.35148
49 3362 2.51046
34 3363 2.56731
35 3365 2.58381
11 3366 2.61022
15 3367 2.61255
12 3368 2.61436
28 3369 2.63521
5 3370 2.67637
19 3372 2.70105
48 3373 2.7263
26 3374 2.73375
14 3375 2.73826
46 3378 2.95011
