87 4188 0 100 88865948 1.38368 1.38368
54 4200 0 100 154253304 1.68368 1.68368
52 4196 0 100 154263864 1.68368 1.68368
85 4178 0 100 154244280 2.08368 2.08368
57 4179 0 100 154295168 2.08368 2.08368
34 4192 0 100 88869864 2.18368 2.18368
5 4172 0 100 154256688 2.18368 2.18368
83 4191 0 100 56202440 2.48368 2.48368
43 4217 0 100 88867140 2.48368 2.48368
16 4243 0 100 121533422 2.48368 2.48368
9 4241 0 100 56207736 2.58368 2.58368
53 4248 0 100 121557488 2.58368 2.58368
46 4190 0 100 88866752 2.88368 2.88368
21 4225 0 100 121538240 2.88368 2.88368
90 4182 0 100 56207936 2.98368 2.98368
33 4232 0 100 88868340 2.98368 2.98368
13 4270 0 100 121530080 2.98368 2.98368
3 4205 0 100 121557614 2.98368 2.98368
10 4206 0 100 121563296 3.08368 3.08368
18 4260 0 100 121566056 3.08368 3.08368
22 4231 0 100 154295512 3.08368 3.08368
84 4259 0 100 88865964 3.18368 3.18368
42 4266 0 100 154251088 3.18368 3.18368
89 4228 0 100 88874632 3.28368 3.28368
14 4177 0 100 154286032 3.28368 3.28368
24 4222 0 100 121545140 3.48368 3.48368
39 4199 0 100 154253480 3.48368 3.48368
37 4181 0 100 56207706 3.58368 3.58368
71 4186 0 100 154263408 3.68368 3.68368
65 4208 0 100 154265600 3.68368 3.68368
2 4246 0 100 121539512 3.78368 3.78368
61 4175 0 100 154281616 3.78368 3.78368
49 4271 0 100 121567826 3.98368 3.98368
50 4215 0 100 154270776 4.08368 4.08368
66 4173 0 100 88845832 4.18368 4.18368
47 4221 0 100 88854200 4.18368 4.18368
76 4210 0 100 154249600 4.18368 4.18368
78 4194 0 100 121527464 4.28368 4.28368
48 4184 0 100 121565450 4.28368 4.28368
44 4236 0 100 154244824 4.38368 4.38368
19 4195 0 100 154254360 4.38368 4.38368
74 4170 0 100 154251032 4.48368 4.48368
41 4218 0 100 154273280 4.48368 4.48368
29 4258 0 100 121565294 4.68368 4.68368
27 4209 0 100 121566746 4.68368 4.68368
81 4211 0 100 121530320 4.78368 4.78368
6 4276 0 100 154302328 4.78368 4.78368
20 4216 0 100 154305728 4.88368 4.88368
15 4197 0 100 88845964 4.98368 4.98368
75 4171 0 100 88868072 5.08368 5.08368
56 4224 0 100 121546352 5.08368 5.08368
4 4185 0 100 154252736 5.28368 5.28368
45 4214 0 100 121568546 5.38368 5.38368
38 4279 0 100 56207754 5.48368 5.48368
31 4265 0 100 121554236 5.48368 5.48368
70 4235 0 100 154276952 5.48368 5.48368
17 4227 0 100 154271288 5.58368 5.58368
69 4249 0 100 88850840 5.68368 5.68368
30 4250 0 100 121572584 5.78368 5.78368
1 4244 0 100 154285192 5.78368 5.78368
82 4240 0 100 154292200 5.78368 5.78368
58 4230 0 100 121549442 5.88368 5.88368
12 4176 0 100 154262440 5.88368 5.88368
28 4263 0 100 88869640 5.98368 5.98368
8 4272 0 100 121548008 5.98368 5.98368
68 4183 0 100 88870008 6.18368 6.18368
35 4226 0 100 88868216 6.28368 6.28368
62 4237 0 100 121562606 6.28368 6.28368
77 4201 0 100 88871564 6.38368 6.38368
88 4189 0 100 121552646 6.38368 6.38368
32 4254 0 100 56207360 6.48368 6.48368
26 4251 0 100 88844260 6.58368 6.58368
63 4233 0 100 88861144 6.58368 6.58368
59 4202 0 100 88871820 6.68368 6.68368
73 4257 0 100 121529216 6.68368 6.68368
72 4204 0 100 88857012 6.78368 6.78368
60 4239 0 100 121527410 6.78368 6.78368
67 4213 0 100 121560206 6.78368 6.78368
25 4262 0 100 154285096 6.78368 6.78368
64 4273 0 100 121545146 6.98368 6.98368
80 4255 0 100 154249712 6.98368 6.98368
23 4252 0 100 154250152 7.18368 7.18368
11 4275 0 100 56195180 7.48368 7.48368
79 4264 0 100 154298912 7.48368 7.48368
40 4268 0 100 88869364 7.58368 7.58368
7 4245 0 100 121562480 7.58368 7.58368
36 4278 0 100 154294912 7.68368 7.68368
55 4269 0 100 121566524 7.78368 7.78368
51 4274 0 100 121552304 8.08368 8.08368
