0 4400
0 4401
0 4402
0 4403
0 4404
0 4405
0 4406
0 4407
0 4408
0 4409
0 4415
0 4422
73 4414
0 4426
0 4431
0 4435
0 4440
0 4445
27 4421
35 4411
0 4452
88 4428
0 4458
0 4463
0 4473
67 4469
0 4482
83 4436
0 4488
5 4424
55 4479
74 4417
61 4487
0 4492
81 4490
50 4443
17 4420
0 4497
28 4429
90 4449
0 4504
15 4438
13 4470
16 4468
49 4419
0 4508
62 4505
97 4477
29 4446
0 4514
57 4510
14 4498
1 4471
77 4455
0 4523
26 4481
69 4447
0 4527
54 4412
89 4453
0 4530
51 4464
79 4430
0 4531
79 4430
48 4434
68 4526
22 4483
4 4451
0 4532
21 4522
34 4519
12 4493
60 4433
0 4533
59 4410
0 4534
0 4535
10 4467
47 4444
94 4496
0 4536
43 4478
11 4427
63 4439
20 4513
0 4537
80 4489
43 4478
79 4430
0 4538
72 4525
91 4517
92 4448
36 4501
78 4441
0 4539
92 4448
95 4457
0 4540
39 4506
99 4442
31 4423
6 4432
0 4541
9 4529
66 4528
0 4542
100 4485
23 4416
0 4543
82 4520
58 4518
46 4484
24 4466
0 4544
38 4413
93 4515
64 4450
3 4491
0 4545
65 4437
0 4546
25 4465
37 4502
56 4486
0 4547
96 4454
44 4509
56 4486
0 4548
30 4476
98 4425
0 4549
8 4495
40 4524
0 4550
0 4551
0 4552
0 4553
71 4503
0 4554
42 4459
0 4555
19 4460
41 4462
45 4516
0 4556
32 4507
85 4494
86 4461
0 4557
18 4511
0 4558
52 4474
0 4559
87 4456
0 4560
2 4418
75 4512
0 4561
0 4562
0 4563
0 4564
0 4565
70 4499
0 4566
84 4480
0 4567
0 4568
7 4472
0 4569
76 4475
0 4570
33 4500
0 4571
0 4572
0 4573
0 4574
0 4575
53 4521
0 4576
0 4577
0 4578
0 4579
0 4580
0 4581
0 4582
0 4583
0 4584
0 4585
0 4586
0 4587
0 4588
0 4589
0 4590
0 4591
0 4592
0 4593
0 4594
0 4595
0 4596
0 4597
0 4598
0 4599
0 4600
0 4601
0 4602
0 4603
0 4604
0 4605
0 4606
0 4607
0 4608
0 4609
0 4610
0 4611
0 4612
0 4613
0 4614
0 4615
0 4616
0 4617
0 4618
0 4619
0 4620
0 4621
0 4622
0 4623
0 4624
0 4625
0 4626
0 4627
0 4628
0 4629
0 4630
0 4631
0 4632
0 4633
0 4634
0 4635
0 4636
0 4637
0 4638
0 4639
0 4640
0 4641
0 4642
0 4643
0 4644
0 4645
0 4646
0 4647
0 4648
0 4649
