23 2940 0 100 121529912 1.72877 1.72877
29 2956 0 100 154249672 2.62877 2.62877
1 2943 0 100 88861924 2.72877 2.72877
20 2959 0 100 121563314 2.72877 2.72877
7 2945 0 100 88875200 2.82877 2.82877
11 2961 0 100 88851704 2.92877 2.92877
22 2980 0 100 121556516 3.12877 3.12877
18 2975 0 100 154247248 3.22877 3.22877
21 2951 0 100 154251808 3.82877 3.82877
19 2949 0 100 154256656 3.92877 3.92877
26 2953 0 100 154270056 3.92877 3.92877
6 2942 0 100 121561862 4.22877 4.22877
17 2972 0 100 121557710 4.42877 4.42877
4 2981 0 100 56200302 4.52877 4.52877
15 2967 0 100 88874348 4.72877 4.72877
5 2947 0 100 121564442 5.32877 5.32877
25 2968 0 100 121540184 5.42877 5.42877
12 2963 0 100 88853108 5.82877 5.82877
2 2970 0 100 154306216 5.82877 5.82877
3 2948 0 100 121564292 6.12877 6.12877
24 2988 0 100 121571900 6.32877 6.32877
10 2985 0 100 121552358 6.42877 6.42877
28 2955 0 100 56206378 6.52877 6.52877
8 2982 0 100 88845040 6.52877 6.52877
30 2966 0 100 88861164 6.52877 6.52877
13 2957 0 100 121546850 6.52877 6.52877
14 2989 0 100 154283864 6.72877 6.72877
16 2986 0 100 121538210 6.82877 6.82877
27 2976 0 100 88873856 7.12877 7.12877
9 2984 0 100 121558550 7.12877 7.12877
