73 4414 0 100 154299856 1.16698 1.16698
27 4421 0 100 56204708 1.66698 1.66698
35 4411 0 100 154267624 1.66698 1.66698
88 4428 0 100 88865280 1.76698 1.76698
67 4469 0 100 56197848 2.06698 2.06698
83 4436 0 100 154287328 2.16698 2.16698
5 4424 0 100 88868444 2.26698 2.26698
55 4479 0 100 121545254 2.26698 2.26698
74 4417 0 100 121564202 2.26698 2.26698
61 4487 0 100 154277880 2.26698 2.26698
81 4490 0 100 121534916 2.36698 2.36698
50 4443 0 100 121547198 2.36698 2.36698
17 4420 0 100 121568816 2.36698 2.36698
28 4429 0 100 154256328 2.46698 2.46698
90 4449 0 100 154273744 2.46698 2.46698
15 4438 0 100 56201764 2.56698 2.56698
13 4470 0 100 56208648 2.56698 2.56698
16 4468 0 100 88874880 2.56698 2.56698
49 4419 0 100 154259376 2.56698 2.56698
62 4505 0 100 56199832 2.66698 2.66698
97 4477 0 100 154295456 2.66698 2.66698
29 4446 0 100 154305008 2.66698 2.66698
57 4510 0 100 121565552 2.76698 2.76698
14 4498 0 100 154250640 2.76698 2.76698
1 4471 0 100 154283536 2.76698 2.76698
77 4455 0 100 154287912 2.76698 2.76698
26 4481 0 100 121565024 2.86698 2.86698
69 4447 0 100 121568390 2.86698 2.86698
54 4412 0 100 56194154 2.96698 2.96698
89 4453 0 100 88855308 2.96698 2.96698
51 4464 0 100 121569230 3.06698 3.06698
48 4434 0 100 88855352 3.16698 3.16698
68 4526 0 100 121550480 3.16698 3.16698
22 4483 0 100 154275896 3.16698 3.16698
4 4451 0 100 154278888 3.16698 3.16698
21 4522 0 100 121546712 3.26698 3.26698
34 4519 0 100 121563782 3.26698 3.26698
12 4493 0 100 121569212 3.26698 3.26698
60 4433 0 100 154275880 3.26698 3.26698
59 4410 0 100 88865644 3.36698 3.36698
10 4467 0 100 121532588 3.56698 3.56698
47 4444 0 100 121569164 3.56698 3.56698
94 4496 0 100 154267896 3.56698 3.56698
11 4427 0 100 121544390 3.66698 3.66698
20 4513 0 100 154265320 3.66698 3.66698
80 4489 0 100 121565528 3.76698 3.76698
72 4525 0 100 56208508 3.86698 3.86698
91 4517 0 100 88852664 3.86698 3.86698
36 4501 0 100 154289600 3.86698 3.86698
78 4441 0 100 154300096 3.86698 3.86698
95 4457 0 100 154305904 3.96698 3.96698
39 4506 0 100 88859480 4.06698 4.06698
99 4442 0 100 88872796 4.06698 4.06698
31 4423 0 100 121547582 4.06698 4.06698
6 4432 0 100 154279200 4.06698 4.06698
9 4529 0 100 88874204 4.16698 4.16698
66 4528 0 100 154284808 4.16698 4.16698
100 4485 0 100 121536416 4.26698 4.26698
23 4416 0 100 154259256 4.26698 4.26698
82 4520 0 100 88846416 4.36698 4.36698
58 4518 0 100 88875936 4.36698 4.36698
46 4484 0 100 121537616 4.36698 4.36698
24 4466 0 100 154248960 4.36698 4.36698
38 4413 0 100 121534250 4.46698 4.46698
93 4515 0 100 121552994 4.46698 4.46698
64 4450 0 100 154274032 4.46698 4.46698
3 4491 0 100 154275800 4.46698 4.46698
65 4437 0 100 154291472 4.56698 4.56698
25 4465 0 100 56197512 4.66698 4.66698
37 4502 0 100 88868456 4.66698 4.66698
96 4454 0 100 88874472 4.76698 4.76698
44 4509 0 100 154271952 4.76698 4.76698
30 4476 0 100 121536560 4.86698 4.86698
98 4425 0 100 121559930 4.86698 4.86698
8 4495 0 100 121537286 4.96698 4.96698
40 4524 0 100 121571792 4.96698 4.96698
71 4503 0 100 88856176 5.36698 5.36698
42 4459 0 100 88868788 5.46698 5.46698
19 4460 0 100 121554212 5.56698 5.56698
41 4462 0 100 121573364 5.56698 5.56698
45 4516 0 100 154272040 5.56698 5.56698
32 4507 0 100 88871652 5.66698 5.66698
85 4494 0 100 121569206 5.66698 5.66698
86 4461 0 100 154247672 5.66698 5.66698
18 4511 0 100 121536332 5.76698 5.76698
52 4474 0 100 121571378 5.86698 5.86698
87 4456 0 100 121541738 5.96698 5.96698
2 4418 0 100 88864520 6.06698 6.06698
75 4512 0 100 154271208 6.06698 6.06698
70 4499 0 100 56201534 6.56698 6.56698
84 4480 0 100 121573778 6.66698 6.66698
7 4472 0 100 121558640 6.86698 6.86698
76 4475 0 100 88866380 6.96698 6.96698
33 4500 0 100 154245560 7.06698 7.06698
53 4521 0 100 88874396 7.56698 7.56698
