0 880
0 881
0 882
0 883
0 884
0 885
0 886
0 887
0 888
0 889
0 890
0 894
0 895
0 897
19 893
0 904
0 906
0 909
0 912
0 914
13 913
0 916
0 918
0 921
0 923
0 924
0 926
9 925
22 902
0 928
17 908
21 919
0 931
0 934
0 936
0 939
0 940
0 941
2 907
0 942
16 930
0 943
14 915
0 944
0 945
0 946
0 947
0 948
0 949
0 950
0 951
0 952
11 903
0 953
10 910
0 954
1 891
0 955
27 896
0 956
12 920
0 957
0 958
0 959
0 960
18 905
0 961
0 962
0 963
7 937
26 892
0 964
4 932
0 965
24 917
8 899
0 966
20 911
0 967
28 938
0 968
0 969
25 901
29 898
0 970
3 927
0 971
0 972
5 935
0 973
30 900
0 974
0 975
0 976
0 977
0 978
0 979
0 980
0 981
6 922
0 982
0 983
15 929
0 984
23 933
0 985
0 986
0 987
0 988
0 989
0 990
0 991
0 992
0 993
0 994
0 995
0 996
0 997
0 998
0 999
0 1000
0 1001
0 1002
0 1003
0 1004
0 1005
0 1006
0 1007
0 1008
0 1009
0 1010
0 1011
0 1012
0 1013
0 1014
0 1015
0 1016
0 1017
0 1018
0 1019
0 1020
0 1021
0 1022
0 1023
0 1024
0 1025
0 1026
0 1027
0 1028
0 1029
0 1030
0 1031
0 1032
0 1033
0 1034
0 1035
0 1036
0 1037
0 1038
0 1039
0 1040
0 1041
0 1042
0 1043
0 1044
0 1045
0 1046
0 1047
0 1048
0 1049
0 1050
0 1051
0 1052
0 1053
0 1054
0 1055
0 1056
0 1057
0 1058
0 1059
