11 0.8 0.016 0.784
11 0.784 0.16 0.624
12 0.8 0.016 0.784
12 0.784 0.16 0.624
7 0.8 0.016 0.784
17 0.8 0.016 0.784
17 0.784 0.16 0.624
7 0.784 0.16 0.624
2 0.8 0.016 0.784
2 0.784 0.16 0.624
15 0.8 0.016 0.784
15 0.784 0.16 0.624
5 0.8 0.016 0.784
6 0.8 0.016 0.784
6 0.784 0.16 0.624
5 0.784 0.16 0.624
1 0.8 0.16 0.64
1 0.64 0.16 0.48
1 0.558464 0.016 0.542464
1 0.542464 0.16 0.382464
8 0.8 0.016 0.784
8 0.784 0.16 0.624
18 0.8 0.16 0.64
18 0.717937 0.016 0.701937
18 0.701937 0.16 0.541937
9 0.8 0.016 0.784
9 0.784 0.16 0.624
20 0.8 0.016 0.784
20 0.784 0.16 0.624
16 0.8 0.016 0.784
16 0.784 0.16 0.624
10 0.8 0.016 0.784
19 0.8 0.016 0.784
10 0.784 0.16 0.624
19 0.784 0.16 0.624
13 0.8 0.016 0.784
13 0.784 0.16 0.624
3 0.8 0.16 0.64
3 0.716716 0.016 0.700716
3 0.700716 0.16 0.540716
4 0.8 0.016 0.784
4 0.784 0.16 0.624
14 0.8 0.016 0.784
14 0.784 0.16 0.624
