11 720 0 100 32647204 1.77946 1.77946
12 721 0 100 32651560 2.07946 2.07946
17 746 0 100 32669722 2.27946 2.27946
7 734 0 100 32632082 2.27946 2.27946
2 748 0 100 32678460 2.37946 2.37946
15 743 0 100 32663044 2.67946 2.67946
6 735 0 100 32665082 2.77946 2.77946
5 730 0 100 32672342 2.77946 2.77946
1 722 0 100 32670784 2.87946 2.87946
8 724 0 100 32660812 3.77946 3.77946
18 742 0 100 32643632 3.87946 3.87946
9 751 0 100 32640958 4.37946 4.37946
20 738 0 100 32652150 4.57946 4.57946
16 725 0 100 32680720 4.97946 4.97946
10 758 0 100 32664548 5.97946 5.97946
19 729 0 100 32673352 5.97946 5.97946
13 745 0 100 32634498 6.27946 6.27946
3 752 0 100 32645504 6.37946 6.37946
4 736 0 100 32666244 6.77946 6.77946
14 755 0 100 32667594 7.57946 7.57946
