29 1070 0 100 32659606 1.40322 1.40322
11 1081 0 100 32656524 1.50322 1.50322
12 1095 0 100 32639400 1.90322 1.90322
19 1097 0 100 32681648 2.10322 2.10322
27 1084 0 100 32669078 2.40322 2.40322
13 1077 0 100 32657220 2.40322 2.40322
38 1115 0 100 32657684 2.60322 2.60322
39 1078 0 100 32655942 2.70322 2.70322
16 1088 0 100 32631682 2.80322 2.80322
40 1090 0 100 32658420 2.90322 2.90322
36 1072 0 100 32636290 2.90322 2.90322
9 1110 0 100 32680854 3.20322 3.20322
10 1126 0 100 32650032 3.30322 3.30322
37 1112 0 100 32658950 3.30322 3.30322
33 1119 0 100 32660220 3.40322 3.40322
32 1075 0 100 32633214 3.50322 3.50322
22 1091 0 100 32630978 3.70322 3.70322
2 1123 0 100 32671610 3.80322 3.80322
17 1080 0 100 32671980 3.90322 3.90322
21 1093 0 100 32677426 3.90322 3.90322
6 1100 0 100 32676958 4.00322 4.00322
26 1122 0 100 32638644 4.20322 4.20322
8 1092 0 100 32659818 4.20322 4.20322
15 1118 0 100 32662056 4.40322 4.40322
34 1120 0 100 32665354 4.50322 4.50322
23 1099 0 100 32665024 4.60322 4.60322
3 1108 0 100 32677162 4.60322 4.60322
14 1086 0 100 32668692 4.70322 4.70322
28 1104 0 100 32657132 5.00322 5.00322
24 1129 0 100 32665138 5.00322 5.00322
4 1105 0 100 32675924 5.40322 5.40322
35 1125 0 100 32642196 5.50322 5.50322
7 1106 0 100 32637880 5.60322 5.60322
31 1128 0 100 32668518 5.70322 5.70322
25 1087 0 100 32669194 5.80322 5.80322
1 1102 0 100 32673708 6.00322 6.00322
30 1111 0 100 32662424 6.00322 6.00322
18 1116 0 100 32645644 6.20322 6.20322
20 1082 0 100 32658090 6.50322 6.50322
