31 1681 0 100 32656026 1.22122 1.22122
50 1680 0 100 32677666 1.22122 1.22122
46 1690 0 100 32632036 1.42122 1.42122
66 1694 0 100 32676142 1.72122 1.72122
15 1674 0 100 32666828 1.82122 1.82122
16 1675 0 100 32679600 1.92122 1.92122
12 1685 0 100 32656074 2.02122 2.02122
29 1670 0 100 32661258 2.12122 2.12122
34 1698 0 100 32666742 2.22122 2.22122
10 1672 0 100 32667912 2.22122 2.22122
27 1710 0 100 32642590 2.22122 2.22122
41 1679 0 100 32663394 2.32122 2.32122
20 1676 0 100 32679442 2.42122 2.42122
6 1730 0 100 32661492 2.52122 2.52122
2 1723 0 100 32633672 2.62122 2.62122
14 1719 0 100 32640012 2.72122 2.72122
68 1689 0 100 32682826 2.82122 2.82122
18 1752 0 100 32649252 2.92122 2.92122
62 1755 0 100 32669478 3.02122 3.02122
11 1684 0 100 32664466 3.02122 3.02122
42 1717 0 100 32659022 3.22122 3.22122
54 1748 0 100 32672210 3.22122 3.22122
4 1757 0 100 32653744 3.32122 3.32122
55 1758 0 100 32643790 3.32122 3.32122
21 1744 0 100 32641132 3.42122 3.42122
33 1726 0 100 32683118 3.52122 3.52122
48 1697 0 100 32657360 3.52122 3.52122
30 1750 0 100 32657446 3.82122 3.82122
67 1759 0 100 32665280 3.82122 3.82122
22 1745 0 100 32664832 3.82122 3.82122
69 1728 0 100 32627462 3.82122 3.82122
7 1704 0 100 32647472 3.92122 3.92122
26 1734 0 100 32645540 4.02122 4.02122
70 1703 0 100 32658122 4.32122 4.32122
61 1740 0 100 32642966 4.32122 4.32122
56 1724 0 100 32665932 4.42122 4.42122
43 1722 0 100 32656582 4.62122 4.62122
59 1753 0 100 32658328 4.72122 4.72122
28 1718 0 100 32680658 4.82122 4.82122
23 1709 0 100 32667380 4.82122 4.82122
58 1707 0 100 32644830 4.92122 4.92122
36 1691 0 100 32660156 4.92122 4.92122
60 1683 0 100 32632820 5.12122 5.12122
35 1742 0 100 32663152 5.32122 5.32122
25 1741 0 100 32673230 5.42122 5.42122
1 1673 0 100 32635592 5.62122 5.62122
65 1695 0 100 32643218 5.82122 5.82122
17 1678 0 100 32668446 5.92122 5.92122
40 1712 0 100 32657928 5.92122 5.92122
38 1702 0 100 32651106 6.02122 6.02122
49 1692 0 100 32669540 6.02122 6.02122
51 1736 0 100 32656952 6.02122 6.02122
37 1700 0 100 32671124 6.12122 6.12122
47 1688 0 100 32661446 6.12122 6.12122
39 1720 0 100 32629146 6.22122 6.22122
44 1738 0 100 32637746 6.42122 6.42122
52 1713 0 100 32661042 6.42122 6.42122
57 1711 0 100 32677884 6.52122 6.52122
53 1747 0 100 32651326 6.52122 6.52122
45 1727 0 100 32672324 6.82122 6.82122
5 1715 0 100 32681146 6.82122 6.82122
13 1706 0 100 32680182 6.92122 6.92122
8 1716 0 100 32639714 7.02122 7.02122
19 1731 0 100 32646084 7.22122 7.22122
64 1739 0 100 32629106 7.32122 7.32122
63 1735 0 100 32654642 7.42122 7.42122
32 1751 0 100 32664804 7.82122 7.82122
24 1756 0 100 32645484 8.02122 8.02122
