58 0.8 0.016 0.784
58 0.784 0.16 0.624
55 0.8 0.016 0.784
55 0.784 0.16 0.624
48 0.8 0.16 0.64
48 0.711885 0.016 0.695885
48 0.695885 0.16 0.535885
41 0.8 0.016 0.784
41 0.784 0.16 0.624
11 0.8 0.016 0.784
37 0.8 0.016 0.784
37 0.784 0.16 0.624
11 0.784 0.16 0.624
10 0.8 0.16 0.64
10 0.64 0.16 0.48
10 0.550538 0.016 0.534538
10 0.534538 0.16 0.374538
60 0.8 0.16 0.64
60 0.711668 0.016 0.695668
60 0.695668 0.16 0.535668
21 0.8 0.16 0.64
24 0.8 0.16 0.64
21 0.713999 0.016 0.697999
24 0.716733 0.016 0.700733
21 0.697999 0.16 0.537999
24 0.700733 0.16 0.540733
23 0.8 0.16 0.64
23 0.64 0.16 0.48
23 0.555572 0.016 0.539572
28 0.8 0.016 0.784
44 0.8 0.016 0.784
44 0.784 0.16 0.624
23 0.539572 0.16 0.379572
28 0.784 0.16 0.624
45 0.8 0.16 0.64
45 0.64 0.16 0.48
45 0.556299 0.016 0.540299
45 0.540299 0.16 0.380299
31 0.8 0.16 0.64
36 0.8 0.16 0.64
31 0.718474 0.016 0.702474
36 0.710668 0.016 0.694668
36 0.694668 0.16 0.534668
31 0.702474 0.16 0.542474
35 0.8 0.016 0.784
49 0.8 0.016 0.784
35 0.784 0.16 0.624
49 0.784 0.16 0.624
9 0.8 0.016 0.784
9 0.784 0.16 0.624
16 0.8 0.016 0.784
16 0.784 0.16 0.624
39 0.8 0.016 0.784
40 0.8 0.016 0.784
39 0.784 0.16 0.624
40 0.784 0.16 0.624
6 0.8 0.16 0.64
6 0.64 0.16 0.48
6 0.556032 0.016 0.540032
6 0.540032 0.16 0.380032
2 0.8 0.016 0.784
22 0.8 0.016 0.784
32 0.8 0.016 0.784
2 0.784 0.16 0.624
22 0.784 0.16 0.624
32 0.784 0.16 0.624
33 0.8 0.16 0.64
52 0.8 0.16 0.64
33 0.791562 0.016 0.775562
38 0.8 0.016 0.784
52 0.787562 0.016 0.771562
52 0.771562 0.16 0.611562
38 0.784 0.16 0.624
33 0.775562 0.16 0.615562
4 0.8 0.16 0.64
4 0.714429 0.016 0.698429
4 0.698429 0.16 0.538429
56 0.8 0.16 0.64
30 0.8 0.016 0.784
56 0.718113 0.016 0.702113
30 0.784 0.16 0.624
56 0.702113 0.16 0.542113
54 0.8 0.016 0.784
54 0.784 0.16 0.624
5 0.8 0.016 0.784
46 0.8 0.016 0.784
5 0.784 0.16 0.624
46 0.784 0.16 0.624
29 0.8 0.016 0.784
29 0.784 0.16 0.624
7 0.8 0.16 0.64
7 0.714858 0.016 0.698858
7 0.698858 0.16 0.538858
42 0.8 0.016 0.784
42 0.784 0.16 0.624
13 0.8 0.16 0.64
43 0.8 0.16 0.64
13 0.714935 0.016 0.698935
18 0.8 0.016 0.784
43 0.711989 0.016 0.695989
53 0.8 0.016 0.784
18 0.784 0.16 0.624
43 0.695989 0.16 0.535989
13 0.698935 0.16 0.538935
53 0.784 0.16 0.624
1 0.8 0.16 0.64
1 0.64 0.16 0.48
1 0.48 0.16 0.32
1 0.397426 0.016 0.381426
1 0.381426 0.16 0.221426
17 0.8 0.016 0.784
47 0.8 0.016 0.784
51 0.8 0.016 0.784
51 0.784 0.16 0.624
17 0.784 0.16 0.624
47 0.784 0.16 0.624
26 0.8 0.016 0.784
26 0.784 0.16 0.624
8 0.8 0.16 0.64
25 0.8 0.16 0.64
8 0.71085 0.016 0.69485
8 0.69485 0.16 0.53485
25 0.715593 0.16 0.555593
3 0.8 0.016 0.784
25 0.629838 0.016 0.613838
50 0.8 0.016 0.784
25 0.613838 0.16 0.453838
50 0.784 0.16 0.624
3 0.784 0.16 0.624
57 0.8 0.16 0.64
57 0.64 0.16 0.48
57 0.553564 0.016 0.537564
57 0.537564 0.16 0.377564
15 0.8 0.16 0.64
15 0.716722 0.016 0.700722
15 0.700722 0.16 0.540722
14 0.8 0.16 0.64
59 0.8 0.16 0.64
14 0.712491 0.016 0.696491
34 0.8 0.016 0.784
59 0.712492 0.016 0.696492
59 0.696492 0.16 0.536492
14 0.696491 0.16 0.536491
34 0.784 0.16 0.624
12 0.8 0.16 0.64
19 0.8 0.16 0.64
19 0.64 0.16 0.48
12 0.64 0.16 0.48
19 0.48 0.16 0.32
12 0.555994 0.016 0.539994
19 0.391914 0.016 0.375914
12 0.539994 0.16 0.379994
19 0.375914 0.16 0.215914
20 0.8 0.016 0.784
20 0.784 0.16 0.624
27 0.8 0.016 0.784
27 0.784 0.16 0.624
