29 0.8 0.016 0.784
29 0.784 0.16 0.624
14 0.8 0.016 0.784
22 0.8 0.016 0.784
33 0.8 0.016 0.784
14 0.784 0.16 0.624
22 0.784 0.16 0.624
33 0.784 0.16 0.624
3 0.8 0.16 0.64
3 0.64 0.16 0.48
3 0.554381 0.016 0.538381
3 0.538381 0.16 0.378381
6 0.8 0.016 0.784
6 0.784 0.16 0.624
50 0.8 0.16 0.64
50 0.71377 0.016 0.69777
50 0.69777 0.16 0.53777
37 0.8 0.16 0.64
37 0.71349 0.016 0.69749
37 0.69749 0.16 0.53749
28 0.8 0.016 0.784
28 0.784 0.16 0.624
42 0.8 0.16 0.64
11 0.8 0.016 0.784
42 0.719098 0.016 0.703098
42 0.703098 0.16 0.543098
11 0.784 0.16 0.624
31 0.8 0.16 0.64
31 0.64 0.16 0.48
31 0.554378 0.016 0.538378
31 0.538378 0.16 0.378378
1 0.8 0.16 0.64
1 0.712562 0.016 0.696562
34 0.8 0.016 0.784
34 0.784 0.16 0.624
1 0.696562 0.16 0.536562
47 0.8 0.16 0.64
49 0.8 0.16 0.64
47 0.715095 0.016 0.699095
47 0.699095 0.16 0.539095
49 0.713688 0.16 0.553688
49 0.63198 0.016 0.61598
49 0.61598 0.16 0.45598
32 0.8 0.016 0.784
32 0.784 0.16 0.624
16 0.8 0.16 0.64
40 0.8 0.16 0.64
16 0.710145 0.016 0.694145
16 0.694145 0.16 0.534145
12 0.8 0.16 0.64
40 0.714985 0.16 0.554985
40 0.627399 0.016 0.611399
40 0.611399 0.16 0.451399
12 0.719576 0.16 0.559576
12 0.63153 0.016 0.61553
12 0.61553 0.16 0.45553
46 0.8 0.016 0.784
46 0.784 0.16 0.624
8 0.8 0.16 0.64
13 0.8 0.16 0.64
39 0.8 0.16 0.64
8 0.714782 0.016 0.698782
13 0.71727 0.016 0.70127
39 0.710907 0.016 0.694907
13 0.70127 0.16 0.54127
39 0.694907 0.16 0.534907
8 0.698782 0.16 0.538782
4 0.8 0.16 0.64
9 0.8 0.16 0.64
17 0.8 0.16 0.64
4 0.64 0.16 0.48
9 0.64 0.16 0.48
17 0.64 0.16 0.48
4 0.48 0.16 0.32
9 0.48 0.16 0.32
17 0.48 0.16 0.32
25 0.8 0.16 0.64
4 0.399275 0.016 0.383275
9 0.39963 0.016 0.38363
17 0.397491 0.016 0.381491
25 0.710779 0.016 0.694779
9 0.38363 0.16 0.22363
17 0.381491 0.16 0.221491
4 0.383275 0.16 0.223275
25 0.694779 0.16 0.534779
18 0.8 0.016 0.784
26 0.8 0.016 0.784
26 0.784 0.16 0.624
18 0.784 0.16 0.624
30 0.8 0.16 0.64
27 0.8 0.016 0.784
30 0.782774 0.016 0.766774
30 0.766774 0.16 0.606774
27 0.784 0.16 0.624
38 0.8 0.016 0.784
38 0.784 0.16 0.624
48 0.8 0.16 0.64
20 0.8 0.016 0.784
48 0.717432 0.016 0.701432
20 0.784 0.16 0.624
48 0.701432 0.16 0.541432
19 0.8 0.16 0.64
43 0.8 0.16 0.64
19 0.717443 0.016 0.701443
43 0.715745 0.016 0.699745
43 0.699745 0.16 0.539745
19 0.701443 0.16 0.541443
24 0.8 0.16 0.64
24 0.64 0.16 0.48
24 0.55547 0.016 0.53947
24 0.53947 0.16 0.37947
2 0.8 0.16 0.64
21 0.8 0.16 0.64
2 0.718744 0.016 0.702744
21 0.714328 0.016 0.698328
2 0.702744 0.16 0.542744
21 0.698328 0.16 0.538328
44 0.8 0.016 0.784
44 0.784 0.16 0.624
45 0.8 0.016 0.784
45 0.784 0.16 0.624
10 0.8 0.016 0.784
10 0.784 0.16 0.624
36 0.8 0.016 0.784
36 0.784 0.16 0.624
15 0.8 0.016 0.784
35 0.8 0.016 0.784
35 0.784 0.16 0.624
15 0.784 0.16 0.624
41 0.8 0.016 0.784
41 0.784 0.16 0.624
5 0.8 0.16 0.64
5 0.710767 0.016 0.694767
23 0.8 0.016 0.784
5 0.694767 0.16 0.534767
23 0.784 0.16 0.624
7 0.8 0.16 0.64
7 0.714633 0.016 0.698633
7 0.698633 0.16 0.538633
