0 1880
0 1881
0 1882
0 1883
0 1884
0 1885
0 1886
0 1887
0 1888
0 1889
0 1893
0 1898
46 1896
0 1905
25 1901
0 1911
0 1915
0 1918
0 1920
0 1923
59 1894
0 1927
0 1936
0 1943
0 1948
19 1892
0 1954
0 1959
58 1922
0 1962
13 1961
0 1968
17 1935
0 1969
21 1897
69 1937
0 1975
61 1912
40 1949
41 1934
0 1981
80 1940
0 1985
7 1890
2 1971
79 1944
0 1990
0 1991
33 1902
62 1956
0 1992
65 1899
0 1993
24 1931
72 1933
54 1921
29 1965
0 1994
77 1964
64 1973
0 1995
1 1960
31 1903
0 1996
15 1953
0 1997
0 1998
0 1999
5 1917
0 2000
23 1951
67 1907
0 2001
57 1976
36 1939
22 1916
49 1930
71 1908
0 2002
53 1910
56 1966
0 2003
26 1983
0 2004
0 2005
76 1978
0 2006
0 2007
0 2008
0 2009
42 1891
55 1900
0 2010
4 1909
68 1925
0 2011
0 2012
0 2013
66 1928
63 1986
0 2014
50 1945
16 1950
70 1963
0 2015
38 1906
30 1926
0 2016
37 1979
3 1984
0 2017
75 1941
28 1977
0 2018
27 1982
0 2019
34 1919
0 2020
35 1972
12 1895
60 1913
0 2021
6 1914
14 1942
0 2022
51 1974
0 2023
9 1952
8 1904
0 2024
43 1958
0 2025
0 2026
74 1929
44 1932
48 1947
0 2027
73 1955
0 2028
45 1924
0 2029
0 2030
11 1938
52 1967
18 1980
0 2031
20 1957
0 2032
78 1946
0 2033
0 2034
0 2035
47 1989
0 2036
32 1970
0 2037
39 1987
0 2038
0 2039
0 2040
10 1988
0 2041
0 2042
0 2043
0 2044
0 2045
0 2046
0 2047
0 2048
0 2049
0 2050
0 2051
0 2052
0 2053
0 2054
0 2055
0 2056
0 2057
0 2058
0 2059
0 2060
0 2061
0 2062
0 2063
0 2064
0 2065
0 2066
0 2067
0 2068
0 2069
0 2070
0 2071
0 2072
0 2073
0 2074
0 2075
0 2076
0 2077
0 2078
0 2079
0 2080
0 2081
0 2082
0 2083
0 2084
0 2085
0 2086
0 2087
0 2088
0 2089
0 2090
0 2091
0 2092
0 2093
0 2094
0 2095
0 2096
0 2097
0 2098
0 2099
0 2100
0 2101
0 2102
0 2103
0 2104
0 2105
0 2106
0 2107
0 2108
0 2109
