31 0.8 0.016 0.784
50 0.8 0.016 0.784
31 0.784 0.16 0.624
50 0.784 0.16 0.624
46 0.8 0.016 0.784
46 0.784 0.16 0.624
66 0.8 0.016 0.784
66 0.784 0.16 0.624
15 0.8 0.16 0.64
15 0.716353 0.016 0.700353
15 0.700353 0.16 0.540353
9 0.8 0.16 0.64
9 0.717669 0.016 0.701669
16 0.8 0.016 0.784
9 0.701669 0.16 0.541669
16 0.784 0.16 0.624
12 0.8 0.16 0.64
12 0.712003 0.016 0.696003
12 0.696003 0.16 0.536003
29 0.8 0.16 0.64
29 0.7141 0.016 0.6981
29 0.6981 0.16 0.5381
10 0.8 0.16 0.64
27 0.8 0.16 0.64
10 0.719966 0.016 0.703966
27 0.71153 0.016 0.69553
34 0.8 0.016 0.784
34 0.784 0.16 0.624
10 0.703966 0.16 0.543966
27 0.69553 0.16 0.53553
41 0.8 0.16 0.64
41 0.711907 0.016 0.695907
41 0.695907 0.16 0.535907
20 0.8 0.16 0.64
20 0.716756 0.016 0.700756
20 0.700756 0.16 0.540756
2 0.8 0.16 0.64
6 0.8 0.16 0.64
6 0.717844 0.016 0.701844
6 0.701844 0.16 0.541844
2 0.710998 0.16 0.550998
2 0.63098 0.016 0.61498
2 0.61498 0.16 0.45498
14 0.8 0.16 0.64
14 0.71127 0.016 0.69527
14 0.69527 0.16 0.53527
68 0.8 0.016 0.784
68 0.784 0.16 0.624
18 0.8 0.016 0.784
18 0.784 0.16 0.624
3 0.8 0.016 0.784
11 0.8 0.016 0.784
62 0.8 0.016 0.784
62 0.784 0.16 0.624
3 0.784 0.16 0.624
11 0.784 0.16 0.624
24 0.8 0.16 0.64
42 0.8 0.016 0.784
54 0.8 0.016 0.784
42 0.784 0.16 0.624
54 0.784 0.16 0.624
55 0.8 0.16 0.64
4 0.8 0.16 0.64
55 0.64 0.16 0.48
4 0.711326 0.016 0.695326
55 0.559256 0.016 0.543256
4 0.695326 0.16 0.535326
55 0.543256 0.16 0.383256
21 0.8 0.16 0.64
21 0.710112 0.016 0.694112
21 0.694112 0.16 0.534112
48 0.8 0.16 0.64
33 0.8 0.016 0.784
48 0.716367 0.016 0.700367
33 0.784 0.16 0.624
48 0.700367 0.16 0.540367
22 0.8 0.016 0.784
30 0.8 0.016 0.784
67 0.8 0.016 0.784
69 0.8 0.016 0.784
30 0.784 0.16 0.624
67 0.784 0.16 0.624
22 0.784 0.16 0.624
69 0.784 0.16 0.624
7 0.8 0.16 0.64
7 0.64 0.16 0.48
7 0.48 0.16 0.32
7 0.393476 0.016 0.377476
7 0.377476 0.16 0.217476
26 0.8 0.16 0.64
26 0.719406 0.016 0.703406
26 0.703406 0.16 0.543406
61 0.8 0.016 0.784
70 0.8 0.016 0.784
70 0.784 0.16 0.624
61 0.784 0.16 0.624
56 0.8 0.016 0.784
56 0.784 0.16 0.624
43 0.8 0.016 0.784
43 0.784 0.16 0.624
59 0.8 0.16 0.64
59 0.711394 0.016 0.695394
59 0.695394 0.16 0.535394
23 0.8 0.16 0.64
23 0.715922 0.016 0.699922
28 0.8 0.016 0.784
28 0.784 0.16 0.624
23 0.699922 0.16 0.539922
36 0.8 0.16 0.64
58 0.8 0.16 0.64
58 0.64 0.16 0.48
36 0.71407 0.016 0.69807
58 0.55498 0.016 0.53898
58 0.53898 0.16 0.37898
36 0.69807 0.16 0.53807
60 0.8 0.016 0.784
60 0.784 0.16 0.624
35 0.8 0.016 0.784
35 0.784 0.16 0.624
25 0.8 0.016 0.784
25 0.784 0.16 0.624
1 0.8 0.16 0.64
1 0.789071 0.016 0.773071
1 0.773071 0.16 0.613071
65 0.8 0.016 0.784
65 0.784 0.16 0.624
17 0.8 0.016 0.784
40 0.8 0.016 0.784
17 0.784 0.16 0.624
40 0.784 0.16 0.624
49 0.8 0.16 0.64
38 0.8 0.16 0.64
49 0.64 0.16 0.48
51 0.8 0.16 0.64
38 0.717179 0.016 0.701179
49 0.556573 0.016 0.540573
51 0.719128 0.016 0.703128
38 0.701179 0.16 0.541179
49 0.540573 0.16 0.380573
51 0.703128 0.16 0.543128
37 0.8 0.16 0.64
47 0.8 0.16 0.64
37 0.64 0.16 0.48
47 0.64 0.16 0.48
37 0.556215 0.016 0.540215
47 0.554602 0.016 0.538602
37 0.540215 0.16 0.380215
47 0.538602 0.16 0.378602
39 0.8 0.16 0.64
39 0.64 0.16 0.48
39 0.557536 0.016 0.541536
39 0.541536 0.16 0.381536
44 0.8 0.016 0.784
52 0.8 0.016 0.784
44 0.784 0.16 0.624
52 0.784 0.16 0.624
53 0.8 0.16 0.64
57 0.8 0.16 0.64
53 0.71988 0.016 0.70388
57 0.711999 0.016 0.695999
57 0.695999 0.16 0.535999
53 0.70388 0.16 0.54388
5 0.8 0.016 0.784
45 0.8 0.016 0.784
45 0.784 0.16 0.624
5 0.784 0.16 0.624
8 0.8 0.16 0.64
13 0.8 0.16 0.64
13 0.71705 0.016 0.70105
13 0.70105 0.16 0.54105
8 0.714358 0.16 0.554358
8 0.634233 0.016 0.618233
8 0.618233 0.16 0.458233
19 0.8 0.016 0.784
19 0.784 0.16 0.624
64 0.8 0.16 0.64
64 0.717212 0.016 0.701212
64 0.701212 0.16 0.541212
63 0.8 0.16 0.64
63 0.716505 0.016 0.700505
63 0.700505 0.16 0.540505
32 0.8 0.016 0.784
32 0.784 0.16 0.624
24 0.8 0.016 0.784
24 0.784 0.16 0.624
