0 2110
0 2111
0 2112
0 2113
0 2114
0 2115
0 2116
0 2117
0 2118
0 2119
0 2125
0 2129
0 2137
0 2142
0 2147
0 2148
0 2152
49 2126
0 2161
43 2158
0 2165
0 2171
0 2180
45 2132
87 2127
10 2156
0 2184
28 2181
46 2183
55 2121
80 2167
0 2187
0 2191
0 2195
0 2203
0 2209
84 2206
21 2163
30 2146
0 2215
4 2214
0 2224
0 2229
59 2216
61 2213
86 2205
0 2230
27 2196
0 2231
38 2225
39 2170
48 2120
0 2232
60 2207
0 2233
25 2175
24 2135
0 2234
1 2210
0 2235
0 2236
26 2155
73 2154
8 2188
0 2237
82 2136
88 2193
0 2238
58 2157
83 2151
5 2199
14 2150
0 2239
0 2240
11 2217
0 2241
66 2160
90 2182
56 2200
0 2242
3 2178
7 2173
0 2243
47 2144
72 2149
0 2244
0 2245
52 2202
33 2172
0 2246
50 2198
41 2124
0 2247
53 2164
15 2212
37 2143
34 2138
71 2169
76 2201
54 2139
0 2248
13 2220
36 2168
0 2249
0 2250
75 2226
0 2251
0 2252
35 2141
0 2253
16 2197
63 2130
74 2133
64 2218
0 2254
77 2128
0 2255
0 2256
62 2131
65 2123
70 2192
17 2122
0 2257
78 2189
0 2258
32 2228
0 2259
79 2140
0 2260
9 2211
23 2134
6 2185
0 2261
0 2262
40 2145
51 2153
22 2177
0 2263
85 2176
67 2186
0 2264
81 2223
0 2265
18 2222
57 2159
0 2266
20 2227
0 2267
68 2194
12 2190
0 2268
89 2166
2 2162
19 2221
0 2269
0 2270
31 2174
42 2179
69 2204
0 2271
0 2272
0 2273
0 2274
0 2275
29 2219
0 2276
44 2208
0 2277
0 2278
0 2279
0 2280
0 2281
0 2282
0 2283
0 2284
0 2285
0 2286
0 2287
0 2288
0 2289
0 2290
0 2291
0 2292
0 2293
0 2294
0 2295
0 2296
0 2297
0 2298
0 2299
0 2300
0 2301
0 2302
0 2303
0 2304
0 2305
0 2306
0 2307
0 2308
0 2309
0 2310
0 2311
0 2312
0 2313
0 2314
0 2315
0 2316
0 2317
0 2318
0 2319
0 2320
0 2321
0 2322
0 2323
0 2324
0 2325
0 2326
0 2327
0 2328
0 2329
0 2330
0 2331
0 2332
0 2333
0 2334
0 2335
0 2336
0 2337
0 2338
0 2339
0 2340
0 2341
0 2342
0 2343
0 2344
0 2345
0 2346
0 2347
0 2348
0 2349
