29 1070 1.00243
36 1072 1.00921
32 1075 1.25262
13 1077 1.36271
39 1078 1.37738
17 1080 1.43435
11 1081 1.43599
20 1082 1.4504
27 1084 1.58163
14 1086 1.6634
25 1087 1.67999
16 1088 1.68756
40 1090 1.76986
22 1091 1.78662
8 1092 1.78854
21 1093 1.79514
12 1095 1.86472
19 1097 1.99213
23 1099 2.00617
6 1100 2.02744
1 1102 2.17421
28 1104 2.2055
4 1105 2.21134
7 1106 2.21801
5 1107 2.23957
3 1108 2.26555
9 1110 2.3125
30 1111 2.36255
37 1112 2.39511
38 1115 2.51889
18 1116 2.54082
15 1118 2.62914
33 1119 2.65
34 1120 2.68555
26 1122 2.76819
2 1123 2.78832
35 1125 2.81854
10 1126 2.8669
31 1128 2.91901
24 1129 2.94734
