49 0.8 0.016 0.784
49 0.784 0.16 0.624
43 0.8 0.016 0.784
43 0.784 0.16 0.624
10 0.8 0.016 0.784
45 0.8 0.016 0.784
87 0.8 0.016 0.784
45 0.784 0.16 0.624
87 0.784 0.16 0.624
10 0.784 0.16 0.624
55 0.8 0.16 0.64
80 0.8 0.16 0.64
28 0.8 0.016 0.784
46 0.8 0.016 0.784
55 0.714992 0.016 0.698992
80 0.714815 0.016 0.698815
28 0.784 0.16 0.624
46 0.784 0.16 0.624
55 0.698992 0.16 0.538992
80 0.698815 0.16 0.538815
21 0.8 0.016 0.784
30 0.8 0.016 0.784
84 0.8 0.016 0.784
84 0.784 0.16 0.624
21 0.784 0.16 0.624
30 0.784 0.16 0.624
4 0.8 0.016 0.784
4 0.784 0.16 0.624
59 0.8 0.016 0.784
61 0.8 0.016 0.784
86 0.8 0.016 0.784
59 0.784 0.16 0.624
61 0.784 0.16 0.624
86 0.784 0.16 0.624
27 0.8 0.16 0.64
27 0.64 0.16 0.48
27 0.48 0.16 0.32
27 0.393336 0.016 0.377336
27 0.377336 0.16 0.217336
38 0.8 0.16 0.64
48 0.8 0.16 0.64
38 0.71815 0.016 0.70215
39 0.8 0.016 0.784
48 0.715651 0.016 0.699651
38 0.70215 0.16 0.54215
39 0.784 0.16 0.624
48 0.699651 0.16 0.539651
60 0.8 0.16 0.64
60 0.64 0.16 0.48
60 0.559506 0.016 0.543506
60 0.543506 0.16 0.383506
24 0.8 0.16 0.64
25 0.8 0.16 0.64
24 0.710022 0.016 0.694022
25 0.719033 0.016 0.703033
25 0.703033 0.16 0.543033
24 0.694022 0.16 0.534022
1 0.8 0.16 0.64
1 0.64 0.16 0.48
1 0.551222 0.016 0.535222
1 0.535222 0.16 0.375222
8 0.8 0.016 0.784
26 0.8 0.016 0.784
73 0.8 0.016 0.784
26 0.784 0.16 0.624
73 0.784 0.16 0.624
8 0.784 0.16 0.624
88 0.8 0.16 0.64
82 0.8 0.016 0.784
88 0.715752 0.016 0.699752
82 0.784 0.16 0.624
88 0.699752 0.16 0.539752
5 0.8 0.16 0.64
14 0.8 0.16 0.64
58 0.8 0.16 0.64
83 0.8 0.16 0.64
5 0.64 0.16 0.48
14 0.64 0.16 0.48
58 0.64 0.16 0.48
83 0.64 0.16 0.48
5 0.551612 0.016 0.535612
14 0.559513 0.016 0.543513
58 0.557133 0.016 0.541133
83 0.551678 0.016 0.535678
58 0.541133 0.16 0.381133
83 0.535678 0.16 0.375678
5 0.535612 0.16 0.375612
14 0.543513 0.16 0.383513
11 0.8 0.016 0.784
11 0.784 0.16 0.624
56 0.8 0.16 0.64
66 0.8 0.16 0.64
90 0.8 0.16 0.64
56 0.71896 0.016 0.70296
66 0.716941 0.016 0.700941
90 0.712614 0.016 0.696614
66 0.700941 0.16 0.540941
90 0.696614 0.16 0.536614
56 0.70296 0.16 0.54296
3 0.8 0.16 0.64
7 0.8 0.16 0.64
7 0.64 0.16 0.48
3 0.716359 0.016 0.700359
7 0.551066 0.016 0.535066
3 0.700359 0.16 0.540359
7 0.535066 0.16 0.375066
72 0.8 0.16 0.64
72 0.64 0.16 0.48
47 0.8 0.016 0.784
72 0.554516 0.016 0.538516
47 0.784 0.16 0.624
72 0.538516 0.16 0.378516
33 0.8 0.016 0.784
52 0.8 0.016 0.784
52 0.784 0.16 0.624
33 0.784 0.16 0.624
41 0.8 0.16 0.64
50 0.8 0.16 0.64
34 0.8 0.16 0.64
37 0.8 0.16 0.64
41 0.64 0.16 0.48
50 0.64 0.16 0.48
41 0.556263 0.016 0.540263
50 0.550927 0.016 0.534927
50 0.534927 0.16 0.374927
41 0.540263 0.16 0.380263
34 0.714538 0.16 0.554538
15 0.8 0.16 0.64
34 0.554538 0.16 0.394538
37 0.711098 0.16 0.551098
53 0.8 0.16 0.64
54 0.8 0.16 0.64
76 0.8 0.16 0.64
15 0.7123 0.016 0.6963
34 0.466907 0.016 0.450907
37 0.628644 0.016 0.612644
53 0.716947 0.016 0.700947
54 0.710151 0.016 0.694151
71 0.8 0.016 0.784
76 0.716717 0.016 0.700717
53 0.700947 0.16 0.540947
15 0.6963 0.16 0.5363
37 0.612644 0.16 0.452644
34 0.450907 0.16 0.290907
71 0.784 0.16 0.624
76 0.700717 0.16 0.540717
54 0.694151 0.16 0.534151
36 0.8 0.16 0.64
36 0.64 0.16 0.48
13 0.8 0.16 0.64
36 0.48 0.16 0.32
36 0.32 0.16 0.16
13 0.714354 0.016 0.698354
36 0.233464 0.016 0.217464
13 0.698354 0.16 0.538354
36 0.217464 0.16 0.0574637
75 0.8 0.016 0.784
75 0.784 0.16 0.624
35 0.8 0.016 0.784
35 0.784 0.16 0.624
16 0.8 0.16 0.64
64 0.8 0.16 0.64
74 0.8 0.16 0.64
16 0.714947 0.016 0.698947
63 0.8 0.016 0.784
64 0.712089 0.016 0.696089
74 0.71676 0.016 0.70076
16 0.698947 0.16 0.538947
63 0.784 0.16 0.624
74 0.70076 0.16 0.54076
64 0.696089 0.16 0.536089
77 0.8 0.16 0.64
77 0.64 0.16 0.48
77 0.48 0.16 0.32
77 0.32 0.16 0.16
77 0.232641 0.016 0.216641
77 0.216641 0.16 0.0566409
17 0.8 0.016 0.784
62 0.8 0.016 0.784
65 0.8 0.016 0.784
70 0.8 0.016 0.784
62 0.784 0.16 0.624
65 0.784 0.16 0.624
70 0.784 0.16 0.624
17 0.784 0.16 0.624
78 0.8 0.16 0.64
78 0.719204 0.016 0.703204
78 0.703204 0.16 0.543204
32 0.8 0.16 0.64
32 0.713183 0.016 0.697183
32 0.697183 0.16 0.537183
79 0.8 0.16 0.64
79 0.719415 0.016 0.703415
79 0.703415 0.16 0.543415
6 0.8 0.16 0.64
9 0.8 0.16 0.64
23 0.8 0.16 0.64
6 0.710787 0.016 0.694787
9 0.71038 0.016 0.69438
23 0.717679 0.016 0.701679
9 0.69438 0.16 0.53438
23 0.701679 0.16 0.541679
6 0.694787 0.16 0.534787
22 0.8 0.016 0.784
40 0.8 0.016 0.784
51 0.8 0.016 0.784
40 0.784 0.16 0.624
51 0.784 0.16 0.624
22 0.784 0.16 0.624
67 0.8 0.16 0.64
85 0.8 0.16 0.64
67 0.64 0.16 0.48
85 0.64 0.16 0.48
67 0.550297 0.016 0.534297
85 0.551987 0.016 0.535987
85 0.535987 0.16 0.375987
67 0.534297 0.16 0.374297
81 0.8 0.016 0.784
81 0.784 0.16 0.624
18 0.8 0.16 0.64
20 0.8 0.16 0.64
57 0.8 0.16 0.64
18 0.711816 0.016 0.695816
57 0.719395 0.016 0.703395
18 0.695816 0.16 0.535816
57 0.703395 0.16 0.543395
20 0.714839 0.16 0.554839
20 0.632398 0.016 0.616398
20 0.616398 0.16 0.456398
12 0.8 0.016 0.784
68 0.8 0.016 0.784
68 0.784 0.16 0.624
12 0.784 0.16 0.624
2 0.8 0.16 0.64
2 0.64 0.16 0.48
19 0.8 0.16 0.64
89 0.8 0.16 0.64
2 0.553287 0.016 0.537287
19 0.710187 0.016 0.694187
89 0.712465 0.016 0.696465
89 0.696465 0.16 0.536465
2 0.537287 0.16 0.377287
19 0.694187 0.16 0.534187
31 0.8 0.016 0.784
42 0.8 0.016 0.784
69 0.8 0.016 0.784
31 0.784 0.16 0.624
42 0.784 0.16 0.624
69 0.784 0.16 0.624
29 0.8 0.016 0.784
29 0.784 0.16 0.624
44 0.8 0.016 0.784
44 0.784 0.16 0.624
