66 2360 1.00851
48 2361 1.0091
97 2362 1.01818
34 2363 1.06768
63 2365 1.12535
3 2366 1.13569
37 2367 1.14107
85 2368 1.18351
32 2370 1.20566
67 2371 1.22988
23 2372 1.23934
25 2373 1.25595
21 2375 1.31566
6 2376 1.3421
27 2377 1.35021
36 2379 1.40759
61 2380 1.41195
30 2381 1.43357
95 2382 1.43718
38 2383 1.46558
31 2385 1.48441
96 2386 1.49478
70 2387 1.51113
39 2388 1.5322
9 2389 1.55099
40 2391 1.6138
80 2392 1.61644
57 2393 1.61988
62 2394 1.66407
68 2395 1.67905
93 2396 1.68039
89 2398 1.69162
28 2399 1.74305
58 2401 1.78503
22 2402 1.82319
72 2403 1.82642
54 2404 1.82738
56 2405 1.86633
55 2406 1.87204
5 2407 1.87248
94 2409 1.88614
49 2410 1.92173
29 2411 1.96394
16 2413 1.98683
20 2414 1.99614
45 2415 2.02915
47 2416 2.03945
86 2417 2.04485
33 2418 2.05011
18 2419 2.05793
74 2420 2.07796
84 2422 2.14717
77 2424 2.21568
87 2425 2.23435
69 2426 2.247
2 2427 2.26428
75 2428 2.27326
13 2430 2.29363
50 2431 2.31527
14 2432 2.32041
52 2433 2.32953
71 2434 2.33842
59 2435 2.33894
53 2436 2.34295
81 2437 2.34947
24 2438 2.37239
100 2440 2.39819
60 2441 2.39866
7 2442 2.40626
88 2443 2.43818
1 2444 2.4416
79 2445 2.45431
46 2446 2.4568
83 2447 2.46312
64 2448 2.46324
99 2450 2.53017
73 2451 2.55284
82 2452 2.56214
19 2453 2.56381
10 2454 2.58245
15 2456 2.58838
51 2457 2.64716
4 2458 2.66522
91 2459 2.67451
8 2461 2.68665
43 2462 2.6949
35 2463 2.75413
26 2464 2.76381
98 2465 2.77122
41 2466 2.77331
76 2467 2.77844
17 2468 2.77961
90 2470 2.81672
42 2471 2.83562
65 2472 2.84631
44 2473 2.84665
12 2474 2.88069
92 2476 2.88622
78 2477 2.91
11 2478 2.95011
