58 1488 0 100 32676524 1.83114 1.83114
55 1485 0 100 32671542 1.93114 1.93114
48 1478 0 100 32662950 2.03114 2.03114
41 1499 0 100 32651322 2.13114 2.13114
37 1487 0 100 32647884 2.53114 2.53114
11 1509 0 100 32630286 2.53114 2.53114
10 1505 0 100 32642518 2.63114 2.63114
60 1474 0 100 32626956 2.73114 2.73114
21 1476 0 100 32623780 2.83114 2.83114
24 1506 0 100 32650712 2.83114 2.83114
44 1489 0 100 32679468 2.93114 2.93114
23 1523 0 100 32633868 2.93114 2.93114
28 1503 0 100 32682158 2.93114 2.93114
45 1515 0 100 32667716 3.03114 3.03114
36 1484 0 100 32643004 3.13114 3.13114
31 1512 0 100 32666868 3.13114 3.13114
35 1465 0 100 32652474 3.33114 3.33114
49 1480 0 100 32645314 3.33114 3.33114
9 1462 0 100 32637002 3.63114 3.63114
16 1464 0 100 32659388 3.93114 3.93114
39 1508 0 100 32667558 4.23114 4.23114
40 1539 0 100 32667730 4.23114 4.23114
6 1477 0 100 32640726 4.33114 4.33114
2 1471 0 100 32660684 4.43114 4.43114
22 1461 0 100 32653034 4.43114 4.43114
32 1514 0 100 32676814 4.43114 4.43114
52 1483 0 100 32644904 4.63114 4.63114
38 1466 0 100 32675838 4.63114 4.63114
33 1513 0 100 32662602 4.63114 4.63114
4 1516 0 100 32668722 4.73114 4.73114
30 1519 0 100 32676356 4.83114 4.83114
56 1535 0 100 32648128 4.83114 4.83114
54 1531 0 100 32666508 5.03114 5.03114
5 1494 0 100 32623902 5.43114 5.43114
46 1533 0 100 32662712 5.43114 5.43114
29 1468 0 100 32657248 5.63114 5.63114
7 1528 0 100 32658138 5.73114 5.73114
42 1491 0 100 32667372 5.83114 5.83114
43 1492 0 100 32659772 5.93114 5.93114
13 1470 0 100 32636852 5.93114 5.93114
53 1473 0 100 32674638 5.93114 5.93114
1 1520 0 100 32664076 6.03114 6.03114
51 1524 0 100 32673042 6.13114 6.13114
17 1532 0 100 32656850 6.13114 6.13114
47 1529 0 100 32677266 6.13114 6.13114
26 1490 0 100 32679432 6.33114 6.33114
8 1472 0 100 32661168 6.43114 6.43114
50 1502 0 100 32675886 6.53114 6.53114
3 1481 0 100 32682652 6.53114 6.53114
57 1510 0 100 32667790 6.63114 6.63114
15 1517 0 100 32666054 6.73114 6.73114
59 1498 0 100 32660180 6.83114 6.83114
14 1534 0 100 32654542 6.83114 6.83114
34 1497 0 100 32666568 6.83114 6.83114
12 1501 0 100 32657002 6.93114 6.93114
19 1525 0 100 32642782 6.93114 6.93114
20 1522 0 100 32653830 7.23114 7.23114
27 1526 0 100 32656184 7.73114 7.73114
