63 0.8 0.016 0.784
63 0.784 0.16 0.624
66 0.8 0.016 0.784
66 0.784 0.16 0.624
28 0.8 0.016 0.784
28 0.784 0.16 0.624
68 0.8 0.016 0.784
68 0.784 0.16 0.624
93 0.8 0.016 0.784
93 0.784 0.16 0.624
32 0.8 0.16 0.64
32 0.71467 0.016 0.69867
87 0.8 0.016 0.784
32 0.69867 0.16 0.53867
87 0.784 0.16 0.624
9 0.8 0.16 0.64
9 0.712179 0.016 0.696179
9 0.696179 0.16 0.536179
39 0.8 0.16 0.64
50 0.8 0.16 0.64
77 0.8 0.16 0.64
39 0.719455 0.016 0.703455
50 0.714615 0.016 0.698615
77 0.715021 0.016 0.699021
50 0.698615 0.16 0.538615
39 0.703455 0.16 0.543455
77 0.699021 0.16 0.539021
45 0.8 0.16 0.64
45 0.716791 0.016 0.700791
45 0.700791 0.16 0.540791
46 0.8 0.16 0.64
46 0.714684 0.016 0.698684
58 0.8 0.016 0.784
46 0.698684 0.16 0.538684
58 0.784 0.16 0.624
5 0.8 0.16 0.64
25 0.8 0.16 0.64
5 0.64 0.16 0.48
25 0.64 0.16 0.48
98 0.8 0.16 0.64
5 0.556798 0.016 0.540798
12 0.8 0.016 0.784
25 0.551202 0.016 0.535202
44 0.8 0.016 0.784
98 0.715041 0.016 0.699041
12 0.784 0.16 0.624
98 0.699041 0.16 0.539041
25 0.535202 0.16 0.375202
44 0.784 0.16 0.624
5 0.540798 0.16 0.380798
14 0.8 0.16 0.64
11 0.8 0.016 0.784
14 0.719995 0.016 0.703995
14 0.703995 0.16 0.543995
11 0.784 0.16 0.624
55 0.8 0.16 0.64
69 0.8 0.16 0.64
55 0.71642 0.016 0.70042
69 0.713063 0.016 0.697063
69 0.697063 0.16 0.537063
55 0.70042 0.16 0.54042
40 0.8 0.016 0.784
54 0.8 0.016 0.784
94 0.8 0.016 0.784
96 0.8 0.016 0.784
54 0.784 0.16 0.624
94 0.784 0.16 0.624
40 0.784 0.16 0.624
96 0.784 0.16 0.624
3 0.8 0.16 0.64
73 0.8 0.16 0.64
3 0.64 0.16 0.48
3 0.48 0.16 0.32
73 0.64 0.16 0.48
3 0.39695 0.016 0.38095
73 0.555476 0.016 0.539476
3 0.38095 0.16 0.22095
73 0.539476 0.16 0.379476
95 0.8 0.16 0.64
95 0.64 0.16 0.48
95 0.55738 0.016 0.54138
95 0.54138 0.16 0.38138
6 0.8 0.16 0.64
70 0.8 0.16 0.64
81 0.8 0.16 0.64
6 0.712408 0.016 0.696408
70 0.715836 0.016 0.699836
81 0.719816 0.016 0.703816
6 0.696408 0.16 0.536408
81 0.703816 0.16 0.543816
70 0.699836 0.16 0.539836
16 0.8 0.16 0.64
24 0.8 0.16 0.64
99 0.8 0.16 0.64
100 0.8 0.16 0.64
24 0.64 0.16 0.48
99 0.64 0.16 0.48
100 0.64 0.16 0.48
24 0.48 0.16 0.32
99 0.48 0.16 0.32
100 0.48 0.16 0.32
16 0.716359 0.016 0.700359
24 0.393551 0.016 0.377551
99 0.391273 0.016 0.375273
100 0.393995 0.016 0.377995
100 0.377995 0.16 0.217995
24 0.377551 0.16 0.217551
99 0.375273 0.16 0.215273
16 0.700359 0.16 0.540359
60 0.8 0.16 0.64
60 0.64 0.16 0.48
61 0.8 0.16 0.64
97 0.8 0.16 0.64
22 0.8 0.16 0.64
60 0.48 0.16 0.32
61 0.64 0.16 0.48
97 0.64 0.16 0.48
22 0.710646 0.016 0.694646
60 0.394278 0.016 0.378278
61 0.55523 0.016 0.53923
97 0.557359 0.016 0.541359
97 0.541359 0.16 0.381359
61 0.53923 0.16 0.37923
22 0.694646 0.16 0.534646
60 0.378278 0.16 0.218278
34 0.8 0.16 0.64
52 0.8 0.16 0.64
83 0.8 0.16 0.64
84 0.8 0.16 0.64
34 0.71719 0.016 0.70119
36 0.8 0.016 0.784
83 0.717267 0.016 0.701267
36 0.784 0.16 0.624
34 0.70119 0.16 0.54119
83 0.701267 0.16 0.541267
52 0.717129 0.16 0.557129
65 0.8 0.16 0.64
84 0.714449 0.16 0.554449
52 0.557129 0.16 0.397129
65 0.64 0.16 0.48
84 0.554449 0.16 0.394449
52 0.397129 0.16 0.237129
65 0.48 0.16 0.32
84 0.394449 0.16 0.234449
52 0.307276 0.016 0.291276
65 0.395479 0.016 0.379479
84 0.306265 0.016 0.290265
84 0.290265 0.16 0.130265
65 0.379479 0.16 0.219479
52 0.291276 0.16 0.131276
57 0.8 0.016 0.784
57 0.784 0.16 0.624
15 0.8 0.16 0.64
67 0.8 0.16 0.64
15 0.713246 0.016 0.697246
67 0.719147 0.016 0.703147
67 0.703147 0.16 0.543147
15 0.697246 0.16 0.537246
72 0.8 0.16 0.64
49 0.8 0.16 0.64
72 0.64 0.16 0.48
49 0.716565 0.016 0.700565
72 0.55629 0.016 0.54029
49 0.700565 0.16 0.540565
72 0.54029 0.16 0.38029
62 0.8 0.016 0.784
62 0.784 0.16 0.624
79 0.8 0.16 0.64
89 0.8 0.16 0.64
79 0.715325 0.016 0.699325
89 0.710497 0.016 0.694497
89 0.694497 0.16 0.534497
79 0.699325 0.16 0.539325
23 0.8 0.16 0.64
23 0.64 0.16 0.48
23 0.558472 0.016 0.542472
23 0.542472 0.16 0.382472
13 0.8 0.16 0.64
13 0.715456 0.016 0.699456
13 0.699456 0.16 0.539456
17 0.8 0.16 0.64
17 0.719989 0.016 0.703989
43 0.8 0.016 0.784
88 0.8 0.016 0.784
88 0.784 0.16 0.624
43 0.784 0.16 0.624
17 0.703989 0.16 0.543989
30 0.8 0.16 0.64
30 0.64 0.16 0.48
30 0.48 0.16 0.32
30 0.393964 0.016 0.377964
30 0.377964 0.16 0.217964
35 0.8 0.016 0.784
35 0.784 0.16 0.624
37 0.8 0.016 0.784
48 0.8 0.016 0.784
85 0.8 0.016 0.784
86 0.8 0.016 0.784
85 0.784 0.16 0.624
86 0.784 0.16 0.624
37 0.784 0.16 0.624
48 0.784 0.16 0.624
10 0.8 0.016 0.784
26 0.8 0.016 0.784
27 0.8 0.016 0.784
90 0.8 0.016 0.784
27 0.784 0.16 0.624
10 0.784 0.16 0.624
26 0.784 0.16 0.624
90 0.784 0.16 0.624
91 0.8 0.16 0.64
91 0.64 0.16 0.48
91 0.48 0.16 0.32
7 0.8 0.016 0.784
91 0.39622 0.016 0.38022
91 0.38022 0.16 0.22022
7 0.784 0.16 0.624
1 0.8 0.16 0.64
74 0.8 0.16 0.64
1 0.716811 0.016 0.700811
74 0.711665 0.016 0.695665
74 0.695665 0.16 0.535665
1 0.700811 0.16 0.540811
4 0.8 0.16 0.64
33 0.8 0.16 0.64
42 0.8 0.16 0.64
78 0.8 0.16 0.64
4 0.64 0.16 0.48
33 0.64 0.16 0.48
42 0.64 0.16 0.48
78 0.64 0.16 0.48
4 0.558271 0.016 0.542271
33 0.554874 0.016 0.538874
42 0.557851 0.016 0.541851
78 0.550444 0.016 0.534444
78 0.534444 0.16 0.374444
4 0.542271 0.16 0.382271
42 0.541851 0.16 0.381851
33 0.538874 0.16 0.378874
76 0.8 0.016 0.784
76 0.784 0.16 0.624
31 0.8 0.016 0.784
51 0.8 0.016 0.784
71 0.8 0.016 0.784
51 0.784 0.16 0.624
31 0.784 0.16 0.624
71 0.784 0.16 0.624
21 0.8 0.16 0.64
38 0.8 0.16 0.64
21 0.64 0.16 0.48
38 0.64 0.16 0.48
21 0.48 0.16 0.32
38 0.48 0.16 0.32
21 0.391461 0.016 0.375461
38 0.39403 0.016 0.37803
38 0.37803 0.16 0.21803
21 0.375461 0.16 0.215461
19 0.8 0.016 0.784
47 0.8 0.016 0.784
47 0.784 0.16 0.624
19 0.784 0.16 0.624
80 0.8 0.016 0.784
80 0.784 0.16 0.624
18 0.8 0.16 0.64
29 0.8 0.16 0.64
41 0.8 0.16 0.64
56 0.8 0.16 0.64
82 0.8 0.16 0.64
18 0.710229 0.016 0.694229
29 0.71964 0.016 0.70364
41 0.711984 0.016 0.695984
82 0.710421 0.016 0.694421
41 0.695984 0.16 0.535984
29 0.70364 0.16 0.54364
82 0.694421 0.16 0.534421
18 0.694229 0.16 0.534229
53 0.8 0.16 0.64
56 0.7153 0.16 0.5553
53 0.64 0.16 0.48
56 0.5553 0.16 0.3953
53 0.48 0.16 0.32
56 0.3953 0.16 0.2353
53 0.32 0.16 0.16
56 0.2353 0.16 0.0752996
53 0.236092 0.016 0.220092
56 0.15182 0.016 0.13582
53 0.220092 0.16 0.0600919
56 0.13582 0.16 -0.0241795
92 0.8 0.016 0.784
92 0.784 0.16 0.624
20 0.8 0.16 0.64
20 0.715884 0.016 0.699884
20 0.699884 0.16 0.539884
8 0.8 0.16 0.64
75 0.8 0.16 0.64
2 0.8 0.016 0.784
8 0.713738 0.016 0.697738
75 0.716911 0.016 0.700911
2 0.784 0.16 0.624
75 0.700911 0.16 0.540911
8 0.697738 0.16 0.537738
59 0.8 0.16 0.64
59 0.64 0.16 0.48
59 0.551166 0.016 0.535166
59 0.535166 0.16 0.375166
56 0.37749 0.16 0.21749
64 0.8 0.16 0.64
64 0.716226 0.016 0.700226
64 0.700226 0.16 0.540226
