46 0.8 0.016 0.784
46 0.784 0.16 0.624
25 0.8 0.016 0.784
25 0.784 0.16 0.624
59 0.8 0.016 0.784
59 0.784 0.16 0.624
19 0.8 0.016 0.784
19 0.784 0.16 0.624
58 0.8 0.016 0.784
58 0.784 0.16 0.624
13 0.8 0.016 0.784
13 0.784 0.16 0.624
17 0.8 0.016 0.784
17 0.784 0.16 0.624
21 0.8 0.16 0.64
69 0.8 0.16 0.64
21 0.717143 0.016 0.701143
69 0.71336 0.016 0.69736
21 0.701143 0.16 0.541143
69 0.69736 0.16 0.53736
61 0.8 0.16 0.64
40 0.8 0.016 0.784
41 0.8 0.016 0.784
61 0.712256 0.016 0.696256
61 0.696256 0.16 0.536256
40 0.784 0.16 0.624
41 0.784 0.16 0.624
80 0.8 0.16 0.64
80 0.64 0.16 0.48
80 0.555716 0.016 0.539716
80 0.539716 0.16 0.379716
2 0.8 0.16 0.64
7 0.8 0.16 0.64
79 0.8 0.16 0.64
2 0.715652 0.016 0.699652
7 0.710491 0.016 0.694491
79 0.713553 0.016 0.697553
7 0.694491 0.16 0.534491
2 0.699652 0.16 0.539652
79 0.697553 0.16 0.537553
33 0.8 0.016 0.784
62 0.8 0.016 0.784
33 0.784 0.16 0.624
62 0.784 0.16 0.624
54 0.8 0.16 0.64
65 0.8 0.16 0.64
54 0.64 0.16 0.48
65 0.64 0.16 0.48
65 0.559569 0.016 0.543569
65 0.543569 0.16 0.383569
24 0.8 0.16 0.64
54 0.554314 0.16 0.394314
24 0.718825 0.016 0.702825
29 0.8 0.016 0.784
54 0.464378 0.016 0.448378
72 0.8 0.016 0.784
24 0.702825 0.16 0.542825
72 0.784 0.16 0.624
54 0.448378 0.16 0.288378
29 0.784 0.16 0.624
64 0.8 0.16 0.64
77 0.8 0.16 0.64
1 0.8 0.16 0.64
64 0.64 0.16 0.48
77 0.64 0.16 0.48
64 0.48 0.16 0.32
64 0.32 0.16 0.16
77 0.48 0.16 0.32
64 0.232891 0.016 0.216891
77 0.391963 0.016 0.375963
77 0.375963 0.16 0.215963
64 0.216891 0.16 0.056891
1 0.718911 0.16 0.558911
31 0.8 0.16 0.64
1 0.558911 0.16 0.398911
1 0.478407 0.016 0.462407
31 0.716185 0.016 0.700185
1 0.462407 0.16 0.302407
31 0.700185 0.16 0.540185
15 0.8 0.016 0.784
15 0.784 0.16 0.624
5 0.8 0.016 0.784
5 0.784 0.16 0.624
23 0.8 0.16 0.64
67 0.8 0.16 0.64
23 0.719659 0.016 0.703659
67 0.715074 0.016 0.699074
23 0.703659 0.16 0.543659
67 0.699074 0.16 0.539074
49 0.8 0.16 0.64
22 0.8 0.16 0.64
36 0.8 0.16 0.64
49 0.64 0.16 0.48
57 0.8 0.16 0.64
71 0.8 0.16 0.64
22 0.716749 0.016 0.700749
36 0.718757 0.016 0.702757
49 0.552702 0.016 0.536702
57 0.710817 0.016 0.694817
71 0.716032 0.016 0.700032
57 0.694817 0.16 0.534817
36 0.702757 0.16 0.542757
22 0.700749 0.16 0.540749
49 0.536702 0.16 0.376702
71 0.700032 0.16 0.540032
53 0.8 0.16 0.64
56 0.8 0.16 0.64
53 0.64 0.16 0.48
56 0.64 0.16 0.48
53 0.48 0.16 0.32
56 0.48 0.16 0.32
53 0.390603 0.016 0.374603
56 0.39541 0.016 0.37941
53 0.374603 0.16 0.214603
56 0.37941 0.16 0.21941
26 0.8 0.016 0.784
26 0.784 0.16 0.624
76 0.8 0.016 0.784
76 0.784 0.16 0.624
42 0.8 0.016 0.784
55 0.8 0.016 0.784
42 0.784 0.16 0.624
55 0.784 0.16 0.624
68 0.8 0.16 0.64
4 0.8 0.16 0.64
68 0.64 0.16 0.48
4 0.717923 0.016 0.701923
68 0.551567 0.016 0.535567
4 0.701923 0.16 0.541923
68 0.535567 0.16 0.375567
63 0.8 0.016 0.784
66 0.8 0.016 0.784
66 0.784 0.16 0.624
63 0.784 0.16 0.624
16 0.8 0.16 0.64
50 0.8 0.16 0.64
70 0.8 0.16 0.64
16 0.64 0.16 0.48
50 0.64 0.16 0.48
70 0.64 0.16 0.48
16 0.552432 0.016 0.536432
50 0.558307 0.016 0.542307
70 0.555906 0.016 0.539906
50 0.542307 0.16 0.382307
16 0.536432 0.16 0.376432
70 0.539906 0.16 0.379906
30 0.8 0.016 0.784
38 0.8 0.016 0.784
38 0.784 0.16 0.624
30 0.784 0.16 0.624
3 0.8 0.16 0.64
37 0.8 0.16 0.64
3 0.64 0.16 0.48
3 0.55641 0.016 0.54041
37 0.716013 0.016 0.700013
37 0.700013 0.16 0.540013
3 0.54041 0.16 0.38041
28 0.8 0.16 0.64
75 0.8 0.16 0.64
28 0.71597 0.016 0.69997
75 0.714669 0.016 0.698669
75 0.698669 0.16 0.538669
28 0.69997 0.16 0.53997
27 0.8 0.16 0.64
27 0.718432 0.016 0.702432
27 0.702432 0.16 0.542432
34 0.8 0.16 0.64
34 0.710705 0.016 0.694705
34 0.694705 0.16 0.534705
35 0.8 0.16 0.64
12 0.8 0.016 0.784
35 0.719735 0.016 0.703735
60 0.8 0.016 0.784
35 0.703735 0.16 0.543735
12 0.784 0.16 0.624
60 0.784 0.16 0.624
6 0.8 0.16 0.64
6 0.64 0.16 0.48
14 0.8 0.16 0.64
6 0.48 0.16 0.32
6 0.39795 0.016 0.38195
14 0.711553 0.016 0.695553
6 0.38195 0.16 0.22195
14 0.695553 0.16 0.535553
51 0.8 0.16 0.64
51 0.710364 0.016 0.694364
51 0.694364 0.16 0.534364
8 0.8 0.16 0.64
9 0.8 0.16 0.64
8 0.719466 0.016 0.703466
9 0.711937 0.016 0.695937
9 0.695937 0.16 0.535937
8 0.703466 0.16 0.543466
43 0.8 0.16 0.64
43 0.64 0.16 0.48
43 0.558919 0.016 0.542919
43 0.542919 0.16 0.382919
44 0.8 0.016 0.784
48 0.8 0.016 0.784
74 0.8 0.016 0.784
74 0.784 0.16 0.624
44 0.784 0.16 0.624
48 0.784 0.16 0.624
73 0.8 0.16 0.64
73 0.714128 0.016 0.698128
73 0.698128 0.16 0.538128
45 0.8 0.16 0.64
45 0.719745 0.016 0.703745
45 0.703745 0.16 0.543745
11 0.8 0.016 0.784
18 0.8 0.016 0.784
52 0.8 0.016 0.784
11 0.784 0.16 0.624
52 0.784 0.16 0.624
18 0.784 0.16 0.624
20 0.8 0.16 0.64
78 0.8 0.16 0.64
20 0.71055 0.016 0.69455
20 0.69455 0.16 0.53455
78 0.715317 0.16 0.555317
78 0.633883 0.016 0.617883
78 0.617883 0.16 0.457883
47 0.8 0.016 0.784
47 0.784 0.16 0.624
32 0.8 0.16 0.64
32 0.719909 0.016 0.703909
32 0.703909 0.16 0.543909
39 0.8 0.16 0.64
39 0.713176 0.016 0.697176
39 0.697176 0.16 0.537176
10 0.8 0.016 0.784
10 0.784 0.16 0.624
