29 0.8 0.016 0.784
29 0.784 0.16 0.624
11 0.8 0.016 0.784
11 0.784 0.16 0.624
12 0.8 0.016 0.784
12 0.784 0.16 0.624
19 0.8 0.016 0.784
19 0.784 0.16 0.624
13 0.8 0.016 0.784
27 0.8 0.016 0.784
27 0.784 0.16 0.624
13 0.784 0.16 0.624
38 0.8 0.016 0.784
38 0.784 0.16 0.624
39 0.8 0.016 0.784
39 0.784 0.16 0.624
16 0.8 0.16 0.64
16 0.713064 0.016 0.697064
16 0.697064 0.16 0.537064
36 0.8 0.16 0.64
40 0.8 0.16 0.64
36 0.719362 0.016 0.703362
40 0.710029 0.016 0.694029
40 0.694029 0.16 0.534029
36 0.703362 0.16 0.543362
9 0.8 0.016 0.784
9 0.784 0.16 0.624
10 0.8 0.16 0.64
37 0.8 0.16 0.64
10 0.715648 0.016 0.699648
37 0.710877 0.016 0.694877
10 0.699648 0.16 0.539648
37 0.694877 0.16 0.534877
33 0.8 0.16 0.64
33 0.715582 0.016 0.699582
33 0.699582 0.16 0.539582
32 0.8 0.16 0.64
32 0.71046 0.016 0.69446
32 0.69446 0.16 0.53446
22 0.8 0.016 0.784
22 0.784 0.16 0.624
2 0.8 0.016 0.784
2 0.784 0.16 0.624
17 0.8 0.16 0.64
17 0.718401 0.016 0.702401
21 0.8 0.016 0.784
17 0.702401 0.16 0.542401
21 0.784 0.16 0.624
6 0.8 0.16 0.64
6 0.716675 0.016 0.700675
6 0.700675 0.16 0.540675
26 0.8 0.16 0.64
8 0.8 0.016 0.784
26 0.789795 0.016 0.773795
26 0.773795 0.16 0.613795
8 0.784 0.16 0.624
15 0.8 0.016 0.784
15 0.784 0.16 0.624
34 0.8 0.16 0.64
34 0.710705 0.016 0.694705
34 0.694705 0.16 0.534705
23 0.8 0.16 0.64
3 0.8 0.016 0.784
23 0.716995 0.016 0.700995
23 0.700995 0.16 0.540995
3 0.784 0.16 0.624
14 0.8 0.16 0.64
14 0.64 0.16 0.48
14 0.551938 0.016 0.535938
14 0.535938 0.16 0.375938
24 0.8 0.016 0.784
28 0.8 0.016 0.784
28 0.784 0.16 0.624
24 0.784 0.16 0.624
4 0.8 0.016 0.784
4 0.784 0.16 0.624
35 0.8 0.16 0.64
35 0.716478 0.016 0.700478
35 0.700478 0.16 0.540478
7 0.8 0.16 0.64
5 0.8 0.016 0.784
7 0.716096 0.016 0.700096
5 0.784 0.16 0.624
7 0.700096 0.16 0.540096
31 0.8 0.16 0.64
31 0.716011 0.016 0.700011
31 0.700011 0.16 0.540011
25 0.8 0.16 0.64
25 0.714428 0.016 0.698428
25 0.698428 0.16 0.538428
1 0.8 0.016 0.784
30 0.8 0.016 0.784
1 0.784 0.16 0.624
30 0.784 0.16 0.624
18 0.8 0.016 0.784
18 0.784 0.16 0.624
20 0.8 0.016 0.784
20 0.784 0.16 0.624
