63 2365 0 100 32659878 1.28433 1.28433
66 2360 0 100 32670178 1.58433 1.58433
28 2399 0 100 32652746 1.78433 1.78433
68 2395 0 100 32651796 2.08433 2.08433
93 2396 0 100 32653514 2.28433 2.28433
32 2370 0 100 32632096 2.38433 2.38433
87 2425 0 100 32675238 2.38433 2.38433
9 2389 0 100 32661898 2.48433 2.48433
50 2431 0 100 32629006 2.58433 2.58433
77 2424 0 100 32659672 2.58433 2.58433
45 2415 0 100 32644686 2.68433 2.68433
46 2446 0 100 32655134 2.78433 2.78433
58 2401 0 100 32671758 2.78433 2.78433
12 2474 0 100 32650282 2.88433 2.88433
98 2465 0 100 32676224 2.88433 2.88433
25 2373 0 100 32675926 2.88433 2.88433
44 2473 0 100 32639242 2.88433 2.88433
5 2407 0 100 32639936 2.88433 2.88433
14 2432 0 100 32671528 2.98433 2.98433
11 2478 0 100 32679132 2.98433 2.98433
69 2426 0 100 32674772 3.08433 3.08433
55 2406 0 100 32681198 3.08433 3.08433
94 2409 0 100 32670070 3.28433 3.28433
40 2391 0 100 32652560 3.28433 3.28433
96 2386 0 100 32674372 3.28433 3.28433
3 2366 0 100 32658346 3.38433 3.38433
73 2451 0 100 32674554 3.38433 3.38433
95 2382 0 100 32652774 3.48433 3.48433
6 2376 0 100 32658384 3.58433 3.58433
81 2437 0 100 32654174 3.58433 3.58433
70 2387 0 100 32646718 3.58433 3.58433
100 2440 0 100 32660250 3.68433 3.68433
99 2450 0 100 32639286 3.68433 3.68433
16 2413 0 100 32668026 3.68433 3.68433
97 2362 0 100 32646226 3.78433 3.78433
61 2380 0 100 32648816 3.78433 3.78433
60 2441 0 100 32647120 3.78433 3.78433
36 2379 0 100 32680572 3.88433 3.88433
34 2363 0 100 32671140 3.88433 3.88433
83 2447 0 100 32666180 3.88433 3.88433
84 2422 0 100 32645914 3.98433 3.98433
65 2472 0 100 32641750 3.98433 3.98433
52 2433 0 100 32666322 3.98433 3.98433
57 2393 0 100 32672980 4.08433 4.08433
67 2371 0 100 32648586 4.18433 4.18433
15 2456 0 100 32664112 4.18433 4.18433
49 2410 0 100 32641542 4.28433 4.28433
72 2403 0 100 32643556 4.28433 4.28433
62 2394 0 100 32670296 4.38433 4.38433
89 2398 0 100 32680910 4.48433 4.48433
79 2445 0 100 32673292 4.48433 4.48433
23 2372 0 100 32649370 4.58433 4.58433
13 2430 0 100 32647112 4.68433 4.68433
88 2443 0 100 32672024 4.78433 4.78433
43 2462 0 100 32671112 4.78433 4.78433
17 2468 0 100 32638610 4.78433 4.78433
30 2381 0 100 32665606 4.88433 4.88433
35 2463 0 100 32675490 4.98433 4.98433
85 2368 0 100 32663680 5.38433 5.38433
86 2417 0 100 32669892 5.38433 5.38433
48 2361 0 100 32682634 5.38433 5.38433
27 2377 0 100 32624190 5.58433 5.58433
26 2464 0 100 32668592 5.58433 5.58433
90 2470 0 100 32636324 5.58433 5.58433
91 2459 0 100 32653256 5.68433 5.68433
7 2442 0 100 32665428 5.68433 5.68433
74 2420 0 100 32646220 5.78433 5.78433
1 2444 0 100 32666812 5.78433 5.78433
78 2477 0 100 32626178 5.88433 5.88433
4 2458 0 100 32629098 5.88433 5.88433
42 2471 0 100 32656566 5.88433 5.88433
33 2418 0 100 32637638 5.88433 5.88433
76 2467 0 100 32655060 5.98433 5.98433
51 2457 0 100 32667838 6.18433 6.18433
31 2385 0 100 32652274 6.18433 6.18433
71 2434 0 100 32666578 6.18433 6.18433
38 2383 0 100 32650196 6.28433 6.28433
21 2375 0 100 32654364 6.28433 6.28433
47 2416 0 100 32652996 6.48433 6.48433
19 2453 0 100 32627254 6.48433 6.48433
80 2392 0 100 32668608 6.68433 6.68433
41 2466 0 100 32679150 6.78433 6.78433
29 2411 0 100 32680828 6.78433 6.78433
82 2452 0 100 32670812 6.78433 6.78433
18 2419 0 100 32671498 6.78433 6.78433
53 2436 0 100 32662282 6.88433 6.88433
92 2476 0 100 32637446 7.08433 7.08433
20 2414 0 100 32634498 7.18433 7.18433
2 2427 0 100 32672528 7.28433 7.28433
75 2428 0 100 32631736 7.28433 7.28433
8 2461 0 100 32636786 7.28433 7.28433
59 2435 0 100 32641312 7.38433 7.38433
64 2448 0 100 32654922 7.48433 7.48433
