12 280 1.14737
4 281 1.16343
52 282 1.18904
69 283 1.23886
50 284 1.28326
33 285 1.29223
8 286 1.29518
34 287 1.29571
10 288 1.30643
58 289 1.32955
39 290 1.39498
30 291 1.4082
11 292 1.43376
35 293 1.44593
29 294 1.4491
27 295 1.44976
59 296 1.4719
22 297 1.4857
54 298 1.50281
72 299 1.51122
48 300 1.51427
5 301 1.51687
79 302 1.57518
16 303 1.5978
32 304 1.62339
15 305 1.65887
38 306 1.66769
80 307 1.69135
26 308 1.69225
66 309 1.70086
73 310 1.73241
21 311 1.73428
75 312 1.75857
70 313 1.79671
63 314 1.86357
62 315 1.87508
36 316 1.89216
68 317 1.96188
42 318 1.97781
24 319 1.99448
41 320 2.0661
18 321 2.07827
47 322 2.12305
78 323 2.13766
2 324 2.13894
1 325 2.14304
56 326 2.17592
77 327 2.1781
3 328 2.20307
46 329 2.22823
20 330 2.24716
44 331 2.25227
55 332 2.31028
23 333 2.32743
45 334 2.36127
13 335 2.39088
14 336 2.39221
17 337 2.4886
7 338 2.51659
43 339 2.52161
74 340 2.53665
64 341 2.53824
51 342 2.5385
31 343 2.67818
57 344 2.68388
61 345 2.70222
60 346 2.7195
71 347 2.72001
53 348 2.72793
28 349 2.76311
76 350 2.76563
67 351 2.76692
19 352 2.76936
40 353 2.78284
37 354 2.79763
65 355 2.89408
49 356 2.90697
9 357 2.91279
6 358 2.91968
25 359 2.95405
