85 360
16 361
39 362
36 363
46 364
50 365
4 366
12 367
63 368
22 369
55 370
68 371
56 372
29 373
82 374
27 375
62 376
76 377
75 378
21 379
78 380
57 381
69 382
73 383
90 384
80 385
33 386
28 387
58 388
74 389
2 390
59 391
38 392
30 393
65 394
48 395
11 396
18 397
31 398
44 399
17 400
10 401
71 402
19 403
52 404
9 405
1 406
64 407
77 408
88 409
61 410
34 411
40 412
51 413
35 414
60 415
43 416
41 417
23 418
7 419
37 420
72 421
25 422
13 423
87 424
53 425
26 426
83 427
89 428
5 429
32 430
47 431
45 432
15 433
84 434
54 435
3 436
79 437
66 438
70 439
42 440
49 441
20 442
6 443
67 444
81 445
86 446
24 447
8 448
14 449
