12 280
4 281
52 282
69 283
50 284
33 285
8 286
34 287
10 288
58 289
39 290
30 291
11 292
35 293
29 294
27 295
59 296
22 297
54 298
72 299
48 300
5 301
79 302
16 303
32 304
15 305
38 306
80 307
26 308
66 309
73 310
21 311
75 312
70 313
63 314
62 315
36 316
68 317
42 318
24 319
41 320
18 321
47 322
78 323
2 324
1 325
56 326
77 327
3 328
46 329
20 330
44 331
55 332
23 333
45 334
13 335
14 336
17 337
7 338
43 339
74 340
64 341
51 342
31 343
57 344
61 345
60 346
71 347
53 348
28 349
76 350
67 351
19 352
40 353
37 354
65 355
49 356
9 357
6 358
25 359
