92 450
20 451
64 452
76 453
78 454
89 455
22 456
94 457
82 458
21 459
9 460
45 461
99 462
2 463
4 464
34 465
79 466
43 467
58 468
6 469
23 470
33 471
32 472
36 473
44 474
55 475
90 476
53 477
84 478
93 479
51 480
30 481
67 482
77 483
41 484
69 485
86 486
98 487
47 488
37 489
48 490
54 491
91 492
80 493
11 494
75 495
27 496
62 497
29 498
95 499
40 500
63 501
31 502
42 503
28 504
25 505
17 506
61 507
50 508
46 509
7 510
81 511
85 512
13 513
24 514
70 515
14 516
49 517
60 518
26 519
12 520
8 521
59 522
10 523
56 524
88 525
18 526
15 527
100 528
16 529
74 530
35 531
52 532
71 533
19 534
57 535
96 536
38 537
73 538
68 539
72 540
97 541
66 542
65 543
87 544
83 545
3 546
1 547
5 548
39 549
