9 60 1.09504
20 61 1.1445
40 62 1.20085
3 63 1.2244
39 64 1.25823
6 65 1.34461
26 66 1.34795
7 67 1.38013
31 68 1.43593
34 69 1.49173
14 70 1.56053
37 71 1.59714
24 72 1.61234
28 73 1.72444
8 74 1.76834
32 75 1.81545
30 76 1.83797
21 77 1.93385
19 78 1.97904
16 79 2.16498
27 80 2.22142
29 81 2.31041
11 82 2.41309
2 83 2.44305
38 84 2.44683
23 85 2.45165
18 86 2.50169
13 87 2.53701
4 88 2.53868
17 89 2.57341
15 90 2.57462
5 91 2.62079
1 92 2.62848
25 93 2.63179
22 94 2.7099
10 95 2.77726
33 96 2.78811
35 97 2.80784
36 98 2.88245
12 99 2.9973
