0 4400
0 4401
0 4402
0 4403
0 4404
0 4405
0 4406
0 4407
0 4408
0 4409
0 4415
0 4422
0 4428
0 4435
0 4442
0 4447
97 4443
0 4451
94 4446
0 4458
100 4441
0 4465
0 4471
21 4412
41 4424
0 4475
57 4449
0 4481
0 4487
55 4418
42 4483
45 4423
0 4496
15 4421
64 4416
0 4502
93 4452
0 4509
0 4517
61 4434
1 4472
0 4520
95 4454
79 4459
0 4527
25 4525
91 4470
59 4507
0 4529
47 4430
32 4410
30 4518
0 4530
44 4485
0 4531
70 4411
76 4438
8 4494
0 4532
71 4462
7 4499
28 4464
0 4533
78 4491
85 4523
14 4420
0 4534
80 4414
81 4450
0 4535
52 4490
82 4448
0 4536
0 4537
18 4514
65 4477
20 4497
16 4495
0 4538
16 4495
20 4497
0 4539
11 4456
88 4425
0 4540
0 4541
39 4479
24 4504
5 4505
0 4542
50 4417
43 4440
58 4488
0 4543
38 4521
0 4544
49 4444
12 4508
84 4463
87 4413
0 4545
31 4493
67 4522
73 4437
0 4546
29 4427
0 4547
54 4432
3 4528
2 4478
0 4548
2 4478
77 4419
74 4511
0 4549
75 4461
0 4550
26 4468
69 4467
9 4429
0 4551
26 4468
0 4552
48 4466
0 4553
0 4554
23 4476
72 4433
2 4478
0 4555
10 4492
40 4469
6 4513
0 4556
63 4436
96 4482
9 4429
86 4431
0 4557
92 4489
0 4558
33 4498
27 4473
0 4559
46 4453
68 4501
0 4560
56 4426
0 4561
98 4503
0 4562
62 4512
13 4484
0 4563
19 4480
60 4457
17 4515
90 4460
22 4439
0 4564
0 4565
89 4445
37 4474
66 4510
0 4566
36 4516
0 4567
51 4506
0 4568
4 4486
99 4519
0 4569
99 4519
4 4486
0 4570
35 4524
99 4519
0 4571
0 4572
34 4526
83 4500
0 4573
0 4574
53 4455
0 4575
53 4455
4 4486
0 4576
0 4577
0 4578
0 4579
0 4580
0 4581
0 4582
0 4583
0 4584
0 4585
0 4586
0 4587
0 4588
0 4589
0 4590
0 4591
0 4592
0 4593
0 4594
0 4595
0 4596
0 4597
0 4598
0 4599
0 4600
0 4601
0 4602
0 4603
0 4604
0 4605
0 4606
0 4607
0 4608
0 4609
0 4610
0 4611
0 4612
0 4613
0 4614
0 4615
0 4616
0 4617
0 4618
0 4619
0 4620
0 4621
0 4622
0 4623
0 4624
0 4625
0 4626
0 4627
0 4628
0 4629
0 4630
0 4631
0 4632
0 4633
0 4634
0 4635
0 4636
0 4637
0 4638
0 4639
0 4640
0 4641
0 4642
0 4643
0 4644
0 4645
0 4646
0 4647
0 4648
0 4649
