31 0.8 0.016 0.784
31 0.784 0.16 0.624
1 0.8 0.016 0.784
15 0.8 0.016 0.784
1 0.784 0.16 0.624
15 0.784 0.16 0.624
25 0.8 0.16 0.64
15 0.624 0.16 0.464
23 0.8 0.16 0.64
25 0.64 0.16 0.48
23 0.711122 0.016 0.695122
25 0.559576 0.016 0.543576
23 0.695122 0.16 0.535122
25 0.543576 0.16 0.383576
36 0.8 0.016 0.784
36 0.784 0.16 0.624
8 0.8 0.016 0.784
16 0.8 0.016 0.784
35 0.8 0.016 0.784
16 0.784 0.16 0.624
8 0.784 0.16 0.624
35 0.784 0.16 0.624
35 0.624 0.16 0.464
35 0.464 0.16 0.304
9 0.8 0.16 0.64
9 0.710211 0.016 0.694211
9 0.694211 0.16 0.534211
19 0.8 0.016 0.784
67 0.8 0.016 0.784
19 0.784 0.16 0.624
67 0.784 0.16 0.624
67 0.624 0.16 0.464
17 0.8 0.016 0.784
38 0.8 0.016 0.784
56 0.8 0.016 0.784
38 0.784 0.16 0.624
17 0.784 0.16 0.624
56 0.784 0.16 0.624
56 0.624 0.16 0.464
56 0.464 0.16 0.304
39 0.8 0.016 0.784
39 0.784 0.16 0.624
46 0.8 0.016 0.784
46 0.784 0.16 0.624
70 0.8 0.16 0.64
70 0.71258 0.016 0.69658
70 0.69658 0.16 0.53658
14 0.8 0.16 0.64
18 0.8 0.16 0.64
14 0.710744 0.016 0.694744
18 0.716329 0.016 0.700329
18 0.700329 0.16 0.540329
14 0.694744 0.16 0.534744
14 0.534744 0.16 0.374744
21 0.8 0.016 0.784
21 0.784 0.16 0.624
24 0.8 0.016 0.784
24 0.784 0.16 0.624
6 0.8 0.16 0.64
37 0.8 0.16 0.64
40 0.8 0.16 0.64
6 0.719318 0.016 0.703318
37 0.711176 0.016 0.695176
40 0.710262 0.016 0.694262
37 0.695176 0.16 0.535176
6 0.703318 0.16 0.543318
27 0.8 0.16 0.64
40 0.694262 0.16 0.534262
6 0.543318 0.16 0.383318
40 0.534262 0.16 0.374262
27 0.64 0.16 0.48
27 0.48 0.16 0.32
58 0.8 0.16 0.64
27 0.394434 0.016 0.378434
58 0.712104 0.016 0.696104
27 0.378434 0.16 0.218434
58 0.696104 0.16 0.536104
64 0.8 0.16 0.64
58 0.536104 0.16 0.376104
64 0.64 0.16 0.48
64 0.558787 0.016 0.542787
64 0.542787 0.16 0.382787
4 0.8 0.016 0.784
68 0.8 0.016 0.784
4 0.784 0.16 0.624
68 0.784 0.16 0.624
11 0.8 0.16 0.64
41 0.8 0.16 0.64
49 0.8 0.16 0.64
11 0.64 0.16 0.48
41 0.64 0.16 0.48
49 0.64 0.16 0.48
11 0.559421 0.016 0.543421
41 0.556055 0.016 0.540055
49 0.557572 0.016 0.541572
41 0.540055 0.16 0.380055
11 0.543421 0.16 0.383421
49 0.541572 0.16 0.381572
22 0.8 0.16 0.64
22 0.64 0.16 0.48
22 0.48 0.16 0.32
22 0.395285 0.016 0.379285
34 0.8 0.016 0.784
66 0.8 0.016 0.784
22 0.379285 0.16 0.219285
66 0.784 0.16 0.624
34 0.784 0.16 0.624
34 0.624 0.16 0.464
34 0.464 0.16 0.304
55 0.8 0.016 0.784
55 0.784 0.16 0.624
26 0.8 0.16 0.64
32 0.8 0.16 0.64
26 0.716406 0.016 0.700406
32 0.711229 0.016 0.695229
32 0.695229 0.16 0.535229
26 0.700406 0.16 0.540406
50 0.8 0.16 0.64
26 0.540406 0.16 0.380406
44 0.8 0.16 0.64
50 0.64 0.16 0.48
44 0.716834 0.016 0.700834
50 0.553384 0.016 0.537384
50 0.537384 0.16 0.377384
44 0.700834 0.16 0.540834
44 0.540834 0.16 0.380834
57 0.8 0.016 0.784
57 0.784 0.16 0.624
48 0.8 0.16 0.64
69 0.8 0.16 0.64
48 0.716686 0.016 0.700686
69 0.713983 0.016 0.697983
69 0.697983 0.16 0.537983
48 0.700686 0.16 0.540686
48 0.540686 0.16 0.380686
51 0.8 0.16 0.64
51 0.715594 0.016 0.699594
51 0.699594 0.16 0.539594
53 0.8 0.16 0.64
53 0.71468 0.016 0.69868
53 0.69868 0.16 0.53868
12 0.8 0.016 0.784
12 0.784 0.16 0.624
20 0.8 0.016 0.784
47 0.8 0.016 0.784
20 0.784 0.16 0.624
47 0.784 0.16 0.624
47 0.624 0.16 0.464
60 0.8 0.016 0.784
60 0.784 0.16 0.624
30 0.8 0.016 0.784
30 0.784 0.16 0.624
54 0.8 0.16 0.64
54 0.712722 0.016 0.696722
54 0.696722 0.16 0.536722
13 0.8 0.016 0.784
62 0.8 0.016 0.784
62 0.784 0.16 0.624
3 0.8 0.16 0.64
13 0.784 0.16 0.624
13 0.624 0.16 0.464
3 0.64 0.16 0.48
3 0.559855 0.016 0.543855
3 0.543855 0.16 0.383855
10 0.8 0.016 0.784
59 0.8 0.016 0.784
10 0.784 0.16 0.624
59 0.784 0.16 0.624
2 0.8 0.16 0.64
43 0.8 0.16 0.64
43 0.64 0.16 0.48
2 0.714728 0.016 0.698728
43 0.559553 0.016 0.543553
43 0.543553 0.16 0.383553
2 0.698728 0.16 0.538728
2 0.538728 0.16 0.378728
5 0.8 0.016 0.784
5 0.784 0.16 0.624
45 0.8 0.016 0.784
45 0.784 0.16 0.624
7 0.8 0.016 0.784
7 0.784 0.16 0.624
28 0.8 0.16 0.64
42 0.8 0.16 0.64
28 0.71866 0.016 0.70266
42 0.714318 0.016 0.698318
28 0.70266 0.16 0.54266
29 0.8 0.16 0.64
42 0.698318 0.16 0.538318
65 0.8 0.16 0.64
42 0.538318 0.16 0.378318
29 0.64 0.16 0.48
61 0.8 0.16 0.64
63 0.8 0.16 0.64
65 0.64 0.16 0.48
29 0.552197 0.016 0.536197
33 0.8 0.016 0.784
52 0.8 0.016 0.784
61 0.715077 0.016 0.699077
63 0.714384 0.016 0.698384
65 0.559421 0.016 0.543421
29 0.536197 0.16 0.376197
33 0.784 0.16 0.624
52 0.784 0.16 0.624
61 0.699077 0.16 0.539077
63 0.698384 0.16 0.538384
65 0.543421 0.16 0.383421
65 0.383421 0.16 0.223421
63 0.538384 0.16 0.378384
61 0.539077 0.16 0.379077
33 0.624 0.16 0.464
52 0.624 0.16 0.464
33 0.464 0.16 0.304
52 0.464 0.16 0.304
33 0.304 0.16 0.144
52 0.304 0.16 0.144
33 0.21406 0.016 0.19806
52 0.223903 0.016 0.207903
33 0.19806 0.16 0.0380605
52 0.207903 0.16 0.0479029
52 0.350271 0.16 0.190271
33 0.338043 0.16 0.178043
52 0.26401 0.16 0.10401
