53 4173 0 100 56206362 1.13507 1.13507
14 4196 0 100 121533476 1.53507 1.53507
6 4198 0 100 121547192 1.63507 1.63507
41 4181 0 100 121547654 1.63507 1.63507
13 4199 0 100 121560884 1.63507 1.63507
17 4193 0 100 56196698 1.73507 1.73507
81 4207 0 100 88862568 1.83507 1.83507
7 4213 0 100 88862528 1.93507 1.93507
5 4219 0 100 88850560 2.13507 2.13507
4 4229 0 100 121542482 2.53507 2.53507
40 4194 0 100 121553240 2.53507 2.53507
63 4204 0 100 121551284 2.63507 2.63507
28 4190 0 100 154261712 2.63507 2.63507
29 4244 0 100 121547864 2.73507 2.73507
54 4184 0 100 154256000 2.73507 2.73507
76 4233 0 100 154271320 2.73507 2.73507
12 4264 0 100 88852440 2.83507 2.83507
52 4195 0 100 88875792 2.83507 2.83507
72 4208 0 100 121545350 2.83507 2.83507
71 4187 0 100 88860120 3.23507 3.23507
45 4201 0 100 88872152 3.23507 3.23507
35 4247 0 100 121546280 3.23507 3.23507
87 4224 0 100 121574360 3.23507 3.23507
3 4273 0 100 154245880 3.33507 3.33507
36 4278 0 100 56207516 3.43507 3.43507
90 4252 0 100 88864776 3.43507 3.43507
86 4237 0 100 121537058 3.53507 3.53507
59 4250 0 100 121543034 3.53507 3.53507
32 4227 0 100 121550144 3.53507 3.53507
49 4235 0 100 154283280 3.53507 3.53507
31 4209 0 100 154269112 3.63507 3.63507
30 4214 0 100 88849280 3.83507 3.83507
10 4269 0 100 88873760 3.83507 3.83507
26 4180 0 100 88874808 3.93507 3.93507
20 4262 0 100 121561664 3.93507 3.93507
11 4182 0 100 88869312 4.13507 4.13507
66 4271 0 100 121569086 4.13507 4.13507
51 4266 0 100 121575044 4.13507 4.13507
57 4272 0 100 88869132 4.23507 4.23507
18 4221 0 100 121545470 4.23507 4.23507
68 4276 0 100 121567466 4.33507 4.33507
16 4259 0 100 56205706 4.43507 4.43507
38 4177 0 100 88873504 4.43507 4.43507
64 4223 0 100 121529378 4.43507 4.43507
39 4246 0 100 154269152 4.43507 4.43507
70 4189 0 100 121533416 4.53507 4.53507
55 4258 0 100 121563398 4.53507 4.53507
21 4178 0 100 56199500 4.63507 4.63507
61 4174 0 100 121530098 4.63507 4.63507
1 4265 0 100 154271888 4.73507 4.73507
33 4185 0 100 154289544 4.73507 4.73507
42 4172 0 100 121555706 4.83507 4.83507
44 4211 0 100 154244176 4.83507 4.83507
47 4170 0 100 121558118 5.03507 5.03507
2 4226 0 100 121537550 5.53507 5.53507
23 4217 0 100 121573322 5.53507 5.53507
24 4248 0 100 154248696 5.53507 5.53507
50 4220 0 100 88856092 5.73507 5.73507
37 4186 0 100 154256968 5.83507 5.83507
79 4238 0 100 154262752 5.83507 5.83507
65 4241 0 100 154288696 5.83507 5.83507
60 4175 0 100 121550876 5.93507 5.93507
22 4234 0 100 154273144 6.03507 6.03507
75 4192 0 100 88869288 6.13507 6.13507
9 4256 0 100 88867904 6.23507 6.23507
74 4263 0 100 121550252 6.23507 6.23507
80 4267 0 100 56202944 6.33507 6.33507
58 4188 0 100 121563494 6.33507 6.33507
83 4275 0 100 154249048 6.33507 6.33507
85 4205 0 100 154265096 6.33507 6.33507
8 4218 0 100 56193040 6.43507 6.43507
48 4210 0 100 56207040 6.53507 6.53507
78 4261 0 100 56207964 6.53507 6.53507
67 4231 0 100 88861472 6.53507 6.53507
89 4222 0 100 121536092 6.53507 6.53507
27 4200 0 100 121558670 6.53507 6.53507
43 4215 0 100 121561598 6.73507 6.73507
34 4257 0 100 88858124 7.03507 7.03507
46 4253 0 100 121547354 7.03507 7.03507
25 4230 0 100 88862460 7.23507 7.23507
69 4239 0 100 154247072 7.23507 7.23507
62 4251 0 100 154258840 7.33507 7.33507
77 4245 0 100 154276056 7.33507 7.33507
73 4240 0 100 88864520 7.43507 7.43507
88 4254 0 100 154272504 7.43507 7.43507
56 4279 0 100 88874572 7.73507 7.73507
19 4270 0 100 121529090 8.03507 8.03507
