13 0.8 0.016 0.784
13 0.784 0.16 0.624
15 0.8 0.016 0.784
15 0.784 0.16 0.624
12 0.8 0.016 0.784
12 0.784 0.16 0.624
6 0.8 0.016 0.784
6 0.784 0.16 0.624
8 0.8 0.16 0.64
8 0.792144 0.016 0.776144
8 0.776144 0.16 0.616144
5 0.8 0.016 0.784
10 0.8 0.016 0.784
5 0.784 0.16 0.624
10 0.784 0.16 0.624
10 0.624 0.16 0.464
3 0.8 0.016 0.784
3 0.784 0.16 0.624
19 0.8 0.016 0.784
19 0.784 0.16 0.624
4 0.8 0.016 0.784
7 0.8 0.016 0.784
4 0.784 0.16 0.624
7 0.784 0.16 0.624
7 0.624 0.16 0.464
9 0.8 0.016 0.784
9 0.784 0.16 0.624
18 0.8 0.016 0.784
18 0.784 0.16 0.624
17 0.8 0.016 0.784
17 0.784 0.16 0.624
20 0.8 0.016 0.784
20 0.784 0.16 0.624
16 0.8 0.16 0.64
16 0.719917 0.016 0.703917
16 0.703917 0.16 0.543917
14 0.8 0.16 0.64
14 0.717687 0.016 0.701687
14 0.701687 0.16 0.541687
11 0.8 0.016 0.784
11 0.784 0.16 0.624
2 0.8 0.016 0.784
2 0.784 0.16 0.624
1 0.8 0.016 0.784
1 0.784 0.16 0.624
