0 4160
0 4161
0 4162
0 4163
0 4164
0 4165
0 4166
0 4167
0 4168
0 4169
0 4171
0 4176
53 4173
0 4179
0 4183
0 4191
0 4197
14 4196
0 4202
6 4198
41 4181
13 4199
0 4206
17 4193
0 4212
81 4207
0 4216
7 4213
0 4225
0 4228
5 4219
0 4232
0 4236
0 4242
0 4249
4 4229
40 4194
0 4255
63 4204
28 4190
0 4260
29 4244
54 4184
76 4233
0 4268
12 4264
52 4195
72 4208
0 4277
0 4280
0 4281
0 4282
71 4187
45 4201
35 4247
87 4224
0 4283
3 4273
0 4284
36 4278
90 4252
0 4285
86 4237
59 4250
32 4227
49 4235
0 4286
31 4209
0 4287
0 4288
30 4214
10 4269
0 4289
26 4180
20 4262
0 4290
0 4291
11 4182
66 4271
51 4266
0 4292
57 4272
18 4221
0 4293
68 4276
0 4294
16 4259
38 4177
64 4223
39 4246
0 4295
70 4189
55 4258
0 4296
21 4178
61 4174
0 4297
1 4265
33 4185
0 4298
42 4172
44 4211
0 4299
0 4300
47 4170
0 4301
0 4302
0 4303
0 4304
0 4305
2 4226
23 4217
24 4248
0 4306
0 4307
50 4220
0 4308
37 4186
79 4238
65 4241
0 4309
60 4175
0 4310
22 4234
0 4311
75 4192
0 4312
9 4256
74 4263
0 4313
80 4267
58 4188
83 4275
85 4205
0 4314
8 4218
0 4315
48 4210
78 4261
67 4231
89 4222
27 4200
0 4316
0 4317
43 4215
0 4318
0 4319
82 4203
0 4320
34 4257
46 4253
82 4203
0 4321
15 4274
84 4243
0 4322
25 4230
15 4274
69 4239
0 4323
62 4251
77 4245
0 4324
73 4240
88 4254
0 4325
0 4326
0 4327
56 4279
84 4243
0 4328
0 4329
0 4330
19 4270
0 4331
0 4332
0 4333
0 4334
0 4335
0 4336
0 4337
0 4338
0 4339
0 4340
0 4341
0 4342
0 4343
0 4344
0 4345
0 4346
0 4347
0 4348
0 4349
0 4350
0 4351
0 4352
0 4353
0 4354
0 4355
0 4356
0 4357
0 4358
0 4359
0 4360
0 4361
0 4362
0 4363
0 4364
0 4365
0 4366
0 4367
0 4368
0 4369
0 4370
0 4371
0 4372
0 4373
0 4374
0 4375
0 4376
0 4377
0 4378
0 4379
0 4380
0 4381
0 4382
0 4383
0 4384
0 4385
0 4386
0 4387
0 4388
0 4389
0 4390
0 4391
0 4392
0 4393
0 4394
0 4395
0 4396
0 4397
0 4398
0 4399
