30 3720 1.02116
66 3721 1.0634
14 3722 1.07067
56 3723 1.07306
41 3725 1.10802
10 3727 1.19613
24 3728 1.20559
23 3729 1.21277
47 3730 1.22039
3 3731 1.22885
32 3732 1.2807
37 3733 1.28202
20 3735 1.32725
31 3736 1.37561
55 3738 1.39454
36 3739 1.4258
1 3740 1.47852
21 3742 1.49289
57 3743 1.54107
12 3744 1.5566
25 3746 1.62948
15 3747 1.68371
19 3749 1.69235
45 3750 1.71679
16 3751 1.73271
50 3752 1.73411
11 3753 1.7472
54 3755 1.79849
60 3756 1.81986
9 3757 1.85213
35 3759 1.88887
8 3760 1.90157
18 3761 1.90392
38 3762 1.91322
34 3763 1.92027
61 3764 1.92452
29 3765 1.94382
53 3766 1.94875
26 3768 2.00777
17 3769 2.00986
44 3771 2.14693
63 3773 2.20277
4 3774 2.22332
64 3775 2.26626
67 3777 2.29665
59 3778 2.30451
46 3779 2.30532
7 3780 2.35082
48 3781 2.36329
6 3783 2.41153
22 3784 2.42761
70 3786 2.48776
27 3787 2.5104
13 3788 2.51206
42 3789 2.5337
49 3790 2.57869
28 3792 2.63526
33 3793 2.64551
65 3794 2.67693
62 3796 2.70936
39 3797 2.71528
52 3798 2.74326
51 3799 2.75303
2 3801 2.79234
58 3802 2.79305
68 3803 2.79608
5 3804 2.85776
69 3806 2.90536
43 3807 2.94595
40 3809 2.99018
