21 3941 0 100 88872092 1.58525 1.58525
63 3967 0 100 121562672 1.58525 1.58525
44 3957 0 100 154260144 1.58525 1.58525
8 3965 0 100 121560722 1.68525 1.68525
71 3985 0 100 121544948 1.88525 1.88525
46 3949 0 100 88865660 1.98525 1.98525
69 3953 0 100 121554980 1.98525 1.98525
52 3950 0 100 154289984 2.08525 2.08525
28 3959 0 100 88858064 2.28525 2.28525
55 3978 0 100 88861380 2.28525 2.28525
51 4003 0 100 121561262 2.38525 2.38525
64 3964 0 100 154272392 2.38525 2.38525
7 3946 0 100 154261216 2.48525 2.48525
37 3944 0 100 154291784 2.58525 2.58525
22 3987 0 100 154303848 2.58525 2.58525
73 4020 0 100 88847120 2.68525 2.68525
4 3992 0 100 88853152 2.78525 2.78525
66 3954 0 100 88854072 2.78525 2.78525
80 3995 0 100 121563452 2.78525 2.78525
61 3971 0 100 121552424 2.88525 2.88525
45 3997 0 100 154261504 2.88525 2.88525
47 4029 0 100 154287344 2.88525 2.88525
62 4016 0 100 154305128 2.88525 2.88525
58 4026 0 100 56200252 2.98525 2.98525
34 3975 0 100 88851832 3.08525 3.08525
79 3968 0 100 56204096 3.18525 3.18525
35 3969 0 100 154260888 3.18525 3.18525
15 4019 0 100 154302352 3.28525 3.28525
39 3952 0 100 121568366 3.38525 3.38525
19 3940 0 100 154259720 3.38525 3.38525
67 4004 0 100 154272552 3.38525 3.38525
6 3966 0 100 88869824 3.48525 3.48525
49 4031 0 100 121531118 3.68525 3.68525
18 4000 0 100 56207988 3.78525 3.78525
54 3993 0 100 154285664 3.78525 3.78525
33 4009 0 100 56208064 3.88525 3.88525
3 4038 0 100 88868972 3.98525 3.98525
57 4001 0 100 121535960 4.08525 4.08525
16 3994 0 100 121555916 4.18525 4.18525
50 3998 0 100 154243960 4.18525 4.18525
31 4030 0 100 88870388 4.28525 4.28525
36 3989 0 100 56204586 4.38525 4.38525
68 3980 0 100 88873956 4.48525 4.48525
72 3984 0 100 88875400 4.58525 4.58525
48 4022 0 100 121570274 4.68525 4.68525
2 3962 0 100 154260600 4.68525 4.68525
75 4015 0 100 154276480 4.68525 4.68525
32 4032 0 100 154290352 4.78525 4.78525
53 4037 0 100 88851016 4.88525 4.88525
1 4008 0 100 88847296 5.38525 5.38525
12 3988 0 100 88864396 5.38525 5.38525
14 3960 0 100 121527380 5.38525 5.38525
9 3976 0 100 121573154 5.38525 5.38525
38 3951 0 116 58793182 5.48525 5.48525
42 3963 0 100 154261576 5.48525 5.48525
59 4013 0 100 154288328 5.48525 5.48525
17 3956 0 100 121534232 5.58525 5.58525
10 4035 0 100 88853792 5.78525 5.78525
30 4006 0 100 154296752 5.88525 5.88525
77 4034 0 100 121531784 6.08525 6.08525
40 3945 0 100 154246472 6.08525 6.08525
43 4012 0 100 154269384 6.08525 6.08525
20 4007 0 100 121554200 6.18525 6.18525
26 4011 0 100 56194492 6.28525 6.28525
11 3955 0 100 121563200 6.28525 6.28525
56 3974 0 100 154294288 6.28525 6.28525
65 3996 0 100 88861380 6.38525 6.38525
29 3977 0 100 88871560 6.38525 6.38525
41 3948 0 100 56203576 6.48525 6.48525
23 4005 0 100 88864968 6.48525 6.48525
60 3990 0 100 88865808 6.58525 6.58525
24 3983 0 100 121549850 6.68525 6.68525
78 3981 0 100 88861436 6.78525 6.78525
74 4036 0 100 121532672 6.78525 6.78525
25 4017 0 100 121570328 6.78525 6.78525
70 3973 0 100 121573136 6.78525 6.78525
5 4023 0 116 124143676 6.88525 6.88525
76 4027 0 100 88873520 7.18525 7.18525
