0 3930
0 3931
0 3932
0 3933
0 3934
0 3935
0 3936
0 3937
0 3938
0 3939
0 3942
0 3943
0 3947
0 3958
0 3961
0 3970
21 3941
63 3967
44 3957
0 3979
8 3965
0 3982
0 3986
71 3985
0 3991
46 3949
69 3953
0 3999
52 3950
0 4002
0 4010
28 3959
55 3978
0 4014
51 4003
64 3964
0 4018
7 3946
0 4021
37 3944
22 3987
0 4024
73 4020
0 4028
4 3992
66 3954
80 3995
0 4033
61 3971
45 3997
47 4029
62 4016
0 4039
58 4026
0 4040
34 3975
0 4041
79 3968
35 3969
0 4042
15 4019
0 4043
39 3952
19 3940
67 4004
0 4044
6 3966
27 3972
0 4045
27 3972
0 4046
49 4031
0 4047
18 4000
54 3993
0 4048
33 4009
0 4049
3 4038
0 4050
57 4001
0 4051
16 3994
50 3998
27 3972
0 4052
31 4030
0 4053
36 3989
0 4054
68 3980
0 4055
72 3984
0 4056
48 4022
2 3962
75 4015
0 4057
32 4032
0 4058
53 4037
0 4059
0 4060
0 4061
0 4062
0 4063
1 4008
12 3988
14 3960
9 3976
0 4064
38 3951
42 3963
59 4013
0 4065
17 3956
0 4066
0 4067
10 4035
0 4068
30 4006
38 3951
0 4069
13 4025
0 4070
77 4034
40 3945
43 4012
0 4071
20 4007
0 4072
26 4011
11 3955
56 3974
0 4073
65 3996
29 3977
0 4074
41 3948
23 4005
0 4075
60 3990
13 4025
0 4076
24 3983
0 4077
78 3981
74 4036
25 4017
70 3973
0 4078
5 4023
0 4079
0 4080
0 4081
76 4027
0 4082
5 4023
0 4083
0 4084
0 4085
0 4086
0 4087
0 4088
0 4089
0 4090
0 4091
0 4092
0 4093
0 4094
0 4095
0 4096
0 4097
0 4098
0 4099
0 4100
0 4101
0 4102
0 4103
0 4104
0 4105
0 4106
0 4107
0 4108
0 4109
0 4110
0 4111
0 4112
0 4113
0 4114
0 4115
0 4116
0 4117
0 4118
0 4119
0 4120
0 4121
0 4122
0 4123
0 4124
0 4125
0 4126
0 4127
0 4128
0 4129
0 4130
0 4131
0 4132
0 4133
0 4134
0 4135
0 4136
0 4137
0 4138
0 4139
0 4140
0 4141
0 4142
0 4143
0 4144
0 4145
0 4146
0 4147
0 4148
0 4149
0 4150
0 4151
0 4152
0 4153
0 4154
0 4155
0 4156
0 4157
0 4158
0 4159
