97 0.8 0.016 0.784
97 0.784 0.16 0.624
94 0.8 0.016 0.784
94 0.784 0.16 0.624
100 0.8 0.16 0.64
100 0.710351 0.016 0.694351
100 0.694351 0.16 0.534351
21 0.8 0.016 0.784
41 0.8 0.016 0.784
21 0.784 0.16 0.624
41 0.784 0.16 0.624
41 0.624 0.16 0.464
57 0.8 0.016 0.784
57 0.784 0.16 0.624
42 0.8 0.016 0.784
45 0.8 0.016 0.784
55 0.8 0.016 0.784
55 0.784 0.16 0.624
42 0.784 0.16 0.624
45 0.784 0.16 0.624
42 0.624 0.16 0.464
45 0.624 0.16 0.464
45 0.464 0.16 0.304
15 0.8 0.16 0.64
64 0.8 0.16 0.64
15 0.713687 0.016 0.697687
64 0.716223 0.016 0.700223
15 0.697687 0.16 0.537687
64 0.700223 0.16 0.540223
93 0.8 0.16 0.64
93 0.64 0.16 0.48
93 0.551745 0.016 0.535745
93 0.535745 0.16 0.375745
1 0.8 0.016 0.784
61 0.8 0.016 0.784
61 0.784 0.16 0.624
1 0.784 0.16 0.624
79 0.8 0.16 0.64
95 0.8 0.16 0.64
1 0.624 0.16 0.464
79 0.64 0.16 0.48
95 0.64 0.16 0.48
79 0.553158 0.016 0.537158
95 0.55741 0.016 0.54141
95 0.54141 0.16 0.38141
59 0.8 0.16 0.64
79 0.537158 0.16 0.377158
79 0.377158 0.16 0.217158
25 0.8 0.016 0.784
59 0.711683 0.016 0.695683
91 0.8 0.016 0.784
25 0.784 0.16 0.624
59 0.695683 0.16 0.535683
91 0.784 0.16 0.624
91 0.624 0.16 0.464
59 0.535683 0.16 0.375683
32 0.8 0.16 0.64
47 0.8 0.16 0.64
30 0.8 0.016 0.784
32 0.718191 0.016 0.702191
47 0.712023 0.016 0.696023
47 0.696023 0.16 0.536023
32 0.702191 0.16 0.542191
30 0.784 0.16 0.624
44 0.8 0.16 0.64
30 0.624 0.16 0.464
44 0.64 0.16 0.48
30 0.464 0.16 0.304
44 0.48 0.16 0.32
76 0.8 0.16 0.64
44 0.399682 0.016 0.383682
44 0.383682 0.16 0.223682
76 0.719704 0.16 0.559704
8 0.8 0.016 0.784
70 0.8 0.016 0.784
76 0.632486 0.016 0.616486
70 0.784 0.16 0.624
76 0.616486 0.16 0.456486
7 0.8 0.16 0.64
8 0.784 0.16 0.624
16 0.8 0.16 0.64
20 0.8 0.16 0.64
28 0.8 0.16 0.64
71 0.8 0.16 0.64
8 0.624 0.16 0.464
8 0.464 0.16 0.304
7 0.64 0.16 0.48
16 0.64 0.16 0.48
20 0.64 0.16 0.48
28 0.64 0.16 0.48
71 0.64 0.16 0.48
7 0.554374 0.016 0.538374
16 0.55177 0.016 0.53577
20 0.556782 0.016 0.540782
28 0.556536 0.016 0.540536
71 0.559625 0.016 0.543625
71 0.543625 0.16 0.383625
7 0.538374 0.16 0.378374
16 0.53577 0.16 0.37577
20 0.540782 0.16 0.380782
28 0.540536 0.16 0.380536
16 0.37577 0.16 0.21577
20 0.380782 0.16 0.220782
28 0.380536 0.16 0.220536
28 0.220536 0.16 0.0605359
16 0.21577 0.16 0.0557702
20 0.220782 0.16 0.0607821
78 0.8 0.16 0.64
85 0.8 0.16 0.64
14 0.8 0.016 0.784
16 0.126369 0.016 0.110369
20 0.140076 0.016 0.124076
78 0.716953 0.016 0.700953
85 0.711426 0.016 0.695426
78 0.700953 0.16 0.540953
85 0.695426 0.16 0.535426
14 0.784 0.16 0.624
16 0.110369 0.16 -0.0496312
20 0.124076 0.16 -0.035924
80 0.8 0.16 0.64
14 0.624 0.16 0.464
16 0 0.16 -0.16
20 0 0.16 -0.16
14 0.464 0.16 0.304
80 0.64 0.16 0.48
81 0.8 0.16 0.64
80 0.557905 0.016 0.541905
81 0.713502 0.016 0.697502
80 0.541905 0.16 0.381905
52 0.8 0.16 0.64
81 0.697502 0.16 0.537502
82 0.8 0.16 0.64
81 0.537502 0.16 0.377502
52 0.64 0.16 0.48
82 0.64 0.16 0.48
52 0.551879 0.016 0.535879
82 0.558986 0.016 0.542986
52 0.535879 0.16 0.375879
82 0.542986 0.16 0.382986
18 0.8 0.016 0.784
65 0.8 0.016 0.784
18 0.784 0.16 0.624
65 0.784 0.16 0.624
20 0.313377 0.16 0.153377
16 0.297101 0.16 0.137101
16 0.207912 0.16 0.0479121
20 0.232373 0.16 0.0723728
11 0.8 0.016 0.784
88 0.8 0.016 0.784
11 0.784 0.16 0.624
88 0.784 0.16 0.624
88 0.624 0.16 0.464
5 0.8 0.016 0.784
24 0.8 0.016 0.784
39 0.8 0.016 0.784
39 0.784 0.16 0.624
5 0.784 0.16 0.624
24 0.784 0.16 0.624
43 0.8 0.16 0.64
50 0.8 0.16 0.64
58 0.8 0.16 0.64
24 0.624 0.16 0.464
5 0.624 0.16 0.464
2 0.8 0.16 0.64
43 0.64 0.16 0.48
50 0.64 0.16 0.48
58 0.64 0.16 0.48
2 0.64 0.16 0.48
43 0.48 0.16 0.32
50 0.48 0.16 0.32
58 0.48 0.16 0.32
2 0.556479 0.016 0.540479
43 0.390259 0.016 0.374259
50 0.391964 0.016 0.375964
58 0.399416 0.016 0.383416
50 0.375964 0.16 0.215964
43 0.374259 0.16 0.214259
58 0.383416 0.16 0.223416
2 0.540479 0.16 0.380479
38 0.8 0.16 0.64
2 0.380479 0.16 0.220479
38 0.64 0.16 0.48
2 0.220479 0.16 0.0604787
2 0.130693 0.016 0.114693
38 0.555672 0.016 0.539672
38 0.539672 0.16 0.379672
2 0.114693 0.16 -0.0453068
12 0.8 0.16 0.64
49 0.8 0.16 0.64
2 0.0709295 0.016 0.0549295
12 0.711623 0.016 0.695623
49 0.712549 0.016 0.696549
84 0.8 0.016 0.784
87 0.8 0.016 0.784
49 0.696549 0.16 0.536549
9 0.8 0.16 0.64
12 0.695623 0.16 0.535623
26 0.8 0.16 0.64
31 0.8 0.16 0.64
84 0.784 0.16 0.624
87 0.784 0.16 0.624
12 0.535623 0.16 0.375623
9 0.64 0.16 0.48
26 0.64 0.16 0.48
31 0.64 0.16 0.48
84 0.624 0.16 0.464
87 0.624 0.16 0.464
84 0.464 0.16 0.304
87 0.464 0.16 0.304
9 0.48 0.16 0.32
26 0.48 0.16 0.32
31 0.48 0.16 0.32
67 0.8 0.16 0.64
73 0.8 0.16 0.64
9 0.32 0.16 0.16
26 0.32 0.16 0.16
31 0.32 0.16 0.16
9 0.237302 0.016 0.221302
26 0.23436 0.016 0.21836
31 0.236765 0.016 0.220765
67 0.719077 0.016 0.703077
73 0.715568 0.016 0.699568
31 0.220765 0.16 0.0607647
9 0.221302 0.16 0.0613024
26 0.21836 0.16 0.0583601
67 0.703077 0.16 0.543077
73 0.699568 0.16 0.539568
67 0.543077 0.16 0.383077
9 0.0613024 0.16 -0.0986976
26 0.0583601 0.16 -0.10164
29 0.8 0.16 0.64
73 0.539568 0.16 0.379568
73 0.379568 0.16 0.219568
9 0 0.16 -0.16
26 0 0.16 -0.16
29 0.64 0.16 0.48
9 0.0765902 0.016 0.0605902
26 0.0769655 0.016 0.0609655
29 0.555856 0.016 0.539856
29 0.539856 0.16 0.379856
3 0.8 0.16 0.64
54 0.8 0.16 0.64
3 0.715614 0.016 0.699614
54 0.719926 0.016 0.703926
54 0.703926 0.16 0.543926
2 0.27505 0.16 0.11505
3 0.699614 0.16 0.539614
74 0.8 0.16 0.64
77 0.8 0.16 0.64
74 0.64 0.16 0.48
77 0.64 0.16 0.48
74 0.557514 0.016 0.541514
77 0.558011 0.016 0.542011
2 0.194142 0.16 0.0341419
77 0.542011 0.16 0.382011
74 0.541514 0.16 0.381514
74 0.381514 0.16 0.221514
75 0.8 0.16 0.64
75 0.711627 0.016 0.695627
75 0.695627 0.16 0.535627
69 0.8 0.16 0.64
69 0.719608 0.016 0.703608
26 0.358051 0.16 0.198051
9 0.357072 0.16 0.197072
9 0.197072 0.16 0.0370718
69 0.703608 0.16 0.543608
26 0.269945 0.16 0.109945
48 0.8 0.016 0.784
48 0.784 0.16 0.624
23 0.8 0.016 0.784
72 0.8 0.016 0.784
23 0.784 0.16 0.624
10 0.8 0.16 0.64
72 0.784 0.16 0.624
72 0.624 0.16 0.464
2 0.493568 0.16 0.333568
10 0.64 0.16 0.48
6 0.8 0.016 0.784
10 0.551691 0.016 0.535691
40 0.8 0.016 0.784
10 0.535691 0.16 0.375691
40 0.784 0.16 0.624
6 0.784 0.16 0.624
6 0.624 0.16 0.464
63 0.8 0.16 0.64
96 0.8 0.16 0.64
6 0.464 0.16 0.304
63 0.64 0.16 0.48
96 0.64 0.16 0.48
63 0.554202 0.016 0.538202
86 0.8 0.016 0.784
96 0.559232 0.016 0.543232
63 0.538202 0.16 0.378202
9 0.479583 0.16 0.319583
96 0.543232 0.16 0.383232
86 0.784 0.16 0.624
92 0.8 0.16 0.64
86 0.624 0.16 0.464
92 0.64 0.16 0.48
86 0.464 0.16 0.304
33 0.8 0.16 0.64
92 0.48 0.16 0.32
92 0.391452 0.016 0.375452
92 0.375452 0.16 0.215452
27 0.8 0.16 0.64
33 0.716947 0.16 0.556947
27 0.710582 0.016 0.694582
33 0.631957 0.016 0.615957
33 0.615957 0.16 0.455957
27 0.694582 0.16 0.534582
46 0.8 0.016 0.784
68 0.8 0.016 0.784
46 0.784 0.16 0.624
68 0.784 0.16 0.624
56 0.8 0.16 0.64
56 0.64 0.16 0.48
56 0.551079 0.016 0.535079
56 0.535079 0.16 0.375079
98 0.8 0.16 0.64
98 0.717569 0.016 0.701569
98 0.701569 0.16 0.541569
13 0.8 0.16 0.64
62 0.8 0.16 0.64
13 0.711993 0.016 0.695993
62 0.716877 0.016 0.700877
62 0.700877 0.16 0.540877
13 0.695993 0.16 0.535993
17 0.8 0.16 0.64
17 0.64 0.16 0.48
19 0.8 0.16 0.64
4 0.8 0.016 0.784
17 0.55548 0.016 0.53948
19 0.711502 0.016 0.695502
22 0.8 0.016 0.784
60 0.8 0.016 0.784
90 0.8 0.016 0.784
99 0.8 0.016 0.784
19 0.695502 0.16 0.535502
4 0.784 0.16 0.624
17 0.53948 0.16 0.37948
22 0.784 0.16 0.624
53 0.8 0.16 0.64
60 0.784 0.16 0.624
90 0.784 0.16 0.624
99 0.784 0.16 0.624
60 0.624 0.16 0.464
17 0.37948 0.16 0.21948
90 0.624 0.16 0.464
22 0.624 0.16 0.464
4 0.624 0.16 0.464
53 0.64 0.16 0.48
99 0.624 0.16 0.464
4 0.464 0.16 0.304
53 0.48 0.16 0.32
99 0.464 0.16 0.304
4 0.304 0.16 0.144
53 0.32 0.16 0.16
99 0.304 0.16 0.144
4 0.144 0.16 -0.016
53 0.16 0.16 -5.55112e-17
99 0.144 0.16 -0.016
4 0.0744465 0.016 0.0584465
53 0.0762801 0.016 0.0602801
99 0.0734374 0.016 0.0574374
4 0.131219 0.016 0.115219
37 0.8 0.016 0.784
53 0.138356 0.016 0.122356
66 0.8 0.016 0.784
89 0.8 0.016 0.784
99 0.136792 0.016 0.120792
89 0.784 0.16 0.624
37 0.784 0.16 0.624
66 0.784 0.16 0.624
36 0.8 0.16 0.64
36 0.64 0.16 0.48
36 0.48 0.16 0.32
36 0.393069 0.016 0.377069
36 0.377069 0.16 0.217069
51 0.8 0.016 0.784
51 0.784 0.16 0.624
4 0.336378 0.16 0.176378
99 0.3523 0.16 0.1923
53 0.348312 0.16 0.188312
53 0.188312 0.16 0.0283123
99 0.270019 0.16 0.110019
4 0.250308 0.16 0.0903079
53 0.0996996 0.16 -0.0603004
53 0 0.16 -0.16
35 0.8 0.016 0.784
35 0.784 0.16 0.624
99 0.181609 0.16 0.0216094
53 0.0717721 0.16 -0.0882279
34 0.8 0.016 0.784
83 0.8 0.016 0.784
34 0.784 0.16 0.624
83 0.784 0.16 0.624
83 0.624 0.16 0.464
53 0.300148 0.16 0.140148
53 0.219338 0.16 0.0593382
4 0.535746 0.16 0.375746
