32 4410 1.00279
70 4411 1.00337
21 4412 1.03713
87 4413 1.0731
80 4414 1.08185
64 4416 1.12586
50 4417 1.12913
55 4418 1.13504
77 4419 1.16112
14 4420 1.16702
15 4421 1.1759
45 4423 1.22621
41 4424 1.24917
88 4425 1.25452
56 4426 1.25996
29 4427 1.26426
9 4429 1.32832
47 4430 1.32998
86 4431 1.33546
54 4432 1.33759
72 4433 1.36727
61 4434 1.3787
63 4436 1.40981
73 4437 1.4363
76 4438 1.45827
22 4439 1.49183
43 4440 1.49447
100 4441 1.49565
97 4443 1.49866
49 4444 1.51563
89 4445 1.53917
94 4446 1.54023
82 4448 1.62807
57 4449 1.66651
81 4450 1.6711
93 4452 1.72722
46 4453 1.74603
95 4454 1.75272
53 4455 1.77717
11 4456 1.79006
60 4457 1.79066
79 4459 1.83643
90 4460 1.8544
75 4461 1.85562
71 4462 1.85797
84 4463 1.86326
28 4464 1.87004
48 4466 1.90436
69 4467 1.90644
26 4468 1.92544
40 4469 1.95796
91 4470 1.98344
1 4472 2.05938
27 4473 2.08304
37 4474 2.09477
23 4476 2.10717
65 4477 2.10972
2 4478 2.11746
39 4479 2.11872
19 4480 2.16636
96 4482 2.21283
42 4483 2.22383
13 4484 2.23627
44 4485 2.23652
4 4486 2.25096
58 4488 2.31131
92 4489 2.31765
52 4490 2.32028
78 4491 2.33243
10 4492 2.34228
31 4493 2.34429
8 4494 2.34473
16 4495 2.34635
20 4497 2.43397
33 4498 2.44244
7 4499 2.44635
83 4500 2.46617
68 4501 2.47189
98 4503 2.5256
24 4504 2.52704
5 4505 2.54438
51 4506 2.55618
59 4507 2.5586
12 4508 2.56673
66 4510 2.62632
74 4511 2.63114
62 4512 2.65273
6 4513 2.6561
18 4514 2.66389
17 4515 2.66659
36 4516 2.6843
30 4518 2.70886
99 4519 2.73896
38 4521 2.79753
67 4522 2.82551
85 4523 2.83472
35 4524 2.8407
25 4525 2.85388
34 4526 2.89204
3 4528 2.93142
