53 0.8 0.016 0.784
53 0.784 0.16 0.624
14 0.8 0.016 0.784
14 0.784 0.16 0.624
6 0.8 0.016 0.784
13 0.8 0.016 0.784
41 0.8 0.016 0.784
6 0.784 0.16 0.624
41 0.784 0.16 0.624
13 0.784 0.16 0.624
17 0.8 0.16 0.64
17 0.64 0.16 0.48
17 0.558943 0.016 0.542943
17 0.542943 0.16 0.382943
81 0.8 0.016 0.784
81 0.784 0.16 0.624
7 0.8 0.016 0.784
7 0.784 0.16 0.624
5 0.8 0.016 0.784
5 0.784 0.16 0.624
4 0.8 0.016 0.784
40 0.8 0.016 0.784
4 0.784 0.16 0.624
40 0.784 0.16 0.624
28 0.8 0.16 0.64
63 0.8 0.16 0.64
28 0.64 0.16 0.48
63 0.64 0.16 0.48
28 0.550496 0.016 0.534496
63 0.552605 0.016 0.536605
63 0.536605 0.16 0.376605
28 0.534496 0.16 0.374496
28 0.374496 0.16 0.214496
29 0.8 0.16 0.64
29 0.712895 0.016 0.696895
54 0.8 0.016 0.784
76 0.8 0.016 0.784
29 0.696895 0.16 0.536895
54 0.784 0.16 0.624
76 0.784 0.16 0.624
54 0.624 0.16 0.464
76 0.624 0.16 0.464
52 0.8 0.16 0.64
72 0.8 0.16 0.64
52 0.64 0.16 0.48
72 0.64 0.16 0.48
12 0.8 0.016 0.784
52 0.556768 0.016 0.540768
72 0.554975 0.016 0.538975
12 0.784 0.16 0.624
52 0.540768 0.16 0.380768
72 0.538975 0.16 0.378975
72 0.378975 0.16 0.218975
72 0.218975 0.16 0.0589753
35 0.8 0.016 0.784
45 0.8 0.016 0.784
71 0.8 0.016 0.784
87 0.8 0.016 0.784
71 0.784 0.16 0.624
45 0.784 0.16 0.624
35 0.784 0.16 0.624
87 0.784 0.16 0.624
3 0.8 0.16 0.64
35 0.624 0.16 0.464
87 0.624 0.16 0.464
35 0.464 0.16 0.304
87 0.464 0.16 0.304
3 0.64 0.16 0.48
3 0.553911 0.016 0.537911
3 0.537911 0.16 0.377911
36 0.8 0.16 0.64
90 0.8 0.16 0.64
36 0.711885 0.016 0.695885
90 0.715947 0.016 0.699947
36 0.695885 0.16 0.535885
86 0.8 0.16 0.64
90 0.699947 0.16 0.539947
90 0.539947 0.16 0.379947
86 0.64 0.16 0.48
32 0.8 0.016 0.784
49 0.8 0.016 0.784
59 0.8 0.016 0.784
86 0.554566 0.016 0.538566
86 0.538566 0.16 0.378566
59 0.784 0.16 0.624
32 0.784 0.16 0.624
49 0.784 0.16 0.624
49 0.624 0.16 0.464
49 0.464 0.16 0.304
49 0.304 0.16 0.144
31 0.8 0.16 0.64
31 0.717338 0.016 0.701338
31 0.701338 0.16 0.541338
10 0.8 0.016 0.784
30 0.8 0.016 0.784
30 0.784 0.16 0.624
10 0.784 0.16 0.624
26 0.8 0.16 0.64
20 0.8 0.016 0.784
26 0.712552 0.016 0.696552
26 0.696552 0.16 0.536552
20 0.784 0.16 0.624
20 0.624 0.16 0.464
11 0.8 0.016 0.784
51 0.8 0.016 0.784
66 0.8 0.016 0.784
11 0.784 0.16 0.624
18 0.8 0.16 0.64
51 0.784 0.16 0.624
66 0.784 0.16 0.624
66 0.624 0.16 0.464
51 0.624 0.16 0.464
18 0.64 0.16 0.48
57 0.8 0.16 0.64
18 0.48 0.16 0.32
57 0.64 0.16 0.48
18 0.399669 0.016 0.383669
57 0.558051 0.016 0.542051
57 0.542051 0.16 0.382051
18 0.383669 0.16 0.223669
68 0.8 0.16 0.64
18 0.223669 0.16 0.0636689
68 0.64 0.16 0.48
68 0.554061 0.016 0.538061
68 0.538061 0.16 0.378061
16 0.8 0.016 0.784
38 0.8 0.016 0.784
39 0.8 0.016 0.784
64 0.8 0.016 0.784
16 0.784 0.16 0.624
38 0.784 0.16 0.624
39 0.784 0.16 0.624
64 0.784 0.16 0.624
38 0.624 0.16 0.464
39 0.624 0.16 0.464
64 0.624 0.16 0.464
70 0.8 0.16 0.64
64 0.464 0.16 0.304
39 0.464 0.16 0.304
70 0.64 0.16 0.48
39 0.304 0.16 0.144
55 0.8 0.16 0.64
70 0.48 0.16 0.32
55 0.712126 0.016 0.696126
70 0.39089 0.016 0.37489
70 0.37489 0.16 0.21489
55 0.696126 0.16 0.536126
21 0.8 0.16 0.64
61 0.8 0.16 0.64
21 0.64 0.16 0.48
61 0.64 0.16 0.48
21 0.557956 0.016 0.541956
61 0.552744 0.016 0.536744
21 0.541956 0.16 0.381956
61 0.536744 0.16 0.376744
61 0.376744 0.16 0.216744
1 0.8 0.016 0.784
33 0.8 0.016 0.784
1 0.784 0.16 0.624
33 0.784 0.16 0.624
42 0.8 0.16 0.64
44 0.8 0.16 0.64
42 0.64 0.16 0.48
44 0.64 0.16 0.48
42 0.551227 0.016 0.535227
44 0.559323 0.016 0.543323
42 0.535227 0.16 0.375227
44 0.543323 0.16 0.383323
44 0.383323 0.16 0.223323
47 0.8 0.016 0.784
47 0.784 0.16 0.624
2 0.8 0.016 0.784
23 0.8 0.016 0.784
24 0.8 0.016 0.784
2 0.784 0.16 0.624
23 0.784 0.16 0.624
24 0.784 0.16 0.624
24 0.624 0.16 0.464
24 0.464 0.16 0.304
50 0.8 0.016 0.784
50 0.784 0.16 0.624
37 0.8 0.016 0.784
65 0.8 0.016 0.784
79 0.8 0.016 0.784
37 0.784 0.16 0.624
79 0.784 0.16 0.624
65 0.784 0.16 0.624
60 0.8 0.16 0.64
60 0.64 0.16 0.48
60 0.48 0.16 0.32
60 0.397254 0.016 0.381254
60 0.381254 0.16 0.221254
22 0.8 0.16 0.64
22 0.71054 0.016 0.69454
22 0.69454 0.16 0.53454
74 0.8 0.16 0.64
75 0.8 0.16 0.64
75 0.712429 0.016 0.696429
75 0.696429 0.16 0.536429
9 0.8 0.16 0.64
74 0.710042 0.16 0.550042
9 0.717494 0.016 0.701494
74 0.627655 0.016 0.611655
9 0.701494 0.16 0.541494
74 0.611655 0.16 0.451655
80 0.8 0.16 0.64
74 0.451655 0.16 0.291655
58 0.8 0.016 0.784
80 0.717389 0.016 0.701389
83 0.8 0.016 0.784
85 0.8 0.016 0.784
80 0.701389 0.16 0.541389
8 0.8 0.16 0.64
58 0.784 0.16 0.624
82 0.8 0.16 0.64
83 0.784 0.16 0.624
85 0.784 0.16 0.624
58 0.624 0.16 0.464
8 0.64 0.16 0.48
82 0.64 0.16 0.48
83 0.624 0.16 0.464
85 0.624 0.16 0.464
83 0.464 0.16 0.304
85 0.464 0.16 0.304
8 0.48 0.16 0.32
82 0.48 0.16 0.32
8 0.32 0.16 0.16
82 0.32 0.16 0.16
8 0.236498 0.016 0.220498
82 0.230438 0.016 0.214438
8 0.220498 0.16 0.0604977
48 0.8 0.16 0.64
67 0.8 0.16 0.64
78 0.8 0.16 0.64
82 0.214438 0.16 0.0544375
89 0.8 0.16 0.64
27 0.8 0.016 0.784
48 0.710546 0.016 0.694546
67 0.714221 0.016 0.698221
78 0.716409 0.016 0.700409
82 0.124897 0.016 0.108897
89 0.713564 0.016 0.697564
48 0.694546 0.16 0.534546
78 0.700409 0.16 0.540409
15 0.8 0.16 0.64
27 0.784 0.16 0.624
67 0.698221 0.16 0.538221
82 0.108897 0.16 -0.051103
84 0.8 0.16 0.64
89 0.697564 0.16 0.537564
15 0.64 0.16 0.48
27 0.624 0.16 0.464
67 0.538221 0.16 0.378221
84 0.64 0.16 0.48
89 0.537564 0.16 0.377564
67 0.378221 0.16 0.218221
15 0.48 0.16 0.32
27 0.464 0.16 0.304
84 0.48 0.16 0.32
89 0.377564 0.16 0.217564
89 0.217564 0.16 0.0575637
27 0.304 0.16 0.144
15 0.32 0.16 0.16
84 0.32 0.16 0.16
15 0.16 0.16 -5.55112e-17
84 0.16 0.16 -5.55112e-17
15 0.0701169 0.016 0.0541169
84 0.078584 0.016 0.062584
15 0.125294 0.016 0.109294
43 0.8 0.016 0.784
84 0.137658 0.016 0.121658
43 0.784 0.16 0.624
82 0.291169 0.16 0.131169
34 0.8 0.016 0.784
46 0.8 0.016 0.784
34 0.784 0.16 0.624
46 0.784 0.16 0.624
46 0.624 0.16 0.464
82 0.209128 0.16 0.0491285
15 0.414953 0.16 0.254953
84 0.416854 0.16 0.256854
84 0.256854 0.16 0.0968541
25 0.8 0.016 0.784
69 0.8 0.016 0.784
25 0.784 0.16 0.624
69 0.784 0.16 0.624
15 0.328402 0.16 0.168402
69 0.624 0.16 0.464
62 0.8 0.16 0.64
73 0.8 0.16 0.64
77 0.8 0.16 0.64
62 0.713597 0.016 0.697597
77 0.713404 0.016 0.697404
62 0.697597 0.16 0.537597
77 0.697404 0.16 0.537404
73 0.712387 0.16 0.552387
88 0.8 0.16 0.64
73 0.552387 0.16 0.392387
73 0.464486 0.016 0.448486
88 0.710513 0.016 0.694513
73 0.448486 0.16 0.288486
88 0.694513 0.16 0.534513
88 0.534513 0.16 0.374513
56 0.8 0.016 0.784
56 0.784 0.16 0.624
84 0.539792 0.16 0.379792
19 0.8 0.016 0.784
19 0.784 0.16 0.624
