11 0.8 0.016 0.784
29 0.8 0.016 0.784
30 0.8 0.016 0.784
11 0.784 0.16 0.624
29 0.784 0.16 0.624
30 0.784 0.16 0.624
29 0.624 0.16 0.464
30 0.624 0.16 0.464
15 0.8 0.016 0.784
15 0.784 0.16 0.624
17 0.8 0.016 0.784
26 0.8 0.016 0.784
17 0.784 0.16 0.624
26 0.784 0.16 0.624
26 0.624 0.16 0.464
25 0.8 0.016 0.784
25 0.784 0.16 0.624
16 0.8 0.016 0.784
16 0.784 0.16 0.624
3 0.8 0.016 0.784
3 0.784 0.16 0.624
2 0.8 0.016 0.784
2 0.784 0.16 0.624
24 0.8 0.016 0.784
24 0.784 0.16 0.624
5 0.8 0.016 0.784
5 0.784 0.16 0.624
8 0.8 0.16 0.64
8 0.718732 0.016 0.702732
8 0.702732 0.16 0.542732
18 0.8 0.16 0.64
20 0.8 0.16 0.64
18 0.719706 0.016 0.703706
20 0.710055 0.016 0.694055
20 0.694055 0.16 0.534055
18 0.703706 0.16 0.543706
22 0.8 0.16 0.64
22 0.64 0.16 0.48
23 0.8 0.16 0.64
22 0.555741 0.016 0.539741
23 0.715704 0.016 0.699704
22 0.539741 0.16 0.379741
23 0.699704 0.16 0.539704
10 0.8 0.16 0.64
7 0.8 0.16 0.64
10 0.64 0.16 0.48
12 0.8 0.16 0.64
13 0.8 0.16 0.64
7 0.713454 0.016 0.697454
10 0.558576 0.016 0.542576
12 0.718011 0.016 0.702011
13 0.712133 0.016 0.696133
13 0.696133 0.16 0.536133
7 0.697454 0.16 0.537454
1 0.8 0.16 0.64
10 0.542576 0.16 0.382576
12 0.702011 0.16 0.542011
1 0.64 0.16 0.48
10 0.382576 0.16 0.222576
12 0.542011 0.16 0.382011
10 0.222576 0.16 0.0625763
12 0.382011 0.16 0.222011
1 0.48 0.16 0.32
1 0.32 0.16 0.16
1 0.233503 0.016 0.217503
1 0.217503 0.16 0.0575032
4 0.8 0.16 0.64
4 0.710844 0.016 0.694844
4 0.694844 0.16 0.534844
9 0.8 0.016 0.784
9 0.784 0.16 0.624
14 0.8 0.016 0.784
14 0.784 0.16 0.624
28 0.8 0.16 0.64
28 0.719844 0.016 0.703844
28 0.703844 0.16 0.543844
19 0.8 0.016 0.784
19 0.784 0.16 0.624
6 0.8 0.016 0.784
6 0.784 0.16 0.624
21 0.8 0.16 0.64
21 0.71603 0.016 0.70003
21 0.70003 0.16 0.54003
27 0.8 0.016 0.784
27 0.784 0.16 0.624
