34 3522 0 100 154278056 1.52975 1.52975
6 3547 0 100 121573928 1.92975 1.92975
2 3526 0 100 154288536 1.92975 1.92975
16 3549 0 100 88862540 2.12975 2.12975
25 3542 0 100 121540904 2.12975 2.12975
36 3559 0 100 88868388 2.32975 2.32975
15 3511 0 100 121563758 2.32975 2.32975
9 3525 0 100 56204616 2.42975 2.42975
5 3570 0 100 121564394 2.42975 2.42975
8 3543 0 100 56206034 2.52975 2.52975
13 3581 0 100 56198600 2.72975 2.72975
39 3512 0 100 154267936 2.72975 2.72975
10 3578 0 100 121558136 2.82975 2.82975
38 3516 0 100 154284792 2.82975 2.82975
33 3524 0 100 88844752 2.92975 2.92975
19 3541 0 100 88874408 2.92975 2.92975
32 3562 0 100 154266424 2.92975 2.92975
46 3560 0 100 88852032 3.02975 3.02975
59 3553 0 100 88866460 3.12975 3.12975
43 3532 0 100 121547606 3.12975 3.12975
35 3577 0 100 121534460 3.22975 3.22975
56 3527 0 100 88865272 3.32975 3.32975
58 3588 0 100 88866272 3.62975 3.62975
28 3573 0 100 88875544 3.62975 3.62975
1 3523 0 100 121556414 3.62975 3.62975
30 3576 0 100 88846904 3.92975 3.92975
52 3568 0 100 154259472 3.92975 3.92975
44 3557 0 100 121531442 4.02975 4.02975
37 3530 0 100 121566734 4.22975 4.22975
27 3533 0 100 88870268 4.32975 4.32975
47 3538 0 100 88862568 4.42975 4.42975
4 3520 0 100 121544144 4.42975 4.42975
42 3572 0 100 121554446 4.52975 4.52975
7 3550 0 100 154293552 4.52975 4.52975
3 3554 0 100 121565654 4.62975 4.62975
51 3515 0 100 154243824 4.62975 4.62975
20 3536 0 100 121570802 4.72975 4.72975
23 3539 0 100 88844040 4.92975 4.92975
11 3579 0 100 88856712 4.92975 4.92975
29 3569 0 100 121561892 5.42975 5.42975
22 3514 0 100 121547966 5.62975 5.62975
26 3537 0 100 154284856 5.62975 5.62975
53 3584 0 100 88866536 5.72975 5.72975
48 3534 0 100 154286344 5.72975 5.72975
57 3544 0 100 121568108 5.82975 5.82975
12 3555 0 100 121565000 5.92975 5.92975
50 3518 0 100 154305128 5.92975 5.92975
60 3556 0 100 121536296 6.02975 6.02975
21 3546 0 100 121549916 6.02975 6.02975
17 3510 0 100 121554458 6.02975 6.02975
55 3566 0 100 121571384 6.02975 6.02975
54 3586 0 100 88870052 6.12975 6.12975
40 3531 0 100 121560236 6.22975 6.22975
31 3521 0 100 154267576 6.22975 6.22975
14 3529 0 100 121546400 6.32975 6.32975
49 3564 0 100 154275248 6.32975 6.32975
45 3575 0 100 88845248 6.42975 6.42975
24 3551 0 100 154261896 6.72975 6.72975
18 3583 0 100 154253584 7.62975 7.62975
