9 3121 1.0546
4 3122 1.0772
22 3123 1.09519
8 3125 1.13153
14 3126 1.18487
12 3128 1.22352
7 3131 1.42136
26 3132 1.43848
30 3133 1.47365
21 3135 1.51017
36 3136 1.52875
10 3137 1.54086
3 3139 1.64161
27 3140 1.68285
6 3141 1.69392
2 3143 1.73825
37 3144 1.74878
13 3145 1.7728
11 3146 1.7859
15 3147 1.80922
20 3150 1.93668
18 3151 1.96036
28 3153 2.08696
17 3154 2.10537
19 3156 2.11412
23 3157 2.12321
25 3158 2.14529
38 3159 2.15716
31 3160 2.20897
40 3162 2.24316
29 3163 2.24337
32 3164 2.26163
24 3166 2.3494
5 3167 2.37435
39 3171 2.63522
34 3172 2.68778
1 3173 2.69341
35 3175 2.71742
33 3176 2.78169
16 3179 2.91275
