21 0.8 0.016 0.784
44 0.8 0.016 0.784
63 0.8 0.016 0.784
21 0.784 0.16 0.624
8 0.8 0.16 0.64
44 0.784 0.16 0.624
63 0.784 0.16 0.624
63 0.624 0.16 0.464
8 0.64 0.16 0.48
44 0.624 0.16 0.464
44 0.464 0.16 0.304
8 0.48 0.16 0.32
8 0.394661 0.016 0.378661
8 0.378661 0.16 0.218661
71 0.8 0.016 0.784
71 0.784 0.16 0.624
46 0.8 0.016 0.784
69 0.8 0.016 0.784
46 0.784 0.16 0.624
69 0.784 0.16 0.624
69 0.624 0.16 0.464
52 0.8 0.16 0.64
52 0.711313 0.016 0.695313
52 0.695313 0.16 0.535313
28 0.8 0.16 0.64
28 0.790757 0.016 0.774757
55 0.8 0.016 0.784
28 0.774757 0.16 0.614757
55 0.784 0.16 0.624
51 0.8 0.16 0.64
51 0.716214 0.016 0.700214
64 0.8 0.016 0.784
51 0.700214 0.16 0.540214
7 0.8 0.16 0.64
64 0.784 0.16 0.624
64 0.624 0.16 0.464
7 0.64 0.16 0.48
7 0.553356 0.016 0.537356
7 0.537356 0.16 0.377356
22 0.8 0.016 0.784
37 0.8 0.016 0.784
37 0.784 0.16 0.624
22 0.784 0.16 0.624
73 0.8 0.16 0.64
73 0.64 0.16 0.48
73 0.55699 0.016 0.54099
73 0.54099 0.16 0.38099
4 0.8 0.016 0.784
66 0.8 0.016 0.784
80 0.8 0.016 0.784
4 0.784 0.16 0.624
66 0.784 0.16 0.624
80 0.784 0.16 0.624
80 0.624 0.16 0.464
80 0.464 0.16 0.304
45 0.8 0.016 0.784
47 0.8 0.016 0.784
61 0.8 0.016 0.784
62 0.8 0.016 0.784
61 0.784 0.16 0.624
27 0.8 0.16 0.64
45 0.784 0.16 0.624
47 0.784 0.16 0.624
58 0.8 0.16 0.64
62 0.784 0.16 0.624
45 0.624 0.16 0.464
47 0.624 0.16 0.464
62 0.624 0.16 0.464
27 0.64 0.16 0.48
58 0.64 0.16 0.48
27 0.48 0.16 0.32
58 0.48 0.16 0.32
27 0.32 0.16 0.16
58 0.32 0.16 0.16
27 0.23459 0.016 0.21859
58 0.232387 0.016 0.216387
58 0.216387 0.16 0.0563875
27 0.21859 0.16 0.0585895
34 0.8 0.16 0.64
27 0.137395 0.016 0.121395
34 0.710627 0.016 0.694627
34 0.694627 0.16 0.534627
27 0.121395 0.16 -0.0386048
79 0.8 0.16 0.64
27 0.0731737 0.016 0.0571737
35 0.8 0.016 0.784
79 0.710023 0.016 0.694023
79 0.694023 0.16 0.534023
35 0.784 0.16 0.624
35 0.624 0.16 0.464
15 0.8 0.16 0.64
15 0.714227 0.016 0.698227
15 0.698227 0.16 0.538227
19 0.8 0.16 0.64
39 0.8 0.16 0.64
67 0.8 0.16 0.64
19 0.71931 0.016 0.70331
39 0.717353 0.016 0.701353
67 0.717632 0.016 0.701632
39 0.701353 0.16 0.541353
19 0.70331 0.16 0.54331
67 0.701632 0.16 0.541632
19 0.54331 0.16 0.38331
67 0.541632 0.16 0.381632
6 0.8 0.16 0.64
6 0.64 0.16 0.48
6 0.552444 0.016 0.536444
6 0.536444 0.16 0.376444
27 0.287352 0.16 0.127352
27 0.205042 0.16 0.0450425
49 0.8 0.016 0.784
49 0.784 0.16 0.624
18 0.8 0.16 0.64
18 0.713944 0.016 0.697944
54 0.8 0.016 0.784
18 0.697944 0.16 0.537944
54 0.784 0.16 0.624
54 0.624 0.16 0.464
33 0.8 0.16 0.64
33 0.712658 0.016 0.696658
33 0.696658 0.16 0.536658
3 0.8 0.16 0.64
3 0.71795 0.016 0.70195
3 0.70195 0.16 0.54195
57 0.8 0.016 0.784
57 0.784 0.16 0.624
16 0.8 0.16 0.64
50 0.8 0.16 0.64
16 0.712494 0.016 0.696494
50 0.715996 0.016 0.699996
16 0.696494 0.16 0.536494
31 0.8 0.16 0.64
50 0.699996 0.16 0.539996
50 0.539996 0.16 0.379996
27 0.493308 0.16 0.333308
31 0.64 0.16 0.48
31 0.552986 0.016 0.536986
31 0.536986 0.16 0.376986
36 0.8 0.16 0.64
36 0.715643 0.016 0.699643
36 0.699643 0.16 0.539643
68 0.8 0.016 0.784
68 0.784 0.16 0.624
72 0.8 0.16 0.64
72 0.710976 0.016 0.694976
72 0.694976 0.16 0.534976
48 0.8 0.16 0.64
75 0.8 0.16 0.64
2 0.8 0.016 0.784
48 0.713229 0.016 0.697229
75 0.712737 0.016 0.696737
48 0.697229 0.16 0.537229
2 0.784 0.16 0.624
75 0.696737 0.16 0.536737
2 0.624 0.16 0.464
75 0.536737 0.16 0.376737
32 0.8 0.016 0.784
32 0.784 0.16 0.624
53 0.8 0.16 0.64
53 0.716205 0.016 0.700205
53 0.700205 0.16 0.540205
1 0.8 0.016 0.784
9 0.8 0.016 0.784
12 0.8 0.016 0.784
14 0.8 0.016 0.784
38 0.8 0.016 0.784
1 0.784 0.16 0.624
12 0.784 0.16 0.624
9 0.784 0.16 0.624
13 0.8 0.16 0.64
14 0.784 0.16 0.624
38 0.784 0.16 0.624
9 0.624 0.16 0.464
13 0.64 0.16 0.48
14 0.624 0.16 0.464
38 0.624 0.16 0.464
14 0.464 0.16 0.304
9 0.464 0.16 0.304
13 0.48 0.16 0.32
38 0.464 0.16 0.304
13 0.32 0.16 0.16
38 0.304 0.16 0.144
42 0.8 0.16 0.64
13 0.23986 0.016 0.22386
38 0.220882 0.016 0.204882
42 0.710521 0.016 0.694521
59 0.8 0.016 0.784
38 0.204882 0.16 0.0448824
13 0.22386 0.16 0.0638597
42 0.694521 0.16 0.534521
59 0.784 0.16 0.624
42 0.534521 0.16 0.374521
59 0.624 0.16 0.464
13 0.0638597 0.16 -0.0961403
17 0.8 0.16 0.64
13 0 0.16 -0.16
17 0.64 0.16 0.48
13 0.0741358 0.016 0.0581358
17 0.558305 0.016 0.542305
17 0.542305 0.16 0.382305
10 0.8 0.016 0.784
10 0.784 0.16 0.624
30 0.8 0.016 0.784
38 0.343656 0.16 0.183656
30 0.784 0.16 0.624
13 0.284575 0.16 0.124575
13 0.194634 0.16 0.0346336
40 0.8 0.016 0.784
43 0.8 0.016 0.784
77 0.8 0.016 0.784
77 0.784 0.16 0.624
20 0.8 0.16 0.64
40 0.784 0.16 0.624
43 0.784 0.16 0.624
40 0.624 0.16 0.464
43 0.624 0.16 0.464
20 0.64 0.16 0.48
20 0.48 0.16 0.32
20 0.397788 0.016 0.381788
20 0.381788 0.16 0.221788
11 0.8 0.016 0.784
26 0.8 0.016 0.784
56 0.8 0.016 0.784
26 0.784 0.16 0.624
11 0.784 0.16 0.624
56 0.784 0.16 0.624
11 0.624 0.16 0.464
56 0.624 0.16 0.464
65 0.8 0.16 0.64
56 0.464 0.16 0.304
29 0.8 0.16 0.64
41 0.8 0.16 0.64
65 0.64 0.16 0.48
29 0.714814 0.016 0.698814
65 0.559512 0.016 0.543512
65 0.543512 0.16 0.383512
29 0.698814 0.16 0.538814
23 0.8 0.16 0.64
41 0.714446 0.16 0.554446
23 0.64 0.16 0.48
41 0.554446 0.16 0.394446
23 0.555122 0.016 0.539122
41 0.467519 0.016 0.451519
41 0.451519 0.16 0.291519
23 0.539122 0.16 0.379122
60 0.8 0.16 0.64
23 0.379122 0.16 0.219122
60 0.64 0.16 0.48
60 0.556485 0.016 0.540485
60 0.540485 0.16 0.380485
24 0.8 0.16 0.64
13 0.495965 0.16 0.335965
24 0.71556 0.016 0.69956
24 0.69956 0.16 0.53956
5 0.8 0.016 0.784
25 0.8 0.016 0.784
70 0.8 0.016 0.784
74 0.8 0.016 0.784
78 0.8 0.016 0.784
78 0.784 0.16 0.624
5 0.784 0.16 0.624
25 0.784 0.16 0.624
70 0.784 0.16 0.624
74 0.784 0.16 0.624
74 0.624 0.16 0.464
25 0.624 0.16 0.464
70 0.624 0.16 0.464
5 0.624 0.16 0.464
5 0.464 0.16 0.304
5 0.304 0.16 0.144
5 0.221141 0.016 0.205141
5 0.205141 0.16 0.0451412
76 0.8 0.016 0.784
76 0.784 0.16 0.624
5 0.345306 0.16 0.185306
