7 0.8 0.016 0.784
7 0.784 0.16 0.624
36 0.8 0.016 0.784
36 0.784 0.16 0.624
6 0.8 0.016 0.784
18 0.8 0.016 0.784
6 0.784 0.16 0.624
18 0.784 0.16 0.624
18 0.624 0.16 0.464
22 0.8 0.016 0.784
22 0.784 0.16 0.624
8 0.8 0.016 0.784
8 0.784 0.16 0.624
12 0.8 0.16 0.64
26 0.8 0.16 0.64
12 0.710035 0.016 0.694035
24 0.8 0.016 0.784
26 0.710304 0.016 0.694304
12 0.694035 0.16 0.534035
26 0.694304 0.16 0.534304
27 0.8 0.16 0.64
24 0.784 0.16 0.624
24 0.624 0.16 0.464
27 0.719958 0.016 0.703958
27 0.703958 0.16 0.543958
29 0.8 0.016 0.784
29 0.784 0.16 0.624
35 0.8 0.016 0.784
35 0.784 0.16 0.624
23 0.8 0.16 0.64
23 0.718305 0.016 0.702305
23 0.702305 0.16 0.542305
21 0.8 0.016 0.784
32 0.8 0.016 0.784
32 0.784 0.16 0.624
21 0.784 0.16 0.624
21 0.624 0.16 0.464
39 0.8 0.016 0.784
39 0.784 0.16 0.624
11 0.8 0.016 0.784
14 0.8 0.016 0.784
25 0.8 0.016 0.784
11 0.784 0.16 0.624
14 0.784 0.16 0.624
25 0.784 0.16 0.624
14 0.624 0.16 0.464
25 0.624 0.16 0.464
25 0.464 0.16 0.304
9 0.8 0.016 0.784
13 0.8 0.016 0.784
9 0.784 0.16 0.624
13 0.784 0.16 0.624
31 0.8 0.16 0.64
31 0.713207 0.016 0.697207
31 0.697207 0.16 0.537207
17 0.8 0.16 0.64
17 0.711705 0.016 0.695705
17 0.695705 0.16 0.535705
10 0.8 0.016 0.784
10 0.784 0.16 0.624
19 0.8 0.16 0.64
37 0.8 0.16 0.64
19 0.713403 0.016 0.697403
37 0.71488 0.016 0.69888
37 0.69888 0.16 0.53888
19 0.697403 0.16 0.537403
15 0.8 0.016 0.784
15 0.784 0.16 0.624
3 0.8 0.16 0.64
3 0.714443 0.016 0.698443
3 0.698443 0.16 0.538443
40 0.8 0.016 0.784
40 0.784 0.16 0.624
38 0.8 0.016 0.784
38 0.784 0.16 0.624
4 0.8 0.16 0.64
4 0.715646 0.016 0.699646
5 0.8 0.016 0.784
4 0.699646 0.16 0.539646
5 0.784 0.16 0.624
5 0.624 0.16 0.464
2 0.8 0.016 0.784
2 0.784 0.16 0.624
30 0.8 0.016 0.784
30 0.784 0.16 0.624
20 0.8 0.016 0.784
20 0.784 0.16 0.624
34 0.8 0.16 0.64
34 0.711318 0.016 0.695318
34 0.695318 0.16 0.535318
1 0.8 0.016 0.784
28 0.8 0.016 0.784
33 0.8 0.016 0.784
28 0.784 0.16 0.624
1 0.784 0.16 0.624
33 0.784 0.16 0.624
33 0.624 0.16 0.464
33 0.464 0.16 0.304
16 0.8 0.16 0.64
16 0.718328 0.016 0.702328
16 0.702328 0.16 0.542328
