9 0.8 0.016 0.784
9 0.784 0.16 0.624
38 0.8 0.016 0.784
40 0.8 0.016 0.784
44 0.8 0.016 0.784
47 0.8 0.016 0.784
47 0.784 0.16 0.624
40 0.784 0.16 0.624
44 0.784 0.16 0.624
38 0.784 0.16 0.624
16 0.8 0.016 0.784
42 0.8 0.016 0.784
42 0.784 0.16 0.624
16 0.784 0.16 0.624
18 0.8 0.016 0.784
18 0.784 0.16 0.624
5 0.8 0.16 0.64
35 0.8 0.16 0.64
5 0.71951 0.016 0.70351
35 0.716519 0.016 0.700519
5 0.70351 0.16 0.54351
35 0.700519 0.16 0.540519
35 0.540519 0.16 0.380519
30 0.8 0.016 0.784
33 0.8 0.016 0.784
33 0.784 0.16 0.624
30 0.784 0.16 0.624
10 0.8 0.016 0.784
10 0.784 0.16 0.624
11 0.8 0.16 0.64
25 0.8 0.16 0.64
11 0.713582 0.016 0.697582
25 0.710894 0.016 0.694894
11 0.697582 0.16 0.537582
25 0.694894 0.16 0.534894
36 0.8 0.16 0.64
36 0.64 0.16 0.48
36 0.556892 0.016 0.540892
36 0.540892 0.16 0.380892
37 0.8 0.016 0.784
37 0.784 0.16 0.624
4 0.8 0.16 0.64
17 0.8 0.16 0.64
26 0.8 0.16 0.64
41 0.8 0.16 0.64
4 0.71968 0.016 0.70368
17 0.718365 0.016 0.702365
26 0.718382 0.016 0.702382
41 0.716491 0.016 0.700491
41 0.700491 0.16 0.540491
17 0.702365 0.16 0.542365
4 0.70368 0.16 0.54368
26 0.702382 0.16 0.542382
26 0.542382 0.16 0.382382
26 0.382382 0.16 0.222382
26 0.222382 0.16 0.0623816
14 0.8 0.016 0.784
15 0.8 0.016 0.784
14 0.784 0.16 0.624
15 0.784 0.16 0.624
43 0.8 0.16 0.64
15 0.624 0.16 0.464
43 0.64 0.16 0.48
43 0.558285 0.016 0.542285
43 0.542285 0.16 0.382285
45 0.8 0.016 0.784
45 0.784 0.16 0.624
23 0.8 0.016 0.784
27 0.8 0.016 0.784
27 0.784 0.16 0.624
23 0.784 0.16 0.624
13 0.8 0.016 0.784
24 0.8 0.016 0.784
13 0.784 0.16 0.624
24 0.784 0.16 0.624
22 0.8 0.016 0.784
50 0.8 0.016 0.784
22 0.784 0.16 0.624
50 0.784 0.16 0.624
7 0.8 0.16 0.64
7 0.64 0.16 0.48
7 0.550015 0.016 0.534015
7 0.534015 0.16 0.374015
1 0.8 0.16 0.64
1 0.714618 0.016 0.698618
1 0.698618 0.16 0.538618
31 0.8 0.16 0.64
31 0.715936 0.016 0.699936
31 0.699936 0.16 0.539936
20 0.8 0.016 0.784
20 0.784 0.16 0.624
6 0.8 0.16 0.64
28 0.8 0.16 0.64
6 0.716848 0.016 0.700848
28 0.715644 0.016 0.699644
6 0.700848 0.16 0.540848
28 0.699644 0.16 0.539644
46 0.8 0.16 0.64
28 0.539644 0.16 0.379644
46 0.64 0.16 0.48
46 0.550187 0.016 0.534187
46 0.534187 0.16 0.374187
49 0.8 0.016 0.784
49 0.784 0.16 0.624
3 0.8 0.016 0.784
12 0.8 0.016 0.784
12 0.784 0.16 0.624
3 0.784 0.16 0.624
3 0.624 0.16 0.464
32 0.8 0.016 0.784
32 0.784 0.16 0.624
19 0.8 0.016 0.784
19 0.784 0.16 0.624
29 0.8 0.16 0.64
29 0.714604 0.016 0.698604
29 0.698604 0.16 0.538604
2 0.8 0.16 0.64
2 0.710782 0.016 0.694782
2 0.694782 0.16 0.534782
8 0.8 0.016 0.784
8 0.784 0.16 0.624
21 0.8 0.016 0.784
21 0.784 0.16 0.624
39 0.8 0.016 0.784
48 0.8 0.016 0.784
48 0.784 0.16 0.624
39 0.784 0.16 0.624
34 0.8 0.016 0.784
34 0.784 0.16 0.624
