0 2930
0 2931
0 2932
0 2933
0 2934
0 2935
0 2936
0 2937
0 2938
0 2939
0 2940
0 2942
0 2943
0 2945
0 2946
0 2950
0 2952
0 2956
0 2959
0 2963
0 2964
0 2966
0 2968
0 2971
0 2973
0 2975
0 2977
0 2981
0 2984
11 2969
29 2974
30 2954
0 2988
0 2990
0 2991
0 2992
0 2993
0 2994
15 2970
0 2995
0 2996
17 2958
26 2967
0 2997
0 2998
0 2999
25 2951
0 3000
16 2972
0 3001
0 3002
0 3003
0 3004
3 2957
0 3005
2 2979
0 3006
0 3007
0 3008
24 2953
0 3009
0 3010
0 3011
0 3012
0 3013
5 2960
0 3014
8 2955
0 3015
20 2947
18 2962
0 3016
22 2961
23 2965
0 3017
13 2944
7 2941
10 2976
12 2948
0 3018
1 2980
0 3019
4 2978
0 3020
0 3021
0 3022
9 2949
0 3023
0 3024
0 3025
14 2986
0 3026
28 2983
0 3027
19 2987
0 3028
0 3029
0 3030
0 3031
0 3032
0 3033
6 2985
0 3034
21 2982
0 3035
0 3036
27 2989
0 3037
0 3038
0 3039
0 3040
0 3041
0 3042
0 3043
0 3044
0 3045
0 3046
0 3047
0 3048
0 3049
0 3050
0 3051
0 3052
0 3053
0 3054
0 3055
0 3056
0 3057
0 3058
0 3059
0 3060
0 3061
0 3062
0 3063
0 3064
0 3065
0 3066
0 3067
0 3068
0 3069
0 3070
0 3071
0 3072
0 3073
0 3074
0 3075
0 3076
0 3077
0 3078
0 3079
0 3080
0 3081
0 3082
0 3083
0 3084
0 3085
0 3086
0 3087
0 3088
0 3089
0 3090
0 3091
0 3092
0 3093
0 3094
0 3095
0 3096
0 3097
0 3098
0 3099
0 3100
0 3101
0 3102
0 3103
0 3104
0 3105
0 3106
0 3107
0 3108
0 3109
