11 2969 0 100 88850128 2.81235 2.81235
29 2974 0 100 154247400 2.81235 2.81235
30 2954 0 100 154264496 2.81235 2.81235
15 2970 0 100 88862460 3.41235 3.41235
17 2958 0 100 121542542 3.61235 3.61235
26 2967 0 100 154286904 3.61235 3.61235
25 2951 0 100 88861692 3.91235 3.91235
16 2972 0 100 121543904 4.01235 4.01235
3 2957 0 100 121550288 4.41235 4.41235
2 2979 0 100 154249424 4.51235 4.51235
24 2953 0 100 88861820 4.81235 4.81235
5 2960 0 100 154270256 5.31235 5.31235
8 2955 0 100 121559294 5.41235 5.41235
20 2947 0 100 121536086 5.51235 5.51235
18 2962 0 100 121566380 5.51235 5.51235
22 2961 0 100 88855296 5.61235 5.61235
23 2965 0 100 88872064 5.61235 5.61235
13 2944 0 100 88869260 5.71235 5.71235
7 2941 0 100 88871484 5.71235 5.71235
10 2976 0 100 121534568 5.71235 5.71235
12 2948 0 100 121574576 5.71235 5.71235
1 2980 0 100 88874356 5.81235 5.81235
4 2978 0 100 121529492 5.91235 5.91235
9 2949 0 100 121557284 6.21235 6.21235
14 2986 0 100 121546910 6.51235 6.51235
28 2983 0 100 88868300 6.61235 6.61235
19 2987 0 100 56202674 6.71235 6.71235
6 2985 0 100 121539350 7.31235 7.31235
21 2982 0 100 121547942 7.41235 7.41235
27 2989 0 100 121570730 7.61235 7.61235
