34 0.8 0.016 0.784
34 0.784 0.16 0.624
2 0.8 0.016 0.784
6 0.8 0.016 0.784
6 0.784 0.16 0.624
2 0.784 0.16 0.624
2 0.624 0.16 0.464
16 0.8 0.016 0.784
25 0.8 0.016 0.784
16 0.784 0.16 0.624
25 0.784 0.16 0.624
25 0.624 0.16 0.464
15 0.8 0.016 0.784
36 0.8 0.016 0.784
36 0.784 0.16 0.624
9 0.8 0.16 0.64
15 0.784 0.16 0.624
15 0.624 0.16 0.464
9 0.64 0.16 0.48
5 0.8 0.016 0.784
9 0.555878 0.016 0.539878
9 0.539878 0.16 0.379878
5 0.784 0.16 0.624
5 0.624 0.16 0.464
8 0.8 0.016 0.784
8 0.784 0.16 0.624
13 0.8 0.016 0.784
39 0.8 0.016 0.784
13 0.784 0.16 0.624
39 0.784 0.16 0.624
39 0.624 0.16 0.464
10 0.8 0.16 0.64
19 0.8 0.16 0.64
38 0.8 0.16 0.64
10 0.710037 0.016 0.694037
38 0.711548 0.016 0.695548
10 0.694037 0.16 0.534037
19 0.717614 0.16 0.557614
38 0.695548 0.16 0.535548
38 0.535548 0.16 0.375548
19 0.557614 0.16 0.397614
32 0.8 0.16 0.64
33 0.8 0.16 0.64
19 0.472065 0.016 0.456065
32 0.711915 0.016 0.695915
33 0.717377 0.016 0.701377
33 0.701377 0.16 0.541377
19 0.456065 0.16 0.296065
32 0.695915 0.16 0.535915
32 0.535915 0.16 0.375915
32 0.375915 0.16 0.215915
46 0.8 0.16 0.64
46 0.715709 0.016 0.699709
46 0.699709 0.16 0.539709
43 0.8 0.16 0.64
59 0.8 0.16 0.64
43 0.716792 0.016 0.700792
59 0.719406 0.016 0.703406
59 0.703406 0.16 0.543406
35 0.8 0.16 0.64
43 0.700792 0.16 0.540792
43 0.540792 0.16 0.380792
35 0.64 0.16 0.48
35 0.558399 0.016 0.542399
35 0.542399 0.16 0.382399
56 0.8 0.16 0.64
56 0.715887 0.016 0.699887
56 0.699887 0.16 0.539887
1 0.8 0.016 0.784
28 0.8 0.016 0.784
58 0.8 0.016 0.784
58 0.784 0.16 0.624
28 0.784 0.16 0.624
1 0.784 0.16 0.624
1 0.624 0.16 0.464
1 0.464 0.16 0.304
30 0.8 0.016 0.784
52 0.8 0.016 0.784
30 0.784 0.16 0.624
52 0.784 0.16 0.624
52 0.624 0.16 0.464
44 0.8 0.16 0.64
44 0.71918 0.016 0.70318
44 0.70318 0.16 0.54318
37 0.8 0.016 0.784
37 0.784 0.16 0.624
27 0.8 0.16 0.64
27 0.711183 0.016 0.695183
27 0.695183 0.16 0.535183
4 0.8 0.16 0.64
47 0.8 0.16 0.64
4 0.71369 0.016 0.69769
47 0.71097 0.016 0.69497
47 0.69497 0.16 0.53497
4 0.69769 0.16 0.53769
42 0.8 0.16 0.64
4 0.53769 0.16 0.37769
42 0.64 0.16 0.48
7 0.8 0.016 0.784
42 0.553231 0.016 0.537231
42 0.537231 0.16 0.377231
7 0.784 0.16 0.624
7 0.624 0.16 0.464
3 0.8 0.16 0.64
51 0.8 0.16 0.64
3 0.717502 0.016 0.701502
51 0.71257 0.016 0.69657
3 0.701502 0.16 0.541502
20 0.8 0.16 0.64
51 0.69657 0.16 0.53657
51 0.53657 0.16 0.37657
20 0.64 0.16 0.48
20 0.556572 0.016 0.540572
20 0.540572 0.16 0.380572
11 0.8 0.016 0.784
23 0.8 0.016 0.784
23 0.784 0.16 0.624
11 0.784 0.16 0.624
29 0.8 0.016 0.784
29 0.784 0.16 0.624
22 0.8 0.016 0.784
26 0.8 0.016 0.784
22 0.784 0.16 0.624
26 0.784 0.16 0.624
48 0.8 0.16 0.64
53 0.8 0.16 0.64
26 0.624 0.16 0.464
48 0.64 0.16 0.48
53 0.64 0.16 0.48
48 0.558893 0.016 0.542893
53 0.558063 0.016 0.542063
53 0.542063 0.16 0.382063
48 0.542893 0.16 0.382893
48 0.382893 0.16 0.222893
57 0.8 0.16 0.64
57 0.710652 0.016 0.694652
57 0.694652 0.16 0.534652
12 0.8 0.16 0.64
50 0.8 0.16 0.64
12 0.71015 0.016 0.69415
50 0.717935 0.016 0.701935
12 0.69415 0.16 0.53415
17 0.8 0.16 0.64
50 0.701935 0.16 0.541935
55 0.8 0.16 0.64
50 0.541935 0.16 0.381935
17 0.64 0.16 0.48
21 0.8 0.16 0.64
41 0.8 0.16 0.64
55 0.64 0.16 0.48
60 0.8 0.16 0.64
17 0.551527 0.016 0.535527
21 0.710077 0.016 0.694077
41 0.713665 0.016 0.697665
55 0.555199 0.016 0.539199
60 0.714052 0.016 0.698052
60 0.698052 0.16 0.538052
21 0.694077 0.16 0.534077
17 0.535527 0.16 0.375527
55 0.539199 0.16 0.379199
41 0.697665 0.16 0.537665
54 0.8 0.16 0.64
41 0.537665 0.16 0.377665
54 0.64 0.16 0.48
41 0.377665 0.16 0.217665
41 0.217665 0.16 0.0576649
41 0.136122 0.016 0.120122
54 0.550858 0.016 0.534858
54 0.534858 0.16 0.374858
31 0.8 0.16 0.64
40 0.8 0.16 0.64
41 0.120122 0.16 -0.0398782
31 0.716046 0.016 0.700046
40 0.716424 0.016 0.700424
40 0.700424 0.16 0.540424
14 0.8 0.16 0.64
31 0.700046 0.16 0.540046
31 0.540046 0.16 0.380046
14 0.715348 0.016 0.699348
49 0.8 0.016 0.784
14 0.699348 0.16 0.539348
45 0.8 0.16 0.64
49 0.784 0.16 0.624
49 0.624 0.16 0.464
45 0.64 0.16 0.48
45 0.556036 0.016 0.540036
45 0.540036 0.16 0.380036
41 0.312287 0.16 0.152287
41 0.225555 0.16 0.0655553
24 0.8 0.016 0.784
24 0.784 0.16 0.624
18 0.8 0.016 0.784
18 0.784 0.16 0.624
