34 1070 1.01499
16 1071 1.02106
40 1072 1.04298
20 1073 1.0472
27 1074 1.05099
8 1075 1.07041
28 1077 1.08126
39 1078 1.09377
25 1080 1.23345
30 1082 1.28968
22 1083 1.2961
10 1085 1.37751
12 1087 1.57146
15 1090 1.67875
19 1091 1.72303
6 1092 1.76278
7 1093 1.76648
33 1095 1.81955
26 1096 1.82255
17 1097 1.83582
11 1098 1.85849
21 1099 1.85975
36 1101 1.92001
14 1103 1.98257
29 1105 2.11011
35 1106 2.13544
13 1108 2.2096
18 1109 2.21717
38 1110 2.24066
31 1111 2.25228
2 1113 2.27651
4 1114 2.32539
24 1116 2.40373
9 1118 2.49192
23 1120 2.62456
3 1121 2.66992
37 1123 2.70161
32 1125 2.79248
5 1126 2.79647
1 1128 2.89845
