0 1880
0 1881
0 1882
0 1883
0 1884
0 1885
0 1886
0 1887
0 1888
0 1889
0 1891
0 1893
0 1897
0 1902
0 1909
0 1913
2 1904
0 1919
0 1925
42 1905
0 1929
0 1932
0 1936
74 1926
0 1943
66 1938
77 1894
0 1949
9 1908
0 1954
0 1962
3 1956
46 1939
0 1965
0 1970
4 1935
41 1960
0 1975
15 1928
0 1980
30 1945
59 1944
0 1986
69 1957
0 1990
39 1890
0 1991
53 1947
61 1953
0 1992
27 1931
0 1993
35 1942
0 1994
64 1987
32 1988
0 1995
65 1921
0 1996
23 1972
67 1940
0 1997
73 1922
48 1924
10 1915
0 1998
22 1896
0 1999
34 1951
11 1933
72 1917
58 1989
0 2000
68 1895
45 1976
0 2001
79 1927
0 2002
37 1983
57 1898
0 2003
21 1930
0 2004
54 1973
38 1901
0 2005
50 1952
56 1916
24 1966
0 2006
0 2007
76 1920
43 1955
7 1914
0 2008
29 1912
62 1937
0 2009
49 1958
19 1911
6 1971
26 1892
0 2010
0 2011
0 2012
0 2013
0 2014
36 1923
17 1982
0 2015
1 1948
0 2016
44 1981
63 1967
0 2017
20 1907
60 1968
0 2018
5 1946
0 2019
8 1963
28 1969
0 2020
40 1978
0 2021
14 1900
70 1950
18 1974
0 2022
25 1906
0 2023
12 1910
80 1959
31 1899
0 2024
47 1903
0 2025
71 1918
0 2026
52 1934
0 2027
0 2028
51 1964
0 2029
33 1961
0 2030
13 1985
75 1979
78 1941
0 2031
55 1977
0 2032
0 2033
0 2034
0 2035
0 2036
0 2037
0 2038
16 1984
0 2039
0 2040
0 2041
0 2042
0 2043
0 2044
0 2045
0 2046
0 2047
0 2048
0 2049
0 2050
0 2051
0 2052
0 2053
0 2054
0 2055
0 2056
0 2057
0 2058
0 2059
0 2060
0 2061
0 2062
0 2063
0 2064
0 2065
0 2066
0 2067
0 2068
0 2069
0 2070
0 2071
0 2072
0 2073
0 2074
0 2075
0 2076
0 2077
0 2078
0 2079
0 2080
0 2081
0 2082
0 2083
0 2084
0 2085
0 2086
0 2087
0 2088
0 2089
0 2090
0 2091
0 2092
0 2093
0 2094
0 2095
0 2096
0 2097
0 2098
0 2099
0 2100
0 2101
0 2102
0 2103
0 2104
0 2105
0 2106
0 2107
0 2108
0 2109
