30 1082 0 100 32673510 1.47289 1.47289
25 1080 0 100 32681432 1.57289 1.57289
10 1085 0 100 32658146 1.87289 1.87289
27 1074 0 100 32667178 2.17289 2.17289
35 1106 0 100 32652138 2.37289 2.37289
33 1095 0 100 32661986 2.77289 2.77289
16 1071 0 100 32678396 2.97289 2.97289
9 1118 0 100 32672110 3.17289 3.17289
37 1123 0 100 32676784 3.27289 3.27289
36 1101 0 100 32655240 3.37289 3.37289
3 1121 0 100 32676374 3.57289 3.57289
39 1078 0 100 32672240 3.67289 3.67289
29 1105 0 100 32649634 3.67289 3.67289
1 1128 0 100 32648288 3.67289 3.67289
5 1126 0 100 32654556 3.77289 3.77289
40 1072 0 100 32665522 3.77289 3.77289
17 1097 0 100 32658656 3.87289 3.87289
4 1114 0 100 32676300 3.87289 3.87289
8 1075 0 100 32655160 3.97289 3.97289
2 1113 0 100 32678936 3.97289 3.97289
13 1108 0 100 32671132 4.67289 4.67289
34 1070 0 100 32678308 4.67289 4.67289
26 1096 0 100 32649142 5.37289 5.37289
15 1090 0 100 32634572 5.47289 5.47289
22 1083 0 100 32656002 5.57289 5.57289
12 1087 0 100 32648388 5.57289 5.57289
28 1077 0 100 32651260 5.67289 5.67289
23 1120 0 100 32639692 5.67289 5.67289
21 1099 0 100 32647178 5.97289 5.97289
20 1073 0 100 32680410 6.07289 6.07289
38 1110 0 100 32673882 6.27289 6.27289
7 1093 0 100 32664988 6.27289 6.27289
11 1098 0 100 32677248 6.37289 6.37289
14 1103 0 100 32652786 6.37289 6.37289
24 1116 0 100 32647278 6.67289 6.67289
19 1091 0 100 32650232 6.77289 6.77289
18 1109 0 100 32653156 7.27289 7.27289
31 1111 0 100 32647752 7.37289 7.37289
32 1125 0 100 32672182 7.77289 7.77289
