2 0.8 0.016 0.784
2 0.784 0.16 0.624
42 0.8 0.016 0.784
42 0.784 0.16 0.624
74 0.8 0.016 0.784
74 0.784 0.16 0.624
77 0.8 0.16 0.64
66 0.8 0.016 0.784
77 0.712303 0.016 0.696303
66 0.784 0.16 0.624
77 0.696303 0.16 0.536303
9 0.8 0.16 0.64
9 0.714111 0.016 0.698111
9 0.698111 0.16 0.538111
3 0.8 0.016 0.784
46 0.8 0.016 0.784
3 0.784 0.16 0.624
46 0.784 0.16 0.624
4 0.8 0.016 0.784
41 0.8 0.016 0.784
4 0.784 0.16 0.624
41 0.784 0.16 0.624
15 0.8 0.16 0.64
30 0.8 0.16 0.64
15 0.713837 0.016 0.697837
15 0.697837 0.16 0.537837
30 0.711372 0.16 0.551372
59 0.8 0.16 0.64
30 0.625148 0.016 0.609148
59 0.715822 0.016 0.699822
30 0.609148 0.16 0.449148
59 0.699822 0.16 0.539822
69 0.8 0.016 0.784
69 0.784 0.16 0.624
39 0.8 0.16 0.64
39 0.717703 0.016 0.701703
39 0.701703 0.16 0.541703
53 0.8 0.016 0.784
61 0.8 0.016 0.784
53 0.784 0.16 0.624
61 0.784 0.16 0.624
27 0.8 0.16 0.64
27 0.717933 0.016 0.701933
27 0.701933 0.16 0.541933
35 0.8 0.16 0.64
35 0.71143 0.016 0.69543
35 0.69543 0.16 0.53543
32 0.8 0.16 0.64
64 0.8 0.16 0.64
32 0.716432 0.016 0.700432
64 0.713688 0.016 0.697688
64 0.697688 0.16 0.537688
32 0.700432 0.16 0.540432
65 0.8 0.16 0.64
65 0.64 0.16 0.48
65 0.555838 0.016 0.539838
65 0.539838 0.16 0.379838
67 0.8 0.16 0.64
23 0.8 0.016 0.784
67 0.715438 0.016 0.699438
23 0.784 0.16 0.624
67 0.699438 0.16 0.539438
73 0.8 0.16 0.64
10 0.8 0.16 0.64
48 0.8 0.16 0.64
10 0.711549 0.016 0.695549
48 0.715828 0.016 0.699828
73 0.712177 0.016 0.696177
73 0.696177 0.16 0.536177
48 0.699828 0.16 0.539828
10 0.695549 0.16 0.535549
22 0.8 0.16 0.64
22 0.64 0.16 0.48
22 0.558519 0.016 0.542519
22 0.542519 0.16 0.382519
11 0.8 0.16 0.64
34 0.8 0.16 0.64
58 0.8 0.16 0.64
11 0.711064 0.016 0.695064
34 0.716128 0.016 0.700128
58 0.719334 0.016 0.703334
72 0.8 0.016 0.784
34 0.700128 0.16 0.540128
11 0.695064 0.16 0.535064
72 0.784 0.16 0.624
58 0.703334 0.16 0.543334
45 0.8 0.16 0.64
45 0.64 0.16 0.48
68 0.8 0.16 0.64
45 0.48 0.16 0.32
45 0.391791 0.016 0.375791
68 0.717151 0.016 0.701151
68 0.701151 0.16 0.541151
45 0.375791 0.16 0.215791
79 0.8 0.16 0.64
79 0.64 0.16 0.48
79 0.559881 0.016 0.543881
79 0.543881 0.16 0.383881
37 0.8 0.16 0.64
57 0.8 0.16 0.64
37 0.712007 0.016 0.696007
57 0.712214 0.016 0.696214
37 0.696007 0.16 0.536007
57 0.696214 0.16 0.536214
21 0.8 0.016 0.784
21 0.784 0.16 0.624
50 0.8 0.16 0.64
54 0.8 0.16 0.64
38 0.8 0.016 0.784
54 0.718953 0.016 0.702953
54 0.702953 0.16 0.542953
38 0.784 0.16 0.624
24 0.8 0.16 0.64
50 0.716455 0.16 0.556455
56 0.8 0.16 0.64
24 0.64 0.16 0.48
50 0.556455 0.16 0.396455
56 0.64 0.16 0.48
24 0.558276 0.016 0.542276
50 0.474985 0.016 0.458985
56 0.556336 0.016 0.540336
50 0.458985 0.16 0.298985
56 0.540336 0.16 0.380336
24 0.542276 0.16 0.382276
76 0.8 0.16 0.64
7 0.8 0.016 0.784
43 0.8 0.016 0.784
76 0.793321 0.016 0.777321
76 0.777321 0.16 0.617321
43 0.784 0.16 0.624
7 0.784 0.16 0.624
29 0.8 0.16 0.64
29 0.64 0.16 0.48
29 0.48 0.16 0.32
29 0.39643 0.016 0.38043
62 0.8 0.016 0.784
29 0.38043 0.16 0.22043
62 0.784 0.16 0.624
6 0.8 0.16 0.64
19 0.8 0.16 0.64
26 0.8 0.16 0.64
49 0.8 0.16 0.64
6 0.714764 0.016 0.698764
19 0.714799 0.016 0.698799
26 0.716233 0.016 0.700233
49 0.719303 0.016 0.703303
49 0.703303 0.16 0.543303
19 0.698799 0.16 0.538799
6 0.698764 0.16 0.538764
26 0.700233 0.16 0.540233
17 0.8 0.016 0.784
36 0.8 0.016 0.784
36 0.784 0.16 0.624
17 0.784 0.16 0.624
1 0.8 0.16 0.64
1 0.64 0.16 0.48
1 0.550341 0.016 0.534341
1 0.534341 0.16 0.374341
63 0.8 0.16 0.64
44 0.8 0.016 0.784
63 0.712032 0.016 0.696032
44 0.784 0.16 0.624
63 0.696032 0.16 0.536032
60 0.8 0.16 0.64
20 0.8 0.016 0.784
60 0.715948 0.016 0.699948
20 0.784 0.16 0.624
60 0.699948 0.16 0.539948
5 0.8 0.016 0.784
5 0.784 0.16 0.624
8 0.8 0.16 0.64
28 0.8 0.16 0.64
8 0.710802 0.016 0.694802
28 0.714151 0.016 0.698151
8 0.694802 0.16 0.534802
28 0.698151 0.16 0.538151
40 0.8 0.016 0.784
40 0.784 0.16 0.624
14 0.8 0.16 0.64
18 0.8 0.16 0.64
70 0.8 0.16 0.64
14 0.718255 0.016 0.702255
18 0.713957 0.016 0.697957
70 0.719797 0.016 0.703797
14 0.702255 0.16 0.542255
70 0.703797 0.16 0.543797
18 0.697957 0.16 0.537957
25 0.8 0.16 0.64
25 0.64 0.16 0.48
31 0.8 0.16 0.64
25 0.48 0.16 0.32
25 0.398861 0.016 0.382861
25 0.382861 0.16 0.222861
12 0.8 0.16 0.64
31 0.718556 0.16 0.558556
47 0.8 0.16 0.64
80 0.8 0.16 0.64
12 0.710784 0.016 0.694784
31 0.633088 0.016 0.617088
80 0.71753 0.016 0.70153
12 0.694784 0.16 0.534784
80 0.70153 0.16 0.54153
31 0.617088 0.16 0.457088
47 0.714848 0.16 0.554848
47 0.554848 0.16 0.394848
71 0.8 0.16 0.64
47 0.394848 0.16 0.234848
47 0.305228 0.016 0.289228
47 0.289228 0.16 0.129228
71 0.719887 0.16 0.559887
71 0.637928 0.016 0.621928
71 0.621928 0.16 0.461928
52 0.8 0.16 0.64
52 0.712404 0.016 0.696404
52 0.696404 0.16 0.536404
51 0.8 0.016 0.784
51 0.784 0.16 0.624
33 0.8 0.016 0.784
33 0.784 0.16 0.624
13 0.8 0.16 0.64
75 0.8 0.16 0.64
78 0.8 0.16 0.64
13 0.716735 0.016 0.700735
75 0.717367 0.016 0.701367
78 0.713338 0.016 0.697338
13 0.700735 0.16 0.540735
75 0.701367 0.16 0.541367
78 0.697338 0.16 0.537338
55 0.8 0.016 0.784
55 0.784 0.16 0.624
16 0.8 0.016 0.784
16 0.784 0.16 0.624
