10 731 0 100 32624808 1.5204 1.5204
16 729 0 100 32664494 1.8204 1.8204
20 721 0 100 32643996 1.8204 1.8204
15 743 0 100 32653490 2.5204 2.5204
17 744 0 100 32666448 2.8204 2.8204
18 728 0 100 32668336 3.1204 3.1204
14 759 0 100 32649824 3.1204 3.1204
7 747 0 100 32676000 3.3204 3.3204
12 736 0 100 32638612 4.0204 4.0204
13 732 0 100 32648084 4.3204 4.3204
4 734 0 100 32677828 4.9204 4.9204
2 726 0 100 32659594 5.6204 5.6204
6 751 0 100 32655050 5.7204 5.7204
1 725 0 100 32662088 5.8204 5.8204
19 749 0 100 32645626 5.9204 5.9204
11 746 0 100 32649954 6.2204 6.2204
5 723 0 100 32646018 6.3204 6.3204
9 753 0 100 32665222 6.3204 6.3204
3 735 0 100 32668242 6.4204 6.4204
8 750 0 100 32681850 6.7204 6.7204
