0 2110
0 2111
0 2112
0 2113
0 2114
0 2115
0 2116
0 2117
0 2118
0 2119
0 2122
0 2124
0 2129
0 2132
0 2137
59 2123
0 2140
65 2134
0 2148
0 2155
56 2154
0 2163
49 2159
0 2169
6 2128
87 2127
67 2120
0 2174
0 2177
0 2179
32 2157
0 2183
50 2172
47 2161
0 2187
0 2196
64 2142
83 2184
0 2208
28 2207
54 2131
0 2211
66 2135
0 2216
12 2215
0 2222
68 2204
0 2230
20 2226
0 2231
73 2186
0 2232
71 2158
38 2212
0 2233
81 2197
0 2234
82 2176
86 2144
77 2198
11 2202
0 2235
84 2175
0 2236
26 2213
69 2130
0 2237
3 2223
44 2170
0 2238
0 2239
80 2145
7 2229
43 2218
0 2240
16 2173
58 2193
57 2209
33 2162
0 2241
48 2150
52 2136
78 2125
90 2143
0 2242
0 2243
13 2164
19 2156
0 2244
42 2192
0 2245
51 2151
30 2121
0 2246
0 2247
8 2185
15 2224
70 2171
23 2152
0 2248
53 2141
0 2249
62 2133
0 2250
24 2126
0 2251
0 2252
0 2253
1 2146
85 2153
0 2254
10 2139
60 2214
0 2255
76 2206
0 2256
9 2219
22 2221
41 2167
0 2257
0 2258
34 2168
0 2259
46 2205
18 2165
0 2260
72 2199
89 2181
45 2180
0 2261
0 2262
79 2227
21 2138
0 2263
37 2228
0 2264
4 2147
0 2265
5 2160
0 2266
35 2203
0 2267
63 2194
25 2149
27 2200
0 2268
55 2189
0 2269
75 2195
88 2166
74 2210
31 2220
0 2270
2 2182
14 2201
0 2271
40 2190
29 2178
17 2188
0 2272
0 2273
39 2225
61 2191
0 2274
0 2275
0 2276
0 2277
0 2278
0 2279
36 2217
0 2280
0 2281
0 2282
0 2283
0 2284
0 2285
0 2286
0 2287
0 2288
0 2289
0 2290
0 2291
0 2292
0 2293
0 2294
0 2295
0 2296
0 2297
0 2298
0 2299
0 2300
0 2301
0 2302
0 2303
0 2304
0 2305
0 2306
0 2307
0 2308
0 2309
0 2310
0 2311
0 2312
0 2313
0 2314
0 2315
0 2316
0 2317
0 2318
0 2319
0 2320
0 2321
0 2322
0 2323
0 2324
0 2325
0 2326
0 2327
0 2328
0 2329
0 2330
0 2331
0 2332
0 2333
0 2334
0 2335
0 2336
0 2337
0 2338
0 2339
0 2340
0 2341
0 2342
0 2343
0 2344
0 2345
0 2346
0 2347
0 2348
0 2349
