16 1285 0 100 32636174 1.68182 1.68182
15 1286 0 100 32674292 1.68182 1.68182
11 1267 0 100 32669282 1.68182 1.68182
28 1281 0 100 32653828 1.88182 1.88182
7 1271 0 100 32670012 2.08182 2.08182
20 1296 0 100 32652040 2.18182 2.18182
14 1311 0 100 32662194 2.58182 2.58182
35 1314 0 100 32668074 2.58182 2.58182
37 1294 0 100 32646748 2.78182 2.78182
19 1261 0 100 32655584 2.88182 2.88182
40 1317 0 100 32662872 2.88182 2.88182
36 1278 0 100 32660126 2.98182 2.98182
49 1293 0 100 32678820 3.18182 3.18182
13 1284 0 100 32659988 3.18182 3.18182
27 1264 0 100 32679652 3.38182 3.38182
12 1260 0 100 32659088 3.38182 3.38182
44 1313 0 100 32657262 3.68182 3.68182
39 1266 0 100 32672778 3.68182 3.68182
26 1305 0 100 32675732 3.78182 3.78182
2 1300 0 100 32682000 3.88182 3.88182
46 1268 0 100 32652520 4.28182 4.28182
41 1297 0 100 32649858 4.38182 4.38182
50 1279 0 100 32648528 4.68182 4.68182
42 1318 0 100 32676430 4.78182 4.78182
4 1275 0 100 32627850 4.78182 4.78182
45 1292 0 100 32670772 4.88182 4.88182
30 1262 0 100 32662536 4.98182 4.98182
48 1289 0 100 32675350 4.98182 4.98182
43 1283 0 100 32673692 4.98182 4.98182
6 1274 0 100 32651756 5.08182 5.08182
32 1322 0 100 32672142 5.38182 5.38182
38 1321 0 100 32652162 5.48182 5.48182
8 1327 0 100 32680800 5.68182 5.68182
29 1301 0 100 32665370 5.78182 5.78182
33 1273 0 100 32647608 5.98182 5.98182
25 1276 0 100 32654444 6.08182 6.08182
18 1319 0 100 32644646 6.08182 6.08182
21 1299 0 100 32667886 6.08182 6.08182
5 1272 0 100 32652006 6.18182 6.18182
1 1310 0 100 32638478 6.28182 6.28182
3 1308 0 100 32660286 6.38182 6.38182
34 1288 0 100 32676174 6.48182 6.48182
24 1328 0 100 32652160 6.98182 6.98182
31 1315 0 100 32667626 7.18182 7.18182
47 1325 0 100 32661262 7.18182 7.18182
17 1323 0 100 32663090 7.38182 7.38182
