0 1250
0 1251
0 1252
0 1253
0 1254
0 1255
0 1256
0 1257
0 1258
0 1259
0 1263
0 1265
0 1269
0 1270
0 1277
0 1282
0 1287
16 1285
15 1286
11 1267
0 1291
0 1295
28 1281
0 1298
0 1302
7 1271
0 1304
20 1296
0 1307
0 1309
0 1312
0 1316
10 1280
14 1311
22 1306
35 1314
0 1320
0 1324
23 1290
37 1294
0 1326
19 1261
40 1317
0 1329
36 1278
0 1330
0 1331
49 1293
13 1284
0 1332
0 1333
27 1264
12 1260
0 1334
0 1335
0 1336
44 1313
9 1303
39 1266
0 1337
26 1305
0 1338
2 1300
0 1339
0 1340
0 1341
0 1342
46 1268
0 1343
41 1297
0 1344
0 1345
0 1346
50 1279
0 1347
42 1318
4 1275
0 1348
45 1292
0 1349
30 1262
48 1289
43 1283
0 1350
6 1274
0 1351
0 1352
0 1353
32 1322
0 1354
38 1321
0 1355
0 1356
8 1327
0 1357
29 1301
0 1358
0 1359
33 1273
0 1360
25 1276
18 1319
21 1299
0 1361
5 1272
0 1362
1 1310
0 1363
3 1308
0 1364
34 1288
0 1365
0 1366
0 1367
0 1368
0 1369
24 1328
0 1370
0 1371
31 1315
47 1325
0 1372
0 1373
17 1323
0 1374
0 1375
0 1376
0 1377
0 1378
0 1379
0 1380
0 1381
0 1382
0 1383
0 1384
0 1385
0 1386
0 1387
0 1388
0 1389
0 1390
0 1391
0 1392
0 1393
0 1394
0 1395
0 1396
0 1397
0 1398
0 1399
0 1400
0 1401
0 1402
0 1403
0 1404
0 1405
0 1406
0 1407
0 1408
0 1409
0 1410
0 1411
0 1412
0 1413
0 1414
0 1415
0 1416
0 1417
0 1418
0 1419
0 1420
0 1421
0 1422
0 1423
0 1424
0 1425
0 1426
0 1427
0 1428
0 1429
0 1430
0 1431
0 1432
0 1433
0 1434
0 1435
0 1436
0 1437
0 1438
0 1439
0 1440
0 1441
0 1442
0 1443
0 1444
0 1445
0 1446
0 1447
0 1448
0 1449
