59 2123 0 100 32671548 1.43276 1.43276
65 2134 0 100 32662244 1.53276 1.53276
56 2154 0 100 32673012 1.73276 1.73276
49 2159 0 100 32673706 1.83276 1.83276
6 2128 0 100 32647430 1.93276 1.93276
87 2127 0 100 32655674 1.93276 1.93276
67 2120 0 100 32645716 1.93276 1.93276
32 2157 0 100 32661936 2.23276 2.23276
50 2172 0 100 32667690 2.33276 2.33276
47 2161 0 100 32677156 2.33276 2.33276
64 2142 0 100 32652920 2.53276 2.53276
83 2184 0 100 32650726 2.53276 2.53276
28 2207 0 100 32670754 2.63276 2.63276
54 2131 0 100 32630610 2.63276 2.63276
66 2135 0 100 32643170 2.73276 2.73276
12 2215 0 100 32633344 2.83276 2.83276
68 2204 0 100 32630658 2.93276 2.93276
20 2226 0 100 32657526 3.03276 3.03276
73 2186 0 100 32667528 3.13276 3.13276
71 2158 0 100 32654034 3.23276 3.23276
38 2212 0 100 32657886 3.23276 3.23276
81 2197 0 100 32669716 3.33276 3.33276
86 2144 0 100 32658270 3.43276 3.43276
77 2198 0 100 32635590 3.43276 3.43276
11 2202 0 100 32665688 3.43276 3.43276
84 2175 0 100 32639096 3.53276 3.53276
26 2213 0 100 32675734 3.63276 3.63276
69 2130 0 100 32652376 3.63276 3.63276
3 2223 0 100 32641434 3.73276 3.73276
44 2170 0 100 32655064 3.73276 3.73276
80 2145 0 100 32660266 3.93276 3.93276
7 2229 0 100 32658384 3.93276 3.93276
43 2218 0 100 32643670 3.93276 3.93276
58 2193 0 100 32675074 4.03276 4.03276
57 2209 0 100 32641382 4.03276 4.03276
33 2162 0 100 32654062 4.03276 4.03276
48 2150 0 100 32652114 4.13276 4.13276
78 2125 0 100 32661998 4.13276 4.13276
90 2143 0 100 32661572 4.13276 4.13276
13 2164 0 100 32668950 4.33276 4.33276
19 2156 0 100 32658410 4.33276 4.33276
42 2192 0 100 32670806 4.43276 4.43276
51 2151 0 100 32632074 4.53276 4.53276
30 2121 0 100 32658426 4.53276 4.53276
8 2185 0 100 32669052 4.73276 4.73276
15 2224 0 100 32648718 4.73276 4.73276
70 2171 0 100 32677182 4.73276 4.73276
23 2152 0 100 32670100 4.73276 4.73276
53 2141 0 100 32659620 4.83276 4.83276
62 2133 0 100 32669022 4.93276 4.93276
24 2126 0 100 32652848 5.03276 5.03276
85 2153 0 100 32682476 5.33276 5.33276
60 2214 0 100 32661292 5.43276 5.43276
76 2206 0 100 32650114 5.53276 5.53276
9 2219 0 100 32651672 5.63276 5.63276
41 2167 0 100 32648838 5.63276 5.63276
34 2168 0 100 32661396 5.83276 5.83276
46 2205 0 100 32666974 5.93276 5.93276
18 2165 0 100 32675118 5.93276 5.93276
89 2181 0 100 32672272 6.03276 6.03276
45 2180 0 100 32666800 6.03276 6.03276
79 2227 0 100 32641924 6.23276 6.23276
21 2138 0 100 32644598 6.23276 6.23276
37 2228 0 100 32681628 6.33276 6.33276
4 2147 0 100 32673228 6.43276 6.43276
5 2160 0 100 32661000 6.53276 6.53276
35 2203 0 100 32676208 6.63276 6.63276
63 2194 0 100 32652154 6.73276 6.73276
25 2149 0 100 32672200 6.73276 6.73276
27 2200 0 100 32648186 6.73276 6.73276
55 2189 0 100 32651890 6.83276 6.83276
75 2195 0 100 32682590 6.93276 6.93276
88 2166 0 100 32660842 6.93276 6.93276
74 2210 0 100 32632436 6.93276 6.93276
31 2220 0 100 32629726 6.93276 6.93276
2 2182 0 100 32641710 7.03276 7.03276
14 2201 0 100 32663974 7.03276 7.03276
40 2190 0 100 32656424 7.13276 7.13276
29 2178 0 100 32649042 7.13276 7.13276
17 2188 0 100 32654876 7.13276 7.13276
39 2225 0 100 32665334 7.33276 7.33276
61 2191 0 100 32663476 7.33276 7.33276
36 2217 0 100 32633648 7.93276 7.93276
