40 2371 0 100 32653260 1.40049 1.40049
59 2369 0 100 32655746 1.50049 1.50049
43 2382 0 100 32668628 1.50049 1.50049
53 2362 0 100 32672348 1.60049 1.60049
39 2378 0 100 32657514 1.90049 1.90049
23 2366 0 100 32643898 1.90049 1.90049
96 2367 0 100 32672322 2.20049 2.20049
47 2415 0 100 32668332 2.30049 2.30049
58 2385 0 100 32623414 2.30049 2.30049
24 2373 0 100 32675812 2.40049 2.40049
52 2421 0 100 32669722 2.50049 2.50049
93 2419 0 100 32680222 2.60049 2.60049
98 2392 0 100 32635268 2.70049 2.70049
74 2394 0 100 32624862 2.70049 2.70049
38 2437 0 100 32667338 2.80049 2.80049
86 2413 0 100 32675132 2.90049 2.90049
56 2427 0 100 32665408 2.90049 2.90049
84 2430 0 100 32636256 2.90049 2.90049
87 2383 0 100 32674300 2.90049 2.90049
25 2445 0 100 32659066 3.10049 3.10049
49 2377 0 100 32658144 3.10049 3.10049
30 2454 0 100 32661966 3.20049 3.20049
94 2412 0 100 32656766 3.20049 3.20049
72 2461 0 100 32661910 3.20049 3.20049
60 2439 0 100 32664888 3.30049 3.30049
34 2478 0 100 32661552 3.40049 3.40049
67 2436 0 100 32635534 3.40049 3.40049
36 2410 0 100 32672634 3.40049 3.40049
8 2379 0 100 32668432 3.40049 3.40049
100 2374 0 100 32644106 3.60049 3.60049
54 2448 0 100 32643356 3.70049 3.70049
97 2470 0 100 32665062 3.80049 3.80049
57 2365 0 100 32664584 3.90049 3.90049
55 2368 0 100 32671628 3.90049 3.90049
69 2401 0 100 32657086 4.10049 4.10049
77 2396 0 100 32659652 4.20049 4.20049
68 2417 0 100 32667420 4.20049 4.20049
63 2472 0 100 32679684 4.20049 4.20049
51 2398 0 100 32671260 4.20049 4.20049
81 2395 0 100 32676762 4.30049 4.30049
89 2452 0 100 32645046 4.40049 4.40049
3 2463 0 100 32661972 4.50049 4.50049
5 2399 0 100 32630996 4.50049 4.50049
79 2404 0 100 32677518 4.60049 4.60049
26 2457 0 100 32672236 4.60049 4.60049
12 2407 0 100 32664576 4.60049 4.60049
14 2406 0 100 32660380 4.70049 4.70049
10 2451 0 100 32630562 4.70049 4.70049
19 2428 0 100 32678126 4.70049 4.70049
42 2469 0 100 32657118 4.80049 4.80049
95 2462 0 100 32659298 4.90049 4.90049
88 2475 0 100 32668250 5.00049 5.00049
99 2464 0 100 32679950 5.40049 5.40049
66 2372 0 100 32665064 5.40049 5.40049
35 2416 0 100 32662918 5.40049 5.40049
22 2442 0 100 32631868 5.50049 5.50049
1 2440 0 100 32620168 5.50049 5.50049
82 2459 0 100 32664620 5.60049 5.60049
50 2433 0 100 32641340 5.60049 5.60049
16 2380 0 100 32665616 5.70049 5.70049
17 2389 0 100 32668878 5.70049 5.70049
44 2435 0 100 32682272 5.80049 5.80049
21 2423 0 100 32681252 5.80049 5.80049
27 2408 0 100 32674158 5.80049 5.80049
61 2405 0 100 32659676 6.10049 6.10049
65 2473 0 100 32681576 6.20049 6.20049
18 2397 0 100 32622580 6.20049 6.20049
31 2364 0 100 32639148 6.20049 6.20049
11 2400 0 100 32636778 6.30049 6.30049
73 2431 0 100 32639596 6.30049 6.30049
6 2381 0 100 32675486 6.40049 6.40049
75 2375 0 100 32662418 6.40049 6.40049
92 2422 0 100 32643584 6.50049 6.50049
48 2388 0 100 32662688 6.60049 6.60049
45 2460 0 100 32650356 6.70049 6.70049
78 2424 0 100 32650340 6.80049 6.80049
90 2477 0 100 32649792 6.80049 6.80049
80 2467 0 100 32665786 6.80049 6.80049
7 2456 0 100 32655586 6.90049 6.90049
29 2409 0 100 32642232 6.90049 6.90049
9 2429 0 100 32647080 7.00049 7.00049
85 2466 0 100 32637108 7.00049 7.00049
4 2468 0 100 32669802 7.10049 7.10049
71 2441 0 100 32667934 7.20049 7.20049
33 2425 0 100 32657570 7.20049 7.20049
70 2450 0 100 32666262 7.30049 7.30049
76 2479 0 100 32669940 7.30049 7.30049
83 2447 0 100 32652538 7.30049 7.30049
64 2446 0 100 32647868 7.40049 7.40049
15 2443 0 100 32674406 7.40049 7.40049
13 2471 0 100 32666600 7.70049 7.70049
