51 0.8 0.016 0.784
59 0.8 0.016 0.784
70 0.8 0.016 0.784
51 0.784 0.16 0.624
70 0.784 0.16 0.624
59 0.784 0.16 0.624
25 0.8 0.016 0.784
25 0.784 0.16 0.624
28 0.8 0.016 0.784
43 0.8 0.016 0.784
43 0.784 0.16 0.624
28 0.784 0.16 0.624
44 0.8 0.016 0.784
44 0.784 0.16 0.624
34 0.8 0.016 0.784
34 0.784 0.16 0.624
13 0.8 0.016 0.784
68 0.8 0.016 0.784
13 0.784 0.16 0.624
68 0.784 0.16 0.624
16 0.8 0.16 0.64
16 0.64 0.16 0.48
16 0.553211 0.016 0.537211
16 0.537211 0.16 0.377211
12 0.8 0.16 0.64
35 0.8 0.16 0.64
12 0.719911 0.016 0.703911
35 0.713608 0.016 0.697608
50 0.8 0.016 0.784
12 0.703911 0.16 0.543911
35 0.697608 0.16 0.537608
50 0.784 0.16 0.624
31 0.8 0.16 0.64
31 0.64 0.16 0.48
31 0.48 0.16 0.32
14 0.8 0.016 0.784
18 0.8 0.016 0.784
31 0.392468 0.016 0.376468
18 0.784 0.16 0.624
14 0.784 0.16 0.624
31 0.376468 0.16 0.216468
42 0.8 0.16 0.64
42 0.64 0.16 0.48
42 0.550641 0.016 0.534641
42 0.534641 0.16 0.374641
61 0.8 0.016 0.784
61 0.784 0.16 0.624
2 0.8 0.016 0.784
2 0.784 0.16 0.624
45 0.8 0.016 0.784
45 0.784 0.16 0.624
27 0.8 0.016 0.784
27 0.784 0.16 0.624
55 0.8 0.16 0.64
64 0.8 0.16 0.64
32 0.8 0.016 0.784
55 0.711925 0.016 0.695925
64 0.711557 0.016 0.695557
55 0.695925 0.16 0.535925
64 0.695557 0.16 0.535557
32 0.784 0.16 0.624
30 0.8 0.016 0.784
49 0.8 0.016 0.784
57 0.8 0.016 0.784
30 0.784 0.16 0.624
57 0.784 0.16 0.624
49 0.784 0.16 0.624
40 0.8 0.016 0.784
40 0.784 0.16 0.624
19 0.8 0.016 0.784
22 0.8 0.016 0.784
19 0.784 0.16 0.624
22 0.784 0.16 0.624
41 0.8 0.16 0.64
41 0.64 0.16 0.48
41 0.558967 0.016 0.542967
41 0.542967 0.16 0.382967
33 0.8 0.16 0.64
11 0.8 0.016 0.784
33 0.7194 0.016 0.7034
11 0.784 0.16 0.624
33 0.7034 0.16 0.5434
63 0.8 0.016 0.784
66 0.8 0.016 0.784
66 0.784 0.16 0.624
63 0.784 0.16 0.624
9 0.8 0.16 0.64
9 0.719822 0.016 0.703822
9 0.703822 0.16 0.543822
4 0.8 0.16 0.64
39 0.8 0.16 0.64
4 0.713315 0.016 0.697315
39 0.714586 0.016 0.698586
4 0.697315 0.16 0.537315
39 0.698586 0.16 0.538586
10 0.8 0.016 0.784
21 0.8 0.016 0.784
21 0.784 0.16 0.624
10 0.784 0.16 0.624
37 0.8 0.16 0.64
37 0.714055 0.016 0.698055
37 0.698055 0.16 0.538055
60 0.8 0.016 0.784
60 0.784 0.16 0.624
65 0.8 0.016 0.784
65 0.784 0.16 0.624
53 0.8 0.016 0.784
53 0.784 0.16 0.624
23 0.8 0.16 0.64
56 0.8 0.16 0.64
23 0.717674 0.016 0.701674
56 0.71398 0.016 0.69798
56 0.69798 0.16 0.53798
23 0.701674 0.16 0.541674
26 0.8 0.16 0.64
54 0.8 0.16 0.64
26 0.71079 0.016 0.69479
52 0.8 0.016 0.784
54 0.715693 0.016 0.699693
52 0.784 0.16 0.624
54 0.699693 0.16 0.539693
26 0.69479 0.16 0.53479
8 0.8 0.16 0.64
58 0.8 0.16 0.64
58 0.64 0.16 0.48
8 0.71254 0.016 0.69654
58 0.55759 0.016 0.54159
8 0.69654 0.16 0.53654
58 0.54159 0.16 0.38159
36 0.8 0.16 0.64
36 0.718997 0.016 0.702997
47 0.8 0.016 0.784
36 0.702997 0.16 0.542997
47 0.784 0.16 0.624
3 0.8 0.16 0.64
3 0.64 0.16 0.48
3 0.553412 0.016 0.537412
3 0.537412 0.16 0.377412
17 0.8 0.16 0.64
17 0.71977 0.016 0.70377
17 0.70377 0.16 0.54377
6 0.8 0.16 0.64
6 0.717549 0.016 0.701549
15 0.8 0.016 0.784
6 0.701549 0.16 0.541549
15 0.784 0.16 0.624
5 0.8 0.16 0.64
69 0.8 0.16 0.64
5 0.716032 0.016 0.700032
69 0.716043 0.016 0.700043
69 0.700043 0.16 0.540043
5 0.700032 0.16 0.540032
67 0.8 0.16 0.64
67 0.64 0.16 0.48
67 0.550702 0.016 0.534702
67 0.534702 0.16 0.374702
24 0.8 0.016 0.784
38 0.8 0.016 0.784
24 0.784 0.16 0.624
38 0.784 0.16 0.624
62 0.8 0.016 0.784
62 0.784 0.16 0.624
7 0.8 0.016 0.784
7 0.784 0.16 0.624
29 0.8 0.016 0.784
46 0.8 0.016 0.784
29 0.784 0.16 0.624
46 0.784 0.16 0.624
1 0.8 0.016 0.784
1 0.784 0.16 0.624
20 0.8 0.16 0.64
20 0.718622 0.016 0.702622
20 0.702622 0.16 0.542622
48 0.8 0.016 0.784
48 0.784 0.16 0.624
