4 0.8 0.016 0.784
4 0.784 0.16 0.624
28 0.8 0.016 0.784
28 0.784 0.16 0.624
59 0.8 0.016 0.784
59 0.784 0.16 0.624
46 0.8 0.16 0.64
12 0.8 0.016 0.784
46 0.716745 0.016 0.700745
46 0.700745 0.16 0.540745
12 0.784 0.16 0.624
24 0.8 0.16 0.64
24 0.79228 0.016 0.77628
24 0.77628 0.16 0.61628
16 0.8 0.016 0.784
26 0.8 0.016 0.784
16 0.784 0.16 0.624
26 0.784 0.16 0.624
55 0.8 0.016 0.784
55 0.784 0.16 0.624
30 0.8 0.16 0.64
44 0.8 0.16 0.64
48 0.8 0.16 0.64
30 0.717172 0.016 0.701172
44 0.714676 0.016 0.698676
48 0.711232 0.016 0.695232
44 0.698676 0.16 0.538676
30 0.701172 0.16 0.541172
48 0.695232 0.16 0.535232
11 0.8 0.016 0.784
11 0.784 0.16 0.624
17 0.8 0.16 0.64
31 0.8 0.16 0.64
38 0.8 0.16 0.64
45 0.8 0.16 0.64
17 0.712449 0.016 0.696449
38 0.716599 0.016 0.700599
45 0.716945 0.016 0.700945
38 0.700599 0.16 0.540599
17 0.696449 0.16 0.536449
45 0.700945 0.16 0.540945
31 0.718826 0.16 0.558826
58 0.8 0.16 0.64
31 0.558826 0.16 0.398826
58 0.64 0.16 0.48
31 0.398826 0.16 0.238826
58 0.48 0.16 0.32
31 0.314052 0.016 0.298052
54 0.8 0.016 0.784
58 0.396384 0.016 0.380384
31 0.298052 0.16 0.138052
54 0.784 0.16 0.624
58 0.380384 0.16 0.220384
9 0.8 0.016 0.784
9 0.784 0.16 0.624
32 0.8 0.16 0.64
32 0.713964 0.016 0.697964
57 0.8 0.016 0.784
32 0.697964 0.16 0.537964
57 0.784 0.16 0.624
25 0.8 0.016 0.784
25 0.784 0.16 0.624
23 0.8 0.016 0.784
23 0.784 0.16 0.624
37 0.8 0.016 0.784
39 0.8 0.016 0.784
37 0.784 0.16 0.624
39 0.784 0.16 0.624
8 0.8 0.16 0.64
14 0.8 0.16 0.64
52 0.8 0.16 0.64
8 0.714948 0.016 0.698948
14 0.712148 0.016 0.696148
14 0.696148 0.16 0.536148
8 0.698948 0.16 0.538948
6 0.8 0.16 0.64
33 0.8 0.16 0.64
52 0.719533 0.16 0.559533
6 0.64 0.16 0.48
33 0.64 0.16 0.48
52 0.559533 0.16 0.399533
6 0.552217 0.016 0.536217
33 0.551509 0.016 0.535509
52 0.474441 0.016 0.458441
33 0.535509 0.16 0.375509
52 0.458441 0.16 0.298441
6 0.536217 0.16 0.376217
40 0.8 0.016 0.784
40 0.784 0.16 0.624
13 0.8 0.16 0.64
15 0.8 0.16 0.64
13 0.714513 0.016 0.698513
15 0.714276 0.016 0.698276
15 0.698276 0.16 0.538276
13 0.698513 0.16 0.538513
53 0.8 0.16 0.64
53 0.64 0.16 0.48
3 0.8 0.016 0.784
53 0.550739 0.016 0.534739
3 0.784 0.16 0.624
53 0.534739 0.16 0.374739
19 0.8 0.16 0.64
19 0.64 0.16 0.48
19 0.557364 0.016 0.541364
19 0.541364 0.16 0.381364
5 0.8 0.016 0.784
43 0.8 0.016 0.784
43 0.784 0.16 0.624
5 0.784 0.16 0.624
47 0.8 0.16 0.64
47 0.716973 0.016 0.700973
47 0.700973 0.16 0.540973
51 0.8 0.16 0.64
51 0.710164 0.016 0.694164
51 0.694164 0.16 0.534164
7 0.8 0.016 0.784
7 0.784 0.16 0.624
18 0.8 0.016 0.784
18 0.784 0.16 0.624
21 0.8 0.16 0.64
50 0.8 0.16 0.64
50 0.718064 0.016 0.702064
50 0.702064 0.16 0.542064
21 0.713204 0.16 0.553204
49 0.8 0.16 0.64
21 0.626153 0.016 0.610153
49 0.714781 0.016 0.698781
21 0.610153 0.16 0.450153
49 0.698781 0.16 0.538781
20 0.8 0.016 0.784
41 0.8 0.016 0.784
41 0.784 0.16 0.624
20 0.784 0.16 0.624
1 0.8 0.16 0.64
1 0.64 0.16 0.48
1 0.551866 0.016 0.535866
1 0.535866 0.16 0.375866
36 0.8 0.016 0.784
36 0.784 0.16 0.624
35 0.8 0.016 0.784
35 0.784 0.16 0.624
56 0.8 0.016 0.784
56 0.784 0.16 0.624
27 0.8 0.16 0.64
60 0.8 0.16 0.64
27 0.710205 0.016 0.694205
60 0.712661 0.016 0.696661
60 0.696661 0.16 0.536661
27 0.694205 0.16 0.534205
29 0.8 0.16 0.64
34 0.8 0.16 0.64
29 0.710729 0.016 0.694729
34 0.715659 0.016 0.699659
29 0.694729 0.16 0.534729
34 0.699659 0.16 0.539659
42 0.8 0.16 0.64
42 0.64 0.16 0.48
42 0.555053 0.016 0.539053
42 0.539053 0.16 0.379053
10 0.8 0.016 0.784
10 0.784 0.16 0.624
2 0.8 0.016 0.784
2 0.784 0.16 0.624
22 0.8 0.016 0.784
22 0.784 0.16 0.624
