12 1260 1.00384
19 1261 1.01554
30 1262 1.03039
27 1264 1.1724
39 1266 1.20727
11 1267 1.23925
46 1268 1.26688
7 1271 1.39663
5 1272 1.39733
33 1273 1.39935
6 1274 1.40401
4 1275 1.45367
25 1276 1.46249
36 1278 1.49896
50 1279 1.53353
10 1280 1.53413
28 1281 1.54469
43 1283 1.60521
13 1284 1.60532
16 1285 1.61239
15 1286 1.67974
34 1288 1.7381
48 1289 1.75327
23 1290 1.75546
45 1292 1.80907
49 1293 1.86624
37 1294 1.87519
20 1296 1.9645
41 1297 1.97081
21 1299 2.00172
2 1300 2.05505
29 1301 2.05965
9 1303 2.14144
26 1305 2.22751
22 1306 2.23962
3 1308 2.37286
1 1310 2.3955
14 1311 2.4551
44 1313 2.51882
35 1314 2.5436
31 1315 2.54471
40 1317 2.59448
42 1318 2.61192
18 1319 2.65599
38 1321 2.7314
32 1322 2.75959
17 1323 2.76429
47 1325 2.81184
8 1327 2.90505
24 1328 2.91154
