10 0.8 0.016 0.784
10 0.784 0.16 0.624
16 0.8 0.016 0.784
20 0.8 0.016 0.784
16 0.784 0.16 0.624
20 0.784 0.16 0.624
15 0.8 0.016 0.784
15 0.784 0.16 0.624
17 0.8 0.016 0.784
17 0.784 0.16 0.624
14 0.8 0.016 0.784
18 0.8 0.016 0.784
18 0.784 0.16 0.624
14 0.784 0.16 0.624
7 0.8 0.016 0.784
7 0.784 0.16 0.624
12 0.8 0.016 0.784
12 0.784 0.16 0.624
13 0.8 0.016 0.784
13 0.784 0.16 0.624
4 0.8 0.016 0.784
4 0.784 0.16 0.624
2 0.8 0.016 0.784
2 0.784 0.16 0.624
6 0.8 0.016 0.784
6 0.784 0.16 0.624
1 0.8 0.16 0.64
1 0.712554 0.016 0.696554
1 0.696554 0.16 0.536554
19 0.8 0.16 0.64
19 0.710414 0.016 0.694414
19 0.694414 0.16 0.534414
11 0.8 0.016 0.784
11 0.784 0.16 0.624
5 0.8 0.16 0.64
9 0.8 0.16 0.64
5 0.710036 0.016 0.694036
9 0.718506 0.016 0.702506
5 0.694036 0.16 0.534036
9 0.702506 0.16 0.542506
3 0.8 0.16 0.64
3 0.718641 0.016 0.702641
3 0.702641 0.16 0.542641
8 0.8 0.016 0.784
8 0.784 0.16 0.624
