4 1460 1.00222
59 1462 1.0901
13 1463 1.10059
57 1464 1.10795
46 1466 1.11401
24 1467 1.12121
58 1468 1.12631
52 1469 1.13735
16 1470 1.16752
5 1471 1.20182
42 1473 1.22939
36 1474 1.25567
48 1475 1.26991
28 1476 1.27913
50 1477 1.29278
60 1479 1.32145
15 1480 1.39119
26 1481 1.39836
12 1483 1.45307
3 1484 1.5072
30 1485 1.5098
29 1487 1.51202
41 1488 1.52423
8 1489 1.57997
43 1490 1.58461
27 1492 1.63457
31 1493 1.70354
51 1495 1.72521
33 1496 1.75845
47 1497 1.77123
7 1499 1.83947
21 1500 1.8439
53 1502 1.91346
44 1503 1.91912
38 1504 1.92018
49 1505 1.94735
11 1506 1.99957
56 1508 2.01722
37 1509 2.10647
1 1511 2.13364
55 1512 2.16452
45 1514 2.24336
17 1515 2.25255
39 1516 2.29933
23 1518 2.36539
10 1520 2.42808
19 1521 2.46407
32 1522 2.48874
20 1524 2.53598
22 1525 2.55179
54 1526 2.60961
2 1527 2.6105
35 1529 2.66017
9 1530 2.66452
34 1531 2.697
6 1532 2.70376
18 1534 2.71683
25 1537 2.91364
40 1538 2.95642
14 1539 2.99971
