30 0.8 0.016 0.784
30 0.784 0.16 0.624
25 0.8 0.016 0.784
25 0.784 0.16 0.624
10 0.8 0.016 0.784
10 0.784 0.16 0.624
27 0.8 0.016 0.784
27 0.784 0.16 0.624
35 0.8 0.016 0.784
35 0.784 0.16 0.624
33 0.8 0.016 0.784
33 0.784 0.16 0.624
16 0.8 0.016 0.784
16 0.784 0.16 0.624
9 0.8 0.016 0.784
9 0.784 0.16 0.624
37 0.8 0.16 0.64
37 0.716755 0.016 0.700755
37 0.700755 0.16 0.540755
36 0.8 0.16 0.64
36 0.715691 0.016 0.699691
36 0.699691 0.16 0.539691
3 0.8 0.016 0.784
3 0.784 0.16 0.624
1 0.8 0.16 0.64
29 0.8 0.16 0.64
39 0.8 0.16 0.64
1 0.711922 0.016 0.695922
29 0.714312 0.016 0.698312
39 0.712829 0.016 0.696829
39 0.696829 0.16 0.536829
29 0.698312 0.16 0.538312
1 0.695922 0.16 0.535922
5 0.8 0.16 0.64
17 0.8 0.16 0.64
40 0.8 0.16 0.64
5 0.64 0.16 0.48
5 0.48 0.16 0.32
5 0.397531 0.016 0.381531
40 0.716575 0.016 0.700575
5 0.381531 0.16 0.221531
40 0.700575 0.16 0.540575
17 0.710252 0.16 0.550252
4 0.8 0.16 0.64
17 0.550252 0.16 0.390252
4 0.716707 0.016 0.700707
17 0.462261 0.016 0.446261
17 0.446261 0.16 0.286261
4 0.700707 0.16 0.540707
8 0.8 0.16 0.64
2 0.8 0.016 0.784
8 0.713999 0.016 0.697999
8 0.697999 0.16 0.537999
2 0.784 0.16 0.624
13 0.8 0.016 0.784
34 0.8 0.016 0.784
13 0.784 0.16 0.624
34 0.784 0.16 0.624
26 0.8 0.016 0.784
26 0.784 0.16 0.624
15 0.8 0.16 0.64
15 0.712149 0.016 0.696149
15 0.696149 0.16 0.536149
6 0.8 0.16 0.64
12 0.8 0.16 0.64
22 0.8 0.16 0.64
6 0.716619 0.016 0.700619
12 0.713973 0.016 0.697973
22 0.716022 0.016 0.700022
22 0.700022 0.16 0.540022
6 0.700619 0.16 0.540619
12 0.697973 0.16 0.537973
28 0.8 0.16 0.64
23 0.8 0.16 0.64
28 0.64 0.16 0.48
23 0.713579 0.016 0.697579
28 0.553293 0.016 0.537293
28 0.537293 0.16 0.377293
23 0.697579 0.16 0.537579
21 0.8 0.016 0.784
21 0.784 0.16 0.624
20 0.8 0.016 0.784
20 0.784 0.16 0.624
7 0.8 0.016 0.784
38 0.8 0.016 0.784
38 0.784 0.16 0.624
7 0.784 0.16 0.624
11 0.8 0.16 0.64
14 0.8 0.16 0.64
14 0.64 0.16 0.48
11 0.711905 0.016 0.695905
14 0.556746 0.016 0.540746
11 0.695905 0.16 0.535905
14 0.540746 0.16 0.380746
24 0.8 0.016 0.784
24 0.784 0.16 0.624
19 0.8 0.16 0.64
19 0.717267 0.016 0.701267
19 0.701267 0.16 0.541267
18 0.8 0.016 0.784
18 0.784 0.16 0.624
31 0.8 0.16 0.64
31 0.715199 0.016 0.699199
31 0.699199 0.16 0.539199
32 0.8 0.016 0.784
32 0.784 0.16 0.624
