70 1682 0 100 32647866 1.33102 1.33102
59 1677 0 100 32677586 1.33102 1.33102
25 1691 0 100 32634030 1.43102 1.43102
43 1685 0 100 32625578 1.53102 1.53102
28 1681 0 100 32653960 1.53102 1.53102
44 1676 0 100 32655616 1.73102 1.73102
34 1707 0 100 32648500 1.93102 1.93102
13 1710 0 100 32664038 2.23102 2.23102
68 1712 0 100 32680730 2.23102 2.23102
16 1706 0 100 32640694 2.33102 2.33102
12 1727 0 100 32647950 2.43102 2.43102
35 1701 0 100 32629286 2.43102 2.43102
50 1713 0 100 32677276 2.43102 2.43102
18 1736 0 100 32656702 2.53102 2.53102
14 1737 0 100 32646978 2.53102 2.53102
31 1674 0 100 32648434 2.53102 2.53102
42 1689 0 100 32637384 2.63102 2.63102
61 1719 0 100 32672782 2.83102 2.83102
2 1754 0 100 32632740 2.93102 2.93102
45 1675 0 100 32648586 3.03102 3.03102
27 1728 0 100 32664164 3.13102 3.13102
55 1671 0 100 32640880 3.23102 3.23102
64 1729 0 100 32642818 3.23102 3.23102
32 1702 0 100 32677534 3.23102 3.23102
57 1673 0 100 32670016 3.63102 3.63102
49 1690 0 100 32669620 3.63102 3.63102
40 1717 0 100 32646020 3.83102 3.83102
19 1749 0 100 32668896 3.93102 3.93102
22 1705 0 100 32677024 3.93102 3.93102
41 1735 0 100 32632848 4.03102 4.03102
11 1695 0 100 32656860 4.13102 4.13102
33 1708 0 100 32651150 4.13102 4.13102
66 1684 0 100 32674322 4.33102 4.33102
63 1699 0 100 32669038 4.33102 4.33102
9 1688 0 100 32682560 4.43102 4.43102
4 1759 0 100 32665710 4.53102 4.53102
39 1753 0 100 32666628 4.53102 4.53102
21 1694 0 100 32665244 4.73102 4.73102
10 1672 0 100 32646582 4.73102 4.73102
37 1746 0 100 32657400 4.83102 4.83102
60 1709 0 100 32670684 4.93102 4.93102
65 1750 0 100 32656356 5.33102 5.33102
53 1730 0 100 32671208 5.43102 5.43102
56 1721 0 100 32654798 5.53102 5.53102
23 1696 0 100 32655340 5.53102 5.53102
52 1680 0 100 32677138 5.63102 5.63102
54 1715 0 100 32654904 5.63102 5.63102
26 1733 0 100 32645250 5.63102 5.63102
8 1698 0 100 32660206 5.73102 5.73102
58 1755 0 100 32637058 5.73102 5.73102
36 1716 0 100 32672272 5.83102 5.83102
47 1686 0 100 32681204 5.83102 5.83102
3 1745 0 100 32668574 5.93102 5.93102
17 1700 0 100 32633188 6.03102 6.03102
6 1743 0 100 32656564 6.13102 6.13102
15 1741 0 100 32671326 6.13102 6.13102
69 1692 0 100 32641566 6.23102 6.23102
5 1722 0 100 32631988 6.23102 6.23102
67 1744 0 100 32666976 6.33102 6.33102
24 1751 0 100 32675434 6.53102 6.53102
38 1738 0 100 32651776 6.53102 6.53102
62 1725 0 100 32664786 6.73102 6.73102
7 1724 0 100 32652420 6.93102 6.93102
29 1726 0 100 32650712 7.13102 7.13102
46 1732 0 100 32680158 7.13102 7.13102
1 1756 0 100 32667120 7.33102 7.33102
20 1758 0 100 32667954 7.43102 7.43102
48 1747 0 100 32646196 7.83102 7.83102
