53 2362 1.15082
31 2364 1.20458
57 2365 1.20765
23 2366 1.20952
96 2367 1.2131
55 2368 1.22017
59 2369 1.24656
40 2371 1.31516
66 2372 1.32458
24 2373 1.3598
100 2374 1.3635
75 2375 1.38218
49 2377 1.40541
39 2378 1.40829
8 2379 1.41593
16 2380 1.42585
6 2381 1.43594
43 2382 1.43616
87 2383 1.44097
37 2384 1.44658
58 2385 1.49734
2 2387 1.54143
48 2388 1.56132
17 2389 1.59456
91 2391 1.60534
98 2392 1.62034
74 2394 1.71022
81 2395 1.71624
77 2396 1.71798
18 2397 1.7477
51 2398 1.75005
5 2399 1.75811
11 2400 1.76857
69 2401 1.77059
20 2402 1.79122
79 2404 1.80279
61 2405 1.81315
14 2406 1.81673
12 2407 1.82946
27 2408 1.83375
29 2409 1.88925
36 2410 1.89739
94 2412 1.9165
86 2413 1.99319
47 2415 2.0073
35 2416 2.02257
68 2417 2.05527
41 2418 2.05921
93 2419 2.09028
52 2421 2.10229
92 2422 2.10493
21 2423 2.10827
78 2424 2.11998
33 2425 2.12084
32 2426 2.12741
56 2427 2.12993
19 2428 2.148
9 2429 2.17974
84 2430 2.1883
73 2431 2.19088
50 2433 2.24745
62 2434 2.25346
44 2435 2.25855
67 2436 2.27555
38 2437 2.2945
60 2439 2.31515
1 2440 2.31887
71 2441 2.3419
22 2442 2.34428
15 2443 2.36795
25 2445 2.41574
64 2446 2.42994
83 2447 2.48867
54 2448 2.49352
70 2450 2.52541
10 2451 2.53812
89 2452 2.58519
30 2454 2.60601
28 2455 2.64419
7 2456 2.68834
26 2457 2.69543
82 2459 2.70887
45 2460 2.72002
72 2461 2.73807
95 2462 2.75395
3 2463 2.75494
99 2464 2.77236
85 2466 2.81923
80 2467 2.82362
4 2468 2.84398
42 2469 2.84921
97 2470 2.8658
13 2471 2.87309
63 2472 2.88162
65 2473 2.89839
88 2475 2.92746
46 2476 2.93629
90 2477 2.94388
34 2478 2.9479
76 2479 2.98237
