21 0.8 0.016 0.784
21 0.784 0.16 0.624
27 0.8 0.016 0.784
27 0.784 0.16 0.624
2 0.8 0.16 0.64
2 0.719444 0.016 0.703444
2 0.703444 0.16 0.543444
26 0.8 0.16 0.64
26 0.716057 0.016 0.700057
26 0.700057 0.16 0.540057
4 0.8 0.016 0.784
4 0.784 0.16 0.624
18 0.8 0.16 0.64
25 0.8 0.16 0.64
18 0.715038 0.016 0.699038
25 0.714989 0.016 0.698989
25 0.698989 0.16 0.538989
18 0.699038 0.16 0.539038
9 0.8 0.16 0.64
19 0.8 0.16 0.64
9 0.64 0.16 0.48
19 0.64 0.16 0.48
9 0.551507 0.016 0.535507
19 0.559503 0.016 0.543503
19 0.543503 0.16 0.383503
9 0.535507 0.16 0.375507
14 0.8 0.016 0.784
14 0.784 0.16 0.624
15 0.8 0.016 0.784
15 0.784 0.16 0.624
1 0.8 0.016 0.784
24 0.8 0.016 0.784
1 0.784 0.16 0.624
24 0.784 0.16 0.624
6 0.8 0.016 0.784
6 0.784 0.16 0.624
13 0.8 0.16 0.64
13 0.716311 0.016 0.700311
22 0.8 0.016 0.784
13 0.700311 0.16 0.540311
22 0.784 0.16 0.624
8 0.8 0.016 0.784
8 0.784 0.16 0.624
12 0.8 0.16 0.64
12 0.718125 0.016 0.702125
12 0.702125 0.16 0.542125
28 0.8 0.016 0.784
28 0.784 0.16 0.624
10 0.8 0.16 0.64
10 0.717423 0.016 0.701423
10 0.701423 0.16 0.541423
30 0.8 0.016 0.784
30 0.784 0.16 0.624
20 0.8 0.016 0.784
20 0.784 0.16 0.624
11 0.8 0.16 0.64
11 0.715868 0.016 0.699868
11 0.699868 0.16 0.539868
3 0.8 0.016 0.784
5 0.8 0.016 0.784
3 0.784 0.16 0.624
5 0.784 0.16 0.624
16 0.8 0.16 0.64
16 0.64 0.16 0.48
16 0.555279 0.016 0.539279
17 0.8 0.016 0.784
16 0.539279 0.16 0.379279
17 0.784 0.16 0.624
7 0.8 0.016 0.784
29 0.8 0.016 0.784
7 0.784 0.16 0.624
29 0.784 0.16 0.624
23 0.8 0.016 0.784
23 0.784 0.16 0.624
