11 0.8 0.016 0.784
15 0.8 0.016 0.784
16 0.8 0.016 0.784
16 0.784 0.16 0.624
15 0.784 0.16 0.624
11 0.784 0.16 0.624
28 0.8 0.016 0.784
28 0.784 0.16 0.624
7 0.8 0.016 0.784
7 0.784 0.16 0.624
20 0.8 0.16 0.64
20 0.716568 0.016 0.700568
20 0.700568 0.16 0.540568
10 0.8 0.016 0.784
14 0.8 0.016 0.784
22 0.8 0.016 0.784
35 0.8 0.016 0.784
10 0.784 0.16 0.624
14 0.784 0.16 0.624
22 0.784 0.16 0.624
35 0.784 0.16 0.624
23 0.8 0.016 0.784
37 0.8 0.016 0.784
23 0.784 0.16 0.624
37 0.784 0.16 0.624
19 0.8 0.16 0.64
19 0.716761 0.016 0.700761
40 0.8 0.016 0.784
19 0.700761 0.16 0.540761
40 0.784 0.16 0.624
36 0.8 0.16 0.64
36 0.64 0.16 0.48
36 0.55402 0.016 0.53802
36 0.53802 0.16 0.37802
13 0.8 0.016 0.784
49 0.8 0.016 0.784
49 0.784 0.16 0.624
13 0.784 0.16 0.624
12 0.8 0.016 0.784
27 0.8 0.016 0.784
27 0.784 0.16 0.624
12 0.784 0.16 0.624
9 0.8 0.016 0.784
39 0.8 0.016 0.784
44 0.8 0.016 0.784
44 0.784 0.16 0.624
9 0.784 0.16 0.624
39 0.784 0.16 0.624
26 0.8 0.16 0.64
26 0.71288 0.016 0.69688
26 0.69688 0.16 0.53688
2 0.8 0.16 0.64
2 0.719094 0.016 0.703094
2 0.703094 0.16 0.543094
46 0.8 0.016 0.784
46 0.784 0.16 0.624
41 0.8 0.16 0.64
41 0.718511 0.016 0.702511
41 0.702511 0.16 0.542511
50 0.8 0.016 0.784
50 0.784 0.16 0.624
4 0.8 0.16 0.64
4 0.711886 0.016 0.695886
42 0.8 0.016 0.784
42 0.784 0.16 0.624
4 0.695886 0.16 0.535886
45 0.8 0.16 0.64
45 0.715483 0.016 0.699483
45 0.699483 0.16 0.539483
30 0.8 0.16 0.64
43 0.8 0.16 0.64
48 0.8 0.16 0.64
30 0.711838 0.016 0.695838
43 0.715291 0.016 0.699291
48 0.71783 0.016 0.70183
30 0.695838 0.16 0.535838
48 0.70183 0.16 0.54183
43 0.699291 0.16 0.539291
6 0.8 0.16 0.64
6 0.64 0.16 0.48
6 0.48 0.16 0.32
6 0.392144 0.016 0.376144
6 0.376144 0.16 0.216144
32 0.8 0.016 0.784
32 0.784 0.16 0.624
38 0.8 0.16 0.64
38 0.717809 0.016 0.701809
38 0.701809 0.16 0.541809
8 0.8 0.016 0.784
8 0.784 0.16 0.624
29 0.8 0.16 0.64
29 0.718056 0.016 0.702056
29 0.702056 0.16 0.542056
33 0.8 0.016 0.784
33 0.784 0.16 0.624
18 0.8 0.16 0.64
21 0.8 0.16 0.64
25 0.8 0.16 0.64
18 0.718705 0.016 0.702705
21 0.714935 0.016 0.698935
25 0.715641 0.016 0.699641
25 0.699641 0.16 0.539641
18 0.702705 0.16 0.542705
21 0.698935 0.16 0.538935
5 0.8 0.016 0.784
5 0.784 0.16 0.624
1 0.8 0.16 0.64
3 0.8 0.16 0.64
1 0.714234 0.016 0.698234
1 0.698234 0.16 0.538234
3 0.718445 0.16 0.558445
3 0.629145 0.016 0.613145
3 0.613145 0.16 0.453145
34 0.8 0.016 0.784
34 0.784 0.16 0.624
24 0.8 0.016 0.784
24 0.784 0.16 0.624
31 0.8 0.016 0.784
47 0.8 0.016 0.784
31 0.784 0.16 0.624
47 0.784 0.16 0.624
17 0.8 0.016 0.784
17 0.784 0.16 0.624
