40 0.8 0.016 0.784
40 0.784 0.16 0.624
43 0.8 0.016 0.784
59 0.8 0.016 0.784
59 0.784 0.16 0.624
43 0.784 0.16 0.624
53 0.8 0.16 0.64
53 0.716625 0.016 0.700625
53 0.700625 0.16 0.540625
23 0.8 0.016 0.784
39 0.8 0.016 0.784
39 0.784 0.16 0.624
23 0.784 0.16 0.624
96 0.8 0.016 0.784
96 0.784 0.16 0.624
2 0.8 0.16 0.64
47 0.8 0.16 0.64
58 0.8 0.16 0.64
2 0.717305 0.016 0.701305
47 0.712347 0.016 0.696347
58 0.712006 0.016 0.696006
47 0.696347 0.16 0.536347
2 0.701305 0.16 0.541305
58 0.696006 0.16 0.536006
24 0.8 0.16 0.64
24 0.718364 0.016 0.702364
24 0.702364 0.16 0.542364
52 0.8 0.16 0.64
52 0.712091 0.016 0.696091
52 0.696091 0.16 0.536091
93 0.8 0.016 0.784
93 0.784 0.16 0.624
74 0.8 0.16 0.64
98 0.8 0.16 0.64
74 0.714188 0.016 0.698188
98 0.716198 0.016 0.700198
98 0.700198 0.16 0.540198
74 0.698188 0.16 0.538188
38 0.8 0.016 0.784
38 0.784 0.16 0.624
56 0.8 0.16 0.64
84 0.8 0.16 0.64
86 0.8 0.16 0.64
87 0.8 0.16 0.64
56 0.710204 0.016 0.694204
84 0.713302 0.016 0.697302
86 0.714884 0.016 0.698884
87 0.714565 0.016 0.698565
86 0.698884 0.16 0.538884
56 0.694204 0.16 0.534204
84 0.697302 0.16 0.537302
87 0.698565 0.16 0.538565
25 0.8 0.016 0.784
32 0.8 0.016 0.784
49 0.8 0.016 0.784
25 0.784 0.16 0.624
32 0.784 0.16 0.624
49 0.784 0.16 0.624
91 0.8 0.16 0.64
94 0.8 0.16 0.64
94 0.64 0.16 0.48
91 0.64 0.16 0.48
30 0.8 0.016 0.784
72 0.8 0.016 0.784
91 0.557871 0.016 0.541871
94 0.55345 0.016 0.53745
30 0.784 0.16 0.624
91 0.541871 0.16 0.381871
94 0.53745 0.16 0.37745
72 0.784 0.16 0.624
60 0.8 0.16 0.64
60 0.64 0.16 0.48
60 0.48 0.16 0.32
60 0.390242 0.016 0.374242
60 0.374242 0.16 0.214242
8 0.8 0.016 0.784
34 0.8 0.016 0.784
36 0.8 0.016 0.784
67 0.8 0.016 0.784
34 0.784 0.16 0.624
67 0.784 0.16 0.624
36 0.784 0.16 0.624
8 0.784 0.16 0.624
100 0.8 0.016 0.784
100 0.784 0.16 0.624
54 0.8 0.016 0.784
54 0.784 0.16 0.624
97 0.8 0.016 0.784
97 0.784 0.16 0.624
55 0.8 0.16 0.64
57 0.8 0.16 0.64
55 0.712249 0.016 0.696249
57 0.712439 0.016 0.696439
57 0.696439 0.16 0.536439
55 0.696249 0.16 0.536249
69 0.8 0.016 0.784
69 0.784 0.16 0.624
51 0.8 0.16 0.64
63 0.8 0.16 0.64
68 0.8 0.16 0.64
77 0.8 0.16 0.64
51 0.710408 0.016 0.694408
63 0.717139 0.016 0.701139
68 0.715233 0.016 0.699233
77 0.718427 0.016 0.702427
77 0.702427 0.16 0.542427
68 0.699233 0.16 0.539233
63 0.701139 0.16 0.541139
51 0.694408 0.16 0.534408
41 0.8 0.016 0.784
81 0.8 0.016 0.784
41 0.784 0.16 0.624
81 0.784 0.16 0.624
89 0.8 0.16 0.64
89 0.716438 0.016 0.700438
89 0.700438 0.16 0.540438
5 0.8 0.16 0.64
3 0.8 0.016 0.784
5 0.711178 0.016 0.695178
3 0.784 0.16 0.624
5 0.695178 0.16 0.535178
12 0.8 0.16 0.64
26 0.8 0.16 0.64
79 0.8 0.16 0.64
12 0.64 0.16 0.48
12 0.554951 0.016 0.538951
26 0.716708 0.016 0.700708
79 0.719828 0.016 0.703828
79 0.703828 0.16 0.543828
26 0.700708 0.16 0.540708
12 0.538951 0.16 0.378951
10 0.8 0.16 0.64
14 0.8 0.16 0.64
10 0.64 0.16 0.48
14 0.64 0.16 0.48
10 0.555082 0.016 0.539082
14 0.559418 0.016 0.543418
19 0.8 0.016 0.784
14 0.543418 0.16 0.383418
10 0.539082 0.16 0.379082
19 0.784 0.16 0.624
42 0.8 0.16 0.64
95 0.8 0.16 0.64
42 0.64 0.16 0.48
42 0.48 0.16 0.32
95 0.64 0.16 0.48
42 0.39035 0.016 0.37435
42 0.37435 0.16 0.21435
95 0.552478 0.16 0.392478
95 0.465442 0.016 0.449442
95 0.449442 0.16 0.289442
88 0.8 0.16 0.64
88 0.711283 0.016 0.695283
88 0.695283 0.16 0.535283
35 0.8 0.016 0.784
66 0.8 0.016 0.784
99 0.8 0.016 0.784
99 0.784 0.16 0.624
66 0.784 0.16 0.624
35 0.784 0.16 0.624
1 0.8 0.16 0.64
22 0.8 0.16 0.64
1 0.64 0.16 0.48
22 0.64 0.16 0.48
1 0.556068 0.016 0.540068
22 0.552015 0.016 0.536015
22 0.536015 0.16 0.376015
1 0.540068 0.16 0.380068
50 0.8 0.16 0.64
50 0.64 0.16 0.48
20 0.8 0.016 0.784
28 0.8 0.016 0.784
50 0.556549 0.016 0.540549
82 0.8 0.016 0.784
20 0.784 0.16 0.624
82 0.784 0.16 0.624
28 0.784 0.16 0.624
50 0.540549 0.16 0.380549
16 0.8 0.16 0.64
17 0.8 0.16 0.64
16 0.64 0.16 0.48
16 0.551929 0.016 0.535929
17 0.710215 0.016 0.694215
16 0.535929 0.16 0.375929
17 0.694215 0.16 0.534215
27 0.8 0.16 0.64
27 0.64 0.16 0.48
21 0.8 0.016 0.784
27 0.554325 0.016 0.538325
44 0.8 0.016 0.784
44 0.784 0.16 0.624
21 0.784 0.16 0.624
27 0.538325 0.16 0.378325
61 0.8 0.016 0.784
61 0.784 0.16 0.624
18 0.8 0.16 0.64
31 0.8 0.16 0.64
18 0.719885 0.016 0.703885
31 0.716993 0.016 0.700993
65 0.8 0.016 0.784
65 0.784 0.16 0.624
18 0.703885 0.16 0.543885
31 0.700993 0.16 0.540993
11 0.8 0.16 0.64
37 0.8 0.16 0.64
73 0.8 0.16 0.64
11 0.64 0.16 0.48
73 0.64 0.16 0.48
11 0.48 0.16 0.32
73 0.48 0.16 0.32
11 0.392469 0.016 0.376469
73 0.395269 0.016 0.379269
11 0.376469 0.16 0.216469
73 0.379269 0.16 0.219269
37 0.710983 0.16 0.550983
37 0.550983 0.16 0.390983
6 0.8 0.016 0.784
37 0.464039 0.016 0.448039
75 0.8 0.016 0.784
6 0.784 0.16 0.624
37 0.448039 0.16 0.288039
75 0.784 0.16 0.624
92 0.8 0.16 0.64
92 0.64 0.16 0.48
92 0.554823 0.016 0.538823
92 0.538823 0.16 0.378823
48 0.8 0.016 0.784
48 0.784 0.16 0.624
45 0.8 0.16 0.64
45 0.714334 0.016 0.698334
45 0.698334 0.16 0.538334
78 0.8 0.16 0.64
80 0.8 0.16 0.64
90 0.8 0.16 0.64
46 0.8 0.016 0.784
78 0.718577 0.016 0.702577
80 0.718416 0.016 0.702416
90 0.716144 0.016 0.700144
46 0.784 0.16 0.624
78 0.702577 0.16 0.542577
90 0.700144 0.16 0.540144
80 0.702416 0.16 0.542416
7 0.8 0.16 0.64
29 0.8 0.16 0.64
29 0.64 0.16 0.48
29 0.48 0.16 0.32
7 0.716648 0.016 0.700648
29 0.393457 0.016 0.377457
7 0.700648 0.16 0.540648
29 0.377457 0.16 0.217457
9 0.8 0.16 0.64
85 0.8 0.16 0.64
9 0.64 0.16 0.48
9 0.555954 0.016 0.539954
85 0.716561 0.016 0.700561
9 0.539954 0.16 0.379954
85 0.700561 0.16 0.540561
4 0.8 0.16 0.64
4 0.64 0.16 0.48
4 0.550517 0.016 0.534517
4 0.534517 0.16 0.374517
33 0.8 0.016 0.784
71 0.8 0.016 0.784
71 0.784 0.16 0.624
33 0.784 0.16 0.624
62 0.8 0.16 0.64
76 0.8 0.16 0.64
83 0.8 0.16 0.64
62 0.64 0.16 0.48
76 0.64 0.16 0.48
83 0.64 0.16 0.48
70 0.8 0.016 0.784
76 0.555327 0.016 0.539327
83 0.557418 0.016 0.541418
70 0.784 0.16 0.624
76 0.539327 0.16 0.379327
83 0.541418 0.16 0.381418
15 0.8 0.16 0.64
62 0.551521 0.16 0.391521
64 0.8 0.16 0.64
62 0.391521 0.16 0.231521
64 0.64 0.16 0.48
62 0.231521 0.16 0.0715209
64 0.48 0.16 0.32
15 0.716335 0.016 0.700335
62 0.149932 0.016 0.133932
64 0.396676 0.016 0.380676
64 0.380676 0.16 0.220676
15 0.700335 0.16 0.540335
62 0.133932 0.16 -0.0260683
13 0.8 0.016 0.784
13 0.784 0.16 0.624
62 0.384095 0.16 0.224095
