0 1660
0 1661
0 1662
0 1663
0 1664
0 1665
0 1666
0 1667
0 1668
0 1669
0 1670
0 1679
0 1683
0 1687
51 1678
70 1682
59 1677
0 1693
25 1691
0 1697
43 1685
28 1681
0 1703
0 1704
44 1676
0 1711
0 1714
34 1707
0 1718
0 1720
0 1723
13 1710
68 1712
0 1731
16 1706
0 1734
12 1727
35 1701
50 1713
0 1739
18 1736
14 1737
31 1674
0 1742
42 1689
0 1748
0 1752
61 1719
0 1757
2 1754
0 1760
45 1675
0 1761
27 1728
0 1762
55 1671
64 1729
32 1702
0 1763
0 1764
0 1765
0 1766
30 1740
57 1673
49 1690
0 1767
0 1768
40 1717
0 1769
19 1749
22 1705
0 1770
41 1735
0 1771
11 1695
33 1708
0 1772
0 1773
66 1684
63 1699
0 1774
9 1688
0 1775
4 1759
39 1753
0 1776
0 1777
21 1694
10 1672
0 1778
37 1746
0 1779
60 1709
0 1780
0 1781
0 1782
0 1783
65 1750
0 1784
53 1730
0 1785
56 1721
23 1696
0 1786
52 1680
54 1715
26 1733
0 1787
8 1698
58 1755
0 1788
36 1716
47 1686
0 1789
3 1745
0 1790
17 1700
0 1791
6 1743
15 1741
0 1792
69 1692
5 1722
0 1793
67 1744
0 1794
0 1795
24 1751
38 1738
0 1796
0 1797
62 1725
0 1798
0 1799
7 1724
0 1800
0 1801
29 1726
46 1732
0 1802
0 1803
1 1756
0 1804
20 1758
0 1805
0 1806
0 1807
0 1808
48 1747
0 1809
0 1810
0 1811
0 1812
0 1813
0 1814
0 1815
0 1816
0 1817
0 1818
0 1819
0 1820
0 1821
0 1822
0 1823
0 1824
0 1825
0 1826
0 1827
0 1828
0 1829
0 1830
0 1831
0 1832
0 1833
0 1834
0 1835
0 1836
0 1837
0 1838
0 1839
0 1840
0 1841
0 1842
0 1843
0 1844
0 1845
0 1846
0 1847
0 1848
0 1849
0 1850
0 1851
0 1852
0 1853
0 1854
0 1855
0 1856
0 1857
0 1858
0 1859
0 1860
0 1861
0 1862
0 1863
0 1864
0 1865
0 1866
0 1867
0 1868
0 1869
0 1870
0 1871
0 1872
0 1873
0 1874
0 1875
0 1876
0 1877
0 1878
0 1879
