55 1671 1.03328
10 1672 1.0597
57 1673 1.08445
31 1674 1.08942
45 1675 1.09338
44 1676 1.10793
59 1677 1.11654
51 1678 1.11658
52 1680 1.16284
28 1681 1.16622
70 1682 1.21313
66 1684 1.28522
43 1685 1.29658
47 1686 1.29888
9 1688 1.36288
42 1689 1.37648
49 1690 1.38643
25 1691 1.38755
69 1692 1.38924
21 1694 1.45511
11 1695 1.49683
23 1696 1.51283
8 1698 1.53106
63 1699 1.54985
17 1700 1.54998
35 1701 1.59268
32 1702 1.60289
22 1705 1.75066
16 1706 1.77759
34 1707 1.78814
33 1708 1.81962
60 1709 1.82809
13 1710 1.82825
68 1712 1.87813
50 1713 1.91876
54 1715 1.96014
36 1716 1.9781
40 1717 2.00947
61 1719 2.12014
56 1721 2.14739
5 1722 2.20801
7 1724 2.24833
62 1725 2.25481
29 1726 2.25823
12 1727 2.26004
27 1728 2.26149
64 1729 2.28272
53 1730 2.31629
46 1732 2.35328
26 1733 2.37508
41 1735 2.44834
18 1736 2.46664
14 1737 2.4719
38 1738 2.51867
30 1740 2.55456
15 1741 2.62279
6 1743 2.67492
67 1744 2.68892
3 1745 2.69594
37 1746 2.71874
48 1747 2.72916
19 1749 2.73393
65 1750 2.76408
24 1751 2.79777
39 1753 2.84585
2 1754 2.89332
58 1755 2.89366
1 1756 2.91946
20 1758 2.96207
4 1759 2.98606
