21 907 0 100 32668626 1.85438 1.85438
27 897 0 100 32681354 2.35438 2.35438
2 892 0 100 32659682 2.45438 2.45438
26 894 0 100 32651588 2.55438 2.55438
4 936 0 100 32677832 2.95438 2.95438
25 890 0 100 32670126 3.05438 3.05438
18 912 0 100 32670156 3.05438 3.05438
19 916 0 100 32673308 3.15438 3.15438
9 914 0 100 32670150 3.15438 3.15438
14 919 0 100 32655082 3.45438 3.45438
15 930 0 100 32643944 4.05438 4.05438
1 895 0 100 32672322 4.35438 4.35438
24 932 0 100 32682274 4.35438 4.35438
6 911 0 100 32650104 4.65438 4.65438
13 925 0 100 32628994 4.75438 4.75438
22 922 0 100 32674908 4.75438 4.75438
8 921 0 100 32678020 4.95438 4.95438
12 939 0 100 32669512 5.05438 5.05438
28 905 0 100 32641592 5.65438 5.65438
10 934 0 100 32648628 5.75438 5.75438
30 927 0 100 32661546 5.95438 5.95438
20 898 0 100 32644444 6.25438 6.25438
11 929 0 100 32660710 6.35438 6.35438
3 917 0 100 32671818 6.55438 6.55438
5 904 0 100 32627152 6.55438 6.55438
16 901 0 100 32664602 6.65438 6.65438
17 923 0 100 32678384 6.65438 6.65438
7 937 0 100 32670548 6.85438 6.85438
29 909 0 100 32664220 6.85438 6.85438
23 933 0 100 32659412 7.75438 7.75438
