43 280
29 281
24 282
54 283
59 284
33 285
21 286
50 287
77 288
70 289
46 290
17 291
8 292
22 293
32 294
9 295
26 296
36 297
51 298
78 299
63 300
10 301
60 302
12 303
40 304
39 305
68 306
15 307
62 308
1 309
38 310
13 311
45 312
23 313
34 314
5 315
42 316
28 317
4 318
76 319
31 320
52 321
55 322
69 323
79 324
65 325
80 326
41 327
3 328
48 329
37 330
18 331
61 332
16 333
75 334
19 335
49 336
67 337
6 338
30 339
11 340
74 341
25 342
57 343
66 344
72 345
14 346
71 347
2 348
64 349
7 350
20 351
56 352
53 353
58 354
35 355
27 356
47 357
73 358
44 359
