45 100 1.0206
49 101 1.06567
33 102 1.10715
44 103 1.19221
26 104 1.22681
43 105 1.24853
2 106 1.25333
47 107 1.27066
21 108 1.34559
42 109 1.35965
14 110 1.42178
10 111 1.45112
48 112 1.52096
39 113 1.53959
23 114 1.56263
25 115 1.57682
1 116 1.60558
18 117 1.61237
27 118 1.71324
3 119 1.85588
4 120 1.87468
37 121 1.92613
13 122 1.93047
28 123 2.05292
50 124 2.06543
22 125 2.07448
40 126 2.08367
38 127 2.10275
31 128 2.11868
34 129 2.13953
32 130 2.40607
46 131 2.43175
11 132 2.47206
30 133 2.47631
7 134 2.50447
41 135 2.55593
12 136 2.63308
8 137 2.66037
17 138 2.68506
29 139 2.6987
20 140 2.7106
16 141 2.74063
9 142 2.77091
15 143 2.78861
36 144 2.81286
35 145 2.90594
6 146 2.94122
24 147 2.94444
19 148 2.95068
5 149 2.95096
