36 210 1.00028
20 211 1.03654
62 212 1.06142
70 213 1.06533
8 214 1.07353
60 215 1.13683
63 216 1.14969
18 217 1.15616
35 218 1.17992
4 219 1.23938
48 220 1.26935
23 221 1.312
17 222 1.33278
67 223 1.37923
32 224 1.42736
59 225 1.47955
30 226 1.49489
58 227 1.53468
69 228 1.54391
54 229 1.57036
29 230 1.61716
34 231 1.66091
24 232 1.68456
5 233 1.71188
43 234 1.81075
45 235 1.81545
40 236 1.8512
10 237 1.91416
12 238 1.94021
21 239 1.94169
42 240 2.01854
65 241 2.03522
68 242 2.05414
11 243 2.05975
49 244 2.06951
51 245 2.07442
1 246 2.08045
31 247 2.12086
14 248 2.13166
37 249 2.13383
9 250 2.20565
55 251 2.23794
22 252 2.25443
38 253 2.27777
6 254 2.32351
27 255 2.35567
53 256 2.36521
39 257 2.40878
19 258 2.44019
26 259 2.45934
52 260 2.49144
2 261 2.51005
15 262 2.5138
33 263 2.56948
28 264 2.60754
16 265 2.62886
3 266 2.6299
64 267 2.67356
66 268 2.69051
44 269 2.71409
57 270 2.71544
56 271 2.73106
47 272 2.80099
46 273 2.80588
61 274 2.8683
7 275 2.88462
50 276 2.8849
13 277 2.91413
41 278 2.94285
25 279 2.9609
