35 60 1.02949
28 61 1.06846
10 62 1.08099
37 63 1.15816
20 64 1.19917
36 65 1.30335
26 66 1.34631
34 67 1.45064
9 68 1.45629
12 69 1.47134
25 70 1.49576
17 71 1.5447
3 72 1.58455
18 73 1.67743
23 74 1.71182
7 75 1.73742
15 76 1.74369
38 77 1.78154
31 78 1.80199
11 79 1.85446
2 80 1.85701
13 81 1.97085
22 82 2.01008
29 83 2.05541
32 84 2.06557
39 85 2.10607
40 86 2.18257
1 87 2.21481
27 88 2.30692
6 89 2.45159
4 90 2.45191
21 91 2.5739
33 92 2.60308
24 93 2.6188
8 94 2.68362
19 95 2.70409
14 96 2.78987
30 97 2.95239
5 98 2.97177
16 99 2.98499
