11 2782 0 100 121531220 1.91664 1.91664
10 2784 0 100 121573958 1.91664 1.91664
7 2785 0 100 154279288 2.01664 2.01664
3 2802 0 100 154298816 2.61664 2.61664
16 2786 0 100 88854352 2.71664 2.71664
14 2801 0 100 88868292 3.41664 3.41664
5 2792 0 100 56202970 3.51664 3.51664
20 2781 0 100 121574582 3.61664 3.61664
13 2776 0 100 88863644 3.71664 3.71664
19 2793 0 100 121530530 4.21664 4.21664
18 2772 0 100 154278408 4.31664 4.31664
12 2788 0 100 154295688 4.71664 4.71664
2 2773 0 100 88868540 5.11664 5.11664
15 2775 0 100 121557320 5.81664 5.81664
17 2798 0 100 154281896 6.01664 6.01664
4 2790 0 100 154268048 6.11664 6.11664
6 2796 0 100 154284584 6.31664 6.31664
9 2800 0 100 154289144 6.41664 6.41664
8 2805 0 100 121571906 7.01664 7.01664
1 2809 0 100 154243768 7.91664 7.91664
