36 4171 0 100 88845028 1.0397 1.0397
18 4178 0 100 154254896 1.3397 1.3397
25 4177 0 100 88860308 1.4397 1.4397
82 4180 0 100 121530608 1.4397 1.4397
84 4175 0 100 121551776 1.8397 1.8397
67 4192 0 100 121537922 1.9397 1.9397
78 4223 0 100 154301360 2.2397 2.2397
34 4189 0 100 154306168 2.2397 2.2397
21 4218 0 100 121532894 2.4397 2.4397
55 4209 0 100 121565990 2.4397 2.4397
1 4232 0 100 88866812 2.5397 2.5397
11 4231 0 100 154283632 2.5397 2.5397
15 4213 0 100 154250320 2.6397 2.6397
87 4174 0 100 154265968 2.6397 2.6397
52 4199 0 100 154281992 2.6397 2.6397
35 4215 0 100 154247760 2.7397 2.7397
69 4265 0 100 154295384 2.8397 2.8397
17 4193 0 100 121532186 2.9397 2.9397
76 4201 0 100 154249392 3.0397 3.0397
32 4239 0 100 154265896 3.0397 3.0397
38 4205 0 100 56207814 3.1397 3.1397
9 4200 0 100 121545668 3.1397 3.1397
63 4182 0 100 154259064 3.1397 3.1397
5 4227 0 100 154264208 3.1397 3.1397
29 4267 0 100 88871320 3.3397 3.3397
85 4271 0 100 121564238 3.3397 3.3397
75 4255 0 100 88852764 3.4397 3.4397
56 4236 0 100 154258216 3.4397 3.4397
80 4197 0 100 154295744 3.4397 3.4397
70 4254 0 100 154270576 3.6397 3.6397
49 4242 0 100 154303616 3.6397 3.6397
40 4240 0 100 88849560 3.7397 3.7397
62 4233 0 100 121575008 3.7397 3.7397
66 4187 0 100 56202792 3.8397 3.8397
16 4208 0 100 121531820 3.9397 3.9397
20 4226 0 100 154270224 3.9397 3.9397
53 4275 0 100 154305280 4.0397 4.0397
65 4273 0 100 154284104 4.1397 4.1397
4 4211 0 100 154303024 4.1397 4.1397
46 4203 0 100 121534412 4.2397 4.2397
48 4263 0 100 121573172 4.2397 4.2397
71 4207 0 100 88860028 4.3397 4.3397
88 4261 0 100 154261400 4.3397 4.3397
10 4184 0 100 154277048 4.3397 4.3397
79 4191 0 100 154253128 4.4397 4.4397
74 4170 0 100 121558832 4.5397 4.5397
72 4272 0 100 154274864 4.5397 4.5397
57 4228 0 100 121567148 4.6397 4.6397
73 4249 0 100 121539968 4.7397 4.7397
60 4237 0 100 154269960 4.7397 4.7397
68 4266 0 100 154296632 4.7397 4.7397
22 4243 0 100 154299664 5.3397 5.3397
3 4173 0 100 154297120 5.4397 5.4397
27 4259 0 100 121569224 5.5397 5.5397
19 4188 0 100 121572734 5.5397 5.5397
41 4270 0 100 121546010 5.6397 5.6397
61 4181 0 100 154253016 5.6397 5.6397
37 4248 0 100 121538246 5.8397 5.8397
33 4214 0 100 88873256 5.9397 5.9397
2 4198 0 100 121547120 5.9397 5.9397
51 4238 0 100 154257808 5.9397 5.9397
28 4221 0 100 121567208 6.0397 6.0397
42 4196 0 100 154257496 6.0397 6.0397
64 4278 0 100 154300592 6.0397 6.0397
90 4185 0 100 88863848 6.1397 6.1397
89 4250 0 100 88871272 6.1397 6.1397
39 4235 0 100 154251744 6.1397 6.1397
12 4229 0 100 88844968 6.2397 6.2397
58 4194 0 100 88864920 6.2397 6.2397
77 4264 0 100 121568810 6.2397 6.2397
23 4204 0 100 154267920 6.3397 6.3397
54 4276 0 100 154287616 6.3397 6.3397
86 4277 0 100 121530596 6.4397 6.4397
59 4253 0 100 154263152 6.4397 6.4397
44 4247 0 100 88873044 6.5397 6.5397
7 4222 0 100 154263616 6.5397 6.5397
45 4212 0 100 121560932 6.7397 6.7397
24 4206 0 100 121565798 6.7397 6.7397
6 4268 0 100 154263808 6.7397 6.7397
50 4244 0 100 154304632 6.7397 6.7397
30 4245 0 100 154305104 6.7397 6.7397
43 4257 0 100 154295464 6.9397 6.9397
8 4230 0 100 154244856 7.0397 7.0397
31 4217 0 100 88871520 7.1397 7.1397
47 4220 0 100 121542662 7.2397 7.2397
81 4274 0 100 154269624 7.3397 7.3397
26 4262 0 100 154243096 7.5397 7.5397
13 4258 0 100 154255608 7.5397 7.5397
83 4251 0 100 121572398 7.6397 7.6397
