32 3120 0 100 154280000 1.12979 1.12979
18 3125 0 100 121571822 2.12979 2.12979
22 3135 0 100 154257848 2.62979 2.62979
30 3145 0 100 88857408 2.72979 2.72979
34 3165 0 100 121565822 2.72979 2.72979
21 3128 0 100 88851800 2.92979 2.92979
17 3169 0 100 88847492 3.02979 3.02979
27 3131 0 100 154285952 3.22979 3.22979
29 3179 0 100 88851344 3.32979 3.32979
38 3159 0 100 56204060 3.42979 3.42979
31 3127 0 100 88850176 3.42979 3.42979
23 3161 0 100 154260056 3.52979 3.52979
16 3124 0 100 154242976 3.92979 3.92979
15 3163 0 100 154248624 4.12979 4.12979
11 3149 0 100 121567082 4.22979 4.22979
10 3122 0 100 121538792 4.32979 4.32979
40 3168 0 100 56201372 4.62979 4.62979
8 3148 0 100 88845320 4.62979 4.62979
25 3162 0 100 121568492 4.72979 4.72979
12 3142 0 100 154280200 4.72979 4.72979
39 3150 0 100 121562168 4.82979 4.82979
2 3153 0 100 154289568 4.82979 4.82979
26 3152 0 100 154247632 5.02979 5.02979
28 3170 0 100 154269008 5.32979 5.32979
14 3130 0 100 56207004 5.42979 5.42979
33 3175 0 100 88859560 5.42979 5.42979
37 3136 0 100 154265912 5.42979 5.42979
13 3147 0 100 154272176 5.42979 5.42979
36 3166 0 100 154265856 5.52979 5.52979
9 3139 0 100 154272720 5.62979 5.62979
20 3176 0 100 154271624 5.72979 5.72979
24 3140 0 100 121549568 5.82979 5.82979
3 3144 0 100 154280656 5.82979 5.82979
19 3133 0 100 56201952 5.92979 5.92979
35 3171 0 100 88865920 5.92979 5.92979
5 3178 0 100 154303328 6.32979 6.32979
6 3157 0 100 154272456 7.02979 7.02979
4 3158 0 100 121539686 7.12979 7.12979
7 3173 0 100 56205190 7.42979 7.42979
1 3174 0 100 88848000 7.72979 7.72979
