88 4412 0 100 88855224 1.12186 1.12186
6 4443 0 100 121534172 1.62186 1.62186
18 4453 0 100 121573328 1.82186 1.82186
26 4419 0 100 154298552 1.92186 1.92186
39 4416 0 100 154305032 1.92186 1.92186
33 4470 0 100 88869948 2.02186 2.02186
19 4476 0 100 121550444 2.12186 2.12186
40 4451 0 100 154299896 2.12186 2.12186
4 4460 0 100 154288680 2.22186 2.22186
58 4487 0 100 88860660 2.42186 2.42186
90 4447 0 100 88875364 2.42186 2.42186
59 4421 0 100 121553420 2.42186 2.42186
47 4413 0 100 154294704 2.42186 2.42186
17 4424 0 100 121537460 2.52186 2.52186
22 4432 0 100 121532672 2.72186 2.72186
11 4503 0 100 121537184 2.72186 2.72186
50 4509 0 100 121569626 2.72186 2.72186
87 4513 0 100 88865484 2.82186 2.82186
94 4434 0 100 88871088 2.82186 2.82186
91 4444 0 100 121550270 2.82186 2.82186
84 4482 0 100 154245936 2.92186 2.92186
20 4456 0 100 154284440 2.92186 2.92186
44 4522 0 100 88875956 3.02186 3.02186
48 4426 0 100 154256272 3.02186 3.02186
52 4483 0 100 88875264 3.22186 3.22186
74 4499 0 100 154247480 3.22186 3.22186
14 4436 0 100 121557938 3.32186 3.32186
8 4478 0 100 154254272 3.42186 3.42186
66 4491 0 100 121542602 3.52186 3.52186
78 4466 0 100 121560020 3.52186 3.52186
54 4452 0 100 154295872 3.62186 3.62186
75 4435 0 100 121573604 3.82186 3.82186
2 4463 0 100 121574906 3.82186 3.82186
24 4427 0 100 56197768 3.92186 3.92186
89 4507 0 100 121542236 3.92186 3.92186
70 4461 0 100 121544672 3.92186 3.92186
10 4428 0 100 121545446 3.92186 3.92186
5 4429 0 100 88868996 4.02186 4.02186
68 4422 0 100 88871068 4.02186 4.02186
12 4497 0 100 154284656 4.02186 4.02186
97 4498 0 100 154273184 4.12186 4.12186
69 4501 0 100 88845960 4.22186 4.22186
7 4473 0 100 121546718 4.22186 4.22186
31 4439 0 100 121556906 4.22186 4.22186
83 4465 0 100 121568000 4.22186 4.22186
9 4518 0 100 154285184 4.22186 4.22186
53 4525 0 100 121532126 4.32186 4.32186
73 4414 0 100 121570088 4.32186 4.32186
92 4448 0 100 154300096 4.32186 4.32186
38 4454 0 100 121574780 4.42186 4.42186
36 4475 0 100 88854392 4.52186 4.52186
98 4488 0 100 121574642 4.52186 4.52186
45 4410 0 100 154266808 4.52186 4.52186
96 4472 0 100 154287432 4.52186 4.52186
49 4440 0 100 154304960 4.52186 4.52186
61 4515 0 100 88845352 4.82186 4.82186
21 4420 0 100 121546202 4.82186 4.82186
85 4457 0 100 154252832 4.92186 4.92186
3 4481 0 100 154267776 4.92186 4.92186
57 4492 0 100 154299776 4.92186 4.92186
76 4458 0 100 154243632 5.02186 5.02186
71 4519 0 100 121537784 5.32186 5.32186
86 4502 0 100 154252976 5.32186 5.32186
82 4449 0 100 56205256 5.42186 5.42186
100 4529 0 100 88848964 5.42186 5.42186
41 4517 0 100 121573970 5.42186 5.42186
64 4433 0 100 88856564 5.52186 5.52186
60 4445 0 100 121549874 5.52186 5.52186
30 4415 0 100 121571294 5.52186 5.52186
29 4469 0 100 121549166 5.62186 5.62186
99 4417 0 100 121571588 5.62186 5.62186
51 4504 0 100 154270456 5.62186 5.62186
80 4464 0 100 56206324 5.72186 5.72186
32 4425 0 100 154264512 5.92186 5.92186
25 4486 0 100 88847820 6.02186 6.02186
43 4490 0 100 121552556 6.02186 6.02186
65 4474 0 100 154250104 6.12186 6.12186
23 4521 0 100 154285936 6.22186 6.22186
42 4442 0 100 88860188 6.32186 6.32186
77 4511 0 100 121547774 6.32186 6.32186
35 4493 0 100 121567064 6.32186 6.32186
72 4431 0 100 88857532 6.42186 6.42186
95 4468 0 100 121570016 6.42186 6.42186
15 4446 0 100 121569218 6.52186 6.52186
55 4438 0 100 154257168 6.52186 6.52186
93 4523 0 100 56204058 6.62186 6.62186
63 4477 0 100 121530086 6.62186 6.62186
37 4480 0 100 121541672 6.62186 6.62186
13 4514 0 100 88874176 6.72186 6.72186
27 4526 0 100 88868960 6.82186 6.82186
1 4500 0 100 121556018 6.82186 6.82186
81 4508 0 100 121565510 6.92186 6.92186
16 4485 0 100 154298552 7.12186 7.12186
28 4527 0 100 121541240 7.22186 7.22186
56 4520 0 100 154253056 7.52186 7.52186
62 4496 0 100 88853992 7.62186 7.62186
