0 3710
0 3711
0 3712
0 3713
0 3714
0 3715
0 3716
0 3717
0 3718
0 3719
0 3725
0 3729
58 3727
0 3732
0 3733
0 3740
0 3745
0 3749
0 3753
53 3743
11 3726
0 3758
0 3760
0 3765
0 3769
29 3741
0 3775
0 3779
0 3784
8 3747
0 3790
25 3738
52 3772
0 3796
66 3761
0 3800
20 3751
0 3807
3 3805
41 3780
31 3792
0 3809
6 3797
0 3810
55 3794
5 3771
0 3811
39 3724
0 3812
23 3793
0 3813
60 3799
43 3735
0 3814
26 3778
63 3785
0 3815
40 3768
0 3816
0 3817
0 3818
46 3777
42 3731
67 3739
0 3819
1 3755
0 3820
22 3734
0 3821
70 3728
50 3742
0 3822
0 3823
59 3798
15 3759
0 3824
0 3825
13 3752
16 3746
54 3782
65 3776
0 3826
48 3723
0 3827
7 3783
35 3756
2 3774
0 3828
37 3773
17 3750
24 3721
0 3829
4 3766
0 3830
18 3722
0 3831
0 3832
0 3833
32 3720
19 3791
0 3834
27 3787
0 3835
30 3744
68 3802
33 3788
0 3836
0 3837
69 3763
45 3748
0 3838
9 3781
0 3839
28 3770
0 3840
10 3730
0 3841
62 3737
57 3808
0 3842
51 3736
0 3843
0 3844
14 3804
12 3786
0 3845
47 3801
0 3846
64 3754
49 3762
21 3795
0 3847
61 3806
36 3789
0 3848
56 3757
0 3849
34 3767
0 3850
44 3764
0 3851
0 3852
0 3853
0 3854
0 3855
0 3856
0 3857
38 3803
0 3858
0 3859
0 3860
0 3861
0 3862
0 3863
0 3864
0 3865
0 3866
0 3867
0 3868
0 3869
0 3870
0 3871
0 3872
0 3873
0 3874
0 3875
0 3876
0 3877
0 3878
0 3879
0 3880
0 3881
0 3882
0 3883
0 3884
0 3885
0 3886
0 3887
0 3888
0 3889
0 3890
0 3891
0 3892
0 3893
0 3894
0 3895
0 3896
0 3897
0 3898
0 3899
0 3900
0 3901
0 3902
0 3903
0 3904
0 3905
0 3906
0 3907
0 3908
0 3909
0 3910
0 3911
0 3912
0 3913
0 3914
0 3915
0 3916
0 3917
0 3918
0 3919
0 3920
0 3921
0 3922
0 3923
0 3924
0 3925
0 3926
0 3927
0 3928
0 3929
