88 0.8 0.016 0.784
88 0.784 0.16 0.624
6 0.8 0.016 0.784
6 0.784 0.16 0.624
18 0.8 0.016 0.784
18 0.784 0.16 0.624
26 0.8 0.016 0.784
39 0.8 0.016 0.784
26 0.784 0.16 0.624
39 0.784 0.16 0.624
33 0.8 0.016 0.784
33 0.784 0.16 0.624
19 0.8 0.016 0.784
40 0.8 0.016 0.784
19 0.784 0.16 0.624
40 0.784 0.16 0.624
40 0.624 0.16 0.464
4 0.8 0.16 0.64
4 0.716334 0.016 0.700334
4 0.700334 0.16 0.540334
90 0.8 0.16 0.64
47 0.8 0.016 0.784
58 0.8 0.016 0.784
59 0.8 0.016 0.784
90 0.783399 0.016 0.767399
58 0.784 0.16 0.624
90 0.767399 0.16 0.607399
17 0.8 0.16 0.64
47 0.784 0.16 0.624
59 0.784 0.16 0.624
17 0.64 0.16 0.48
47 0.624 0.16 0.464
59 0.624 0.16 0.464
59 0.464 0.16 0.304
17 0.48 0.16 0.32
47 0.464 0.16 0.304
47 0.304 0.16 0.144
17 0.32 0.16 0.16
17 0.233463 0.016 0.217463
17 0.217463 0.16 0.0574627
11 0.8 0.016 0.784
22 0.8 0.016 0.784
50 0.8 0.016 0.784
22 0.784 0.16 0.624
11 0.784 0.16 0.624
50 0.784 0.16 0.624
87 0.8 0.16 0.64
91 0.8 0.16 0.64
94 0.8 0.16 0.64
87 0.64 0.16 0.48
87 0.48 0.16 0.32
91 0.64 0.16 0.48
94 0.64 0.16 0.48
87 0.392405 0.016 0.376405
91 0.554382 0.016 0.538382
94 0.557161 0.016 0.541161
87 0.376405 0.16 0.216405
94 0.541161 0.16 0.381161
91 0.538382 0.16 0.378382
20 0.8 0.16 0.64
84 0.8 0.16 0.64
91 0.378382 0.16 0.218382
91 0.218382 0.16 0.0583825
20 0.714487 0.016 0.698487
84 0.717099 0.016 0.701099
84 0.701099 0.16 0.541099
20 0.698487 0.16 0.538487
44 0.8 0.16 0.64
44 0.718275 0.016 0.702275
48 0.8 0.016 0.784
44 0.702275 0.16 0.542275
48 0.784 0.16 0.624
48 0.624 0.16 0.464
52 0.8 0.016 0.784
74 0.8 0.016 0.784
52 0.784 0.16 0.624
74 0.784 0.16 0.624
74 0.624 0.16 0.464
14 0.8 0.16 0.64
14 0.713123 0.016 0.697123
14 0.697123 0.16 0.537123
8 0.8 0.016 0.784
8 0.784 0.16 0.624
66 0.8 0.016 0.784
78 0.8 0.016 0.784
66 0.784 0.16 0.624
78 0.784 0.16 0.624
54 0.8 0.16 0.64
54 0.64 0.16 0.48
54 0.555686 0.016 0.539686
54 0.539686 0.16 0.379686
2 0.8 0.016 0.784
75 0.8 0.016 0.784
75 0.784 0.16 0.624
2 0.784 0.16 0.624
10 0.8 0.16 0.64
24 0.8 0.16 0.64
46 0.8 0.16 0.64
67 0.8 0.16 0.64
70 0.8 0.16 0.64
89 0.8 0.16 0.64
10 0.64 0.16 0.48
24 0.64 0.16 0.48
46 0.64 0.16 0.48
67 0.64 0.16 0.48
70 0.64 0.16 0.48
89 0.64 0.16 0.48
10 0.550976 0.016 0.534976
24 0.559227 0.016 0.543227
46 0.550872 0.016 0.534872
67 0.556129 0.016 0.540129
70 0.553052 0.016 0.537052
89 0.550647 0.016 0.534647
24 0.543227 0.16 0.383227
10 0.534976 0.16 0.374976
46 0.534872 0.16 0.374872
67 0.540129 0.16 0.380129
70 0.537052 0.16 0.377052
89 0.534647 0.16 0.374647
89 0.374647 0.16 0.214647
70 0.377052 0.16 0.217052
10 0.374976 0.16 0.214976
5 0.8 0.16 0.64
46 0.374872 0.16 0.214872
67 0.380129 0.16 0.220129
5 0.64 0.16 0.48
46 0.214872 0.16 0.0548719
67 0.220129 0.16 0.0601289
68 0.8 0.16 0.64
5 0.48 0.16 0.32
46 0.0548719 0.16 -0.105128
67 0.0601289 0.16 -0.0998711
68 0.64 0.16 0.48
5 0.390361 0.016 0.374361
12 0.8 0.016 0.784
46 0.0769409 0.016 0.0609409
67 0.077696 0.016 0.061696
68 0.550274 0.016 0.534274
5 0.374361 0.16 0.214361
68 0.534274 0.16 0.374274
12 0.784 0.16 0.624
46 0.0609409 0.16 -0.0990591
67 0.061696 0.16 -0.098304
12 0.624 0.16 0.464
46 0 0.16 -0.16
67 0 0.16 -0.16
12 0.464 0.16 0.304
7 0.8 0.16 0.64
46 0 0.16 -0.16
67 0 0.16 -0.16
97 0.8 0.16 0.64
46 0.0709525 0.016 0.0549525
67 0.0700206 0.016 0.0540206
97 0.718865 0.016 0.702865
97 0.702865 0.16 0.542865
7 0.712377 0.16 0.552377
31 0.8 0.16 0.64
69 0.8 0.16 0.64
7 0.627069 0.016 0.611069
9 0.8 0.016 0.784
31 0.719756 0.016 0.703756
69 0.715615 0.016 0.699615
83 0.8 0.016 0.784
69 0.699615 0.16 0.539615
7 0.611069 0.16 0.451069
9 0.784 0.16 0.624
31 0.703756 0.16 0.543756
53 0.8 0.16 0.64
79 0.8 0.16 0.64
83 0.784 0.16 0.624
7 0.451069 0.16 0.291069
31 0.543756 0.16 0.383756
83 0.624 0.16 0.464
79 0.64 0.16 0.48
9 0.624 0.16 0.464
34 0.8 0.16 0.64
53 0.64 0.16 0.48
73 0.8 0.16 0.64
79 0.48 0.16 0.32
9 0.464 0.16 0.304
34 0.64 0.16 0.48
53 0.48 0.16 0.32
73 0.64 0.16 0.48
79 0.32 0.16 0.16
92 0.8 0.16 0.64
9 0.304 0.16 0.144
34 0.48 0.16 0.32
53 0.32 0.16 0.16
73 0.48 0.16 0.32
79 0.16 0.16 -5.55112e-17
92 0.64 0.16 0.48
34 0.390833 0.016 0.374833
53 0.232841 0.016 0.216841
73 0.390908 0.016 0.374908
79 0.0773699 0.016 0.0613699
92 0.559653 0.016 0.543653
53 0.216841 0.16 0.0568409
73 0.374908 0.16 0.214908
34 0.374833 0.16 0.214833
79 0.0613699 0.16 -0.0986301
92 0.543653 0.16 0.383653
34 0.214833 0.16 0.0548326
38 0.8 0.16 0.64
79 0 0.16 -0.16
92 0.383653 0.16 0.223653
92 0.223653 0.16 0.0636529
34 0.0548326 0.16 -0.105167
36 0.8 0.16 0.64
38 0.64 0.16 0.48
79 0 0.16 -0.16
34 0.0782434 0.016 0.0622434
38 0.552207 0.016 0.536207
79 0.0744649 0.016 0.0584649
38 0.536207 0.16 0.376207
34 0.0622434 0.16 -0.0977566
36 0.714521 0.16 0.554521
45 0.8 0.16 0.64
49 0.8 0.16 0.64
96 0.8 0.16 0.64
98 0.8 0.16 0.64
46 0.273601 0.16 0.113601
67 0.278364 0.16 0.118364
36 0.62569 0.016 0.60969
45 0.716824 0.016 0.700824
49 0.717889 0.016 0.701889
96 0.719065 0.016 0.703065
98 0.712155 0.016 0.696155
46 0.186525 0.16 0.0265248
67 0.198166 0.16 0.0381657
36 0.60969 0.16 0.44969
45 0.700824 0.16 0.540824
49 0.701889 0.16 0.541889
96 0.703065 0.16 0.543065
98 0.696155 0.16 0.536155
98 0.536155 0.16 0.376155
45 0.540824 0.16 0.380824
49 0.541889 0.16 0.381889
96 0.543065 0.16 0.383065
45 0.380824 0.16 0.220824
96 0.383065 0.16 0.223065
49 0.381889 0.16 0.221889
21 0.8 0.016 0.784
61 0.8 0.016 0.784
61 0.784 0.16 0.624
21 0.784 0.16 0.624
85 0.8 0.16 0.64
21 0.624 0.16 0.464
79 0.361891 0.16 0.201891
85 0.64 0.16 0.48
34 0.304549 0.16 0.144549
3 0.8 0.016 0.784
57 0.8 0.016 0.784
85 0.552816 0.016 0.536816
34 0.222351 0.16 0.0623506
85 0.536816 0.16 0.376816
3 0.784 0.16 0.624
57 0.784 0.16 0.624
79 0.276022 0.16 0.116022
76 0.8 0.16 0.64
76 0.64 0.16 0.48
76 0.48 0.16 0.32
76 0.399373 0.016 0.383373
76 0.383373 0.16 0.223373
67 0.49165 0.16 0.33165
46 0.491042 0.16 0.331042
71 0.8 0.016 0.784
86 0.8 0.016 0.784
71 0.784 0.16 0.624
82 0.8 0.16 0.64
86 0.784 0.16 0.624
100 0.8 0.16 0.64
86 0.624 0.16 0.464
34 0.370238 0.16 0.210238
41 0.8 0.16 0.64
82 0.64 0.16 0.48
100 0.64 0.16 0.48
41 0.716194 0.016 0.700194
82 0.553271 0.016 0.537271
100 0.554615 0.016 0.538615
82 0.537271 0.16 0.377271
41 0.700194 0.16 0.540194
100 0.538615 0.16 0.378615
100 0.378615 0.16 0.218615
41 0.540194 0.16 0.380194
60 0.8 0.16 0.64
64 0.8 0.16 0.64
41 0.380194 0.16 0.220194
30 0.8 0.16 0.64
60 0.64 0.16 0.48
64 0.64 0.16 0.48
30 0.711107 0.016 0.695107
60 0.557744 0.016 0.541744
64 0.554118 0.016 0.538118
64 0.538118 0.16 0.378118
30 0.695107 0.16 0.535107
60 0.541744 0.16 0.381744
60 0.381744 0.16 0.221744
30 0.535107 0.16 0.375107
29 0.8 0.16 0.64
51 0.8 0.16 0.64
80 0.8 0.16 0.64
99 0.8 0.16 0.64
29 0.712316 0.016 0.696316
51 0.713204 0.016 0.697204
99 0.715123 0.016 0.699123
29 0.696316 0.16 0.536316
99 0.699123 0.16 0.539123
51 0.697204 0.16 0.537204
80 0.716865 0.16 0.556865
51 0.537204 0.16 0.377204
80 0.556865 0.16 0.396865
51 0.377204 0.16 0.217204
80 0.396865 0.16 0.236865
80 0.314611 0.016 0.298611
80 0.298611 0.16 0.138611
32 0.8 0.016 0.784
32 0.784 0.16 0.624
25 0.8 0.16 0.64
43 0.8 0.16 0.64
65 0.8 0.16 0.64
25 0.712068 0.016 0.696068
43 0.719391 0.016 0.703391
25 0.696068 0.16 0.536068
43 0.703391 0.16 0.543391
65 0.716214 0.16 0.556214
43 0.543391 0.16 0.383391
65 0.556214 0.16 0.396214
65 0.472193 0.016 0.456193
65 0.456193 0.16 0.296193
23 0.8 0.016 0.784
23 0.784 0.16 0.624
35 0.8 0.16 0.64
42 0.8 0.16 0.64
77 0.8 0.16 0.64
35 0.711503 0.016 0.695503
42 0.715951 0.016 0.699951
77 0.712998 0.016 0.696998
42 0.699951 0.16 0.539951
35 0.695503 0.16 0.535503
72 0.8 0.16 0.64
77 0.696998 0.16 0.536998
77 0.536998 0.16 0.376998
35 0.535503 0.16 0.375503
72 0.64 0.16 0.48
72 0.48 0.16 0.32
72 0.390229 0.016 0.374229
95 0.8 0.016 0.784
72 0.374229 0.16 0.214229
55 0.8 0.16 0.64
95 0.784 0.16 0.624
95 0.624 0.16 0.464
15 0.8 0.16 0.64
55 0.64 0.16 0.48
15 0.713022 0.016 0.697022
55 0.556894 0.016 0.540894
15 0.697022 0.16 0.537022
55 0.540894 0.16 0.380894
63 0.8 0.16 0.64
93 0.8 0.16 0.64
55 0.380894 0.16 0.220894
63 0.64 0.16 0.48
37 0.8 0.016 0.784
63 0.556647 0.016 0.540647
93 0.710616 0.016 0.694616
93 0.694616 0.16 0.534616
13 0.8 0.16 0.64
37 0.784 0.16 0.624
63 0.540647 0.16 0.380647
63 0.380647 0.16 0.220647
37 0.624 0.16 0.464
13 0.64 0.16 0.48
13 0.48 0.16 0.32
13 0.396132 0.016 0.380132
13 0.380132 0.16 0.220132
27 0.8 0.16 0.64
1 0.8 0.016 0.784
27 0.717158 0.016 0.701158
27 0.701158 0.16 0.541158
1 0.784 0.16 0.624
1 0.624 0.16 0.464
81 0.8 0.16 0.64
81 0.712505 0.016 0.696505
81 0.696505 0.16 0.536505
16 0.8 0.016 0.784
16 0.784 0.16 0.624
28 0.8 0.16 0.64
28 0.717985 0.016 0.701985
28 0.701985 0.16 0.541985
56 0.8 0.016 0.784
56 0.784 0.16 0.624
62 0.8 0.16 0.64
62 0.717989 0.016 0.701989
62 0.701989 0.16 0.541989
