32 0.8 0.016 0.784
32 0.784 0.16 0.624
18 0.8 0.016 0.784
18 0.784 0.16 0.624
22 0.8 0.016 0.784
22 0.784 0.16 0.624
30 0.8 0.16 0.64
30 0.716723 0.016 0.700723
34 0.8 0.016 0.784
30 0.700723 0.16 0.540723
34 0.784 0.16 0.624
34 0.624 0.16 0.464
21 0.8 0.016 0.784
21 0.784 0.16 0.624
17 0.8 0.16 0.64
17 0.719649 0.016 0.703649
17 0.703649 0.16 0.543649
27 0.8 0.016 0.784
27 0.784 0.16 0.624
29 0.8 0.16 0.64
29 0.71064 0.016 0.69464
29 0.69464 0.16 0.53464
31 0.8 0.16 0.64
38 0.8 0.16 0.64
31 0.710283 0.016 0.694283
38 0.715627 0.016 0.699627
38 0.699627 0.16 0.539627
31 0.694283 0.16 0.534283
31 0.534283 0.16 0.374283
23 0.8 0.016 0.784
23 0.784 0.16 0.624
16 0.8 0.016 0.784
16 0.784 0.16 0.624
15 0.8 0.016 0.784
15 0.784 0.16 0.624
11 0.8 0.16 0.64
11 0.715847 0.016 0.699847
11 0.699847 0.16 0.539847
10 0.8 0.16 0.64
10 0.71587 0.016 0.69987
10 0.69987 0.16 0.53987
8 0.8 0.016 0.784
40 0.8 0.016 0.784
40 0.784 0.16 0.624
8 0.784 0.16 0.624
8 0.624 0.16 0.464
12 0.8 0.016 0.784
25 0.8 0.016 0.784
25 0.784 0.16 0.624
12 0.784 0.16 0.624
12 0.624 0.16 0.464
39 0.8 0.16 0.64
2 0.8 0.016 0.784
39 0.715058 0.016 0.699058
39 0.699058 0.16 0.539058
2 0.784 0.16 0.624
2 0.624 0.16 0.464
26 0.8 0.016 0.784
26 0.784 0.16 0.624
28 0.8 0.016 0.784
28 0.784 0.16 0.624
13 0.8 0.16 0.64
14 0.8 0.16 0.64
33 0.8 0.16 0.64
37 0.8 0.16 0.64
13 0.718012 0.016 0.702012
14 0.713755 0.016 0.697755
33 0.71668 0.016 0.70068
37 0.710064 0.016 0.694064
14 0.697755 0.16 0.537755
13 0.702012 0.16 0.542012
33 0.70068 0.16 0.54068
37 0.694064 0.16 0.534064
33 0.54068 0.16 0.38068
13 0.542012 0.16 0.382012
37 0.534064 0.16 0.374064
37 0.374064 0.16 0.214064
13 0.382012 0.16 0.222012
36 0.8 0.16 0.64
36 0.64 0.16 0.48
36 0.554097 0.016 0.538097
36 0.538097 0.16 0.378097
9 0.8 0.016 0.784
9 0.784 0.16 0.624
20 0.8 0.16 0.64
20 0.716705 0.016 0.700705
20 0.700705 0.16 0.540705
3 0.8 0.16 0.64
24 0.8 0.16 0.64
35 0.8 0.16 0.64
3 0.715127 0.016 0.699127
24 0.714088 0.016 0.698088
24 0.698088 0.16 0.538088
3 0.699127 0.16 0.539127
19 0.8 0.16 0.64
35 0.712479 0.16 0.552479
3 0.539127 0.16 0.379127
19 0.64 0.16 0.48
35 0.552479 0.16 0.392479
19 0.558236 0.016 0.542236
35 0.471928 0.016 0.455928
19 0.542236 0.16 0.382236
35 0.455928 0.16 0.295928
35 0.295928 0.16 0.135928
5 0.8 0.016 0.784
5 0.784 0.16 0.624
6 0.8 0.016 0.784
6 0.784 0.16 0.624
4 0.8 0.16 0.64
4 0.711492 0.016 0.695492
4 0.695492 0.16 0.535492
7 0.8 0.016 0.784
7 0.784 0.16 0.624
1 0.8 0.016 0.784
1 0.784 0.16 0.624
