33 3957 0 100 121569932 1.32484 1.32484
42 3948 0 100 88864892 1.52484 1.52484
38 3962 0 100 56208718 1.62484 1.62484
68 3943 0 100 56206386 1.72484 1.72484
54 3953 0 100 121530032 1.72484 1.72484
48 3978 0 100 56207552 1.82484 1.82484
37 3959 0 100 88844988 1.82484 1.82484
55 3979 0 100 121530164 2.02484 2.02484
8 3987 0 100 88873572 2.12484 2.12484
18 3956 0 100 121533728 2.32484 2.32484
35 3990 0 100 121572092 2.32484 2.32484
43 3982 0 100 56203400 2.42484 2.42484
51 3971 0 100 88873824 2.52484 2.52484
17 3994 0 100 154274096 2.52484 2.52484
29 3974 0 100 88851804 2.62484 2.62484
27 3958 0 100 56200074 2.72484 2.72484
69 3951 0 100 154250544 2.72484 2.72484
28 4012 0 100 56207456 2.82484 2.82484
47 4035 0 100 56199530 2.92484 2.92484
61 3944 0 100 88870792 2.92484 2.92484
53 3955 0 100 121541828 2.92484 2.92484
78 4038 0 100 121554806 3.02484 3.02484
22 4015 0 100 154273128 3.02484 3.02484
10 4009 0 100 121532072 3.32484 3.32484
15 3946 0 100 154265296 3.32484 3.32484
63 3973 0 100 88868960 3.62484 3.62484
24 3993 0 100 121527200 3.62484 3.62484
45 3991 0 100 121570808 3.62484 3.62484
80 3967 0 100 154258280 3.62484 3.62484
26 4003 0 100 154272960 3.62484 3.62484
39 3950 0 100 154258208 3.72484 3.72484
64 3963 0 100 88864548 3.82484 3.82484
14 3945 0 100 154244624 3.82484 3.82484
13 3996 0 100 121565132 3.92484 3.92484
2 3986 0 100 154260192 3.92484 3.92484
9 4010 0 100 56208204 4.22484 4.22484
77 3947 0 100 88852920 4.22484 4.22484
59 4018 0 100 121545866 4.22484 4.22484
3 4004 0 100 121555034 4.22484 4.22484
21 3999 0 100 121534118 4.32484 4.32484
73 4022 0 100 121542350 4.32484 4.32484
41 4005 0 100 121573844 4.32484 4.32484
19 4032 0 100 154283072 4.42484 4.42484
25 4013 0 100 56205998 4.52484 4.52484
40 4025 0 100 154271224 4.52484 4.52484
62 3989 0 100 154305784 4.52484 4.52484
72 4029 0 100 121546766 4.62484 4.62484
52 4039 0 100 154289264 4.92484 4.92484
66 3976 0 100 88850552 5.02484 5.02484
36 3995 0 100 121558898 5.62484 5.62484
76 3980 0 100 121570064 5.62484 5.62484
49 3954 0 100 121570388 5.62484 5.62484
5 3964 0 100 88849004 5.72484 5.72484
75 3972 0 100 121553000 5.72484 5.72484
23 3940 0 100 121553336 5.72484 5.72484
32 4037 0 100 56202432 5.82484 5.82484
67 4021 0 100 88860616 5.82484 5.82484
20 4023 0 100 154279840 5.82484 5.82484
74 3942 0 100 154302000 5.82484 5.82484
58 4028 0 100 88871052 5.92484 5.92484
50 3966 0 100 154277000 5.92484 5.92484
46 3984 0 100 121555712 6.02484 6.02484
44 3968 0 100 154246560 6.02484 6.02484
6 4033 0 100 56208590 6.12484 6.12484
60 4006 0 100 56197482 6.22484 6.22484
7 3975 0 100 88866800 6.32484 6.32484
57 3969 0 100 154254592 6.52484 6.52484
56 4026 0 100 88857976 6.62484 6.62484
34 4002 0 100 121530722 6.82484 6.82484
79 3983 0 100 121556876 6.92484 6.92484
30 4011 0 100 121566200 6.92484 6.92484
16 4020 0 100 154275512 6.92484 6.92484
71 4014 0 100 121560026 7.02484 7.02484
70 3998 0 100 56196900 7.12484 7.12484
4 4000 0 100 154264040 7.22484 7.22484
12 4031 0 100 154261904 7.42484 7.42484
1 4008 0 100 154267208 7.42484 7.42484
31 4024 0 100 88874392 7.52484 7.52484
11 4017 0 100 121542296 7.52484 7.52484
65 4034 0 100 121572542 7.92484 7.92484
