74 4170 1.0037
36 4171 1.01528
3 4173 1.07555
87 4174 1.08355
84 4175 1.11497
25 4177 1.16533
18 4178 1.19666
82 4180 1.27706
61 4181 1.30925
63 4182 1.33804
10 4184 1.34251
90 4185 1.42301
66 4187 1.44512
19 4188 1.493
34 4189 1.53229
79 4191 1.57111
67 4192 1.59193
17 4193 1.60064
58 4194 1.60813
42 4196 1.64225
80 4197 1.67865
2 4198 1.69192
52 4199 1.70228
9 4200 1.70548
76 4201 1.73003
46 4203 1.74778
23 4204 1.75853
38 4205 1.76774
24 4206 1.77745
71 4207 1.79669
16 4208 1.8336
55 4209 1.83541
4 4211 1.86112
45 4212 1.91477
15 4213 1.91886
33 4214 1.91936
35 4215 1.93895
31 4217 1.96661
21 4218 2.02858
47 4220 2.06626
28 4221 2.07108
7 4222 2.10691
78 4223 2.1345
14 4225 2.14093
20 4226 2.14803
5 4227 2.18346
57 4228 2.19948
12 4229 2.21779
8 4230 2.21811
11 4231 2.21824
1 4232 2.22155
62 4233 2.22795
39 4235 2.24078
56 4236 2.24842
60 4237 2.25386
51 4238 2.25537
32 4239 2.28958
40 4240 2.32386
49 4242 2.34879
22 4243 2.38476
50 4244 2.39011
30 4245 2.39833
44 4247 2.44736
37 4248 2.49724
73 4249 2.50974
89 4250 2.51163
83 4251 2.53293
59 4253 2.55133
70 4254 2.63615
75 4255 2.63822
43 4257 2.64288
13 4258 2.67587
27 4259 2.69894
88 4261 2.74876
26 4262 2.75449
48 4263 2.76125
77 4264 2.76218
69 4265 2.79414
68 4266 2.79645
29 4267 2.82789
6 4268 2.83696
41 4270 2.84493
85 4271 2.86965
72 4272 2.87272
65 4273 2.87539
81 4274 2.8832
53 4275 2.88639
54 4276 2.89954
86 4277 2.90108
64 4278 2.90255
