45 4410 1.01889
88 4412 1.04429
47 4413 1.07177
73 4414 1.07218
30 4415 1.08264
39 4416 1.11719
99 4417 1.11805
26 4419 1.13182
21 4420 1.14758
59 4421 1.19754
68 4422 1.19977
17 4424 1.22528
32 4425 1.23629
48 4426 1.25732
24 4427 1.27332
10 4428 1.30628
5 4429 1.31376
72 4431 1.33207
22 4432 1.35642
64 4433 1.35851
94 4434 1.35906
75 4435 1.38236
14 4436 1.41197
55 4438 1.42531
31 4439 1.43842
49 4440 1.47087
42 4442 1.52328
6 4443 1.53546
91 4444 1.56717
60 4445 1.58351
15 4446 1.58869
90 4447 1.60015
92 4448 1.60027
82 4449 1.61016
40 4451 1.62404
54 4452 1.62981
18 4453 1.67893
38 4454 1.70537
20 4456 1.75439
85 4457 1.76029
76 4458 1.76438
67 4459 1.79879
4 4460 1.80704
70 4461 1.81409
2 4463 1.83665
80 4464 1.85727
83 4465 1.87428
78 4466 1.87611
95 4468 1.94452
29 4469 1.94842
33 4470 2.01245
96 4472 2.03773
7 4473 2.03847
65 4474 2.06843
36 4475 2.07677
19 4476 2.07815
63 4477 2.086
8 4478 2.11347
37 4480 2.12826
3 4481 2.18647
84 4482 2.19318
52 4483 2.21935
16 4485 2.22852
25 4486 2.23445
58 4487 2.31085
98 4488 2.3147
43 4490 2.35041
66 4491 2.38394
57 4492 2.39198
35 4493 2.40803
79 4494 2.4214
62 4496 2.42752
12 4497 2.44011
97 4498 2.44079
74 4499 2.44364
1 4500 2.44708
69 4501 2.48431
86 4502 2.48994
11 4503 2.50093
51 4504 2.50226
46 4505 2.51895
89 4507 2.52718
81 4508 2.53049
50 4509 2.56946
34 4510 2.57152
77 4511 2.58095
87 4513 2.62906
13 4514 2.66423
61 4515 2.67414
41 4517 2.72623
9 4518 2.74039
71 4519 2.74857
56 4520 2.77774
23 4521 2.78644
44 4522 2.78771
93 4523 2.82182
53 4525 2.83154
27 4526 2.8759
28 4527 2.87707
100 4529 2.96432
