36 0.8 0.016 0.784
36 0.784 0.16 0.624
18 0.8 0.016 0.784
18 0.784 0.16 0.624
25 0.8 0.16 0.64
82 0.8 0.16 0.64
25 0.715552 0.016 0.699552
82 0.711671 0.016 0.695671
25 0.699552 0.16 0.539552
82 0.695671 0.16 0.535671
82 0.535671 0.16 0.375671
84 0.8 0.016 0.784
84 0.784 0.16 0.624
67 0.8 0.16 0.64
67 0.714168 0.016 0.698168
67 0.698168 0.16 0.538168
34 0.8 0.016 0.784
78 0.8 0.016 0.784
78 0.784 0.16 0.624
34 0.784 0.16 0.624
21 0.8 0.016 0.784
55 0.8 0.016 0.784
21 0.784 0.16 0.624
55 0.784 0.16 0.624
1 0.8 0.16 0.64
1 0.64 0.16 0.48
1 0.551196 0.016 0.535196
11 0.8 0.016 0.784
1 0.535196 0.16 0.375196
11 0.784 0.16 0.624
11 0.624 0.16 0.464
15 0.8 0.16 0.64
52 0.8 0.16 0.64
87 0.8 0.16 0.64
15 0.716778 0.016 0.700778
52 0.719496 0.016 0.703496
87 0.719938 0.016 0.703938
15 0.700778 0.16 0.540778
87 0.703938 0.16 0.543938
52 0.703496 0.16 0.543496
35 0.8 0.16 0.64
35 0.64 0.16 0.48
35 0.48 0.16 0.32
35 0.39131 0.016 0.37531
35 0.37531 0.16 0.21531
69 0.8 0.016 0.784
69 0.784 0.16 0.624
17 0.8 0.16 0.64
17 0.715544 0.016 0.699544
17 0.699544 0.16 0.539544
32 0.8 0.016 0.784
76 0.8 0.016 0.784
76 0.784 0.16 0.624
32 0.784 0.16 0.624
5 0.8 0.16 0.64
9 0.8 0.16 0.64
38 0.8 0.16 0.64
63 0.8 0.16 0.64
5 0.64 0.16 0.48
9 0.64 0.16 0.48
38 0.64 0.16 0.48
63 0.64 0.16 0.48
5 0.556855 0.016 0.540855
9 0.558234 0.016 0.542234
38 0.550198 0.016 0.534198
63 0.558138 0.016 0.542138
38 0.534198 0.16 0.374198
5 0.540855 0.16 0.380855
9 0.542234 0.16 0.382234
63 0.542138 0.16 0.382138
9 0.382234 0.16 0.222234
5 0.380855 0.16 0.220855
63 0.382138 0.16 0.222138
63 0.222138 0.16 0.0621378
5 0.220855 0.16 0.0608555
29 0.8 0.016 0.784
85 0.8 0.016 0.784
29 0.784 0.16 0.624
75 0.8 0.16 0.64
85 0.784 0.16 0.624
85 0.624 0.16 0.464
56 0.8 0.16 0.64
75 0.64 0.16 0.48
56 0.71772 0.016 0.70172
75 0.551899 0.016 0.535899
80 0.8 0.016 0.784
75 0.535899 0.16 0.375899
56 0.70172 0.16 0.54172
80 0.784 0.16 0.624
56 0.54172 0.16 0.38172
80 0.624 0.16 0.464
49 0.8 0.016 0.784
70 0.8 0.016 0.784
70 0.784 0.16 0.624
49 0.784 0.16 0.624
40 0.8 0.16 0.64
62 0.8 0.16 0.64
40 0.64 0.16 0.48
62 0.64 0.16 0.48
66 0.8 0.16 0.64
40 0.555346 0.016 0.539346
62 0.550157 0.016 0.534157
40 0.539346 0.16 0.379346
62 0.534157 0.16 0.374157
66 0.713786 0.16 0.553786
62 0.374157 0.16 0.214157
66 0.553786 0.16 0.393786
66 0.469207 0.016 0.453207
66 0.453207 0.16 0.293207
16 0.8 0.16 0.64
16 0.715346 0.016 0.699346
20 0.8 0.016 0.784
16 0.699346 0.16 0.539346
20 0.784 0.16 0.624
20 0.624 0.16 0.464
53 0.8 0.16 0.64
53 0.713309 0.016 0.697309
53 0.697309 0.16 0.537309
4 0.8 0.016 0.784
65 0.8 0.016 0.784
65 0.784 0.16 0.624
4 0.784 0.16 0.624
46 0.8 0.16 0.64
48 0.8 0.16 0.64
71 0.8 0.16 0.64
46 0.64 0.16 0.48
48 0.64 0.16 0.48
71 0.64 0.16 0.48
46 0.553422 0.016 0.537422
48 0.550994 0.016 0.534994
46 0.537422 0.16 0.377422
48 0.534994 0.16 0.374994
71 0.554464 0.16 0.394464
88 0.8 0.16 0.64
71 0.394464 0.16 0.234464
88 0.64 0.16 0.48
10 0.8 0.016 0.784
71 0.308261 0.016 0.292261
88 0.553434 0.016 0.537434
71 0.292261 0.16 0.132261
10 0.784 0.16 0.624
88 0.537434 0.16 0.377434
88 0.377434 0.16 0.217434
10 0.624 0.16 0.464
79 0.8 0.16 0.64
79 0.712838 0.016 0.696838
79 0.696838 0.16 0.536838
72 0.8 0.16 0.64
74 0.8 0.16 0.64
72 0.715997 0.016 0.699997
74 0.710304 0.016 0.694304
74 0.694304 0.16 0.534304
57 0.8 0.16 0.64
72 0.699997 0.16 0.539997
72 0.539997 0.16 0.379997
57 0.71243 0.016 0.69643
57 0.69643 0.16 0.53643
60 0.8 0.16 0.64
73 0.8 0.16 0.64
60 0.71325 0.016 0.69725
68 0.8 0.016 0.784
73 0.711468 0.016 0.695468
73 0.695468 0.16 0.535468
60 0.69725 0.16 0.53725
68 0.784 0.16 0.624
60 0.53725 0.16 0.37725
68 0.624 0.16 0.464
22 0.8 0.016 0.784
22 0.784 0.16 0.624
3 0.8 0.16 0.64
27 0.8 0.16 0.64
3 0.717074 0.016 0.701074
3 0.701074 0.16 0.541074
19 0.8 0.16 0.64
27 0.718242 0.16 0.558242
19 0.717999 0.016 0.701999
27 0.63749 0.016 0.62149
27 0.62149 0.16 0.46149
19 0.701999 0.16 0.541999
41 0.8 0.16 0.64
41 0.715192 0.016 0.699192
61 0.8 0.016 0.784
41 0.699192 0.16 0.539192
61 0.784 0.16 0.624
61 0.624 0.16 0.464
37 0.8 0.016 0.784
37 0.784 0.16 0.624
2 0.8 0.16 0.64
33 0.8 0.16 0.64
2 0.710846 0.016 0.694846
33 0.719348 0.016 0.703348
51 0.8 0.016 0.784
33 0.703348 0.16 0.543348
2 0.694846 0.16 0.534846
28 0.8 0.16 0.64
51 0.784 0.16 0.624
2 0.534846 0.16 0.374846
28 0.64 0.16 0.48
51 0.624 0.16 0.464
51 0.464 0.16 0.304
28 0.48 0.16 0.32
42 0.8 0.16 0.64
64 0.8 0.16 0.64
89 0.8 0.16 0.64
28 0.391011 0.016 0.375011
42 0.710629 0.016 0.694629
64 0.718777 0.016 0.702777
28 0.375011 0.16 0.215011
42 0.694629 0.16 0.534629
64 0.702777 0.16 0.542777
89 0.712073 0.16 0.552073
90 0.8 0.16 0.64
42 0.534629 0.16 0.374629
64 0.542777 0.16 0.382777
39 0.8 0.16 0.64
89 0.552073 0.16 0.392073
90 0.64 0.16 0.48
12 0.8 0.16 0.64
39 0.64 0.16 0.48
89 0.392073 0.16 0.232073
90 0.48 0.16 0.32
39 0.559923 0.016 0.543923
89 0.304247 0.016 0.288247
90 0.393946 0.016 0.377946
90 0.377946 0.16 0.217946
89 0.288247 0.16 0.128247
12 0.715206 0.16 0.555206
39 0.543923 0.16 0.383923
58 0.8 0.16 0.64
39 0.383923 0.16 0.223923
39 0.223923 0.16 0.0639232
12 0.555206 0.16 0.395206
58 0.64 0.16 0.48
12 0.473458 0.016 0.457458
58 0.554752 0.016 0.538752
77 0.8 0.016 0.784
12 0.457458 0.16 0.297458
58 0.538752 0.16 0.378752
77 0.784 0.16 0.624
77 0.624 0.16 0.464
77 0.464 0.16 0.304
23 0.8 0.16 0.64
54 0.8 0.16 0.64
23 0.712541 0.016 0.696541
54 0.717318 0.016 0.701318
23 0.696541 0.16 0.536541
54 0.701318 0.16 0.541318
44 0.8 0.16 0.64
59 0.8 0.16 0.64
86 0.8 0.16 0.64
44 0.64 0.16 0.48
59 0.64 0.16 0.48
86 0.64 0.16 0.48
59 0.55116 0.016 0.53516
86 0.552651 0.016 0.536651
86 0.536651 0.16 0.376651
44 0.551085 0.16 0.391085
59 0.53516 0.16 0.37516
59 0.37516 0.16 0.21516
7 0.8 0.16 0.64
44 0.391085 0.16 0.231085
7 0.716903 0.016 0.700903
44 0.30477 0.016 0.28877
44 0.28877 0.16 0.12877
7 0.700903 0.16 0.540903
7 0.540903 0.16 0.380903
6 0.8 0.016 0.784
24 0.8 0.016 0.784
30 0.8 0.016 0.784
45 0.8 0.016 0.784
50 0.8 0.016 0.784
45 0.784 0.16 0.624
24 0.784 0.16 0.624
6 0.784 0.16 0.624
14 0.8 0.16 0.64
30 0.784 0.16 0.624
50 0.784 0.16 0.624
6 0.624 0.16 0.464
14 0.64 0.16 0.48
30 0.624 0.16 0.464
50 0.624 0.16 0.464
6 0.464 0.16 0.304
50 0.464 0.16 0.304
30 0.464 0.16 0.304
14 0.48 0.16 0.32
14 0.32 0.16 0.16
14 0.16 0.16 -5.55112e-17
14 0.0756076 0.016 0.0596076
14 0.132616 0.016 0.116616
43 0.8 0.016 0.784
43 0.784 0.16 0.624
8 0.8 0.16 0.64
31 0.8 0.16 0.64
8 0.712008 0.016 0.696008
8 0.696008 0.16 0.536008
31 0.711305 0.16 0.551305
31 0.625044 0.016 0.609044
31 0.609044 0.16 0.449044
47 0.8 0.16 0.64
47 0.710539 0.016 0.694539
47 0.694539 0.16 0.534539
81 0.8 0.016 0.784
14 0.417635 0.16 0.257635
81 0.784 0.16 0.624
14 0.332058 0.16 0.172058
13 0.8 0.016 0.784
26 0.8 0.016 0.784
26 0.784 0.16 0.624
13 0.784 0.16 0.624
83 0.8 0.16 0.64
83 0.712566 0.016 0.696566
83 0.696566 0.16 0.536566
