58 0.8 0.016 0.784
58 0.784 0.16 0.624
11 0.8 0.016 0.784
53 0.8 0.016 0.784
53 0.784 0.16 0.624
11 0.784 0.16 0.624
11 0.624 0.16 0.464
29 0.8 0.016 0.784
29 0.784 0.16 0.624
8 0.8 0.016 0.784
8 0.784 0.16 0.624
25 0.8 0.16 0.64
52 0.8 0.16 0.64
25 0.719425 0.016 0.703425
52 0.71879 0.016 0.70279
25 0.703425 0.16 0.543425
52 0.70279 0.16 0.54279
66 0.8 0.016 0.784
66 0.784 0.16 0.624
20 0.8 0.016 0.784
20 0.784 0.16 0.624
31 0.8 0.16 0.64
41 0.8 0.16 0.64
3 0.8 0.016 0.784
31 0.714945 0.016 0.698945
41 0.712413 0.016 0.696413
3 0.784 0.16 0.624
31 0.698945 0.16 0.538945
41 0.696413 0.16 0.536413
41 0.536413 0.16 0.376413
31 0.538945 0.16 0.378945
31 0.378945 0.16 0.218945
6 0.8 0.16 0.64
6 0.715294 0.016 0.699294
6 0.699294 0.16 0.539294
5 0.8 0.016 0.784
55 0.8 0.016 0.784
55 0.784 0.16 0.624
5 0.784 0.16 0.624
39 0.8 0.16 0.64
5 0.624 0.16 0.464
39 0.64 0.16 0.48
39 0.556009 0.016 0.540009
39 0.540009 0.16 0.380009
23 0.8 0.016 0.784
23 0.784 0.16 0.624
60 0.8 0.16 0.64
43 0.8 0.016 0.784
60 0.718591 0.016 0.702591
60 0.702591 0.16 0.542591
26 0.8 0.16 0.64
43 0.784 0.16 0.624
63 0.8 0.16 0.64
43 0.624 0.16 0.464
26 0.64 0.16 0.48
63 0.64 0.16 0.48
26 0.556315 0.016 0.540315
63 0.559469 0.016 0.543469
26 0.540315 0.16 0.380315
63 0.543469 0.16 0.383469
40 0.8 0.16 0.64
40 0.71239 0.016 0.69639
40 0.69639 0.16 0.53639
42 0.8 0.016 0.784
46 0.8 0.016 0.784
67 0.8 0.016 0.784
46 0.784 0.16 0.624
42 0.784 0.16 0.624
67 0.784 0.16 0.624
42 0.624 0.16 0.464
67 0.624 0.16 0.464
1 0.8 0.016 0.784
1 0.784 0.16 0.624
22 0.8 0.16 0.64
22 0.718425 0.016 0.702425
22 0.702425 0.16 0.542425
50 0.8 0.16 0.64
70 0.8 0.16 0.64
50 0.713215 0.016 0.697215
70 0.714637 0.016 0.698637
70 0.698637 0.16 0.538637
50 0.697215 0.16 0.537215
50 0.537215 0.16 0.377215
15 0.8 0.016 0.784
59 0.8 0.016 0.784
59 0.784 0.16 0.624
15 0.784 0.16 0.624
13 0.8 0.016 0.784
16 0.8 0.016 0.784
54 0.8 0.016 0.784
65 0.8 0.016 0.784
13 0.784 0.16 0.624
16 0.784 0.16 0.624
54 0.784 0.16 0.624
65 0.784 0.16 0.624
54 0.624 0.16 0.464
65 0.624 0.16 0.464
54 0.464 0.16 0.304
65 0.464 0.16 0.304
48 0.8 0.16 0.64
48 0.64 0.16 0.48
48 0.554177 0.016 0.538177
48 0.538177 0.16 0.378177
2 0.8 0.16 0.64
7 0.8 0.16 0.64
35 0.8 0.16 0.64
2 0.71734 0.016 0.70134
7 0.718291 0.016 0.702291
35 0.717063 0.016 0.701063
7 0.702291 0.16 0.542291
2 0.70134 0.16 0.54134
35 0.701063 0.16 0.541063
37 0.8 0.16 0.64
35 0.541063 0.16 0.381063
2 0.54134 0.16 0.38134
17 0.8 0.16 0.64
24 0.8 0.16 0.64
37 0.64 0.16 0.48
2 0.38134 0.16 0.22134
17 0.64 0.16 0.48
37 0.48 0.16 0.32
17 0.552107 0.016 0.536107
24 0.716842 0.016 0.700842
37 0.395178 0.016 0.379178
37 0.379178 0.16 0.219178
4 0.8 0.16 0.64
17 0.536107 0.16 0.376107
24 0.700842 0.16 0.540842
17 0.376107 0.16 0.216107
4 0.64 0.16 0.48
24 0.540842 0.16 0.380842
24 0.380842 0.16 0.220842
4 0.48 0.16 0.32
4 0.391185 0.016 0.375185
4 0.375185 0.16 0.215185
18 0.8 0.016 0.784
18 0.784 0.16 0.624
19 0.8 0.016 0.784
32 0.8 0.016 0.784
32 0.784 0.16 0.624
19 0.784 0.16 0.624
27 0.8 0.16 0.64
27 0.64 0.16 0.48
27 0.552574 0.016 0.536574
27 0.536574 0.16 0.376574
30 0.8 0.16 0.64
30 0.714012 0.016 0.698012
33 0.8 0.016 0.784
68 0.8 0.016 0.784
30 0.698012 0.16 0.538012
33 0.784 0.16 0.624
68 0.784 0.16 0.624
68 0.624 0.16 0.464
33 0.624 0.16 0.464
33 0.464 0.16 0.304
45 0.8 0.016 0.784
69 0.8 0.016 0.784
69 0.784 0.16 0.624
45 0.784 0.16 0.624
9 0.8 0.16 0.64
9 0.64 0.16 0.48
9 0.557814 0.016 0.541814
9 0.541814 0.16 0.381814
28 0.8 0.016 0.784
28 0.784 0.16 0.624
10 0.8 0.16 0.64
62 0.8 0.16 0.64
10 0.718529 0.016 0.702529
10 0.702529 0.16 0.542529
57 0.8 0.16 0.64
62 0.716054 0.16 0.556054
57 0.710148 0.016 0.694148
62 0.63392 0.016 0.61792
62 0.61792 0.16 0.45792
57 0.694148 0.16 0.534148
57 0.534148 0.16 0.374148
51 0.8 0.016 0.784
51 0.784 0.16 0.624
12 0.8 0.016 0.784
14 0.8 0.016 0.784
14 0.784 0.16 0.624
12 0.784 0.16 0.624
47 0.8 0.16 0.64
12 0.624 0.16 0.464
47 0.64 0.16 0.48
47 0.550802 0.016 0.534802
47 0.534802 0.16 0.374802
64 0.8 0.16 0.64
21 0.8 0.016 0.784
49 0.8 0.016 0.784
64 0.718924 0.016 0.702924
64 0.702924 0.16 0.542924
21 0.784 0.16 0.624
36 0.8 0.16 0.64
49 0.784 0.16 0.624
49 0.624 0.16 0.464
21 0.624 0.16 0.464
36 0.64 0.16 0.48
61 0.8 0.16 0.64
21 0.464 0.16 0.304
36 0.48 0.16 0.32
61 0.64 0.16 0.48
36 0.396923 0.016 0.380923
61 0.555677 0.016 0.539677
61 0.539677 0.16 0.379677
36 0.380923 0.16 0.220923
56 0.8 0.016 0.784
56 0.784 0.16 0.624
34 0.8 0.16 0.64
34 0.713152 0.016 0.697152
34 0.697152 0.16 0.537152
44 0.8 0.016 0.784
44 0.784 0.16 0.624
38 0.8 0.016 0.784
38 0.784 0.16 0.624
