32 3720 1.00594
24 3721 1.07211
18 3722 1.07359
48 3723 1.07684
39 3724 1.07911
11 3726 1.14391
58 3727 1.16463
70 3728 1.17468
10 3730 1.20545
42 3731 1.25598
22 3734 1.39896
43 3735 1.41636
51 3736 1.4207
62 3737 1.42976
25 3738 1.45722
67 3739 1.46896
29 3741 1.51625
50 3742 1.5491
53 3743 1.56744
30 3744 1.58211
16 3746 1.60949
8 3747 1.61313
45 3748 1.63875
17 3750 1.69033
20 3751 1.71631
13 3752 1.7675
64 3754 1.84228
1 3755 1.85496
35 3756 1.86141
56 3757 1.87396
15 3759 1.98225
66 3761 1.99882
49 3762 2.01065
69 3763 2.01512
44 3764 2.05011
4 3766 2.12128
34 3767 2.12694
40 3768 2.17709
28 3770 2.19909
5 3771 2.23315
52 3772 2.26649
37 3773 2.27424
2 3774 2.2749
65 3776 2.33788
46 3777 2.3485
26 3778 2.38041
41 3780 2.39559
9 3781 2.40852
54 3782 2.41122
7 3783 2.48286
63 3785 2.49828
12 3786 2.5177
27 3787 2.53036
33 3788 2.53062
36 3789 2.57317
19 3791 2.59656
31 3792 2.6002
23 3793 2.61137
55 3794 2.66458
21 3795 2.67684
6 3797 2.72152
59 3798 2.7784
60 3799 2.78245
47 3801 2.79074
68 3802 2.84592
38 3803 2.84848
14 3804 2.85606
3 3805 2.85705
61 3806 2.85748
57 3808 2.91029
