12 0.8 0.016 0.784
12 0.784 0.16 0.624
7 0.8 0.016 0.784
7 0.784 0.16 0.624
25 0.8 0.016 0.784
25 0.784 0.16 0.624
23 0.8 0.016 0.784
23 0.784 0.16 0.624
10 0.8 0.016 0.784
10 0.784 0.16 0.624
16 0.8 0.016 0.784
16 0.784 0.16 0.624
6 0.8 0.016 0.784
6 0.784 0.16 0.624
20 0.8 0.016 0.784
20 0.784 0.16 0.624
8 0.8 0.16 0.64
8 0.71902 0.016 0.70302
8 0.70302 0.16 0.54302
4 0.8 0.016 0.784
13 0.8 0.016 0.784
15 0.8 0.016 0.784
22 0.8 0.016 0.784
29 0.8 0.016 0.784
29 0.784 0.16 0.624
4 0.784 0.16 0.624
13 0.784 0.16 0.624
15 0.784 0.16 0.624
22 0.784 0.16 0.624
27 0.8 0.16 0.64
4 0.624 0.16 0.464
13 0.624 0.16 0.464
15 0.624 0.16 0.464
22 0.624 0.16 0.464
27 0.64 0.16 0.48
30 0.8 0.16 0.64
15 0.464 0.16 0.304
22 0.464 0.16 0.304
27 0.48 0.16 0.32
30 0.64 0.16 0.48
22 0.304 0.16 0.144
15 0.304 0.16 0.144
27 0.32 0.16 0.16
30 0.48 0.16 0.32
15 0.216582 0.016 0.200582
27 0.232436 0.016 0.216436
30 0.390707 0.016 0.374707
15 0.200582 0.16 0.0405822
27 0.216436 0.16 0.0564364
30 0.374707 0.16 0.214707
30 0.214707 0.16 0.0547072
30 0.127865 0.016 0.111865
14 0.8 0.016 0.784
17 0.8 0.016 0.784
14 0.784 0.16 0.624
17 0.784 0.16 0.624
17 0.624 0.16 0.464
15 0.346324 0.16 0.186324
30 0.342464 0.16 0.182464
18 0.8 0.016 0.784
30 0.254111 0.16 0.0941109
18 0.784 0.16 0.624
11 0.8 0.016 0.784
11 0.784 0.16 0.624
30 0.541178 0.16 0.381178
21 0.8 0.016 0.784
21 0.784 0.16 0.624
1 0.8 0.016 0.784
26 0.8 0.016 0.784
26 0.784 0.16 0.624
1 0.784 0.16 0.624
1 0.624 0.16 0.464
28 0.8 0.016 0.784
28 0.784 0.16 0.624
5 0.8 0.016 0.784
5 0.784 0.16 0.624
9 0.8 0.16 0.64
9 0.715355 0.016 0.699355
9 0.699355 0.16 0.539355
24 0.8 0.016 0.784
24 0.784 0.16 0.624
2 0.8 0.16 0.64
2 0.710724 0.016 0.694724
2 0.694724 0.16 0.534724
3 0.8 0.016 0.784
19 0.8 0.016 0.784
3 0.784 0.16 0.624
19 0.784 0.16 0.624
19 0.624 0.16 0.464
