12 2944 0 100 88874004 1.18018 1.18018
7 2954 0 100 154253488 1.78018 1.78018
25 2946 0 100 88856024 2.08018 2.08018
23 2959 0 100 88873948 2.28018 2.28018
10 2969 0 100 154285008 2.38018 2.38018
16 2974 0 100 121542254 3.08018 3.08018
6 2956 0 100 88874212 3.48018 3.48018
20 2986 0 100 121542758 3.78018 3.78018
8 2971 0 100 121562042 3.88018 3.88018
29 2965 0 100 56201650 4.08018 4.08018
4 2953 0 100 88851004 4.08018 4.08018
13 2942 0 100 88851972 4.08018 4.08018
22 2940 0 100 121543094 4.08018 4.08018
27 2968 0 100 56203980 4.18018 4.18018
15 2973 0 116 58788752 4.18018 4.18018
14 2963 0 100 56207042 4.58018 4.58018
17 2943 0 100 121548608 4.58018 4.58018
18 2957 0 100 154275864 4.68018 4.68018
11 2947 0 100 154264672 5.28018 5.28018
21 2981 0 100 121544138 5.48018 5.48018
26 2962 0 100 88849056 5.78018 5.78018
1 2967 0 100 121549514 5.78018 5.78018
28 2984 0 100 121529906 5.98018 5.98018
5 2951 0 100 154290352 6.08018 6.08018
9 2949 0 100 56200100 6.18018 6.18018
24 2980 0 100 88869696 6.68018 6.68018
2 2982 0 100 88853164 6.78018 6.78018
3 2978 0 100 88874200 7.38018 7.38018
19 2983 0 100 154262584 7.38018 7.38018
