14 0.8 0.016 0.784
14 0.784 0.16 0.624
15 0.8 0.016 0.784
15 0.784 0.16 0.624
1 0.8 0.016 0.784
1 0.784 0.16 0.624
18 0.8 0.016 0.784
18 0.784 0.16 0.624
13 0.8 0.016 0.784
13 0.784 0.16 0.624
3 0.8 0.016 0.784
3 0.784 0.16 0.624
17 0.8 0.016 0.784
17 0.784 0.16 0.624
16 0.8 0.16 0.64
8 0.8 0.016 0.784
16 0.713093 0.016 0.697093
8 0.784 0.16 0.624
16 0.697093 0.16 0.537093
7 0.8 0.16 0.64
7 0.717808 0.016 0.701808
7 0.701808 0.16 0.541808
12 0.8 0.16 0.64
12 0.713981 0.016 0.697981
12 0.697981 0.16 0.537981
6 0.8 0.016 0.784
6 0.784 0.16 0.624
9 0.8 0.016 0.784
10 0.8 0.016 0.784
20 0.8 0.016 0.784
9 0.784 0.16 0.624
10 0.784 0.16 0.624
20 0.784 0.16 0.624
19 0.8 0.016 0.784
19 0.784 0.16 0.624
5 0.8 0.016 0.784
5 0.784 0.16 0.624
11 0.8 0.016 0.784
11 0.784 0.16 0.624
4 0.8 0.16 0.64
4 0.719632 0.016 0.703632
4 0.703632 0.16 0.543632
2 0.8 0.016 0.784
2 0.784 0.16 0.624
