50 0.8 0.016 0.784
50 0.784 0.16 0.624
31 0.8 0.016 0.784
31 0.784 0.16 0.624
20 0.8 0.016 0.784
85 0.8 0.016 0.784
20 0.784 0.16 0.624
85 0.784 0.16 0.624
26 0.8 0.16 0.64
26 0.64 0.16 0.48
26 0.559772 0.016 0.543772
26 0.543772 0.16 0.383772
80 0.8 0.16 0.64
80 0.719814 0.016 0.703814
80 0.703814 0.16 0.543814
69 0.8 0.16 0.64
2 0.8 0.016 0.784
66 0.8 0.016 0.784
69 0.716585 0.016 0.700585
66 0.784 0.16 0.624
69 0.700585 0.16 0.540585
2 0.784 0.16 0.624
37 0.8 0.16 0.64
37 0.719004 0.016 0.703004
37 0.703004 0.16 0.543004
42 0.8 0.016 0.784
72 0.8 0.016 0.784
42 0.784 0.16 0.624
72 0.784 0.16 0.624
34 0.8 0.16 0.64
34 0.711259 0.016 0.695259
36 0.8 0.016 0.784
100 0.8 0.016 0.784
34 0.695259 0.16 0.535259
36 0.784 0.16 0.624
100 0.784 0.16 0.624
73 0.8 0.16 0.64
28 0.8 0.016 0.784
73 0.715775 0.016 0.699775
73 0.699775 0.16 0.539775
28 0.784 0.16 0.624
97 0.8 0.16 0.64
97 0.64 0.16 0.48
97 0.55078 0.016 0.53478
97 0.53478 0.16 0.37478
33 0.8 0.016 0.784
33 0.784 0.16 0.624
24 0.8 0.016 0.784
27 0.8 0.016 0.784
47 0.8 0.016 0.784
53 0.8 0.016 0.784
53 0.784 0.16 0.624
27 0.784 0.16 0.624
24 0.784 0.16 0.624
47 0.784 0.16 0.624
65 0.8 0.16 0.64
65 0.64 0.16 0.48
65 0.48 0.16 0.32
65 0.32 0.16 0.16
65 0.237384 0.016 0.221384
65 0.221384 0.16 0.0613843
10 0.8 0.16 0.64
4 0.8 0.016 0.784
10 0.718962 0.016 0.702962
19 0.8 0.016 0.784
43 0.8 0.016 0.784
58 0.8 0.016 0.784
86 0.8 0.016 0.784
10 0.702962 0.16 0.542962
43 0.784 0.16 0.624
86 0.784 0.16 0.624
58 0.784 0.16 0.624
4 0.784 0.16 0.624
19 0.784 0.16 0.624
16 0.8 0.16 0.64
84 0.8 0.16 0.64
16 0.64 0.16 0.48
84 0.64 0.16 0.48
16 0.48 0.16 0.32
84 0.48 0.16 0.32
16 0.32 0.16 0.16
84 0.32 0.16 0.16
16 0.16 0.16 -5.55112e-17
84 0.16 0.16 -5.55112e-17
16 0.0749702 0.016 0.0589702
84 0.0791742 0.016 0.0631742
16 0.133243 0.016 0.117243
23 0.8 0.016 0.784
84 0.137328 0.016 0.121328
23 0.784 0.16 0.624
93 0.8 0.16 0.64
93 0.71769 0.016 0.70169
93 0.70169 0.16 0.54169
39 0.8 0.16 0.64
55 0.8 0.16 0.64
63 0.8 0.16 0.64
75 0.8 0.16 0.64
89 0.8 0.16 0.64
39 0.71627 0.016 0.70027
55 0.711612 0.016 0.695612
63 0.716353 0.016 0.700353
75 0.713592 0.016 0.697592
89 0.718144 0.016 0.702144
39 0.70027 0.16 0.54027
55 0.695612 0.16 0.535612
63 0.700353 0.16 0.540353
75 0.697592 0.16 0.537592
89 0.702144 0.16 0.542144
30 0.8 0.16 0.64
30 0.64 0.16 0.48
22 0.8 0.16 0.64
30 0.48 0.16 0.32
22 0.719433 0.016 0.703433
30 0.391862 0.016 0.375862
22 0.703433 0.16 0.543433
30 0.375862 0.16 0.215862
16 0.412222 0.16 0.252222
84 0.424383 0.16 0.264383
13 0.8 0.016 0.784
16 0.329955 0.16 0.169955
13 0.784 0.16 0.624
84 0.336799 0.16 0.176799
81 0.8 0.16 0.64
6 0.8 0.016 0.784
60 0.8 0.016 0.784
81 0.716417 0.016 0.700417
6 0.784 0.16 0.624
81 0.700417 0.16 0.540417
60 0.784 0.16 0.624
79 0.8 0.16 0.64
79 0.718406 0.016 0.702406
79 0.702406 0.16 0.542406
54 0.8 0.16 0.64
64 0.8 0.16 0.64
92 0.8 0.16 0.64
54 0.71577 0.016 0.69977
64 0.71633 0.016 0.70033
77 0.8 0.016 0.784
92 0.710824 0.016 0.694824
54 0.69977 0.16 0.53977
92 0.694824 0.16 0.534824
77 0.784 0.16 0.624
64 0.70033 0.16 0.54033
82 0.8 0.16 0.64
25 0.8 0.16 0.64
82 0.64 0.16 0.48
7 0.8 0.16 0.64
15 0.8 0.16 0.64
25 0.64 0.16 0.48
82 0.48 0.16 0.32
25 0.48 0.16 0.32
82 0.32 0.16 0.16
7 0.716793 0.016 0.700793
15 0.712068 0.016 0.696068
25 0.395353 0.016 0.379353
82 0.233805 0.016 0.217805
15 0.696068 0.16 0.536068
25 0.379353 0.16 0.219353
7 0.700793 0.16 0.540793
82 0.217805 0.16 0.057805
87 0.8 0.016 0.784
87 0.784 0.16 0.624
29 0.8 0.16 0.64
78 0.8 0.16 0.64
29 0.713817 0.016 0.697817
78 0.713855 0.016 0.697855
78 0.697855 0.16 0.537855
29 0.697817 0.16 0.537817
11 0.8 0.16 0.64
59 0.8 0.16 0.64
61 0.8 0.16 0.64
11 0.64 0.16 0.48
59 0.64 0.16 0.48
61 0.64 0.16 0.48
11 0.556185 0.016 0.540185
59 0.557338 0.016 0.541338
61 0.550227 0.016 0.534227
59 0.541338 0.16 0.381338
61 0.534227 0.16 0.374227
11 0.540185 0.16 0.380185
71 0.8 0.16 0.64
71 0.713559 0.016 0.697559
71 0.697559 0.16 0.537559
5 0.8 0.16 0.64
32 0.8 0.16 0.64
35 0.8 0.16 0.64
5 0.718233 0.016 0.702233
32 0.711668 0.016 0.695668
35 0.711484 0.016 0.695484
5 0.702233 0.16 0.542233
32 0.695668 0.16 0.535668
35 0.695484 0.16 0.535484
9 0.8 0.16 0.64
9 0.64 0.16 0.48
9 0.48 0.16 0.32
9 0.396188 0.016 0.380188
46 0.8 0.016 0.784
46 0.784 0.16 0.624
9 0.380188 0.16 0.220188
76 0.8 0.16 0.64
98 0.8 0.16 0.64
76 0.711772 0.016 0.695772
98 0.712709 0.016 0.696709
98 0.696709 0.16 0.536709
76 0.695772 0.16 0.535772
14 0.8 0.16 0.64
57 0.8 0.16 0.64
14 0.64 0.16 0.48
57 0.64 0.16 0.48
14 0.557226 0.016 0.541226
57 0.553616 0.016 0.537616
57 0.537616 0.16 0.377616
14 0.541226 0.16 0.381226
21 0.8 0.016 0.784
21 0.784 0.16 0.624
41 0.8 0.16 0.64
74 0.8 0.16 0.64
88 0.8 0.16 0.64
41 0.719211 0.016 0.703211
88 0.716778 0.016 0.700778
41 0.703211 0.16 0.543211
88 0.700778 0.16 0.540778
17 0.8 0.16 0.64
74 0.719242 0.16 0.559242
74 0.559242 0.16 0.399242
17 0.711205 0.016 0.695205
74 0.474801 0.016 0.458801
74 0.458801 0.16 0.298801
17 0.695205 0.16 0.535205
48 0.8 0.016 0.784
52 0.8 0.016 0.784
67 0.8 0.016 0.784
67 0.784 0.16 0.624
48 0.784 0.16 0.624
52 0.784 0.16 0.624
90 0.8 0.16 0.64
90 0.64 0.16 0.48
90 0.48 0.16 0.32
12 0.8 0.016 0.784
90 0.396934 0.016 0.380934
90 0.380934 0.16 0.220934
12 0.784 0.16 0.624
18 0.8 0.16 0.64
18 0.64 0.16 0.48
68 0.8 0.16 0.64
18 0.556798 0.016 0.540798
68 0.715475 0.016 0.699475
18 0.540798 0.16 0.380798
68 0.699475 0.16 0.539475
44 0.8 0.016 0.784
44 0.784 0.16 0.624
45 0.8 0.16 0.64
45 0.718278 0.016 0.702278
45 0.702278 0.16 0.542278
62 0.8 0.016 0.784
95 0.8 0.016 0.784
95 0.784 0.16 0.624
62 0.784 0.16 0.624
8 0.8 0.16 0.64
91 0.8 0.16 0.64
94 0.8 0.16 0.64
8 0.64 0.16 0.48
91 0.64 0.16 0.48
94 0.64 0.16 0.48
8 0.558376 0.016 0.542376
91 0.550552 0.016 0.534552
94 0.557274 0.016 0.541274
8 0.542376 0.16 0.382376
91 0.534552 0.16 0.374552
94 0.541274 0.16 0.381274
1 0.8 0.016 0.784
70 0.8 0.016 0.784
1 0.784 0.16 0.624
70 0.784 0.16 0.624
83 0.8 0.16 0.64
83 0.64 0.16 0.48
56 0.8 0.016 0.784
83 0.553151 0.016 0.537151
56 0.784 0.16 0.624
83 0.537151 0.16 0.377151
40 0.8 0.016 0.784
40 0.784 0.16 0.624
51 0.8 0.16 0.64
51 0.719286 0.016 0.703286
51 0.703286 0.16 0.543286
49 0.8 0.16 0.64
96 0.8 0.16 0.64
49 0.71695 0.016 0.70095
96 0.716767 0.016 0.700767
49 0.70095 0.16 0.54095
96 0.700767 0.16 0.540767
38 0.8 0.016 0.784
38 0.784 0.16 0.624
99 0.8 0.016 0.784
99 0.784 0.16 0.624
3 0.8 0.016 0.784
3 0.784 0.16 0.624
