50 2364 0 100 32644908 1.25289 1.25289
31 2379 0 100 32678758 1.35289 1.35289
20 2384 0 100 32652318 1.65289 1.65289
85 2389 0 100 32652496 1.65289 1.65289
26 2378 0 100 32637816 1.75289 1.75289
80 2360 0 100 32658478 1.85289 1.85289
69 2376 0 100 32652948 1.95289 1.95289
2 2385 0 100 32671108 1.95289 1.95289
37 2380 0 100 32654358 2.05289 2.05289
42 2402 0 100 32659796 2.25289 2.25289
72 2414 0 100 32640390 2.25289 2.25289
34 2399 0 100 32644694 2.35289 2.35289
100 2432 0 100 32647704 2.35289 2.35289
73 2404 0 100 32673650 2.45289 2.45289
28 2449 0 100 32658900 2.45289 2.45289
97 2368 0 100 32667662 2.55289 2.55289
33 2468 0 100 32672790 2.75289 2.75289
53 2409 0 100 32648290 2.85289 2.85289
27 2371 0 100 32650304 2.85289 2.85289
24 2421 0 100 32663514 2.85289 2.85289
47 2412 0 100 32679292 2.85289 2.85289
65 2416 0 100 32666480 2.95289 2.95289
10 2382 0 100 32654868 3.05289 3.05289
43 2456 0 100 32674122 3.05289 3.05289
86 2397 0 100 32657100 3.05289 3.05289
58 2370 0 100 32657398 3.05289 3.05289
4 2413 0 100 32671718 3.05289 3.05289
19 2426 0 100 32663396 3.05289 3.05289
23 2410 0 100 32683156 3.25289 3.25289
93 2394 0 100 32657940 3.35289 3.35289
39 2454 0 100 32653492 3.45289 3.45289
55 2393 0 100 32675560 3.45289 3.45289
63 2439 0 100 32663626 3.45289 3.45289
89 2377 0 100 32674918 3.45289 3.45289
22 2367 0 100 32663712 3.55289 3.55289
30 2469 0 100 32638140 3.55289 3.55289
13 2445 0 100 32648984 3.75289 3.75289
6 2369 0 100 32656710 3.85289 3.85289
81 2478 0 100 32641646 3.85289 3.85289
60 2474 0 100 32638832 3.85289 3.85289
79 2403 0 100 32664786 3.95289 3.95289
54 2423 0 100 32629514 4.05289 4.05289
92 2417 0 100 32629666 4.05289 4.05289
77 2372 0 100 32675890 4.05289 4.05289
64 2470 0 100 32667546 4.05289 4.05289
15 2430 0 100 32682094 4.15289 4.15289
25 2425 0 100 32654276 4.15289 4.15289
7 2435 0 100 32673698 4.15289 4.15289
82 2465 0 100 32652688 4.15289 4.15289
87 2418 0 100 32668572 4.35289 4.35289
78 2450 0 100 32664828 4.45289 4.45289
29 2365 0 100 32676026 4.45289 4.45289
61 2361 0 100 32666384 4.55289 4.55289
11 2386 0 100 32647922 4.55289 4.55289
71 2452 0 100 32650004 4.65289 4.65289
5 2405 0 100 32659240 4.75289 4.75289
32 2396 0 100 32648706 4.75289 4.75289
35 2366 0 100 32658384 4.75289 4.75289
46 2415 0 100 32682454 4.85289 4.85289
9 2467 0 100 32655380 4.85289 4.85289
98 2461 0 100 32677336 4.95289 4.95289
76 2457 0 100 32676160 4.95289 4.95289
57 2447 0 100 32636814 5.05289 5.05289
14 2459 0 100 32655396 5.05289 5.05289
21 2383 0 100 32670118 5.35289 5.35289
41 2434 0 100 32641364 5.45289 5.45289
88 2398 0 100 32654816 5.45289 5.45289
74 2446 0 100 32636514 5.55289 5.55289
17 2408 0 100 32655770 5.55289 5.55289
67 2374 0 100 32640678 5.75289 5.75289
48 2407 0 100 32659202 5.75289 5.75289
52 2401 0 100 32652970 5.75289 5.75289
90 2420 0 100 32639240 5.85289 5.85289
12 2422 0 100 32681008 5.85289 5.85289
68 2388 0 100 32671928 5.95289 5.95289
44 2444 0 100 32667922 6.05289 6.05289
45 2437 0 100 32656246 6.15289 6.15289
95 2428 0 100 32678948 6.25289 6.25289
62 2392 0 100 32660500 6.25289 6.25289
8 2460 0 100 32657090 6.35289 6.35289
91 2462 0 100 32648542 6.35289 6.35289
94 2406 0 100 32647218 6.35289 6.35289
1 2451 0 100 32638602 6.55289 6.55289
70 2429 0 100 32648510 6.55289 6.55289
56 2453 0 100 32674452 6.65289 6.65289
83 2390 0 100 32648582 6.65289 6.65289
40 2442 0 100 32672668 6.85289 6.85289
51 2466 0 100 32647106 6.95289 6.95289
96 2436 0 100 32650896 7.05289 7.05289
38 2473 0 100 32671408 7.25289 7.25289
99 2464 0 100 32639918 7.65289 7.65289
3 2475 0 100 32683124 7.95289 7.95289
