13 1474 0 100 32645200 1.86 1.86
10 1497 0 100 32662652 1.96 1.96
58 1496 0 100 32679110 2.06 2.06
33 1465 0 100 32653246 2.06 2.06
60 1503 0 100 32636006 2.16 2.16
45 1502 0 100 32663970 2.16 2.16
38 1506 0 100 32640008 2.26 2.26
16 1467 0 100 32660962 2.36 2.36
49 1484 0 100 32644884 2.36 2.36
46 1477 0 100 32658346 2.36 2.36
51 1460 0 100 32657482 2.46 2.46
12 1512 0 100 32678968 2.56 2.56
26 1519 0 100 32656906 2.56 2.56
34 1485 0 100 32647698 2.66 2.66
29 1472 0 100 32671642 2.76 2.76
20 1478 0 100 32654950 2.76 2.76
24 1473 0 100 32669390 2.86 2.86
7 1529 0 100 32654816 2.86 2.86
57 1480 0 100 32643026 2.86 2.86
23 1528 0 100 32652908 2.96 2.96
56 1504 0 100 32675304 3.16 3.16
50 1535 0 100 32661524 3.26 3.26
54 1493 0 100 32665830 3.26 3.26
21 1469 0 100 32654984 3.36 3.36
28 1488 0 100 32658200 3.76 3.76
27 1533 0 100 32660454 3.86 3.86
4 1530 0 100 32658378 3.86 3.86
30 1520 0 100 32678604 3.96 3.96
44 1475 0 100 32660042 4.06 4.06
41 1482 0 100 32672120 4.16 4.16
55 1495 0 100 32652226 4.16 4.16
48 1492 0 100 32675782 4.16 4.16
17 1466 0 100 32663630 4.36 4.36
47 1523 0 100 32659688 4.56 4.56
36 1487 0 100 32629580 4.66 4.66
9 1524 0 100 32629538 4.86 4.86
1 1470 0 100 32672548 4.96 4.96
18 1481 0 100 32672876 5.36 5.36
14 1522 0 100 32625354 5.46 5.46
35 1462 0 100 32673038 5.56 5.56
52 1517 0 100 32658628 5.76 5.76
40 1498 0 100 32636350 5.76 5.76
15 1531 0 100 32667464 5.86 5.86
8 1511 0 100 32650554 5.96 5.96
19 1538 0 100 32673268 5.96 5.96
39 1461 0 100 32664546 6.06 6.06
53 1491 0 100 32681234 6.06 6.06
32 1534 0 100 32677788 6.16 6.16
25 1464 0 100 32680810 6.16 6.16
43 1490 0 100 32648394 6.46 6.46
37 1515 0 100 32658720 6.66 6.66
5 1501 0 100 32682836 6.86 6.86
22 1508 0 100 32638152 6.96 6.96
6 1518 0 100 32661832 7.06 7.06
42 1507 0 100 32655718 7.06 7.06
31 1526 0 100 32648004 7.16 7.16
11 1513 0 100 32680424 7.16 7.16
59 1536 0 100 32674518 7.76 7.76
