51 1460 1.02952
39 1461 1.04541
35 1462 1.05092
25 1464 1.09622
33 1465 1.10335
17 1466 1.11996
16 1467 1.1461
21 1469 1.22085
1 1470 1.23144
29 1472 1.28656
24 1473 1.31267
13 1474 1.32876
44 1475 1.34237
46 1477 1.3882
20 1478 1.44405
57 1480 1.47111
18 1481 1.52376
41 1482 1.5565
49 1484 1.61094
34 1485 1.61714
36 1487 1.66021
28 1488 1.72283
43 1490 1.78145
53 1491 1.79639
48 1492 1.79996
54 1493 1.81177
55 1495 1.88031
58 1496 1.89548
10 1497 1.92457
40 1498 1.92765
3 1499 1.93836
5 1501 2.03896
45 1502 2.04809
60 1503 2.04932
56 1504 2.05266
38 1506 2.06176
42 1507 2.07428
22 1508 2.15853
8 1511 2.26674
12 1512 2.32219
11 1513 2.35837
37 1515 2.37876
52 1517 2.51371
6 1518 2.51573
26 1519 2.52497
30 1520 2.5381
14 1522 2.58679
47 1523 2.59894
9 1524 2.63649
31 1526 2.70055
23 1528 2.81047
7 1529 2.81628
4 1530 2.84377
15 1531 2.84797
27 1533 2.92401
32 1534 2.94769
50 1535 2.94922
59 1536 2.95858
19 1538 2.96235
2 1539 2.96572
