27 2120 1.00855
59 2121 1.00947
24 2122 1.03721
42 2123 1.04609
19 2124 1.05573
81 2125 1.05924
62 2127 1.07728
30 2128 1.08526
90 2129 1.09858
31 2130 1.12177
76 2131 1.12337
18 2132 1.14239
25 2134 1.16911
17 2135 1.21504
37 2136 1.23415
86 2137 1.2403
70 2138 1.24373
52 2140 1.27326
73 2141 1.30284
4 2142 1.33377
69 2143 1.35139
29 2145 1.41381
64 2146 1.43253
60 2148 1.47569
77 2149 1.47863
50 2150 1.48651
10 2151 1.55722
71 2153 1.5778
55 2154 1.65353
16 2155 1.65541
2 2157 1.6798
78 2158 1.69285
84 2159 1.69357
38 2160 1.73371
1 2162 1.82287
8 2164 1.87373
9 2165 1.87438
26 2166 1.89002
54 2167 1.89126
87 2168 1.9093
12 2170 1.96842
49 2171 1.96955
75 2172 2.00268
6 2173 2.00973
47 2174 2.01249
68 2175 2.0591
7 2177 2.08157
83 2178 2.08296
5 2179 2.09123
58 2180 2.12715
85 2182 2.19399
43 2183 2.19848
45 2184 2.21676
46 2185 2.25218
88 2187 2.27262
44 2188 2.28644
61 2189 2.29056
36 2190 2.302
57 2191 2.30857
3 2192 2.31453
11 2193 2.32285
40 2195 2.37275
67 2196 2.37806
56 2197 2.41243
53 2198 2.4569
23 2200 2.47961
13 2201 2.48953
63 2202 2.49816
21 2203 2.53423
33 2204 2.53866
22 2205 2.54039
41 2206 2.55506
35 2208 2.56635
28 2209 2.62022
14 2210 2.62619
51 2211 2.62979
82 2213 2.71545
72 2214 2.75522
80 2215 2.76396
79 2217 2.77143
89 2218 2.78196
15 2219 2.78604
34 2220 2.81082
66 2221 2.8164
20 2222 2.84444
48 2223 2.85723
32 2224 2.85954
65 2226 2.94816
39 2227 2.95126
74 2228 2.95352
