14 0.8 0.016 0.784
14 0.784 0.16 0.624
24 0.8 0.016 0.784
47 0.8 0.016 0.784
24 0.784 0.16 0.624
47 0.784 0.16 0.624
50 0.8 0.016 0.784
50 0.784 0.16 0.624
51 0.8 0.016 0.784
51 0.784 0.16 0.624
19 0.8 0.16 0.64
57 0.8 0.16 0.64
57 0.710386 0.016 0.694386
57 0.694386 0.16 0.534386
19 0.79167 0.016 0.77567
76 0.8 0.016 0.784
19 0.77567 0.16 0.61567
76 0.784 0.16 0.624
74 0.8 0.16 0.64
74 0.64 0.16 0.48
74 0.553019 0.016 0.537019
74 0.537019 0.16 0.377019
5 0.8 0.016 0.784
5 0.784 0.16 0.624
15 0.8 0.16 0.64
56 0.8 0.16 0.64
15 0.714861 0.016 0.698861
56 0.717579 0.016 0.701579
56 0.701579 0.16 0.541579
15 0.698861 0.16 0.538861
4 0.8 0.016 0.784
66 0.8 0.016 0.784
66 0.784 0.16 0.624
4 0.784 0.16 0.624
59 0.8 0.016 0.784
59 0.784 0.16 0.624
26 0.8 0.16 0.64
26 0.792339 0.016 0.776339
26 0.776339 0.16 0.616339
41 0.8 0.016 0.784
53 0.8 0.016 0.784
75 0.8 0.016 0.784
77 0.8 0.016 0.784
77 0.784 0.16 0.624
53 0.784 0.16 0.624
41 0.784 0.16 0.624
75 0.784 0.16 0.624
73 0.8 0.16 0.64
73 0.64 0.16 0.48
73 0.48 0.16 0.32
73 0.396455 0.016 0.380455
73 0.380455 0.16 0.220455
22 0.8 0.16 0.64
70 0.8 0.16 0.64
22 0.716723 0.016 0.700723
22 0.700723 0.16 0.540723
27 0.8 0.16 0.64
35 0.8 0.16 0.64
70 0.710306 0.16 0.550306
27 0.711812 0.016 0.695812
35 0.711257 0.016 0.695257
70 0.622622 0.016 0.606622
35 0.695257 0.16 0.535257
70 0.606622 0.16 0.446622
27 0.695812 0.16 0.535812
29 0.8 0.16 0.64
30 0.8 0.16 0.64
29 0.717799 0.016 0.701799
30 0.710441 0.016 0.694441
30 0.694441 0.16 0.534441
29 0.701799 0.16 0.541799
3 0.8 0.016 0.784
17 0.8 0.016 0.784
39 0.8 0.016 0.784
63 0.8 0.016 0.784
3 0.784 0.16 0.624
17 0.784 0.16 0.624
63 0.784 0.16 0.624
39 0.784 0.16 0.624
25 0.8 0.16 0.64
80 0.8 0.16 0.64
25 0.64 0.16 0.48
80 0.64 0.16 0.48
25 0.48 0.16 0.32
80 0.48 0.16 0.32
25 0.32 0.16 0.16
80 0.32 0.16 0.16
25 0.232215 0.016 0.216215
80 0.239801 0.016 0.223801
25 0.216215 0.16 0.0562154
80 0.223801 0.16 0.063801
28 0.8 0.016 0.784
28 0.784 0.16 0.624
10 0.8 0.016 0.784
43 0.8 0.016 0.784
10 0.784 0.16 0.624
43 0.784 0.16 0.624
20 0.8 0.16 0.64
62 0.8 0.16 0.64
20 0.64 0.16 0.48
23 0.8 0.16 0.64
62 0.64 0.16 0.48
20 0.551443 0.016 0.535443
23 0.718628 0.016 0.702628
62 0.55095 0.016 0.53495
23 0.702628 0.16 0.542628
62 0.53495 0.16 0.37495
20 0.535443 0.16 0.375443
69 0.8 0.016 0.784
69 0.784 0.16 0.624
37 0.8 0.016 0.784
37 0.784 0.16 0.624
64 0.8 0.016 0.784
64 0.784 0.16 0.624
6 0.8 0.16 0.64
6 0.710381 0.016 0.694381
7 0.8 0.016 0.784
7 0.784 0.16 0.624
6 0.694381 0.16 0.534381
55 0.8 0.16 0.64
55 0.717999 0.016 0.701999
55 0.701999 0.16 0.541999
49 0.8 0.16 0.64
49 0.7103 0.016 0.6943
49 0.6943 0.16 0.5343
33 0.8 0.016 0.784
33 0.784 0.16 0.624
13 0.8 0.16 0.64
44 0.8 0.16 0.64
44 0.712932 0.016 0.696932
44 0.696932 0.16 0.536932
13 0.716509 0.16 0.556509
13 0.635799 0.016 0.619799
18 0.8 0.016 0.784
18 0.784 0.16 0.624
13 0.619799 0.16 0.459799
48 0.8 0.16 0.64
78 0.8 0.16 0.64
48 0.710939 0.016 0.694939
78 0.71723 0.016 0.70123
48 0.694939 0.16 0.534939
78 0.70123 0.16 0.54123
79 0.8 0.16 0.64
79 0.64 0.16 0.48
40 0.8 0.016 0.784
42 0.8 0.016 0.784
79 0.559443 0.016 0.543443
40 0.784 0.16 0.624
42 0.784 0.16 0.624
79 0.543443 0.16 0.383443
21 0.8 0.16 0.64
36 0.8 0.16 0.64
21 0.64 0.16 0.48
36 0.64 0.16 0.48
21 0.48 0.16 0.32
36 0.48 0.16 0.32
21 0.391008 0.016 0.375008
36 0.397318 0.016 0.381318
36 0.381318 0.16 0.221318
21 0.375008 0.16 0.215008
58 0.8 0.16 0.64
1 0.8 0.016 0.784
16 0.8 0.016 0.784
31 0.8 0.016 0.784
58 0.716506 0.016 0.700506
71 0.8 0.016 0.784
1 0.784 0.16 0.624
31 0.784 0.16 0.624
58 0.700506 0.16 0.540506
16 0.784 0.16 0.624
71 0.784 0.16 0.624
8 0.8 0.16 0.64
9 0.8 0.16 0.64
72 0.8 0.16 0.64
2 0.8 0.16 0.64
2 0.64 0.16 0.48
72 0.64 0.16 0.48
2 0.48 0.16 0.32
72 0.48 0.16 0.32
2 0.397614 0.016 0.381614
8 0.711699 0.016 0.695699
9 0.719509 0.016 0.703509
72 0.390837 0.016 0.374837
9 0.703509 0.16 0.543509
72 0.374837 0.16 0.214837
2 0.381614 0.16 0.221614
8 0.695699 0.16 0.535699
45 0.8 0.16 0.64
45 0.64 0.16 0.48
45 0.556465 0.016 0.540465
45 0.540465 0.16 0.380465
38 0.8 0.16 0.64
11 0.8 0.016 0.784
38 0.71721 0.016 0.70121
60 0.8 0.016 0.784
38 0.70121 0.16 0.54121
11 0.784 0.16 0.624
60 0.784 0.16 0.624
46 0.8 0.016 0.784
46 0.784 0.16 0.624
34 0.8 0.16 0.64
34 0.710354 0.016 0.694354
34 0.694354 0.16 0.534354
12 0.8 0.016 0.784
32 0.8 0.016 0.784
12 0.784 0.16 0.624
32 0.784 0.16 0.624
52 0.8 0.016 0.784
68 0.8 0.016 0.784
68 0.784 0.16 0.624
52 0.784 0.16 0.624
61 0.8 0.016 0.784
61 0.784 0.16 0.624
65 0.8 0.016 0.784
67 0.8 0.016 0.784
67 0.784 0.16 0.624
65 0.784 0.16 0.624
54 0.8 0.016 0.784
54 0.784 0.16 0.624
