0 2110
0 2111
0 2112
0 2113
0 2114
0 2115
0 2116
0 2117
0 2118
0 2119
0 2126
0 2133
0 2139
0 2144
0 2147
42 2123
0 2152
24 2122
0 2156
76 2131
0 2161
38 2160
0 2163
64 2146
73 2141
0 2169
1 2162
0 2176
49 2171
55 2154
0 2181
59 2121
0 2186
71 2153
0 2194
45 2184
0 2199
77 2149
0 2207
81 2125
41 2206
0 2212
14 2210
28 2209
0 2216
21 2203
0 2225
9 2165
0 2229
84 2159
0 2230
74 2228
43 2183
75 2172
0 2231
17 2135
22 2205
0 2232
5 2179
34 2220
58 2180
0 2233
54 2167
27 2120
78 2158
0 2234
0 2235
26 2166
68 2175
61 2189
0 2236
62 2127
15 2219
39 2227
0 2237
0 2238
0 2239
0 2240
0 2241
51 2211
53 2198
82 2213
0 2242
16 2155
0 2243
30 2128
36 2190
10 2151
0 2244
0 2245
31 2130
0 2246
90 2129
12 2170
19 2124
4 2142
0 2247
50 2150
70 2138
18 2132
0 2248
79 2217
0 2249
60 2148
67 2196
0 2250
0 2251
0 2252
0 2253
0 2254
0 2255
6 2173
44 2188
0 2256
37 2136
69 2143
25 2134
0 2257
85 2182
8 2164
0 2258
86 2137
52 2140
65 2226
46 2185
0 2259
83 2178
47 2174
2 2157
0 2260
0 2261
35 2208
0 2262
0 2263
29 2145
0 2264
66 2221
0 2265
89 2218
56 2197
87 2168
0 2266
63 2202
7 2177
88 2187
0 2267
3 2192
0 2268
33 2204
57 2191
40 2195
0 2269
0 2270
20 2222
11 2193
0 2271
13 2201
72 2214
0 2272
0 2273
48 2223
80 2215
0 2274
23 2200
0 2275
0 2276
32 2224
0 2277
0 2278
0 2279
0 2280
0 2281
0 2282
0 2283
0 2284
0 2285
0 2286
0 2287
0 2288
0 2289
0 2290
0 2291
0 2292
0 2293
0 2294
0 2295
0 2296
0 2297
0 2298
0 2299
0 2300
0 2301
0 2302
0 2303
0 2304
0 2305
0 2306
0 2307
0 2308
0 2309
0 2310
0 2311
0 2312
0 2313
0 2314
0 2315
0 2316
0 2317
0 2318
0 2319
0 2320
0 2321
0 2322
0 2323
0 2324
0 2325
0 2326
0 2327
0 2328
0 2329
0 2330
0 2331
0 2332
0 2333
0 2334
0 2335
0 2336
0 2337
0 2338
0 2339
0 2340
0 2341
0 2342
0 2343
0 2344
0 2345
0 2346
0 2347
0 2348
0 2349
