7 1260 1.01148
1 1262 1.11709
24 1263 1.17992
25 1265 1.21248
6 1266 1.23806
35 1267 1.269
5 1268 1.28445
45 1270 1.38521
20 1272 1.47154
10 1274 1.53812
50 1275 1.5709
11 1276 1.59027
29 1278 1.63021
8 1279 1.63672
47 1280 1.64613
15 1281 1.64987
40 1283 1.6987
49 1284 1.7038
30 1285 1.71464
37 1286 1.72891
27 1288 1.88904
21 1290 1.934
17 1291 1.98147
9 1292 1.98678
48 1294 2.03959
13 1295 2.08114
39 1297 2.13359
32 1298 2.17771
4 1300 2.28383
22 1302 2.2984
18 1303 2.30241
12 1304 2.31153
28 1305 2.31621
43 1306 2.36327
44 1308 2.4678
3 1309 2.47825
33 1310 2.49293
41 1312 2.50461
16 1314 2.61911
36 1315 2.64259
14 1316 2.66619
46 1317 2.66936
31 1318 2.67719
34 1320 2.69938
26 1321 2.72894
19 1322 2.77037
42 1324 2.84996
23 1325 2.85634
38 1326 2.86331
2 1327 2.86795
