42 2123 0 100 32664368 1.46479 1.46479
24 2122 0 100 32678374 1.56479 1.56479
76 2131 0 100 32665000 1.66479 1.66479
38 2160 0 100 32651362 1.76479 1.76479
73 2141 0 100 32654132 1.86479 1.86479
1 2162 0 100 32647894 1.96479 1.96479
49 2171 0 100 32641588 2.06479 2.06479
55 2154 0 100 32643024 2.06479 2.06479
59 2121 0 100 32647316 2.16479 2.16479
71 2153 0 100 32668842 2.26479 2.26479
45 2184 0 100 32659970 2.36479 2.36479
77 2149 0 100 32674576 2.46479 2.46479
81 2125 0 100 32653602 2.56479 2.56479
41 2206 0 100 32653324 2.56479 2.56479
14 2210 0 100 32651614 2.66479 2.66479
28 2209 0 100 32655838 2.66479 2.66479
21 2203 0 100 32674496 2.76479 2.76479
9 2165 0 100 32654764 2.86479 2.86479
84 2159 0 100 32669880 2.96479 2.96479
74 2228 0 100 32636634 3.06479 3.06479
43 2183 0 100 32663574 3.06479 3.06479
75 2172 0 100 32670618 3.06479 3.06479
22 2205 0 100 32681782 3.16479 3.16479
5 2179 0 100 32662364 3.26479 3.26479
34 2220 0 100 32668050 3.26479 3.26479
58 2180 0 100 32649410 3.26479 3.26479
54 2167 0 100 32645294 3.36479 3.36479
27 2120 0 100 32648928 3.36479 3.36479
78 2158 0 100 32664492 3.36479 3.36479
26 2166 0 100 32675316 3.56479 3.56479
68 2175 0 100 32664486 3.56479 3.56479
61 2189 0 100 32654614 3.56479 3.56479
62 2127 0 100 32657254 3.66479 3.66479
39 2227 0 100 32641954 3.66479 3.66479
51 2211 0 100 32661120 4.16479 4.16479
53 2198 0 100 32649346 4.16479 4.16479
82 2213 0 100 32668510 4.16479 4.16479
16 2155 0 100 32661944 4.26479 4.26479
30 2128 0 100 32652448 4.36479 4.36479
36 2190 0 100 32637024 4.36479 4.36479
10 2151 0 100 32632226 4.36479 4.36479
31 2130 0 100 32662240 4.56479 4.56479
90 2129 0 100 32669736 4.66479 4.66479
12 2170 0 100 32638100 4.66479 4.66479
19 2124 0 100 32634920 4.66479 4.66479
4 2142 0 100 32636980 4.66479 4.66479
70 2138 0 100 32667074 4.76479 4.76479
18 2132 0 100 32646976 4.76479 4.76479
79 2217 0 100 32636808 4.86479 4.86479
60 2148 0 100 32658198 4.96479 4.96479
67 2196 0 100 32644120 4.96479 4.96479
6 2173 0 100 32641076 5.56479 5.56479
44 2188 0 100 32648692 5.56479 5.56479
37 2136 0 100 32679942 5.66479 5.66479
69 2143 0 100 32669368 5.66479 5.66479
25 2134 0 100 32672374 5.66479 5.66479
85 2182 0 100 32645788 5.76479 5.76479
8 2164 0 100 32664650 5.76479 5.76479
86 2137 0 100 32659686 5.86479 5.86479
52 2140 0 100 32654432 5.86479 5.86479
65 2226 0 100 32674224 5.86479 5.86479
46 2185 0 100 32656452 5.86479 5.86479
83 2178 0 100 32663248 5.96479 5.96479
47 2174 0 100 32659144 5.96479 5.96479
2 2157 0 100 32678678 5.96479 5.96479
35 2208 0 100 32655444 6.16479 6.16479
29 2145 0 100 32652168 6.36479 6.36479
66 2221 0 100 32673924 6.46479 6.46479
89 2218 0 100 32666336 6.56479 6.56479
56 2197 0 100 32641312 6.56479 6.56479
87 2168 0 100 32676334 6.56479 6.56479
63 2202 0 100 32640840 6.66479 6.66479
7 2177 0 100 32681286 6.66479 6.66479
88 2187 0 100 32661634 6.66479 6.66479
3 2192 0 100 32670644 6.76479 6.76479
57 2191 0 100 32652862 6.86479 6.86479
40 2195 0 100 32668584 6.86479 6.86479
20 2222 0 100 32646026 7.06479 7.06479
11 2193 0 100 32670056 7.06479 7.06479
72 2214 0 100 32677784 7.16479 7.16479
48 2223 0 100 32657436 7.36479 7.36479
80 2215 0 100 32631450 7.36479 7.36479
23 2200 0 100 32659462 7.46479 7.46479
32 2224 0 100 32669472 7.66479 7.66479
