42 0.8 0.016 0.784
42 0.784 0.16 0.624
24 0.8 0.016 0.784
24 0.784 0.16 0.624
76 0.8 0.16 0.64
76 0.717089 0.016 0.701089
76 0.701089 0.16 0.541089
38 0.8 0.016 0.784
38 0.784 0.16 0.624
64 0.8 0.016 0.784
73 0.8 0.016 0.784
64 0.784 0.16 0.624
73 0.784 0.16 0.624
1 0.8 0.16 0.64
1 0.711967 0.016 0.695967
1 0.695967 0.16 0.535967
55 0.8 0.16 0.64
49 0.8 0.016 0.784
55 0.717669 0.016 0.701669
49 0.784 0.16 0.624
55 0.701669 0.16 0.541669
59 0.8 0.16 0.64
59 0.717506 0.016 0.701506
59 0.701506 0.16 0.541506
71 0.8 0.016 0.784
71 0.784 0.16 0.624
45 0.8 0.16 0.64
45 0.716755 0.016 0.700755
45 0.700755 0.16 0.540755
77 0.8 0.016 0.784
77 0.784 0.16 0.624
81 0.8 0.16 0.64
41 0.8 0.016 0.784
81 0.712891 0.016 0.696891
81 0.696891 0.16 0.536891
41 0.784 0.16 0.624
14 0.8 0.016 0.784
28 0.8 0.016 0.784
14 0.784 0.16 0.624
28 0.784 0.16 0.624
21 0.8 0.016 0.784
21 0.784 0.16 0.624
9 0.8 0.16 0.64
9 0.718313 0.016 0.702313
9 0.702313 0.16 0.542313
84 0.8 0.016 0.784
84 0.784 0.16 0.624
74 0.8 0.16 0.64
43 0.8 0.016 0.784
74 0.714848 0.016 0.698848
75 0.8 0.016 0.784
74 0.698848 0.16 0.538848
43 0.784 0.16 0.624
75 0.784 0.16 0.624
17 0.8 0.016 0.784
22 0.8 0.016 0.784
17 0.784 0.16 0.624
22 0.784 0.16 0.624
5 0.8 0.16 0.64
34 0.8 0.16 0.64
58 0.8 0.16 0.64
5 0.716288 0.016 0.700288
34 0.719932 0.016 0.703932
58 0.710294 0.016 0.694294
5 0.700288 0.16 0.540288
34 0.703932 0.16 0.543932
58 0.694294 0.16 0.534294
54 0.8 0.16 0.64
27 0.8 0.16 0.64
54 0.64 0.16 0.48
78 0.8 0.16 0.64
27 0.715886 0.016 0.699886
54 0.556045 0.016 0.540045
78 0.718751 0.016 0.702751
54 0.540045 0.16 0.380045
27 0.699886 0.16 0.539886
78 0.702751 0.16 0.542751
26 0.8 0.016 0.784
61 0.8 0.016 0.784
68 0.8 0.016 0.784
26 0.784 0.16 0.624
68 0.784 0.16 0.624
61 0.784 0.16 0.624
15 0.8 0.16 0.64
39 0.8 0.16 0.64
62 0.8 0.16 0.64
15 0.64 0.16 0.48
39 0.64 0.16 0.48
62 0.64 0.16 0.48
15 0.48 0.16 0.32
39 0.48 0.16 0.32
62 0.48 0.16 0.32
15 0.399624 0.016 0.383624
39 0.397701 0.016 0.381701
62 0.392327 0.016 0.376327
62 0.376327 0.16 0.216327
15 0.383624 0.16 0.223624
39 0.381701 0.16 0.221701
51 0.8 0.016 0.784
53 0.8 0.016 0.784
82 0.8 0.016 0.784
51 0.784 0.16 0.624
53 0.784 0.16 0.624
82 0.784 0.16 0.624
16 0.8 0.16 0.64
16 0.64 0.16 0.48
16 0.48 0.16 0.32
16 0.396658 0.016 0.380658
16 0.380658 0.16 0.220658
10 0.8 0.16 0.64
30 0.8 0.16 0.64
36 0.8 0.16 0.64
10 0.71318 0.016 0.69718
30 0.717396 0.016 0.701396
36 0.714392 0.016 0.698392
30 0.701396 0.16 0.541396
36 0.698392 0.16 0.538392
10 0.69718 0.16 0.53718
31 0.8 0.016 0.784
31 0.784 0.16 0.624
4 0.8 0.16 0.64
12 0.8 0.16 0.64
19 0.8 0.16 0.64
90 0.8 0.16 0.64
4 0.717744 0.016 0.701744
12 0.718885 0.016 0.702885
19 0.716057 0.016 0.700057
90 0.719775 0.016 0.703775
90 0.703775 0.16 0.543775
12 0.702885 0.16 0.542885
19 0.700057 0.16 0.540057
4 0.701744 0.16 0.541744
18 0.8 0.16 0.64
70 0.8 0.16 0.64
18 0.64 0.16 0.48
70 0.64 0.16 0.48
18 0.48 0.16 0.32
70 0.48 0.16 0.32
18 0.32 0.16 0.16
70 0.32 0.16 0.16
18 0.235503 0.016 0.219503
50 0.8 0.016 0.784
70 0.234707 0.016 0.218707
50 0.784 0.16 0.624
70 0.218707 0.16 0.0587072
18 0.219503 0.16 0.0595027
67 0.8 0.16 0.64
79 0.8 0.16 0.64
79 0.64 0.16 0.48
79 0.556405 0.016 0.540405
79 0.540405 0.16 0.380405
67 0.712267 0.16 0.552267
60 0.8 0.016 0.784
67 0.628904 0.016 0.612904
60 0.784 0.16 0.624
67 0.612904 0.16 0.452904
6 0.8 0.016 0.784
44 0.8 0.016 0.784
6 0.784 0.16 0.624
44 0.784 0.16 0.624
25 0.8 0.16 0.64
25 0.710756 0.016 0.694756
37 0.8 0.016 0.784
69 0.8 0.016 0.784
37 0.784 0.16 0.624
69 0.784 0.16 0.624
25 0.694756 0.16 0.534756
8 0.8 0.16 0.64
52 0.8 0.16 0.64
85 0.8 0.16 0.64
8 0.64 0.16 0.48
52 0.64 0.16 0.48
85 0.64 0.16 0.48
8 0.48 0.16 0.32
85 0.48 0.16 0.32
8 0.394994 0.016 0.378994
85 0.393644 0.016 0.377644
85 0.377644 0.16 0.217644
8 0.378994 0.16 0.218994
46 0.8 0.16 0.64
52 0.553846 0.16 0.393846
52 0.393846 0.16 0.233846
46 0.715483 0.016 0.699483
52 0.308628 0.016 0.292628
65 0.8 0.016 0.784
86 0.8 0.016 0.784
86 0.784 0.16 0.624
52 0.292628 0.16 0.132628
65 0.784 0.16 0.624
46 0.699483 0.16 0.539483
47 0.8 0.16 0.64
83 0.8 0.16 0.64
47 0.64 0.16 0.48
2 0.8 0.016 0.784
47 0.550692 0.016 0.534692
83 0.719015 0.016 0.703015
83 0.703015 0.16 0.543015
47 0.534692 0.16 0.374692
2 0.784 0.16 0.624
35 0.8 0.016 0.784
35 0.784 0.16 0.624
29 0.8 0.016 0.784
29 0.784 0.16 0.624
66 0.8 0.16 0.64
66 0.713388 0.016 0.697388
66 0.697388 0.16 0.537388
56 0.8 0.16 0.64
63 0.8 0.16 0.64
89 0.8 0.16 0.64
56 0.714451 0.016 0.698451
87 0.8 0.016 0.784
89 0.71558 0.016 0.69958
89 0.69958 0.16 0.53958
56 0.698451 0.16 0.538451
87 0.784 0.16 0.624
7 0.8 0.16 0.64
63 0.716265 0.16 0.556265
88 0.8 0.16 0.64
63 0.556265 0.16 0.396265
88 0.64 0.16 0.48
7 0.64 0.16 0.48
63 0.396265 0.16 0.236265
88 0.48 0.16 0.32
7 0.553656 0.016 0.537656
63 0.316042 0.016 0.300042
88 0.393302 0.016 0.377302
63 0.300042 0.16 0.140042
7 0.537656 0.16 0.377656
88 0.377302 0.16 0.217302
3 0.8 0.16 0.64
40 0.8 0.16 0.64
3 0.64 0.16 0.48
3 0.553722 0.016 0.537722
3 0.537722 0.16 0.377722
40 0.71722 0.16 0.55722
57 0.8 0.16 0.64
33 0.8 0.016 0.784
40 0.628488 0.016 0.612488
57 0.711334 0.016 0.695334
33 0.784 0.16 0.624
57 0.695334 0.16 0.535334
40 0.612488 0.16 0.452488
11 0.8 0.16 0.64
11 0.797648 0.016 0.781648
20 0.8 0.016 0.784
20 0.784 0.16 0.624
11 0.781648 0.16 0.621648
13 0.8 0.16 0.64
13 0.711754 0.016 0.695754
72 0.8 0.016 0.784
13 0.695754 0.16 0.535754
72 0.784 0.16 0.624
48 0.8 0.016 0.784
80 0.8 0.016 0.784
48 0.784 0.16 0.624
80 0.784 0.16 0.624
23 0.8 0.16 0.64
23 0.64 0.16 0.48
23 0.550099 0.016 0.534099
23 0.534099 0.16 0.374099
32 0.8 0.016 0.784
32 0.784 0.16 0.624
