19 1074 0 100 32654760 1.5364 1.5364
21 1099 0 100 32681146 2.0364 2.0364
15 1098 0 100 32648096 2.1364 2.1364
4 1102 0 100 32654482 2.2364 2.2364
34 1115 0 100 32639802 2.8364 2.8364
26 1097 0 100 32642764 2.8364 2.8364
40 1125 0 100 32666450 2.9364 2.9364
38 1111 0 100 32646484 3.0364 3.0364
37 1094 0 100 32671142 3.4364 3.4364
22 1124 0 100 32662014 3.5364 3.5364
9 1107 0 100 32677962 3.6364 3.6364
2 1109 0 100 32680678 3.8364 3.8364
35 1082 0 100 32660138 4.1364 4.1364
5 1088 0 100 32655012 4.1364 4.1364
20 1095 0 100 32674792 4.3364 4.3364
13 1116 0 100 32678698 4.4364 4.4364
36 1120 0 100 32662668 4.4364 4.4364
25 1070 0 100 32671322 4.4364 4.4364
33 1081 0 100 32654254 4.5364 4.5364
39 1100 0 100 32680310 4.6364 4.6364
7 1075 0 100 32652454 4.7364 4.7364
18 1127 0 100 32661026 4.7364 4.7364
10 1086 0 100 32663222 4.8364 4.8364
30 1103 0 100 32680362 4.8364 4.8364
6 1084 0 100 32656134 5.0364 5.0364
1 1073 0 100 32658042 5.0364 5.0364
16 1129 0 100 32660652 5.3364 5.3364
28 1071 0 100 32667978 5.6364 5.6364
32 1080 0 100 32668100 5.6364 5.6364
23 1077 0 100 32658844 5.7364 5.7364
8 1089 0 100 32682188 5.9364 5.9364
31 1123 0 100 32667072 6.1364 6.1364
24 1128 0 100 32638658 6.2364 6.2364
14 1090 0 100 32665088 6.3364 6.3364
29 1113 0 100 32642390 6.4364 6.4364
17 1114 0 100 32642052 6.6364 6.6364
3 1092 0 100 32658082 6.7364 6.7364
27 1122 0 100 32676478 7.1364 7.1364
