1 1262 0 100 32654294 1.29812 1.29812
5 1268 0 100 32630228 1.89812 1.89812
21 1290 0 100 32633554 1.99812 1.99812
39 1297 0 100 32680138 2.19812 2.19812
37 1286 0 100 32653422 2.39812 2.39812
22 1302 0 100 32631076 2.39812 2.39812
11 1276 0 100 32662292 2.49812 2.49812
29 1278 0 100 32638900 2.69812 2.69812
44 1308 0 100 32675058 2.79812 2.79812
34 1320 0 100 32668430 2.79812 2.79812
28 1305 0 100 32659586 2.79812 2.79812
17 1291 0 100 32662266 2.89812 2.89812
48 1294 0 100 32640964 3.19812 3.19812
25 1265 0 100 32626704 3.49812 3.49812
15 1281 0 100 32681936 3.69812 3.69812
30 1285 0 100 32639120 3.79812 3.79812
27 1288 0 100 32671306 3.89812 3.89812
3 1309 0 100 32648452 3.89812 3.89812
41 1312 0 100 32628406 3.99812 3.99812
35 1267 0 100 32663058 3.99812 3.99812
24 1263 0 100 32680826 4.09812 4.09812
2 1327 0 100 32654428 4.29812 4.29812
26 1321 0 100 32662944 4.39812 4.39812
6 1266 0 100 32649182 4.39812 4.39812
40 1283 0 100 32666212 4.59812 4.59812
12 1304 0 100 32674338 4.59812 4.59812
43 1306 0 100 32679458 4.69812 4.69812
50 1275 0 100 32673050 4.79812 4.79812
46 1317 0 100 32656506 4.89812 4.89812
10 1274 0 100 32619286 4.89812 4.89812
9 1292 0 100 32650856 4.89812 4.89812
32 1298 0 100 32649546 4.99812 4.99812
45 1270 0 100 32665750 5.09812 5.09812
14 1316 0 100 32678856 5.49812 5.49812
38 1326 0 100 32660866 5.49812 5.49812
49 1284 0 100 32682106 5.59812 5.59812
47 1280 0 100 32669218 5.59812 5.59812
4 1300 0 100 32665044 5.99812 5.99812
19 1322 0 100 32646906 5.99812 5.99812
31 1318 0 100 32675826 6.19812 6.19812
33 1310 0 100 32662656 6.29812 6.29812
23 1325 0 100 32670936 6.29812 6.29812
36 1315 0 100 32644188 6.39812 6.39812
8 1279 0 100 32641382 6.49812 6.49812
20 1272 0 100 32652476 6.59812 6.59812
18 1303 0 100 32636528 6.69812 6.69812
16 1314 0 100 32660522 6.79812 6.79812
13 1295 0 100 32672928 7.09812 7.09812
42 1324 0 100 32653868 7.79812 7.79812
