0 1660
0 1661
0 1662
0 1663
0 1664
0 1665
0 1666
0 1667
0 1668
0 1669
0 1671
0 1676
0 1680
0 1683
0 1686
0 1691
0 1694
0 1696
0 1703
66 1698
0 1705
0 1710
45 1675
23 1682
0 1717
0 1725
7 1684
24 1679
0 1728
56 1670
64 1701
39 1690
0 1735
0 1742
11 1727
17 1733
0 1745
58 1712
0 1751
0 1755
13 1678
0 1757
0 1760
28 1700
46 1754
70 1689
0 1761
0 1762
10 1674
0 1763
42 1687
25 1699
69 1747
0 1764
6 1692
0 1765
52 1741
53 1759
62 1756
12 1677
0 1766
31 1688
33 1729
0 1767
0 1768
0 1769
19 1681
18 1706
65 1739
0 1770
44 1749
0 1771
4 1721
0 1772
0 1773
59 1707
43 1731
0 1774
29 1750
0 1775
35 1702
0 1776
0 1777
50 1734
34 1743
0 1778
40 1724
0 1779
54 1752
0 1780
36 1708
51 1719
16 1715
22 1713
0 1781
0 1782
0 1783
15 1748
0 1784
57 1704
41 1673
37 1738
0 1785
55 1714
48 1740
0 1786
0 1787
5 1726
0 1788
27 1744
20 1737
0 1789
8 1685
0 1790
1 1697
67 1716
30 1722
14 1711
0 1791
2 1695
49 1672
0 1792
9 1693
61 1709
0 1793
38 1723
0 1794
60 1736
0 1795
68 1732
32 1753
0 1796
63 1758
47 1718
0 1797
0 1798
0 1799
0 1800
0 1801
0 1802
26 1720
0 1803
3 1730
0 1804
0 1805
0 1806
21 1746
0 1807
0 1808
0 1809
0 1810
0 1811
0 1812
0 1813
0 1814
0 1815
0 1816
0 1817
0 1818
0 1819
0 1820
0 1821
0 1822
0 1823
0 1824
0 1825
0 1826
0 1827
0 1828
0 1829
0 1830
0 1831
0 1832
0 1833
0 1834
0 1835
0 1836
0 1837
0 1838
0 1839
0 1840
0 1841
0 1842
0 1843
0 1844
0 1845
0 1846
0 1847
0 1848
0 1849
0 1850
0 1851
0 1852
0 1853
0 1854
0 1855
0 1856
0 1857
0 1858
0 1859
0 1860
0 1861
0 1862
0 1863
0 1864
0 1865
0 1866
0 1867
0 1868
0 1869
0 1870
0 1871
0 1872
0 1873
0 1874
0 1875
0 1876
0 1877
0 1878
0 1879
