66 0.8 0.016 0.784
66 0.784 0.16 0.624
23 0.8 0.016 0.784
45 0.8 0.016 0.784
45 0.784 0.16 0.624
23 0.784 0.16 0.624
7 0.8 0.16 0.64
7 0.798683 0.016 0.782683
24 0.8 0.016 0.784
7 0.782683 0.16 0.622683
24 0.784 0.16 0.624
39 0.8 0.16 0.64
39 0.64 0.16 0.48
56 0.8 0.16 0.64
64 0.8 0.16 0.64
39 0.555442 0.016 0.539442
56 0.716084 0.016 0.700084
64 0.71286 0.016 0.69686
56 0.700084 0.16 0.540084
64 0.69686 0.16 0.53686
39 0.539442 0.16 0.379442
11 0.8 0.016 0.784
17 0.8 0.016 0.784
11 0.784 0.16 0.624
17 0.784 0.16 0.624
58 0.8 0.16 0.64
58 0.717458 0.016 0.701458
58 0.701458 0.16 0.541458
13 0.8 0.016 0.784
13 0.784 0.16 0.624
28 0.8 0.016 0.784
46 0.8 0.016 0.784
70 0.8 0.016 0.784
28 0.784 0.16 0.624
46 0.784 0.16 0.624
70 0.784 0.16 0.624
10 0.8 0.016 0.784
10 0.784 0.16 0.624
25 0.8 0.16 0.64
42 0.8 0.16 0.64
69 0.8 0.16 0.64
25 0.716066 0.016 0.700066
42 0.719407 0.016 0.703407
69 0.710095 0.016 0.694095
42 0.703407 0.16 0.543407
25 0.700066 0.16 0.540066
69 0.694095 0.16 0.534095
6 0.8 0.16 0.64
6 0.717342 0.016 0.701342
6 0.701342 0.16 0.541342
52 0.8 0.16 0.64
53 0.8 0.16 0.64
62 0.8 0.16 0.64
12 0.8 0.016 0.784
52 0.716269 0.016 0.700269
53 0.713336 0.016 0.697336
62 0.713091 0.016 0.697091
52 0.700269 0.16 0.540269
53 0.697336 0.16 0.537336
62 0.697091 0.16 0.537091
12 0.784 0.16 0.624
31 0.8 0.16 0.64
33 0.8 0.16 0.64
31 0.64 0.16 0.48
33 0.64 0.16 0.48
31 0.556915 0.016 0.540915
33 0.550154 0.016 0.534154
31 0.540915 0.16 0.380915
33 0.534154 0.16 0.374154
18 0.8 0.016 0.784
19 0.8 0.016 0.784
65 0.8 0.016 0.784
19 0.784 0.16 0.624
18 0.784 0.16 0.624
65 0.784 0.16 0.624
44 0.8 0.16 0.64
44 0.64 0.16 0.48
44 0.48 0.16 0.32
44 0.395605 0.016 0.379605
44 0.379605 0.16 0.219605
4 0.8 0.16 0.64
4 0.714406 0.016 0.698406
4 0.698406 0.16 0.538406
43 0.8 0.016 0.784
59 0.8 0.016 0.784
59 0.784 0.16 0.624
43 0.784 0.16 0.624
29 0.8 0.016 0.784
29 0.784 0.16 0.624
35 0.8 0.16 0.64
35 0.713435 0.016 0.697435
35 0.697435 0.16 0.537435
34 0.8 0.016 0.784
50 0.8 0.016 0.784
50 0.784 0.16 0.624
34 0.784 0.16 0.624
40 0.8 0.16 0.64
40 0.64 0.16 0.48
40 0.559826 0.016 0.543826
40 0.543826 0.16 0.383826
54 0.8 0.16 0.64
54 0.71174 0.016 0.69574
54 0.69574 0.16 0.53574
16 0.8 0.16 0.64
22 0.8 0.16 0.64
36 0.8 0.16 0.64
51 0.8 0.16 0.64
16 0.715951 0.016 0.699951
22 0.717007 0.016 0.701007
36 0.715467 0.016 0.699467
51 0.718464 0.016 0.702464
36 0.699467 0.16 0.539467
51 0.702464 0.16 0.542464
16 0.699951 0.16 0.539951
22 0.701007 0.16 0.541007
15 0.8 0.016 0.784
15 0.784 0.16 0.624
37 0.8 0.16 0.64
41 0.8 0.16 0.64
57 0.8 0.16 0.64
37 0.71937 0.016 0.70337
41 0.719675 0.016 0.703675
57 0.714261 0.016 0.698261
57 0.698261 0.16 0.538261
41 0.703675 0.16 0.543675
37 0.70337 0.16 0.54337
55 0.8 0.16 0.64
48 0.8 0.016 0.784
55 0.717357 0.016 0.701357
55 0.701357 0.16 0.541357
48 0.784 0.16 0.624
5 0.8 0.16 0.64
5 0.784748 0.016 0.768748
5 0.768748 0.16 0.608748
20 0.8 0.016 0.784
27 0.8 0.016 0.784
27 0.784 0.16 0.624
20 0.784 0.16 0.624
8 0.8 0.16 0.64
8 0.64 0.16 0.48
8 0.554301 0.016 0.538301
8 0.538301 0.16 0.378301
1 0.8 0.16 0.64
14 0.8 0.16 0.64
30 0.8 0.16 0.64
67 0.8 0.16 0.64
1 0.718981 0.016 0.702981
14 0.713277 0.016 0.697277
30 0.719323 0.016 0.703323
67 0.710999 0.016 0.694999
1 0.702981 0.16 0.542981
67 0.694999 0.16 0.534999
30 0.703323 0.16 0.543323
14 0.697277 0.16 0.537277
2 0.8 0.16 0.64
49 0.8 0.16 0.64
2 0.64 0.16 0.48
2 0.48 0.16 0.32
49 0.64 0.16 0.48
2 0.392055 0.016 0.376055
49 0.558203 0.016 0.542203
2 0.376055 0.16 0.216055
49 0.542203 0.16 0.382203
61 0.8 0.16 0.64
9 0.8 0.16 0.64
61 0.64 0.16 0.48
9 0.719886 0.016 0.703886
61 0.556422 0.016 0.540422
9 0.703886 0.16 0.543886
61 0.540422 0.16 0.380422
38 0.8 0.16 0.64
38 0.64 0.16 0.48
38 0.553606 0.016 0.537606
38 0.537606 0.16 0.377606
60 0.8 0.016 0.784
60 0.784 0.16 0.624
32 0.8 0.016 0.784
68 0.8 0.016 0.784
68 0.784 0.16 0.624
32 0.784 0.16 0.624
47 0.8 0.16 0.64
63 0.8 0.16 0.64
47 0.64 0.16 0.48
63 0.64 0.16 0.48
47 0.555211 0.016 0.539211
63 0.551414 0.016 0.535414
63 0.535414 0.16 0.375414
47 0.539211 0.16 0.379211
26 0.8 0.016 0.784
26 0.784 0.16 0.624
3 0.8 0.16 0.64
3 0.715886 0.016 0.699886
3 0.699886 0.16 0.539886
21 0.8 0.016 0.784
21 0.784 0.16 0.624
