0 2350
0 2351
0 2352
0 2353
0 2354
0 2355
0 2356
0 2357
0 2358
0 2359
0 2362
0 2363
0 2375
50 2364
0 2381
31 2379
0 2387
0 2395
0 2400
20 2384
85 2389
0 2411
26 2378
0 2419
80 2360
0 2427
66 2424
69 2376
2 2385
0 2431
37 2380
0 2438
0 2443
42 2402
72 2414
0 2448
34 2399
36 2440
100 2432
0 2455
73 2404
28 2449
0 2458
97 2368
0 2463
0 2471
33 2468
0 2472
53 2409
27 2371
24 2421
47 2412
0 2476
65 2416
0 2480
10 2382
43 2456
86 2397
58 2370
4 2413
19 2426
0 2481
0 2482
23 2410
0 2483
93 2394
0 2484
39 2454
55 2393
63 2439
75 2373
89 2377
0 2485
22 2367
30 2469
0 2486
16 2477
84 2479
0 2487
13 2445
16 2477
84 2479
0 2488
6 2369
81 2478
60 2474
0 2489
79 2403
0 2490
54 2423
92 2417
77 2372
64 2470
0 2491
15 2430
25 2425
7 2435
82 2465
0 2492
0 2493
87 2418
0 2494
78 2450
29 2365
0 2495
59 2391
61 2361
11 2386
0 2496
71 2452
0 2497
5 2405
32 2396
35 2366
0 2498
46 2415
9 2467
0 2499
98 2461
76 2457
0 2500
57 2447
14 2459
0 2501
0 2502
0 2503
21 2383
0 2504
41 2434
88 2398
0 2505
74 2446
17 2408
0 2506
0 2507
67 2374
48 2407
52 2401
0 2508
90 2420
12 2422
0 2509
18 2433
68 2388
0 2510
44 2444
0 2511
45 2437
0 2512
95 2428
62 2392
0 2513
8 2460
91 2462
94 2406
0 2514
0 2515
1 2451
70 2429
0 2516
56 2453
83 2390
0 2517
0 2518
40 2442
0 2519
51 2466
0 2520
49 2441
96 2436
0 2521
0 2522
38 2473
0 2523
0 2524
0 2525
0 2526
99 2464
0 2527
0 2528
0 2529
3 2475
0 2530
0 2531
0 2532
0 2533
0 2534
0 2535
0 2536
0 2537
0 2538
0 2539
0 2540
0 2541
0 2542
0 2543
0 2544
0 2545
0 2546
0 2547
0 2548
0 2549
0 2550
0 2551
0 2552
0 2553
0 2554
0 2555
0 2556
0 2557
0 2558
0 2559
0 2560
0 2561
0 2562
0 2563
0 2564
0 2565
0 2566
0 2567
0 2568
0 2569
0 2570
0 2571
0 2572
0 2573
0 2574
0 2575
0 2576
0 2577
0 2578
0 2579
0 2580
0 2581
0 2582
0 2583
0 2584
0 2585
0 2586
0 2587
0 2588
0 2589
0 2590
0 2591
0 2592
0 2593
0 2594
0 2595
0 2596
0 2597
0 2598
0 2599
