66 1698 0 100 32658642 1.81978 1.81978
45 1675 0 100 32666812 2.01978 2.01978
23 1682 0 100 32645172 2.01978 2.01978
7 1684 0 100 32651738 2.21978 2.21978
24 1679 0 100 32677276 2.21978 2.21978
64 1701 0 100 32669684 2.31978 2.31978
39 1690 0 100 32660192 2.31978 2.31978
11 1727 0 100 32632782 2.51978 2.51978
17 1733 0 100 32681202 2.51978 2.51978
58 1712 0 100 32647398 2.61978 2.61978
13 1678 0 100 32657956 2.81978 2.81978
28 1700 0 100 32648324 3.01978 3.01978
46 1754 0 100 32682936 3.01978 3.01978
70 1689 0 100 32671904 3.01978 3.01978
10 1674 0 100 32670054 3.21978 3.21978
42 1687 0 100 32660498 3.31978 3.31978
25 1699 0 100 32669302 3.31978 3.31978
69 1747 0 100 32668318 3.31978 3.31978
6 1692 0 100 32652692 3.41978 3.41978
52 1741 0 100 32627576 3.51978 3.51978
62 1756 0 100 32662338 3.51978 3.51978
12 1677 0 100 32679962 3.51978 3.51978
31 1688 0 100 32668084 3.61978 3.61978
33 1729 0 100 32641914 3.61978 3.61978
19 1681 0 100 32645662 3.91978 3.91978
18 1706 0 100 32653502 3.91978 3.91978
65 1739 0 100 32674620 3.91978 3.91978
44 1749 0 100 32657244 4.01978 4.01978
4 1721 0 100 32657744 4.11978 4.11978
59 1707 0 100 32680526 4.31978 4.31978
43 1731 0 100 32660424 4.31978 4.31978
29 1750 0 100 32673016 4.41978 4.41978
35 1702 0 100 32652494 4.51978 4.51978
50 1734 0 100 32655844 4.71978 4.71978
34 1743 0 100 32658294 4.71978 4.71978
40 1724 0 100 32649550 4.81978 4.81978
54 1752 0 100 32655420 4.91978 4.91978
36 1708 0 100 32665286 5.01978 5.01978
51 1719 0 100 32661070 5.01978 5.01978
16 1715 0 100 32649336 5.01978 5.01978
22 1713 0 100 32670774 5.01978 5.01978
15 1748 0 100 32678238 5.31978 5.31978
57 1704 0 100 32667848 5.41978 5.41978
41 1673 0 100 32660930 5.41978 5.41978
37 1738 0 100 32626552 5.41978 5.41978
55 1714 0 100 32665390 5.51978 5.51978
48 1740 0 100 32669974 5.51978 5.51978
5 1726 0 100 32654790 5.71978 5.71978
27 1744 0 100 32669962 5.81978 5.81978
20 1737 0 100 32676898 5.81978 5.81978
8 1685 0 100 32670704 5.91978 5.91978
67 1716 0 100 32652312 6.01978 6.01978
30 1722 0 100 32654246 6.01978 6.01978
14 1711 0 100 32680312 6.01978 6.01978
2 1695 0 100 32629096 6.11978 6.11978
49 1672 0 100 32654536 6.11978 6.11978
9 1693 0 100 32660872 6.21978 6.21978
61 1709 0 100 32659468 6.21978 6.21978
38 1723 0 100 32666216 6.31978 6.31978
60 1736 0 100 32648162 6.41978 6.41978
68 1732 0 100 32675346 6.51978 6.51978
32 1753 0 100 32675570 6.51978 6.51978
63 1758 0 100 32673714 6.61978 6.61978
47 1718 0 100 32642690 6.61978 6.61978
26 1720 0 100 32679016 7.21978 7.21978
3 1730 0 100 32679196 7.31978 7.31978
21 1746 0 100 32668578 7.61978 7.61978
