56 1670 1.01893
49 1672 1.0349
41 1673 1.03694
10 1674 1.04074
45 1675 1.05434
12 1677 1.13509
13 1678 1.16612
24 1679 1.19562
19 1681 1.25603
23 1682 1.27958
7 1684 1.37572
8 1685 1.41497
42 1687 1.42198
31 1688 1.43218
70 1689 1.48083
39 1690 1.50154
6 1692 1.59294
9 1693 1.61184
2 1695 1.70442
1 1697 1.72751
66 1698 1.77519
25 1699 1.78527
28 1700 1.80774
64 1701 1.81143
35 1702 1.81493
57 1704 1.87081
18 1706 1.92773
59 1707 1.94397
36 1708 1.95773
61 1709 2.01368
14 1711 2.02428
58 1712 2.02444
22 1713 2.03422
55 1714 2.05091
16 1715 2.08138
67 1716 2.11334
47 1718 2.12307
51 1719 2.12631
26 1720 2.12747
4 1721 2.14246
30 1722 2.14618
38 1723 2.15599
40 1724 2.21303
5 1726 2.23576
11 1727 2.26191
33 1729 2.32784
3 1730 2.33341
43 1731 2.39748
68 1732 2.41027
17 1733 2.41183
50 1734 2.4159
60 1736 2.42075
20 1737 2.45091
37 1738 2.46983
65 1739 2.48526
48 1740 2.48923
52 1741 2.51906
34 1743 2.56289
27 1744 2.57643
21 1746 2.65651
69 1747 2.65675
15 1748 2.70076
44 1749 2.70374
29 1750 2.70611
54 1752 2.72652
32 1753 2.75216
46 1754 2.75796
62 1756 2.91041
63 1758 2.94314
53 1759 2.97741
