0 1880
0 1881
0 1882
0 1883
0 1884
0 1885
0 1886
0 1887
0 1888
0 1889
0 1891
14 1890
0 1895
0 1904
24 1902
47 1896
0 1910
0 1914
50 1908
0 1920
0 1923
51 1898
0 1927
57 1907
0 1931
19 1897
76 1930
0 1936
74 1892
0 1940
5 1928
0 1944
56 1925
15 1905
0 1949
0 1955
0 1960
66 1952
4 1957
0 1966
0 1969
59 1921
0 1975
0 1982
26 1932
0 1988
77 1947
53 1922
41 1924
75 1974
0 1990
73 1909
0 1991
22 1978
0 1992
35 1939
70 1911
27 1903
0 1993
30 1916
29 1989
0 1994
0 1995
3 1937
17 1963
63 1941
39 1962
0 1996
25 1901
80 1934
0 1997
0 1998
0 1999
28 1984
0 2000
0 2001
10 1961
43 1938
0 2002
23 1967
62 1948
20 1918
0 2003
0 2004
69 1971
0 2005
37 1979
0 2006
64 1943
0 2007
7 1917
6 1981
0 2008
55 1945
0 2009
49 1958
0 2010
0 2011
0 2012
0 2013
33 1946
0 2014
44 1977
0 2015
18 1912
13 1935
0 2016
48 1959
78 1899
0 2017
40 1954
42 1906
79 1980
0 2018
36 1913
21 1950
0 2019
1 1894
31 1970
58 1972
16 1900
71 1929
0 2020
9 1983
72 1926
2 1933
8 1956
0 2021
45 1893
0 2022
38 1976
11 1987
60 1919
0 2023
46 1942
0 2024
34 1915
0 2025
0 2026
0 2027
12 1973
32 1951
0 2028
0 2029
0 2030
68 1953
52 1985
0 2031
61 1964
0 2032
0 2033
0 2034
67 1968
65 1965
0 2035
0 2036
54 1986
0 2037
0 2038
0 2039
0 2040
0 2041
0 2042
0 2043
0 2044
0 2045
0 2046
0 2047
0 2048
0 2049
0 2050
0 2051
0 2052
0 2053
0 2054
0 2055
0 2056
0 2057
0 2058
0 2059
0 2060
0 2061
0 2062
0 2063
0 2064
0 2065
0 2066
0 2067
0 2068
0 2069
0 2070
0 2071
0 2072
0 2073
0 2074
0 2075
0 2076
0 2077
0 2078
0 2079
0 2080
0 2081
0 2082
0 2083
0 2084
0 2085
0 2086
0 2087
0 2088
0 2089
0 2090
0 2091
0 2092
0 2093
0 2094
0 2095
0 2096
0 2097
0 2098
0 2099
0 2100
0 2101
0 2102
0 2103
0 2104
0 2105
0 2106
0 2107
0 2108
0 2109
