19 0.8 0.016 0.784
19 0.784 0.16 0.624
21 0.8 0.016 0.784
21 0.784 0.16 0.624
15 0.8 0.16 0.64
15 0.717119 0.016 0.701119
15 0.701119 0.16 0.541119
4 0.8 0.16 0.64
4 0.716565 0.016 0.700565
4 0.700565 0.16 0.540565
26 0.8 0.016 0.784
34 0.8 0.016 0.784
34 0.784 0.16 0.624
26 0.784 0.16 0.624
40 0.8 0.016 0.784
40 0.784 0.16 0.624
38 0.8 0.016 0.784
38 0.784 0.16 0.624
37 0.8 0.016 0.784
37 0.784 0.16 0.624
22 0.8 0.16 0.64
22 0.71469 0.016 0.69869
22 0.69869 0.16 0.53869
9 0.8 0.016 0.784
9 0.784 0.16 0.624
2 0.8 0.016 0.784
2 0.784 0.16 0.624
5 0.8 0.016 0.784
35 0.8 0.016 0.784
35 0.784 0.16 0.624
5 0.784 0.16 0.624
11 0.8 0.016 0.784
20 0.8 0.016 0.784
11 0.784 0.16 0.624
20 0.784 0.16 0.624
13 0.8 0.16 0.64
25 0.8 0.16 0.64
36 0.8 0.16 0.64
13 0.71847 0.016 0.70247
25 0.715964 0.016 0.699964
36 0.716023 0.016 0.700023
13 0.70247 0.16 0.54247
36 0.700023 0.16 0.540023
25 0.699964 0.16 0.539964
33 0.8 0.16 0.64
33 0.64 0.16 0.48
33 0.551371 0.016 0.535371
33 0.535371 0.16 0.375371
39 0.8 0.016 0.784
39 0.784 0.16 0.624
7 0.8 0.16 0.64
18 0.8 0.16 0.64
7 0.716649 0.016 0.700649
18 0.71878 0.016 0.70278
7 0.700649 0.16 0.540649
18 0.70278 0.16 0.54278
10 0.8 0.16 0.64
10 0.64 0.16 0.48
10 0.557783 0.016 0.541783
30 0.8 0.016 0.784
10 0.541783 0.16 0.381783
30 0.784 0.16 0.624
6 0.8 0.16 0.64
1 0.8 0.016 0.784
6 0.792077 0.016 0.776077
6 0.776077 0.16 0.616077
1 0.784 0.16 0.624
16 0.8 0.016 0.784
16 0.784 0.16 0.624
28 0.8 0.016 0.784
32 0.8 0.016 0.784
28 0.784 0.16 0.624
32 0.784 0.16 0.624
23 0.8 0.16 0.64
23 0.71365 0.016 0.69765
23 0.69765 0.16 0.53765
8 0.8 0.016 0.784
8 0.784 0.16 0.624
31 0.8 0.016 0.784
31 0.784 0.16 0.624
24 0.8 0.16 0.64
24 0.719331 0.016 0.703331
24 0.703331 0.16 0.543331
14 0.8 0.16 0.64
14 0.718524 0.016 0.702524
14 0.702524 0.16 0.542524
29 0.8 0.16 0.64
29 0.715334 0.016 0.699334
29 0.699334 0.16 0.539334
17 0.8 0.016 0.784
17 0.784 0.16 0.624
3 0.8 0.016 0.784
3 0.784 0.16 0.624
12 0.8 0.016 0.784
27 0.8 0.016 0.784
12 0.784 0.16 0.624
27 0.784 0.16 0.624
