0 1060
0 1061
0 1062
0 1063
0 1064
0 1065
0 1066
0 1067
0 1068
0 1069
0 1072
0 1076
0 1079
0 1083
0 1085
0 1087
19 1074
0 1091
0 1093
0 1096
0 1101
0 1105
21 1099
0 1106
15 1098
0 1108
4 1102
0 1110
0 1112
0 1117
0 1118
0 1119
0 1121
34 1115
26 1097
0 1126
40 1125
0 1130
38 1111
0 1131
0 1132
0 1133
0 1134
37 1094
0 1135
22 1124
0 1136
9 1107
0 1137
0 1138
2 1109
0 1139
0 1140
0 1141
35 1082
5 1088
0 1142
0 1143
11 1078
20 1095
0 1144
13 1116
36 1120
25 1070
0 1145
33 1081
0 1146
39 1100
0 1147
7 1075
18 1127
0 1148
10 1086
30 1103
0 1149
0 1150
6 1084
1 1073
0 1151
0 1152
0 1153
16 1129
0 1154
0 1155
0 1156
28 1071
32 1080
0 1157
23 1077
0 1158
0 1159
8 1089
0 1160
0 1161
31 1123
0 1162
24 1128
0 1163
14 1090
0 1164
29 1113
0 1165
0 1166
17 1114
0 1167
3 1092
0 1168
0 1169
0 1170
0 1171
12 1104
27 1122
0 1172
0 1173
0 1174
0 1175
0 1176
0 1177
0 1178
0 1179
0 1180
0 1181
0 1182
0 1183
0 1184
0 1185
0 1186
0 1187
0 1188
0 1189
0 1190
0 1191
0 1192
0 1193
0 1194
0 1195
0 1196
0 1197
0 1198
0 1199
0 1200
0 1201
0 1202
0 1203
0 1204
0 1205
0 1206
0 1207
0 1208
0 1209
0 1210
0 1211
0 1212
0 1213
0 1214
0 1215
0 1216
0 1217
0 1218
0 1219
0 1220
0 1221
0 1222
0 1223
0 1224
0 1225
0 1226
0 1227
0 1228
0 1229
0 1230
0 1231
0 1232
0 1233
0 1234
0 1235
0 1236
0 1237
0 1238
0 1239
0 1240
0 1241
0 1242
0 1243
0 1244
0 1245
0 1246
0 1247
0 1248
0 1249
