25 1070 1.01733
28 1071 1.02551
1 1073 1.03899
19 1074 1.11273
7 1075 1.13023
23 1077 1.18571
11 1078 1.22004
32 1080 1.26225
33 1081 1.28855
35 1082 1.29584
6 1084 1.37344
10 1086 1.46208
5 1088 1.54203
8 1089 1.62618
14 1090 1.63523
3 1092 1.66023
37 1094 1.8228
20 1095 1.83491
26 1097 1.87436
15 1098 1.89105
21 1099 1.90649
39 1100 1.91982
4 1102 1.93749
30 1103 1.95794
12 1104 2.02235
9 1107 2.20718
2 1109 2.32446
38 1111 2.38
29 1113 2.44934
17 1114 2.45355
34 1115 2.45908
13 1116 2.46585
36 1120 2.82467
27 1122 2.87139
31 1123 2.89841
22 1124 2.91068
40 1125 2.91148
18 1127 2.95748
24 1128 2.97538
16 1129 2.97965
