14 1890 1.01603
74 1892 1.08431
45 1893 1.11395
1 1894 1.16181
47 1896 1.17985
19 1897 1.18801
51 1898 1.20852
78 1899 1.22036
16 1900 1.23433
25 1901 1.25539
24 1902 1.2617
27 1903 1.26902
15 1905 1.27361
42 1906 1.29456
57 1907 1.29901
50 1908 1.32519
73 1909 1.35906
70 1911 1.3952
18 1912 1.40494
36 1913 1.41196
34 1915 1.52386
30 1916 1.52853
7 1917 1.53972
20 1918 1.54149
60 1919 1.55488
59 1921 1.59423
53 1922 1.61655
41 1924 1.67349
56 1925 1.73997
72 1926 1.76737
5 1928 1.78587
71 1929 1.78742
76 1930 1.85495
26 1932 1.9173
2 1933 1.94531
80 1934 1.96103
13 1935 1.96438
3 1937 1.97467
43 1938 2.04466
35 1939 2.04528
63 1941 2.1276
46 1942 2.15966
64 1943 2.16815
55 1945 2.17252
33 1946 2.17298
77 1947 2.24247
62 1948 2.25103
21 1950 2.30171
32 1951 2.30209
66 1952 2.3405
68 1953 2.34745
40 1954 2.3687
8 1956 2.37373
4 1957 2.39491
49 1958 2.4409
48 1959 2.47127
10 1961 2.50329
39 1962 2.52723
17 1963 2.5395
61 1964 2.55156
65 1965 2.56326
23 1967 2.62925
67 1968 2.63359
31 1970 2.68868
69 1971 2.70305
58 1972 2.73613
12 1973 2.74671
75 1974 2.74983
38 1976 2.77527
44 1977 2.78364
22 1978 2.79995
37 1979 2.81975
79 1980 2.84031
6 1981 2.84856
9 1983 2.87408
28 1984 2.91033
52 1985 2.91363
54 1986 2.93663
11 1987 2.94137
29 1989 2.98385
