2 60 1.02931
34 61 1.03485
27 62 1.05564
19 63 1.11195
39 64 1.27705
29 65 1.28134
16 66 1.28659
37 67 1.29514
22 68 1.30578
10 69 1.36149
12 70 1.39003
13 71 1.41817
15 72 1.44037
36 73 1.48026
21 74 1.54041
7 75 1.66927
28 76 1.7408
11 77 1.76252
1 78 1.80731
23 79 1.85456
20 80 1.85881
6 81 1.97042
31 82 2.07139
9 83 2.09234
4 84 2.28853
32 85 2.29526
25 86 2.32991
5 87 2.45688
14 88 2.46363
3 89 2.4915
35 90 2.61713
33 91 2.63177
18 92 2.63512
38 93 2.70764
26 94 2.71407
30 95 2.80413
8 96 2.88796
40 97 2.89963
24 98 2.92904
17 99 2.98205
