41 150 1.12848
42 151 1.13496
18 152 1.15355
37 153 1.16129
47 154 1.17326
16 155 1.18688
34 156 1.31113
1 157 1.333
13 158 1.33563
57 159 1.34494
9 160 1.35088
44 161 1.35836
54 162 1.42955
50 163 1.4798
39 164 1.54003
36 165 1.61602
33 166 1.62973
32 167 1.6565
26 168 1.6851
15 169 1.6889
5 170 1.76798
29 171 1.83837
4 172 1.84164
38 173 1.87895
43 174 1.90359
25 175 1.93027
7 176 1.96814
17 177 2.07145
3 178 2.08178
22 179 2.14741
31 180 2.14761
10 181 2.2041
12 182 2.20423
23 183 2.2129
8 184 2.22494
21 185 2.28303
58 186 2.31932
14 187 2.40675
35 188 2.43047
53 189 2.4352
56 190 2.46987
55 191 2.47173
24 192 2.47327
48 193 2.49102
45 194 2.5066
60 195 2.57992
11 196 2.61354
52 197 2.61988
30 198 2.65934
27 199 2.71061
51 200 2.76985
59 201 2.77149
19 202 2.80945
28 203 2.82891
49 204 2.84249
40 205 2.85116
6 206 2.86216
20 207 2.89891
2 208 2.97352
46 209 2.99295
