78 280
22 281
14 282
49 283
19 284
54 285
70 286
1 287
60 288
2 289
29 290
69 291
77 292
30 293
18 294
53 295
32 296
10 297
48 298
6 299
76 300
51 301
38 302
61 303
65 304
37 305
31 306
64 307
11 308
26 309
75 310
12 311
58 312
25 313
33 314
79 315
5 316
40 317
47 318
20 319
41 320
55 321
67 322
28 323
13 324
62 325
45 326
59 327
46 328
4 329
73 330
17 331
36 332
8 333
63 334
66 335
57 336
27 337
71 338
34 339
23 340
74 341
56 342
16 343
7 344
35 345
80 346
43 347
42 348
68 349
72 350
21 351
52 352
24 353
3 354
50 355
15 356
44 357
39 358
9 359
