20 450 1.0263
83 451 1.0322
19 452 1.03401
26 453 1.0343
67 454 1.05488
92 455 1.067
31 456 1.09341
21 457 1.10618
10 458 1.11576
23 459 1.13179
61 460 1.14167
18 461 1.15751
95 462 1.16079
64 463 1.16123
34 464 1.16683
47 465 1.21166
86 466 1.23162
59 467 1.24097
15 468 1.25081
97 469 1.27994
63 470 1.2849
87 471 1.30906
3 472 1.30991
16 473 1.31571
71 474 1.34706
41 475 1.35915
68 476 1.38125
36 477 1.386
46 478 1.39581
70 479 1.40359
22 480 1.40991
48 481 1.44888
35 482 1.46703
78 483 1.49998
30 484 1.51784
44 485 1.56272
14 486 1.58789
53 487 1.61093
91 488 1.62576
43 489 1.66533
8 490 1.67072
89 491 1.67535
96 492 1.67731
33 493 1.68627
73 494 1.71085
98 495 1.73175
60 496 1.75336
51 497 1.76901
100 498 1.79296
65 499 1.79528
58 500 1.84455
6 501 1.8894
2 502 1.9311
88 503 1.93715
5 504 1.95636
69 505 1.97862
75 506 1.98263
40 507 2.1069
56 508 2.11527
17 509 2.11547
62 510 2.11667
24 511 2.16543
9 512 2.17623
27 513 2.19908
93 514 2.22249
94 515 2.25425
28 516 2.2705
37 517 2.29248
99 518 2.29403
42 519 2.35099
50 520 2.37915
77 521 2.38089
45 522 2.38819
29 523 2.43877
1 524 2.47573
39 525 2.50826
54 526 2.52747
80 527 2.5352
76 528 2.55044
25 529 2.5532
13 530 2.55379
57 531 2.59353
84 532 2.62652
11 533 2.64686
72 534 2.68807
74 535 2.69676
52 536 2.71754
49 537 2.75947
55 538 2.76855
66 539 2.76993
90 540 2.81315
79 541 2.85878
38 542 2.89302
81 543 2.89778
12 544 2.9029
82 545 2.90366
4 546 2.90878
7 547 2.92169
32 548 2.96675
85 549 2.97834
