21 360
26 361
56 362
12 363
45 364
59 365
30 366
4 367
51 368
81 369
39 370
85 371
66 372
35 373
9 374
17 375
77 376
57 377
41 378
11 379
62 380
71 381
70 382
28 383
82 384
40 385
2 386
63 387
87 388
79 389
53 390
37 391
27 392
90 393
60 394
25 395
10 396
14 397
22 398
80 399
72 400
47 401
5 402
31 403
1 404
20 405
83 406
65 407
44 408
23 409
68 410
43 411
16 412
6 413
38 414
34 415
3 416
33 417
52 418
50 419
61 420
69 421
42 422
78 423
76 424
24 425
54 426
67 427
88 428
29 429
18 430
64 431
74 432
13 433
49 434
75 435
7 436
58 437
19 438
46 439
55 440
36 441
32 442
84 443
89 444
86 445
48 446
8 447
73 448
15 449
