9 100 1.02801
19 101 1.03992
26 102 1.08591
29 103 1.10306
31 104 1.14027
7 105 1.2012
14 106 1.28031
48 107 1.28119
45 108 1.28485
17 109 1.29536
28 110 1.29729
50 111 1.3484
8 112 1.54927
6 113 1.55311
47 114 1.57515
11 115 1.61337
34 116 1.66011
22 117 1.74417
38 118 1.78406
20 119 1.85914
40 120 1.87254
46 121 1.88354
23 122 1.99763
41 123 2.01022
12 124 2.05211
18 125 2.16401
43 126 2.16548
37 127 2.17049
33 128 2.19816
2 129 2.29926
16 130 2.31799
30 131 2.36666
3 132 2.40814
5 133 2.41104
1 134 2.44375
13 135 2.4483
10 136 2.44915
36 137 2.51517
32 138 2.51618
27 139 2.53302
39 140 2.57032
15 141 2.59873
24 142 2.60564
35 143 2.64556
21 144 2.71007
25 145 2.72018
4 146 2.78685
44 147 2.82331
42 148 2.85884
49 149 2.86762
