78 280 1.0049
22 281 1.05485
14 282 1.05723
49 283 1.06082
19 284 1.09391
54 285 1.10555
70 286 1.10815
1 287 1.11438
60 288 1.12092
2 289 1.18495
29 290 1.22283
69 291 1.36212
77 292 1.38683
30 293 1.41264
18 294 1.41471
53 295 1.44802
32 296 1.46832
10 297 1.5106
48 298 1.55356
6 299 1.57849
76 300 1.63448
51 301 1.65053
38 302 1.67356
61 303 1.68658
65 304 1.698
37 305 1.76579
31 306 1.78222
64 307 1.79743
11 308 1.84087
26 309 1.85174
75 310 1.8918
12 311 1.90939
58 312 1.91187
25 313 1.91266
33 314 1.91529
79 315 1.9526
5 316 1.97072
40 317 1.97495
47 318 2.00031
20 319 2.01089
41 320 2.04096
55 321 2.07279
67 322 2.08615
28 323 2.11609
13 324 2.14616
62 325 2.18353
45 326 2.21233
59 327 2.2184
46 328 2.23848
4 329 2.28437
73 330 2.30062
17 331 2.31762
36 332 2.33424
8 333 2.33715
63 334 2.34155
66 335 2.34215
57 336 2.48665
27 337 2.49803
71 338 2.51975
34 339 2.52373
23 340 2.52418
74 341 2.53274
56 342 2.56479
16 343 2.56782
7 344 2.58425
35 345 2.59469
80 346 2.6078
43 347 2.62215
42 348 2.70676
68 349 2.71695
72 350 2.7427
21 351 2.74292
52 352 2.74469
24 353 2.74515
3 354 2.76106
50 355 2.82595
15 356 2.83242
44 357 2.83927
39 358 2.86074
9 359 2.99391
