21 3313 0 100 121559522 1.16007 1.16007
47 3317 0 100 56202788 1.36007 1.36007
36 3338 0 100 121540400 2.56007 2.56007
41 3359 0 100 154276824 2.56007 2.56007
49 3320 0 100 56197630 2.76007 2.76007
28 3346 0 100 56207184 2.76007 2.76007
2 3318 0 100 121531106 2.86007 2.86007
30 3321 0 100 121567022 2.86007 2.86007
22 3368 0 100 154252832 2.96007 2.96007
20 3339 0 100 154304264 2.96007 2.96007
4 3347 0 100 88865132 3.06007 3.06007
29 3312 0 100 121569458 3.36007 3.36007
18 3316 0 100 121572374 3.46007 3.46007
8 3352 0 100 88852776 3.56007 3.56007
16 3379 0 100 121531028 3.56007 3.56007
24 3363 0 100 88870260 3.66007 3.66007
43 3343 0 100 88874952 3.96007 3.96007
6 3364 0 100 88850000 4.06007 4.06007
5 3378 0 100 121534862 4.06007 4.06007
44 3375 0 100 121552706 4.06007 4.06007
17 3366 0 100 154261136 4.06007 4.06007
31 3362 0 100 88869008 4.16007 4.16007
34 3351 0 100 121557632 4.16007 4.16007
7 3361 0 100 154257664 4.16007 4.16007
40 3334 0 100 154294320 4.16007 4.16007
9 3327 0 100 121556588 4.26007 4.26007
23 3349 0 100 121572368 4.46007 4.46007
10 3337 0 100 121530356 4.66007 4.66007
25 3373 0 100 121546820 4.66007 4.66007
42 3325 0 100 88846388 4.86007 4.86007
33 3326 0 100 154264808 4.86007 4.86007
38 3340 0 100 121567562 5.46007 5.46007
32 3345 0 100 88859036 5.56007 5.56007
13 3322 0 100 56205762 5.76007 5.76007
50 3310 0 100 121568210 5.76007 5.76007
14 3371 0 100 154269408 5.76007 5.76007
12 3356 0 100 154299632 5.86007 5.86007
45 3315 0 100 88850348 5.96007 5.96007
46 3344 0 100 88863948 6.06007 6.06007
26 3329 0 100 121534808 6.06007 6.06007
11 3330 0 100 121554134 6.16007 6.16007
1 3332 0 100 121534154 6.26007 6.26007
19 3367 0 100 154252744 6.26007 6.26007
27 3376 0 100 121573058 6.46007 6.46007
48 3355 0 100 88875448 6.56007 6.56007
39 3370 0 100 154247528 6.66007 6.66007
37 3342 0 100 154279160 6.96007 6.96007
3 3357 0 100 154300768 7.06007 7.06007
15 3354 0 100 154283488 7.26007 7.26007
35 3372 0 100 154302200 7.86007 7.86007
