50 3310 1.04511
29 3312 1.07806
21 3313 1.14831
45 3315 1.20236
18 3316 1.20543
47 3317 1.20896
2 3318 1.22385
49 3320 1.26514
30 3321 1.31659
13 3322 1.35374
42 3325 1.53268
33 3326 1.53525
9 3327 1.54529
26 3329 1.58127
11 3330 1.62275
1 3332 1.73317
40 3334 1.77335
10 3337 2.00508
36 3338 2.04925
20 3339 2.0538
38 3340 2.05471
37 3342 2.0759
43 3343 2.09066
46 3344 2.10669
32 3345 2.10728
28 3346 2.13289
4 3347 2.14026
23 3349 2.21474
34 3351 2.26498
8 3352 2.35953
15 3354 2.37858
48 3355 2.37902
12 3356 2.4152
3 3357 2.4468
41 3359 2.47902
7 3361 2.61278
31 3362 2.61464
24 3363 2.61722
6 3364 2.63104
17 3366 2.67582
19 3367 2.69704
22 3368 2.71813
39 3370 2.7777
14 3371 2.79671
35 3372 2.8132
25 3373 2.82479
44 3375 2.90599
27 3376 2.93033
5 3378 2.98037
16 3379 2.98568
