14 0.8 0.016 0.784
14 0.784 0.16 0.624
31 0.8 0.016 0.784
31 0.784 0.16 0.624
10 0.8 0.016 0.784
27 0.8 0.016 0.784
27 0.784 0.16 0.624
10 0.784 0.16 0.624
10 0.624 0.16 0.464
33 0.8 0.016 0.784
35 0.8 0.016 0.784
33 0.784 0.16 0.624
35 0.784 0.16 0.624
35 0.624 0.16 0.464
34 0.8 0.16 0.64
34 0.71652 0.016 0.70052
38 0.8 0.016 0.784
34 0.70052 0.16 0.54052
38 0.784 0.16 0.624
38 0.624 0.16 0.464
18 0.8 0.016 0.784
18 0.784 0.16 0.624
40 0.8 0.016 0.784
40 0.784 0.16 0.624
13 0.8 0.16 0.64
29 0.8 0.16 0.64
13 0.712331 0.016 0.696331
29 0.718967 0.016 0.702967
29 0.702967 0.16 0.542967
13 0.696331 0.16 0.536331
13 0.536331 0.16 0.376331
20 0.8 0.016 0.784
20 0.784 0.16 0.624
15 0.8 0.16 0.64
15 0.717305 0.016 0.701305
15 0.701305 0.16 0.541305
12 0.8 0.016 0.784
12 0.784 0.16 0.624
32 0.8 0.16 0.64
32 0.717208 0.016 0.701208
32 0.701208 0.16 0.541208
36 0.8 0.016 0.784
36 0.784 0.16 0.624
2 0.8 0.016 0.784
8 0.8 0.016 0.784
21 0.8 0.016 0.784
22 0.8 0.016 0.784
25 0.8 0.016 0.784
25 0.784 0.16 0.624
22 0.784 0.16 0.624
2 0.784 0.16 0.624
8 0.784 0.16 0.624
21 0.784 0.16 0.624
39 0.8 0.16 0.64
2 0.624 0.16 0.464
3 0.8 0.16 0.64
8 0.624 0.16 0.464
21 0.624 0.16 0.464
39 0.64 0.16 0.48
21 0.464 0.16 0.304
8 0.464 0.16 0.304
2 0.464 0.16 0.304
39 0.48 0.16 0.32
3 0.64 0.16 0.48
39 0.32 0.16 0.16
3 0.48 0.16 0.32
39 0.16 0.16 -5.55112e-17
3 0.392572 0.016 0.376572
39 0.0775635 0.016 0.0615635
3 0.376572 0.16 0.216572
7 0.8 0.16 0.64
39 0.0615635 0.16 -0.0984365
7 0.715794 0.016 0.699794
37 0.8 0.016 0.784
39 0.0729568 0.016 0.0569568
7 0.699794 0.16 0.539794
37 0.784 0.16 0.624
37 0.624 0.16 0.464
6 0.8 0.016 0.784
11 0.8 0.016 0.784
11 0.784 0.16 0.624
5 0.8 0.16 0.64
6 0.784 0.16 0.624
6 0.624 0.16 0.464
5 0.71372 0.016 0.69772
5 0.69772 0.16 0.53772
1 0.8 0.16 0.64
1 0.715696 0.016 0.699696
26 0.8 0.016 0.784
39 0.354023 0.16 0.194023
1 0.699696 0.16 0.539696
26 0.784 0.16 0.624
26 0.624 0.16 0.464
39 0.273898 0.16 0.113898
16 0.8 0.016 0.784
16 0.784 0.16 0.624
30 0.8 0.16 0.64
23 0.8 0.016 0.784
30 0.787925 0.016 0.771925
30 0.771925 0.16 0.611925
23 0.784 0.16 0.624
23 0.624 0.16 0.464
24 0.8 0.016 0.784
24 0.784 0.16 0.624
17 0.8 0.016 0.784
28 0.8 0.016 0.784
17 0.784 0.16 0.624
28 0.784 0.16 0.624
28 0.624 0.16 0.464
19 0.8 0.016 0.784
19 0.784 0.16 0.624
9 0.8 0.016 0.784
9 0.784 0.16 0.624
4 0.8 0.016 0.784
4 0.784 0.16 0.624
