0 3710
0 3711
0 3712
0 3713
0 3714
0 3715
0 3716
0 3717
0 3718
0 3719
0 3721
0 3724
0 3727
0 3731
0 3739
25 3733
0 3744
15 3726
0 3746
0 3752
52 3749
0 3755
0 3759
0 3764
51 3753
0 3770
0 3774
26 3772
0 3781
0 3784
38 3730
46 3782
63 3779
0 3790
2 3748
0 3793
53 3788
6 3777
21 3756
0 3799
54 3786
0 3802
22 3751
61 3778
47 3762
4 3738
0 3809
40 3798
0 3810
64 3806
0 3811
0 3812
0 3813
68 3795
5 3771
1 3743
0 3814
8 3757
42 3769
16 3720
13 3723
0 3815
27 3740
0 3816
24 3741
0 3817
0 3818
69 3750
0 3819
58 3808
50 3729
66 3736
10 3732
0 3820
56 3742
30 3737
17 3725
41 3734
0 3821
3 3805
0 3822
7 3728
0 3823
29 3804
0 3824
33 3766
45 3758
0 3825
23 3735
36 3796
0 3826
9 3767
23 3735
0 3827
60 3773
34 3761
0 3828
0 3829
55 3776
0 3830
0 3831
0 3832
0 3833
12 3768
0 3834
0 3835
62 3791
18 3783
0 3836
0 3837
39 3807
0 3838
43 3800
70 3747
67 3785
0 3839
44 3722
0 3840
65 3794
0 3841
37 3745
0 3842
48 3792
19 3760
0 3843
35 3801
0 3844
0 3845
11 3787
14 3754
57 3765
0 3846
0 3847
49 3763
20 3803
0 3848
31 3775
28 3780
0 3849
59 3789
0 3850
0 3851
0 3852
0 3853
0 3854
32 3797
0 3855
0 3856
0 3857
0 3858
0 3859
0 3860
0 3861
0 3862
0 3863
0 3864
0 3865
0 3866
0 3867
0 3868
0 3869
0 3870
0 3871
0 3872
0 3873
0 3874
0 3875
0 3876
0 3877
0 3878
0 3879
0 3880
0 3881
0 3882
0 3883
0 3884
0 3885
0 3886
0 3887
0 3888
0 3889
0 3890
0 3891
0 3892
0 3893
0 3894
0 3895
0 3896
0 3897
0 3898
0 3899
0 3900
0 3901
0 3902
0 3903
0 3904
0 3905
0 3906
0 3907
0 3908
0 3909
0 3910
0 3911
0 3912
0 3913
0 3914
0 3915
0 3916
0 3917
0 3918
0 3919
0 3920
0 3921
0 3922
0 3923
0 3924
0 3925
0 3926
0 3927
0 3928
0 3929
