73 4427 0 100 88861140 1.46955 1.46955
92 4414 0 100 121548980 1.76955 1.76955
4 4434 0 100 121550546 1.76955 1.76955
10 4422 0 100 88853552 1.86955 1.86955
14 4459 0 100 154279688 1.86955 1.86955
32 4462 0 100 121551746 1.96955 1.96955
45 4410 0 100 154305408 1.96955 1.96955
66 4461 0 100 88850400 2.06955 2.06955
63 4468 0 100 154245160 2.06955 2.06955
82 4477 0 100 88871636 2.16955 2.16955
22 4492 0 100 121557770 2.26955 2.26955
41 4491 0 100 121559534 2.36955 2.36955
6 4495 0 100 88856440 2.46955 2.46955
87 4465 0 100 121539488 2.46955 2.46955
89 4449 0 100 154283992 2.46955 2.46955
47 4499 0 100 121573616 2.56955 2.56955
57 4507 0 100 88855944 2.66955 2.66955
36 4508 0 100 121554782 2.66955 2.66955
21 4443 0 100 154265416 2.66955 2.66955
51 4448 0 100 121530974 2.76955 2.76955
46 4426 0 100 121536974 2.76955 2.76955
7 4453 0 100 154260568 2.76955 2.76955
34 4490 0 100 121560218 2.86955 2.86955
71 4514 0 100 56203970 2.96955 2.96955
17 4444 0 100 121539824 3.06955 3.06955
19 4446 0 100 121527638 3.46955 3.46955
70 4413 0 100 121574270 3.46955 3.46955
72 4483 0 100 154244040 3.46955 3.46955
23 4470 0 100 154254632 3.46955 3.46955
29 4527 0 100 154299640 3.46955 3.46955
15 4481 0 100 121533242 3.56955 3.56955
52 4436 0 100 154257968 3.56955 3.56955
33 4479 0 100 154270808 3.56955 3.56955
56 4517 0 100 154290496 3.56955 3.56955
55 4455 0 100 121572464 3.66955 3.66955
94 4447 0 100 88865428 3.76955 3.76955
37 4452 0 100 121550048 3.76955 3.76955
49 4472 0 100 154245208 3.76955 3.76955
5 4418 0 100 88868092 3.86955 3.86955
75 4431 0 100 88856252 3.96955 3.96955
39 4480 0 100 88865040 3.96955 3.96955
78 4460 0 100 56197280 4.06955 4.06955
30 4424 0 100 121542584 4.06955 4.06955
3 4441 0 100 88850924 4.16955 4.16955
42 4420 0 100 88853804 4.16955 4.16955
76 4412 0 100 88857768 4.16955 4.16955
65 4488 0 100 88850568 4.26955 4.26955
100 4471 0 100 88870496 4.26955 4.26955
98 4429 0 100 154256816 4.36955 4.36955
67 4442 0 100 88873316 4.46955 4.46955
44 4474 0 100 88867944 4.56955 4.56955
80 4464 0 100 154277040 4.56955 4.56955
60 4456 0 100 121566092 4.86955 4.86955
62 4484 0 100 88869764 4.96955 4.96955
74 4486 0 100 121564700 4.96955 4.96955
43 4515 0 100 154278600 4.96955 4.96955
93 4482 0 100 121558496 5.06955 5.06955
85 4439 0 100 121572860 5.06955 5.06955
48 4523 0 100 88867208 5.36955 5.36955
28 4454 0 100 88872200 5.36955 5.36955
24 4504 0 100 154302072 5.36955 5.36955
61 4417 0 100 88863448 5.46955 5.46955
26 4516 0 100 121566770 5.46955 5.46955
27 4411 0 100 154255616 5.46955 5.46955
97 4478 0 100 88860016 5.56955 5.56955
8 4463 0 100 88861236 5.66955 5.66955
84 4467 0 100 88875012 5.76955 5.76955
31 4502 0 100 121553444 5.76955 5.76955
53 4438 0 100 121565504 5.76955 5.76955
95 4451 0 100 154273728 5.76955 5.76955
18 4511 0 100 154243888 5.86955 5.86955
77 4435 0 100 88873088 5.96955 5.96955
54 4421 0 100 121562192 5.96955 5.96955
1 4440 0 100 88861296 6.06955 6.06955
40 4489 0 100 121566812 6.06955 6.06955
79 4423 0 100 121543256 6.16955 6.16955
83 4503 0 100 88861688 6.26955 6.26955
68 4430 0 100 88869596 6.26955 6.26955
12 4475 0 100 154275224 6.26955 6.26955
11 4458 0 100 154279256 6.26955 6.26955
90 4512 0 100 56205616 6.36955 6.36955
50 4433 0 100 121568720 6.36955 6.36955
69 4428 0 100 154271336 6.36955 6.36955
91 4528 0 100 154254512 6.46955 6.46955
16 4520 0 100 121570388 6.56955 6.56955
88 4493 0 100 56205526 6.66955 6.66955
59 4521 0 100 154284240 6.76955 6.76955
13 4518 0 100 121532390 6.86955 6.86955
64 4487 0 100 121543664 6.86955 6.86955
38 4522 0 100 56208630 7.06955 7.06955
9 4473 0 100 154272024 7.06955 7.06955
99 4506 0 100 56204076 7.16955 7.16955
35 4526 0 100 121535714 7.16955 7.16955
2 4500 0 100 88857356 7.26955 7.26955
20 4496 0 100 88871424 7.26955 7.26955
25 4509 0 100 121560812 7.36955 7.36955
58 4524 0 100 88868792 7.46955 7.46955
86 4498 0 100 121550810 7.46955 7.46955
