29 3120 1.01514
34 3121 1.07338
1 3123 1.11391
12 3125 1.24745
32 3127 1.32285
10 3128 1.34891
14 3130 1.45355
35 3131 1.48401
13 3133 1.52042
40 3134 1.57054
15 3136 1.61729
31 3137 1.62712
22 3138 1.68537
24 3140 1.70551
18 3141 1.71036
27 3142 1.7123
7 3143 1.74653
11 3145 1.7992
2 3148 2.01043
28 3149 2.01511
6 3151 2.11254
38 3152 2.13526
3 3153 2.15963
36 3155 2.27254
20 3157 2.2996
37 3158 2.34163
30 3159 2.35681
17 3161 2.46039
39 3163 2.49173
33 3165 2.66447
19 3167 2.69029
5 3168 2.70866
21 3169 2.74631
8 3171 2.83442
4 3172 2.84167
23 3173 2.84347
25 3174 2.86538
9 3176 2.90733
26 3177 2.94054
16 3178 2.95907
