45 4410 1.00785
27 4411 1.01072
76 4412 1.03426
70 4413 1.0468
92 4414 1.04989
81 4416 1.08453
61 4417 1.12144
5 4418 1.13359
42 4420 1.19225
54 4421 1.19635
10 4422 1.20855
79 4423 1.26745
30 4424 1.26921
46 4426 1.27052
73 4427 1.28744
69 4428 1.2946
98 4429 1.29947
68 4430 1.32093
75 4431 1.32925
50 4433 1.38391
4 4434 1.39817
77 4435 1.45384
52 4436 1.46157
53 4438 1.49259
85 4439 1.52215
1 4440 1.5239
3 4441 1.5483
67 4442 1.5535
21 4443 1.55551
17 4444 1.5662
19 4446 1.57559
94 4447 1.57737
51 4448 1.61025
89 4449 1.62983
95 4451 1.67852
37 4452 1.68439
7 4453 1.68489
28 4454 1.68935
55 4455 1.73476
60 4456 1.76167
11 4458 1.79449
14 4459 1.79772
78 4460 1.80182
66 4461 1.80628
32 4462 1.80904
8 4463 1.82214
80 4464 1.84285
87 4465 1.8672
84 4467 1.91639
63 4468 1.9656
23 4470 1.97466
100 4471 1.99426
49 4472 1.99555
9 4473 2.01164
44 4474 2.03097
12 4475 2.0642
82 4477 2.06964
97 4478 2.08597
33 4479 2.1117
39 4480 2.12984
15 4481 2.15072
93 4482 2.15075
72 4483 2.15634
62 4484 2.16145
74 4486 2.17605
64 4487 2.19328
65 4488 2.19699
40 4489 2.21771
34 4490 2.22383
41 4491 2.24423
22 4492 2.25846
88 4493 2.26866
6 4495 2.30115
20 4496 2.36451
86 4498 2.37232
47 4499 2.38671
2 4500 2.42406
31 4502 2.50109
83 4503 2.51111
24 4504 2.54102
99 4506 2.58469
57 4507 2.59733
36 4508 2.64747
25 4509 2.659
18 4511 2.67206
90 4512 2.68611
96 4513 2.68869
71 4514 2.70687
43 4515 2.71447
26 4516 2.72284
56 4517 2.75035
13 4518 2.76675
16 4520 2.77683
59 4521 2.7957
38 4522 2.80419
48 4523 2.84033
58 4524 2.86779
35 4526 2.91744
29 4527 2.92796
91 4528 2.95048
