14 3130 0 100 154254256 1.78986 1.78986
31 3137 0 100 88847168 2.08986 2.08986
27 3142 0 100 56205972 2.58986 2.58986
10 3128 0 100 121564196 2.58986 2.58986
33 3165 0 100 56204952 2.68986 2.68986
35 3131 0 100 154250176 2.68986 2.68986
34 3121 0 100 88863648 2.78986 2.78986
38 3152 0 100 154301416 2.78986 2.78986
18 3141 0 100 88848852 2.98986 2.98986
40 3134 0 100 121566962 3.18986 3.18986
29 3120 0 100 88856152 3.28986 3.28986
13 3133 0 100 121531934 3.28986 3.28986
20 3157 0 100 56200412 3.48986 3.48986
15 3136 0 100 121549382 3.58986 3.58986
12 3125 0 100 154272360 3.68986 3.68986
32 3127 0 100 154243024 3.78986 3.78986
36 3155 0 100 121556978 3.98986 3.98986
25 3174 0 100 121530470 4.38986 4.38986
22 3138 0 100 121572950 4.38986 4.38986
21 3169 0 100 154257080 4.38986 4.38986
8 3171 0 100 154258560 4.38986 4.38986
2 3148 0 100 154287992 4.38986 4.38986
3 3153 0 100 121571216 4.48986 4.48986
7 3143 0 100 121540916 4.58986 4.58986
37 3158 0 100 154257816 4.58986 4.58986
11 3145 0 100 121559474 4.78986 4.78986
6 3151 0 100 154252584 4.78986 4.78986
5 3168 0 100 154247848 4.88986 4.88986
1 3123 0 100 88850352 4.98986 4.98986
26 3177 0 100 154279824 4.98986 4.98986
16 3178 0 100 154277080 5.38986 5.38986
30 3159 0 100 88868024 5.58986 5.58986
23 3173 0 100 154256064 5.58986 5.58986
24 3140 0 100 88874760 5.88986 5.88986
17 3161 0 100 56207308 6.18986 6.18986
28 3149 0 100 154276184 6.18986 6.18986
19 3167 0 100 154289320 6.68986 6.68986
9 3176 0 100 154256784 7.48986 7.48986
4 3172 0 100 154243664 7.98986 7.98986
