22 3510 0 100 154249176 1.19495 1.19495
17 3511 0 100 88866540 1.29495 1.29495
60 3526 0 100 121570058 1.39495 1.39495
36 3513 0 100 88847920 1.49495 1.49495
41 3529 0 100 154265584 1.49495 1.49495
32 3522 0 100 121571570 1.69495 1.69495
25 3530 0 100 121532366 1.79495 1.79495
7 3516 0 100 121560470 1.79495 1.79495
47 3523 0 100 88864064 1.89495 1.89495
16 3547 0 100 121545410 1.99495 1.99495
40 3532 0 100 154300072 2.09495 2.09495
45 3551 0 100 154281064 2.19495 2.19495
29 3563 0 100 121530584 2.29495 2.29495
18 3560 0 100 154265656 2.29495 2.29495
57 3538 0 100 88873248 2.59495 2.59495
9 3550 0 100 121551488 2.59495 2.59495
48 3533 0 100 121571318 2.59495 2.59495
35 3518 0 100 88867868 2.79495 2.79495
54 3559 0 100 154268712 2.89495 2.89495
43 3519 0 100 88872644 3.09495 3.09495
58 3573 0 100 121563092 3.19495 3.19495
3 3577 0 100 154250272 3.39495 3.39495
49 3542 0 100 121554518 3.49495 3.49495
19 3581 0 100 121548560 3.69495 3.69495
26 3540 0 100 121529066 3.79495 3.79495
50 3543 0 100 88868416 3.89495 3.89495
46 3556 0 100 88873544 3.89495 3.89495
24 3576 0 100 121570316 3.89495 3.89495
44 3525 0 100 88850436 3.99495 3.99495
30 3555 0 100 88867128 4.39495 4.39495
15 3517 0 100 154282704 4.39495 4.39495
55 3569 0 100 154261328 4.49495 4.49495
38 3536 0 100 154306264 4.49495 4.49495
1 3527 0 100 121550948 4.69495 4.69495
21 3512 0 100 56201496 4.89495 4.89495
39 3575 0 100 56206286 4.89495 4.89495
13 3579 0 100 88854192 4.89495 4.89495
8 3521 0 100 154256336 5.29495 5.29495
34 3552 0 100 121558550 5.39495 5.39495
51 3515 0 100 154290360 5.39495 5.39495
4 3535 0 100 56208416 5.49495 5.49495
42 3548 0 100 121528730 5.49495 5.49495
33 3583 0 100 154248760 5.59495 5.59495
28 3546 0 100 121567154 5.89495 5.89495
59 3539 0 100 121562246 6.29495 6.29495
53 3557 0 100 121571978 6.29495 6.29495
31 3545 0 100 121546442 6.39495 6.39495
10 3582 0 100 88869684 6.49495 6.49495
52 3587 0 100 88875320 6.79495 6.79495
2 3585 0 100 121537970 6.89495 6.89495
37 3554 0 100 121548686 6.89495 6.89495
27 3562 0 100 154277120 6.89495 6.89495
23 3561 0 100 154244208 6.99495 6.99495
12 3565 0 100 88846988 7.19495 7.19495
20 3566 0 100 121551878 7.19495 7.19495
6 3567 0 100 121547702 7.39495 7.39495
11 3570 0 100 154265168 7.39495 7.39495
56 3588 0 100 121534568 7.69495 7.69495
14 3586 0 100 154262528 7.79495 7.79495
5 3580 0 100 121529030 7.89495 7.89495
