0 4400
0 4401
0 4402
0 4403
0 4404
0 4405
0 4406
0 4407
0 4408
0 4409
0 4415
0 4419
0 4425
0 4432
0 4437
73 4427
0 4445
0 4450
0 4457
92 4414
4 4434
0 4466
10 4422
14 4459
0 4469
32 4462
45 4410
0 4476
66 4461
63 4468
0 4485
82 4477
0 4494
22 4492
0 4497
41 4491
0 4501
6 4495
87 4465
89 4449
0 4505
47 4499
0 4510
57 4507
36 4508
21 4443
0 4519
51 4448
46 4426
7 4453
0 4525
34 4490
0 4529
71 4514
0 4530
17 4444
0 4531
0 4532
0 4533
0 4534
19 4446
70 4413
72 4483
23 4470
29 4527
0 4535
15 4481
52 4436
33 4479
56 4517
0 4536
55 4455
0 4537
94 4447
37 4452
49 4472
0 4538
5 4418
0 4539
75 4431
39 4480
0 4540
78 4460
30 4424
81 4416
0 4541
3 4441
42 4420
76 4412
81 4416
0 4542
65 4488
100 4471
0 4543
98 4429
0 4544
67 4442
0 4545
44 4474
80 4464
0 4546
0 4547
0 4548
60 4456
0 4549
62 4484
74 4486
43 4515
0 4550
93 4482
85 4439
0 4551
0 4552
0 4553
48 4523
28 4454
24 4504
0 4554
61 4417
26 4516
27 4411
0 4555
97 4478
0 4556
8 4463
0 4557
84 4467
31 4502
53 4438
95 4451
0 4558
18 4511
0 4559
77 4435
54 4421
0 4560
1 4440
40 4489
0 4561
79 4423
0 4562
83 4503
68 4430
12 4475
11 4458
0 4563
90 4512
50 4433
69 4428
0 4564
91 4528
0 4565
16 4520
0 4566
88 4493
0 4567
59 4521
0 4568
13 4518
64 4487
96 4513
0 4569
96 4513
0 4570
38 4522
9 4473
0 4571
99 4506
35 4526
0 4572
2 4500
20 4496
0 4573
25 4509
0 4574
58 4524
86 4498
0 4575
0 4576
0 4577
0 4578
0 4579
0 4580
0 4581
0 4582
0 4583
0 4584
0 4585
0 4586
0 4587
0 4588
0 4589
0 4590
0 4591
0 4592
0 4593
0 4594
0 4595
0 4596
0 4597
0 4598
0 4599
0 4600
0 4601
0 4602
0 4603
0 4604
0 4605
0 4606
0 4607
0 4608
0 4609
0 4610
0 4611
0 4612
0 4613
0 4614
0 4615
0 4616
0 4617
0 4618
0 4619
0 4620
0 4621
0 4622
0 4623
0 4624
0 4625
0 4626
0 4627
0 4628
0 4629
0 4630
0 4631
0 4632
0 4633
0 4634
0 4635
0 4636
0 4637
0 4638
0 4639
0 4640
0 4641
0 4642
0 4643
0 4644
0 4645
0 4646
0 4647
0 4648
0 4649
