17 0.8 0.016 0.784
17 0.784 0.16 0.624
85 0.8 0.016 0.784
85 0.784 0.16 0.624
16 0.8 0.016 0.784
16 0.784 0.16 0.624
46 0.8 0.016 0.784
50 0.8 0.016 0.784
46 0.784 0.16 0.624
50 0.784 0.16 0.624
50 0.624 0.16 0.464
76 0.8 0.016 0.784
76 0.784 0.16 0.624
13 0.8 0.16 0.64
13 0.711102 0.016 0.695102
13 0.695102 0.16 0.535102
49 0.8 0.16 0.64
54 0.8 0.16 0.64
49 0.712876 0.016 0.696876
54 0.714305 0.016 0.698305
71 0.8 0.016 0.784
49 0.696876 0.16 0.536876
54 0.698305 0.16 0.538305
71 0.784 0.16 0.624
54 0.538305 0.16 0.378305
71 0.624 0.16 0.464
34 0.8 0.016 0.784
34 0.784 0.16 0.624
7 0.8 0.16 0.64
89 0.8 0.16 0.64
7 0.714857 0.016 0.698857
89 0.717596 0.016 0.701596
7 0.698857 0.16 0.538857
31 0.8 0.16 0.64
89 0.701596 0.16 0.541596
89 0.541596 0.16 0.381596
31 0.64 0.16 0.48
31 0.553859 0.016 0.537859
31 0.537859 0.16 0.377859
84 0.8 0.016 0.784
84 0.784 0.16 0.624
77 0.8 0.16 0.64
77 0.717067 0.016 0.701067
77 0.701067 0.16 0.541067
22 0.8 0.16 0.64
87 0.8 0.16 0.64
22 0.716782 0.016 0.700782
87 0.713501 0.016 0.697501
22 0.700782 0.16 0.540782
23 0.8 0.16 0.64
61 0.8 0.16 0.64
87 0.697501 0.16 0.537501
87 0.537501 0.16 0.377501
23 0.714165 0.016 0.698165
24 0.8 0.016 0.784
61 0.711323 0.016 0.695323
61 0.695323 0.16 0.535323
23 0.698165 0.16 0.538165
9 0.8 0.16 0.64
24 0.784 0.16 0.624
32 0.8 0.16 0.64
9 0.64 0.16 0.48
24 0.624 0.16 0.464
32 0.64 0.16 0.48
24 0.464 0.16 0.304
9 0.48 0.16 0.32
32 0.48 0.16 0.32
81 0.8 0.16 0.64
9 0.394873 0.016 0.378873
32 0.397824 0.016 0.381824
81 0.71843 0.016 0.70243
32 0.381824 0.16 0.221824
9 0.378873 0.16 0.218873
81 0.70243 0.16 0.54243
9 0.218873 0.16 0.0588731
81 0.54243 0.16 0.38243
81 0.38243 0.16 0.22243
2 0.8 0.16 0.64
19 0.8 0.16 0.64
21 0.8 0.16 0.64
48 0.8 0.16 0.64
79 0.8 0.16 0.64
2 0.715398 0.016 0.699398
19 0.71082 0.016 0.69482
79 0.717793 0.016 0.701793
19 0.69482 0.16 0.53482
2 0.699398 0.16 0.539398
10 0.8 0.16 0.64
21 0.712865 0.16 0.552865
48 0.718515 0.16 0.558515
70 0.8 0.16 0.64
79 0.701793 0.16 0.541793
79 0.541793 0.16 0.381793
2 0.539398 0.16 0.379398
10 0.64 0.16 0.48
21 0.552865 0.16 0.392865
48 0.558515 0.16 0.398515
70 0.64 0.16 0.48
10 0.48 0.16 0.32
21 0.392865 0.16 0.232865
48 0.398515 0.16 0.238515
70 0.48 0.16 0.32
10 0.391646 0.016 0.375646
21 0.309697 0.016 0.293697
48 0.310316 0.016 0.294316
70 0.396639 0.016 0.380639
21 0.293697 0.16 0.133697
10 0.375646 0.16 0.215646
47 0.8 0.16 0.64
48 0.294316 0.16 0.134316
70 0.380639 0.16 0.220639
70 0.220639 0.16 0.0606394
10 0.215646 0.16 0.0556456
47 0.64 0.16 0.48
48 0.134316 0.16 -0.0256839
10 0.129147 0.016 0.113147
30 0.8 0.016 0.784
47 0.554019 0.016 0.538019
47 0.538019 0.16 0.378019
10 0.113147 0.16 -0.0468531
30 0.784 0.16 0.624
30 0.624 0.16 0.464
10 0 0.16 -0.16
20 0.8 0.016 0.784
40 0.8 0.016 0.784
43 0.8 0.016 0.784
88 0.8 0.016 0.784
40 0.784 0.16 0.624
20 0.784 0.16 0.624
43 0.784 0.16 0.624
56 0.8 0.16 0.64
88 0.784 0.16 0.624
20 0.624 0.16 0.464
43 0.624 0.16 0.464
56 0.64 0.16 0.48
88 0.624 0.16 0.464
56 0.48 0.16 0.32
88 0.464 0.16 0.304
88 0.304 0.16 0.144
56 0.32 0.16 0.16
56 0.233243 0.016 0.217243
48 0.377854 0.16 0.217854
10 0.298775 0.16 0.138775
56 0.217243 0.16 0.0572427
57 0.8 0.016 0.784
86 0.8 0.016 0.784
86 0.784 0.16 0.624
10 0.213975 0.16 0.0539754
57 0.784 0.16 0.624
74 0.8 0.16 0.64
57 0.624 0.16 0.464
74 0.64 0.16 0.48
36 0.8 0.016 0.784
74 0.557386 0.016 0.541386
74 0.541386 0.16 0.381386
36 0.784 0.16 0.624
41 0.8 0.16 0.64
64 0.8 0.16 0.64
68 0.8 0.16 0.64
36 0.624 0.16 0.464
41 0.64 0.16 0.48
64 0.64 0.16 0.48
68 0.64 0.16 0.48
41 0.553833 0.016 0.537833
64 0.553021 0.016 0.537021
68 0.558214 0.016 0.542214
64 0.537021 0.16 0.377021
41 0.537833 0.16 0.377833
68 0.542214 0.16 0.382214
41 0.377833 0.16 0.217833
68 0.382214 0.16 0.222214
90 0.8 0.016 0.784
10 0.353677 0.16 0.193677
90 0.784 0.16 0.624
73 0.8 0.16 0.64
73 0.713566 0.016 0.697566
73 0.697566 0.16 0.537566
27 0.8 0.16 0.64
51 0.8 0.16 0.64
82 0.8 0.16 0.64
27 0.719106 0.016 0.703106
51 0.711488 0.016 0.695488
27 0.703106 0.16 0.543106
51 0.695488 0.16 0.535488
82 0.718009 0.16 0.558009
51 0.535488 0.16 0.375488
82 0.558009 0.16 0.398009
82 0.469128 0.016 0.453128
82 0.453128 0.16 0.293128
45 0.8 0.016 0.784
45 0.784 0.16 0.624
14 0.8 0.16 0.64
39 0.8 0.16 0.64
52 0.8 0.16 0.64
62 0.8 0.16 0.64
72 0.8 0.16 0.64
14 0.713578 0.016 0.697578
39 0.717605 0.016 0.701605
52 0.719581 0.016 0.703581
62 0.719086 0.016 0.703086
72 0.712739 0.016 0.696739
62 0.703086 0.16 0.543086
14 0.697578 0.16 0.537578
25 0.8 0.16 0.64
39 0.701605 0.16 0.541605
52 0.703581 0.16 0.543581
72 0.696739 0.16 0.536739
39 0.541605 0.16 0.381605
14 0.537578 0.16 0.377578
25 0.64 0.16 0.48
26 0.8 0.16 0.64
52 0.543581 0.16 0.383581
63 0.8 0.16 0.64
72 0.536739 0.16 0.376739
52 0.383581 0.16 0.223581
6 0.8 0.16 0.64
14 0.377578 0.16 0.217578
25 0.48 0.16 0.32
26 0.64 0.16 0.48
59 0.8 0.16 0.64
63 0.64 0.16 0.48
72 0.376739 0.16 0.216739
14 0.217578 0.16 0.0575782
72 0.216739 0.16 0.0567395
6 0.64 0.16 0.48
25 0.32 0.16 0.16
26 0.48 0.16 0.32
59 0.64 0.16 0.48
63 0.48 0.16 0.32
25 0.16 0.16 -5.55112e-17
26 0.32 0.16 0.16
59 0.48 0.16 0.32
63 0.32 0.16 0.16
6 0.556459 0.016 0.540459
25 0.0741815 0.016 0.0581815
26 0.235149 0.016 0.219149
63 0.238939 0.016 0.222939
26 0.219149 0.16 0.0591494
6 0.540459 0.16 0.380459
25 0.0581815 0.16 -0.101818
59 0.396266 0.16 0.236266
63 0.222939 0.16 0.0629392
6 0.380459 0.16 0.220459
25 0 0.16 -0.16
59 0.236266 0.16 0.076266
63 0.0629392 0.16 -0.0970608
25 0.0748671 0.016 0.0588671
59 0.154248 0.016 0.138248
63 0.0730967 0.016 0.0570967
5 0.8 0.016 0.784
12 0.8 0.016 0.784
29 0.8 0.016 0.784
75 0.8 0.016 0.784
83 0.8 0.016 0.784
29 0.784 0.16 0.624
5 0.784 0.16 0.624
12 0.784 0.16 0.624
67 0.8 0.16 0.64
75 0.784 0.16 0.624
83 0.784 0.16 0.624
75 0.624 0.16 0.464
5 0.624 0.16 0.464
12 0.624 0.16 0.464
67 0.64 0.16 0.48
83 0.624 0.16 0.464
12 0.464 0.16 0.304
5 0.464 0.16 0.304
67 0.48 0.16 0.32
83 0.464 0.16 0.304
38 0.8 0.16 0.64
67 0.32 0.16 0.16
83 0.304 0.16 0.144
38 0.712525 0.016 0.696525
67 0.238665 0.016 0.222665
83 0.217186 0.016 0.201186
67 0.222665 0.16 0.062665
38 0.696525 0.16 0.536525
58 0.8 0.16 0.64
83 0.201186 0.16 0.041186
38 0.536525 0.16 0.376525
58 0.64 0.16 0.48
83 0.041186 0.16 -0.118814
58 0.559284 0.016 0.543284
58 0.543284 0.16 0.383284
25 0.359413 0.16 0.199413
59 0.433152 0.16 0.273152
63 0.344498 0.16 0.184498
63 0.184498 0.16 0.0244981
59 0.273152 0.16 0.113152
15 0.8 0.016 0.784
18 0.8 0.016 0.784
18 0.784 0.16 0.624
15 0.784 0.16 0.624
59 0.190628 0.16 0.030628
8 0.8 0.16 0.64
8 0.64 0.16 0.48
25 0.275757 0.16 0.115757
4 0.8 0.016 0.784
8 0.551596 0.016 0.535596
60 0.8 0.016 0.784
4 0.784 0.16 0.624
8 0.535596 0.16 0.375596
60 0.784 0.16 0.624
60 0.624 0.16 0.464
60 0.464 0.16 0.304
55 0.8 0.16 0.64
83 0.290121 0.16 0.130121
55 0.717116 0.016 0.701116
83 0.210011 0.16 0.0500113
55 0.701116 0.16 0.541116
53 0.8 0.16 0.64
69 0.8 0.16 0.64
53 0.71373 0.016 0.69773
65 0.8 0.016 0.784
69 0.710351 0.016 0.694351
69 0.694351 0.16 0.534351
53 0.69773 0.16 0.53773
44 0.8 0.16 0.64
65 0.784 0.16 0.624
44 0.64 0.16 0.48
65 0.624 0.16 0.464
65 0.464 0.16 0.304
44 0.48 0.16 0.32
44 0.395064 0.016 0.379064
44 0.379064 0.16 0.219064
63 0.484431 0.16 0.324431
28 0.8 0.016 0.784
28 0.784 0.16 0.624
1 0.8 0.16 0.64
1 0.7182 0.016 0.7022
1 0.7022 0.16 0.5422
35 0.8 0.16 0.64
78 0.8 0.16 0.64
35 0.717322 0.016 0.701322
66 0.8 0.016 0.784
78 0.716554 0.016 0.700554
35 0.701322 0.16 0.541322
66 0.784 0.16 0.624
78 0.700554 0.16 0.540554
66 0.624 0.16 0.464
78 0.540554 0.16 0.380554
3 0.8 0.16 0.64
33 0.8 0.16 0.64
33 0.64 0.16 0.48
3 0.710744 0.016 0.694744
33 0.557132 0.016 0.541132
3 0.694744 0.16 0.534744
33 0.541132 0.16 0.381132
11 0.8 0.16 0.64
37 0.8 0.16 0.64
37 0.64 0.16 0.48
11 0.718672 0.016 0.702672
37 0.556266 0.016 0.540266
11 0.702672 0.16 0.542672
37 0.540266 0.16 0.380266
37 0.380266 0.16 0.220266
42 0.8 0.016 0.784
42 0.784 0.16 0.624
80 0.8 0.016 0.784
80 0.784 0.16 0.624
