0 4160
0 4161
0 4162
0 4163
0 4164
0 4165
0 4166
0 4167
0 4168
0 4169
0 4172
17 4171
0 4179
0 4184
0 4192
0 4197
0 4204
85 4174
0 4210
0 4214
0 4221
16 4176
0 4226
46 4215
50 4180
0 4234
0 4240
0 4242
76 4207
0 4248
13 4202
0 4252
49 4235
54 4246
71 4216
0 4257
34 4185
0 4260
7 4254
89 4181
0 4268
31 4196
0 4275
0 4279
0 4280
84 4170
0 4281
77 4250
0 4282
22 4188
87 4233
0 4283
61 4247
23 4237
24 4253
0 4284
32 4230
9 4182
81 4178
0 4285
19 4194
79 4218
2 4209
0 4286
21 4222
70 4249
0 4287
47 4190
30 4274
0 4288
0 4289
0 4290
40 4259
20 4245
43 4219
88 4217
0 4291
48 4224
56 4220
0 4292
86 4211
10 4238
57 4264
0 4293
74 4243
36 4189
0 4294
64 4227
41 4236
68 4241
0 4295
0 4296
90 4255
10 4238
0 4297
73 4183
0 4298
27 4267
51 4213
0 4299
82 4186
0 4300
0 4301
0 4302
45 4244
0 4303
62 4203
39 4263
52 4206
14 4193
72 4191
0 4304
26 4273
6 4208
0 4305
0 4306
29 4205
75 4272
12 4212
5 4177
0 4307
67 4261
38 4195
0 4308
58 4201
0 4309
25 4225
63 4269
0 4310
18 4199
15 4256
59 4200
25 4225
0 4311
4 4270
8 4173
60 4175
83 4228
0 4312
55 4251
83 4228
0 4313
69 4198
53 4187
65 4232
0 4314
44 4229
0 4315
63 4269
0 4316
28 4239
0 4317
1 4266
0 4318
35 4276
66 4231
78 4258
0 4319
3 4271
33 4223
0 4320
11 4277
37 4278
0 4321
0 4322
0 4323
42 4265
0 4324
0 4325
0 4326
80 4262
0 4327
0 4328
0 4329
0 4330
0 4331
0 4332
0 4333
0 4334
0 4335
0 4336
0 4337
0 4338
0 4339
0 4340
0 4341
0 4342
0 4343
0 4344
0 4345
0 4346
0 4347
0 4348
0 4349
0 4350
0 4351
0 4352
0 4353
0 4354
0 4355
0 4356
0 4357
0 4358
0 4359
0 4360
0 4361
0 4362
0 4363
0 4364
0 4365
0 4366
0 4367
0 4368
0 4369
0 4370
0 4371
0 4372
0 4373
0 4374
0 4375
0 4376
0 4377
0 4378
0 4379
0 4380
0 4381
0 4382
0 4383
0 4384
0 4385
0 4386
0 4387
0 4388
0 4389
0 4390
0 4391
0 4392
0 4393
0 4394
0 4395
0 4396
0 4397
0 4398
0 4399
