27 0.8 0.016 0.784
27 0.784 0.16 0.624
7 0.8 0.016 0.784
7 0.784 0.16 0.624
3 0.8 0.016 0.784
12 0.8 0.016 0.784
20 0.8 0.016 0.784
20 0.784 0.16 0.624
3 0.784 0.16 0.624
12 0.784 0.16 0.624
12 0.624 0.16 0.464
12 0.464 0.16 0.304
21 0.8 0.016 0.784
21 0.784 0.16 0.624
13 0.8 0.16 0.64
13 0.717372 0.016 0.701372
13 0.701372 0.16 0.541372
4 0.8 0.016 0.784
4 0.784 0.16 0.624
10 0.8 0.016 0.784
10 0.784 0.16 0.624
25 0.8 0.16 0.64
29 0.8 0.16 0.64
15 0.8 0.016 0.784
25 0.713593 0.016 0.697593
29 0.719543 0.016 0.703543
29 0.703543 0.16 0.543543
25 0.697593 0.16 0.537593
15 0.784 0.16 0.624
15 0.624 0.16 0.464
15 0.464 0.16 0.304
1 0.8 0.016 0.784
1 0.784 0.16 0.624
18 0.8 0.016 0.784
18 0.784 0.16 0.624
16 0.8 0.016 0.784
16 0.784 0.16 0.624
30 0.8 0.016 0.784
30 0.784 0.16 0.624
6 0.8 0.16 0.64
9 0.8 0.16 0.64
19 0.8 0.16 0.64
6 0.713166 0.016 0.697166
9 0.717451 0.016 0.701451
19 0.71073 0.016 0.69473
6 0.697166 0.16 0.537166
9 0.701451 0.16 0.541451
19 0.69473 0.16 0.53473
19 0.53473 0.16 0.37473
9 0.541451 0.16 0.381451
23 0.8 0.016 0.784
24 0.8 0.016 0.784
23 0.784 0.16 0.624
11 0.8 0.16 0.64
24 0.784 0.16 0.624
24 0.624 0.16 0.464
11 0.64 0.16 0.48
28 0.8 0.16 0.64
11 0.556446 0.016 0.540446
28 0.712264 0.016 0.696264
28 0.696264 0.16 0.536264
11 0.540446 0.16 0.380446
26 0.8 0.016 0.784
26 0.784 0.16 0.624
5 0.8 0.016 0.784
8 0.8 0.016 0.784
22 0.8 0.016 0.784
8 0.784 0.16 0.624
5 0.784 0.16 0.624
22 0.784 0.16 0.624
22 0.624 0.16 0.464
5 0.624 0.16 0.464
5 0.464 0.16 0.304
2 0.8 0.16 0.64
2 0.713937 0.016 0.697937
2 0.697937 0.16 0.537937
14 0.8 0.016 0.784
14 0.784 0.16 0.624
17 0.8 0.016 0.784
17 0.784 0.16 0.624
