22 3510 1.00368
17 3511 1.04547
21 3512 1.07892
36 3513 1.08935
51 3515 1.09716
7 3516 1.13369
15 3517 1.14252
35 3518 1.17209
43 3519 1.19451
8 3521 1.20764
32 3522 1.24535
47 3523 1.28083
44 3525 1.29871
60 3526 1.33098
1 3527 1.37166
41 3529 1.42552
25 3530 1.4499
40 3532 1.51708
48 3533 1.57823
4 3535 1.63483
38 3536 1.68564
57 3538 1.70997
59 3539 1.72974
26 3540 1.75369
49 3542 1.81656
50 3543 1.8406
31 3545 1.91773
28 3546 1.93007
16 3547 1.95491
42 3548 1.98738
9 3550 1.9983
45 3551 2.02481
34 3552 2.07723
37 3554 2.13014
30 3555 2.13412
46 3556 2.1672
53 3557 2.17375
54 3559 2.21065
18 3560 2.22698
23 3561 2.23717
27 3562 2.25885
29 3563 2.28571
12 3565 2.31828
20 3566 2.36379
6 3567 2.38483
55 3569 2.39856
11 3570 2.40899
58 3573 2.68116
39 3575 2.70884
24 3576 2.70892
3 3577 2.74838
13 3579 2.8206
5 3580 2.83202
19 3581 2.84658
10 3582 2.87926
33 3583 2.88591
2 3585 2.95124
14 3586 2.95643
52 3587 2.96389
56 3588 2.96566
