12 2779 0 100 88863372 1.72422 1.72422
15 2792 0 100 121538798 2.42422 2.42422
11 2783 0 100 121565240 2.62422 2.62422
1 2774 0 100 121544288 2.72422 2.72422
13 2777 0 100 154280032 2.72422 2.72422
8 2791 0 100 56206650 2.92422 2.92422
17 2807 0 100 121542674 2.92422 2.92422
4 2808 0 100 121536404 3.02422 3.02422
19 2793 0 100 121573856 3.02422 3.02422
14 2771 0 100 121555076 3.12422 3.12422
6 2784 0 100 154300480 3.32422 3.32422
16 2796 0 100 88858784 4.02422 4.02422
2 2780 0 100 88872764 4.52422 4.52422
3 2804 0 100 56208110 4.72422 4.72422
20 2781 0 100 88853308 4.82422 4.82422
9 2786 0 100 88863464 5.32422 5.32422
5 2802 0 100 88845128 5.52422 5.52422
7 2797 0 100 88866340 6.82422 6.82422
10 2799 0 100 88846664 7.42422 7.42422
18 2805 0 100 88856320 7.42422 7.42422
