0 3930
0 3931
0 3932
0 3933
0 3934
0 3935
0 3936
0 3937
0 3938
0 3939
0 3941
0 3945
0 3949
0 3954
0 3961
69 3943
0 3967
0 3976
28 3975
0 3983
35 3982
1 3948
0 3986
23 3963
54 3985
0 3989
0 3994
76 3964
33 3955
0 3998
78 3947
0 4008
51 3995
0 4010
0 4015
5 4013
12 3958
0 4018
42 4007
61 3979
0 4021
55 3987
49 4014
0 4029
79 3978
0 4032
17 3953
0 4038
37 4030
80 3981
0 4040
10 3968
0 4041
6 4006
46 3950
0 4042
47 3946
0 4043
25 4031
67 3992
0 4044
22 3952
45 4028
75 3942
0 4045
64 3988
39 3973
0 4046
8 4004
56 3940
0 4047
0 4048
0 4049
53 4025
44 4020
0 4050
58 3974
0 4051
0 4052
11 4037
0 4053
24 3965
26 4003
21 4017
0 4054
0 4055
74 3956
20 3997
27 4001
0 4056
43 4035
13 3951
0 4057
65 4034
0 4058
0 4059
59 3991
4 3993
0 4060
60 4009
3 3971
15 3944
0 4061
0 4062
0 4063
32 3980
0 4064
0 4065
66 4036
52 3972
0 4066
36 3966
68 4022
9 3969
40 4011
0 4067
30 4033
0 4068
19 4019
31 3990
0 4069
77 3962
50 4012
38 4016
0 4070
34 3999
18 4000
0 4071
62 3996
2 3957
72 3959
0 4072
14 4002
0 4073
73 3970
0 4074
16 3960
0 4075
29 3977
0 4076
48 3984
0 4077
0 4078
71 4023
70 4005
0 4079
0 4080
0 4081
0 4082
57 4027
0 4083
0 4084
0 4085
41 4039
0 4086
63 4026
0 4087
7 4024
0 4088
0 4089
0 4090
0 4091
0 4092
0 4093
0 4094
0 4095
0 4096
0 4097
0 4098
0 4099
0 4100
0 4101
0 4102
0 4103
0 4104
0 4105
0 4106
0 4107
0 4108
0 4109
0 4110
0 4111
0 4112
0 4113
0 4114
0 4115
0 4116
0 4117
0 4118
0 4119
0 4120
0 4121
0 4122
0 4123
0 4124
0 4125
0 4126
0 4127
0 4128
0 4129
0 4130
0 4131
0 4132
0 4133
0 4134
0 4135
0 4136
0 4137
0 4138
0 4139
0 4140
0 4141
0 4142
0 4143
0 4144
0 4145
0 4146
0 4147
0 4148
0 4149
0 4150
0 4151
0 4152
0 4153
0 4154
0 4155
0 4156
0 4157
0 4158
0 4159
