17 4171 0 100 88866952 1.08084 1.08084
85 4174 0 100 121552922 1.58084 1.58084
16 4176 0 100 154273944 1.88084 1.88084
46 4215 0 100 56207176 1.98084 1.98084
50 4180 0 100 154289712 1.98084 1.98084
76 4207 0 100 88855448 2.28084 2.28084
13 4202 0 100 56196612 2.38084 2.38084
49 4235 0 100 56208068 2.48084 2.48084
54 4246 0 100 88865288 2.48084 2.48084
71 4216 0 100 88868120 2.48084 2.48084
34 4185 0 100 121544270 2.58084 2.58084
7 4254 0 100 121569758 2.68084 2.68084
89 4181 0 100 154249000 2.68084 2.68084
31 4196 0 100 121542674 2.78084 2.78084
84 4170 0 100 121561244 3.08084 3.08084
77 4250 0 100 88868184 3.18084 3.18084
22 4188 0 100 88873792 3.28084 3.28084
87 4233 0 100 121549826 3.28084 3.28084
61 4247 0 100 121552250 3.38084 3.38084
23 4237 0 100 121563488 3.38084 3.38084
24 4253 0 100 154283800 3.38084 3.38084
32 4230 0 100 88875480 3.48084 3.48084
9 4182 0 100 121530476 3.48084 3.48084
81 4178 0 100 154298632 3.48084 3.48084
19 4194 0 100 121567736 3.58084 3.58084
79 4218 0 100 154255552 3.58084 3.58084
2 4209 0 100 154305624 3.58084 3.58084
21 4222 0 100 56200636 3.68084 3.68084
70 4249 0 100 121574666 3.68084 3.68084
47 4190 0 100 88869456 3.78084 3.78084
30 4274 0 100 121564652 3.78084 3.78084
40 4259 0 100 88875020 4.08084 4.08084
20 4245 0 100 121558562 4.08084 4.08084
43 4219 0 100 121570148 4.08084 4.08084
88 4217 0 100 154296704 4.08084 4.08084
56 4220 0 100 154258832 4.18084 4.18084
86 4211 0 100 88859624 4.28084 4.28084
57 4264 0 100 121555088 4.28084 4.28084
74 4243 0 100 121574024 4.38084 4.38084
36 4189 0 100 154295360 4.38084 4.38084
64 4227 0 100 88857492 4.48084 4.48084
41 4236 0 100 121551824 4.48084 4.48084
68 4241 0 100 121555520 4.48084 4.48084
90 4255 0 100 154271208 4.68084 4.68084
73 4183 0 100 121571954 4.78084 4.78084
27 4267 0 100 121555586 4.88084 4.88084
51 4213 0 100 154270352 4.88084 4.88084
82 4186 0 100 88859736 4.98084 4.98084
45 4244 0 100 154300264 5.28084 5.28084
62 4203 0 100 56208278 5.38084 5.38084
39 4263 0 100 88859232 5.38084 5.38084
52 4206 0 100 121550540 5.38084 5.38084
14 4193 0 100 154250264 5.38084 5.38084
72 4191 0 100 154274200 5.38084 5.38084
26 4273 0 100 88862244 5.48084 5.48084
6 4208 0 100 154282288 5.48084 5.48084
29 4205 0 100 56208594 5.68084 5.68084
75 4272 0 100 88859404 5.68084 5.68084
12 4212 0 100 121535276 5.68084 5.68084
5 4177 0 100 121568096 5.68084 5.68084
67 4261 0 100 88855188 5.78084 5.78084
38 4195 0 100 154260024 5.78084 5.78084
58 4201 0 100 88859580 5.88084 5.88084
18 4199 0 100 121540256 6.08084 6.08084
15 4256 0 100 121560488 6.08084 6.08084
4 4270 0 100 88848972 6.18084 6.18084
8 4173 0 100 88859844 6.18084 6.18084
60 4175 0 100 121574306 6.18084 6.18084
55 4251 0 100 154266056 6.28084 6.28084
69 4198 0 100 121561520 6.38084 6.38084
53 4187 0 100 121571582 6.38084 6.38084
65 4232 0 100 154293064 6.38084 6.38084
44 4229 0 100 88864104 6.48084 6.48084
28 4239 0 100 154289256 6.68084 6.68084
1 4266 0 100 121532288 6.78084 6.78084
35 4276 0 100 56203276 6.88084 6.88084
66 4231 0 100 154279240 6.88084 6.88084
78 4258 0 100 154289640 6.88084 6.88084
3 4271 0 100 154271608 6.98084 6.98084
33 4223 0 100 154284072 6.98084 6.98084
11 4277 0 100 121550672 7.08084 7.08084
37 4278 0 100 154245448 7.08084 7.08084
42 4265 0 100 56199022 7.38084 7.38084
80 4262 0 100 121560674 7.68084 7.68084
