69 0.8 0.016 0.784
69 0.784 0.16 0.624
28 0.8 0.016 0.784
28 0.784 0.16 0.624
1 0.8 0.16 0.64
1 0.710156 0.016 0.694156
35 0.8 0.016 0.784
35 0.784 0.16 0.624
1 0.694156 0.16 0.534156
1 0.534156 0.16 0.374156
23 0.8 0.16 0.64
23 0.716442 0.016 0.700442
54 0.8 0.016 0.784
23 0.700442 0.16 0.540442
54 0.784 0.16 0.624
33 0.8 0.016 0.784
76 0.8 0.016 0.784
76 0.784 0.16 0.624
33 0.784 0.16 0.624
78 0.8 0.16 0.64
33 0.624 0.16 0.464
78 0.64 0.16 0.48
78 0.557072 0.016 0.541072
78 0.541072 0.16 0.381072
51 0.8 0.016 0.784
51 0.784 0.16 0.624
5 0.8 0.016 0.784
12 0.8 0.016 0.784
5 0.784 0.16 0.624
12 0.784 0.16 0.624
42 0.8 0.16 0.64
61 0.8 0.16 0.64
42 0.714841 0.016 0.698841
61 0.711655 0.016 0.695655
42 0.698841 0.16 0.538841
55 0.8 0.16 0.64
61 0.695655 0.16 0.535655
61 0.535655 0.16 0.375655
49 0.8 0.016 0.784
55 0.718691 0.016 0.702691
55 0.702691 0.16 0.542691
49 0.784 0.16 0.624
79 0.8 0.16 0.64
49 0.624 0.16 0.464
79 0.64 0.16 0.48
79 0.551908 0.016 0.535908
79 0.535908 0.16 0.375908
17 0.8 0.016 0.784
17 0.784 0.16 0.624
37 0.8 0.16 0.64
80 0.8 0.16 0.64
37 0.714392 0.016 0.698392
80 0.711249 0.016 0.695249
37 0.698392 0.16 0.538392
10 0.8 0.16 0.64
80 0.695249 0.16 0.535249
80 0.535249 0.16 0.375249
10 0.64 0.16 0.48
10 0.55745 0.016 0.54145
10 0.54145 0.16 0.38145
6 0.8 0.016 0.784
46 0.8 0.016 0.784
6 0.784 0.16 0.624
46 0.784 0.16 0.624
46 0.624 0.16 0.464
47 0.8 0.016 0.784
47 0.784 0.16 0.624
22 0.8 0.16 0.64
25 0.8 0.16 0.64
67 0.8 0.16 0.64
25 0.714319 0.016 0.698319
67 0.713615 0.016 0.697615
25 0.698319 0.16 0.538319
22 0.718055 0.16 0.558055
67 0.697615 0.16 0.537615
67 0.537615 0.16 0.377615
22 0.558055 0.16 0.398055
45 0.8 0.16 0.64
75 0.8 0.16 0.64
22 0.4722 0.016 0.4562
45 0.710642 0.016 0.694642
75 0.715449 0.016 0.699449
22 0.4562 0.16 0.2962
45 0.694642 0.16 0.534642
75 0.699449 0.16 0.539449
45 0.534642 0.16 0.374642
75 0.539449 0.16 0.379449
39 0.8 0.16 0.64
64 0.8 0.16 0.64
39 0.718014 0.016 0.702014
64 0.71285 0.016 0.69685
64 0.69685 0.16 0.53685
8 0.8 0.16 0.64
39 0.702014 0.16 0.542014
56 0.8 0.16 0.64
39 0.542014 0.16 0.382014
8 0.64 0.16 0.48
56 0.64 0.16 0.48
8 0.559777 0.016 0.543777
56 0.551886 0.016 0.535886
8 0.543777 0.16 0.383777
56 0.535886 0.16 0.375886
44 0.8 0.016 0.784
53 0.8 0.016 0.784
53 0.784 0.16 0.624
44 0.784 0.16 0.624
44 0.624 0.16 0.464
58 0.8 0.016 0.784
58 0.784 0.16 0.624
11 0.8 0.016 0.784
11 0.784 0.16 0.624
21 0.8 0.16 0.64
24 0.8 0.16 0.64
26 0.8 0.16 0.64
21 0.718077 0.016 0.702077
24 0.717767 0.016 0.701767
26 0.718695 0.016 0.702695
24 0.701767 0.16 0.541767
21 0.702077 0.16 0.542077
26 0.702695 0.16 0.542695
26 0.542695 0.16 0.382695
21 0.542077 0.16 0.382077
21 0.382077 0.16 0.222077
20 0.8 0.016 0.784
27 0.8 0.016 0.784
74 0.8 0.016 0.784
74 0.784 0.16 0.624
20 0.784 0.16 0.624
27 0.784 0.16 0.624
20 0.624 0.16 0.464
13 0.8 0.16 0.64
27 0.624 0.16 0.464
43 0.8 0.16 0.64
27 0.464 0.16 0.304
13 0.64 0.16 0.48
43 0.64 0.16 0.48
13 0.559117 0.016 0.543117
43 0.556739 0.016 0.540739
43 0.540739 0.16 0.380739
13 0.543117 0.16 0.383117
65 0.8 0.016 0.784
65 0.784 0.16 0.624
4 0.8 0.016 0.784
59 0.8 0.016 0.784
59 0.784 0.16 0.624
4 0.784 0.16 0.624
3 0.8 0.016 0.784
15 0.8 0.016 0.784
60 0.8 0.016 0.784
60 0.784 0.16 0.624
3 0.784 0.16 0.624
15 0.784 0.16 0.624
3 0.624 0.16 0.464
15 0.624 0.16 0.464
32 0.8 0.016 0.784
32 0.784 0.16 0.624
52 0.8 0.016 0.784
66 0.8 0.016 0.784
66 0.784 0.16 0.624
52 0.784 0.16 0.624
9 0.8 0.16 0.64
36 0.8 0.16 0.64
68 0.8 0.16 0.64
9 0.64 0.16 0.48
36 0.64 0.16 0.48
68 0.64 0.16 0.48
9 0.552549 0.016 0.536549
36 0.552666 0.016 0.536666
40 0.8 0.016 0.784
68 0.554952 0.016 0.538952
36 0.536666 0.16 0.376666
9 0.536549 0.16 0.376549
40 0.784 0.16 0.624
68 0.538952 0.16 0.378952
68 0.378952 0.16 0.218952
9 0.376549 0.16 0.216549
40 0.624 0.16 0.464
9 0.216549 0.16 0.0565488
40 0.464 0.16 0.304
40 0.304 0.16 0.144
30 0.8 0.16 0.64
30 0.718664 0.016 0.702664
30 0.702664 0.16 0.542664
19 0.8 0.16 0.64
31 0.8 0.16 0.64
19 0.715164 0.016 0.699164
31 0.716876 0.016 0.700876
19 0.699164 0.16 0.539164
31 0.700876 0.16 0.540876
77 0.8 0.16 0.64
31 0.540876 0.16 0.380876
38 0.8 0.16 0.64
77 0.64 0.16 0.48
38 0.716876 0.016 0.700876
50 0.8 0.016 0.784
77 0.55578 0.016 0.53978
77 0.53978 0.16 0.37978
34 0.8 0.16 0.64
38 0.700876 0.16 0.540876
50 0.784 0.16 0.624
50 0.624 0.16 0.464
18 0.8 0.16 0.64
34 0.64 0.16 0.48
38 0.540876 0.16 0.380876
38 0.380876 0.16 0.220876
18 0.64 0.16 0.48
34 0.48 0.16 0.32
18 0.557653 0.016 0.541653
34 0.397172 0.016 0.381172
34 0.381172 0.16 0.221172
18 0.541653 0.16 0.381653
62 0.8 0.16 0.64
18 0.381653 0.16 0.221653
2 0.8 0.16 0.64
62 0.64 0.16 0.48
72 0.8 0.16 0.64
2 0.711693 0.016 0.695693
62 0.554594 0.016 0.538594
72 0.714456 0.016 0.698456
62 0.538594 0.16 0.378594
2 0.695693 0.16 0.535693
72 0.698456 0.16 0.538456
14 0.8 0.16 0.64
14 0.64 0.16 0.48
14 0.48 0.16 0.32
14 0.397412 0.016 0.381412
14 0.381412 0.16 0.221412
73 0.8 0.016 0.784
73 0.784 0.16 0.624
16 0.8 0.16 0.64
16 0.715417 0.016 0.699417
16 0.699417 0.16 0.539417
29 0.8 0.16 0.64
29 0.711716 0.016 0.695716
29 0.695716 0.16 0.535716
48 0.8 0.016 0.784
48 0.784 0.16 0.624
70 0.8 0.016 0.784
71 0.8 0.016 0.784
71 0.784 0.16 0.624
70 0.784 0.16 0.624
70 0.624 0.16 0.464
57 0.8 0.016 0.784
57 0.784 0.16 0.624
41 0.8 0.016 0.784
41 0.784 0.16 0.624
63 0.8 0.16 0.64
63 0.717419 0.016 0.701419
63 0.701419 0.16 0.541419
7 0.8 0.16 0.64
7 0.717811 0.016 0.701811
7 0.701811 0.16 0.541811
