0 3300
0 3301
0 3302
0 3303
0 3304
0 3305
0 3306
0 3307
0 3308
0 3309
0 3311
0 3314
21 3313
0 3319
0 3323
47 3317
0 3324
0 3328
0 3331
0 3333
0 3335
0 3336
0 3341
0 3348
0 3350
0 3353
0 3358
0 3360
36 3338
41 3359
0 3365
0 3369
49 3320
28 3346
0 3374
2 3318
30 3321
0 3377
22 3368
20 3339
0 3380
4 3347
0 3381
0 3382
0 3383
29 3312
0 3384
18 3316
0 3385
8 3352
16 3379
0 3386
24 3363
0 3387
0 3388
0 3389
43 3343
0 3390
6 3364
5 3378
44 3375
17 3366
0 3391
31 3362
34 3351
7 3361
40 3334
0 3392
9 3327
0 3393
0 3394
23 3349
0 3395
0 3396
10 3337
25 3373
0 3397
0 3398
42 3325
33 3326
0 3399
0 3400
0 3401
0 3402
0 3403
0 3404
38 3340
0 3405
32 3345
0 3406
0 3407
13 3322
50 3310
14 3371
0 3408
12 3356
0 3409
45 3315
0 3410
46 3344
26 3329
0 3411
11 3330
0 3412
1 3332
19 3367
0 3413
0 3414
27 3376
0 3415
48 3355
0 3416
39 3370
0 3417
0 3418
0 3419
37 3342
0 3420
3 3357
0 3421
0 3422
15 3354
0 3423
0 3424
0 3425
0 3426
0 3427
0 3428
35 3372
0 3429
0 3430
0 3431
0 3432
0 3433
0 3434
0 3435
0 3436
0 3437
0 3438
0 3439
0 3440
0 3441
0 3442
0 3443
0 3444
0 3445
0 3446
0 3447
0 3448
0 3449
0 3450
0 3451
0 3452
0 3453
0 3454
0 3455
0 3456
0 3457
0 3458
0 3459
0 3460
0 3461
0 3462
0 3463
0 3464
0 3465
0 3466
0 3467
0 3468
0 3469
0 3470
0 3471
0 3472
0 3473
0 3474
0 3475
0 3476
0 3477
0 3478
0 3479
0 3480
0 3481
0 3482
0 3483
0 3484
0 3485
0 3486
0 3487
0 3488
0 3489
0 3490
0 3491
0 3492
0 3493
0 3494
0 3495
0 3496
0 3497
0 3498
0 3499
