21 0.8 0.016 0.784
21 0.784 0.16 0.624
47 0.8 0.016 0.784
47 0.784 0.16 0.624
36 0.8 0.016 0.784
41 0.8 0.016 0.784
36 0.784 0.16 0.624
41 0.784 0.16 0.624
41 0.624 0.16 0.464
49 0.8 0.16 0.64
28 0.8 0.016 0.784
49 0.788878 0.016 0.772878
49 0.772878 0.16 0.612878
28 0.784 0.16 0.624
2 0.8 0.16 0.64
2 0.717793 0.016 0.701793
30 0.8 0.016 0.784
2 0.701793 0.16 0.541793
30 0.784 0.16 0.624
20 0.8 0.016 0.784
22 0.8 0.016 0.784
22 0.784 0.16 0.624
20 0.784 0.16 0.624
4 0.8 0.16 0.64
4 0.64 0.16 0.48
4 0.556522 0.016 0.540522
4 0.540522 0.16 0.380522
29 0.8 0.016 0.784
29 0.784 0.16 0.624
18 0.8 0.16 0.64
18 0.71332 0.016 0.69732
18 0.69732 0.16 0.53732
8 0.8 0.16 0.64
8 0.718198 0.016 0.702198
16 0.8 0.016 0.784
8 0.702198 0.16 0.542198
16 0.784 0.16 0.624
24 0.8 0.16 0.64
16 0.624 0.16 0.464
24 0.64 0.16 0.48
24 0.555524 0.016 0.539524
24 0.539524 0.16 0.379524
43 0.8 0.016 0.784
43 0.784 0.16 0.624
5 0.8 0.16 0.64
6 0.8 0.16 0.64
5 0.710471 0.016 0.694471
6 0.711551 0.016 0.695551
17 0.8 0.016 0.784
44 0.8 0.016 0.784
6 0.695551 0.16 0.535551
5 0.694471 0.16 0.534471
17 0.784 0.16 0.624
31 0.8 0.16 0.64
44 0.784 0.16 0.624
5 0.534471 0.16 0.374471
44 0.624 0.16 0.464
17 0.624 0.16 0.464
31 0.64 0.16 0.48
34 0.8 0.16 0.64
17 0.464 0.16 0.304
31 0.48 0.16 0.32
34 0.64 0.16 0.48
17 0.304 0.16 0.144
7 0.8 0.16 0.64
31 0.32 0.16 0.16
34 0.48 0.16 0.32
40 0.8 0.16 0.64
7 0.717872 0.016 0.701872
31 0.230025 0.016 0.214025
34 0.39244 0.016 0.37644
40 0.710213 0.016 0.694213
31 0.214025 0.16 0.0540249
7 0.701872 0.16 0.541872
34 0.37644 0.16 0.21644
40 0.694213 0.16 0.534213
34 0.21644 0.16 0.0564405
7 0.541872 0.16 0.381872
40 0.534213 0.16 0.374213
7 0.381872 0.16 0.221872
40 0.374213 0.16 0.214213
9 0.8 0.16 0.64
9 0.64 0.16 0.48
9 0.557867 0.016 0.541867
9 0.541867 0.16 0.381867
23 0.8 0.016 0.784
23 0.784 0.16 0.624
10 0.8 0.016 0.784
25 0.8 0.016 0.784
10 0.784 0.16 0.624
25 0.784 0.16 0.624
33 0.8 0.016 0.784
42 0.8 0.016 0.784
42 0.784 0.16 0.624
33 0.784 0.16 0.624
33 0.624 0.16 0.464
38 0.8 0.016 0.784
38 0.784 0.16 0.624
32 0.8 0.16 0.64
32 0.711765 0.016 0.695765
32 0.695765 0.16 0.535765
13 0.8 0.016 0.784
14 0.8 0.016 0.784
50 0.8 0.016 0.784
13 0.784 0.16 0.624
14 0.784 0.16 0.624
50 0.784 0.16 0.624
50 0.624 0.16 0.464
14 0.624 0.16 0.464
12 0.8 0.16 0.64
12 0.712511 0.016 0.696511
12 0.696511 0.16 0.536511
26 0.8 0.16 0.64
45 0.8 0.16 0.64
46 0.8 0.16 0.64
45 0.716175 0.016 0.700175
45 0.700175 0.16 0.540175
26 0.719123 0.16 0.559123
46 0.713011 0.16 0.553011
26 0.639082 0.016 0.623082
46 0.627808 0.016 0.611808
46 0.611808 0.16 0.451808
26 0.623082 0.16 0.463082
26 0.463082 0.16 0.303082
11 0.8 0.016 0.784
11 0.784 0.16 0.624
1 0.8 0.16 0.64
19 0.8 0.16 0.64
1 0.714118 0.016 0.698118
19 0.712125 0.016 0.696125
1 0.698118 0.16 0.538118
19 0.696125 0.16 0.536125
19 0.536125 0.16 0.376125
27 0.8 0.016 0.784
27 0.784 0.16 0.624
48 0.8 0.016 0.784
48 0.784 0.16 0.624
39 0.8 0.016 0.784
39 0.784 0.16 0.624
37 0.8 0.016 0.784
37 0.784 0.16 0.624
3 0.8 0.016 0.784
3 0.784 0.16 0.624
15 0.8 0.016 0.784
15 0.784 0.16 0.624
35 0.8 0.016 0.784
35 0.784 0.16 0.624
