16 3720 1.05148
44 3722 1.14332
13 3723 1.18824
17 3725 1.20857
15 3726 1.2104
7 3728 1.32458
50 3729 1.35729
38 3730 1.36922
10 3732 1.40309
25 3733 1.40656
41 3734 1.40954
23 3735 1.43276
66 3736 1.43897
30 3737 1.44766
4 3738 1.48278
27 3740 1.56613
24 3741 1.57422
56 3742 1.58536
1 3743 1.59195
37 3745 1.59829
70 3747 1.70564
2 3748 1.72011
52 3749 1.73513
69 3750 1.75174
22 3751 1.76762
51 3753 1.80239
14 3754 1.83847
21 3756 1.9402
8 3757 1.96744
45 3758 1.96763
19 3760 2.00569
34 3761 2.02197
47 3762 2.05744
49 3763 2.06113
57 3765 2.10949
33 3766 2.12105
9 3767 2.1287
12 3768 2.18334
42 3769 2.19325
5 3771 2.2243
26 3772 2.26663
60 3773 2.27871
31 3775 2.31693
55 3776 2.31868
6 3777 2.35015
61 3778 2.3714
63 3779 2.37416
28 3780 2.37648
46 3782 2.41081
18 3783 2.42193
67 3785 2.50259
54 3786 2.53128
11 3787 2.56959
53 3788 2.57881
59 3789 2.58818
62 3791 2.59652
48 3792 2.67638
65 3794 2.69879
68 3795 2.73426
36 3796 2.7349
32 3797 2.74488
40 3798 2.79495
43 3800 2.80818
35 3801 2.88472
20 3803 2.92744
29 3804 2.93338
3 3805 2.93563
64 3806 2.97852
39 3807 2.98279
58 3808 2.99237
