63 1670 1.02406
11 1672 1.07227
37 1673 1.13217
53 1675 1.15611
52 1676 1.2221
58 1678 1.2782
13 1679 1.30955
43 1680 1.32628
15 1682 1.34233
50 1683 1.34636
68 1684 1.36601
42 1685 1.41542
67 1686 1.43132
20 1688 1.444
41 1689 1.47884
31 1691 1.5487
38 1692 1.59413
10 1693 1.60485
19 1695 1.69275
29 1696 1.71794
35 1697 1.73739
60 1698 1.73903
7 1700 1.75695
28 1701 1.75998
18 1702 1.78504
34 1703 1.78679
57 1704 1.78775
25 1705 1.81937
46 1707 1.86941
26 1708 1.89188
44 1709 1.90066
47 1710 1.91942
24 1711 1.92403
6 1713 1.94126
55 1714 1.99052
51 1715 1.99623
1 1716 2.01403
48 1717 2.0243
70 1718 2.03246
22 1720 2.05788
54 1721 2.08306
59 1723 2.20732
62 1724 2.22188
17 1725 2.2303
12 1727 2.27633
4 1728 2.29342
3 1730 2.38829
64 1731 2.43199
9 1733 2.44285
61 1734 2.4582
16 1735 2.45966
45 1736 2.47541
8 1737 2.486
33 1738 2.50895
56 1739 2.54026
65 1741 2.55251
27 1742 2.6194
21 1743 2.63243
40 1744 2.63611
66 1745 2.63878
49 1748 2.76973
36 1749 2.78689
23 1750 2.82562
32 1752 2.84461
14 1753 2.85423
30 1754 2.85429
39 1755 2.92416
69 1756 2.93013
2 1758 2.94758
5 1759 2.98587
