0 2110
0 2111
0 2112
0 2113
0 2114
0 2115
0 2116
0 2117
0 2118
0 2119
0 2122
0 2129
0 2135
0 2138
0 2143
1 2130
16 2142
0 2149
88 2132
0 2158
0 2166
10 2159
0 2172
30 2146
0 2176
20 2174
0 2180
0 2185
11 2141
18 2182
0 2192
46 2163
0 2195
67 2188
0 2197
61 2145
0 2202
0 2211
85 2209
0 2214
9 2196
42 2144
0 2219
28 2167
38 2147
36 2150
39 2139
4 2123
0 2224
23 2153
49 2175
0 2230
65 2218
0 2231
64 2193
0 2232
82 2164
0 2233
40 2133
81 2131
29 2154
75 2177
79 2228
77 2173
0 2234
0 2235
0 2236
54 2126
45 2151
0 2237
26 2206
66 2160
78 2134
0 2238
25 2183
0 2239
56 2208
0 2240
7 2187
5 2157
44 2165
0 2241
90 2121
71 2137
0 2242
74 2169
35 2191
0 2243
0 2244
41 2124
15 2128
0 2245
34 2161
0 2246
0 2247
48 2215
70 2155
0 2248
14 2127
47 2148
0 2249
0 2250
6 2220
80 2204
53 2120
87 2216
0 2251
0 2252
0 2253
55 2221
0 2254
19 2213
84 2178
0 2255
22 2186
31 2179
0 2256
3 2198
8 2194
59 2140
0 2257
86 2200
0 2258
50 2168
89 2125
27 2217
62 2201
0 2259
58 2212
73 2189
12 2184
0 2260
0 2261
2 2152
0 2262
17 2136
32 2223
0 2263
0 2264
52 2229
63 2190
68 2156
21 2199
0 2265
0 2266
76 2207
0 2267
72 2162
0 2268
13 2170
37 2171
51 2181
0 2269
0 2270
57 2205
60 2226
0 2271
33 2210
0 2272
0 2273
0 2274
24 2203
0 2275
0 2276
43 2222
0 2277
0 2278
0 2279
83 2227
0 2280
69 2225
0 2281
0 2282
0 2283
0 2284
0 2285
0 2286
0 2287
0 2288
0 2289
0 2290
0 2291
0 2292
0 2293
0 2294
0 2295
0 2296
0 2297
0 2298
0 2299
0 2300
0 2301
0 2302
0 2303
0 2304
0 2305
0 2306
0 2307
0 2308
0 2309
0 2310
0 2311
0 2312
0 2313
0 2314
0 2315
0 2316
0 2317
0 2318
0 2319
0 2320
0 2321
0 2322
0 2323
0 2324
0 2325
0 2326
0 2327
0 2328
0 2329
0 2330
0 2331
0 2332
0 2333
0 2334
0 2335
0 2336
0 2337
0 2338
0 2339
0 2340
0 2341
0 2342
0 2343
0 2344
0 2345
0 2346
0 2347
0 2348
0 2349
