0 1880
0 1881
0 1882
0 1883
0 1884
0 1885
0 1886
0 1887
0 1888
0 1889
0 1891
0 1897
0 1904
0 1910
0 1913
61 1898
0 1920
0 1922
71 1892
0 1927
0 1932
64 1899
0 1937
14 1901
53 1925
18 1896
0 1943
70 1906
0 1948
0 1949
0 1954
55 1951
26 1944
59 1915
0 1962
28 1945
0 1967
31 1938
35 1960
0 1973
34 1942
0 1979
62 1903
0 1983
29 1971
16 1907
23 1961
75 1969
0 1988
76 1959
33 1930
0 1990
73 1934
68 1911
0 1991
65 1955
0 1992
11 1936
0 1993
0 1994
52 1985
77 1908
0 1995
0 1996
40 1917
37 1895
43 1964
63 1928
0 1997
48 1957
0 1998
0 1999
60 1970
0 2000
0 2001
50 1912
0 2002
0 2003
74 1894
0 2004
3 1902
0 2005
36 1980
10 1924
27 1989
4 1893
0 2006
79 1900
0 2007
0 2008
21 1952
67 1923
0 2009
0 2010
0 2011
41 1905
0 2012
41 1905
0 2013
57 1909
0 2014
51 1976
69 1940
7 1977
0 2015
42 1931
39 1914
30 1919
24 1958
0 2016
0 2017
78 1939
0 2018
56 1987
54 1974
20 1947
25 1984
0 2019
15 1918
66 1986
5 1981
0 2020
9 1935
46 1965
6 1978
13 1929
80 1890
0 2021
17 1953
0 2022
19 1950
0 2023
0 2024
72 1916
0 2025
8 1968
22 1921
44 1941
0 2026
58 1946
22 1921
0 2027
38 1933
49 1926
0 2028
0 2029
0 2030
0 2031
1 1982
2 1966
0 2032
47 1963
0 2033
12 1975
0 2034
0 2035
32 1956
0 2036
0 2037
45 1972
0 2038
0 2039
0 2040
0 2041
0 2042
0 2043
0 2044
0 2045
0 2046
0 2047
0 2048
0 2049
0 2050
0 2051
0 2052
0 2053
0 2054
0 2055
0 2056
0 2057
0 2058
0 2059
0 2060
0 2061
0 2062
0 2063
0 2064
0 2065
0 2066
0 2067
0 2068
0 2069
0 2070
0 2071
0 2072
0 2073
0 2074
0 2075
0 2076
0 2077
0 2078
0 2079
0 2080
0 2081
0 2082
0 2083
0 2084
0 2085
0 2086
0 2087
0 2088
0 2089
0 2090
0 2091
0 2092
0 2093
0 2094
0 2095
0 2096
0 2097
0 2098
0 2099
0 2100
0 2101
0 2102
0 2103
0 2104
0 2105
0 2106
0 2107
0 2108
0 2109
