63 1670 0 100 32640932 1.2412 1.2412
67 1686 0 100 32667764 1.4412 1.4412
37 1673 0 100 32643318 1.5412 1.5412
28 1701 0 100 32660898 2.0412 2.0412
55 1714 0 100 32666582 2.0412 2.0412
54 1721 0 100 32680816 2.1412 2.1412
22 1720 0 100 32648320 2.2412 2.2412
59 1723 0 100 32663540 2.5412 2.5412
70 1718 0 100 32682436 2.7412 2.7412
44 1709 0 100 32679010 2.7412 2.7412
57 1704 0 100 32679420 2.8412 2.8412
26 1708 0 100 32668090 2.9412 2.9412
48 1717 0 100 32650304 3.0412 3.0412
58 1678 0 100 32630760 3.0412 3.0412
34 1703 0 100 32665058 3.1412 3.1412
14 1753 0 100 32635106 3.1412 3.1412
60 1698 0 100 32676998 3.2412 3.2412
61 1734 0 100 32666182 3.3412 3.3412
45 1736 0 100 32676768 3.5412 3.5412
68 1684 0 100 32651082 3.6412 3.6412
19 1695 0 100 32661328 3.6412 3.6412
3 1730 0 100 32634590 3.8412 3.8412
27 1742 0 100 32650996 3.9412 3.9412
15 1682 0 100 32656958 4.0412 4.0412
13 1679 0 100 32668004 4.0412 4.0412
1 1716 0 100 32678814 4.0412 4.0412
20 1688 0 100 32638538 4.1412 4.1412
36 1749 0 100 32646952 4.3412 4.3412
30 1754 0 100 32656594 4.4412 4.4412
7 1700 0 100 32655616 4.4412 4.4412
42 1685 0 100 32659500 4.4412 4.4412
8 1737 0 100 32660968 4.5412 4.5412
25 1705 0 100 32661200 4.6412 4.6412
64 1731 0 100 32676596 4.7412 4.7412
62 1724 0 100 32664958 4.8412 4.8412
53 1675 0 100 32644494 4.8412 4.8412
56 1739 0 100 32637444 4.9412 4.9412
6 1713 0 100 32647590 4.9412 4.9412
47 1710 0 100 32632450 4.9412 4.9412
4 1728 0 100 32674152 5.0412 5.0412
29 1696 0 100 32668946 5.4412 5.4412
31 1691 0 100 32641562 5.4412 5.4412
41 1689 0 100 32677746 5.8412 5.8412
46 1707 0 100 32666842 5.9412 5.9412
11 1672 0 100 32649640 6.0412 6.0412
49 1748 0 100 32653440 6.0412 6.0412
40 1744 0 100 32682440 6.0412 6.0412
12 1727 0 100 32652992 6.1412 6.1412
43 1680 0 100 32657770 6.1412 6.1412
21 1743 0 100 32637692 6.2412 6.2412
18 1702 0 100 32666828 6.3412 6.3412
51 1715 0 100 32673696 6.3412 6.3412
65 1741 0 100 32658782 6.4412 6.4412
50 1683 0 100 32663022 6.4412 6.4412
52 1676 0 100 32654612 6.4412 6.4412
38 1692 0 100 32667286 6.6412 6.6412
10 1693 0 100 32676750 6.6412 6.6412
35 1697 0 100 32660518 6.7412 6.7412
33 1738 0 100 32681156 6.8412 6.8412
32 1752 0 100 32675578 6.9412 6.9412
16 1735 0 100 32665918 7.2412 7.2412
69 1756 0 100 32656686 7.2412 7.2412
2 1758 0 100 32654620 7.3412 7.3412
39 1755 0 100 32681860 7.4412 7.4412
66 1745 0 100 32670894 7.5412 7.5412
23 1750 0 100 32637750 7.5412 7.5412
