63 0.8 0.016 0.784
63 0.784 0.16 0.624
67 0.8 0.016 0.784
67 0.784 0.16 0.624
37 0.8 0.16 0.64
37 0.711607 0.016 0.695607
37 0.695607 0.16 0.535607
28 0.8 0.016 0.784
55 0.8 0.016 0.784
28 0.784 0.16 0.624
55 0.784 0.16 0.624
54 0.8 0.016 0.784
54 0.784 0.16 0.624
22 0.8 0.016 0.784
22 0.784 0.16 0.624
59 0.8 0.016 0.784
59 0.784 0.16 0.624
24 0.8 0.016 0.784
44 0.8 0.016 0.784
70 0.8 0.016 0.784
24 0.784 0.16 0.624
70 0.784 0.16 0.624
44 0.784 0.16 0.624
57 0.8 0.16 0.64
57 0.64 0.16 0.48
57 0.553814 0.016 0.537814
57 0.537814 0.16 0.377814
26 0.8 0.16 0.64
58 0.8 0.16 0.64
26 0.712842 0.016 0.696842
26 0.696842 0.16 0.536842
48 0.8 0.16 0.64
58 0.711547 0.16 0.551547
48 0.716071 0.016 0.700071
58 0.623174 0.016 0.607174
48 0.700071 0.16 0.540071
58 0.607174 0.16 0.447174
14 0.8 0.16 0.64
34 0.8 0.16 0.64
14 0.64 0.16 0.48
14 0.554585 0.016 0.538585
34 0.71267 0.016 0.69667
34 0.69667 0.16 0.53667
14 0.538585 0.16 0.378585
60 0.8 0.016 0.784
60 0.784 0.16 0.624
9 0.8 0.16 0.64
61 0.8 0.16 0.64
9 0.712662 0.016 0.696662
61 0.71471 0.016 0.69871
9 0.696662 0.16 0.536662
61 0.69871 0.16 0.53871
45 0.8 0.016 0.784
45 0.784 0.16 0.624
19 0.8 0.16 0.64
68 0.8 0.16 0.64
19 0.714569 0.016 0.698569
68 0.71087 0.016 0.69487
68 0.69487 0.16 0.53487
19 0.698569 0.16 0.538569
3 0.8 0.016 0.784
3 0.784 0.16 0.624
27 0.8 0.16 0.64
27 0.719978 0.016 0.703978
27 0.703978 0.16 0.543978
13 0.8 0.16 0.64
1 0.8 0.016 0.784
13 0.715818 0.016 0.699818
15 0.8 0.016 0.784
15 0.784 0.16 0.624
13 0.699818 0.16 0.539818
1 0.784 0.16 0.624
20 0.8 0.16 0.64
20 0.64 0.16 0.48
20 0.48 0.16 0.32
20 0.390484 0.016 0.374484
20 0.374484 0.16 0.214484
36 0.8 0.016 0.784
36 0.784 0.16 0.624
7 0.8 0.16 0.64
30 0.8 0.16 0.64
7 0.716132 0.016 0.700132
30 0.713864 0.016 0.697864
42 0.8 0.016 0.784
30 0.697864 0.16 0.537864
7 0.700132 0.16 0.540132
42 0.784 0.16 0.624
8 0.8 0.16 0.64
8 0.64 0.16 0.48
8 0.48 0.16 0.32
8 0.397596 0.016 0.381596
8 0.381596 0.16 0.221596
25 0.8 0.16 0.64
25 0.71061 0.016 0.69461
25 0.69461 0.16 0.53461
64 0.8 0.016 0.784
64 0.784 0.16 0.624
53 0.8 0.16 0.64
56 0.8 0.16 0.64
62 0.8 0.16 0.64
53 0.713108 0.016 0.697108
62 0.716613 0.016 0.700613
62 0.700613 0.16 0.540613
53 0.697108 0.16 0.537108
6 0.8 0.16 0.64
47 0.8 0.16 0.64
56 0.71642 0.16 0.55642
6 0.64 0.16 0.48
47 0.64 0.16 0.48
56 0.55642 0.16 0.39642
6 0.553875 0.016 0.537875
47 0.55439 0.016 0.53839
56 0.468253 0.016 0.452253
56 0.452253 0.16 0.292253
6 0.537875 0.16 0.377875
47 0.53839 0.16 0.37839
4 0.8 0.016 0.784
4 0.784 0.16 0.624
29 0.8 0.016 0.784
31 0.8 0.016 0.784
29 0.784 0.16 0.624
31 0.784 0.16 0.624
41 0.8 0.016 0.784
41 0.784 0.16 0.624
46 0.8 0.16 0.64
46 0.718049 0.016 0.702049
46 0.702049 0.16 0.542049
5 0.8 0.16 0.64
11 0.8 0.16 0.64
40 0.8 0.16 0.64
43 0.8 0.16 0.64
49 0.8 0.16 0.64
5 0.714169 0.016 0.698169
11 0.714413 0.016 0.698413
40 0.719441 0.016 0.703441
49 0.71489 0.016 0.69889
11 0.698413 0.16 0.538413
5 0.698169 0.16 0.538169
49 0.69889 0.16 0.53889
40 0.703441 0.16 0.543441
12 0.8 0.16 0.64
43 0.715439 0.16 0.555439
12 0.64 0.16 0.48
43 0.555439 0.16 0.395439
12 0.48 0.16 0.32
43 0.395439 0.16 0.235439
12 0.398644 0.016 0.382644
43 0.307811 0.016 0.291811
12 0.382644 0.16 0.222644
43 0.291811 0.16 0.131811
21 0.8 0.016 0.784
21 0.784 0.16 0.624
17 0.8 0.016 0.784
18 0.8 0.016 0.784
51 0.8 0.016 0.784
17 0.784 0.16 0.624
18 0.784 0.16 0.624
51 0.784 0.16 0.624
50 0.8 0.16 0.64
52 0.8 0.16 0.64
65 0.8 0.16 0.64
50 0.64 0.16 0.48
52 0.64 0.16 0.48
65 0.64 0.16 0.48
50 0.552669 0.016 0.536669
52 0.550179 0.016 0.534179
65 0.550726 0.016 0.534726
65 0.534726 0.16 0.374726
50 0.536669 0.16 0.376669
52 0.534179 0.16 0.374179
10 0.8 0.016 0.784
38 0.8 0.016 0.784
38 0.784 0.16 0.624
10 0.784 0.16 0.624
35 0.8 0.16 0.64
35 0.64 0.16 0.48
35 0.558662 0.016 0.542662
35 0.542662 0.16 0.382662
33 0.8 0.016 0.784
33 0.784 0.16 0.624
32 0.8 0.16 0.64
32 0.711569 0.016 0.695569
32 0.695569 0.16 0.535569
16 0.8 0.016 0.784
69 0.8 0.016 0.784
16 0.784 0.16 0.624
69 0.784 0.16 0.624
2 0.8 0.16 0.64
2 0.64 0.16 0.48
2 0.551779 0.016 0.535779
2 0.535779 0.16 0.375779
39 0.8 0.016 0.784
39 0.784 0.16 0.624
23 0.8 0.16 0.64
66 0.8 0.16 0.64
23 0.714763 0.016 0.698763
66 0.719075 0.016 0.703075
66 0.703075 0.16 0.543075
23 0.698763 0.16 0.538763
