0 1060
0 1061
0 1062
0 1063
0 1064
0 1065
0 1066
0 1067
0 1068
0 1069
0 1073
0 1075
0 1081
0 1084
25 1071
0 1087
0 1090
0 1092
0 1096
12 1072
0 1098
5 1097
0 1101
4 1093
0 1104
0 1106
6 1083
0 1109
34 1102
35 1100
0 1112
0 1113
0 1118
0 1120
0 1125
33 1108
0 1127
2 1126
0 1129
37 1082
7 1074
13 1076
0 1130
0 1131
40 1124
0 1132
30 1078
0 1133
0 1134
17 1114
0 1135
15 1099
0 1136
0 1137
0 1138
18 1089
0 1139
0 1140
1 1085
0 1141
8 1080
0 1142
0 1143
19 1128
38 1122
0 1144
0 1145
0 1146
0 1147
16 1111
0 1148
21 1123
0 1149
10 1094
9 1091
0 1150
0 1151
0 1152
0 1153
36 1095
0 1154
0 1155
11 1103
39 1077
0 1156
0 1157
24 1079
0 1158
31 1107
0 1159
20 1088
3 1070
0 1160
0 1161
0 1162
0 1163
28 1086
0 1164
29 1110
0 1165
0 1166
0 1167
0 1168
0 1169
0 1170
32 1105
0 1171
0 1172
14 1121
0 1173
26 1116
23 1117
22 1115
0 1174
0 1175
0 1176
27 1119
0 1177
0 1178
0 1179
0 1180
0 1181
0 1182
0 1183
0 1184
0 1185
0 1186
0 1187
0 1188
0 1189
0 1190
0 1191
0 1192
0 1193
0 1194
0 1195
0 1196
0 1197
0 1198
0 1199
0 1200
0 1201
0 1202
0 1203
0 1204
0 1205
0 1206
0 1207
0 1208
0 1209
0 1210
0 1211
0 1212
0 1213
0 1214
0 1215
0 1216
0 1217
0 1218
0 1219
0 1220
0 1221
0 1222
0 1223
0 1224
0 1225
0 1226
0 1227
0 1228
0 1229
0 1230
0 1231
0 1232
0 1233
0 1234
0 1235
0 1236
0 1237
0 1238
0 1239
0 1240
0 1241
0 1242
0 1243
0 1244
0 1245
0 1246
0 1247
0 1248
0 1249
