14 1480 0 100 32652694 1.61914 1.61914
42 1461 0 100 32648294 1.81914 1.81914
2 1483 0 100 32628612 2.21914 2.21914
52 1492 0 100 32676804 2.21914 2.21914
6 1485 0 100 32664694 2.41914 2.41914
20 1501 0 100 32656324 2.41914 2.41914
32 1464 0 100 32668748 2.51914 2.51914
4 1462 0 100 32654382 2.71914 2.71914
10 1470 0 100 32667458 2.71914 2.71914
8 1472 0 100 32680358 2.71914 2.71914
44 1505 0 100 32656296 2.81914 2.81914
38 1519 0 100 32666418 2.91914 2.91914
58 1518 0 100 32649074 2.91914 2.91914
3 1512 0 100 32640554 3.01914 3.01914
56 1500 0 100 32660184 3.11914 3.11914
17 1473 0 100 32666194 3.31914 3.31914
54 1488 0 100 32669362 3.31914 3.31914
29 1529 0 100 32648806 3.41914 3.41914
22 1539 0 100 32670156 3.51914 3.51914
12 1510 0 100 32652740 3.51914 3.51914
50 1528 0 100 32655608 3.61914 3.61914
49 1515 0 100 32649548 3.71914 3.71914
35 1496 0 100 32659316 3.71914 3.71914
18 1499 0 100 32675038 3.81914 3.81914
34 1533 0 100 32674760 3.91914 3.91914
57 1504 0 100 32643038 4.01914 4.01914
55 1468 0 100 32672716 4.31914 4.31914
5 1471 0 100 32664314 4.41914 4.41914
31 1536 0 100 32654750 4.41914 4.41914
16 1466 0 100 32679590 4.51914 4.51914
1 1516 0 100 32635242 4.71914 4.71914
26 1522 0 100 32682338 4.71914 4.71914
19 1514 0 100 32653638 4.71914 4.71914
59 1530 0 100 32637616 5.01914 5.01914
24 1489 0 100 32624506 5.51914 5.51914
40 1493 0 100 32656152 5.51914 5.51914
53 1524 0 100 32663744 5.71914 5.71914
23 1506 0 100 32668210 5.71914 5.71914
9 1467 0 100 32648702 5.81914 5.81914
41 1484 0 100 32653496 5.91914 5.91914
28 1490 0 100 32629566 6.01914 6.01914
47 1463 0 100 32656284 6.01914 6.01914
30 1509 0 100 32635342 6.01914 6.01914
45 1486 0 100 32671850 6.21914 6.21914
60 1474 0 100 32676112 6.31914 6.31914
43 1481 0 100 32653152 6.41914 6.41914
48 1477 0 100 32625264 6.51914 6.51914
51 1503 0 100 32671516 6.51914 6.51914
11 1495 0 100 32673286 6.61914 6.61914
36 1498 0 100 32677088 6.91914 6.91914
37 1537 0 100 32655892 7.11914 7.11914
13 1520 0 100 32628446 7.21914 7.21914
7 1534 0 100 32650450 7.41914 7.41914
25 1527 0 100 32654210 7.41914 7.41914
33 1526 0 100 32649740 7.61914 7.61914
