39 2360 0 100 32630514 1.4585 1.4585
48 2387 0 100 32666250 1.5585 1.5585
86 2390 0 100 32656266 1.5585 1.5585
71 2363 0 100 32648602 1.6585 1.6585
36 2415 0 100 32646864 1.9585 1.9585
88 2364 0 100 32681192 1.9585 1.9585
20 2418 0 100 32679496 2.1585 2.1585
66 2425 0 100 32632528 2.1585 2.1585
24 2399 0 100 32635036 2.2585 2.2585
30 2427 0 100 32665142 2.3585 2.3585
87 2436 0 100 32663454 2.4585 2.4585
50 2429 0 100 32677244 2.4585 2.4585
61 2373 0 100 32664796 2.5585 2.5585
92 2409 0 100 32655738 2.5585 2.5585
27 2376 0 100 32651366 2.5585 2.5585
89 2394 0 100 32668632 2.6585 2.6585
98 2461 0 100 32634016 2.6585 2.6585
100 2454 0 100 32650792 2.7585 2.7585
85 2405 0 100 32673512 2.9585 2.9585
29 2451 0 100 32657976 2.9585 2.9585
33 2474 0 100 32648676 2.9585 2.9585
3 2464 0 100 32636834 3.0585 3.0585
62 2403 0 100 32623952 3.1585 3.1585
64 2411 0 100 32677110 3.1585 3.1585
80 2410 0 100 32661316 3.1585 3.1585
90 2402 0 100 32678074 3.1585 3.1585
10 2412 0 100 32678462 3.3585 3.3585
72 2459 0 100 32643588 3.3585 3.3585
74 2452 0 100 32653330 3.4585 3.4585
77 2395 0 100 32674702 3.4585 3.4585
17 2455 0 100 32666078 3.4585 3.4585
53 2375 0 100 32654604 3.5585 3.5585
41 2444 0 100 32661154 3.5585 3.5585
47 2417 0 100 32647734 3.5585 3.5585
4 2368 0 100 32630488 3.6585 3.6585
34 2428 0 100 32664006 3.6585 3.6585
70 2407 0 100 32676506 3.8585 3.8585
6 2437 0 100 32635770 4.0585 4.0585
2 2465 0 100 32677806 4.0585 4.0585
57 2430 0 100 32654810 4.0585 4.0585
38 2370 0 100 32657664 4.0585 4.0585
83 2369 0 100 32659458 4.1585 4.1585
21 2448 0 100 32668638 4.1585 4.1585
40 2439 0 100 32648194 4.1585 4.1585
35 2469 0 100 32675546 4.3585 4.3585
82 2374 0 100 32658758 4.4585 4.4585
1 2371 0 100 32639336 4.5585 4.5585
52 2413 0 100 32669992 4.5585 4.5585
49 2365 0 100 32640762 4.5585 4.5585
73 2391 0 100 32672666 4.5585 4.5585
7 2438 0 100 32650198 4.6585 4.6585
46 2475 0 100 32657926 4.7585 4.7585
31 2397 0 100 32639156 4.7585 4.7585
45 2396 0 100 32622524 4.8585 4.8585
19 2463 0 100 32658090 4.8585 4.8585
13 2470 0 100 32644680 4.9585 4.9585
22 2424 0 100 32653262 4.9585 4.9585
37 2361 0 100 32679598 5.0585 5.0585
67 2442 0 100 32646220 5.3585 5.3585
78 2372 0 100 32658860 5.4585 5.4585
9 2435 0 100 32645866 5.5585 5.5585
25 2441 0 100 32662612 5.5585 5.5585
28 2386 0 100 32669134 5.6585 5.6585
76 2472 0 100 32672682 5.6585 5.6585
14 2366 0 100 32673960 5.7585 5.7585
54 2416 0 100 32649388 5.8585 5.8585
42 2401 0 100 32664348 5.8585 5.8585
99 2392 0 100 32648912 5.9585 5.9585
93 2460 0 100 32669570 6.0585 6.0585
68 2378 0 100 32677710 6.2585 6.2585
43 2419 0 100 32655126 6.3585 6.3585
97 2381 0 100 32660992 6.3585 6.3585
16 2479 0 100 32676262 6.3585 6.3585
18 2380 0 100 32650486 6.3585 6.3585
95 2400 0 100 32657440 6.4585 6.4585
44 2389 0 100 32673638 6.4585 6.4585
91 2476 0 100 32660884 6.5585 6.5585
65 2408 0 100 32661242 6.5585 6.5585
60 2450 0 100 32682782 6.6585 6.6585
23 2404 0 100 32682706 6.7585 6.7585
84 2431 0 100 32651742 6.7585 6.7585
94 2422 0 100 32682546 6.9585 6.9585
75 2453 0 100 32656430 7.0585 7.0585
69 2468 0 100 32637224 7.0585 7.0585
96 2432 0 100 32668426 7.0585 7.0585
8 2445 0 100 32681418 7.2585 7.2585
12 2473 0 100 32672374 7.3585 7.3585
63 2466 0 100 32642998 7.4585 7.4585
32 2477 0 100 32650466 7.8585 7.8585
