80 1890 1.02981
71 1892 1.08172
4 1893 1.1059
74 1894 1.11294
37 1895 1.12182
18 1896 1.13115
61 1898 1.21159
64 1899 1.21449
79 1900 1.22009
14 1901 1.22165
3 1902 1.22399
62 1903 1.23295
41 1905 1.28696
70 1906 1.297
16 1907 1.33617
77 1908 1.34556
57 1909 1.36417
68 1911 1.44853
50 1912 1.46256
39 1914 1.47823
59 1915 1.49117
72 1916 1.49238
40 1917 1.50147
15 1918 1.50985
30 1919 1.55576
22 1921 1.60587
67 1923 1.6794
10 1924 1.70015
53 1925 1.70789
49 1926 1.76354
63 1928 1.79854
13 1929 1.81204
33 1930 1.82321
42 1931 1.84236
38 1933 1.87603
73 1934 1.88939
9 1935 1.89468
11 1936 1.89906
31 1938 2.01931
78 1939 2.02379
69 1940 2.02907
44 1941 2.03248
34 1942 2.03683
26 1944 2.07778
28 1945 2.09055
58 1946 2.11068
20 1947 2.1678
19 1950 2.26973
55 1951 2.28925
21 1952 2.30521
17 1953 2.30592
65 1955 2.3809
32 1956 2.38346
48 1957 2.40271
24 1958 2.40941
76 1959 2.43677
35 1960 2.44101
23 1961 2.45544
47 1963 2.50126
43 1964 2.50922
46 1965 2.54924
2 1966 2.56638
8 1968 2.57642
75 1969 2.58406
60 1970 2.62232
29 1971 2.66125
45 1972 2.66402
54 1974 2.68049
12 1975 2.68193
51 1976 2.70543
7 1977 2.74624
6 1978 2.76225
36 1980 2.78812
5 1981 2.80153
1 1982 2.85095
25 1984 2.88344
52 1985 2.9036
66 1986 2.90861
56 1987 2.91117
27 1989 2.97703
