61 0.8 0.016 0.784
61 0.784 0.16 0.624
71 0.8 0.016 0.784
71 0.784 0.16 0.624
64 0.8 0.016 0.784
64 0.784 0.16 0.624
14 0.8 0.16 0.64
18 0.8 0.16 0.64
53 0.8 0.16 0.64
14 0.710686 0.016 0.694686
18 0.712939 0.016 0.696939
53 0.714482 0.016 0.698482
14 0.694686 0.16 0.534686
53 0.698482 0.16 0.538482
18 0.696939 0.16 0.536939
70 0.8 0.16 0.64
70 0.64 0.16 0.48
70 0.558671 0.016 0.542671
70 0.542671 0.16 0.382671
26 0.8 0.016 0.784
55 0.8 0.016 0.784
59 0.8 0.016 0.784
55 0.784 0.16 0.624
26 0.784 0.16 0.624
59 0.784 0.16 0.624
28 0.8 0.16 0.64
28 0.64 0.16 0.48
28 0.554479 0.016 0.538479
28 0.538479 0.16 0.378479
31 0.8 0.016 0.784
35 0.8 0.016 0.784
31 0.784 0.16 0.624
35 0.784 0.16 0.624
34 0.8 0.16 0.64
34 0.718703 0.016 0.702703
34 0.702703 0.16 0.542703
62 0.8 0.016 0.784
62 0.784 0.16 0.624
16 0.8 0.16 0.64
23 0.8 0.16 0.64
29 0.8 0.16 0.64
75 0.8 0.16 0.64
77 0.8 0.16 0.64
16 0.71803 0.016 0.70203
23 0.716492 0.016 0.700492
29 0.712631 0.016 0.696631
75 0.711463 0.016 0.695463
29 0.696631 0.16 0.536631
16 0.70203 0.16 0.54203
23 0.700492 0.16 0.540492
75 0.695463 0.16 0.535463
33 0.8 0.16 0.64
76 0.8 0.16 0.64
77 0.711108 0.16 0.551108
33 0.64 0.16 0.48
77 0.551108 0.16 0.391108
33 0.48 0.16 0.32
76 0.64 0.16 0.48
77 0.391108 0.16 0.231108
33 0.32 0.16 0.16
77 0.231108 0.16 0.0711078
33 0.237387 0.016 0.221387
76 0.55191 0.016 0.53591
77 0.147839 0.016 0.131839
76 0.53591 0.16 0.37591
33 0.221387 0.16 0.0613874
65 0.8 0.16 0.64
68 0.8 0.16 0.64
73 0.8 0.16 0.64
77 0.131839 0.16 -0.0281614
68 0.64 0.16 0.48
77 0 0.16 -0.16
68 0.559296 0.016 0.543296
73 0.711802 0.016 0.695802
73 0.695802 0.16 0.535802
68 0.543296 0.16 0.383296
11 0.8 0.16 0.64
65 0.711723 0.16 0.551723
65 0.551723 0.16 0.391723
65 0.470595 0.016 0.454595
65 0.454595 0.16 0.294595
11 0.711982 0.16 0.551982
11 0.628157 0.016 0.612157
11 0.612157 0.16 0.452157
52 0.8 0.016 0.784
52 0.784 0.16 0.624
77 0.382535 0.16 0.222535
37 0.8 0.16 0.64
37 0.796932 0.016 0.780932
40 0.8 0.016 0.784
43 0.8 0.016 0.784
63 0.8 0.016 0.784
40 0.784 0.16 0.624
37 0.780932 0.16 0.620932
43 0.784 0.16 0.624
63 0.784 0.16 0.624
48 0.8 0.16 0.64
48 0.64 0.16 0.48
48 0.48 0.16 0.32
48 0.392937 0.016 0.376937
48 0.376937 0.16 0.216937
60 0.8 0.016 0.784
60 0.784 0.16 0.624
50 0.8 0.016 0.784
50 0.784 0.16 0.624
74 0.8 0.016 0.784
74 0.784 0.16 0.624
3 0.8 0.16 0.64
3 0.715984 0.016 0.699984
3 0.699984 0.16 0.539984
4 0.8 0.16 0.64
10 0.8 0.16 0.64
27 0.8 0.16 0.64
36 0.8 0.16 0.64
41 0.8 0.16 0.64
4 0.715502 0.016 0.699502
10 0.713184 0.016 0.697184
27 0.717968 0.016 0.701968
36 0.718439 0.016 0.702439
36 0.702439 0.16 0.542439
10 0.697184 0.16 0.537184
27 0.701968 0.16 0.541968
4 0.699502 0.16 0.539502
41 0.715918 0.16 0.555918
79 0.8 0.16 0.64
41 0.555918 0.16 0.395918
79 0.64 0.16 0.48
41 0.395918 0.16 0.235918
79 0.48 0.16 0.32
41 0.235918 0.16 0.0759183
79 0.32 0.16 0.16
41 0.154664 0.016 0.138664
79 0.233598 0.016 0.217598
79 0.217598 0.16 0.0575982
41 0.138664 0.16 -0.0213357
41 0.0745066 0.016 0.0585066
21 0.8 0.016 0.784
67 0.8 0.016 0.784
21 0.784 0.16 0.624
67 0.784 0.16 0.624
41 0.362373 0.16 0.202373
41 0.275946 0.16 0.115946
57 0.8 0.016 0.784
57 0.784 0.16 0.624
7 0.8 0.016 0.784
51 0.8 0.016 0.784
69 0.8 0.016 0.784
51 0.784 0.16 0.624
69 0.784 0.16 0.624
7 0.784 0.16 0.624
30 0.8 0.16 0.64
42 0.8 0.16 0.64
30 0.64 0.16 0.48
42 0.64 0.16 0.48
30 0.48 0.16 0.32
42 0.48 0.16 0.32
24 0.8 0.016 0.784
30 0.393331 0.016 0.377331
39 0.8 0.016 0.784
42 0.397067 0.016 0.381067
42 0.381067 0.16 0.221067
39 0.784 0.16 0.624
30 0.377331 0.16 0.217331
24 0.784 0.16 0.624
78 0.8 0.016 0.784
78 0.784 0.16 0.624
20 0.8 0.16 0.64
25 0.8 0.16 0.64
56 0.8 0.16 0.64
20 0.710563 0.016 0.694563
25 0.712814 0.016 0.696814
54 0.8 0.016 0.784
56 0.715619 0.016 0.699619
56 0.699619 0.16 0.539619
54 0.784 0.16 0.624
20 0.694563 0.16 0.534563
25 0.696814 0.16 0.536814
5 0.8 0.16 0.64
5 0.64 0.16 0.48
15 0.8 0.16 0.64
22 0.8 0.16 0.64
44 0.8 0.16 0.64
66 0.8 0.16 0.64
5 0.48 0.16 0.32
15 0.64 0.16 0.48
22 0.64 0.16 0.48
44 0.64 0.16 0.48
66 0.64 0.16 0.48
5 0.32 0.16 0.16
5 0.234582 0.016 0.218582
15 0.554763 0.016 0.538763
66 0.558226 0.016 0.542226
15 0.538763 0.16 0.378763
66 0.542226 0.16 0.382226
5 0.218582 0.16 0.0585819
6 0.8 0.16 0.64
9 0.8 0.16 0.64
13 0.8 0.16 0.64
22 0.554171 0.16 0.394171
44 0.554007 0.16 0.394007
46 0.8 0.16 0.64
80 0.8 0.16 0.64
6 0.64 0.16 0.48
9 0.64 0.16 0.48
13 0.64 0.16 0.48
22 0.394171 0.16 0.234171
44 0.394007 0.16 0.234007
46 0.64 0.16 0.48
80 0.64 0.16 0.48
22 0.234171 0.16 0.0741712
44 0.234007 0.16 0.0740069
6 0.558458 0.016 0.542458
9 0.55832 0.016 0.54232
13 0.554295 0.016 0.538295
22 0.150387 0.016 0.134387
44 0.148177 0.016 0.132177
46 0.553602 0.016 0.537602
80 0.55482 0.016 0.53882
9 0.54232 0.16 0.38232
46 0.537602 0.16 0.377602
6 0.542458 0.16 0.382458
13 0.538295 0.16 0.378295
80 0.53882 0.16 0.37882
17 0.8 0.16 0.64
22 0.134387 0.16 -0.0256133
44 0.132177 0.16 -0.0278227
17 0.64 0.16 0.48
22 0 0.16 -0.16
44 0 0.16 -0.16
17 0.48 0.16 0.32
22 0 0.16 -0.16
44 0 0.16 -0.16
17 0.392573 0.016 0.376573
22 0.0753124 0.016 0.0593124
17 0.376573 0.16 0.216573
19 0.8 0.16 0.64
19 0.718984 0.016 0.702984
19 0.702984 0.16 0.542984
72 0.8 0.016 0.784
72 0.784 0.16 0.624
8 0.8 0.016 0.784
8 0.784 0.16 0.624
22 0.355294 0.16 0.195294
44 0.376955 0.16 0.216955
58 0.8 0.016 0.784
58 0.784 0.16 0.624
22 0.270769 0.16 0.110769
38 0.8 0.16 0.64
49 0.8 0.16 0.64
38 0.711038 0.016 0.695038
49 0.717294 0.016 0.701294
38 0.695038 0.16 0.535038
49 0.701294 0.16 0.541294
1 0.8 0.016 0.784
2 0.8 0.016 0.784
1 0.784 0.16 0.624
2 0.784 0.16 0.624
12 0.8 0.16 0.64
47 0.8 0.16 0.64
47 0.714083 0.016 0.698083
47 0.698083 0.16 0.538083
12 0.71029 0.16 0.55029
12 0.620971 0.016 0.604971
12 0.604971 0.16 0.444971
32 0.8 0.016 0.784
32 0.784 0.16 0.624
45 0.8 0.016 0.784
45 0.784 0.16 0.624
