1 0.8 0.016 0.784
16 0.8 0.016 0.784
1 0.784 0.16 0.624
16 0.784 0.16 0.624
88 0.8 0.016 0.784
88 0.784 0.16 0.624
10 0.8 0.016 0.784
10 0.784 0.16 0.624
30 0.8 0.16 0.64
30 0.712652 0.016 0.696652
30 0.696652 0.16 0.536652
20 0.8 0.016 0.784
20 0.784 0.16 0.624
11 0.8 0.016 0.784
18 0.8 0.016 0.784
11 0.784 0.16 0.624
18 0.784 0.16 0.624
46 0.8 0.16 0.64
46 0.64 0.16 0.48
46 0.555727 0.016 0.539727
46 0.539727 0.16 0.379727
67 0.8 0.016 0.784
67 0.784 0.16 0.624
61 0.8 0.16 0.64
61 0.71482 0.016 0.69882
61 0.69882 0.16 0.53882
85 0.8 0.016 0.784
85 0.784 0.16 0.624
9 0.8 0.016 0.784
42 0.8 0.016 0.784
9 0.784 0.16 0.624
42 0.784 0.16 0.624
4 0.8 0.16 0.64
38 0.8 0.16 0.64
39 0.8 0.16 0.64
4 0.64 0.16 0.48
28 0.8 0.16 0.64
36 0.8 0.16 0.64
38 0.64 0.16 0.48
39 0.64 0.16 0.48
4 0.557001 0.016 0.541001
28 0.717873 0.016 0.701873
36 0.713867 0.016 0.697867
38 0.55707 0.016 0.54107
39 0.55631 0.016 0.54031
28 0.701873 0.16 0.541873
38 0.54107 0.16 0.38107
36 0.697867 0.16 0.537867
39 0.54031 0.16 0.38031
4 0.541001 0.16 0.381001
23 0.8 0.16 0.64
49 0.8 0.16 0.64
23 0.64 0.16 0.48
49 0.64 0.16 0.48
23 0.48 0.16 0.32
23 0.32 0.16 0.16
49 0.48 0.16 0.32
23 0.239562 0.016 0.223562
49 0.396023 0.016 0.380023
23 0.223562 0.16 0.0635625
49 0.380023 0.16 0.220023
65 0.8 0.016 0.784
65 0.784 0.16 0.624
64 0.8 0.16 0.64
64 0.71847 0.016 0.70247
64 0.70247 0.16 0.54247
82 0.8 0.16 0.64
82 0.712736 0.016 0.696736
82 0.696736 0.16 0.536736
29 0.8 0.16 0.64
40 0.8 0.16 0.64
75 0.8 0.16 0.64
79 0.8 0.16 0.64
81 0.8 0.16 0.64
29 0.716852 0.016 0.700852
40 0.715674 0.016 0.699674
75 0.719831 0.016 0.703831
77 0.8 0.016 0.784
79 0.711677 0.016 0.695677
81 0.711668 0.016 0.695668
40 0.699674 0.16 0.539674
81 0.695668 0.16 0.535668
29 0.700852 0.16 0.540852
75 0.703831 0.16 0.543831
79 0.695677 0.16 0.535677
77 0.784 0.16 0.624
56 0.8 0.16 0.64
56 0.64 0.16 0.48
56 0.48 0.16 0.32
56 0.32 0.16 0.16
56 0.16 0.16 -5.55112e-17
56 0.0703636 0.016 0.0543636
45 0.8 0.016 0.784
54 0.8 0.016 0.784
54 0.784 0.16 0.624
45 0.784 0.16 0.624
78 0.8 0.16 0.64
26 0.8 0.16 0.64
66 0.8 0.16 0.64
78 0.64 0.16 0.48
26 0.714475 0.016 0.698475
66 0.715778 0.016 0.699778
78 0.556774 0.016 0.540774
26 0.698475 0.16 0.538475
66 0.699778 0.16 0.539778
78 0.540774 0.16 0.380774
25 0.8 0.16 0.64
25 0.64 0.16 0.48
25 0.553615 0.016 0.537615
25 0.537615 0.16 0.377615
56 0.424609 0.16 0.264609
5 0.8 0.016 0.784
7 0.8 0.016 0.784
44 0.8 0.016 0.784
7 0.784 0.16 0.624
5 0.784 0.16 0.624
44 0.784 0.16 0.624
71 0.8 0.16 0.64
90 0.8 0.16 0.64
71 0.64 0.16 0.48
90 0.64 0.16 0.48
71 0.48 0.16 0.32
90 0.48 0.16 0.32
71 0.399814 0.016 0.383814
90 0.393355 0.016 0.377355
90 0.377355 0.16 0.217355
71 0.383814 0.16 0.223814
35 0.8 0.016 0.784
74 0.8 0.016 0.784
74 0.784 0.16 0.624
35 0.784 0.16 0.624
15 0.8 0.016 0.784
41 0.8 0.016 0.784
41 0.784 0.16 0.624
15 0.784 0.16 0.624
34 0.8 0.16 0.64
34 0.714798 0.016 0.698798
34 0.698798 0.16 0.538798
48 0.8 0.016 0.784
70 0.8 0.016 0.784
48 0.784 0.16 0.624
70 0.784 0.16 0.624
14 0.8 0.16 0.64
47 0.8 0.16 0.64
14 0.64 0.16 0.48
14 0.558305 0.016 0.542305
47 0.714779 0.016 0.698779
14 0.542305 0.16 0.382305
47 0.698779 0.16 0.538779
80 0.8 0.16 0.64
6 0.8 0.016 0.784
53 0.8 0.016 0.784
80 0.790374 0.016 0.774374
87 0.8 0.016 0.784
6 0.784 0.16 0.624
80 0.774374 0.16 0.614374
53 0.784 0.16 0.624
87 0.784 0.16 0.624
55 0.8 0.016 0.784
55 0.784 0.16 0.624
19 0.8 0.16 0.64
84 0.8 0.16 0.64
19 0.71628 0.016 0.70028
84 0.71965 0.016 0.70365
19 0.70028 0.16 0.54028
84 0.70365 0.16 0.54365
31 0.8 0.16 0.64
22 0.8 0.016 0.784
31 0.717396 0.016 0.701396
22 0.784 0.16 0.624
31 0.701396 0.16 0.541396
8 0.8 0.16 0.64
59 0.8 0.16 0.64
8 0.64 0.16 0.48
3 0.8 0.016 0.784
8 0.554651 0.016 0.538651
59 0.715135 0.016 0.699135
3 0.784 0.16 0.624
8 0.538651 0.16 0.378651
59 0.699135 0.16 0.539135
86 0.8 0.16 0.64
86 0.719971 0.016 0.703971
86 0.703971 0.16 0.543971
27 0.8 0.16 0.64
50 0.8 0.16 0.64
62 0.8 0.16 0.64
27 0.714532 0.016 0.698532
50 0.712509 0.016 0.696509
62 0.712322 0.016 0.696322
89 0.8 0.016 0.784
50 0.696509 0.16 0.536509
89 0.784 0.16 0.624
27 0.698532 0.16 0.538532
62 0.696322 0.16 0.536322
12 0.8 0.16 0.64
58 0.8 0.16 0.64
12 0.64 0.16 0.48
58 0.64 0.16 0.48
73 0.8 0.16 0.64
12 0.48 0.16 0.32
58 0.48 0.16 0.32
12 0.39798 0.016 0.38198
58 0.39555 0.016 0.37955
73 0.712326 0.016 0.696326
58 0.37955 0.16 0.21955
73 0.696326 0.16 0.536326
12 0.38198 0.16 0.22198
2 0.8 0.016 0.784
2 0.784 0.16 0.624
32 0.8 0.16 0.64
17 0.8 0.016 0.784
32 0.715369 0.016 0.699369
17 0.784 0.16 0.624
32 0.699369 0.16 0.539369
21 0.8 0.016 0.784
52 0.8 0.016 0.784
63 0.8 0.016 0.784
68 0.8 0.016 0.784
52 0.784 0.16 0.624
63 0.784 0.16 0.624
68 0.784 0.16 0.624
21 0.784 0.16 0.624
76 0.8 0.016 0.784
76 0.784 0.16 0.624
72 0.8 0.16 0.64
72 0.711152 0.016 0.695152
72 0.695152 0.16 0.535152
51 0.8 0.16 0.64
13 0.8 0.016 0.784
37 0.8 0.016 0.784
51 0.715037 0.016 0.699037
13 0.784 0.16 0.624
37 0.784 0.16 0.624
51 0.699037 0.16 0.539037
57 0.8 0.016 0.784
60 0.8 0.016 0.784
57 0.784 0.16 0.624
60 0.784 0.16 0.624
33 0.8 0.16 0.64
33 0.712587 0.016 0.696587
33 0.696587 0.16 0.536587
24 0.8 0.016 0.784
24 0.784 0.16 0.624
43 0.8 0.016 0.784
43 0.784 0.16 0.624
83 0.8 0.016 0.784
83 0.784 0.16 0.624
69 0.8 0.016 0.784
69 0.784 0.16 0.624
