42 1461 1.01982
4 1462 1.06096
47 1463 1.06189
32 1464 1.06525
16 1466 1.13532
9 1467 1.19622
55 1468 1.20969
10 1470 1.22403
5 1471 1.24229
8 1472 1.25502
17 1473 1.27137
60 1474 1.28046
39 1476 1.36192
48 1477 1.3697
21 1479 1.47723
14 1480 1.50613
43 1481 1.51502
2 1483 1.56927
41 1484 1.56964
6 1485 1.57097
45 1486 1.58372
54 1488 1.65951
24 1489 1.69052
28 1490 1.69172
52 1492 1.76523
40 1493 1.7719
11 1495 1.82455
35 1496 1.89454
36 1498 1.92472
18 1499 1.93953
56 1500 1.969
20 1501 1.99035
51 1503 2.0746
57 1504 2.08526
44 1505 2.11043
23 1506 2.11205
30 1509 2.21959
12 1510 2.22443
46 1511 2.29088
3 1512 2.2953
19 1514 2.3241
49 1515 2.38002
1 1516 2.38165
58 1518 2.47188
38 1519 2.47669
13 1520 2.48491
27 1521 2.49926
26 1522 2.5127
53 1524 2.53302
33 1526 2.63405
25 1527 2.66471
50 1528 2.69664
29 1529 2.70395
59 1530 2.7173
15 1532 2.73764
34 1533 2.74509
7 1534 2.75475
31 1536 2.83199
37 1537 2.91514
22 1539 2.92793
