39 0.8 0.016 0.784
39 0.784 0.16 0.624
48 0.8 0.016 0.784
86 0.8 0.016 0.784
48 0.784 0.16 0.624
86 0.784 0.16 0.624
71 0.8 0.16 0.64
71 0.716004 0.016 0.700004
71 0.700004 0.16 0.540004
5 0.8 0.016 0.784
11 0.8 0.016 0.784
36 0.8 0.016 0.784
88 0.8 0.016 0.784
11 0.784 0.16 0.624
36 0.784 0.16 0.624
5 0.784 0.16 0.624
88 0.784 0.16 0.624
20 0.8 0.016 0.784
66 0.8 0.016 0.784
20 0.784 0.16 0.624
66 0.784 0.16 0.624
24 0.8 0.16 0.64
24 0.64 0.16 0.48
24 0.553334 0.016 0.537334
24 0.537334 0.16 0.377334
30 0.8 0.016 0.784
30 0.784 0.16 0.624
50 0.8 0.016 0.784
87 0.8 0.016 0.784
87 0.784 0.16 0.624
50 0.784 0.16 0.624
27 0.8 0.16 0.64
61 0.8 0.16 0.64
81 0.8 0.16 0.64
92 0.8 0.16 0.64
27 0.64 0.16 0.48
61 0.64 0.16 0.48
81 0.64 0.16 0.48
92 0.64 0.16 0.48
27 0.550392 0.016 0.534392
61 0.552928 0.016 0.536928
81 0.551473 0.016 0.535473
92 0.550349 0.016 0.534349
61 0.536928 0.16 0.376928
81 0.535473 0.16 0.375473
92 0.534349 0.16 0.374349
27 0.534392 0.16 0.374392
89 0.8 0.16 0.64
89 0.64 0.16 0.48
89 0.552918 0.016 0.536918
98 0.8 0.016 0.784
89 0.536918 0.16 0.376918
98 0.784 0.16 0.624
100 0.8 0.16 0.64
100 0.710177 0.016 0.694177
100 0.694177 0.16 0.534177
29 0.8 0.016 0.784
33 0.8 0.016 0.784
85 0.8 0.016 0.784
85 0.784 0.16 0.624
29 0.784 0.16 0.624
33 0.784 0.16 0.624
3 0.8 0.16 0.64
3 0.64 0.16 0.48
3 0.551299 0.016 0.535299
3 0.535299 0.16 0.375299
62 0.8 0.16 0.64
62 0.717437 0.016 0.701437
64 0.8 0.016 0.784
80 0.8 0.016 0.784
90 0.8 0.016 0.784
62 0.701437 0.16 0.541437
64 0.784 0.16 0.624
80 0.784 0.16 0.624
90 0.784 0.16 0.624
72 0.8 0.16 0.64
72 0.64 0.16 0.48
10 0.8 0.016 0.784
59 0.8 0.016 0.784
72 0.632728 0.016 0.616728
10 0.784 0.16 0.624
59 0.784 0.16 0.624
72 0.616728 0.16 0.456728
17 0.8 0.16 0.64
74 0.8 0.16 0.64
77 0.8 0.16 0.64
17 0.64 0.16 0.48
74 0.64 0.16 0.48
17 0.553279 0.016 0.537279
74 0.550015 0.016 0.534015
77 0.719514 0.016 0.703514
74 0.534015 0.16 0.374015
77 0.703514 0.16 0.543514
17 0.537279 0.16 0.377279
15 0.8 0.16 0.64
41 0.8 0.16 0.64
47 0.8 0.16 0.64
53 0.8 0.16 0.64
15 0.64 0.16 0.48
41 0.64 0.16 0.48
47 0.64 0.16 0.48
53 0.64 0.16 0.48
47 0.48 0.16 0.32
53 0.48 0.16 0.32
15 0.556584 0.016 0.540584
41 0.551952 0.016 0.535952
47 0.396901 0.016 0.380901
53 0.395645 0.016 0.379645
53 0.379645 0.16 0.219645
41 0.535952 0.16 0.375952
15 0.540584 0.16 0.380584
47 0.380901 0.16 0.220901
4 0.8 0.16 0.64
4 0.64 0.16 0.48
34 0.8 0.16 0.64
4 0.48 0.16 0.32
4 0.390124 0.016 0.374124
34 0.717691 0.016 0.701691
4 0.374124 0.16 0.214124
34 0.701691 0.16 0.541691
70 0.8 0.016 0.784
70 0.784 0.16 0.624
6 0.8 0.16 0.64
2 0.8 0.016 0.784
6 0.795467 0.016 0.779467
38 0.8 0.016 0.784
55 0.8 0.016 0.784
57 0.8 0.016 0.784
6 0.779467 0.16 0.619467
2 0.784 0.16 0.624
55 0.784 0.16 0.624
57 0.784 0.16 0.624
38 0.784 0.16 0.624
21 0.8 0.16 0.64
26 0.8 0.16 0.64
40 0.8 0.16 0.64
83 0.8 0.16 0.64
26 0.64 0.16 0.48
40 0.64 0.16 0.48
83 0.64 0.16 0.48
26 0.48 0.16 0.32
40 0.48 0.16 0.32
83 0.48 0.16 0.32
21 0.718392 0.016 0.702392
26 0.390733 0.016 0.374733
40 0.394371 0.016 0.378371
83 0.399236 0.016 0.383236
26 0.374733 0.16 0.214733
83 0.383236 0.16 0.223236
21 0.702392 0.16 0.542392
40 0.378371 0.16 0.218371
35 0.8 0.016 0.784
35 0.784 0.16 0.624
82 0.8 0.16 0.64
82 0.719751 0.016 0.703751
82 0.703751 0.16 0.543751
1 0.8 0.16 0.64
49 0.8 0.16 0.64
52 0.8 0.16 0.64
1 0.712634 0.016 0.696634
49 0.718096 0.016 0.702096
52 0.719367 0.016 0.703367
73 0.8 0.016 0.784
1 0.696634 0.16 0.536634
52 0.703367 0.16 0.543367
49 0.702096 0.16 0.542096
73 0.784 0.16 0.624
7 0.8 0.16 0.64
7 0.64 0.16 0.48
7 0.48 0.16 0.32
7 0.32 0.16 0.16
7 0.232838 0.016 0.216838
7 0.216838 0.16 0.0568377
31 0.8 0.16 0.64
46 0.8 0.16 0.64
31 0.715418 0.016 0.699418
46 0.711874 0.016 0.695874
46 0.695874 0.16 0.535874
31 0.699418 0.16 0.539418
45 0.8 0.16 0.64
19 0.8 0.016 0.784
45 0.718923 0.016 0.702923
45 0.702923 0.16 0.542923
19 0.784 0.16 0.624
13 0.8 0.16 0.64
13 0.64 0.16 0.48
22 0.8 0.16 0.64
13 0.554373 0.016 0.538373
22 0.71884 0.016 0.70284
13 0.538373 0.16 0.378373
22 0.70284 0.16 0.54284
37 0.8 0.16 0.64
37 0.717205 0.016 0.701205
37 0.701205 0.16 0.541205
67 0.8 0.016 0.784
67 0.784 0.16 0.624
78 0.8 0.16 0.64
78 0.710824 0.016 0.694824
78 0.694824 0.16 0.534824
9 0.8 0.16 0.64
9 0.712337 0.016 0.696337
25 0.8 0.016 0.784
9 0.696337 0.16 0.536337
25 0.784 0.16 0.624
28 0.8 0.16 0.64
28 0.71275 0.016 0.69675
76 0.8 0.016 0.784
28 0.69675 0.16 0.53675
76 0.784 0.16 0.624
14 0.8 0.16 0.64
14 0.64 0.16 0.48
14 0.558369 0.016 0.542369
14 0.542369 0.16 0.382369
42 0.8 0.16 0.64
54 0.8 0.16 0.64
42 0.716707 0.016 0.700707
54 0.715088 0.016 0.699088
54 0.699088 0.16 0.539088
42 0.700707 0.16 0.540707
56 0.8 0.16 0.64
99 0.8 0.16 0.64
99 0.64 0.16 0.48
56 0.717211 0.016 0.701211
99 0.554423 0.016 0.538423
56 0.701211 0.16 0.541211
99 0.538423 0.16 0.378423
58 0.8 0.16 0.64
93 0.8 0.16 0.64
58 0.719671 0.016 0.703671
93 0.717044 0.016 0.701044
58 0.703671 0.16 0.543671
93 0.701044 0.16 0.541044
68 0.8 0.016 0.784
68 0.784 0.16 0.624
16 0.8 0.16 0.64
18 0.8 0.16 0.64
43 0.8 0.16 0.64
97 0.8 0.16 0.64
16 0.713467 0.016 0.697467
18 0.716734 0.016 0.700734
43 0.714724 0.016 0.698724
97 0.716584 0.016 0.700584
43 0.698724 0.16 0.538724
97 0.700584 0.16 0.540584
16 0.697467 0.16 0.537467
18 0.700734 0.16 0.540734
95 0.8 0.16 0.64
95 0.64 0.16 0.48
44 0.8 0.16 0.64
65 0.8 0.16 0.64
95 0.48 0.16 0.32
95 0.32 0.16 0.16
44 0.711409 0.016 0.695409
95 0.231971 0.016 0.215971
95 0.215971 0.16 0.0559715
44 0.695409 0.16 0.535409
65 0.714568 0.16 0.554568
79 0.8 0.16 0.64
91 0.8 0.16 0.64
65 0.554568 0.16 0.394568
79 0.64 0.16 0.48
91 0.64 0.16 0.48
65 0.473503 0.016 0.457503
79 0.557128 0.016 0.541128
91 0.559814 0.016 0.543814
79 0.541128 0.16 0.381128
91 0.543814 0.16 0.383814
65 0.457503 0.16 0.297503
60 0.8 0.016 0.784
60 0.784 0.16 0.624
23 0.8 0.16 0.64
84 0.8 0.16 0.64
23 0.719787 0.016 0.703787
84 0.712191 0.016 0.696191
23 0.703787 0.16 0.543787
84 0.696191 0.16 0.536191
94 0.8 0.016 0.784
94 0.784 0.16 0.624
69 0.8 0.16 0.64
75 0.8 0.16 0.64
96 0.8 0.16 0.64
69 0.714263 0.016 0.698263
75 0.719274 0.016 0.703274
96 0.718223 0.016 0.702223
75 0.703274 0.16 0.543274
69 0.698263 0.16 0.538263
96 0.702223 0.16 0.542223
8 0.8 0.016 0.784
8 0.784 0.16 0.624
12 0.8 0.16 0.64
12 0.710562 0.016 0.694562
12 0.694562 0.16 0.534562
51 0.8 0.16 0.64
63 0.8 0.16 0.64
51 0.715703 0.016 0.699703
63 0.711391 0.016 0.695391
51 0.699703 0.16 0.539703
63 0.695391 0.16 0.535391
32 0.8 0.016 0.784
32 0.784 0.16 0.624
