3 1070 1.00465
25 1071 1.06576
12 1072 1.07516
7 1074 1.17101
13 1076 1.22816
39 1077 1.23928
30 1078 1.26105
24 1079 1.29041
8 1080 1.29348
37 1082 1.31561
6 1083 1.39355
1 1085 1.45643
28 1086 1.45999
20 1088 1.50556
18 1089 1.53279
9 1091 1.60339
4 1093 1.72631
10 1094 1.72952
36 1095 1.78892
5 1097 1.86096
15 1099 1.93971
35 1100 1.95624
34 1102 2.02575
11 1103 2.05905
32 1105 2.19939
31 1107 2.24928
33 1108 2.25357
29 1110 2.3064
16 1111 2.39282
17 1114 2.52705
22 1115 2.55648
26 1116 2.57855
23 1117 2.59223
27 1119 2.63091
14 1121 2.75054
38 1122 2.76711
21 1123 2.77224
40 1124 2.78281
2 1126 2.85532
19 1128 2.95921
