43 1262 1.13492
28 1263 1.149
38 1264 1.15022
8 1265 1.19213
13 1267 1.31557
19 1269 1.39012
25 1270 1.39799
5 1271 1.41128
23 1272 1.41669
22 1273 1.42317
6 1275 1.43934
2 1276 1.48052
7 1277 1.48368
37 1279 1.56465
10 1280 1.62856
29 1282 1.65967
41 1283 1.70152
21 1285 1.75484
30 1286 1.83094
45 1288 1.83576
1 1290 1.93449
24 1291 1.93459
27 1292 1.9462
46 1293 1.95537
39 1295 2.04444
4 1296 2.07271
14 1297 2.08471
34 1298 2.11721
35 1300 2.17355
49 1302 2.25583
18 1303 2.31269
44 1305 2.34101
48 1306 2.37133
9 1307 2.37501
33 1308 2.41142
26 1309 2.42586
16 1311 2.44384
20 1312 2.52115
15 1314 2.62838
40 1316 2.73019
50 1318 2.78021
11 1319 2.79025
12 1321 2.83687
36 1322 2.85221
31 1323 2.86562
32 1324 2.87071
47 1325 2.89429
3 1326 2.93183
17 1328 2.95117
42 1329 2.95854
