0 2350
0 2351
0 2352
0 2353
0 2354
0 2355
0 2356
0 2357
0 2358
0 2359
0 2362
0 2367
0 2377
0 2379
0 2383
39 2360
0 2393
48 2387
86 2390
0 2398
71 2363
0 2406
0 2414
0 2420
11 2385
36 2415
5 2382
88 2364
0 2423
0 2426
20 2418
66 2425
0 2434
24 2399
0 2440
30 2427
0 2449
87 2436
50 2429
0 2456
61 2373
81 2384
92 2409
27 2376
0 2462
89 2394
98 2461
0 2467
100 2454
0 2471
0 2478
85 2405
29 2451
33 2474
0 2480
3 2464
0 2481
62 2403
64 2411
80 2410
90 2402
0 2482
0 2483
10 2412
59 2457
72 2459
0 2484
74 2452
77 2395
17 2455
0 2485
53 2375
41 2444
15 2433
47 2417
0 2486
4 2368
34 2428
0 2487
0 2488
70 2407
0 2489
0 2490
6 2437
2 2465
55 2446
57 2430
38 2370
0 2491
26 2447
83 2369
21 2448
40 2439
0 2492
0 2493
35 2469
0 2494
82 2374
0 2495
1 2371
52 2413
49 2365
73 2391
0 2496
7 2438
0 2497
46 2475
31 2397
0 2498
45 2396
19 2463
0 2499
13 2470
22 2424
0 2500
37 2361
0 2501
0 2502
0 2503
67 2442
0 2504
78 2372
0 2505
9 2435
25 2441
0 2506
28 2386
76 2472
0 2507
14 2366
0 2508
54 2416
42 2401
0 2509
56 2443
99 2392
0 2510
58 2388
93 2460
0 2511
0 2512
68 2378
0 2513
43 2419
97 2381
16 2479
18 2380
0 2514
95 2400
44 2389
0 2515
79 2421
91 2476
65 2408
0 2516
60 2450
0 2517
23 2404
84 2431
0 2518
0 2519
94 2422
0 2520
75 2453
69 2468
96 2432
0 2521
0 2522
8 2445
0 2523
12 2473
0 2524
51 2458
63 2466
0 2525
0 2526
0 2527
0 2528
32 2477
0 2529
0 2530
0 2531
0 2532
0 2533
0 2534
0 2535
0 2536
0 2537
0 2538
0 2539
0 2540
0 2541
0 2542
0 2543
0 2544
0 2545
0 2546
0 2547
0 2548
0 2549
0 2550
0 2551
0 2552
0 2553
0 2554
0 2555
0 2556
0 2557
0 2558
0 2559
0 2560
0 2561
0 2562
0 2563
0 2564
0 2565
0 2566
0 2567
0 2568
0 2569
0 2570
0 2571
0 2572
0 2573
0 2574
0 2575
0 2576
0 2577
0 2578
0 2579
0 2580
0 2581
0 2582
0 2583
0 2584
0 2585
0 2586
0 2587
0 2588
0 2589
0 2590
0 2591
0 2592
0 2593
0 2594
0 2595
0 2596
0 2597
0 2598
0 2599
