11 360 1.05644
56 361 1.08988
66 362 1.09088
82 363 1.09611
25 364 1.13674
21 365 1.13996
87 366 1.17842
71 367 1.19774
48 368 1.20197
35 369 1.27679
22 370 1.284
45 371 1.2913
69 372 1.31363
90 373 1.31999
55 374 1.32918
41 375 1.33968
81 376 1.34786
61 377 1.36837
68 378 1.40691
50 379 1.42428
13 380 1.46544
63 381 1.4799
78 382 1.4988
64 383 1.50393
85 384 1.52045
28 385 1.52477
75 386 1.54274
83 387 1.55391
7 388 1.55543
44 389 1.56352
51 390 1.56667
33 391 1.60771
65 392 1.61648
12 393 1.62854
46 394 1.67158
76 395 1.71513
26 396 1.72022
52 397 1.72534
62 398 1.73355
18 399 1.82905
84 400 1.85043
37 401 1.88237
8 402 1.95595
57 403 1.96445
59 404 1.97109
17 405 1.97535
89 406 2.02105
2 407 2.02437
49 408 2.04766
39 409 2.05318
20 410 2.0674
74 411 2.08848
47 412 2.10809
23 413 2.12643
14 414 2.14658
30 415 2.16318
88 416 2.17125
31 417 2.17238
86 418 2.19262
34 419 2.22227
77 420 2.25475
16 421 2.26617
40 422 2.28733
15 423 2.29494
36 424 2.33857
58 425 2.35226
27 426 2.3632
54 427 2.36604
80 428 2.4294
5 429 2.43612
32 430 2.46542
70 431 2.50255
42 432 2.50292
10 433 2.53311
9 434 2.55165
73 435 2.55683
43 436 2.56009
38 437 2.56578
24 438 2.59887
1 439 2.6048
79 440 2.61344
3 441 2.6172
6 442 2.71231
4 443 2.71688
29 444 2.8077
60 445 2.842
72 446 2.8941
67 447 2.90127
19 448 2.94494
53 449 2.95479
