35 100 1.11903
47 101 1.14305
2 102 1.14622
18 103 1.14728
19 104 1.16641
43 105 1.17517
24 106 1.18063
34 107 1.18272
16 108 1.18357
8 109 1.24265
21 110 1.26233
40 111 1.26934
20 112 1.28682
41 113 1.34533
31 114 1.36768
15 115 1.39287
29 116 1.39656
32 117 1.40458
28 118 1.42026
42 119 1.42393
7 120 1.45826
49 121 1.50246
3 122 1.52529
30 123 1.60567
14 124 1.67031
9 125 1.67274
23 126 1.71051
39 127 1.80998
37 128 1.8463
22 129 1.86416
27 130 2.08135
46 131 2.19423
13 132 2.33166
11 133 2.33517
1 134 2.37529
17 135 2.44398
33 136 2.4502
25 137 2.54649
4 138 2.59619
5 139 2.63973
38 140 2.6629
10 141 2.67091
6 142 2.68935
50 143 2.72935
26 144 2.81872
45 145 2.85204
36 146 2.87954
48 147 2.92258
12 148 2.94581
44 149 2.94664
