16 280
30 281
6 282
57 283
71 284
3 285
21 286
77 287
40 288
32 289
34 290
11 291
66 292
58 293
72 294
29 295
43 296
79 297
76 298
44 299
63 300
61 301
47 302
67 303
2 304
28 305
9 306
39 307
5 308
23 309
59 310
10 311
53 312
17 313
1 314
4 315
50 316
62 317
78 318
52 319
42 320
54 321
26 322
75 323
8 324
60 325
15 326
22 327
37 328
13 329
55 330
69 331
74 332
24 333
49 334
35 335
45 336
41 337
18 338
80 339
25 340
48 341
70 342
12 343
65 344
56 345
14 346
7 347
68 348
19 349
27 350
38 351
46 352
33 353
64 354
20 355
31 356
51 357
36 358
73 359
