80 450 1.02132
93 451 1.02234
56 452 1.04308
21 453 1.06143
51 454 1.06859
65 455 1.08062
39 456 1.10331
68 457 1.13111
9 458 1.17789
5 459 1.18339
73 460 1.18744
88 461 1.20308
33 462 1.258
30 463 1.28315
7 464 1.32839
64 465 1.35627
98 466 1.35774
97 467 1.36767
90 468 1.41682
2 469 1.4354
91 470 1.43871
84 471 1.47433
25 472 1.47474
96 473 1.47781
47 474 1.48103
27 475 1.49409
85 476 1.50222
11 477 1.50544
3 478 1.52591
55 479 1.52609
13 480 1.52785
53 481 1.5401
42 482 1.54974
58 483 1.55226
49 484 1.56582
37 485 1.58634
54 486 1.587
83 487 1.6598
40 488 1.67214
19 489 1.69376
77 490 1.72984
95 491 1.73415
31 492 1.78689
41 493 1.84614
82 494 1.90436
18 495 1.93033
20 496 1.98226
1 497 2.04596
28 498 2.05491
35 499 2.0569
99 500 2.06515
46 501 2.0697
26 502 2.09381
48 503 2.10718
12 504 2.1205
100 505 2.15931
32 506 2.17209
43 507 2.22849
79 508 2.24894
76 509 2.27423
22 510 2.28772
86 511 2.33413
81 512 2.36142
24 513 2.37826
38 514 2.37875
8 515 2.37949
89 516 2.38052
6 517 2.38512
59 518 2.39781
94 519 2.40601
10 520 2.40932
50 521 2.41986
14 522 2.42337
17 523 2.42489
45 524 2.43957
52 525 2.46587
75 526 2.55459
4 527 2.56687
44 528 2.57008
62 529 2.58499
63 530 2.69112
92 531 2.71482
70 532 2.72635
34 533 2.75557
60 534 2.75919
23 535 2.76542
61 536 2.77584
72 537 2.78202
29 538 2.78442
15 539 2.80709
78 540 2.8126
69 541 2.8202
57 542 2.83586
87 543 2.83654
67 544 2.86965
74 545 2.8944
36 546 2.91116
66 547 2.9162
71 548 2.98223
16 549 2.98366
