11 360
56 361
66 362
82 363
25 364
21 365
87 366
71 367
48 368
35 369
22 370
45 371
69 372
90 373
55 374
41 375
81 376
61 377
68 378
50 379
13 380
63 381
78 382
64 383
85 384
28 385
75 386
83 387
7 388
44 389
51 390
33 391
65 392
12 393
46 394
76 395
26 396
52 397
62 398
18 399
84 400
37 401
8 402
57 403
59 404
17 405
89 406
2 407
49 408
39 409
20 410
74 411
47 412
23 413
14 414
30 415
88 416
31 417
86 418
34 419
77 420
16 421
40 422
15 423
36 424
58 425
27 426
54 427
80 428
5 429
32 430
70 431
42 432
10 433
9 434
73 435
43 436
38 437
24 438
1 439
79 440
3 441
6 442
4 443
29 444
60 445
72 446
67 447
19 448
53 449
