36 60 1.01134
13 61 1.02974
8 62 1.08072
1 63 1.15635
9 64 1.17836
40 65 1.19718
24 66 1.25722
39 67 1.39642
21 68 1.45002
20 69 1.45738
19 70 1.47628
33 71 1.53436
32 72 1.60278
25 73 1.6082
31 74 1.61622
7 75 1.65825
15 76 1.66906
34 77 1.79989
10 78 1.80291
18 79 1.81663
16 80 1.91473
26 81 1.9704
38 82 2.00704
28 83 2.03201
5 84 2.04297
27 85 2.07493
11 86 2.08019
23 87 2.20447
3 88 2.27311
22 89 2.37465
14 90 2.40036
17 91 2.4804
2 92 2.58863
29 93 2.65645
37 94 2.66567
30 95 2.70645
6 96 2.77496
4 97 2.79935
35 98 2.9157
12 99 2.98819
