1 210 1.0609
44 211 1.11607
23 212 1.15833
31 213 1.17403
65 214 1.18158
57 215 1.29868
16 216 1.30803
43 217 1.32718
66 218 1.3291
35 219 1.34308
15 220 1.34888
68 221 1.45683
42 222 1.49483
69 223 1.49934
19 224 1.51775
34 225 1.52595
3 226 1.52993
14 227 1.53941
59 228 1.5689
45 229 1.57838
30 230 1.62842
63 231 1.65382
70 232 1.6724
36 233 1.73881
53 234 1.739
26 235 1.74551
64 236 1.84217
52 237 1.85316
49 238 1.87642
6 239 1.93601
32 240 1.9416
10 241 1.95319
11 242 1.98796
12 243 2.04839
56 244 2.14667
39 245 2.14853
50 246 2.15038
17 247 2.17801
7 248 2.19567
5 249 2.21922
21 250 2.23779
33 251 2.27172
18 252 2.2877
46 253 2.32859
37 254 2.33749
47 255 2.34755
25 256 2.413
48 257 2.43126
20 258 2.43784
4 259 2.461
22 260 2.51259
54 261 2.52461
41 262 2.52739
61 263 2.59135
9 264 2.66615
40 265 2.682
62 266 2.77137
51 267 2.79811
13 268 2.80201
27 269 2.80416
2 270 2.80784
24 271 2.83115
38 272 2.8854
60 273 2.90259
8 274 2.90267
28 275 2.9316
67 276 2.94875
29 277 2.95532
58 278 2.9672
55 279 2.9824
