63 4171 1.07977
34 4172 1.08541
17 4173 1.0933
88 4174 1.12091
87 4176 1.13131
89 4177 1.13507
23 4178 1.14462
37 4179 1.15106
16 4180 1.21484
32 4182 1.30587
70 4183 1.32161
50 4185 1.32395
51 4186 1.34332
15 4187 1.39487
65 4189 1.48915
18 4191 1.52938
29 4192 1.53575
13 4193 1.53987
49 4194 1.54891
28 4195 1.56561
40 4197 1.6223
10 4198 1.71491
41 4200 1.73256
82 4201 1.74763
71 4202 1.76199
81 4203 1.76301
44 4204 1.76405
27 4205 1.77349
52 4206 1.77564
21 4207 1.78285
73 4208 1.80844
6 4210 1.82612
61 4211 1.8692
7 4212 1.91261
83 4214 1.9365
84 4215 1.93716
4 4216 1.95487
11 4217 2.01253
53 4218 2.01813
43 4219 2.01989
58 4221 2.02881
45 4222 2.0398
48 4223 2.07063
22 4224 2.09521
8 4225 2.10716
31 4226 2.11307
30 4228 2.12618
78 4229 2.14491
14 4230 2.14535
25 4231 2.14949
67 4232 2.17215
85 4233 2.18802
57 4234 2.18957
35 4235 2.20028
75 4237 2.23821
54 4238 2.26002
2 4239 2.28409
12 4240 2.31128
66 4242 2.33034
33 4243 2.34687
60 4244 2.37798
39 4245 2.40535
69 4247 2.47523
76 4248 2.49224
62 4249 2.49227
79 4251 2.53187
9 4252 2.55591
80 4253 2.55954
55 4254 2.58214
46 4255 2.58633
68 4256 2.59272
3 4258 2.62815
42 4259 2.64424
64 4260 2.64435
20 4261 2.64782
86 4262 2.66473
19 4263 2.69891
77 4265 2.73246
26 4266 2.7605
59 4267 2.77395
5 4268 2.78478
47 4270 2.84937
72 4271 2.87276
90 4272 2.88428
36 4273 2.88918
74 4274 2.89216
56 4275 2.90544
24 4277 2.95021
38 4278 2.97449
1 4279 2.98818
