25 3123 0 100 121538906 1.15767 1.15767
24 3147 0 100 121573082 2.05767 2.05767
7 3138 0 100 121567352 2.15767 2.15767
22 3122 0 100 88872412 2.35767 2.35767
33 3140 0 100 121555196 2.85767 2.85767
38 3131 0 100 154266848 3.15767 3.15767
4 3173 0 100 88869668 3.25767 3.25767
5 3137 0 100 121561310 3.35767 3.35767
32 3149 0 100 121567274 3.35767 3.35767
20 3160 0 100 88869188 3.45767 3.45767
15 3163 0 100 88864364 3.55767 3.55767
3 3167 0 100 56194432 3.65767 3.65767
17 3133 0 100 154270504 3.65767 3.65767
8 3130 0 100 154300112 3.65767 3.65767
23 3141 0 100 154263488 3.95767 3.95767
26 3176 0 100 56203254 4.15767 4.15767
29 3152 0 100 154304000 4.25767 4.25767
11 3159 0 100 121561676 4.45767 4.45767
27 3171 0 100 154302920 4.45767 4.45767
21 3129 0 100 154260280 4.55767 4.55767
13 3169 0 100 154264528 4.65767 4.65767
31 3146 0 100 121552028 4.85767 4.85767
35 3158 0 100 121574294 4.85767 4.85767
28 3125 0 100 154251176 4.95767 4.95767
30 3172 0 100 88863244 5.35767 5.35767
18 3143 0 100 154269936 5.45767 5.45767
40 3134 0 100 88868892 5.55767 5.55767
14 3120 0 100 88865084 5.65767 5.65767
1 3127 0 100 88860952 5.85767 5.85767
12 3178 0 100 154268368 5.95767 5.95767
19 3168 0 100 121559660 6.05767 6.05767
36 3154 0 100 154247968 6.05767 6.05767
10 3162 0 100 88856136 6.15767 6.15767
9 3144 0 100 121538126 6.15767 6.15767
34 3166 0 100 154292544 6.15767 6.15767
2 3126 0 100 121564670 6.25767 6.25767
39 3148 0 100 121563440 6.55767 6.55767
16 3156 0 100 88860884 6.65767 6.65767
6 3153 0 100 88875888 6.95767 6.95767
37 3174 0 100 121545500 6.95767 6.95767
