14 3120 1.02495
22 3122 1.11158
25 3123 1.11159
28 3125 1.15866
2 3126 1.19154
1 3127 1.2303
21 3129 1.30042
8 3130 1.34214
38 3131 1.3471
17 3133 1.36243
40 3134 1.40746
5 3137 1.56355
7 3138 1.59475
33 3140 1.67672
23 3141 1.74051
18 3143 1.78254
9 3144 1.79742
31 3146 1.8707
24 3147 1.91073
39 3148 1.91875
32 3149 1.9551
29 3152 2.05969
6 3153 2.09181
36 3154 2.13825
16 3156 2.19534
35 3158 2.26207
11 3159 2.314
20 3160 2.33129
10 3162 2.36831
15 3163 2.40918
34 3166 2.60503
3 3167 2.6361
19 3168 2.64266
13 3169 2.65728
27 3171 2.67254
30 3172 2.67902
4 3173 2.68859
37 3174 2.72089
26 3176 2.77726
12 3178 2.91124
