21 3317 0 100 56203156 1.70777 1.70777
44 3312 0 100 154286608 1.80777 1.80777
38 3325 0 100 154251608 1.90777 1.90777
2 3335 0 100 88858720 2.20777 2.20777
17 3328 0 100 154243080 2.20777 2.20777
26 3340 0 100 154245536 2.70777 2.70777
13 3323 0 100 88874756 2.80777 2.80777
46 3327 0 100 154286320 2.80777 2.80777
8 3334 0 100 56195116 2.90777 2.90777
28 3341 0 100 154258952 2.90777 2.90777
40 3375 0 100 154278184 2.90777 2.90777
3 3318 0 100 154305208 3.00777 3.00777
4 3371 0 100 56204560 3.10777 3.10777
36 3354 0 100 88873888 3.20777 3.20777
49 3315 0 100 88870720 3.30777 3.30777
48 3352 0 100 121527620 3.30777 3.30777
32 3314 0 100 56207910 3.40777 3.40777
41 3345 0 100 121553402 3.50777 3.50777
45 3365 0 100 88866860 3.60777 3.60777
18 3360 0 100 154265968 3.70777 3.70777
20 3356 0 100 121554326 3.80777 3.80777
42 3331 0 100 88865560 3.90777 3.90777
35 3346 0 100 154247808 4.10777 4.10777
5 3370 0 100 154269264 4.10777 4.10777
30 3350 0 100 121574312 4.20777 4.20777
7 3367 0 100 154261136 4.20777 4.20777
47 3351 0 100 154287032 4.20777 4.20777
37 3343 0 100 154300960 4.20777 4.20777
24 3372 0 100 154277008 4.50777 4.50777
22 3357 0 100 88871320 4.60777 4.60777
29 3324 0 100 121574378 4.60777 4.60777
9 3378 0 100 88866172 4.80777 4.80777
16 3358 0 100 56206906 4.90777 4.90777
23 3336 0 100 121564916 5.40777 5.40777
19 3338 0 100 154255552 5.40777 5.40777
11 3366 0 100 154275744 5.60777 5.60777
34 3311 0 100 88866180 5.90777 5.90777
14 3321 0 100 56202712 6.00777 6.00777
39 3347 0 100 88864352 6.00777 6.00777
33 3320 0 100 121553324 6.00777 6.00777
10 3342 0 100 121566074 6.00777 6.00777
15 3362 0 100 121536848 6.10777 6.10777
1 3339 0 100 121568732 6.10777 6.10777
6 3379 0 100 154295776 6.60777 6.60777
50 3348 0 100 121534214 6.70777 6.70777
43 3374 0 100 121531094 7.00777 7.00777
12 3377 0 100 154243888 7.00777 7.00777
25 3368 0 100 121538912 7.30777 7.30777
31 3361 0 100 56202016 7.40777 7.40777
27 3364 0 100 121555604 7.50777 7.50777
