15 4414 0 100 154244744 1.35552 1.35552
32 4411 0 100 121546070 1.45552 1.45552
78 4424 0 100 121561106 1.65552 1.65552
86 4427 0 100 121564718 1.65552 1.65552
88 4436 0 100 56205564 1.85552 1.85552
21 4466 0 100 88859812 2.05552 2.05552
55 4476 0 100 121554176 2.15552 2.15552
59 4433 0 100 121562624 2.15552 2.15552
17 4417 0 100 154275720 2.35552 2.35552
13 4449 0 100 121563206 2.45552 2.45552
48 4420 0 100 154300640 2.45552 2.45552
6 4440 0 100 56205796 2.55552 2.55552
16 4478 0 100 88858080 2.85552 2.85552
68 4470 0 100 88869712 2.85552 2.85552
100 4503 0 100 121541840 2.85552 2.85552
98 4481 0 100 88855356 2.95552 2.95552
44 4448 0 100 154253912 2.95552 2.95552
91 4426 0 100 121561100 3.05552 3.05552
49 4521 0 100 154300880 3.05552 3.05552
34 4452 0 100 88868240 3.15552 3.15552
84 4496 0 100 121568726 3.15552 3.15552
18 4443 0 100 56199998 3.25552 3.25552
96 4462 0 100 56206198 3.35552 3.35552
75 4499 0 100 88853704 3.35552 3.35552
41 4435 0 100 56204028 3.45552 3.45552
82 4510 0 100 88869800 3.45552 3.45552
95 4514 0 100 121554032 3.45552 3.45552
74 4425 0 100 121558910 3.45552 3.45552
10 4508 0 100 121563974 3.45552 3.45552
61 4472 0 100 121550738 3.65552 3.65552
72 4489 0 100 121569320 3.65552 3.65552
37 4437 0 100 121570778 3.65552 3.65552
54 4451 0 100 121532906 3.75552 3.75552
25 4491 0 100 121548224 3.75552 3.75552
29 4486 0 100 121533218 3.85552 3.85552
53 4512 0 100 88875912 3.95552 3.95552
69 4461 0 100 121549694 4.05552 4.05552
76 4495 0 100 121555988 4.05552 4.05552
40 4442 0 100 121555598 4.15552 4.15552
70 4428 0 100 88847076 4.25552 4.25552
35 4431 0 100 121529222 4.25552 4.25552
14 4438 0 100 154280128 4.25552 4.25552
62 4413 0 100 154284848 4.25552 4.25552
2 4446 0 100 88845692 4.35552 4.35552
22 4473 0 100 88873128 4.35552 4.35552
36 4459 0 100 154246632 4.35552 4.35552
64 4526 0 100 154305504 4.35552 4.35552
9 4501 0 100 88866572 4.45552 4.45552
79 4516 0 100 121544744 4.45552 4.45552
33 4494 0 100 88873260 4.55552 4.55552
50 4497 0 100 121562924 4.65552 4.65552
92 4419 0 100 56205282 4.85552 4.85552
23 4482 0 100 121560872 4.85552 4.85552
24 4422 0 100 88864020 4.95552 4.95552
83 4500 0 100 88871708 5.05552 5.05552
81 4483 0 100 121566698 5.05552 5.05552
93 4528 0 100 56201664 5.45552 5.45552
7 4434 0 100 154286912 5.45552 5.45552
67 4458 0 100 121539206 5.55552 5.55552
65 4444 0 100 121559606 5.55552 5.55552
57 4430 0 100 121572716 5.55552 5.55552
90 4520 0 100 154282856 5.55552 5.55552
4 4464 0 100 154292728 5.55552 5.55552
26 4418 0 100 154263664 5.65552 5.65552
71 4479 0 100 154274320 5.65552 5.65552
60 4423 0 100 88866576 5.75552 5.75552
11 4492 0 100 88870848 5.75552 5.75552
99 4475 0 100 121538348 5.85552 5.85552
63 4429 0 100 154300280 5.85552 5.85552
94 4412 0 100 121569140 5.95552 5.95552
19 4415 0 100 121572578 5.95552 5.95552
51 4467 0 100 121543790 6.05552 6.05552
30 4477 0 100 154244024 6.05552 6.05552
39 4484 0 100 154268008 6.05552 6.05552
80 4519 0 100 154282480 6.05552 6.05552
5 4454 0 100 154250760 6.15552 6.15552
45 4529 0 100 88863756 6.25552 6.25552
58 4465 0 100 88871064 6.25552 6.25552
3 4455 0 100 121539488 6.25552 6.25552
43 4502 0 100 154287968 6.25552 6.25552
38 4490 0 100 121528076 6.35552 6.35552
73 4441 0 100 154286784 6.45552 6.45552
46 4457 0 100 154292016 6.45552 6.45552
12 4469 0 100 56202808 6.55552 6.55552
77 4447 0 100 154260296 6.55552 6.55552
89 4460 0 100 88869284 6.65552 6.65552
31 4453 0 100 121566440 6.65552 6.65552
66 4513 0 100 154266840 6.65552 6.65552
87 4523 0 100 121527386 6.75552 6.75552
20 4522 0 100 121539962 6.75552 6.75552
8 4471 0 100 154273920 6.75552 6.75552
27 4505 0 100 121558796 7.25552 7.25552
42 4504 0 100 88870124 7.35552 7.35552
97 4517 0 100 88870268 7.45552 7.45552
47 4525 0 100 121545482 7.45552 7.45552
56 4509 0 100 154259832 7.65552 7.65552
52 4527 0 100 88874284 8.15552 8.15552
