14 2776 0 100 56205016 1.9555 1.9555
9 2787 0 100 88865724 2.7555 2.7555
7 2779 0 100 121572524 2.9555 2.9555
12 2783 0 100 154252776 3.0555 3.0555
8 2777 0 100 121568216 3.4555 3.4555
20 2805 0 100 88856280 3.5555 3.5555
10 2796 0 100 88866096 3.5555 3.5555
1 2800 0 100 154261368 3.5555 3.5555
5 2803 0 100 88867184 3.8555 3.8555
2 2792 0 100 154301656 3.9555 3.9555
18 2809 0 100 88873848 4.4555 4.4555
13 2794 0 100 121546490 4.5555 4.5555
3 2791 0 100 121542500 4.7555 4.7555
16 2771 0 100 154249120 5.0555 5.0555
11 2785 0 100 121552646 5.3555 5.3555
15 2780 0 100 88873584 5.4555 5.4555
4 2789 0 100 154255064 5.5555 5.5555
19 2802 0 100 121529642 5.6555 5.6555
17 2807 0 100 154299504 6.0555 6.0555
6 2793 0 100 154282904 6.8555 6.8555
