15 0.8 0.016 0.784
15 0.784 0.16 0.624
32 0.8 0.16 0.64
32 0.714856 0.016 0.698856
32 0.698856 0.16 0.538856
78 0.8 0.016 0.784
86 0.8 0.016 0.784
78 0.784 0.16 0.624
86 0.784 0.16 0.624
88 0.8 0.016 0.784
88 0.784 0.16 0.624
21 0.8 0.016 0.784
21 0.784 0.16 0.624
55 0.8 0.016 0.784
59 0.8 0.016 0.784
55 0.784 0.16 0.624
59 0.784 0.16 0.624
17 0.8 0.016 0.784
17 0.784 0.16 0.624
6 0.8 0.16 0.64
13 0.8 0.16 0.64
48 0.8 0.16 0.64
13 0.717851 0.016 0.701851
48 0.715134 0.016 0.699134
13 0.701851 0.16 0.541851
6 0.713226 0.16 0.553226
48 0.699134 0.16 0.539134
48 0.539134 0.16 0.379134
6 0.553226 0.16 0.393226
6 0.464145 0.016 0.448145
6 0.448145 0.16 0.288145
16 0.8 0.016 0.784
68 0.8 0.016 0.784
100 0.8 0.016 0.784
16 0.784 0.16 0.624
68 0.784 0.16 0.624
98 0.8 0.16 0.64
100 0.784 0.16 0.624
98 0.64 0.16 0.48
100 0.624 0.16 0.464
100 0.464 0.16 0.304
44 0.8 0.16 0.64
98 0.48 0.16 0.32
44 0.711302 0.016 0.695302
98 0.399208 0.016 0.383208
98 0.383208 0.16 0.223208
44 0.695302 0.16 0.535302
44 0.535302 0.16 0.375302
91 0.8 0.16 0.64
49 0.8 0.016 0.784
91 0.712871 0.016 0.696871
91 0.696871 0.16 0.536871
34 0.8 0.16 0.64
49 0.784 0.16 0.624
84 0.8 0.16 0.64
49 0.624 0.16 0.464
34 0.64 0.16 0.48
84 0.64 0.16 0.48
34 0.554478 0.016 0.538478
84 0.558077 0.016 0.542077
34 0.538478 0.16 0.378478
18 0.8 0.16 0.64
84 0.542077 0.16 0.382077
84 0.382077 0.16 0.222077
18 0.64 0.16 0.48
18 0.555911 0.016 0.539911
18 0.539911 0.16 0.379911
75 0.8 0.16 0.64
96 0.8 0.16 0.64
75 0.712345 0.016 0.696345
96 0.71962 0.016 0.70362
96 0.70362 0.16 0.54362
41 0.8 0.16 0.64
75 0.696345 0.16 0.536345
82 0.8 0.16 0.64
95 0.8 0.16 0.64
75 0.536345 0.16 0.376345
41 0.64 0.16 0.48
95 0.64 0.16 0.48
1 0.8 0.016 0.784
10 0.8 0.016 0.784
41 0.558006 0.016 0.542006
74 0.8 0.016 0.784
82 0.719953 0.016 0.703953
95 0.555714 0.016 0.539714
41 0.542006 0.16 0.382006
1 0.784 0.16 0.624
10 0.784 0.16 0.624
74 0.784 0.16 0.624
82 0.703953 0.16 0.543953
95 0.539714 0.16 0.379714
82 0.543953 0.16 0.383953
1 0.624 0.16 0.464
10 0.624 0.16 0.464
74 0.624 0.16 0.464
95 0.379714 0.16 0.219714
95 0.219714 0.16 0.0597144
74 0.464 0.16 0.304
10 0.464 0.16 0.304
1 0.464 0.16 0.304
1 0.304 0.16 0.144
1 0.144 0.16 -0.016
1 0.0798136 0.016 0.0638136
37 0.8 0.016 0.784
61 0.8 0.016 0.784
72 0.8 0.016 0.784
61 0.784 0.16 0.624
72 0.784 0.16 0.624
37 0.784 0.16 0.624
25 0.8 0.16 0.64
54 0.8 0.16 0.64
25 0.64 0.16 0.48
54 0.64 0.16 0.48
25 0.48 0.16 0.32
54 0.48 0.16 0.32
25 0.394172 0.016 0.378172
54 0.39398 0.016 0.37798
54 0.37798 0.16 0.21798
25 0.378172 0.16 0.218172
29 0.8 0.16 0.64
29 0.64 0.16 0.48
29 0.558457 0.016 0.542457
29 0.542457 0.16 0.382457
53 0.8 0.16 0.64
53 0.711856 0.016 0.695856
53 0.695856 0.16 0.535856
69 0.8 0.16 0.64
76 0.8 0.16 0.64
1 0.361305 0.16 0.201305
69 0.716421 0.016 0.700421
76 0.714746 0.016 0.698746
1 0.276625 0.16 0.116625
69 0.700421 0.16 0.540421
76 0.698746 0.16 0.538746
40 0.8 0.16 0.64
40 0.716315 0.016 0.700315
40 0.700315 0.16 0.540315
35 0.8 0.16 0.64
70 0.8 0.16 0.64
14 0.8 0.016 0.784
35 0.716553 0.016 0.700553
62 0.8 0.016 0.784
70 0.713743 0.016 0.697743
70 0.697743 0.16 0.537743
2 0.8 0.16 0.64
14 0.784 0.16 0.624
22 0.8 0.16 0.64
35 0.700553 0.16 0.540553
62 0.784 0.16 0.624
35 0.540553 0.16 0.380553
2 0.64 0.16 0.48
62 0.624 0.16 0.464
14 0.624 0.16 0.464
62 0.464 0.16 0.304
2 0.48 0.16 0.32
22 0.64 0.16 0.48
36 0.8 0.16 0.64
64 0.8 0.16 0.64
2 0.32 0.16 0.16
22 0.48 0.16 0.32
36 0.64 0.16 0.48
64 0.64 0.16 0.48
2 0.23035 0.016 0.21435
22 0.393262 0.016 0.377262
36 0.55866 0.016 0.54266
64 0.559724 0.016 0.543724
2 0.21435 0.16 0.05435
22 0.377262 0.16 0.217262
36 0.54266 0.16 0.38266
64 0.543724 0.16 0.383724
9 0.8 0.16 0.64
36 0.38266 0.16 0.22266
64 0.383724 0.16 0.223724
36 0.22266 0.16 0.0626601
64 0.223724 0.16 0.0637241
9 0.64 0.16 0.48
79 0.8 0.16 0.64
9 0.48 0.16 0.32
9 0.396049 0.016 0.380049
79 0.717194 0.016 0.701194
9 0.380049 0.16 0.220049
33 0.8 0.16 0.64
79 0.701194 0.16 0.541194
79 0.541194 0.16 0.381194
33 0.64 0.16 0.48
33 0.552546 0.016 0.536546
33 0.536546 0.16 0.376546
50 0.8 0.16 0.64
50 0.718793 0.016 0.702793
50 0.702793 0.16 0.542793
23 0.8 0.016 0.784
92 0.8 0.016 0.784
92 0.784 0.16 0.624
23 0.784 0.16 0.624
24 0.8 0.16 0.64
23 0.624 0.16 0.464
24 0.64 0.16 0.48
24 0.556905 0.016 0.540905
24 0.540905 0.16 0.380905
81 0.8 0.16 0.64
81 0.713933 0.016 0.697933
83 0.8 0.016 0.784
83 0.784 0.16 0.624
81 0.697933 0.16 0.537933
81 0.537933 0.16 0.377933
7 0.8 0.016 0.784
93 0.8 0.016 0.784
93 0.784 0.16 0.624
7 0.784 0.16 0.624
7 0.624 0.16 0.464
57 0.8 0.16 0.64
65 0.8 0.16 0.64
67 0.8 0.16 0.64
4 0.8 0.016 0.784
57 0.718798 0.016 0.702798
65 0.711446 0.016 0.695446
67 0.714582 0.016 0.698582
90 0.8 0.016 0.784
67 0.698582 0.16 0.538582
65 0.695446 0.16 0.535446
57 0.702798 0.16 0.542798
4 0.784 0.16 0.624
28 0.8 0.16 0.64
90 0.784 0.16 0.624
4 0.624 0.16 0.464
26 0.8 0.16 0.64
28 0.64 0.16 0.48
71 0.8 0.16 0.64
85 0.8 0.16 0.64
90 0.624 0.16 0.464
4 0.464 0.16 0.304
26 0.64 0.16 0.48
28 0.48 0.16 0.32
90 0.464 0.16 0.304
90 0.304 0.16 0.144
4 0.304 0.16 0.144
26 0.48 0.16 0.32
28 0.32 0.16 0.16
60 0.8 0.16 0.64
71 0.64 0.16 0.48
85 0.64 0.16 0.48
26 0.32 0.16 0.16
28 0.16 0.16 -5.55112e-17
60 0.64 0.16 0.48
71 0.48 0.16 0.32
85 0.48 0.16 0.32
26 0.235746 0.016 0.219746
28 0.0786522 0.016 0.0626522
71 0.390365 0.016 0.374365
26 0.219746 0.16 0.0597463
71 0.374365 0.16 0.214365
11 0.8 0.16 0.64
28 0.0626522 0.16 -0.0973478
60 0.554054 0.16 0.394054
85 0.392323 0.16 0.232323
11 0.64 0.16 0.48
28 0 0.16 -0.16
60 0.394054 0.16 0.234054
85 0.232323 0.16 0.0723233
11 0.557953 0.016 0.541953
28 0.0774189 0.016 0.0614189
60 0.307061 0.016 0.291061
85 0.147728 0.016 0.131728
60 0.291061 0.16 0.131061
11 0.541953 0.16 0.381953
28 0.0614189 0.16 -0.0985811
85 0.131728 0.16 -0.0282719
85 0 0.16 -0.16
99 0.8 0.16 0.64
63 0.8 0.016 0.784
99 0.712622 0.016 0.696622
99 0.696622 0.16 0.536622
63 0.784 0.16 0.624
94 0.8 0.16 0.64
63 0.624 0.16 0.464
19 0.8 0.16 0.64
94 0.64 0.16 0.48
19 0.716401 0.016 0.700401
94 0.554354 0.016 0.538354
94 0.538354 0.16 0.378354
19 0.700401 0.16 0.540401
30 0.8 0.16 0.64
39 0.8 0.16 0.64
51 0.8 0.16 0.64
30 0.71902 0.016 0.70302
39 0.712705 0.016 0.696705
51 0.71602 0.016 0.70002
80 0.8 0.016 0.784
51 0.70002 0.16 0.54002
30 0.70302 0.16 0.54302
39 0.696705 0.16 0.536705
80 0.784 0.16 0.624
30 0.54302 0.16 0.38302
39 0.536705 0.16 0.376705
80 0.624 0.16 0.464
5 0.8 0.16 0.64
5 0.64 0.16 0.48
58 0.8 0.16 0.64
5 0.550127 0.016 0.534127
28 0.303355 0.16 0.143355
85 0.294909 0.16 0.134909
5 0.534127 0.16 0.374127
3 0.8 0.16 0.64
43 0.8 0.16 0.64
45 0.8 0.16 0.64
58 0.711934 0.16 0.551934
3 0.716818 0.016 0.700818
43 0.71959 0.016 0.70359
45 0.712291 0.016 0.696291
58 0.624907 0.016 0.608907
45 0.696291 0.16 0.536291
58 0.608907 0.16 0.448907
3 0.700818 0.16 0.540818
38 0.8 0.16 0.64
43 0.70359 0.16 0.54359
3 0.540818 0.16 0.380818
38 0.64 0.16 0.48
43 0.54359 0.16 0.38359
3 0.380818 0.16 0.220818
28 0.21882 0.16 0.0588203
85 0.205929 0.16 0.0459295
38 0.48 0.16 0.32
43 0.38359 0.16 0.22359
43 0.22359 0.16 0.0635896
38 0.32 0.16 0.16
38 0.230186 0.016 0.214186
38 0.214186 0.16 0.0541861
46 0.8 0.016 0.784
73 0.8 0.016 0.784
73 0.784 0.16 0.624
46 0.784 0.16 0.624
12 0.8 0.16 0.64
12 0.64 0.16 0.48
77 0.8 0.16 0.64
12 0.555825 0.016 0.539825
77 0.719032 0.016 0.703032
12 0.539825 0.16 0.379825
77 0.703032 0.16 0.543032
89 0.8 0.16 0.64
77 0.543032 0.16 0.383032
31 0.8 0.16 0.64
66 0.8 0.16 0.64
89 0.64 0.16 0.48
31 0.7104 0.016 0.6944
66 0.71592 0.016 0.69992
89 0.552637 0.016 0.536637
89 0.536637 0.16 0.376637
20 0.8 0.16 0.64
31 0.6944 0.16 0.5344
66 0.69992 0.16 0.53992
87 0.8 0.16 0.64
31 0.5344 0.16 0.3744
20 0.64 0.16 0.48
66 0.53992 0.16 0.37992
87 0.64 0.16 0.48
66 0.37992 0.16 0.21992
20 0.48 0.16 0.32
87 0.48 0.16 0.32
8 0.8 0.016 0.784
20 0.399314 0.016 0.383314
87 0.392553 0.016 0.376553
87 0.376553 0.16 0.216553
20 0.383314 0.16 0.223314
8 0.784 0.16 0.624
8 0.624 0.16 0.464
8 0.464 0.16 0.304
27 0.8 0.016 0.784
27 0.784 0.16 0.624
42 0.8 0.016 0.784
42 0.784 0.16 0.624
47 0.8 0.16 0.64
47 0.71528 0.016 0.69928
97 0.8 0.016 0.784
97 0.784 0.16 0.624
47 0.69928 0.16 0.53928
47 0.53928 0.16 0.37928
56 0.8 0.016 0.784
56 0.784 0.16 0.624
52 0.8 0.016 0.784
52 0.784 0.16 0.624
