0 2930
0 2931
0 2932
0 2933
0 2934
0 2935
0 2936
0 2937
0 2938
0 2939
0 2940
0 2941
0 2945
0 2948
0 2951
23 2943
0 2955
0 2960
0 2961
0 2963
0 2965
28 2964
0 2966
0 2967
8 2953
0 2968
0 2974
0 2975
24 2970
0 2976
0 2980
17 2962
0 2984
0 2986
15 2969
0 2988
0 2990
0 2991
12 2989
0 2992
0 2993
26 2954
16 2959
0 2994
19 2979
20 2944
0 2995
18 2972
0 2996
0 2997
0 2998
0 2999
1 2946
0 3000
11 2958
0 3001
0 3002
7 2983
0 3003
5 2942
0 3004
0 3005
2 2947
0 3006
22 2987
0 3007
10 2982
0 3008
0 3009
0 3010
0 3011
0 3012
0 3013
0 3014
0 3015
21 2973
0 3016
0 3017
0 3018
0 3019
0 3020
3 2949
0 3021
9 2952
0 3022
0 3023
25 2950
0 3024
0 3025
14 2957
30 2956
0 3026
4 2978
13 2977
0 3027
27 2971
0 3028
0 3029
0 3030
0 3031
6 2981
0 3032
0 3033
0 3034
0 3035
29 2985
0 3036
0 3037
0 3038
0 3039
0 3040
0 3041
0 3042
0 3043
0 3044
0 3045
0 3046
0 3047
0 3048
0 3049
0 3050
0 3051
0 3052
0 3053
0 3054
0 3055
0 3056
0 3057
0 3058
0 3059
0 3060
0 3061
0 3062
0 3063
0 3064
0 3065
0 3066
0 3067
0 3068
0 3069
0 3070
0 3071
0 3072
0 3073
0 3074
0 3075
0 3076
0 3077
0 3078
0 3079
0 3080
0 3081
0 3082
0 3083
0 3084
0 3085
0 3086
0 3087
0 3088
0 3089
0 3090
0 3091
0 3092
0 3093
0 3094
0 3095
0 3096
0 3097
0 3098
0 3099
0 3100
0 3101
0 3102
0 3103
0 3104
0 3105
0 3106
0 3107
0 3108
0 3109
