23 0.8 0.016 0.784
23 0.784 0.16 0.624
28 0.8 0.016 0.784
28 0.784 0.16 0.624
8 0.8 0.016 0.784
8 0.784 0.16 0.624
24 0.8 0.016 0.784
24 0.784 0.16 0.624
17 0.8 0.016 0.784
17 0.784 0.16 0.624
15 0.8 0.016 0.784
15 0.784 0.16 0.624
12 0.8 0.016 0.784
12 0.784 0.16 0.624
16 0.8 0.016 0.784
26 0.8 0.016 0.784
26 0.784 0.16 0.624
16 0.784 0.16 0.624
19 0.8 0.16 0.64
19 0.64 0.16 0.48
20 0.8 0.16 0.64
19 0.557643 0.016 0.541643
20 0.711952 0.016 0.695952
19 0.541643 0.16 0.381643
18 0.8 0.16 0.64
20 0.695952 0.16 0.535952
20 0.535952 0.16 0.375952
18 0.64 0.16 0.48
18 0.555018 0.016 0.539018
18 0.539018 0.16 0.379018
1 0.8 0.016 0.784
1 0.784 0.16 0.624
11 0.8 0.016 0.784
11 0.784 0.16 0.624
7 0.8 0.016 0.784
7 0.784 0.16 0.624
5 0.8 0.016 0.784
5 0.784 0.16 0.624
2 0.8 0.016 0.784
2 0.784 0.16 0.624
22 0.8 0.016 0.784
22 0.784 0.16 0.624
10 0.8 0.16 0.64
10 0.714273 0.016 0.698273
10 0.698273 0.16 0.538273
21 0.8 0.016 0.784
21 0.784 0.16 0.624
3 0.8 0.016 0.784
3 0.784 0.16 0.624
9 0.8 0.016 0.784
9 0.784 0.16 0.624
25 0.8 0.016 0.784
25 0.784 0.16 0.624
14 0.8 0.016 0.784
30 0.8 0.016 0.784
14 0.784 0.16 0.624
30 0.784 0.16 0.624
4 0.8 0.16 0.64
4 0.715673 0.016 0.699673
13 0.8 0.016 0.784
4 0.699673 0.16 0.539673
13 0.784 0.16 0.624
27 0.8 0.16 0.64
13 0.624 0.16 0.464
27 0.64 0.16 0.48
27 0.551569 0.016 0.535569
27 0.535569 0.16 0.375569
6 0.8 0.016 0.784
6 0.784 0.16 0.624
29 0.8 0.016 0.784
29 0.784 0.16 0.624
