57 3533 0 100 154306160 1.77197 1.77197
46 3518 0 100 154249800 1.87197 1.87197
30 3528 0 100 154300584 1.87197 1.87197
54 3511 0 100 88871580 2.17197 2.17197
34 3525 0 100 154301632 2.47197 2.47197
47 3545 0 100 154287704 2.57197 2.57197
31 3534 0 100 88852280 2.77197 2.77197
2 3578 0 100 154297168 2.77197 2.77197
39 3566 0 100 154298064 2.87197 2.87197
59 3556 0 100 154304048 2.87197 2.87197
28 3565 0 100 88859008 2.97197 2.97197
4 3524 0 100 121551200 2.97197 2.97197
25 3544 0 100 121564022 3.07197 3.07197
14 3569 0 100 154249824 3.27197 3.27197
6 3522 0 100 121532216 3.37197 3.37197
45 3512 0 100 154293904 3.37197 3.37197
26 3521 0 100 154274792 3.47197 3.47197
15 3540 0 100 121549982 3.57197 3.57197
17 3581 0 100 121568522 3.57197 3.57197
20 3570 0 100 154287152 3.57197 3.57197
35 3557 0 100 154278600 3.67197 3.67197
42 3543 0 100 88850872 3.97197 3.97197
11 3549 0 100 88852180 3.97197 3.97197
22 3526 0 100 88845960 4.37197 4.37197
55 3542 0 100 88851612 4.37197 4.37197
12 3564 0 100 56206592 4.57197 4.57197
32 3559 0 100 88868672 4.57197 4.57197
44 3530 0 100 121564232 4.57197 4.57197
58 3538 0 100 88875852 4.67197 4.67197
53 3558 0 100 121556372 4.77197 4.77197
23 3573 0 100 121557278 4.77197 4.77197
29 3547 0 100 154253128 4.77197 4.77197
41 3575 0 100 88855740 4.87197 4.87197
16 3552 0 100 88868316 4.97197 4.97197
13 3576 0 100 121572638 4.97197 4.97197
50 3514 0 100 121532888 5.37197 5.37197
48 3554 0 100 121553900 5.37197 5.37197
27 3550 0 100 121568828 5.37197 5.37197
33 3583 0 100 154258344 5.37197 5.37197
9 3531 0 100 154264856 5.37197 5.37197
52 3513 0 100 154270416 5.37197 5.37197
1 3546 0 100 88851176 5.57197 5.57197
38 3520 0 100 121556030 5.57197 5.57197
43 3516 0 100 154251112 5.57197 5.57197
51 3572 0 100 121548596 5.67197 5.67197
8 3568 0 100 121560170 5.77197 5.77197
18 3517 0 100 121527788 6.07197 6.07197
40 3536 0 100 121546400 6.17197 6.17197
3 3562 0 100 154282112 6.17197 6.17197
24 3588 0 100 88872524 6.47197 6.47197
10 3586 0 100 154261208 6.47197 6.47197
56 3567 0 100 154272912 6.67197 6.67197
7 3561 0 100 154277680 6.67197 6.67197
19 3580 0 100 121561298 6.77197 6.77197
36 3577 0 100 154287848 6.77197 6.77197
5 3582 0 100 56203684 6.97197 6.97197
60 3585 0 100 121574630 7.67197 7.67197
21 3587 0 100 88862184 7.87197 7.87197
