0 4160
0 4161
0 4162
0 4163
0 4164
0 4165
0 4166
0 4167
0 4168
0 4169
0 4170
0 4175
88 4174
0 4181
89 4177
0 4184
37 4179
0 4188
0 4190
15 4187
0 4196
0 4199
0 4209
0 4213
0 4220
84 4215
71 4202
0 4227
40 4197
0 4236
0 4241
23 4178
0 4246
29 4192
0 4250
12 4240
0 4257
31 4226
14 4230
0 4264
20 4261
0 4269
63 4171
0 4276
18 4191
0 4280
10 4198
0 4281
17 4173
59 4267
73 4208
0 4282
0 4283
19 4263
26 4266
70 4183
0 4284
24 4277
9 4252
0 4285
27 4205
0 4286
33 4243
0 4287
78 4229
21 4207
0 4288
61 4211
8 4225
5 4268
0 4289
81 4203
22 4224
0 4290
2 4239
0 4291
36 4273
45 4222
0 4292
32 4182
52 4206
35 4235
0 4293
74 4274
0 4294
48 4223
65 4189
0 4295
39 4245
0 4296
47 4270
54 4238
28 4195
0 4297
7 4212
0 4298
41 4200
53 4218
34 4172
0 4299
51 4186
72 4271
87 4176
0 4300
49 4194
1 4279
85 4233
0 4301
0 4302
0 4303
0 4304
58 4221
11 4217
46 4255
44 4204
25 4231
0 4305
67 4232
0 4306
16 4180
0 4307
0 4308
66 4242
0 4309
90 4272
79 4251
0 4310
75 4237
82 4201
0 4311
60 4244
50 4185
82 4201
62 4249
0 4312
0 4313
56 4275
13 4193
0 4314
4 4216
0 4315
6 4210
77 4265
43 4219
0 4316
0 4317
57 4234
30 4228
0 4318
0 4319
0 4320
3 4258
55 4254
0 4321
83 4214
64 4260
69 4247
76 4248
0 4322
68 4256
86 4262
0 4323
80 4253
0 4324
42 4259
0 4325
0 4326
0 4327
0 4328
38 4278
0 4329
0 4330
0 4331
0 4332
0 4333
0 4334
0 4335
0 4336
0 4337
0 4338
0 4339
0 4340
0 4341
0 4342
0 4343
0 4344
0 4345
0 4346
0 4347
0 4348
0 4349
0 4350
0 4351
0 4352
0 4353
0 4354
0 4355
0 4356
0 4357
0 4358
0 4359
0 4360
0 4361
0 4362
0 4363
0 4364
0 4365
0 4366
0 4367
0 4368
0 4369
0 4370
0 4371
0 4372
0 4373
0 4374
0 4375
0 4376
0 4377
0 4378
0 4379
0 4380
0 4381
0 4382
0 4383
0 4384
0 4385
0 4386
0 4387
0 4388
0 4389
0 4390
0 4391
0 4392
0 4393
0 4394
0 4395
0 4396
0 4397
0 4398
0 4399
