0 4400
0 4401
0 4402
0 4403
0 4404
0 4405
0 4406
0 4407
0 4408
0 4409
0 4410
0 4416
0 4421
0 4432
15 4414
0 4439
32 4411
0 4445
0 4450
78 4424
86 4427
0 4456
0 4463
88 4436
0 4468
0 4474
21 4466
0 4480
55 4476
59 4433
0 4485
0 4488
17 4417
0 4493
13 4449
48 4420
0 4498
6 4440
0 4506
0 4507
0 4518
16 4478
68 4470
100 4503
0 4524
98 4481
44 4448
0 4530
91 4426
49 4521
0 4531
34 4452
84 4496
0 4532
18 4443
0 4533
96 4462
75 4499
0 4534
41 4435
82 4510
95 4514
74 4425
10 4508
0 4535
0 4536
61 4472
72 4489
37 4437
0 4537
54 4451
25 4491
0 4538
29 4486
0 4539
53 4512
1 4515
0 4540
1 4515
69 4461
76 4495
0 4541
40 4442
0 4542
70 4428
35 4431
14 4438
62 4413
0 4543
2 4446
22 4473
36 4459
64 4526
0 4544
9 4501
79 4516
0 4545
33 4494
0 4546
50 4497
0 4547
0 4548
92 4419
23 4482
0 4549
24 4422
0 4550
83 4500
81 4483
0 4551
0 4552
0 4553
0 4554
93 4528
7 4434
0 4555
67 4458
65 4444
57 4430
90 4520
4 4464
0 4556
26 4418
71 4479
0 4557
60 4423
11 4492
0 4558
99 4475
63 4429
0 4559
94 4412
19 4415
0 4560
51 4467
30 4477
39 4484
80 4519
0 4561
28 4511
5 4454
0 4562
45 4529
58 4465
3 4455
85 4487
28 4511
43 4502
0 4563
38 4490
0 4564
73 4441
46 4457
0 4565
12 4469
77 4447
0 4566
89 4460
31 4453
66 4513
0 4567
87 4523
20 4522
8 4471
0 4568
0 4569
0 4570
0 4571
0 4572
27 4505
0 4573
42 4504
0 4574
97 4517
47 4525
0 4575
0 4576
56 4509
0 4577
0 4578
0 4579
0 4580
0 4581
52 4527
0 4582
0 4583
0 4584
0 4585
0 4586
0 4587
0 4588
0 4589
0 4590
0 4591
0 4592
0 4593
0 4594
0 4595
0 4596
0 4597
0 4598
0 4599
0 4600
0 4601
0 4602
0 4603
0 4604
0 4605
0 4606
0 4607
0 4608
0 4609
0 4610
0 4611
0 4612
0 4613
0 4614
0 4615
0 4616
0 4617
0 4618
0 4619
0 4620
0 4621
0 4622
0 4623
0 4624
0 4625
0 4626
0 4627
0 4628
0 4629
0 4630
0 4631
0 4632
0 4633
0 4634
0 4635
0 4636
0 4637
0 4638
0 4639
0 4640
0 4641
0 4642
0 4643
0 4644
0 4645
0 4646
0 4647
0 4648
0 4649
