0 3300
0 3301
0 3302
0 3303
0 3304
0 3305
0 3306
0 3307
0 3308
0 3309
0 3310
0 3313
0 3316
0 3319
0 3322
0 3326
0 3329
0 3330
21 3317
0 3332
44 3312
0 3333
38 3325
0 3337
0 3344
0 3349
2 3335
17 3328
0 3353
0 3355
0 3359
0 3363
0 3369
26 3340
0 3373
13 3323
46 3327
0 3376
8 3334
28 3341
40 3375
0 3380
3 3318
0 3381
4 3371
0 3382
36 3354
0 3383
49 3315
48 3352
0 3384
32 3314
0 3385
41 3345
0 3386
45 3365
0 3387
18 3360
0 3388
20 3356
0 3389
42 3331
0 3390
0 3391
35 3346
5 3370
0 3392
30 3350
7 3367
47 3351
37 3343
0 3393
0 3394
0 3395
24 3372
0 3396
22 3357
29 3324
0 3397
0 3398
9 3378
0 3399
16 3358
0 3400
0 3401
0 3402
0 3403
0 3404
23 3336
19 3338
0 3405
0 3406
11 3366
0 3407
0 3408
0 3409
34 3311
0 3410
14 3321
39 3347
33 3320
10 3342
0 3411
15 3362
1 3339
0 3412
0 3413
0 3414
0 3415
0 3416
6 3379
0 3417
50 3348
0 3418
0 3419
0 3420
43 3374
12 3377
0 3421
0 3422
0 3423
25 3368
0 3424
31 3361
0 3425
27 3364
0 3426
0 3427
0 3428
0 3429
0 3430
0 3431
0 3432
0 3433
0 3434
0 3435
0 3436
0 3437
0 3438
0 3439
0 3440
0 3441
0 3442
0 3443
0 3444
0 3445
0 3446
0 3447
0 3448
0 3449
0 3450
0 3451
0 3452
0 3453
0 3454
0 3455
0 3456
0 3457
0 3458
0 3459
0 3460
0 3461
0 3462
0 3463
0 3464
0 3465
0 3466
0 3467
0 3468
0 3469
0 3470
0 3471
0 3472
0 3473
0 3474
0 3475
0 3476
0 3477
0 3478
0 3479
0 3480
0 3481
0 3482
0 3483
0 3484
0 3485
0 3486
0 3487
0 3488
0 3489
0 3490
0 3491
0 3492
0 3493
0 3494
0 3495
0 3496
0 3497
0 3498
0 3499
