5 3941 1.02521
9 3942 1.02559
56 3943 1.09364
67 3945 1.12493
78 3946 1.15868
27 3948 1.25556
25 3949 1.31505
69 3950 1.31506
2 3951 1.32264
3 3953 1.33788
58 3954 1.3752
10 3955 1.38453
44 3956 1.42232
51 3958 1.42613
8 3959 1.44758
55 3960 1.45094
30 3961 1.50709
40 3963 1.61103
18 3965 1.6292
63 3966 1.63458
29 3967 1.64306
74 3968 1.67328
37 3969 1.69931
16 3970 1.70599
60 3971 1.71447
59 3973 1.72458
14 3974 1.76877
41 3975 1.82175
38 3977 1.82913
33 3978 1.84827
47 3980 1.93581
49 3981 1.94841
36 3982 1.95795
48 3983 1.98516
77 3984 1.99248
1 3985 1.99749
68 3986 2.00361
35 3987 2.00847
52 3988 2.01992
11 3989 2.02002
15 3991 2.0575
19 3992 2.08966
65 3993 2.0965
66 3995 2.12572
6 3996 2.19063
22 3997 2.19313
80 3999 2.2802
7 4000 2.297
46 4001 2.31913
4 4003 2.36254
42 4005 2.50603
57 4006 2.52098
43 4007 2.52319
64 4009 2.53835
76 4010 2.61526
73 4011 2.62113
50 4013 2.63058
17 4014 2.63222
34 4015 2.67993
39 4016 2.68682
53 4017 2.68782
12 4018 2.70739
62 4020 2.73481
45 4021 2.75005
71 4022 2.77481
32 4023 2.78358
72 4024 2.78455
61 4025 2.79043
24 4026 2.80333
13 4027 2.81068
75 4028 2.82424
26 4030 2.85156
79 4031 2.85336
70 4032 2.86091
20 4033 2.90866
23 4034 2.91164
31 4035 2.91782
21 4037 2.9551
54 4038 2.97919
28 4039 2.99779
