17 3758 0 100 121564748 1.756 1.756
22 3764 0 100 88860484 1.956 1.956
36 3743 0 100 154288776 1.956 1.956
41 3763 0 100 154304960 2.056 2.056
32 3742 0 100 154254816 2.356 2.356
6 3752 0 100 88871060 2.456 2.456
14 3757 0 100 121531292 2.456 2.456
56 3749 0 100 154297504 2.456 2.456
48 3787 0 100 121544936 2.556 2.556
8 3792 0 100 154250688 2.556 2.556
43 3796 0 100 154259288 2.556 2.556
12 3770 0 100 121566674 2.656 2.656
59 3765 0 100 88864444 2.756 2.756
24 3777 0 100 154264920 2.756 2.756
25 3772 0 100 56205122 2.856 2.856
44 3776 0 100 121546778 3.256 3.256
61 3774 0 100 154246464 3.256 3.256
66 3775 0 100 121544156 3.356 3.356
20 3720 0 100 121528460 3.456 3.456
23 3780 0 100 154270176 3.456 3.456
1 3759 0 100 154280560 3.556 3.556
10 3793 0 100 88855524 3.756 3.756
67 3734 0 100 88868004 3.756 3.756
34 3767 0 100 88852652 3.856 3.856
49 3721 0 100 88871360 3.956 3.956
33 3785 0 100 154262112 3.956 3.956
29 3732 0 100 88847204 4.156 4.156
40 3778 0 100 88848376 4.256 4.256
21 3806 0 100 121528760 4.256 4.256
11 3740 0 100 121536110 4.256 4.256
9 3799 0 100 154286680 4.256 4.256
38 3739 0 100 154298200 4.356 4.356
62 3726 0 100 154285408 4.656 4.656
57 3725 0 100 121530350 4.756 4.756
70 3728 0 100 154244240 4.856 4.856
54 3733 0 100 88849788 4.956 4.956
63 3761 0 100 121563668 4.956 4.956
3 3786 0 100 121568390 5.056 5.056
51 3723 0 100 154257568 5.256 5.256
65 3809 0 100 154247256 5.356 5.356
58 3747 0 100 154299472 5.356 5.356
26 3748 0 100 121550696 5.556 5.556
18 3756 0 100 154262456 5.556 5.556
60 3738 0 100 121537964 5.656 5.656
2 3769 0 100 154278168 5.656 5.656
55 3729 0 100 154243264 5.756 5.756
42 3750 0 100 56208786 5.856 5.856
19 3801 0 100 121556336 5.856 5.856
27 3735 0 100 121561316 5.856 5.856
68 3727 0 100 121573736 6.056 6.056
37 3744 0 100 88869304 6.156 6.156
53 3737 0 100 154247256 6.156 6.156
28 3731 0 100 121546046 6.256 6.256
52 3784 0 100 121567856 6.256 6.256
39 3805 0 100 121558934 6.356 6.356
7 3789 0 100 154302528 6.456 6.456
35 3794 0 100 121527236 6.556 6.556
13 3755 0 100 121552886 6.556 6.556
47 3768 0 100 154295472 6.556 6.556
5 3751 0 100 121566302 6.656 6.656
64 3754 0 100 154259944 6.656 6.656
15 3746 0 100 88868724 6.756 6.756
46 3771 0 100 88871508 6.856 6.856
30 3795 0 100 88852544 6.956 6.956
50 3790 0 100 154259544 6.956 6.956
31 3782 0 100 88861928 7.056 7.056
4 3783 0 100 121568792 7.056 7.056
16 3798 0 100 154271600 7.156 7.156
69 3800 0 100 88845476 7.356 7.356
45 3807 0 100 154264944 7.356 7.356
