0 3500
0 3501
0 3502
0 3503
0 3504
0 3505
0 3506
0 3507
0 3508
0 3509
0 3510
0 3515
0 3519
0 3523
0 3527
0 3529
0 3532
0 3535
57 3533
0 3539
46 3518
30 3528
0 3541
0 3548
0 3551
54 3511
0 3555
0 3560
0 3563
34 3525
0 3571
47 3545
0 3574
0 3579
31 3534
2 3578
0 3584
39 3566
59 3556
0 3589
28 3565
4 3524
0 3590
25 3544
0 3591
0 3592
14 3569
0 3593
6 3522
45 3512
0 3594
26 3521
0 3595
15 3540
17 3581
20 3570
0 3596
35 3557
0 3597
0 3598
0 3599
42 3543
11 3549
0 3600
0 3601
0 3602
0 3603
22 3526
55 3542
0 3604
0 3605
12 3564
32 3559
44 3530
0 3606
58 3538
0 3607
53 3558
23 3573
29 3547
0 3608
41 3575
0 3609
16 3552
13 3576
0 3610
0 3611
0 3612
0 3613
50 3514
48 3554
27 3550
33 3583
9 3531
52 3513
0 3614
0 3615
1 3546
38 3520
43 3516
0 3616
51 3572
0 3617
8 3568
0 3618
0 3619
49 3537
0 3620
18 3517
37 3553
49 3537
0 3621
40 3536
3 3562
0 3622
0 3623
0 3624
24 3588
10 3586
37 3553
0 3625
0 3626
56 3567
7 3561
0 3627
19 3580
36 3577
0 3628
0 3629
5 3582
0 3630
0 3631
0 3632
0 3633
0 3634
0 3635
0 3636
60 3585
0 3637
0 3638
21 3587
0 3639
0 3640
0 3641
0 3642
0 3643
0 3644
0 3645
0 3646
0 3647
0 3648
0 3649
0 3650
0 3651
0 3652
0 3653
0 3654
0 3655
0 3656
0 3657
0 3658
0 3659
0 3660
0 3661
0 3662
0 3663
0 3664
0 3665
0 3666
0 3667
0 3668
0 3669
0 3670
0 3671
0 3672
0 3673
0 3674
0 3675
0 3676
0 3677
0 3678
0 3679
0 3680
0 3681
0 3682
0 3683
0 3684
0 3685
0 3686
0 3687
0 3688
0 3689
0 3690
0 3691
0 3692
0 3693
0 3694
0 3695
0 3696
0 3697
0 3698
0 3699
0 3700
0 3701
0 3702
0 3703
0 3704
0 3705
0 3706
0 3707
0 3708
0 3709
