17 0.8 0.016 0.784
17 0.784 0.16 0.624
22 0.8 0.016 0.784
36 0.8 0.016 0.784
22 0.784 0.16 0.624
36 0.784 0.16 0.624
41 0.8 0.16 0.64
41 0.713362 0.016 0.697362
41 0.697362 0.16 0.537362
32 0.8 0.016 0.784
32 0.784 0.16 0.624
6 0.8 0.16 0.64
14 0.8 0.16 0.64
6 0.713673 0.016 0.697673
14 0.711563 0.016 0.695563
56 0.8 0.016 0.784
6 0.697673 0.16 0.537673
14 0.695563 0.16 0.535563
56 0.784 0.16 0.624
14 0.535563 0.16 0.375563
48 0.8 0.16 0.64
56 0.624 0.16 0.464
56 0.464 0.16 0.304
48 0.64 0.16 0.48
8 0.8 0.016 0.784
43 0.8 0.016 0.784
48 0.553369 0.016 0.537369
48 0.537369 0.16 0.377369
8 0.784 0.16 0.624
8 0.624 0.16 0.464
43 0.784 0.16 0.624
12 0.8 0.016 0.784
12 0.784 0.16 0.624
24 0.8 0.16 0.64
59 0.8 0.16 0.64
24 0.715023 0.016 0.699023
59 0.711798 0.016 0.695798
59 0.695798 0.16 0.535798
24 0.699023 0.16 0.539023
24 0.539023 0.16 0.379023
25 0.8 0.16 0.64
25 0.719293 0.016 0.703293
25 0.703293 0.16 0.543293
44 0.8 0.016 0.784
61 0.8 0.016 0.784
44 0.784 0.16 0.624
61 0.784 0.16 0.624
66 0.8 0.16 0.64
61 0.624 0.16 0.464
66 0.64 0.16 0.48
66 0.555274 0.016 0.539274
66 0.539274 0.16 0.379274
20 0.8 0.16 0.64
20 0.712032 0.016 0.696032
23 0.8 0.016 0.784
20 0.696032 0.16 0.536032
23 0.784 0.16 0.624
23 0.624 0.16 0.464
1 0.8 0.16 0.64
1 0.716708 0.016 0.700708
1 0.700708 0.16 0.540708
10 0.8 0.16 0.64
10 0.790107 0.016 0.774107
67 0.8 0.016 0.784
10 0.774107 0.16 0.614107
67 0.784 0.16 0.624
34 0.8 0.16 0.64
34 0.71309 0.016 0.69709
34 0.69709 0.16 0.53709
33 0.8 0.016 0.784
49 0.8 0.016 0.784
49 0.784 0.16 0.624
33 0.784 0.16 0.624
33 0.624 0.16 0.464
29 0.8 0.016 0.784
29 0.784 0.16 0.624
11 0.8 0.16 0.64
40 0.8 0.16 0.64
9 0.8 0.016 0.784
11 0.718968 0.016 0.702968
21 0.8 0.016 0.784
40 0.719658 0.016 0.703658
40 0.703658 0.16 0.543658
9 0.784 0.16 0.624
11 0.702968 0.16 0.542968
21 0.784 0.16 0.624
21 0.624 0.16 0.464
11 0.542968 0.16 0.382968
9 0.624 0.16 0.464
9 0.464 0.16 0.304
9 0.304 0.16 0.144
38 0.8 0.016 0.784
38 0.784 0.16 0.624
62 0.8 0.016 0.784
62 0.784 0.16 0.624
57 0.8 0.16 0.64
70 0.8 0.16 0.64
57 0.715859 0.016 0.699859
57 0.699859 0.16 0.539859
70 0.71406 0.16 0.55406
70 0.629949 0.016 0.613949
70 0.613949 0.16 0.453949
54 0.8 0.016 0.784
63 0.8 0.016 0.784
54 0.784 0.16 0.624
3 0.8 0.16 0.64
63 0.784 0.16 0.624
63 0.624 0.16 0.464
3 0.64 0.16 0.48
3 0.559587 0.016 0.543587
3 0.543587 0.16 0.383587
51 0.8 0.016 0.784
51 0.784 0.16 0.624
65 0.8 0.16 0.64
58 0.8 0.016 0.784
65 0.716869 0.016 0.700869
65 0.700869 0.16 0.540869
58 0.784 0.16 0.624
18 0.8 0.016 0.784
26 0.8 0.016 0.784
26 0.784 0.16 0.624
18 0.784 0.16 0.624
60 0.8 0.16 0.64
18 0.624 0.16 0.464
2 0.8 0.16 0.64
60 0.64 0.16 0.48
2 0.719846 0.016 0.703846
60 0.552883 0.016 0.536883
60 0.536883 0.16 0.376883
2 0.703846 0.16 0.543846
2 0.543846 0.16 0.383846
42 0.8 0.16 0.64
55 0.8 0.16 0.64
55 0.713607 0.016 0.697607
55 0.697607 0.16 0.537607
19 0.8 0.16 0.64
27 0.8 0.16 0.64
42 0.71012 0.16 0.55012
19 0.717892 0.016 0.701892
27 0.714318 0.016 0.698318
42 0.621088 0.016 0.605088
42 0.605088 0.16 0.445088
19 0.701892 0.16 0.541892
27 0.698318 0.16 0.538318
19 0.541892 0.16 0.381892
27 0.538318 0.16 0.378318
68 0.8 0.016 0.784
68 0.784 0.16 0.624
37 0.8 0.16 0.64
53 0.8 0.16 0.64
37 0.711445 0.016 0.695445
53 0.716221 0.016 0.700221
37 0.695445 0.16 0.535445
28 0.8 0.16 0.64
52 0.8 0.16 0.64
53 0.700221 0.16 0.540221
53 0.540221 0.16 0.380221
28 0.64 0.16 0.48
52 0.64 0.16 0.48
28 0.55129 0.016 0.53529
52 0.550043 0.016 0.534043
28 0.53529 0.16 0.37529
52 0.534043 0.16 0.374043
39 0.8 0.16 0.64
39 0.711838 0.016 0.695838
39 0.695838 0.16 0.535838
7 0.8 0.016 0.784
7 0.784 0.16 0.624
13 0.8 0.16 0.64
35 0.8 0.16 0.64
47 0.8 0.16 0.64
13 0.711105 0.016 0.695105
35 0.713109 0.016 0.697109
47 0.713674 0.016 0.697674
35 0.697109 0.16 0.537109
13 0.695105 0.16 0.535105
47 0.697674 0.16 0.537674
5 0.8 0.16 0.64
47 0.537674 0.16 0.377674
64 0.8 0.16 0.64
47 0.377674 0.16 0.217674
5 0.64 0.16 0.48
15 0.8 0.16 0.64
64 0.64 0.16 0.48
5 0.555059 0.016 0.539059
64 0.550996 0.016 0.534996
5 0.539059 0.16 0.379059
15 0.711413 0.16 0.551413
64 0.534996 0.16 0.374996
64 0.374996 0.16 0.214996
15 0.551413 0.16 0.391413
15 0.463519 0.016 0.447519
15 0.447519 0.16 0.287519
46 0.8 0.16 0.64
46 0.713501 0.016 0.697501
46 0.697501 0.16 0.537501
30 0.8 0.16 0.64
50 0.8 0.16 0.64
30 0.71418 0.016 0.69818
50 0.710548 0.016 0.694548
30 0.69818 0.16 0.53818
50 0.694548 0.16 0.534548
50 0.534548 0.16 0.374548
4 0.8 0.016 0.784
31 0.8 0.016 0.784
31 0.784 0.16 0.624
4 0.784 0.16 0.624
4 0.624 0.16 0.464
16 0.8 0.016 0.784
16 0.784 0.16 0.624
45 0.8 0.016 0.784
69 0.8 0.016 0.784
69 0.784 0.16 0.624
45 0.784 0.16 0.624
45 0.624 0.16 0.464
