14 0.8 0.016 0.784
14 0.784 0.16 0.624
9 0.8 0.016 0.784
9 0.784 0.16 0.624
7 0.8 0.016 0.784
7 0.784 0.16 0.624
12 0.8 0.16 0.64
12 0.715306 0.016 0.699306
12 0.699306 0.16 0.539306
8 0.8 0.016 0.784
8 0.784 0.16 0.624
10 0.8 0.16 0.64
20 0.8 0.16 0.64
1 0.8 0.016 0.784
10 0.717843 0.016 0.701843
20 0.714894 0.016 0.698894
20 0.698894 0.16 0.538894
10 0.701843 0.16 0.541843
1 0.784 0.16 0.624
1 0.624 0.16 0.464
1 0.464 0.16 0.304
5 0.8 0.016 0.784
5 0.784 0.16 0.624
2 0.8 0.016 0.784
2 0.784 0.16 0.624
18 0.8 0.016 0.784
18 0.784 0.16 0.624
13 0.8 0.16 0.64
13 0.713147 0.016 0.697147
13 0.697147 0.16 0.537147
3 0.8 0.016 0.784
3 0.784 0.16 0.624
16 0.8 0.016 0.784
16 0.784 0.16 0.624
11 0.8 0.016 0.784
11 0.784 0.16 0.624
15 0.8 0.16 0.64
15 0.717498 0.016 0.701498
15 0.701498 0.16 0.541498
4 0.8 0.016 0.784
4 0.784 0.16 0.624
19 0.8 0.16 0.64
19 0.716345 0.016 0.700345
19 0.700345 0.16 0.540345
17 0.8 0.016 0.784
17 0.784 0.16 0.624
6 0.8 0.016 0.784
6 0.784 0.16 0.624
