54 3511 1.11785
45 3512 1.11786
52 3513 1.12302
50 3514 1.15971
43 3516 1.18588
18 3517 1.20176
46 3518 1.21325
38 3520 1.27733
26 3521 1.30813
6 3522 1.31814
4 3524 1.40206
34 3525 1.45045
22 3526 1.4613
30 3528 1.51853
44 3530 1.57402
9 3531 1.66678
57 3533 1.69463
31 3534 1.76039
40 3536 1.80806
49 3537 1.85673
58 3538 1.86401
15 3540 1.95324
55 3542 1.98
42 3543 1.98347
25 3544 2.03478
47 3545 2.05017
1 3546 2.0543
29 3547 2.06786
11 3549 2.159
27 3550 2.16756
16 3552 2.18021
37 3553 2.19875
48 3554 2.24654
59 3556 2.27949
35 3557 2.28265
53 3558 2.3161
32 3559 2.32442
7 3561 2.38926
3 3562 2.46532
12 3564 2.50034
28 3565 2.51486
39 3566 2.51956
56 3567 2.51979
8 3568 2.52493
14 3569 2.54708
20 3570 2.56612
51 3572 2.57449
23 3573 2.62021
41 3575 2.67756
13 3576 2.7097
36 3577 2.73133
2 3578 2.75071
19 3580 2.82302
17 3581 2.83917
5 3582 2.85664
33 3583 2.86165
60 3585 2.88857
10 3586 2.93554
21 3587 2.94518
24 3588 2.95837
