2 0.8 0.016 0.784
2 0.784 0.16 0.624
58 0.8 0.016 0.784
58 0.784 0.16 0.624
51 0.8 0.016 0.784
51 0.784 0.16 0.624
3 0.8 0.016 0.784
36 0.8 0.016 0.784
69 0.8 0.016 0.784
36 0.784 0.16 0.624
3 0.784 0.16 0.624
69 0.784 0.16 0.624
3 0.624 0.16 0.464
69 0.624 0.16 0.464
69 0.464 0.16 0.304
35 0.8 0.016 0.784
38 0.8 0.016 0.784
44 0.8 0.016 0.784
67 0.8 0.016 0.784
38 0.784 0.16 0.624
35 0.784 0.16 0.624
44 0.784 0.16 0.624
67 0.784 0.16 0.624
68 0.8 0.16 0.64
44 0.624 0.16 0.464
67 0.624 0.16 0.464
35 0.624 0.16 0.464
35 0.464 0.16 0.304
68 0.64 0.16 0.48
35 0.304 0.16 0.144
68 0.48 0.16 0.32
68 0.393089 0.016 0.377089
68 0.377089 0.16 0.217089
78 0.8 0.16 0.64
78 0.715428 0.016 0.699428
78 0.699428 0.16 0.539428
55 0.8 0.16 0.64
46 0.8 0.016 0.784
55 0.719178 0.016 0.703178
55 0.703178 0.16 0.543178
46 0.784 0.16 0.624
46 0.624 0.16 0.464
16 0.8 0.016 0.784
32 0.8 0.016 0.784
49 0.8 0.016 0.784
32 0.784 0.16 0.624
16 0.784 0.16 0.624
49 0.784 0.16 0.624
16 0.624 0.16 0.464
49 0.624 0.16 0.464
47 0.8 0.16 0.64
47 0.64 0.16 0.48
47 0.554483 0.016 0.538483
79 0.8 0.016 0.784
79 0.784 0.16 0.624
47 0.538483 0.16 0.378483
47 0.378483 0.16 0.218483
71 0.8 0.16 0.64
71 0.715439 0.016 0.699439
71 0.699439 0.16 0.539439
6 0.8 0.016 0.784
23 0.8 0.016 0.784
34 0.8 0.016 0.784
63 0.8 0.016 0.784
63 0.784 0.16 0.624
6 0.784 0.16 0.624
23 0.784 0.16 0.624
34 0.784 0.16 0.624
6 0.624 0.16 0.464
34 0.624 0.16 0.464
23 0.624 0.16 0.464
23 0.464 0.16 0.304
23 0.304 0.16 0.144
40 0.8 0.16 0.64
40 0.790457 0.016 0.774457
40 0.774457 0.16 0.614457
65 0.8 0.16 0.64
73 0.8 0.16 0.64
65 0.718456 0.016 0.702456
73 0.711241 0.016 0.695241
73 0.695241 0.16 0.535241
65 0.702456 0.16 0.542456
65 0.542456 0.16 0.382456
72 0.8 0.016 0.784
72 0.784 0.16 0.624
17 0.8 0.16 0.64
56 0.8 0.16 0.64
17 0.7196 0.016 0.7036
56 0.711934 0.016 0.695934
17 0.7036 0.16 0.5436
42 0.8 0.16 0.64
56 0.695934 0.16 0.535934
77 0.8 0.16 0.64
56 0.535934 0.16 0.375934
42 0.64 0.16 0.48
77 0.64 0.16 0.48
42 0.551239 0.016 0.535239
77 0.556707 0.016 0.540707
42 0.535239 0.16 0.375239
77 0.540707 0.16 0.380707
77 0.380707 0.16 0.220707
15 0.8 0.016 0.784
53 0.8 0.016 0.784
15 0.784 0.16 0.624
53 0.784 0.16 0.624
48 0.8 0.16 0.64
59 0.8 0.16 0.64
64 0.8 0.16 0.64
43 0.8 0.16 0.64
48 0.64 0.16 0.48
59 0.64 0.16 0.48
64 0.64 0.16 0.48
48 0.559386 0.016 0.543386
59 0.555957 0.016 0.539957
64 0.550505 0.016 0.534505
59 0.539957 0.16 0.379957
43 0.716553 0.16 0.556553
48 0.543386 0.16 0.383386
64 0.534505 0.16 0.374505
48 0.383386 0.16 0.223386
64 0.374505 0.16 0.214505
43 0.556553 0.16 0.396553
43 0.396553 0.16 0.236553
43 0.313243 0.016 0.297243
43 0.297243 0.16 0.137243
50 0.8 0.16 0.64
54 0.8 0.16 0.64
50 0.719217 0.016 0.703217
54 0.714227 0.016 0.698227
54 0.698227 0.16 0.538227
50 0.703217 0.16 0.543217
5 0.8 0.16 0.64
80 0.8 0.16 0.64
5 0.64 0.16 0.48
5 0.55852 0.016 0.54252
80 0.714383 0.016 0.698383
80 0.698383 0.16 0.538383
5 0.54252 0.16 0.38252
28 0.8 0.16 0.64
5 0.38252 0.16 0.22252
1 0.8 0.016 0.784
9 0.8 0.016 0.784
24 0.8 0.016 0.784
28 0.711182 0.016 0.695182
60 0.8 0.016 0.784
28 0.695182 0.16 0.535182
1 0.784 0.16 0.624
9 0.784 0.16 0.624
24 0.784 0.16 0.624
60 0.784 0.16 0.624
1 0.624 0.16 0.464
9 0.624 0.16 0.464
24 0.624 0.16 0.464
60 0.624 0.16 0.464
24 0.464 0.16 0.304
60 0.464 0.16 0.304
9 0.464 0.16 0.304
11 0.8 0.016 0.784
11 0.784 0.16 0.624
19 0.8 0.16 0.64
45 0.8 0.16 0.64
52 0.8 0.16 0.64
75 0.8 0.16 0.64
19 0.717432 0.016 0.701432
45 0.715804 0.016 0.699804
52 0.715526 0.016 0.699526
75 0.716845 0.016 0.700845
75 0.700845 0.16 0.540845
19 0.701432 0.16 0.541432
29 0.8 0.16 0.64
45 0.699804 0.16 0.539804
52 0.699526 0.16 0.539526
45 0.539804 0.16 0.379804
52 0.539526 0.16 0.379526
19 0.541432 0.16 0.381432
14 0.8 0.16 0.64
18 0.8 0.16 0.64
29 0.64 0.16 0.48
14 0.64 0.16 0.48
18 0.64 0.16 0.48
29 0.48 0.16 0.32
14 0.551239 0.016 0.535239
18 0.55888 0.016 0.54288
29 0.391929 0.016 0.375929
29 0.375929 0.16 0.215929
7 0.8 0.16 0.64
14 0.535239 0.16 0.375239
18 0.54288 0.16 0.38288
14 0.375239 0.16 0.215239
18 0.38288 0.16 0.22288
7 0.64 0.16 0.48
57 0.8 0.16 0.64
7 0.48 0.16 0.32
57 0.64 0.16 0.48
7 0.396833 0.016 0.380833
57 0.556563 0.016 0.540563
7 0.380833 0.16 0.220833
57 0.540563 0.16 0.380563
57 0.380563 0.16 0.220563
30 0.8 0.016 0.784
30 0.784 0.16 0.624
13 0.8 0.016 0.784
13 0.784 0.16 0.624
12 0.8 0.016 0.784
12 0.784 0.16 0.624
10 0.8 0.016 0.784
41 0.8 0.016 0.784
10 0.784 0.16 0.624
41 0.784 0.16 0.624
41 0.624 0.16 0.464
27 0.8 0.016 0.784
27 0.784 0.16 0.624
8 0.8 0.016 0.784
25 0.8 0.016 0.784
8 0.784 0.16 0.624
25 0.784 0.16 0.624
74 0.8 0.16 0.64
25 0.624 0.16 0.464
20 0.8 0.16 0.64
74 0.64 0.16 0.48
20 0.716504 0.016 0.700504
74 0.552427 0.016 0.536427
74 0.536427 0.16 0.376427
20 0.700504 0.16 0.540504
20 0.540504 0.16 0.380504
22 0.8 0.016 0.784
26 0.8 0.016 0.784
33 0.8 0.016 0.784
37 0.8 0.016 0.784
37 0.784 0.16 0.624
33 0.784 0.16 0.624
22 0.784 0.16 0.624
26 0.784 0.16 0.624
22 0.624 0.16 0.464
26 0.624 0.16 0.464
22 0.464 0.16 0.304
26 0.464 0.16 0.304
66 0.8 0.016 0.784
76 0.8 0.016 0.784
76 0.784 0.16 0.624
66 0.784 0.16 0.624
21 0.8 0.016 0.784
21 0.784 0.16 0.624
70 0.8 0.16 0.64
70 0.719206 0.016 0.703206
70 0.703206 0.16 0.543206
39 0.8 0.016 0.784
39 0.784 0.16 0.624
4 0.8 0.016 0.784
4 0.784 0.16 0.624
61 0.8 0.16 0.64
61 0.712671 0.016 0.696671
62 0.8 0.016 0.784
61 0.696671 0.16 0.536671
62 0.784 0.16 0.624
62 0.624 0.16 0.464
31 0.8 0.016 0.784
31 0.784 0.16 0.624
