20 3720 1.01591
49 3721 1.03422
51 3723 1.10509
57 3725 1.15926
62 3726 1.16199
68 3727 1.17141
70 3728 1.22673
55 3729 1.24937
28 3731 1.26419
29 3732 1.27006
54 3733 1.30261
67 3734 1.33365
27 3735 1.3361
53 3737 1.35738
60 3738 1.38771
38 3739 1.40641
11 3740 1.42763
32 3742 1.46542
36 3743 1.52097
37 3744 1.53327
15 3746 1.58252
58 3747 1.58858
26 3748 1.59085
56 3749 1.60346
42 3750 1.60948
5 3751 1.62958
6 3752 1.63867
64 3754 1.66406
13 3755 1.6666
18 3756 1.68837
14 3757 1.69692
17 3758 1.71414
1 3759 1.74039
63 3761 1.76097
41 3763 1.873
22 3764 1.88899
59 3765 1.89402
34 3767 1.98182
47 3768 1.98557
2 3769 2.0127
12 3770 2.01669
46 3771 2.02322
25 3772 2.03989
61 3774 2.07837
66 3775 2.07972
44 3776 2.08577
24 3777 2.12878
40 3778 2.1462
23 3780 2.21337
31 3782 2.26775
4 3783 2.27518
52 3784 2.29455
33 3785 2.30667
3 3786 2.33404
48 3787 2.34902
7 3789 2.39491
50 3790 2.43912
8 3792 2.47526
10 3793 2.49317
35 3794 2.51548
30 3795 2.53296
43 3796 2.55507
16 3798 2.56342
9 3799 2.58029
69 3800 2.63037
19 3801 2.63377
39 3805 2.8784
21 3806 2.89223
45 3807 2.914
65 3809 2.98379
