34 3311 1.0423
44 3312 1.09884
32 3314 1.1099
49 3315 1.11572
21 3317 1.28304
3 3318 1.2833
33 3320 1.35302
14 3321 1.36694
13 3323 1.42063
29 3324 1.47315
38 3325 1.49719
46 3327 1.52818
17 3328 1.56351
42 3331 1.78885
8 3334 1.93526
2 3335 1.95218
23 3336 1.99248
19 3338 2.01723
1 3339 2.0397
26 3340 2.07935
28 3341 2.08538
10 3342 2.1042
37 3343 2.10466
41 3345 2.11442
35 3346 2.12882
39 3347 2.1842
50 3348 2.18978
30 3350 2.20908
47 3351 2.21909
48 3352 2.30504
36 3354 2.30901
20 3356 2.43503
22 3357 2.47372
16 3358 2.48919
18 3360 2.55035
31 3361 2.55614
15 3362 2.56572
27 3364 2.61029
45 3365 2.64789
11 3366 2.6862
7 3367 2.69211
25 3368 2.70518
5 3370 2.77547
4 3371 2.77779
24 3372 2.78081
43 3374 2.8446
40 3375 2.90657
12 3377 2.91259
9 3378 2.95204
6 3379 2.95667
