32 4411 1.12005
94 4412 1.13282
62 4413 1.14222
15 4414 1.15214
19 4415 1.15487
17 4417 1.17668
26 4418 1.18694
92 4419 1.22807
48 4420 1.23193
24 4422 1.25865
60 4423 1.27661
78 4424 1.29498
74 4425 1.307
91 4426 1.31299
86 4427 1.31836
70 4428 1.33019
63 4429 1.34684
57 4430 1.34989
35 4431 1.35279
59 4433 1.36202
7 4434 1.37257
41 4435 1.37669
88 4436 1.42347
37 4437 1.42787
14 4438 1.44204
6 4440 1.47156
73 4441 1.47294
40 4442 1.52042
18 4443 1.53335
65 4444 1.54056
2 4446 1.55769
77 4447 1.58232
44 4448 1.58777
13 4449 1.64986
54 4451 1.67871
34 4452 1.71141
31 4453 1.71609
5 4454 1.73662
3 4455 1.74476
46 4457 1.78616
67 4458 1.78967
36 4459 1.81184
89 4460 1.81513
69 4461 1.81554
96 4462 1.83203
4 4464 1.88184
58 4465 1.91481
21 4466 1.92126
51 4467 1.92946
12 4469 1.97245
68 4470 1.98886
8 4471 2.01065
61 4472 2.01379
22 4473 2.02658
99 4475 2.09102
55 4476 2.109
30 4477 2.12559
16 4478 2.14604
71 4479 2.15087
98 4481 2.16378
23 4482 2.17404
81 4483 2.18718
39 4484 2.22598
29 4486 2.30441
85 4487 2.31688
72 4489 2.39355
38 4490 2.39385
25 4491 2.42248
11 4492 2.43417
33 4494 2.47516
76 4495 2.4818
84 4496 2.49573
50 4497 2.54607
75 4499 2.58356
83 4500 2.58628
9 4501 2.58726
43 4502 2.60748
100 4503 2.62221
42 4504 2.62979
27 4505 2.64166
10 4508 2.76826
56 4509 2.78309
82 4510 2.78377
28 4511 2.78587
53 4512 2.82434
66 4513 2.82902
95 4514 2.83376
1 4515 2.83956
79 4516 2.84655
97 4517 2.85373
80 4519 2.85671
90 4520 2.86023
49 4521 2.86041
20 4522 2.94047
87 4523 2.9467
47 4525 2.96698
64 4526 2.9834
52 4527 2.98711
93 4528 2.99043
45 4529 2.99254
