21 0.8 0.016 0.784
21 0.784 0.16 0.624
44 0.8 0.016 0.784
44 0.784 0.16 0.624
38 0.8 0.016 0.784
38 0.784 0.16 0.624
2 0.8 0.016 0.784
17 0.8 0.016 0.784
2 0.784 0.16 0.624
17 0.784 0.16 0.624
17 0.624 0.16 0.464
26 0.8 0.016 0.784
26 0.784 0.16 0.624
13 0.8 0.16 0.64
46 0.8 0.16 0.64
13 0.718978 0.016 0.702978
46 0.712617 0.016 0.696617
13 0.702978 0.16 0.542978
8 0.8 0.16 0.64
46 0.696617 0.16 0.536617
46 0.536617 0.16 0.376617
8 0.64 0.16 0.48
28 0.8 0.16 0.64
8 0.552852 0.016 0.536852
28 0.710152 0.016 0.694152
40 0.8 0.016 0.784
8 0.536852 0.16 0.376852
28 0.694152 0.16 0.534152
40 0.784 0.16 0.624
28 0.534152 0.16 0.374152
40 0.624 0.16 0.464
3 0.8 0.16 0.64
3 0.716012 0.016 0.700012
3 0.700012 0.16 0.540012
4 0.8 0.16 0.64
4 0.711364 0.016 0.695364
4 0.695364 0.16 0.535364
36 0.8 0.016 0.784
36 0.784 0.16 0.624
48 0.8 0.16 0.64
49 0.8 0.16 0.64
48 0.710369 0.016 0.694369
49 0.71488 0.016 0.69888
49 0.69888 0.16 0.53888
48 0.694369 0.16 0.534369
48 0.534369 0.16 0.374369
32 0.8 0.16 0.64
32 0.71785 0.016 0.70185
32 0.70185 0.16 0.54185
41 0.8 0.016 0.784
41 0.784 0.16 0.624
45 0.8 0.16 0.64
45 0.718419 0.016 0.702419
45 0.702419 0.16 0.542419
18 0.8 0.016 0.784
18 0.784 0.16 0.624
20 0.8 0.16 0.64
20 0.716738 0.016 0.700738
20 0.700738 0.16 0.540738
42 0.8 0.16 0.64
42 0.714916 0.016 0.698916
42 0.698916 0.16 0.538916
5 0.8 0.016 0.784
35 0.8 0.016 0.784
35 0.784 0.16 0.624
5 0.784 0.16 0.624
7 0.8 0.16 0.64
30 0.8 0.16 0.64
7 0.715023 0.016 0.699023
30 0.713906 0.016 0.697906
37 0.8 0.016 0.784
47 0.8 0.016 0.784
30 0.697906 0.16 0.537906
7 0.699023 0.16 0.539023
37 0.784 0.16 0.624
47 0.784 0.16 0.624
7 0.539023 0.16 0.379023
47 0.624 0.16 0.464
37 0.624 0.16 0.464
24 0.8 0.016 0.784
24 0.784 0.16 0.624
22 0.8 0.16 0.64
29 0.8 0.16 0.64
22 0.714744 0.016 0.698744
29 0.710315 0.016 0.694315
22 0.698744 0.16 0.538744
29 0.694315 0.16 0.534315
29 0.534315 0.16 0.374315
9 0.8 0.016 0.784
9 0.784 0.16 0.624
16 0.8 0.16 0.64
16 0.715342 0.016 0.699342
16 0.699342 0.16 0.539342
19 0.8 0.016 0.784
23 0.8 0.016 0.784
23 0.784 0.16 0.624
19 0.784 0.16 0.624
19 0.624 0.16 0.464
11 0.8 0.016 0.784
11 0.784 0.16 0.624
34 0.8 0.016 0.784
34 0.784 0.16 0.624
10 0.8 0.16 0.64
14 0.8 0.16 0.64
33 0.8 0.16 0.64
39 0.8 0.16 0.64
10 0.714234 0.016 0.698234
14 0.717088 0.016 0.701088
33 0.712232 0.016 0.696232
39 0.717201 0.016 0.701201
14 0.701088 0.16 0.541088
10 0.698234 0.16 0.538234
15 0.8 0.16 0.64
33 0.696232 0.16 0.536232
39 0.701201 0.16 0.541201
39 0.541201 0.16 0.381201
10 0.538234 0.16 0.378234
15 0.64 0.16 0.48
33 0.536232 0.16 0.376232
33 0.376232 0.16 0.216232
10 0.378234 0.16 0.218234
15 0.48 0.16 0.32
1 0.8 0.16 0.64
15 0.32 0.16 0.16
1 0.710764 0.016 0.694764
15 0.231243 0.016 0.215243
15 0.215243 0.16 0.0552425
1 0.694764 0.16 0.534764
6 0.8 0.016 0.784
6 0.784 0.16 0.624
50 0.8 0.16 0.64
50 0.715935 0.016 0.699935
50 0.699935 0.16 0.539935
12 0.8 0.016 0.784
43 0.8 0.016 0.784
43 0.784 0.16 0.624
12 0.784 0.16 0.624
12 0.624 0.16 0.464
25 0.8 0.016 0.784
25 0.784 0.16 0.624
31 0.8 0.16 0.64
31 0.714558 0.016 0.698558
31 0.698558 0.16 0.538558
27 0.8 0.16 0.64
27 0.714137 0.016 0.698137
27 0.698137 0.16 0.538137
