87 0.8 0.016 0.784
87 0.784 0.16 0.624
9 0.8 0.016 0.784
70 0.8 0.016 0.784
70 0.784 0.16 0.624
9 0.784 0.16 0.624
2 0.8 0.016 0.784
30 0.8 0.016 0.784
30 0.784 0.16 0.624
2 0.784 0.16 0.624
39 0.8 0.016 0.784
39 0.784 0.16 0.624
43 0.8 0.16 0.64
43 0.719109 0.016 0.703109
43 0.703109 0.16 0.543109
4 0.8 0.16 0.64
8 0.8 0.16 0.64
58 0.8 0.16 0.64
4 0.712185 0.016 0.696185
8 0.710187 0.016 0.694187
58 0.713207 0.016 0.697207
8 0.694187 0.16 0.534187
58 0.697207 0.16 0.537207
4 0.696185 0.16 0.536185
32 0.8 0.016 0.784
35 0.8 0.016 0.784
42 0.8 0.016 0.784
32 0.784 0.16 0.624
42 0.784 0.16 0.624
35 0.784 0.16 0.624
90 0.8 0.16 0.64
90 0.71858 0.016 0.70258
90 0.70258 0.16 0.54258
11 0.8 0.016 0.784
11 0.784 0.16 0.624
83 0.8 0.016 0.784
83 0.784 0.16 0.624
15 0.8 0.16 0.64
78 0.8 0.16 0.64
15 0.715182 0.016 0.699182
78 0.713724 0.016 0.697724
15 0.699182 0.16 0.539182
78 0.697724 0.16 0.537724
10 0.8 0.016 0.784
10 0.784 0.16 0.624
7 0.8 0.16 0.64
7 0.71817 0.016 0.70217
53 0.8 0.016 0.784
7 0.70217 0.16 0.54217
53 0.784 0.16 0.624
62 0.8 0.16 0.64
82 0.8 0.16 0.64
62 0.714055 0.016 0.698055
82 0.710346 0.016 0.694346
62 0.698055 0.16 0.538055
82 0.694346 0.16 0.534346
31 0.8 0.16 0.64
37 0.8 0.16 0.64
31 0.713249 0.016 0.697249
31 0.697249 0.16 0.537249
37 0.711957 0.16 0.551957
37 0.623037 0.016 0.607037
37 0.607037 0.16 0.447037
25 0.8 0.016 0.784
80 0.8 0.016 0.784
25 0.784 0.16 0.624
80 0.784 0.16 0.624
6 0.8 0.16 0.64
52 0.8 0.16 0.64
6 0.64 0.16 0.48
40 0.8 0.16 0.64
52 0.64 0.16 0.48
6 0.554731 0.016 0.538731
40 0.710604 0.016 0.694604
52 0.55933 0.016 0.54333
52 0.54333 0.16 0.38333
6 0.538731 0.16 0.378731
40 0.694604 0.16 0.534604
86 0.8 0.16 0.64
86 0.64 0.16 0.48
86 0.550604 0.016 0.534604
86 0.534604 0.16 0.374604
26 0.8 0.16 0.64
81 0.8 0.16 0.64
26 0.711676 0.016 0.695676
81 0.710384 0.016 0.694384
26 0.695676 0.16 0.535676
81 0.694384 0.16 0.534384
34 0.8 0.16 0.64
89 0.8 0.16 0.64
34 0.71073 0.016 0.69473
89 0.712391 0.016 0.696391
34 0.69473 0.16 0.53473
89 0.696391 0.16 0.536391
60 0.8 0.16 0.64
84 0.8 0.16 0.64
60 0.64 0.16 0.48
84 0.64 0.16 0.48
60 0.550492 0.016 0.534492
84 0.555482 0.016 0.539482
60 0.534492 0.16 0.374492
84 0.539482 0.16 0.379482
17 0.8 0.016 0.784
17 0.784 0.16 0.624
75 0.8 0.16 0.64
75 0.714011 0.016 0.698011
75 0.698011 0.16 0.538011
27 0.8 0.16 0.64
27 0.71535 0.016 0.69935
33 0.8 0.016 0.784
33 0.784 0.16 0.624
27 0.69935 0.16 0.53935
12 0.8 0.016 0.784
45 0.8 0.016 0.784
12 0.784 0.16 0.624
45 0.784 0.16 0.624
71 0.8 0.16 0.64
71 0.64 0.16 0.48
71 0.555508 0.016 0.539508
71 0.539508 0.16 0.379508
56 0.8 0.16 0.64
14 0.8 0.016 0.784
56 0.715631 0.016 0.699631
14 0.784 0.16 0.624
56 0.699631 0.16 0.539631
18 0.8 0.16 0.64
79 0.8 0.16 0.64
85 0.8 0.16 0.64
88 0.8 0.16 0.64
18 0.64 0.16 0.48
79 0.64 0.16 0.48
85 0.64 0.16 0.48
88 0.64 0.16 0.48
18 0.555044 0.016 0.539044
79 0.555046 0.016 0.539046
85 0.554574 0.016 0.538574
88 0.553034 0.016 0.537034
85 0.538574 0.16 0.378574
88 0.537034 0.16 0.377034
18 0.539044 0.16 0.379044
79 0.539046 0.16 0.379046
41 0.8 0.16 0.64
48 0.8 0.16 0.64
67 0.8 0.16 0.64
41 0.64 0.16 0.48
48 0.64 0.16 0.48
67 0.64 0.16 0.48
5 0.8 0.016 0.784
41 0.557104 0.016 0.541104
48 0.555366 0.016 0.539366
67 0.557522 0.016 0.541522
48 0.539366 0.16 0.379366
67 0.541522 0.16 0.381522
5 0.784 0.16 0.624
41 0.541104 0.16 0.381104
46 0.8 0.16 0.64
55 0.8 0.16 0.64
57 0.8 0.16 0.64
69 0.8 0.16 0.64
46 0.64 0.16 0.48
55 0.64 0.16 0.48
57 0.64 0.16 0.48
69 0.64 0.16 0.48
46 0.48 0.16 0.32
55 0.48 0.16 0.32
57 0.48 0.16 0.32
69 0.48 0.16 0.32
46 0.32 0.16 0.16
55 0.32 0.16 0.16
69 0.32 0.16 0.16
46 0.235882 0.016 0.219882
55 0.236345 0.016 0.220345
57 0.390665 0.016 0.374665
69 0.233793 0.016 0.217793
55 0.220345 0.16 0.0603448
46 0.219882 0.16 0.0598816
57 0.374665 0.16 0.214665
69 0.217793 0.16 0.0577934
63 0.8 0.016 0.784
63 0.784 0.16 0.624
36 0.8 0.16 0.64
50 0.8 0.16 0.64
64 0.8 0.16 0.64
73 0.8 0.16 0.64
36 0.715338 0.016 0.699338
50 0.716483 0.016 0.700483
64 0.714068 0.016 0.698068
73 0.710169 0.016 0.694169
64 0.698068 0.16 0.538068
50 0.700483 0.16 0.540483
73 0.694169 0.16 0.534169
36 0.699338 0.16 0.539338
68 0.8 0.16 0.64
74 0.8 0.16 0.64
74 0.64 0.16 0.48
68 0.64 0.16 0.48
74 0.48 0.16 0.32
74 0.32 0.16 0.16
68 0.552635 0.016 0.536635
74 0.23696 0.016 0.22096
68 0.536635 0.16 0.376635
74 0.22096 0.16 0.0609598
1 0.8 0.016 0.784
3 0.8 0.016 0.784
49 0.8 0.016 0.784
59 0.8 0.016 0.784
61 0.8 0.016 0.784
3 0.784 0.16 0.624
61 0.784 0.16 0.624
1 0.784 0.16 0.624
49 0.784 0.16 0.624
59 0.784 0.16 0.624
29 0.8 0.16 0.64
29 0.64 0.16 0.48
29 0.55487 0.016 0.53887
29 0.53887 0.16 0.37887
20 0.8 0.16 0.64
54 0.8 0.16 0.64
76 0.8 0.16 0.64
20 0.714212 0.016 0.698212
54 0.716612 0.016 0.700612
76 0.719354 0.016 0.703354
76 0.703354 0.16 0.543354
54 0.700612 0.16 0.540612
20 0.698212 0.16 0.538212
65 0.8 0.16 0.64
66 0.8 0.16 0.64
65 0.64 0.16 0.48
65 0.48 0.16 0.32
65 0.397979 0.016 0.381979
66 0.717334 0.016 0.701334
66 0.701334 0.16 0.541334
65 0.381979 0.16 0.221979
13 0.8 0.16 0.64
13 0.716016 0.016 0.700016
13 0.700016 0.16 0.540016
16 0.8 0.016 0.784
16 0.784 0.16 0.624
23 0.8 0.16 0.64
23 0.713769 0.016 0.697769
23 0.697769 0.16 0.537769
21 0.8 0.016 0.784
28 0.8 0.016 0.784
28 0.784 0.16 0.624
21 0.784 0.16 0.624
51 0.8 0.16 0.64
38 0.8 0.016 0.784
44 0.8 0.016 0.784
51 0.718676 0.016 0.702676
38 0.784 0.16 0.624
44 0.784 0.16 0.624
51 0.702676 0.16 0.542676
22 0.8 0.16 0.64
22 0.64 0.16 0.48
22 0.626093 0.016 0.610093
22 0.610093 0.16 0.450093
47 0.8 0.016 0.784
77 0.8 0.016 0.784
77 0.784 0.16 0.624
47 0.784 0.16 0.624
24 0.8 0.016 0.784
24 0.784 0.16 0.624
19 0.8 0.16 0.64
19 0.719129 0.016 0.703129
72 0.8 0.016 0.784
72 0.784 0.16 0.624
19 0.703129 0.16 0.543129
