79 2120 1.00241
69 2121 1.00379
56 2122 1.01166
2 2123 1.01168
83 2124 1.01629
87 2125 1.0279
67 2127 1.06917
10 2128 1.08455
54 2129 1.13362
60 2131 1.14955
68 2133 1.25417
53 2134 1.27839
81 2135 1.27894
86 2136 1.28628
30 2137 1.32313
17 2138 1.327
9 2140 1.37372
46 2141 1.38535
43 2142 1.40643
70 2143 1.40733
12 2144 1.41196
42 2146 1.44604
76 2147 1.47168
65 2148 1.48438
1 2149 1.50735
51 2150 1.52744
63 2151 1.53693
41 2153 1.57215
55 2154 1.5775
26 2155 1.58175
66 2157 1.663
28 2158 1.70512
37 2159 1.72649
32 2160 1.73231
34 2162 1.79796
39 2163 1.80173
4 2164 1.80366
58 2166 1.896
40 2167 1.90364
29 2169 1.94619
8 2170 2.0071
21 2171 2.0245
74 2172 2.03028
62 2173 2.03523
36 2175 2.0638
89 2176 2.13534
88 2178 2.18673
73 2179 2.18834
49 2180 2.19578
90 2181 2.20811
7 2182 2.20898
35 2183 2.21543
85 2185 2.30862
78 2186 2.32291
33 2187 2.32507
50 2188 2.33698
31 2190 2.35192
75 2191 2.43173
27 2193 2.44197
15 2194 2.45443
52 2195 2.49108
64 2196 2.51213
47 2197 2.51956
82 2199 2.59225
5 2200 2.60096
84 2201 2.60863
48 2202 2.63013
11 2203 2.63318
16 2204 2.63782
44 2206 2.64742
45 2207 2.6723
18 2208 2.68851
72 2209 2.69163
22 2210 2.69445
71 2211 2.72988
38 2213 2.75516
3 2214 2.76048
13 2215 2.78758
80 2216 2.81042
61 2217 2.83098
24 2218 2.83219
14 2220 2.8479
25 2221 2.85508
6 2222 2.86203
23 2223 2.89865
19 2224 2.90532
57 2226 2.95207
20 2227 2.96554
77 2228 2.98267
59 2229 2.98958
