0 2350
0 2351
0 2352
0 2353
0 2354
0 2355
0 2356
0 2357
0 2358
0 2359
0 2367
82 2366
0 2374
0 2377
0 2382
0 2388
0 2392
22 2373
74 2391
0 2396
0 2402
70 2368
0 2407
21 2363
0 2412
75 2403
76 2394
0 2418
91 2387
16 2416
71 2414
0 2424
0 2428
0 2435
0 2439
18 2411
0 2447
0 2452
33 2360
0 2464
52 2397
30 2404
9 2364
0 2470
67 2410
96 2425
4 2421
20 2386
0 2479
97 2362
0 2480
32 2461
0 2481
56 2383
15 2454
0 2482
66 2444
25 2471
43 2429
92 2420
0 2483
100 2473
0 2484
0 2485
0 2486
6 2381
83 2440
89 2390
38 2459
94 2460
0 2487
62 2441
53 2371
0 2488
79 2478
7 2427
0 2489
78 2442
10 2457
0 2490
59 2399
68 2361
37 2365
0 2491
11 2431
63 2434
77 2443
0 2492
86 2398
48 2465
26 2450
1 2462
0 2493
50 2408
55 2409
86 2398
0 2494
14 2422
36 2426
19 2385
35 2417
47 2372
0 2495
12 2436
69 2455
3 2456
31 2369
0 2496
24 2400
28 2384
46 2451
0 2497
42 2378
0 2498
93 2438
60 2437
0 2499
73 2405
88 2466
0 2500
40 2376
41 2370
0 2501
40 2376
0 2502
0 2503
84 2379
81 2406
0 2504
29 2458
13 2393
27 2401
0 2505
39 2475
0 2506
54 2375
0 2507
80 2468
64 2445
98 2395
0 2508
8 2448
0 2509
90 2413
0 2510
5 2449
0 2511
23 2389
0 2512
17 2380
87 2474
0 2513
49 2423
0 2514
2 2453
85 2419
0 2515
44 2415
0 2516
0 2517
72 2476
95 2432
0 2518
51 2430
0 2519
45 2467
61 2463
99 2433
34 2469
0 2520
0 2521
0 2522
57 2477
0 2523
65 2446
0 2524
58 2472
0 2525
0 2526
0 2527
0 2528
0 2529
0 2530
0 2531
0 2532
0 2533
0 2534
0 2535
0 2536
0 2537
0 2538
0 2539
0 2540
0 2541
0 2542
0 2543
0 2544
0 2545
0 2546
0 2547
0 2548
0 2549
0 2550
0 2551
0 2552
0 2553
0 2554
0 2555
0 2556
0 2557
0 2558
0 2559
0 2560
0 2561
0 2562
0 2563
0 2564
0 2565
0 2566
0 2567
0 2568
0 2569
0 2570
0 2571
0 2572
0 2573
0 2574
0 2575
0 2576
0 2577
0 2578
0 2579
0 2580
0 2581
0 2582
0 2583
0 2584
0 2585
0 2586
0 2587
0 2588
0 2589
0 2590
0 2591
0 2592
0 2593
0 2594
0 2595
0 2596
0 2597
0 2598
0 2599
