0 1450
0 1451
0 1452
0 1453
0 1454
0 1455
0 1456
0 1457
0 1458
0 1459
0 1464
0 1467
0 1474
0 1478
0 1480
0 1484
0 1486
0 1490
51 1460
0 1493
36 1482
0 1496
0 1500
0 1504
23 1470
0 1507
47 1487
0 1511
45 1466
0 1516
20 1483
27 1462
14 1497
0 1520
4 1494
1 1485
0 1523
0 1526
5 1499
0 1531
38 1505
0 1539
52 1481
33 1465
0 1540
0 1541
34 1491
57 1517
0 1542
19 1501
0 1543
21 1503
12 1473
0 1544
42 1510
25 1477
0 1545
0 1546
13 1506
8 1534
10 1469
0 1547
0 1548
22 1537
0 1549
3 1488
0 1550
26 1468
0 1551
48 1472
0 1552
0 1553
0 1554
46 1525
28 1479
0 1555
32 1512
0 1556
0 1557
0 1558
59 1463
0 1559
43 1475
0 1560
11 1461
0 1561
0 1562
0 1563
54 1532
16 1509
0 1564
24 1471
50 1535
44 1513
0 1565
31 1508
35 1489
0 1566
15 1476
58 1518
0 1567
0 1568
41 1538
0 1569
0 1570
0 1571
0 1572
40 1519
0 1573
0 1574
18 1522
55 1524
0 1575
0 1576
29 1498
0 1577
39 1492
0 1578
0 1579
60 1502
0 1580
9 1515
37 1495
0 1581
6 1530
0 1582
0 1583
30 1514
0 1584
7 1527
0 1585
17 1529
53 1528
0 1586
0 1587
2 1536
49 1521
56 1533
0 1588
0 1589
0 1590
0 1591
0 1592
0 1593
0 1594
0 1595
0 1596
0 1597
0 1598
0 1599
0 1600
0 1601
0 1602
0 1603
0 1604
0 1605
0 1606
0 1607
0 1608
0 1609
0 1610
0 1611
0 1612
0 1613
0 1614
0 1615
0 1616
0 1617
0 1618
0 1619
0 1620
0 1621
0 1622
0 1623
0 1624
0 1625
0 1626
0 1627
0 1628
0 1629
0 1630
0 1631
0 1632
0 1633
0 1634
0 1635
0 1636
0 1637
0 1638
0 1639
0 1640
0 1641
0 1642
0 1643
0 1644
0 1645
0 1646
0 1647
0 1648
0 1649
0 1650
0 1651
0 1652
0 1653
0 1654
0 1655
0 1656
0 1657
0 1658
0 1659
