19 1070 1.03579
11 1071 1.05626
39 1073 1.10533
25 1074 1.1194
29 1075 1.13966
31 1076 1.14766
36 1078 1.19049
4 1079 1.19208
1 1081 1.29538
32 1082 1.30554
2 1084 1.43533
12 1086 1.49971
40 1088 1.63694
18 1089 1.65463
30 1091 1.68778
24 1092 1.72023
13 1093 1.75039
35 1095 1.78384
6 1096 1.81052
5 1097 1.83655
27 1099 1.87371
14 1101 1.99422
3 1102 2.04814
16 1104 2.08802
9 1106 2.18727
17 1107 2.22468
33 1109 2.30517
10 1110 2.32684
23 1113 2.47193
38 1114 2.51716
26 1116 2.56111
20 1117 2.59532
7 1118 2.65612
28 1120 2.70551
34 1121 2.71687
15 1122 2.75552
22 1124 2.77547
8 1125 2.81934
21 1127 2.89933
37 1128 2.9381
