55 1891 1.10851
16 1892 1.1287
60 1893 1.15132
21 1894 1.17055
64 1896 1.1798
78 1897 1.21049
80 1898 1.22018
20 1899 1.24872
32 1901 1.29307
52 1902 1.31586
68 1903 1.31701
35 1905 1.37554
57 1906 1.39802
19 1907 1.40626
51 1908 1.40815
8 1909 1.42368
65 1910 1.42781
50 1911 1.43192
9 1912 1.43415
38 1913 1.45917
26 1915 1.47727
2 1916 1.53161
79 1917 1.54289
73 1918 1.55903
27 1920 1.57567
49 1921 1.57646
34 1922 1.58151
69 1923 1.58182
66 1924 1.62103
31 1925 1.63702
40 1927 1.68452
33 1928 1.71142
47 1929 1.71651
11 1930 1.73174
15 1931 1.73764
71 1933 1.78582
18 1934 1.8071
7 1935 1.80835
3 1936 1.81089
62 1937 1.81257
44 1938 1.84431
45 1939 1.85187
4 1940 1.86545
74 1942 1.88572
67 1943 1.90178
41 1944 1.90565
28 1945 1.9209
77 1946 1.9286
46 1947 1.93387
25 1948 1.93519
5 1949 1.96561
72 1951 2.05445
42 1952 2.06208
37 1954 2.08828
13 1955 2.13659
76 1956 2.13928
39 1957 2.16004
48 1958 2.17391
30 1960 2.24529
59 1961 2.27305
63 1963 2.29276
75 1964 2.31104
56 1966 2.43587
22 1967 2.44023
14 1969 2.47548
23 1970 2.50875
10 1971 2.56168
17 1972 2.56227
53 1975 2.68483
70 1976 2.68641
43 1977 2.69421
61 1978 2.71991
6 1979 2.7616
29 1980 2.76327
12 1981 2.76656
36 1982 2.76662
58 1984 2.79593
1 1985 2.83806
24 1987 2.89428
54 1988 2.89529
