50 1675 0 100 32673892 1.19454 1.19454
46 1692 0 100 32648460 1.59454 1.59454
37 1691 0 100 32644122 1.59454 1.59454
26 1718 0 100 32681686 1.99454 1.99454
8 1697 0 100 32667652 2.09454 2.09454
44 1731 0 100 32644256 2.29454 2.29454
47 1682 0 100 32683066 2.39454 2.39454
51 1687 0 100 32669168 2.49454 2.49454
49 1694 0 100 32655154 2.69454 2.69454
32 1671 0 100 32645658 2.69454 2.69454
21 1676 0 100 32653378 2.79454 2.79454
69 1753 0 100 32609914 2.89454 2.89454
12 1724 0 100 32657146 2.89454 2.89454
13 1740 0 100 32670638 2.99454 2.99454
41 1717 0 100 32634894 2.99454 2.99454
25 1703 0 100 32665992 3.19454 3.19454
23 1705 0 100 32635808 3.19454 3.19454
31 1714 0 100 32674968 3.19454 3.19454
22 1737 0 100 32657564 3.29454 3.29454
56 1706 0 100 32650738 3.29454 3.29454
61 1686 0 100 32648214 3.49454 3.49454
45 1732 0 100 32632050 3.59454 3.59454
42 1743 0 100 32656494 3.59454 3.59454
57 1702 0 100 32665764 3.59454 3.59454
60 1701 0 100 32655250 3.69454 3.69454
65 1700 0 100 32664968 3.79454 3.79454
9 1715 0 100 32682264 3.79454 3.79454
11 1729 0 100 32681736 3.79454 3.79454
33 1670 0 100 32650946 3.89454 3.89454
7 1684 0 100 32678582 3.99454 3.99454
5 1757 0 100 32654318 3.99454 3.99454
28 1745 0 100 32676782 3.99454 3.99454
40 1739 0 100 32661778 3.99454 3.99454
54 1727 0 100 32682526 4.09454 4.09454
34 1754 0 100 32650626 4.19454 4.19454
19 1738 0 100 32678198 4.19454 4.19454
6 1709 0 100 32642244 4.39454 4.39454
68 1719 0 100 32650630 4.59454 4.59454
62 1748 0 100 32653188 4.79454 4.79454
66 1722 0 100 32632532 4.89454 4.89454
1 1750 0 100 32672116 4.89454 4.89454
38 1746 0 100 32679510 5.29454 5.29454
58 1720 0 100 32668030 5.39454 5.39454
16 1678 0 100 32638288 5.39454 5.39454
10 1673 0 100 32627190 5.59454 5.59454
14 1712 0 100 32639926 5.59454 5.59454
15 1690 0 100 32673438 5.69454 5.69454
67 1725 0 100 32671986 5.79454 5.79454
70 1680 0 100 32651714 5.79454 5.79454
35 1711 0 100 32646658 5.89454 5.89454
24 1734 0 100 32682584 5.89454 5.89454
63 1693 0 100 32645220 5.99454 5.99454
48 1681 0 100 32670280 5.99454 5.99454
4 1710 0 100 32668916 6.09454 6.09454
52 1721 0 100 32667592 6.09454 6.09454
20 1707 0 100 32668524 6.29454 6.29454
43 1704 0 100 32651846 6.29454 6.29454
29 1688 0 100 32661828 6.39454 6.39454
17 1696 0 100 32683146 6.49454 6.49454
64 1751 0 100 32675710 6.69454 6.69454
39 1758 0 100 32673814 6.89454 6.89454
55 1713 0 100 32644798 6.89454 6.89454
53 1741 0 100 32675944 7.29454 7.29454
27 1752 0 100 32660898 7.79454 7.79454
30 1755 0 100 32655350 7.89454 7.89454
