51 1460 0 100 32640356 1.77673 1.77673
36 1482 0 100 32675308 1.87673 1.87673
23 1470 0 100 32662112 2.17673 2.17673
47 1487 0 100 32682690 2.27673 2.27673
45 1466 0 100 32663818 2.37673 2.37673
20 1483 0 100 32643756 2.47673 2.47673
27 1462 0 100 32631234 2.47673 2.47673
14 1497 0 100 32630246 2.47673 2.47673
4 1494 0 100 32641368 2.57673 2.57673
1 1485 0 100 32657308 2.57673 2.57673
5 1499 0 100 32652698 2.77673 2.77673
38 1505 0 100 32655304 2.87673 2.87673
52 1481 0 100 32663626 2.97673 2.97673
33 1465 0 100 32638888 2.97673 2.97673
34 1491 0 100 32680190 3.17673 3.17673
57 1517 0 100 32678642 3.17673 3.17673
19 1501 0 100 32658382 3.27673 3.27673
21 1503 0 100 32647568 3.37673 3.37673
12 1473 0 100 32673442 3.37673 3.37673
42 1510 0 100 32638258 3.47673 3.47673
25 1477 0 100 32680986 3.47673 3.47673
13 1506 0 100 32678006 3.67673 3.67673
8 1534 0 100 32672534 3.67673 3.67673
10 1469 0 100 32668438 3.67673 3.67673
22 1537 0 100 32662718 3.87673 3.87673
3 1488 0 100 32667454 3.97673 3.97673
26 1468 0 100 32666480 4.07673 4.07673
48 1472 0 100 32641790 4.17673 4.17673
46 1525 0 100 32652136 4.47673 4.47673
28 1479 0 100 32643556 4.47673 4.47673
32 1512 0 100 32645914 4.57673 4.57673
59 1463 0 100 32673760 4.87673 4.87673
43 1475 0 100 32637706 4.97673 4.97673
11 1461 0 100 32653842 5.07673 5.07673
54 1532 0 100 32664326 5.37673 5.37673
16 1509 0 100 32640112 5.37673 5.37673
50 1535 0 100 32681898 5.47673 5.47673
44 1513 0 100 32674162 5.47673 5.47673
31 1508 0 100 32643004 5.57673 5.57673
35 1489 0 100 32645246 5.57673 5.57673
15 1476 0 100 32676392 5.67673 5.67673
58 1518 0 100 32648028 5.67673 5.67673
41 1538 0 100 32652434 5.87673 5.87673
40 1519 0 100 32678980 6.27673 6.27673
18 1522 0 100 32666268 6.47673 6.47673
55 1524 0 100 32638014 6.47673 6.47673
29 1498 0 100 32656190 6.67673 6.67673
39 1492 0 100 32646788 6.77673 6.77673
60 1502 0 100 32642414 6.97673 6.97673
9 1515 0 100 32661226 7.07673 7.07673
37 1495 0 100 32663872 7.07673 7.07673
6 1530 0 100 32670944 7.17673 7.17673
30 1514 0 100 32652948 7.37673 7.37673
7 1527 0 100 32674560 7.47673 7.47673
17 1529 0 100 32676568 7.57673 7.57673
53 1528 0 100 32670762 7.57673 7.57673
2 1536 0 100 32648080 7.77673 7.77673
56 1533 0 100 32633408 7.77673 7.77673
