0 1250
0 1251
0 1252
0 1253
0 1254
0 1255
0 1256
0 1257
0 1258
0 1259
0 1261
0 1262
0 1264
33 1260
0 1268
0 1269
0 1274
0 1277
0 1279
0 1284
0 1294
0 1299
50 1273
42 1286
25 1272
0 1302
0 1306
0 1311
17 1263
0 1313
0 1317
7 1310
13 1275
0 1320
43 1267
0 1321
0 1326
30 1316
24 1308
0 1329
20 1298
38 1293
36 1328
49 1324
0 1330
5 1301
11 1288
12 1322
0 1331
0 1332
6 1290
10 1289
0 1333
18 1283
29 1295
0 1334
16 1287
47 1281
0 1335
9 1280
27 1300
0 1336
0 1337
0 1338
23 1297
37 1265
48 1314
4 1307
0 1339
0 1340
0 1341
0 1342
35 1282
26 1291
15 1278
32 1292
0 1343
2 1318
28 1276
0 1344
8 1319
0 1345
0 1346
0 1347
40 1296
0 1348
0 1349
19 1285
46 1323
0 1350
0 1351
0 1352
0 1353
1 1305
0 1354
0 1355
39 1315
0 1356
0 1357
0 1358
31 1266
0 1359
44 1271
0 1360
0 1361
14 1312
22 1309
41 1303
21 1270
0 1362
0 1363
0 1364
0 1365
0 1366
0 1367
0 1368
0 1369
0 1370
3 1304
0 1371
0 1372
45 1327
0 1373
0 1374
0 1375
34 1325
0 1376
0 1377
0 1378
0 1379
0 1380
0 1381
0 1382
0 1383
0 1384
0 1385
0 1386
0 1387
0 1388
0 1389
0 1390
0 1391
0 1392
0 1393
0 1394
0 1395
0 1396
0 1397
0 1398
0 1399
0 1400
0 1401
0 1402
0 1403
0 1404
0 1405
0 1406
0 1407
0 1408
0 1409
0 1410
0 1411
0 1412
0 1413
0 1414
0 1415
0 1416
0 1417
0 1418
0 1419
0 1420
0 1421
0 1422
0 1423
0 1424
0 1425
0 1426
0 1427
0 1428
0 1429
0 1430
0 1431
0 1432
0 1433
0 1434
0 1435
0 1436
0 1437
0 1438
0 1439
0 1440
0 1441
0 1442
0 1443
0 1444
0 1445
0 1446
0 1447
0 1448
0 1449
