33 1260 0 100 32644132 1.29411 1.29411
50 1273 0 100 32659338 2.09411 2.09411
42 1286 0 100 32680966 2.09411 2.09411
25 1272 0 100 32637060 2.09411 2.09411
17 1263 0 100 32658050 2.39411 2.39411
7 1310 0 100 32655932 2.59411 2.59411
13 1275 0 100 32661634 2.59411 2.59411
43 1267 0 100 32657014 2.69411 2.69411
30 1316 0 100 32673768 2.89411 2.89411
24 1308 0 100 32674578 2.89411 2.89411
20 1298 0 100 32654396 2.99411 2.99411
38 1293 0 100 32649034 2.99411 2.99411
36 1328 0 100 32666620 2.99411 2.99411
49 1324 0 100 32658528 2.99411 2.99411
5 1301 0 100 32649734 3.09411 3.09411
11 1288 0 100 32675622 3.09411 3.09411
12 1322 0 100 32656918 3.09411 3.09411
6 1290 0 100 32636704 3.29411 3.29411
10 1289 0 100 32662654 3.29411 3.29411
18 1283 0 100 32664390 3.39411 3.39411
29 1295 0 100 32671606 3.39411 3.39411
16 1287 0 100 32646274 3.49411 3.49411
47 1281 0 100 32658070 3.49411 3.49411
9 1280 0 100 32673088 3.59411 3.59411
27 1300 0 100 32660588 3.59411 3.59411
23 1297 0 100 32652334 3.89411 3.89411
37 1265 0 100 32682900 3.89411 3.89411
48 1314 0 100 32664434 3.89411 3.89411
4 1307 0 100 32661886 3.89411 3.89411
35 1282 0 100 32680324 4.29411 4.29411
26 1291 0 100 32628040 4.29411 4.29411
32 1292 0 100 32674406 4.29411 4.29411
2 1318 0 100 32670340 4.39411 4.39411
28 1276 0 100 32633378 4.39411 4.39411
8 1319 0 100 32659492 4.49411 4.49411
40 1296 0 100 32633584 4.79411 4.79411
19 1285 0 100 32678258 4.99411 4.99411
46 1323 0 100 32629588 4.99411 4.99411
1 1305 0 100 32658114 5.39411 5.39411
39 1315 0 100 32678420 5.59411 5.59411
31 1266 0 100 32651678 5.89411 5.89411
44 1271 0 100 32673502 5.99411 5.99411
22 1309 0 100 32679234 6.19411 6.19411
41 1303 0 100 32679180 6.19411 6.19411
21 1270 0 100 32681898 6.19411 6.19411
3 1304 0 100 32673782 7.09411 7.09411
45 1327 0 100 32654282 7.29411 7.29411
34 1325 0 100 32650556 7.59411 7.59411
