29 898 0 100 32653024 1.52389 1.52389
18 901 0 100 32665388 2.22389 2.22389
9 923 0 100 32658928 2.52389 2.52389
11 896 0 100 32649398 2.62389 2.62389
13 892 0 100 32669938 2.72389 2.72389
7 910 0 100 32669344 2.82389 2.82389
28 902 0 100 32660260 2.92389 2.92389
26 932 0 100 32652502 3.02389 3.02389
3 893 0 100 32660728 3.72389 3.72389
27 895 0 100 32674674 3.72389 3.72389
1 915 0 100 32674580 3.82389 3.82389
8 933 0 100 32668376 3.92389 3.92389
16 903 0 100 32642944 4.12389 4.12389
30 928 0 100 32674254 4.12389 4.12389
15 906 0 100 32646430 4.32389 4.32389
14 937 0 100 32649222 4.52389 4.52389
5 920 0 100 32665838 4.52389 4.52389
19 916 0 100 32661000 4.82389 4.82389
25 926 0 100 32665352 5.32389 5.32389
4 909 0 100 32644908 5.42389 5.42389
22 936 0 100 32654472 5.42389 5.42389
10 929 0 100 32635684 5.92389 5.92389
21 911 0 100 32654724 6.22389 6.22389
17 914 0 100 32660642 6.42389 6.42389
12 917 0 100 32674916 6.72389 6.72389
24 938 0 100 32641654 6.82389 6.82389
6 924 0 100 32653698 6.92389 6.92389
23 927 0 100 32662784 7.22389 7.22389
20 931 0 100 32646278 7.62389 7.62389
