82 0.8 0.016 0.784
82 0.784 0.16 0.624
22 0.8 0.016 0.784
74 0.8 0.016 0.784
22 0.784 0.16 0.624
74 0.784 0.16 0.624
70 0.8 0.016 0.784
70 0.784 0.16 0.624
21 0.8 0.16 0.64
21 0.710828 0.016 0.694828
21 0.694828 0.16 0.534828
75 0.8 0.16 0.64
76 0.8 0.16 0.64
75 0.714416 0.016 0.698416
76 0.714753 0.016 0.698753
75 0.698416 0.16 0.538416
76 0.698753 0.16 0.538753
16 0.8 0.016 0.784
71 0.8 0.016 0.784
91 0.8 0.016 0.784
91 0.784 0.16 0.624
16 0.784 0.16 0.624
71 0.784 0.16 0.624
18 0.8 0.016 0.784
18 0.784 0.16 0.624
33 0.8 0.016 0.784
33 0.784 0.16 0.624
9 0.8 0.16 0.64
30 0.8 0.16 0.64
52 0.8 0.16 0.64
96 0.8 0.16 0.64
9 0.718882 0.016 0.702882
30 0.713199 0.016 0.697199
52 0.718981 0.016 0.702981
52 0.702981 0.16 0.542981
30 0.697199 0.16 0.537199
9 0.702882 0.16 0.542882
4 0.8 0.16 0.64
67 0.8 0.16 0.64
96 0.71657 0.16 0.55657
4 0.64 0.16 0.48
67 0.64 0.16 0.48
96 0.55657 0.16 0.39657
4 0.48 0.16 0.32
67 0.48 0.16 0.32
96 0.39657 0.16 0.23657
4 0.392944 0.016 0.376944
20 0.8 0.016 0.784
67 0.398658 0.016 0.382658
96 0.309208 0.016 0.293208
67 0.382658 0.16 0.222658
96 0.293208 0.16 0.133208
4 0.376944 0.16 0.216944
20 0.784 0.16 0.624
97 0.8 0.016 0.784
97 0.784 0.16 0.624
32 0.8 0.16 0.64
32 0.717005 0.016 0.701005
32 0.701005 0.16 0.541005
15 0.8 0.16 0.64
56 0.8 0.16 0.64
15 0.71345 0.016 0.69745
56 0.714405 0.016 0.698405
56 0.698405 0.16 0.538405
15 0.69745 0.16 0.53745
25 0.8 0.16 0.64
43 0.8 0.16 0.64
66 0.8 0.16 0.64
25 0.64 0.16 0.48
66 0.64 0.16 0.48
25 0.551239 0.016 0.535239
43 0.718826 0.016 0.702826
66 0.556565 0.016 0.540565
92 0.8 0.016 0.784
66 0.540565 0.16 0.380565
25 0.535239 0.16 0.375239
43 0.702826 0.16 0.542826
92 0.784 0.16 0.624
100 0.8 0.16 0.64
100 0.718184 0.016 0.702184
100 0.702184 0.16 0.542184
6 0.8 0.016 0.784
38 0.8 0.016 0.784
83 0.8 0.016 0.784
89 0.8 0.016 0.784
94 0.8 0.016 0.784
6 0.784 0.16 0.624
83 0.784 0.16 0.624
89 0.784 0.16 0.624
38 0.784 0.16 0.624
94 0.784 0.16 0.624
62 0.8 0.16 0.64
86 0.8 0.16 0.64
86 0.64 0.16 0.48
53 0.8 0.16 0.64
62 0.64 0.16 0.48
86 0.48 0.16 0.32
53 0.64 0.16 0.48
62 0.48 0.16 0.32
86 0.32 0.16 0.16
86 0.16 0.16 -5.55112e-17
53 0.554965 0.016 0.538965
62 0.390081 0.016 0.374081
86 0.0711091 0.016 0.0551091
62 0.374081 0.16 0.214081
53 0.538965 0.16 0.378965
7 0.8 0.16 0.64
79 0.8 0.16 0.64
86 0.0551091 0.16 -0.104891
7 0.64 0.16 0.48
10 0.8 0.16 0.64
79 0.64 0.16 0.48
86 0 0.16 -0.16
7 0.552583 0.016 0.536583
79 0.553448 0.016 0.537448
86 0.0771192 0.016 0.0611192
79 0.537448 0.16 0.377448
7 0.536583 0.16 0.376583
10 0.7126 0.16 0.5526
10 0.5526 0.16 0.3926
10 0.469379 0.016 0.453379
78 0.8 0.016 0.784
78 0.784 0.16 0.624
10 0.453379 0.16 0.293379
37 0.8 0.16 0.64
59 0.8 0.16 0.64
68 0.8 0.16 0.64
77 0.8 0.16 0.64
68 0.64 0.16 0.48
37 0.712363 0.016 0.696363
59 0.716956 0.016 0.700956
68 0.557961 0.016 0.541961
59 0.700956 0.16 0.540956
68 0.541961 0.16 0.381961
37 0.696363 0.16 0.536363
11 0.8 0.16 0.64
63 0.8 0.16 0.64
77 0.716871 0.16 0.556871
77 0.556871 0.16 0.396871
11 0.64 0.16 0.48
63 0.64 0.16 0.48
77 0.396871 0.16 0.236871
11 0.554842 0.016 0.538842
63 0.552447 0.016 0.536447
77 0.314154 0.016 0.298154
11 0.538842 0.16 0.378842
63 0.536447 0.16 0.376447
77 0.298154 0.16 0.138154
1 0.8 0.16 0.64
1 0.64 0.16 0.48
26 0.8 0.16 0.64
48 0.8 0.16 0.64
50 0.8 0.16 0.64
1 0.552076 0.016 0.536076
26 0.714617 0.016 0.698617
48 0.712147 0.016 0.696147
86 0.36031 0.16 0.20031
48 0.696147 0.16 0.536147
26 0.698617 0.16 0.538617
1 0.536076 0.16 0.376076
35 0.8 0.16 0.64
36 0.8 0.16 0.64
50 0.717162 0.16 0.557162
55 0.8 0.16 0.64
35 0.64 0.16 0.48
50 0.557162 0.16 0.397162
55 0.64 0.16 0.48
50 0.397162 0.16 0.237162
55 0.48 0.16 0.32
50 0.31058 0.016 0.29458
55 0.391619 0.016 0.375619
50 0.29458 0.16 0.13458
86 0.273243 0.16 0.113243
55 0.375619 0.16 0.215619
35 0.553979 0.16 0.393979
14 0.8 0.16 0.64
19 0.8 0.16 0.64
35 0.393979 0.16 0.233979
36 0.719657 0.16 0.559657
47 0.8 0.16 0.64
14 0.714785 0.016 0.698785
19 0.717723 0.016 0.701723
35 0.31017 0.016 0.29417
36 0.634423 0.016 0.618423
47 0.712084 0.016 0.696084
14 0.698785 0.16 0.538785
36 0.618423 0.16 0.458423
19 0.701723 0.16 0.541723
35 0.29417 0.16 0.13417
47 0.696084 0.16 0.536084
3 0.8 0.16 0.64
40 0.8 0.16 0.64
40 0.64 0.16 0.48
3 0.64 0.16 0.48
12 0.8 0.16 0.64
40 0.48 0.16 0.32
40 0.32 0.16 0.16
12 0.64 0.16 0.48
40 0.16 0.16 -5.55112e-17
3 0.55471 0.016 0.53871
12 0.550249 0.016 0.534249
31 0.8 0.016 0.784
40 0.0799972 0.016 0.0639972
69 0.8 0.016 0.784
12 0.534249 0.16 0.374249
69 0.784 0.16 0.624
3 0.53871 0.16 0.37871
31 0.784 0.16 0.624
40 0.0639972 0.16 -0.0960028
46 0.8 0.16 0.64
24 0.8 0.16 0.64
40 0 0.16 -0.16
46 0.64 0.16 0.48
40 0 0.16 -0.16
46 0.48 0.16 0.32
24 0.64 0.16 0.48
40 0 0.16 -0.16
46 0.32 0.16 0.16
24 0.556656 0.016 0.540656
28 0.8 0.016 0.784
40 0.0715562 0.016 0.0555562
46 0.231931 0.016 0.215931
24 0.540656 0.16 0.380656
28 0.784 0.16 0.624
46 0.215931 0.16 0.0559315
42 0.8 0.16 0.64
40 0.0555562 0.16 -0.104444
42 0.719498 0.016 0.703498
42 0.703498 0.16 0.543498
60 0.8 0.16 0.64
60 0.718949 0.016 0.702949
93 0.8 0.016 0.784
93 0.784 0.16 0.624
60 0.702949 0.16 0.542949
73 0.8 0.16 0.64
88 0.8 0.16 0.64
73 0.719875 0.016 0.703875
88 0.719375 0.016 0.703375
73 0.703875 0.16 0.543875
88 0.703375 0.16 0.543375
41 0.8 0.16 0.64
41 0.64 0.16 0.48
41 0.55338 0.016 0.53738
40 0.304626 0.16 0.144626
41 0.53738 0.16 0.37738
40 0.215977 0.16 0.0559771
81 0.8 0.016 0.784
84 0.8 0.016 0.784
84 0.784 0.16 0.624
81 0.784 0.16 0.624
13 0.8 0.16 0.64
13 0.64 0.16 0.48
29 0.8 0.16 0.64
13 0.557104 0.016 0.541104
27 0.8 0.016 0.784
29 0.711144 0.016 0.695144
29 0.695144 0.16 0.535144
13 0.541104 0.16 0.381104
27 0.784 0.16 0.624
39 0.8 0.16 0.64
39 0.64 0.16 0.48
39 0.48 0.16 0.32
39 0.395054 0.016 0.379054
39 0.379054 0.16 0.219054
54 0.8 0.016 0.784
54 0.784 0.16 0.624
64 0.8 0.16 0.64
80 0.8 0.16 0.64
98 0.8 0.16 0.64
64 0.715114 0.016 0.699114
80 0.717485 0.016 0.701485
98 0.712212 0.016 0.696212
80 0.701485 0.16 0.541485
64 0.699114 0.16 0.539114
98 0.696212 0.16 0.536212
8 0.8 0.16 0.64
8 0.64 0.16 0.48
8 0.48 0.16 0.32
8 0.395029 0.016 0.379029
8 0.379029 0.16 0.219029
90 0.8 0.016 0.784
90 0.784 0.16 0.624
5 0.8 0.16 0.64
5 0.714321 0.016 0.698321
5 0.698321 0.16 0.538321
23 0.8 0.16 0.64
23 0.714093 0.016 0.698093
23 0.698093 0.16 0.538093
17 0.8 0.16 0.64
87 0.8 0.16 0.64
17 0.719569 0.016 0.703569
87 0.713812 0.016 0.697812
17 0.703569 0.16 0.543569
87 0.697812 0.16 0.537812
49 0.8 0.016 0.784
49 0.784 0.16 0.624
2 0.8 0.016 0.784
85 0.8 0.016 0.784
2 0.784 0.16 0.624
85 0.784 0.16 0.624
44 0.8 0.16 0.64
44 0.716673 0.016 0.700673
44 0.700673 0.16 0.540673
72 0.8 0.016 0.784
95 0.8 0.016 0.784
72 0.784 0.16 0.624
95 0.784 0.16 0.624
51 0.8 0.16 0.64
51 0.713932 0.016 0.697932
51 0.697932 0.16 0.537932
34 0.8 0.16 0.64
45 0.8 0.16 0.64
61 0.8 0.16 0.64
99 0.8 0.16 0.64
34 0.719899 0.016 0.703899
45 0.714664 0.016 0.698664
61 0.713765 0.016 0.697765
99 0.710898 0.016 0.694898
45 0.698664 0.16 0.538664
61 0.697765 0.16 0.537765
99 0.694898 0.16 0.534898
34 0.703899 0.16 0.543899
57 0.8 0.016 0.784
57 0.784 0.16 0.624
65 0.8 0.16 0.64
65 0.717447 0.016 0.701447
65 0.701447 0.16 0.541447
58 0.8 0.16 0.64
58 0.712472 0.016 0.696472
58 0.696472 0.16 0.536472
