10 721 0 100 32660242 1.99022 1.99022
14 727 0 100 32650834 2.99022 2.99022
7 723 0 100 32657150 3.09022 3.09022
20 754 0 100 32638686 3.19022 3.19022
9 736 0 100 32679962 3.19022 3.19022
8 731 0 100 32668652 3.49022 3.49022
5 730 0 100 32668520 3.99022 3.99022
19 734 0 100 32642802 4.49022 4.49022
6 750 0 100 32674666 4.99022 4.99022
11 724 0 100 32666068 5.59022 5.59022
3 747 0 100 32672460 5.79022 5.79022
1 738 0 100 32673770 5.99022 5.99022
16 751 0 100 32650104 6.19022 6.19022
15 755 0 100 32662392 6.29022 6.29022
13 758 0 100 32650390 6.39022 6.39022
17 729 0 100 32670934 6.49022 6.49022
2 741 0 100 32668866 6.89022 6.89022
18 743 0 100 32676692 7.19022 7.19022
12 744 0 100 32659958 7.19022 7.19022
4 748 0 100 32635588 7.49022 7.49022
