82 2366 0 100 32649428 1.08039 1.08039
22 2373 0 100 32671154 1.58039 1.58039
74 2391 0 100 32668532 1.58039 1.58039
70 2368 0 100 32632126 1.78039 1.78039
21 2363 0 100 32636926 1.88039 1.88039
75 2403 0 100 32625678 1.98039 1.98039
76 2394 0 100 32663324 1.98039 1.98039
91 2387 0 100 32647788 2.08039 2.08039
16 2416 0 100 32644256 2.08039 2.08039
71 2414 0 100 32654578 2.08039 2.08039
18 2411 0 100 32646164 2.48039 2.48039
33 2360 0 100 32671568 2.68039 2.68039
52 2397 0 100 32659980 2.78039 2.78039
30 2404 0 100 32631716 2.78039 2.78039
9 2364 0 100 32644784 2.78039 2.78039
67 2410 0 100 32641294 2.88039 2.88039
96 2425 0 100 32634490 2.88039 2.88039
20 2386 0 100 32661618 2.88039 2.88039
97 2362 0 100 32680050 2.98039 2.98039
32 2461 0 100 32668298 3.08039 3.08039
56 2383 0 100 32680058 3.18039 3.18039
15 2454 0 100 32642644 3.18039 3.18039
66 2444 0 100 32646996 3.28039 3.28039
92 2420 0 100 32670506 3.28039 3.28039
100 2473 0 100 32678438 3.38039 3.38039
6 2381 0 100 32654928 3.68039 3.68039
83 2440 0 100 32660794 3.68039 3.68039
89 2390 0 100 32676480 3.68039 3.68039
38 2459 0 100 32668316 3.68039 3.68039
94 2460 0 100 32670280 3.68039 3.68039
62 2441 0 100 32677196 3.78039 3.78039
53 2371 0 100 32676792 3.78039 3.78039
79 2478 0 100 32657154 3.88039 3.88039
7 2427 0 100 32649940 3.88039 3.88039
78 2442 0 100 32675184 3.98039 3.98039
10 2457 0 100 32652758 3.98039 3.98039
59 2399 0 100 32659330 4.08039 4.08039
68 2361 0 100 32625826 4.08039 4.08039
37 2365 0 100 32662176 4.08039 4.08039
11 2431 0 100 32652134 4.18039 4.18039
77 2443 0 100 32661562 4.18039 4.18039
48 2465 0 100 32678860 4.28039 4.28039
26 2450 0 100 32680358 4.28039 4.28039
1 2462 0 100 32656266 4.28039 4.28039
50 2408 0 100 32649046 4.38039 4.38039
55 2409 0 100 32651286 4.38039 4.38039
14 2422 0 100 32655866 4.48039 4.48039
36 2426 0 100 32649128 4.48039 4.48039
19 2385 0 100 32633146 4.48039 4.48039
35 2417 0 100 32629864 4.48039 4.48039
47 2372 0 100 32633264 4.48039 4.48039
12 2436 0 100 32648300 4.58039 4.58039
69 2455 0 100 32654104 4.58039 4.58039
3 2456 0 100 32648298 4.58039 4.58039
31 2369 0 100 32669406 4.58039 4.58039
28 2384 0 100 32678298 4.68039 4.68039
46 2451 0 100 32643506 4.68039 4.68039
42 2378 0 100 32670674 4.78039 4.78039
93 2438 0 100 32680326 4.88039 4.88039
60 2437 0 100 32631822 4.88039 4.88039
73 2405 0 100 32667750 4.98039 4.98039
88 2466 0 100 32668314 4.98039 4.98039
41 2370 0 100 32645232 5.08039 5.08039
84 2379 0 100 32639914 5.38039 5.38039
81 2406 0 100 32662630 5.38039 5.38039
29 2458 0 100 32646886 5.48039 5.48039
13 2393 0 100 32659194 5.48039 5.48039
27 2401 0 100 32663140 5.48039 5.48039
39 2475 0 100 32630076 5.58039 5.58039
54 2375 0 100 32652906 5.68039 5.68039
80 2468 0 100 32673144 5.78039 5.78039
64 2445 0 100 32659382 5.78039 5.78039
98 2395 0 100 32637890 5.78039 5.78039
8 2448 0 100 32631242 5.88039 5.88039
90 2413 0 100 32661616 5.98039 5.98039
5 2449 0 100 32668848 6.08039 6.08039
23 2389 0 100 32659610 6.18039 6.18039
17 2380 0 100 32643238 6.28039 6.28039
87 2474 0 100 32662498 6.28039 6.28039
49 2423 0 100 32652028 6.38039 6.38039
85 2419 0 100 32683062 6.48039 6.48039
44 2415 0 100 32624976 6.58039 6.58039
95 2432 0 100 32633010 6.78039 6.78039
51 2430 0 100 32662210 6.88039 6.88039
61 2463 0 100 32641746 6.98039 6.98039
99 2433 0 100 32665720 6.98039 6.98039
34 2469 0 100 32675410 6.98039 6.98039
57 2477 0 100 32676018 7.28039 7.28039
65 2446 0 100 32629030 7.38039 7.38039
58 2472 0 100 32637258 7.48039 7.48039
