10 0.8 0.016 0.784
10 0.784 0.16 0.624
14 0.8 0.016 0.784
14 0.784 0.16 0.624
7 0.8 0.016 0.784
7 0.784 0.16 0.624
20 0.8 0.16 0.64
9 0.8 0.016 0.784
20 0.717917 0.016 0.701917
20 0.701917 0.16 0.541917
9 0.784 0.16 0.624
8 0.8 0.016 0.784
8 0.784 0.16 0.624
5 0.8 0.016 0.784
5 0.784 0.16 0.624
19 0.8 0.016 0.784
19 0.784 0.16 0.624
6 0.8 0.016 0.784
6 0.784 0.16 0.624
11 0.8 0.016 0.784
11 0.784 0.16 0.624
3 0.8 0.016 0.784
3 0.784 0.16 0.624
1 0.8 0.016 0.784
1 0.784 0.16 0.624
16 0.8 0.016 0.784
16 0.784 0.16 0.624
15 0.8 0.16 0.64
15 0.714232 0.016 0.698232
15 0.698232 0.16 0.538232
13 0.8 0.16 0.64
13 0.718797 0.016 0.702797
13 0.702797 0.16 0.542797
17 0.8 0.16 0.64
17 0.718122 0.016 0.702122
17 0.702122 0.16 0.542122
2 0.8 0.016 0.784
2 0.784 0.16 0.624
12 0.8 0.016 0.784
18 0.8 0.016 0.784
18 0.784 0.16 0.624
12 0.784 0.16 0.624
4 0.8 0.016 0.784
4 0.784 0.16 0.624
