0 1660
0 1661
0 1662
0 1663
0 1664
0 1665
0 1666
0 1667
0 1668
0 1669
0 1672
0 1677
50 1675
0 1679
0 1683
0 1689
0 1695
46 1692
37 1691
0 1699
0 1708
0 1716
0 1723
26 1718
0 1726
8 1697
0 1730
0 1733
44 1731
0 1735
47 1682
0 1736
51 1687
0 1742
0 1747
49 1694
32 1671
0 1749
21 1676
0 1756
69 1753
12 1724
0 1759
13 1740
41 1717
0 1760
0 1761
25 1703
23 1705
31 1714
0 1762
22 1737
56 1706
0 1763
0 1764
61 1686
0 1765
45 1732
42 1743
57 1702
0 1766
60 1701
0 1767
65 1700
9 1715
11 1729
0 1768
33 1670
0 1769
7 1684
3 1698
5 1757
28 1745
40 1739
0 1770
36 1674
54 1727
0 1771
34 1754
2 1685
19 1738
0 1772
0 1773
6 1709
0 1774
0 1775
18 1728
59 1744
68 1719
0 1776
0 1777
62 1748
0 1778
66 1722
1 1750
0 1779
0 1780
0 1781
0 1782
38 1746
0 1783
58 1720
16 1678
0 1784
0 1785
10 1673
14 1712
0 1786
15 1690
0 1787
67 1725
70 1680
0 1788
35 1711
24 1734
0 1789
63 1693
48 1681
0 1790
4 1710
52 1721
0 1791
0 1792
20 1707
43 1704
0 1793
29 1688
0 1794
17 1696
0 1795
0 1796
64 1751
0 1797
0 1798
39 1758
55 1713
0 1799
0 1800
0 1801
0 1802
53 1741
0 1803
0 1804
0 1805
0 1806
0 1807
27 1752
0 1808
30 1755
0 1809
0 1810
0 1811
0 1812
0 1813
0 1814
0 1815
0 1816
0 1817
0 1818
0 1819
0 1820
0 1821
0 1822
0 1823
0 1824
0 1825
0 1826
0 1827
0 1828
0 1829
0 1830
0 1831
0 1832
0 1833
0 1834
0 1835
0 1836
0 1837
0 1838
0 1839
0 1840
0 1841
0 1842
0 1843
0 1844
0 1845
0 1846
0 1847
0 1848
0 1849
0 1850
0 1851
0 1852
0 1853
0 1854
0 1855
0 1856
0 1857
0 1858
0 1859
0 1860
0 1861
0 1862
0 1863
0 1864
0 1865
0 1866
0 1867
0 1868
0 1869
0 1870
0 1871
0 1872
0 1873
0 1874
0 1875
0 1876
0 1877
0 1878
0 1879
