40 1088 0 100 32642766 1.75997 1.75997
32 1082 0 100 32667020 2.05997 2.05997
39 1073 0 100 32637028 2.35997 2.35997
5 1097 0 100 32659934 2.65997 2.65997
38 1114 0 100 32649732 2.85997 2.85997
19 1070 0 100 32666568 3.05997 3.05997
4 1079 0 100 32676018 3.05997 3.05997
33 1109 0 100 32654718 3.15997 3.15997
11 1071 0 100 32656542 3.15997 3.15997
36 1078 0 100 32657874 3.25997 3.25997
23 1113 0 100 32651680 3.35997 3.35997
18 1089 0 100 32651070 3.65997 3.65997
37 1128 0 100 32674310 3.65997 3.65997
20 1117 0 100 32655396 3.85997 3.85997
22 1124 0 100 32674054 4.05997 4.05997
10 1110 0 100 32676606 4.15997 4.15997
12 1086 0 100 32635326 4.35997 4.35997
21 1127 0 100 32676340 4.45997 4.45997
34 1121 0 100 32641362 4.75997 4.75997
28 1120 0 100 32669206 4.75997 4.75997
30 1091 0 100 32678022 4.85997 4.85997
27 1099 0 100 32677784 4.85997 4.85997
24 1092 0 100 32656620 4.95997 4.95997
25 1074 0 100 32662610 4.95997 4.95997
1 1081 0 100 32663074 5.45997 5.45997
6 1096 0 100 32677424 5.55997 5.55997
29 1075 0 100 32643442 5.65997 5.65997
3 1102 0 100 32658572 5.75997 5.75997
2 1084 0 100 32657262 5.85997 5.85997
31 1076 0 100 32678666 5.85997 5.85997
26 1116 0 100 32652190 5.95997 5.95997
35 1095 0 100 32649166 5.95997 5.95997
9 1106 0 100 32675720 6.15997 6.15997
8 1125 0 100 32674440 6.25997 6.25997
16 1104 0 100 32679874 6.35997 6.35997
17 1107 0 100 32646264 6.35997 6.35997
15 1122 0 100 32663960 6.65997 6.65997
13 1093 0 100 32657154 6.75997 6.75997
14 1101 0 100 32671316 7.05997 7.05997
