50 0.8 0.016 0.784
50 0.784 0.16 0.624
37 0.8 0.016 0.784
46 0.8 0.016 0.784
46 0.784 0.16 0.624
37 0.784 0.16 0.624
26 0.8 0.016 0.784
26 0.784 0.16 0.624
8 0.8 0.16 0.64
8 0.719763 0.016 0.703763
8 0.703763 0.16 0.543763
44 0.8 0.016 0.784
44 0.784 0.16 0.624
47 0.8 0.016 0.784
47 0.784 0.16 0.624
51 0.8 0.16 0.64
51 0.719779 0.016 0.703779
51 0.703779 0.16 0.543779
32 0.8 0.016 0.784
49 0.8 0.016 0.784
49 0.784 0.16 0.624
32 0.784 0.16 0.624
21 0.8 0.16 0.64
21 0.64 0.16 0.48
21 0.551142 0.016 0.535142
21 0.535142 0.16 0.375142
12 0.8 0.016 0.784
69 0.8 0.016 0.784
69 0.784 0.16 0.624
12 0.784 0.16 0.624
41 0.8 0.16 0.64
13 0.8 0.016 0.784
41 0.715112 0.016 0.699112
13 0.784 0.16 0.624
41 0.699112 0.16 0.539112
23 0.8 0.016 0.784
25 0.8 0.016 0.784
31 0.8 0.016 0.784
25 0.784 0.16 0.624
23 0.784 0.16 0.624
31 0.784 0.16 0.624
22 0.8 0.16 0.64
56 0.8 0.16 0.64
22 0.717489 0.016 0.701489
56 0.7121 0.016 0.6961
22 0.701489 0.16 0.541489
56 0.6961 0.16 0.5361
61 0.8 0.016 0.784
61 0.784 0.16 0.624
42 0.8 0.016 0.784
45 0.8 0.016 0.784
57 0.8 0.016 0.784
45 0.784 0.16 0.624
42 0.784 0.16 0.624
57 0.784 0.16 0.624
60 0.8 0.16 0.64
60 0.64 0.16 0.48
60 0.48 0.16 0.32
60 0.399432 0.016 0.383432
60 0.383432 0.16 0.223432
9 0.8 0.016 0.784
11 0.8 0.016 0.784
65 0.8 0.016 0.784
65 0.784 0.16 0.624
9 0.784 0.16 0.624
11 0.784 0.16 0.624
33 0.8 0.16 0.64
33 0.64 0.16 0.48
40 0.8 0.16 0.64
33 0.48 0.16 0.32
40 0.64 0.16 0.48
33 0.39472 0.016 0.37872
33 0.37872 0.16 0.21872
40 0.550162 0.16 0.390162
3 0.8 0.016 0.784
5 0.8 0.016 0.784
7 0.8 0.016 0.784
28 0.8 0.016 0.784
40 0.462201 0.016 0.446201
7 0.784 0.16 0.624
3 0.784 0.16 0.624
5 0.784 0.16 0.624
28 0.784 0.16 0.624
40 0.446201 0.16 0.286201
36 0.8 0.16 0.64
54 0.8 0.16 0.64
36 0.64 0.16 0.48
54 0.64 0.16 0.48
36 0.48 0.16 0.32
54 0.48 0.16 0.32
36 0.32 0.16 0.16
36 0.234409 0.016 0.218409
54 0.396932 0.016 0.380932
36 0.218409 0.16 0.0584091
54 0.380932 0.16 0.220932
34 0.8 0.16 0.64
2 0.8 0.016 0.784
19 0.8 0.016 0.784
34 0.713091 0.016 0.697091
34 0.697091 0.16 0.537091
2 0.784 0.16 0.624
19 0.784 0.16 0.624
6 0.8 0.016 0.784
6 0.784 0.16 0.624
18 0.8 0.016 0.784
59 0.8 0.016 0.784
68 0.8 0.016 0.784
18 0.784 0.16 0.624
59 0.784 0.16 0.624
68 0.784 0.16 0.624
62 0.8 0.016 0.784
62 0.784 0.16 0.624
1 0.8 0.016 0.784
66 0.8 0.016 0.784
66 0.784 0.16 0.624
1 0.784 0.16 0.624
38 0.8 0.016 0.784
38 0.784 0.16 0.624
16 0.8 0.16 0.64
58 0.8 0.16 0.64
16 0.713875 0.016 0.697875
58 0.714077 0.016 0.698077
58 0.698077 0.16 0.538077
16 0.697875 0.16 0.537875
10 0.8 0.016 0.784
14 0.8 0.016 0.784
10 0.784 0.16 0.624
14 0.784 0.16 0.624
15 0.8 0.016 0.784
15 0.784 0.16 0.624
67 0.8 0.16 0.64
70 0.8 0.16 0.64
67 0.714925 0.016 0.698925
70 0.711084 0.016 0.695084
67 0.698925 0.16 0.538925
70 0.695084 0.16 0.535084
35 0.8 0.16 0.64
35 0.64 0.16 0.48
24 0.8 0.016 0.784
35 0.558478 0.016 0.542478
35 0.542478 0.16 0.382478
24 0.784 0.16 0.624
48 0.8 0.16 0.64
63 0.8 0.16 0.64
48 0.64 0.16 0.48
63 0.64 0.16 0.48
48 0.557436 0.016 0.541436
63 0.557082 0.016 0.541082
63 0.541082 0.16 0.381082
48 0.541436 0.16 0.381436
4 0.8 0.016 0.784
52 0.8 0.016 0.784
4 0.784 0.16 0.624
52 0.784 0.16 0.624
20 0.8 0.016 0.784
43 0.8 0.016 0.784
20 0.784 0.16 0.624
43 0.784 0.16 0.624
29 0.8 0.16 0.64
29 0.710924 0.016 0.694924
29 0.694924 0.16 0.534924
17 0.8 0.016 0.784
17 0.784 0.16 0.624
64 0.8 0.016 0.784
64 0.784 0.16 0.624
39 0.8 0.016 0.784
55 0.8 0.016 0.784
39 0.784 0.16 0.624
55 0.784 0.16 0.624
53 0.8 0.016 0.784
53 0.784 0.16 0.624
27 0.8 0.016 0.784
27 0.784 0.16 0.624
30 0.8 0.16 0.64
30 0.714325 0.016 0.698325
30 0.698325 0.16 0.538325
