21 0.8 0.016 0.784
21 0.784 0.16 0.624
79 0.8 0.016 0.784
79 0.784 0.16 0.624
9 0.8 0.16 0.64
64 0.8 0.16 0.64
9 0.717293 0.016 0.701293
64 0.710345 0.016 0.694345
64 0.694345 0.16 0.534345
9 0.701293 0.16 0.541293
19 0.8 0.016 0.784
25 0.8 0.016 0.784
73 0.8 0.016 0.784
25 0.784 0.16 0.624
73 0.784 0.16 0.624
19 0.784 0.16 0.624
60 0.8 0.16 0.64
60 0.64 0.16 0.48
60 0.555325 0.016 0.539325
60 0.539325 0.16 0.379325
11 0.8 0.16 0.64
80 0.8 0.16 0.64
11 0.713292 0.016 0.697292
80 0.716251 0.016 0.700251
80 0.700251 0.16 0.540251
11 0.697292 0.16 0.537292
28 0.8 0.016 0.784
28 0.784 0.16 0.624
23 0.8 0.016 0.784
23 0.784 0.16 0.624
37 0.8 0.16 0.64
37 0.710775 0.016 0.694775
37 0.694775 0.16 0.534775
17 0.8 0.016 0.784
35 0.8 0.016 0.784
17 0.784 0.16 0.624
35 0.784 0.16 0.624
48 0.8 0.16 0.64
48 0.64 0.16 0.48
48 0.559959 0.016 0.543959
48 0.543959 0.16 0.383959
74 0.8 0.016 0.784
74 0.784 0.16 0.624
20 0.8 0.016 0.784
20 0.784 0.16 0.624
24 0.8 0.16 0.64
24 0.713471 0.016 0.697471
24 0.697471 0.16 0.537471
44 0.8 0.016 0.784
53 0.8 0.016 0.784
44 0.784 0.16 0.624
53 0.784 0.16 0.624
2 0.8 0.16 0.64
2 0.64 0.16 0.48
2 0.554159 0.016 0.538159
2 0.538159 0.16 0.378159
5 0.8 0.016 0.784
13 0.8 0.016 0.784
5 0.784 0.16 0.624
13 0.784 0.16 0.624
27 0.8 0.16 0.64
27 0.64 0.16 0.48
27 0.558538 0.016 0.542538
41 0.8 0.016 0.784
41 0.784 0.16 0.624
27 0.542538 0.16 0.382538
7 0.8 0.16 0.64
58 0.8 0.16 0.64
58 0.64 0.16 0.48
7 0.713732 0.016 0.697732
58 0.559551 0.016 0.543551
7 0.697732 0.16 0.537732
58 0.543551 0.16 0.383551
46 0.8 0.016 0.784
46 0.784 0.16 0.624
4 0.8 0.16 0.64
4 0.789112 0.016 0.773112
6 0.8 0.016 0.784
6 0.784 0.16 0.624
4 0.773112 0.16 0.613112
22 0.8 0.016 0.784
22 0.784 0.16 0.624
8 0.8 0.016 0.784
78 0.8 0.016 0.784
8 0.784 0.16 0.624
78 0.784 0.16 0.624
3 0.8 0.16 0.64
38 0.8 0.16 0.64
65 0.8 0.16 0.64
38 0.64 0.16 0.48
65 0.64 0.16 0.48
3 0.711534 0.016 0.695534
38 0.558603 0.016 0.542603
65 0.550985 0.016 0.534985
38 0.542603 0.16 0.382603
65 0.534985 0.16 0.374985
3 0.695534 0.16 0.535534
42 0.8 0.016 0.784
42 0.784 0.16 0.624
50 0.8 0.16 0.64
51 0.8 0.16 0.64
75 0.8 0.16 0.64
50 0.716229 0.016 0.700229
51 0.714615 0.016 0.698615
75 0.713837 0.016 0.697837
51 0.698615 0.16 0.538615
75 0.697837 0.16 0.537837
50 0.700229 0.16 0.540229
30 0.8 0.16 0.64
30 0.64 0.16 0.48
30 0.48 0.16 0.32
30 0.393085 0.016 0.377085
55 0.8 0.016 0.784
30 0.377085 0.16 0.217085
55 0.784 0.16 0.624
32 0.8 0.016 0.784
32 0.784 0.16 0.624
45 0.8 0.16 0.64
45 0.7173 0.016 0.7013
49 0.8 0.016 0.784
59 0.8 0.016 0.784
45 0.7013 0.16 0.5413
49 0.784 0.16 0.624
59 0.784 0.16 0.624
33 0.8 0.16 0.64
12 0.8 0.16 0.64
68 0.8 0.16 0.64
76 0.8 0.16 0.64
12 0.64 0.16 0.48
33 0.64 0.16 0.48
52 0.8 0.16 0.64
68 0.64 0.16 0.48
76 0.64 0.16 0.48
12 0.557476 0.016 0.541476
33 0.558469 0.016 0.542469
52 0.716791 0.016 0.700791
68 0.552948 0.016 0.536948
76 0.559342 0.016 0.543342
52 0.700791 0.16 0.540791
33 0.542469 0.16 0.382469
68 0.536948 0.16 0.376948
76 0.543342 0.16 0.383342
12 0.541476 0.16 0.381476
62 0.8 0.016 0.784
69 0.8 0.016 0.784
62 0.784 0.16 0.624
69 0.784 0.16 0.624
10 0.8 0.16 0.64
31 0.8 0.16 0.64
40 0.8 0.16 0.64
31 0.718815 0.016 0.702815
40 0.715608 0.016 0.699608
31 0.702815 0.16 0.542815
40 0.699608 0.16 0.539608
10 0.712664 0.16 0.552664
16 0.8 0.16 0.64
57 0.8 0.16 0.64
10 0.552664 0.16 0.392664
16 0.64 0.16 0.48
57 0.64 0.16 0.48
10 0.467183 0.016 0.451183
16 0.553351 0.016 0.537351
57 0.557152 0.016 0.541152
10 0.451183 0.16 0.291183
16 0.537351 0.16 0.377351
57 0.541152 0.16 0.381152
39 0.8 0.16 0.64
39 0.710095 0.016 0.694095
39 0.694095 0.16 0.534095
18 0.8 0.16 0.64
18 0.717573 0.016 0.701573
67 0.8 0.016 0.784
67 0.784 0.16 0.624
18 0.701573 0.16 0.541573
26 0.8 0.16 0.64
34 0.8 0.16 0.64
26 0.717578 0.016 0.701578
34 0.719999 0.016 0.703999
26 0.701578 0.16 0.541578
34 0.703999 0.16 0.543999
14 0.8 0.16 0.64
14 0.64 0.16 0.48
14 0.555772 0.016 0.539772
14 0.539772 0.16 0.379772
71 0.8 0.16 0.64
47 0.8 0.016 0.784
71 0.713382 0.016 0.697382
47 0.784 0.16 0.624
71 0.697382 0.16 0.537382
15 0.8 0.16 0.64
36 0.8 0.16 0.64
66 0.8 0.16 0.64
77 0.8 0.16 0.64
15 0.710497 0.016 0.694497
36 0.71045 0.016 0.69445
66 0.711409 0.016 0.695409
77 0.713193 0.016 0.697193
15 0.694497 0.16 0.534497
66 0.695409 0.16 0.535409
36 0.69445 0.16 0.53445
77 0.697193 0.16 0.537193
54 0.8 0.016 0.784
54 0.784 0.16 0.624
43 0.8 0.16 0.64
61 0.8 0.16 0.64
63 0.8 0.16 0.64
72 0.8 0.16 0.64
43 0.714016 0.016 0.698016
63 0.710539 0.016 0.694539
72 0.719803 0.016 0.703803
63 0.694539 0.16 0.534539
43 0.698016 0.16 0.538016
72 0.703803 0.16 0.543803
61 0.716618 0.16 0.556618
61 0.556618 0.16 0.396618
61 0.474529 0.016 0.458529
61 0.458529 0.16 0.298529
1 0.8 0.016 0.784
56 0.8 0.016 0.784
56 0.784 0.16 0.624
1 0.784 0.16 0.624
29 0.8 0.16 0.64
29 0.713873 0.016 0.697873
29 0.697873 0.16 0.537873
70 0.8 0.016 0.784
70 0.784 0.16 0.624
