0 2110
0 2111
0 2112
0 2113
0 2114
0 2115
0 2116
0 2117
0 2118
0 2119
0 2126
87 2125
0 2130
0 2132
0 2139
0 2145
70 2143
9 2140
0 2152
0 2156
0 2161
30 2137
2 2123
0 2165
0 2168
39 2163
0 2174
43 2142
0 2177
8 2170
58 2166
4 2164
0 2184
0 2189
32 2160
42 2146
35 2183
0 2192
90 2181
0 2198
0 2205
11 2203
0 2212
83 2124
0 2219
15 2194
78 2186
0 2225
10 2128
0 2230
7 2182
53 2134
0 2231
62 2173
82 2199
0 2232
31 2190
0 2233
37 2159
0 2234
25 2221
80 2216
0 2235
52 2195
6 2222
40 2167
0 2236
86 2136
0 2237
26 2155
81 2135
0 2238
34 2162
89 2176
0 2239
60 2131
84 2201
0 2240
0 2241
17 2138
0 2242
75 2191
0 2243
33 2187
27 2193
0 2244
0 2245
12 2144
45 2207
0 2246
71 2211
0 2247
14 2220
56 2122
0 2248
85 2185
88 2178
18 2208
79 2120
0 2249
48 2202
67 2127
5 2200
41 2153
0 2250
55 2154
46 2141
57 2226
69 2121
0 2251
0 2252
0 2253
63 2151
0 2254
64 2196
50 2188
73 2179
36 2175
0 2255
68 2133
74 2172
0 2256
0 2257
3 2214
61 2217
1 2149
49 2180
59 2229
0 2258
29 2169
0 2259
76 2147
54 2129
20 2227
0 2260
66 2157
65 2148
0 2261
13 2215
0 2262
16 2204
0 2263
23 2223
0 2264
28 2158
21 2171
0 2265
38 2213
44 2206
51 2150
0 2266
0 2267
22 2210
0 2268
0 2269
0 2270
0 2271
77 2228
47 2197
0 2272
0 2273
0 2274
0 2275
0 2276
24 2218
0 2277
72 2209
19 2224
0 2278
0 2279
0 2280
0 2281
0 2282
0 2283
0 2284
0 2285
0 2286
0 2287
0 2288
0 2289
0 2290
0 2291
0 2292
0 2293
0 2294
0 2295
0 2296
0 2297
0 2298
0 2299
0 2300
0 2301
0 2302
0 2303
0 2304
0 2305
0 2306
0 2307
0 2308
0 2309
0 2310
0 2311
0 2312
0 2313
0 2314
0 2315
0 2316
0 2317
0 2318
0 2319
0 2320
0 2321
0 2322
0 2323
0 2324
0 2325
0 2326
0 2327
0 2328
0 2329
0 2330
0 2331
0 2332
0 2333
0 2334
0 2335
0 2336
0 2337
0 2338
0 2339
0 2340
0 2341
0 2342
0 2343
0 2344
0 2345
0 2346
0 2347
0 2348
0 2349
