33 0.8 0.016 0.784
33 0.784 0.16 0.624
25 0.8 0.016 0.784
42 0.8 0.016 0.784
50 0.8 0.016 0.784
50 0.784 0.16 0.624
42 0.784 0.16 0.624
25 0.784 0.16 0.624
17 0.8 0.016 0.784
17 0.784 0.16 0.624
7 0.8 0.016 0.784
13 0.8 0.016 0.784
7 0.784 0.16 0.624
13 0.784 0.16 0.624
43 0.8 0.16 0.64
43 0.716475 0.016 0.700475
43 0.700475 0.16 0.540475
24 0.8 0.016 0.784
30 0.8 0.016 0.784
30 0.784 0.16 0.624
24 0.784 0.16 0.624
20 0.8 0.16 0.64
38 0.8 0.16 0.64
20 0.64 0.16 0.48
38 0.64 0.16 0.48
49 0.8 0.16 0.64
20 0.55255 0.016 0.53655
36 0.8 0.016 0.784
38 0.558144 0.016 0.542144
49 0.711165 0.016 0.695165
20 0.53655 0.16 0.37655
38 0.542144 0.16 0.382144
36 0.784 0.16 0.624
49 0.695165 0.16 0.535165
12 0.8 0.16 0.64
5 0.8 0.16 0.64
12 0.64 0.16 0.48
5 0.712645 0.016 0.696645
11 0.8 0.016 0.784
12 0.557036 0.016 0.541036
5 0.696645 0.16 0.536645
11 0.784 0.16 0.624
12 0.541036 0.16 0.381036
6 0.8 0.016 0.784
10 0.8 0.016 0.784
6 0.784 0.16 0.624
10 0.784 0.16 0.624
18 0.8 0.16 0.64
18 0.64 0.16 0.48
29 0.8 0.16 0.64
18 0.555802 0.016 0.539802
29 0.717668 0.016 0.701668
18 0.539802 0.16 0.379802
29 0.701668 0.16 0.541668
16 0.8 0.16 0.64
47 0.8 0.16 0.64
16 0.64 0.16 0.48
47 0.64 0.16 0.48
16 0.551011 0.016 0.535011
47 0.559865 0.016 0.543865
16 0.535011 0.16 0.375011
47 0.543865 0.16 0.383865
9 0.8 0.016 0.784
27 0.8 0.016 0.784
9 0.784 0.16 0.624
27 0.784 0.16 0.624
4 0.8 0.016 0.784
23 0.8 0.016 0.784
37 0.8 0.016 0.784
48 0.8 0.016 0.784
23 0.784 0.16 0.624
37 0.784 0.16 0.624
48 0.784 0.16 0.624
4 0.784 0.16 0.624
15 0.8 0.016 0.784
26 0.8 0.016 0.784
32 0.8 0.016 0.784
35 0.8 0.016 0.784
35 0.784 0.16 0.624
26 0.784 0.16 0.624
15 0.784 0.16 0.624
32 0.784 0.16 0.624
2 0.8 0.16 0.64
8 0.8 0.16 0.64
28 0.8 0.16 0.64
28 0.64 0.16 0.48
2 0.64 0.16 0.48
28 0.48 0.16 0.32
2 0.551753 0.016 0.535753
28 0.392189 0.016 0.376189
2 0.535753 0.16 0.375753
28 0.376189 0.16 0.216189
8 0.711634 0.16 0.551634
8 0.551634 0.16 0.391634
8 0.469421 0.016 0.453421
8 0.453421 0.16 0.293421
40 0.8 0.016 0.784
40 0.784 0.16 0.624
19 0.8 0.016 0.784
46 0.8 0.016 0.784
19 0.784 0.16 0.624
46 0.784 0.16 0.624
1 0.8 0.016 0.784
1 0.784 0.16 0.624
39 0.8 0.016 0.784
39 0.784 0.16 0.624
31 0.8 0.016 0.784
31 0.784 0.16 0.624
44 0.8 0.016 0.784
44 0.784 0.16 0.624
14 0.8 0.016 0.784
21 0.8 0.016 0.784
22 0.8 0.016 0.784
41 0.8 0.016 0.784
14 0.784 0.16 0.624
22 0.784 0.16 0.624
41 0.784 0.16 0.624
21 0.784 0.16 0.624
3 0.8 0.016 0.784
3 0.784 0.16 0.624
45 0.8 0.016 0.784
45 0.784 0.16 0.624
34 0.8 0.016 0.784
34 0.784 0.16 0.624
