87 2125 0 100 32664358 1.0386 1.0386
70 2143 0 100 32670830 1.4386 1.4386
9 2140 0 100 32654204 1.4386 1.4386
30 2137 0 100 32646118 1.7386 1.7386
2 2123 0 100 32681580 1.7386 1.7386
39 2163 0 100 32652590 1.9386 1.9386
43 2142 0 100 32646132 2.0386 2.0386
58 2166 0 100 32653264 2.1386 2.1386
4 2164 0 100 32662974 2.1386 2.1386
32 2160 0 100 32652028 2.3386 2.3386
42 2146 0 100 32643976 2.3386 2.3386
35 2183 0 100 32654302 2.3386 2.3386
90 2181 0 100 32647004 2.4386 2.4386
11 2203 0 100 32660592 2.6386 2.6386
83 2124 0 100 32681156 2.7386 2.7386
15 2194 0 100 32651456 2.8386 2.8386
78 2186 0 100 32642580 2.8386 2.8386
10 2128 0 100 32661468 2.9386 2.9386
53 2134 0 100 32683070 3.0386 3.0386
62 2173 0 100 32676950 3.1386 3.1386
82 2199 0 100 32634202 3.1386 3.1386
31 2190 0 100 32661218 3.2386 3.2386
37 2159 0 100 32650512 3.3386 3.3386
25 2221 0 100 32653408 3.4386 3.4386
80 2216 0 100 32677302 3.4386 3.4386
52 2195 0 100 32660458 3.5386 3.5386
6 2222 0 100 32659544 3.5386 3.5386
40 2167 0 100 32672820 3.5386 3.5386
86 2136 0 100 32672540 3.6386 3.6386
26 2155 0 100 32673712 3.7386 3.7386
81 2135 0 100 32675822 3.7386 3.7386
34 2162 0 100 32679664 3.8386 3.8386
89 2176 0 100 32680542 3.8386 3.8386
60 2131 0 100 32663318 3.9386 3.9386
84 2201 0 100 32648504 3.9386 3.9386
17 2138 0 100 32671546 4.1386 4.1386
75 2191 0 100 32630544 4.2386 4.2386
33 2187 0 100 32671152 4.3386 4.3386
27 2193 0 100 32636272 4.3386 4.3386
12 2144 0 100 32678120 4.5386 4.5386
45 2207 0 100 32634732 4.5386 4.5386
71 2211 0 100 32655406 4.6386 4.6386
14 2220 0 100 32671756 4.7386 4.7386
56 2122 0 100 32642406 4.7386 4.7386
85 2185 0 100 32639126 4.8386 4.8386
88 2178 0 100 32632536 4.8386 4.8386
18 2208 0 100 32644008 4.8386 4.8386
79 2120 0 100 32641716 4.8386 4.8386
48 2202 0 100 32647474 4.9386 4.9386
67 2127 0 100 32646154 4.9386 4.9386
5 2200 0 100 32674814 4.9386 4.9386
41 2153 0 100 32638868 4.9386 4.9386
55 2154 0 100 32633184 5.0386 5.0386
46 2141 0 100 32637992 5.0386 5.0386
57 2226 0 100 32680284 5.0386 5.0386
69 2121 0 100 32655412 5.0386 5.0386
63 2151 0 100 32670984 5.3386 5.3386
64 2196 0 100 32662912 5.4386 5.4386
50 2188 0 100 32657122 5.4386 5.4386
73 2179 0 100 32668024 5.4386 5.4386
36 2175 0 100 32645506 5.4386 5.4386
74 2172 0 100 32653702 5.5386 5.5386
61 2217 0 100 32654152 5.7386 5.7386
59 2229 0 100 32672802 5.7386 5.7386
29 2169 0 100 32671056 5.8386 5.8386
76 2147 0 100 32658482 5.9386 5.9386
54 2129 0 100 32647056 5.9386 5.9386
20 2227 0 100 32632502 5.9386 5.9386
66 2157 0 100 32647016 6.0386 6.0386
65 2148 0 100 32628206 6.0386 6.0386
13 2215 0 100 32651830 6.1386 6.1386
16 2204 0 100 32677414 6.2386 6.2386
23 2223 0 100 32648872 6.3386 6.3386
28 2158 0 100 32678170 6.4386 6.4386
21 2171 0 100 32674344 6.4386 6.4386
38 2213 0 100 32663582 6.5386 6.5386
51 2150 0 100 32659492 6.5386 6.5386
22 2210 0 100 32673298 6.7386 6.7386
77 2228 0 100 32655846 7.1386 7.1386
47 2197 0 100 32678532 7.1386 7.1386
24 2218 0 100 32648580 7.6386 7.6386
72 2209 0 100 32668772 7.7386 7.7386
19 2224 0 100 32627144 7.7386 7.7386
