51 0.8 0.016 0.784
51 0.784 0.16 0.624
36 0.8 0.16 0.64
36 0.710645 0.016 0.694645
36 0.694645 0.16 0.534645
23 0.8 0.016 0.784
23 0.784 0.16 0.624
47 0.8 0.16 0.64
47 0.71444 0.016 0.69844
47 0.69844 0.16 0.53844
45 0.8 0.16 0.64
45 0.713424 0.016 0.697424
45 0.697424 0.16 0.537424
14 0.8 0.16 0.64
20 0.8 0.16 0.64
27 0.8 0.16 0.64
14 0.710049 0.016 0.694049
20 0.712041 0.016 0.696041
27 0.710687 0.016 0.694687
20 0.696041 0.16 0.536041
27 0.694687 0.16 0.534687
14 0.694049 0.16 0.534049
4 0.8 0.16 0.64
4 0.64 0.16 0.48
1 0.8 0.016 0.784
4 0.551945 0.016 0.535945
4 0.535945 0.16 0.375945
1 0.784 0.16 0.624
5 0.8 0.016 0.784
5 0.784 0.16 0.624
38 0.8 0.16 0.64
38 0.712507 0.016 0.696507
38 0.696507 0.16 0.536507
33 0.8 0.016 0.784
52 0.8 0.016 0.784
52 0.784 0.16 0.624
33 0.784 0.16 0.624
34 0.8 0.016 0.784
57 0.8 0.016 0.784
34 0.784 0.16 0.624
57 0.784 0.16 0.624
19 0.8 0.16 0.64
19 0.64 0.16 0.48
19 0.550142 0.016 0.534142
19 0.534142 0.16 0.374142
21 0.8 0.16 0.64
12 0.8 0.016 0.784
21 0.711615 0.016 0.695615
21 0.695615 0.16 0.535615
12 0.784 0.16 0.624
42 0.8 0.16 0.64
25 0.8 0.16 0.64
42 0.64 0.16 0.48
25 0.713694 0.016 0.697694
42 0.551039 0.016 0.535039
42 0.535039 0.16 0.375039
25 0.697694 0.16 0.537694
8 0.8 0.016 0.784
10 0.8 0.016 0.784
13 0.8 0.016 0.784
13 0.784 0.16 0.624
8 0.784 0.16 0.624
10 0.784 0.16 0.624
22 0.8 0.016 0.784
22 0.784 0.16 0.624
3 0.8 0.16 0.64
3 0.71379 0.016 0.69779
3 0.69779 0.16 0.53779
26 0.8 0.016 0.784
26 0.784 0.16 0.624
48 0.8 0.16 0.64
48 0.719033 0.016 0.703033
48 0.703033 0.16 0.543033
28 0.8 0.016 0.784
46 0.8 0.016 0.784
46 0.784 0.16 0.624
28 0.784 0.16 0.624
32 0.8 0.16 0.64
32 0.719277 0.016 0.703277
32 0.703277 0.16 0.543277
59 0.8 0.016 0.784
59 0.784 0.16 0.624
43 0.8 0.16 0.64
43 0.716287 0.016 0.700287
43 0.700287 0.16 0.540287
11 0.8 0.16 0.64
11 0.713343 0.016 0.697343
11 0.697343 0.16 0.537343
16 0.8 0.016 0.784
54 0.8 0.016 0.784
54 0.784 0.16 0.624
16 0.784 0.16 0.624
24 0.8 0.16 0.64
44 0.8 0.16 0.64
24 0.64 0.16 0.48
24 0.557304 0.016 0.541304
44 0.71953 0.016 0.70353
50 0.8 0.016 0.784
24 0.541304 0.16 0.381304
50 0.784 0.16 0.624
44 0.70353 0.16 0.54353
31 0.8 0.16 0.64
35 0.8 0.16 0.64
31 0.64 0.16 0.48
35 0.64 0.16 0.48
31 0.556046 0.016 0.540046
35 0.555819 0.016 0.539819
31 0.540046 0.16 0.380046
35 0.539819 0.16 0.379819
58 0.8 0.16 0.64
15 0.8 0.016 0.784
58 0.717247 0.016 0.701247
15 0.784 0.16 0.624
58 0.701247 0.16 0.541247
41 0.8 0.016 0.784
41 0.784 0.16 0.624
40 0.8 0.016 0.784
40 0.784 0.16 0.624
18 0.8 0.016 0.784
55 0.8 0.016 0.784
18 0.784 0.16 0.624
55 0.784 0.16 0.624
29 0.8 0.016 0.784
29 0.784 0.16 0.624
39 0.8 0.16 0.64
39 0.717205 0.016 0.701205
39 0.701205 0.16 0.541205
60 0.8 0.016 0.784
60 0.784 0.16 0.624
9 0.8 0.016 0.784
37 0.8 0.016 0.784
9 0.784 0.16 0.624
37 0.784 0.16 0.624
6 0.8 0.16 0.64
6 0.64 0.16 0.48
6 0.555012 0.016 0.539012
6 0.539012 0.16 0.379012
30 0.8 0.016 0.784
30 0.784 0.16 0.624
7 0.8 0.016 0.784
7 0.784 0.16 0.624
17 0.8 0.16 0.64
53 0.8 0.16 0.64
17 0.711928 0.016 0.695928
53 0.719562 0.016 0.703562
17 0.695928 0.16 0.535928
53 0.703562 0.16 0.543562
2 0.8 0.016 0.784
49 0.8 0.016 0.784
56 0.8 0.016 0.784
2 0.784 0.16 0.624
49 0.784 0.16 0.624
56 0.784 0.16 0.624
