51 1460 1.00463
11 1461 1.01411
27 1462 1.03822
59 1463 1.0731
33 1465 1.11905
45 1466 1.15112
26 1468 1.19499
10 1469 1.19687
23 1470 1.21476
24 1471 1.22495
48 1472 1.2351
12 1473 1.26294
43 1475 1.30493
15 1476 1.34882
25 1477 1.3575
28 1479 1.38906
52 1481 1.49856
36 1482 1.50105
20 1483 1.51465
1 1485 1.58789
47 1487 1.68618
3 1488 1.70309
35 1489 1.72767
34 1491 1.80195
39 1492 1.86699
4 1494 1.91654
37 1495 1.97386
14 1497 1.98655
29 1498 2.04618
5 1499 2.05744
19 1501 2.09495
60 1502 2.10529
21 1503 2.16865
38 1505 2.2026
13 1506 2.23727
31 1508 2.29639
16 1509 2.32764
42 1510 2.36104
32 1512 2.39874
44 1513 2.41991
30 1514 2.43588
9 1515 2.45133
57 1517 2.48148
58 1518 2.52505
40 1519 2.55049
49 1521 2.59671
18 1522 2.60188
55 1524 2.75337
46 1525 2.76779
7 1527 2.82906
53 1528 2.84337
17 1529 2.86578
6 1530 2.86602
54 1532 2.89045
56 1533 2.92271
8 1534 2.92505
50 1535 2.94447
2 1536 2.94842
22 1537 2.96412
41 1538 2.96865
