21 1894 0 100 32613736 1.17518 1.17518
79 1917 0 100 32677186 1.77518 1.77518
64 1896 0 100 32668266 1.87518 1.87518
9 1912 0 100 32653702 1.87518 1.87518
73 1918 0 100 32670420 1.97518 1.97518
19 1907 0 100 32678270 1.97518 1.97518
60 1893 0 100 32650470 2.07518 2.07518
80 1898 0 100 32642390 2.17518 2.17518
11 1930 0 100 32652158 2.17518 2.17518
28 1945 0 100 32652028 2.37518 2.37518
23 1970 0 100 32664612 2.57518 2.57518
37 1954 0 100 32668160 2.67518 2.67518
17 1972 0 100 32644916 2.87518 2.87518
35 1905 0 100 32628480 2.87518 2.87518
48 1958 0 100 32654336 2.97518 2.97518
74 1942 0 100 32640508 3.17518 3.17518
20 1899 0 100 32658538 3.27518 3.27518
24 1987 0 100 32645456 3.37518 3.37518
44 1938 0 100 32681792 3.57518 3.57518
53 1975 0 100 32680748 3.57518 3.57518
2 1916 0 100 32627178 3.67518 3.67518
5 1949 0 100 32657722 3.77518 3.77518
13 1955 0 100 32651214 3.77518 3.77518
41 1944 0 100 32682122 3.87518 3.87518
27 1920 0 100 32658642 3.87518 3.87518
7 1935 0 100 32654828 3.97518 3.97518
58 1984 0 100 32650970 3.97518 3.97518
46 1947 0 100 32677648 4.07518 4.07518
6 1979 0 100 32627422 4.27518 4.27518
4 1940 0 100 32658202 4.27518 4.27518
22 1967 0 100 32673062 4.37518 4.37518
8 1909 0 100 32664936 4.57518 4.57518
78 1897 0 100 32658038 4.57518 4.57518
38 1913 0 100 32650020 4.67518 4.67518
65 1910 0 100 32651616 4.67518 4.67518
3 1936 0 100 32653686 4.67518 4.67518
42 1952 0 100 32679676 4.87518 4.87518
51 1908 0 100 32643274 4.97518 4.97518
75 1964 0 100 32650832 4.97518 4.97518
50 1911 0 100 32665714 4.97518 4.97518
30 1960 0 100 32663362 5.07518 5.07518
55 1891 0 100 32674960 5.07518 5.07518
32 1901 0 100 32656048 5.37518 5.37518
49 1921 0 100 32649470 5.47518 5.47518
59 1961 0 100 32667636 5.47518 5.47518
52 1902 0 100 32672524 5.57518 5.57518
33 1928 0 100 32651726 5.57518 5.57518
68 1903 0 100 32634104 5.57518 5.57518
76 1956 0 100 32650886 5.57518 5.57518
12 1981 0 100 32638816 5.57518 5.57518
62 1937 0 100 32641954 5.87518 5.87518
69 1923 0 100 32680798 5.87518 5.87518
31 1925 0 100 32657440 5.97518 5.97518
40 1927 0 100 32682842 5.97518 5.97518
10 1971 0 100 32636740 6.07518 6.07518
16 1892 0 100 32663984 6.07518 6.07518
57 1906 0 100 32659612 6.07518 6.07518
39 1957 0 100 32656914 6.17518 6.17518
67 1943 0 100 32661812 6.27518 6.27518
18 1934 0 100 32650138 6.27518 6.27518
26 1915 0 100 32676250 6.37518 6.37518
34 1922 0 100 32667954 6.37518 6.37518
14 1969 0 100 32639882 6.47518 6.47518
47 1929 0 100 32670022 6.57518 6.57518
71 1933 0 100 32636008 6.57518 6.57518
15 1931 0 100 32665316 6.67518 6.67518
66 1924 0 100 32672134 6.67518 6.67518
77 1946 0 100 32662426 6.67518 6.67518
54 1988 0 100 32673890 6.97518 6.97518
63 1963 0 100 32670616 7.07518 7.07518
72 1951 0 100 32628122 7.07518 7.07518
61 1978 0 100 32665428 7.17518 7.17518
56 1966 0 100 32671840 7.27518 7.27518
1 1985 0 100 32636486 7.27518 7.27518
29 1980 0 100 32648482 7.37518 7.37518
70 1976 0 100 32640620 7.67518 7.67518
