16 280
20 281
56 282
75 283
28 284
21 285
79 286
30 287
61 288
69 289
12 290
44 291
58 292
10 293
26 294
18 295
9 296
1 297
76 298
49 299
53 300
62 301
35 302
60 303
13 304
80 305
31 306
40 307
72 308
17 309
64 310
36 311
15 312
3 313
25 314
59 315
57 316
71 317
5 318
41 319
32 320
4 321
22 322
37 323
27 324
66 325
46 326
65 327
63 328
7 329
24 330
54 331
2 332
52 333
38 334
73 335
42 336
34 337
39 338
77 339
48 340
74 341
67 342
50 343
43 344
6 345
33 346
14 347
11 348
8 349
47 350
55 351
29 352
51 353
19 354
78 355
70 356
23 357
68 358
45 359
