43 450 1.02113
4 451 1.05953
65 452 1.0646
42 453 1.07583
55 454 1.0902
53 455 1.10602
73 456 1.10624
68 457 1.19587
91 458 1.23128
44 459 1.27387
87 460 1.30305
89 461 1.31553
32 462 1.34057
81 463 1.34512
58 464 1.35153
93 465 1.36448
26 466 1.36609
20 467 1.37003
97 468 1.39492
52 469 1.39841
15 470 1.44196
86 471 1.44575
60 472 1.44632
5 473 1.48997
98 474 1.49147
72 475 1.4996
92 476 1.52882
50 477 1.55082
56 478 1.59962
22 479 1.60054
29 480 1.63212
49 481 1.63301
70 482 1.63819
30 483 1.75183
18 484 1.7529
6 485 1.76301
3 486 1.79794
37 487 1.80826
13 488 1.85311
63 489 1.87381
54 490 1.88625
9 491 1.92487
46 492 1.97575
99 493 1.98322
27 494 2.00176
10 495 2.03681
59 496 2.06078
75 497 2.07313
23 498 2.12998
82 499 2.13774
57 500 2.13811
74 501 2.17808
51 502 2.18876
95 503 2.24677
45 504 2.25137
17 505 2.26799
96 506 2.26927
16 507 2.2704
39 508 2.28784
66 509 2.29059
11 510 2.31127
2 511 2.34674
79 512 2.34998
48 513 2.37995
83 514 2.45148
38 515 2.46783
90 516 2.47289
76 517 2.49707
34 518 2.49735
78 519 2.54099
47 520 2.54226
69 521 2.59983
24 522 2.61048
36 523 2.62593
94 524 2.62794
64 525 2.62858
21 526 2.64384
40 527 2.65719
35 528 2.6687
61 529 2.6777
100 530 2.69627
41 531 2.69725
71 532 2.70136
8 533 2.76203
88 534 2.78686
62 535 2.79165
77 536 2.79318
7 537 2.79937
28 538 2.81148
12 539 2.82482
19 540 2.83451
14 541 2.85377
84 542 2.86318
33 543 2.8655
25 544 2.88147
1 545 2.88615
85 546 2.94491
80 547 2.94515
67 548 2.95974
31 549 2.97001
