19 60 1.03746
40 61 1.04361
2 62 1.19828
9 63 1.25581
35 64 1.25967
39 65 1.27689
11 66 1.3417
1 67 1.36794
21 68 1.40882
18 69 1.41039
29 70 1.54122
6 71 1.65572
24 72 1.7995
16 73 1.84036
38 74 1.87869
8 75 1.9533
7 76 2.06953
10 77 2.08071
32 78 2.08677
5 79 2.0938
26 80 2.09639
28 81 2.21954
37 82 2.25591
3 83 2.26774
34 84 2.27376
27 85 2.27548
4 86 2.33293
12 87 2.37933
20 88 2.4422
17 89 2.45184
13 90 2.57141
31 91 2.57544
36 92 2.60058
30 93 2.64171
23 94 2.66127
22 95 2.66287
14 96 2.80103
33 97 2.80682
25 98 2.96687
15 99 2.97279
