62 360
5 361
33 362
73 363
47 364
8 365
84 366
10 367
49 368
17 369
44 370
46 371
69 372
86 373
71 374
72 375
85 376
48 377
26 378
63 379
22 380
25 381
35 382
56 383
55 384
39 385
28 386
79 387
80 388
31 389
9 390
21 391
16 392
41 393
29 394
23 395
1 396
59 397
83 398
15 399
45 400
51 401
89 402
4 403
52 404
7 405
14 406
60 407
57 408
38 409
6 410
53 411
13 412
37 413
2 414
40 415
75 416
76 417
65 418
67 419
43 420
20 421
70 422
77 423
88 424
74 425
19 426
82 427
58 428
11 429
87 430
18 431
66 432
61 433
34 434
78 435
30 436
90 437
64 438
32 439
12 440
36 441
27 442
24 443
81 444
3 445
68 446
54 447
42 448
50 449
