38 210 1.00721
26 211 1.06807
8 212 1.09074
35 213 1.1831
70 214 1.20515
36 215 1.2332
55 216 1.29148
56 217 1.29998
16 218 1.3091
66 219 1.31227
53 220 1.40331
1 221 1.45369
52 222 1.4645
19 223 1.49652
41 224 1.50852
18 225 1.52165
30 226 1.5362
48 227 1.54154
37 228 1.54748
69 229 1.56421
29 230 1.58876
45 231 1.5989
62 232 1.60164
46 233 1.60585
22 234 1.64331
68 235 1.68345
59 236 1.68742
15 237 1.69212
50 238 1.71833
58 239 1.77393
17 240 1.79778
23 241 1.81852
60 242 1.83912
3 243 1.85243
28 244 1.91388
57 245 1.93481
39 246 1.94933
9 247 2.03234
44 248 2.03953
5 249 2.06358
7 250 2.07562
67 251 2.083
61 252 2.10348
49 253 2.17882
31 254 2.19691
40 255 2.26077
32 256 2.28431
4 257 2.29444
42 258 2.29836
11 259 2.35826
10 260 2.40429
2 261 2.40598
21 262 2.4117
47 263 2.41985
51 264 2.47573
65 265 2.50032
63 266 2.50338
12 267 2.66462
13 268 2.68871
64 269 2.72559
24 270 2.74673
33 271 2.76345
6 272 2.79875
14 273 2.81219
20 274 2.8255
34 275 2.85811
43 276 2.9465
25 277 2.97094
54 278 2.97945
27 279 2.98021
