62 360 1.0052
5 361 1.02036
33 362 1.10284
73 363 1.10933
47 364 1.13983
8 365 1.1773
84 366 1.18514
10 367 1.21185
49 368 1.22959
17 369 1.25696
44 370 1.28282
46 371 1.29673
69 372 1.34476
86 373 1.35182
71 374 1.3697
72 375 1.38775
85 376 1.4251
48 377 1.56014
26 378 1.58534
63 379 1.61471
22 380 1.62283
25 381 1.63044
35 382 1.63921
56 383 1.67723
55 384 1.67736
39 385 1.6991
28 386 1.71157
79 387 1.72884
80 388 1.73772
31 389 1.78313
9 390 1.85563
21 391 1.86759
16 392 1.87584
41 393 1.88655
29 394 1.89421
23 395 1.90216
1 396 1.90974
59 397 1.93385
83 398 1.93732
15 399 1.93803
45 400 1.94882
51 401 1.98233
89 402 2.04285
4 403 2.0438
52 404 2.08494
7 405 2.08997
14 406 2.09544
60 407 2.11937
57 408 2.14666
38 409 2.17886
6 410 2.18276
53 411 2.18802
13 412 2.24543
37 413 2.25162
2 414 2.29634
40 415 2.30605
75 416 2.30916
76 417 2.31369
65 418 2.31627
67 419 2.31733
43 420 2.33656
20 421 2.33709
70 422 2.34443
77 423 2.35095
88 424 2.36813
74 425 2.39783
19 426 2.39811
82 427 2.43676
58 428 2.43803
11 429 2.4761
87 430 2.48035
18 431 2.50847
66 432 2.55053
61 433 2.5584
34 434 2.58072
78 435 2.63918
30 436 2.6817
90 437 2.68485
64 438 2.70016
32 439 2.72201
12 440 2.72949
36 441 2.79067
27 442 2.8013
24 443 2.81495
81 444 2.85491
3 445 2.88626
68 446 2.9277
54 447 2.93136
42 448 2.93559
50 449 2.99684
