39 150 1.02616
28 151 1.06022
6 152 1.07451
45 153 1.11628
59 154 1.16588
52 155 1.17523
41 156 1.23081
25 157 1.24959
60 158 1.31465
14 159 1.32743
33 160 1.35784
29 161 1.37756
51 162 1.37871
21 163 1.4211
9 164 1.42225
10 165 1.46658
15 166 1.48409
2 167 1.48758
20 168 1.49866
35 169 1.63531
23 170 1.67595
16 171 1.69234
12 172 1.72569
34 173 1.83337
36 174 1.83644
37 175 1.88719
31 176 1.90668
17 177 1.91173
54 178 1.92324
43 179 1.98223
57 180 2.00564
8 181 2.01151
38 182 2.06202
50 183 2.08078
40 184 2.12407
7 185 2.16061
24 186 2.18597
49 187 2.20274
44 188 2.20609
27 189 2.21262
19 190 2.23626
1 191 2.24262
48 192 2.25834
53 193 2.31401
56 194 2.43133
11 195 2.47778
42 196 2.50371
18 197 2.50476
32 198 2.55413
22 199 2.58531
55 200 2.64194
3 201 2.6885
46 202 2.71253
26 203 2.78748
4 204 2.82925
58 205 2.85995
47 206 2.87586
13 207 2.90834
5 208 2.95179
30 209 2.98063
