36 4170 1.0045
8 4171 1.0095
79 4172 1.0178
58 4173 1.03493
40 4174 1.05033
14 4176 1.07037
68 4177 1.07517
50 4178 1.07939
60 4179 1.08496
90 4180 1.11924
80 4181 1.13633
41 4183 1.19094
39 4184 1.1984
54 4185 1.25403
56 4187 1.27212
86 4188 1.3241
81 4190 1.37077
43 4191 1.38707
26 4192 1.40991
28 4193 1.41913
78 4194 1.42257
63 4196 1.48079
10 4197 1.54582
9 4199 1.5635
69 4200 1.57369
3 4201 1.58982
21 4203 1.68511
48 4204 1.68811
37 4205 1.69161
24 4206 1.71406
38 4207 1.73803
66 4209 1.75923
44 4210 1.76863
11 4211 1.78777
76 4212 1.78887
42 4214 1.89076
47 4215 1.89479
70 4217 1.97129
35 4218 1.97139
89 4219 2.04344
29 4221 2.06685
4 4222 2.07058
85 4223 2.08227
52 4224 2.10539
15 4225 2.14825
18 4226 2.15561
88 4228 2.1876
75 4229 2.19397
1 4230 2.20426
65 4231 2.22611
51 4232 2.23709
64 4233 2.24892
33 4235 2.2916
83 4236 2.2944
62 4237 2.31822
12 4238 2.32477
31 4239 2.33224
23 4241 2.36908
16 4242 2.37526
61 4243 2.38037
77 4244 2.38695
67 4245 2.39642
59 4246 2.39944
19 4247 2.40766
87 4248 2.42877
5 4249 2.433
20 4251 2.45801
74 4252 2.46722
72 4253 2.49615
25 4254 2.49667
45 4255 2.50914
13 4257 2.60746
22 4258 2.63863
27 4259 2.64594
34 4260 2.65138
57 4262 2.70018
46 4263 2.74638
73 4264 2.75262
55 4266 2.76052
49 4267 2.76099
7 4268 2.80701
2 4269 2.80754
71 4270 2.8135
84 4271 2.83214
32 4273 2.91529
82 4274 2.91547
17 4275 2.92908
30 4277 2.97632
53 4278 2.99177
6 4279 2.99329
