97 4411 1.0884
74 4412 1.09576
47 4413 1.1188
17 4414 1.15779
3 4416 1.1755
66 4417 1.18093
19 4418 1.19861
96 4419 1.19874
46 4420 1.20844
54 4421 1.24626
24 4422 1.25597
92 4424 1.27196
1 4425 1.27581
57 4426 1.3249
76 4427 1.33911
34 4429 1.36985
50 4430 1.37461
90 4431 1.3943
99 4432 1.40798
88 4433 1.4145
48 4434 1.43207
23 4435 1.44776
10 4436 1.45112
79 4437 1.45488
55 4439 1.49298
28 4440 1.51044
58 4442 1.57252
61 4443 1.57425
53 4444 1.58285
60 4445 1.59594
43 4446 1.60419
77 4447 1.62027
15 4448 1.62424
6 4449 1.63821
25 4450 1.65209
64 4452 1.68565
78 4453 1.71658
72 4455 1.7742
16 4456 1.82898
30 4457 1.84243
8 4458 1.84361
87 4460 1.86873
65 4461 1.88228
32 4462 1.88543
85 4463 1.89409
70 4464 1.89706
67 4465 1.90666
81 4466 1.91901
86 4467 1.93074
98 4468 1.93272
83 4469 1.93518
95 4470 1.93923
80 4471 1.95604
63 4472 1.96477
22 4474 1.97432
71 4475 1.97465
9 4476 1.97601
44 4477 1.99704
12 4478 1.99904
89 4479 2.03445
40 4480 2.03872
5 4481 2.05655
49 4483 2.13398
56 4484 2.13785
29 4485 2.13924
69 4486 2.16083
18 4488 2.24477
93 4489 2.2459
82 4491 2.26992
45 4492 2.27539
26 4493 2.35031
37 4494 2.35702
84 4496 2.40615
75 4497 2.45869
42 4498 2.46058
41 4500 2.47129
36 4501 2.4744
27 4502 2.48782
35 4503 2.48814
68 4504 2.49237
94 4505 2.53825
33 4506 2.53898
14 4508 2.6174
13 4509 2.62686
39 4510 2.63873
38 4511 2.66231
91 4513 2.67671
52 4514 2.68596
4 4516 2.76747
7 4517 2.7965
59 4518 2.79994
11 4519 2.80623
100 4520 2.80666
51 4521 2.81512
20 4522 2.82658
2 4523 2.83623
73 4524 2.86003
31 4526 2.87603
62 4527 2.89436
21 4528 2.95448
