40 0.8 0.016 0.784
40 0.784 0.16 0.624
22 0.8 0.016 0.784
22 0.784 0.16 0.624
13 0.8 0.016 0.784
13 0.784 0.16 0.624
21 0.8 0.016 0.784
21 0.784 0.16 0.624
16 0.8 0.016 0.784
16 0.784 0.16 0.624
3 0.8 0.016 0.784
32 0.8 0.016 0.784
3 0.784 0.16 0.624
32 0.784 0.16 0.624
25 0.8 0.016 0.784
25 0.784 0.16 0.624
6 0.8 0.016 0.784
6 0.784 0.16 0.624
14 0.8 0.16 0.64
20 0.8 0.16 0.64
14 0.719445 0.016 0.703445
20 0.714457 0.016 0.698457
14 0.703445 0.16 0.543445
20 0.698457 0.16 0.538457
20 0.538457 0.16 0.378457
29 0.8 0.016 0.784
29 0.784 0.16 0.624
35 0.8 0.16 0.64
35 0.711081 0.016 0.695081
35 0.695081 0.16 0.535081
23 0.8 0.016 0.784
23 0.784 0.16 0.624
19 0.8 0.16 0.64
19 0.719595 0.016 0.703595
19 0.703595 0.16 0.543595
5 0.8 0.16 0.64
5 0.715635 0.016 0.699635
15 0.8 0.016 0.784
5 0.699635 0.16 0.539635
15 0.784 0.16 0.624
38 0.8 0.16 0.64
38 0.64 0.16 0.48
38 0.55312 0.016 0.53712
38 0.53712 0.16 0.37712
17 0.8 0.016 0.784
17 0.784 0.16 0.624
18 0.8 0.016 0.784
26 0.8 0.016 0.784
36 0.8 0.016 0.784
18 0.784 0.16 0.624
26 0.784 0.16 0.624
36 0.784 0.16 0.624
36 0.624 0.16 0.464
26 0.624 0.16 0.464
26 0.464 0.16 0.304
33 0.8 0.16 0.64
33 0.790293 0.016 0.774293
33 0.774293 0.16 0.614293
27 0.8 0.016 0.784
27 0.784 0.16 0.624
10 0.8 0.16 0.64
10 0.718215 0.016 0.702215
10 0.702215 0.16 0.542215
8 0.8 0.016 0.784
8 0.784 0.16 0.624
12 0.8 0.16 0.64
12 0.710989 0.016 0.694989
12 0.694989 0.16 0.534989
2 0.8 0.016 0.784
28 0.8 0.016 0.784
30 0.8 0.016 0.784
31 0.8 0.016 0.784
28 0.784 0.16 0.624
30 0.784 0.16 0.624
2 0.784 0.16 0.624
31 0.784 0.16 0.624
2 0.624 0.16 0.464
31 0.624 0.16 0.464
2 0.464 0.16 0.304
31 0.464 0.16 0.304
31 0.304 0.16 0.144
39 0.8 0.016 0.784
39 0.784 0.16 0.624
11 0.8 0.16 0.64
11 0.711077 0.016 0.695077
11 0.695077 0.16 0.535077
1 0.8 0.016 0.784
9 0.8 0.016 0.784
9 0.784 0.16 0.624
1 0.784 0.16 0.624
7 0.8 0.16 0.64
1 0.624 0.16 0.464
7 0.64 0.16 0.48
7 0.553645 0.016 0.537645
7 0.537645 0.16 0.377645
24 0.8 0.016 0.784
24 0.784 0.16 0.624
34 0.8 0.16 0.64
34 0.719643 0.016 0.703643
34 0.703643 0.16 0.543643
4 0.8 0.016 0.784
4 0.784 0.16 0.624
37 0.8 0.016 0.784
37 0.784 0.16 0.624
