14 0.8 0.016 0.784
14 0.784 0.16 0.624
19 0.8 0.016 0.784
19 0.784 0.16 0.624
4 0.8 0.16 0.64
4 0.716545 0.016 0.700545
4 0.700545 0.16 0.540545
1 0.8 0.016 0.784
1 0.784 0.16 0.624
6 0.8 0.016 0.784
6 0.784 0.16 0.624
17 0.8 0.16 0.64
18 0.8 0.16 0.64
17 0.714838 0.016 0.698838
18 0.712779 0.016 0.696779
18 0.696779 0.16 0.536779
17 0.698838 0.16 0.538838
17 0.538838 0.16 0.378838
7 0.8 0.016 0.784
7 0.784 0.16 0.624
10 0.8 0.016 0.784
16 0.8 0.016 0.784
16 0.784 0.16 0.624
10 0.784 0.16 0.624
10 0.624 0.16 0.464
15 0.8 0.016 0.784
15 0.784 0.16 0.624
2 0.8 0.016 0.784
9 0.8 0.016 0.784
2 0.784 0.16 0.624
9 0.784 0.16 0.624
11 0.8 0.016 0.784
11 0.784 0.16 0.624
20 0.8 0.16 0.64
20 0.717327 0.016 0.701327
20 0.701327 0.16 0.541327
3 0.8 0.016 0.784
3 0.784 0.16 0.624
12 0.8 0.16 0.64
12 0.713508 0.016 0.697508
12 0.697508 0.16 0.537508
13 0.8 0.16 0.64
13 0.711551 0.016 0.695551
13 0.695551 0.16 0.535551
8 0.8 0.016 0.784
8 0.784 0.16 0.624
5 0.8 0.016 0.784
5 0.784 0.16 0.624
