12 0.8 0.016 0.784
12 0.784 0.16 0.624
14 0.8 0.016 0.784
24 0.8 0.016 0.784
24 0.784 0.16 0.624
14 0.784 0.16 0.624
14 0.624 0.16 0.464
5 0.8 0.016 0.784
18 0.8 0.016 0.784
18 0.784 0.16 0.624
5 0.784 0.16 0.624
5 0.624 0.16 0.464
4 0.8 0.016 0.784
4 0.784 0.16 0.624
19 0.8 0.16 0.64
27 0.8 0.16 0.64
19 0.711078 0.016 0.695078
27 0.719138 0.016 0.703138
27 0.703138 0.16 0.543138
19 0.695078 0.16 0.535078
19 0.535078 0.16 0.375078
11 0.8 0.016 0.784
11 0.784 0.16 0.624
8 0.8 0.016 0.784
8 0.784 0.16 0.624
13 0.8 0.016 0.784
13 0.784 0.16 0.624
9 0.8 0.16 0.64
9 0.71729 0.016 0.70129
9 0.70129 0.16 0.54129
28 0.8 0.16 0.64
28 0.716934 0.016 0.700934
28 0.700934 0.16 0.540934
1 0.8 0.016 0.784
21 0.8 0.016 0.784
30 0.8 0.016 0.784
30 0.784 0.16 0.624
1 0.784 0.16 0.624
21 0.784 0.16 0.624
21 0.624 0.16 0.464
21 0.464 0.16 0.304
20 0.8 0.016 0.784
20 0.784 0.16 0.624
26 0.8 0.16 0.64
26 0.718385 0.016 0.702385
26 0.702385 0.16 0.542385
7 0.8 0.16 0.64
7 0.716482 0.016 0.700482
7 0.700482 0.16 0.540482
6 0.8 0.16 0.64
17 0.8 0.16 0.64
6 0.716404 0.016 0.700404
17 0.717643 0.016 0.701643
6 0.700404 0.16 0.540404
16 0.8 0.16 0.64
17 0.701643 0.16 0.541643
17 0.541643 0.16 0.381643
16 0.64 0.16 0.48
16 0.552353 0.016 0.536353
16 0.536353 0.16 0.376353
10 0.8 0.016 0.784
29 0.8 0.016 0.784
29 0.784 0.16 0.624
10 0.784 0.16 0.624
22 0.8 0.16 0.64
10 0.624 0.16 0.464
22 0.64 0.16 0.48
22 0.555139 0.016 0.539139
22 0.539139 0.16 0.379139
2 0.8 0.016 0.784
3 0.8 0.016 0.784
2 0.784 0.16 0.624
3 0.784 0.16 0.624
3 0.624 0.16 0.464
25 0.8 0.016 0.784
25 0.784 0.16 0.624
15 0.8 0.016 0.784
15 0.784 0.16 0.624
23 0.8 0.016 0.784
23 0.784 0.16 0.624
