58 0.8 0.016 0.784
58 0.784 0.16 0.624
39 0.8 0.016 0.784
39 0.784 0.16 0.624
50 0.8 0.016 0.784
50 0.784 0.16 0.624
78 0.8 0.016 0.784
78 0.784 0.16 0.624
3 0.8 0.016 0.784
3 0.784 0.16 0.624
40 0.8 0.016 0.784
60 0.8 0.016 0.784
40 0.784 0.16 0.624
60 0.784 0.16 0.624
29 0.8 0.016 0.784
29 0.784 0.16 0.624
24 0.8 0.16 0.64
24 0.715719 0.016 0.699719
24 0.699719 0.16 0.539719
43 0.8 0.016 0.784
43 0.784 0.16 0.624
18 0.8 0.16 0.64
86 0.8 0.16 0.64
18 0.719571 0.016 0.703571
69 0.8 0.016 0.784
86 0.711821 0.016 0.695821
18 0.703571 0.16 0.543571
69 0.784 0.16 0.624
86 0.695821 0.16 0.535821
86 0.535821 0.16 0.375821
69 0.624 0.16 0.464
26 0.8 0.016 0.784
36 0.8 0.016 0.784
38 0.8 0.016 0.784
36 0.784 0.16 0.624
26 0.784 0.16 0.624
38 0.784 0.16 0.624
26 0.624 0.16 0.464
35 0.8 0.16 0.64
38 0.624 0.16 0.464
38 0.464 0.16 0.304
35 0.64 0.16 0.48
5 0.8 0.016 0.784
6 0.8 0.016 0.784
35 0.555317 0.016 0.539317
6 0.784 0.16 0.624
5 0.784 0.16 0.624
35 0.539317 0.16 0.379317
35 0.379317 0.16 0.219317
5 0.624 0.16 0.464
47 0.8 0.16 0.64
5 0.464 0.16 0.304
47 0.64 0.16 0.48
57 0.8 0.16 0.64
59 0.8 0.16 0.64
47 0.556307 0.016 0.540307
57 0.715178 0.016 0.699178
59 0.719244 0.016 0.703244
47 0.540307 0.16 0.380307
57 0.699178 0.16 0.539178
59 0.703244 0.16 0.543244
57 0.539178 0.16 0.379178
59 0.543244 0.16 0.383244
45 0.8 0.16 0.64
90 0.8 0.16 0.64
45 0.64 0.16 0.48
88 0.8 0.16 0.64
90 0.64 0.16 0.48
45 0.553146 0.016 0.537146
90 0.554058 0.016 0.538058
90 0.538058 0.16 0.378058
45 0.537146 0.16 0.377146
70 0.8 0.16 0.64
88 0.71316 0.16 0.55316
45 0.377146 0.16 0.217146
70 0.64 0.16 0.48
88 0.55316 0.16 0.39316
70 0.555694 0.016 0.539694
88 0.463755 0.016 0.447755
70 0.539694 0.16 0.379694
88 0.447755 0.16 0.287755
85 0.8 0.016 0.784
85 0.784 0.16 0.624
65 0.8 0.16 0.64
65 0.719138 0.016 0.703138
65 0.703138 0.16 0.543138
77 0.8 0.16 0.64
77 0.711454 0.016 0.695454
77 0.695454 0.16 0.535454
49 0.8 0.16 0.64
28 0.8 0.016 0.784
49 0.717144 0.016 0.701144
52 0.8 0.016 0.784
49 0.701144 0.16 0.541144
28 0.784 0.16 0.624
52 0.784 0.16 0.624
52 0.624 0.16 0.464
28 0.624 0.16 0.464
8 0.8 0.016 0.784
8 0.784 0.16 0.624
12 0.8 0.16 0.64
54 0.8 0.16 0.64
80 0.8 0.16 0.64
12 0.710054 0.016 0.694054
21 0.8 0.016 0.784
54 0.719693 0.016 0.703693
74 0.8 0.016 0.784
80 0.711356 0.016 0.695356
12 0.694054 0.16 0.534054
80 0.695356 0.16 0.535356
10 0.8 0.16 0.64
21 0.784 0.16 0.624
54 0.703693 0.16 0.543693
74 0.784 0.16 0.624
10 0.64 0.16 0.48
21 0.624 0.16 0.464
54 0.543693 0.16 0.383693
74 0.624 0.16 0.464
54 0.383693 0.16 0.223693
10 0.48 0.16 0.32
21 0.464 0.16 0.304
74 0.464 0.16 0.304
74 0.304 0.16 0.144
21 0.304 0.16 0.144
10 0.32 0.16 0.16
46 0.8 0.16 0.64
76 0.8 0.16 0.64
10 0.16 0.16 -5.55112e-17
46 0.64 0.16 0.48
61 0.8 0.16 0.64
76 0.64 0.16 0.48
10 0.0752931 0.016 0.0592931
46 0.558779 0.016 0.542779
76 0.555018 0.016 0.539018
46 0.542779 0.16 0.382779
76 0.539018 0.16 0.379018
10 0.0592931 0.16 -0.100707
61 0.71853 0.16 0.55853
87 0.8 0.16 0.64
10 0 0.16 -0.16
61 0.55853 0.16 0.39853
87 0.64 0.16 0.48
10 0.079438 0.016 0.063438
61 0.471748 0.016 0.455748
61 0.455748 0.16 0.295748
10 0.063438 0.16 -0.096562
87 0.555928 0.16 0.395928
11 0.8 0.016 0.784
87 0.468753 0.016 0.452753
87 0.452753 0.16 0.292753
11 0.784 0.16 0.624
11 0.624 0.16 0.464
15 0.8 0.16 0.64
15 0.713972 0.016 0.697972
15 0.697972 0.16 0.537972
14 0.8 0.016 0.784
32 0.8 0.016 0.784
63 0.8 0.016 0.784
14 0.784 0.16 0.624
63 0.784 0.16 0.624
32 0.784 0.16 0.624
84 0.8 0.16 0.64
32 0.624 0.16 0.464
84 0.64 0.16 0.48
10 0.311493 0.16 0.151493
32 0.464 0.16 0.304
2 0.8 0.16 0.64
31 0.8 0.16 0.64
64 0.8 0.16 0.64
84 0.48 0.16 0.32
64 0.716712 0.016 0.700712
84 0.390617 0.016 0.374617
84 0.374617 0.16 0.214617
2 0.715763 0.16 0.555763
64 0.700712 0.16 0.540712
64 0.540712 0.16 0.380712
2 0.555763 0.16 0.395763
19 0.8 0.16 0.64
31 0.713186 0.16 0.553186
56 0.8 0.16 0.64
10 0.229725 0.16 0.0697248
2 0.46586 0.016 0.44986
19 0.71387 0.016 0.69787
31 0.626182 0.016 0.610182
33 0.8 0.016 0.784
56 0.713356 0.016 0.697356
31 0.610182 0.16 0.450182
56 0.697356 0.16 0.537356
2 0.44986 0.16 0.28986
19 0.69787 0.16 0.53787
33 0.784 0.16 0.624
2 0.28986 0.16 0.12986
19 0.53787 0.16 0.37787
33 0.624 0.16 0.464
33 0.464 0.16 0.304
19 0.37787 0.16 0.21787
2 0.12986 0.16 -0.0301396
16 0.8 0.16 0.64
2 0 0.16 -0.16
16 0.64 0.16 0.48
2 0.0722455 0.016 0.0562455
16 0.556248 0.016 0.540248
16 0.540248 0.16 0.380248
55 0.8 0.16 0.64
55 0.715592 0.016 0.699592
55 0.699592 0.16 0.539592
23 0.8 0.016 0.784
2 0.365397 0.16 0.205397
23 0.784 0.16 0.624
7 0.8 0.16 0.64
41 0.8 0.16 0.64
7 0.710035 0.016 0.694035
41 0.714411 0.016 0.698411
67 0.8 0.016 0.784
81 0.8 0.016 0.784
7 0.694035 0.16 0.534035
41 0.698411 0.16 0.538411
67 0.784 0.16 0.624
79 0.8 0.16 0.64
81 0.784 0.16 0.624
41 0.538411 0.16 0.378411
67 0.624 0.16 0.464
79 0.64 0.16 0.48
81 0.624 0.16 0.464
81 0.464 0.16 0.304
2 0.284053 0.16 0.124053
67 0.464 0.16 0.304
9 0.8 0.16 0.64
72 0.8 0.16 0.64
79 0.48 0.16 0.32
9 0.64 0.16 0.48
79 0.32 0.16 0.16
9 0.554479 0.016 0.538479
79 0.233456 0.016 0.217456
79 0.217456 0.16 0.0574561
9 0.538479 0.16 0.378479
51 0.8 0.16 0.64
72 0.712564 0.16 0.552564
9 0.378479 0.16 0.218479
51 0.64 0.16 0.48
68 0.8 0.16 0.64
72 0.552564 0.16 0.392564
51 0.559037 0.016 0.543037
68 0.71318 0.016 0.69718
72 0.464854 0.016 0.448854
72 0.448854 0.16 0.288854
51 0.543037 0.16 0.383037
68 0.69718 0.16 0.53718
51 0.383037 0.16 0.223037
4 0.8 0.16 0.64
42 0.8 0.16 0.64
68 0.53718 0.16 0.37718
68 0.37718 0.16 0.21718
4 0.64 0.16 0.48
42 0.64 0.16 0.48
4 0.553345 0.016 0.537345
42 0.554816 0.016 0.538816
4 0.537345 0.16 0.377345
37 0.8 0.16 0.64
42 0.538816 0.16 0.378816
42 0.378816 0.16 0.218816
37 0.64 0.16 0.48
37 0.554046 0.016 0.538046
37 0.538046 0.16 0.378046
20 0.8 0.16 0.64
20 0.719174 0.016 0.703174
20 0.703174 0.16 0.543174
83 0.8 0.16 0.64
25 0.8 0.016 0.784
83 0.712733 0.016 0.696733
83 0.696733 0.16 0.536733
25 0.784 0.16 0.624
48 0.8 0.016 0.784
48 0.784 0.16 0.624
17 0.8 0.16 0.64
44 0.8 0.16 0.64
17 0.710467 0.016 0.694467
44 0.711549 0.016 0.695549
17 0.694467 0.16 0.534467
44 0.695549 0.16 0.535549
44 0.535549 0.16 0.375549
30 0.8 0.016 0.784
34 0.8 0.016 0.784
66 0.8 0.016 0.784
66 0.784 0.16 0.624
34 0.784 0.16 0.624
30 0.784 0.16 0.624
30 0.624 0.16 0.464
30 0.464 0.16 0.304
75 0.8 0.016 0.784
75 0.784 0.16 0.624
62 0.8 0.016 0.784
62 0.784 0.16 0.624
1 0.8 0.16 0.64
1 0.71724 0.016 0.70124
53 0.8 0.016 0.784
89 0.8 0.016 0.784
1 0.70124 0.16 0.54124
89 0.784 0.16 0.624
53 0.784 0.16 0.624
27 0.8 0.16 0.64
27 0.64 0.16 0.48
73 0.8 0.16 0.64
27 0.48 0.16 0.32
73 0.64 0.16 0.48
27 0.394358 0.016 0.378358
73 0.559515 0.016 0.543515
27 0.378358 0.16 0.218358
73 0.543515 0.16 0.383515
73 0.383515 0.16 0.223515
13 0.8 0.016 0.784
13 0.784 0.16 0.624
82 0.8 0.16 0.64
82 0.71351 0.016 0.69751
82 0.69751 0.16 0.53751
71 0.8 0.016 0.784
71 0.784 0.16 0.624
22 0.8 0.16 0.64
22 0.71139 0.016 0.69539
22 0.69539 0.16 0.53539
