0 4400
0 4401
0 4402
0 4403
0 4404
0 4405
0 4406
0 4407
0 4408
0 4409
0 4410
0 4415
0 4423
0 4428
0 4438
0 4441
0 4451
76 4427
0 4454
0 4459
57 4426
0 4473
58 4442
0 4482
5 4481
24 4422
85 4463
0 4487
63 4472
54 4421
0 4490
1 4425
0 4495
44 4477
0 4499
3 4416
0 4507
0 4512
81 4466
0 4515
84 4496
26 4493
91 4513
55 4439
0 4525
53 4444
79 4437
0 4529
71 4475
64 4452
68 4504
65 4461
0 4530
20 4522
17 4414
0 4531
48 4434
0 4532
96 4419
0 4533
8 4458
47 4413
0 4534
29 4485
9 4476
86 4467
32 4462
0 4535
74 4412
35 4503
98 4468
92 4424
0 4536
23 4435
74 4412
0 4537
13 4509
94 4505
0 4538
90 4431
0 4539
34 4429
35 4503
0 4540
99 4432
37 4494
36 4501
0 4541
89 4479
56 4484
21 4528
0 4542
62 4527
46 4420
0 4543
83 4469
0 4544
19 4418
0 4545
16 4456
50 4430
88 4433
40 4480
10 4436
0 4546
0 4547
87 4460
95 4470
4 4516
7 4517
0 4548
14 4508
0 4549
51 4521
78 4453
42 4498
0 4550
0 4551
0 4552
45 4492
0 4553
66 4417
0 4554
33 4506
82 4491
70 4464
69 4486
0 4555
0 4556
18 4488
25 4450
0 4557
28 4440
0 4558
93 4489
72 4455
30 4457
97 4411
43 4446
0 4559
0 4560
38 4511
0 4561
6 4449
73 4524
41 4500
0 4562
60 4445
61 4443
0 4563
80 4471
49 4483
0 4564
22 4474
59 4518
11 4519
2 4523
0 4565
22 4474
15 4448
77 4447
0 4566
0 4567
67 4465
39 4510
12 4478
0 4568
75 4497
31 4526
0 4569
0 4570
0 4571
27 4502
0 4572
0 4573
0 4574
52 4514
0 4575
100 4520
0 4576
0 4577
0 4578
0 4579
0 4580
0 4581
0 4582
0 4583
0 4584
0 4585
0 4586
0 4587
0 4588
0 4589
0 4590
0 4591
0 4592
0 4593
0 4594
0 4595
0 4596
0 4597
0 4598
0 4599
0 4600
0 4601
0 4602
0 4603
0 4604
0 4605
0 4606
0 4607
0 4608
0 4609
0 4610
0 4611
0 4612
0 4613
0 4614
0 4615
0 4616
0 4617
0 4618
0 4619
0 4620
0 4621
0 4622
0 4623
0 4624
0 4625
0 4626
0 4627
0 4628
0 4629
0 4630
0 4631
0 4632
0 4633
0 4634
0 4635
0 4636
0 4637
0 4638
0 4639
0 4640
0 4641
0 4642
0 4643
0 4644
0 4645
0 4646
0 4647
0 4648
0 4649
