0 3930
0 3931
0 3932
0 3933
0 3934
0 3935
0 3936
0 3937
0 3938
0 3939
0 3941
0 3947
0 3954
0 3958
66 3944
0 3967
0 3972
53 3969
0 3976
4 3974
0 3978
0 3982
0 3984
30 3956
68 3983
0 3987
0 3990
62 3942
0 3995
55 3966
0 4001
74 3943
0 4006
0 4012
0 4016
0 4022
16 3993
32 3999
0 4030
27 3980
51 4027
44 4005
23 4026
0 4035
0 4040
11 3992
6 4002
48 4000
70 4038
0 4041
38 4034
0 4042
0 4043
52 3960
0 4044
80 3948
76 3998
0 4045
2 4011
0 4046
3 3970
43 3989
5 4007
24 3961
0 4047
39 3964
0 4048
0 4049
47 3981
0 4050
34 3971
40 4010
0 4051
0 4052
0 4053
65 3959
0 4054
73 3985
10 3963
17 3949
37 3957
0 4055
26 4037
15 3950
0 4056
21 3940
58 4032
0 4057
0 4058
7 3962
8 3945
78 3994
46 3955
57 4031
0 4059
50 3977
9 4014
0 4060
36 4024
54 3997
1 4009
0 4061
0 4062
0 4063
35 3973
0 4064
49 3979
31 4008
35 3973
60 3946
0 4065
79 4020
61 4039
0 4066
42 4036
29 4003
13 4021
0 4067
0 4068
33 3975
0 4069
63 4033
0 4070
28 3991
63 4033
0 4071
18 3953
75 3968
0 4072
72 3965
0 4073
59 3952
25 3951
77 3988
0 4074
0 4075
71 4015
0 4076
12 3986
0 4077
0 4078
41 4023
0 4079
20 4013
14 3996
0 4080
22 4025
0 4081
56 4004
45 4029
0 4082
64 4018
67 4017
0 4083
0 4084
19 4019
0 4085
0 4086
0 4087
0 4088
0 4089
69 4028
0 4090
0 4091
0 4092
0 4093
0 4094
0 4095
0 4096
0 4097
0 4098
0 4099
0 4100
0 4101
0 4102
0 4103
0 4104
0 4105
0 4106
0 4107
0 4108
0 4109
0 4110
0 4111
0 4112
0 4113
0 4114
0 4115
0 4116
0 4117
0 4118
0 4119
0 4120
0 4121
0 4122
0 4123
0 4124
0 4125
0 4126
0 4127
0 4128
0 4129
0 4130
0 4131
0 4132
0 4133
0 4134
0 4135
0 4136
0 4137
0 4138
0 4139
0 4140
0 4141
0 4142
0 4143
0 4144
0 4145
0 4146
0 4147
0 4148
0 4149
0 4150
0 4151
0 4152
0 4153
0 4154
0 4155
0 4156
0 4157
0 4158
0 4159
