76 0.8 0.016 0.784
76 0.784 0.16 0.624
57 0.8 0.016 0.784
57 0.784 0.16 0.624
58 0.8 0.16 0.64
58 0.719702 0.016 0.703702
58 0.703702 0.16 0.543702
24 0.8 0.16 0.64
5 0.8 0.016 0.784
24 0.716208 0.016 0.700208
85 0.8 0.016 0.784
5 0.784 0.16 0.624
24 0.700208 0.16 0.540208
85 0.784 0.16 0.624
54 0.8 0.16 0.64
63 0.8 0.16 0.64
54 0.64 0.16 0.48
63 0.64 0.16 0.48
54 0.48 0.16 0.32
63 0.48 0.16 0.32
54 0.391585 0.016 0.375585
63 0.393712 0.016 0.377712
63 0.377712 0.16 0.217712
54 0.375585 0.16 0.215585
54 0.215585 0.16 0.0555846
1 0.8 0.16 0.64
1 0.714623 0.016 0.698623
1 0.698623 0.16 0.538623
44 0.8 0.16 0.64
44 0.710277 0.016 0.694277
44 0.694277 0.16 0.534277
3 0.8 0.016 0.784
3 0.784 0.16 0.624
81 0.8 0.016 0.784
81 0.784 0.16 0.624
84 0.8 0.16 0.64
26 0.8 0.016 0.784
55 0.8 0.016 0.784
84 0.711498 0.016 0.695498
91 0.8 0.016 0.784
84 0.695498 0.16 0.535498
26 0.784 0.16 0.624
55 0.784 0.16 0.624
91 0.784 0.16 0.624
55 0.624 0.16 0.464
79 0.8 0.16 0.64
91 0.624 0.16 0.464
91 0.464 0.16 0.304
55 0.464 0.16 0.304
53 0.8 0.16 0.64
64 0.8 0.16 0.64
71 0.8 0.16 0.64
79 0.64 0.16 0.48
53 0.711751 0.016 0.695751
79 0.550143 0.016 0.534143
53 0.695751 0.16 0.535751
79 0.534143 0.16 0.374143
64 0.715607 0.16 0.555607
65 0.8 0.16 0.64
68 0.8 0.16 0.64
71 0.717711 0.16 0.557711
64 0.555607 0.16 0.395607
65 0.64 0.16 0.48
68 0.64 0.16 0.48
71 0.557711 0.16 0.397711
64 0.466945 0.016 0.450945
65 0.555689 0.016 0.539689
68 0.553038 0.016 0.537038
71 0.472745 0.016 0.456745
71 0.456745 0.16 0.296745
20 0.8 0.16 0.64
64 0.450945 0.16 0.290945
65 0.539689 0.16 0.379689
68 0.537038 0.16 0.377038
74 0.8 0.16 0.64
64 0.290945 0.16 0.130945
20 0.64 0.16 0.48
65 0.379689 0.16 0.219689
68 0.377038 0.16 0.217038
74 0.64 0.16 0.48
68 0.217038 0.16 0.0570376
65 0.219689 0.16 0.0596894
17 0.8 0.16 0.64
20 0.48 0.16 0.32
74 0.48 0.16 0.32
17 0.64 0.16 0.48
20 0.32 0.16 0.16
74 0.32 0.16 0.16
17 0.553559 0.016 0.537559
20 0.231904 0.016 0.215904
74 0.234172 0.016 0.218172
20 0.215904 0.16 0.0559036
17 0.537559 0.16 0.377559
48 0.8 0.16 0.64
74 0.218172 0.16 0.0581718
17 0.377559 0.16 0.217559
48 0.64 0.16 0.48
74 0.0581718 0.16 -0.101828
48 0.559424 0.016 0.543424
74 0.0752208 0.016 0.0592208
48 0.543424 0.16 0.383424
74 0.0592208 0.16 -0.100779
96 0.8 0.016 0.784
96 0.784 0.16 0.624
8 0.8 0.16 0.64
47 0.8 0.16 0.64
8 0.713534 0.016 0.697534
47 0.713152 0.016 0.697152
8 0.697534 0.16 0.537534
29 0.8 0.16 0.64
47 0.697152 0.16 0.537152
86 0.8 0.16 0.64
47 0.537152 0.16 0.377152
9 0.8 0.16 0.64
29 0.64 0.16 0.48
86 0.64 0.16 0.48
9 0.714501 0.016 0.698501
29 0.553854 0.016 0.537854
32 0.8 0.016 0.784
35 0.8 0.016 0.784
86 0.558016 0.016 0.542016
29 0.537854 0.16 0.377854
9 0.698501 0.16 0.538501
32 0.784 0.16 0.624
35 0.784 0.16 0.624
86 0.542016 0.16 0.382016
98 0.8 0.16 0.64
9 0.538501 0.16 0.378501
86 0.382016 0.16 0.222016
32 0.624 0.16 0.464
35 0.624 0.16 0.464
98 0.64 0.16 0.48
35 0.464 0.16 0.304
35 0.304 0.16 0.144
98 0.48 0.16 0.32
35 0.223799 0.016 0.207799
92 0.8 0.016 0.784
98 0.392138 0.016 0.376138
74 0.305159 0.16 0.145159
35 0.207799 0.16 0.0477985
92 0.784 0.16 0.624
98 0.376138 0.16 0.216138
98 0.216138 0.16 0.0561377
92 0.624 0.16 0.464
23 0.8 0.16 0.64
23 0.71963 0.016 0.70363
74 0.220592 0.16 0.0605923
23 0.70363 0.16 0.54363
13 0.8 0.16 0.64
13 0.714947 0.016 0.698947
94 0.8 0.016 0.784
13 0.698947 0.16 0.538947
94 0.784 0.16 0.624
90 0.8 0.16 0.64
90 0.64 0.16 0.48
90 0.55842 0.016 0.54242
90 0.54242 0.16 0.38242
34 0.8 0.16 0.64
34 0.711182 0.016 0.695182
34 0.695182 0.16 0.535182
36 0.8 0.16 0.64
37 0.8 0.16 0.64
35 0.355761 0.16 0.195761
36 0.714558 0.016 0.698558
37 0.719811 0.016 0.703811
99 0.8 0.016 0.784
99 0.784 0.16 0.624
37 0.703811 0.16 0.543811
36 0.698558 0.16 0.538558
21 0.8 0.16 0.64
89 0.8 0.16 0.64
89 0.64 0.16 0.48
89 0.48 0.16 0.32
21 0.710065 0.016 0.694065
56 0.8 0.016 0.784
89 0.394221 0.016 0.378221
89 0.378221 0.16 0.218221
56 0.784 0.16 0.624
21 0.694065 0.16 0.534065
46 0.8 0.16 0.64
62 0.8 0.16 0.64
21 0.534065 0.16 0.374065
46 0.64 0.16 0.48
62 0.64 0.16 0.48
21 0.374065 0.16 0.214065
46 0.48 0.16 0.32
62 0.48 0.16 0.32
46 0.399405 0.016 0.383405
62 0.391907 0.016 0.375907
62 0.375907 0.16 0.215907
46 0.383405 0.16 0.223405
83 0.8 0.016 0.784
83 0.784 0.16 0.624
19 0.8 0.16 0.64
19 0.714207 0.016 0.698207
19 0.698207 0.16 0.538207
16 0.8 0.16 0.64
10 0.8 0.016 0.784
16 0.715276 0.016 0.699276
40 0.8 0.016 0.784
50 0.8 0.016 0.784
88 0.8 0.016 0.784
16 0.699276 0.16 0.539276
10 0.784 0.16 0.624
40 0.784 0.16 0.624
50 0.784 0.16 0.624
88 0.784 0.16 0.624
50 0.624 0.16 0.464
10 0.624 0.16 0.464
40 0.624 0.16 0.464
88 0.624 0.16 0.464
88 0.464 0.16 0.304
40 0.464 0.16 0.304
10 0.464 0.16 0.304
45 0.8 0.16 0.64
45 0.64 0.16 0.48
45 0.48 0.16 0.32
4 0.8 0.016 0.784
7 0.8 0.016 0.784
45 0.463125 0.016 0.447125
87 0.8 0.016 0.784
95 0.8 0.016 0.784
87 0.784 0.16 0.624
4 0.784 0.16 0.624
7 0.784 0.16 0.624
14 0.8 0.16 0.64
45 0.447125 0.16 0.287125
95 0.784 0.16 0.624
95 0.624 0.16 0.464
4 0.624 0.16 0.464
7 0.624 0.16 0.464
14 0.64 0.16 0.48
45 0.287125 0.16 0.127125
4 0.464 0.16 0.304
7 0.464 0.16 0.304
14 0.48 0.16 0.32
14 0.32 0.16 0.16
45 0.127125 0.16 -0.0328751
14 0.231115 0.016 0.215115
14 0.215115 0.16 0.0551153
51 0.8 0.16 0.64
78 0.8 0.16 0.64
42 0.8 0.016 0.784
51 0.71882 0.016 0.70282
78 0.712041 0.016 0.696041
51 0.70282 0.16 0.54282
78 0.696041 0.16 0.536041
42 0.784 0.16 0.624
42 0.624 0.16 0.464
42 0.464 0.16 0.304
45 0.373795 0.16 0.213795
66 0.8 0.016 0.784
66 0.784 0.16 0.624
33 0.8 0.16 0.64
69 0.8 0.16 0.64
70 0.8 0.16 0.64
82 0.8 0.16 0.64
33 0.71381 0.016 0.69781
69 0.714765 0.016 0.698765
70 0.71892 0.016 0.70292
82 0.718986 0.016 0.702986
33 0.69781 0.16 0.53781
69 0.698765 0.16 0.538765
70 0.70292 0.16 0.54292
82 0.702986 0.16 0.542986
82 0.542986 0.16 0.382986
70 0.54292 0.16 0.38292
69 0.538765 0.16 0.378765
25 0.8 0.16 0.64
25 0.64 0.16 0.48
25 0.48 0.16 0.32
18 0.8 0.016 0.784
25 0.469789 0.016 0.453789
18 0.784 0.16 0.624
25 0.453789 0.16 0.293789
28 0.8 0.16 0.64
28 0.713609 0.016 0.697609
28 0.697609 0.16 0.537609
30 0.8 0.016 0.784
43 0.8 0.016 0.784
72 0.8 0.016 0.784
93 0.8 0.016 0.784
97 0.8 0.016 0.784
93 0.784 0.16 0.624
72 0.784 0.16 0.624
30 0.784 0.16 0.624
22 0.8 0.16 0.64
43 0.784 0.16 0.624
97 0.784 0.16 0.624
22 0.64 0.16 0.48
43 0.624 0.16 0.464
97 0.624 0.16 0.464
22 0.48 0.16 0.32
43 0.464 0.16 0.304
97 0.464 0.16 0.304
97 0.304 0.16 0.144
43 0.304 0.16 0.144
22 0.32 0.16 0.16
22 0.16 0.16 -5.55112e-17
22 0.0735255 0.016 0.0575255
22 0.133285 0.016 0.117285
38 0.8 0.016 0.784
38 0.784 0.16 0.624
6 0.8 0.16 0.64
22 0.117285 0.16 -0.0427146
41 0.8 0.16 0.64
73 0.8 0.16 0.64
6 0.715356 0.016 0.699356
41 0.71665 0.016 0.70065
73 0.719691 0.016 0.703691
6 0.699356 0.16 0.539356
73 0.703691 0.16 0.543691
41 0.70065 0.16 0.54065
60 0.8 0.16 0.64
60 0.713819 0.016 0.697819
61 0.8 0.016 0.784
60 0.697819 0.16 0.537819
61 0.784 0.16 0.624
80 0.8 0.16 0.64
61 0.624 0.16 0.464
49 0.8 0.16 0.64
80 0.64 0.16 0.48
49 0.713588 0.016 0.697588
80 0.554693 0.016 0.538693
80 0.538693 0.16 0.378693
49 0.697588 0.16 0.537588
49 0.537588 0.16 0.377588
2 0.8 0.016 0.784
11 0.8 0.016 0.784
59 0.8 0.016 0.784
22 0.296634 0.16 0.136634
59 0.784 0.16 0.624
11 0.784 0.16 0.624
2 0.784 0.16 0.624
15 0.8 0.16 0.64
77 0.8 0.16 0.64
15 0.64 0.16 0.48
77 0.64 0.16 0.48
15 0.48 0.16 0.32
77 0.48 0.16 0.32
15 0.390086 0.016 0.374086
77 0.395327 0.016 0.379327
22 0.208892 0.16 0.0488919
15 0.374086 0.16 0.214086
77 0.379327 0.16 0.219327
12 0.8 0.016 0.784
39 0.8 0.016 0.784
67 0.8 0.016 0.784
67 0.784 0.16 0.624
39 0.784 0.16 0.624
12 0.784 0.16 0.624
31 0.8 0.16 0.64
75 0.8 0.16 0.64
31 0.64 0.16 0.48
75 0.64 0.16 0.48
31 0.48 0.16 0.32
75 0.48 0.16 0.32
31 0.399164 0.016 0.383164
75 0.390468 0.016 0.374468
75 0.374468 0.16 0.214468
31 0.383164 0.16 0.223164
31 0.223164 0.16 0.0631637
27 0.8 0.016 0.784
27 0.784 0.16 0.624
52 0.8 0.016 0.784
52 0.784 0.16 0.624
100 0.8 0.16 0.64
100 0.711633 0.016 0.695633
100 0.695633 0.16 0.535633
