47 3721 1.01211
17 3722 1.01817
10 3723 1.02043
38 3724 1.0551
56 3725 1.0939
23 3727 1.11093
12 3728 1.11923
5 3729 1.13043
27 3730 1.14924
63 3731 1.1505
22 3732 1.1667
67 3734 1.20732
7 3735 1.23172
11 3736 1.25503
14 3737 1.27146
60 3738 1.28045
48 3741 1.4123
51 3742 1.42391
41 3743 1.46013
37 3744 1.49216
36 3745 1.49271
66 3747 1.53137
31 3748 1.60177
28 3750 1.63722
61 3751 1.65689
50 3753 1.71146
33 3754 1.71264
21 3755 1.76219
44 3756 1.76631
42 3757 1.77251
8 3759 1.81156
64 3760 1.83176
1 3761 1.85557
6 3762 1.8567
69 3763 1.9035
4 3765 1.91553
45 3766 1.92368
43 3767 1.92384
13 3768 1.96698
24 3769 1.97208
9 3770 1.98691
20 3771 2.00205
25 3772 2.00332
15 3775 2.12664
53 3776 2.17625
30 3777 2.19933
16 3779 2.25121
55 3780 2.2529
19 3781 2.25654
40 3782 2.26929
39 3783 2.30477
2 3785 2.36602
58 3787 2.44484
57 3788 2.45995
35 3789 2.46414
26 3790 2.49272
65 3792 2.5099
29 3793 2.51519
32 3794 2.55395
70 3795 2.57564
34 3797 2.63582
18 3798 2.67698
52 3800 2.72069
46 3801 2.72238
3 3802 2.73017
59 3803 2.76233
54 3805 2.82805
62 3806 2.8563
49 3808 2.93179
68 3809 2.98161
