0 3300
0 3301
0 3302
0 3303
0 3304
0 3305
0 3306
0 3307
0 3308
0 3309
0 3311
28 3310
0 3315
0 3320
0 3323
0 3325
0 3327
0 3329
27 3319
0 3330
0 3332
0 3335
0 3338
0 3341
30 3333
0 3345
46 3343
0 3348
0 3355
0 3360
0 3363
0 3371
17 3346
49 3334
0 3375
0 3379
0 3380
0 3381
0 3382
0 3383
0 3384
0 3385
0 3386
29 3357
0 3387
0 3388
40 3366
26 3369
0 3389
0 3390
1 3349
25 3356
0 3391
0 3392
22 3331
0 3393
0 3394
48 3353
19 3324
0 3395
45 3359
14 3362
0 3396
35 3317
44 3365
0 3397
7 3321
0 3398
16 3354
0 3399
36 3372
18 3314
34 3337
42 3328
0 3400
0 3401
12 3313
20 3322
0 3402
0 3403
0 3404
11 3312
9 3370
43 3377
10 3350
0 3405
38 3376
20 3322
12 3313
4 3367
0 3406
23 3342
0 3407
0 3408
37 3340
0 3409
5 3344
24 3318
41 3347
50 3364
0 3410
3 3316
0 3411
6 3339
15 3336
8 3326
0 3412
0 3413
0 3414
21 3368
2 3361
13 3358
0 3415
31 3351
0 3416
0 3417
0 3418
47 3378
0 3419
0 3420
0 3421
0 3422
32 3373
0 3423
0 3424
39 3352
33 3374
0 3425
0 3426
0 3427
0 3428
0 3429
0 3430
0 3431
0 3432
0 3433
0 3434
0 3435
0 3436
0 3437
0 3438
0 3439
0 3440
0 3441
0 3442
0 3443
0 3444
0 3445
0 3446
0 3447
0 3448
0 3449
0 3450
0 3451
0 3452
0 3453
0 3454
0 3455
0 3456
0 3457
0 3458
0 3459
0 3460
0 3461
0 3462
0 3463
0 3464
0 3465
0 3466
0 3467
0 3468
0 3469
0 3470
0 3471
0 3472
0 3473
0 3474
0 3475
0 3476
0 3477
0 3478
0 3479
0 3480
0 3481
0 3482
0 3483
0 3484
0 3485
0 3486
0 3487
0 3488
0 3489
0 3490
0 3491
0 3492
0 3493
0 3494
0 3495
0 3496
0 3497
0 3498
0 3499
