12 2948 0 100 154249096 2.04483 2.04483
24 2949 0 100 121573874 2.24483 2.24483
14 2964 0 100 154264832 2.24483 2.24483
18 2960 0 100 56207552 2.44483 2.44483
5 2963 0 100 121571246 2.44483 2.44483
4 2970 0 100 88849140 2.64483 2.64483
27 2978 0 100 88855684 2.74483 2.74483
19 2976 0 100 121560206 2.74483 2.74483
11 2971 0 100 154259080 2.94483 2.94483
8 2958 0 100 88868004 3.14483 3.14483
13 2986 0 100 154281712 3.24483 3.24483
9 2972 0 100 154265968 3.34483 3.34483
28 2982 0 100 154243152 3.44483 3.44483
30 2965 0 100 88854232 3.64483 3.64483
1 2945 0 100 88870016 3.64483 3.64483
21 2974 0 100 121548752 3.64483 3.64483
20 2956 0 100 154286768 4.64483 4.64483
26 2983 0 100 121536296 4.74483 4.74483
7 2967 0 100 121554836 4.84483 4.84483
6 2962 0 100 88866492 4.94483 4.94483
17 2955 0 100 154287368 4.94483 4.94483
16 2957 0 100 121572920 5.04483 5.04483
29 2942 0 100 121531898 5.64483 5.64483
10 2980 0 100 154254200 5.64483 5.64483
22 2943 0 100 154258016 5.74483 5.74483
2 2973 0 100 121535960 5.84483 5.84483
3 2952 0 100 154285688 5.84483 5.84483
25 2946 0 100 154291552 6.34483 6.34483
15 2989 0 100 88858112 7.24483 7.24483
23 2984 0 100 121565732 7.64483 7.64483
