26 3510 1.05004
33 3512 1.09859
35 3513 1.11755
16 3514 1.17204
10 3516 1.2066
25 3517 1.21804
7 3518 1.22264
46 3519 1.23572
47 3521 1.38536
55 3524 1.49858
49 3525 1.52915
50 3526 1.53686
18 3529 1.71817
21 3530 1.74706
59 3532 1.80129
14 3533 1.82029
58 3534 1.82144
9 3535 1.87699
43 3536 1.88121
11 3537 1.88417
56 3538 1.88507
40 3540 1.89362
1 3541 1.92028
28 3542 1.93478
17 3543 1.94526
31 3545 2.05297
51 3546 2.05957
6 3548 2.10291
44 3549 2.12413
19 3550 2.13269
22 3551 2.15741
34 3553 2.20186
37 3554 2.20686
8 3555 2.21164
4 3556 2.21953
27 3557 2.22259
20 3558 2.23877
13 3559 2.25089
3 3560 2.25821
38 3562 2.2904
48 3563 2.32905
52 3564 2.34047
45 3566 2.46364
24 3568 2.52646
39 3569 2.53841
23 3570 2.58657
29 3573 2.69787
54 3574 2.71762
36 3575 2.72789
2 3576 2.74121
41 3577 2.75073
15 3578 2.76062
5 3579 2.76835
42 3580 2.77414
12 3581 2.77735
30 3583 2.82464
60 3584 2.84034
53 3586 2.92026
57 3587 2.94345
32 3589 2.99862
