28 3310 1.00684
11 3312 1.04971
12 3313 1.05277
18 3314 1.10424
3 3316 1.16484
35 3317 1.17994
24 3318 1.20651
27 3319 1.20906
7 3321 1.29363
20 3322 1.33709
19 3324 1.40507
8 3326 1.44728
42 3328 1.62474
22 3331 1.83544
30 3333 1.85724
49 3334 1.8751
15 3336 1.96138
34 3337 2.01607
6 3339 2.08589
37 3340 2.12826
23 3342 2.15879
46 3343 2.17913
5 3344 2.2157
17 3346 2.26531
41 3347 2.29408
1 3349 2.35424
10 3350 2.38517
31 3351 2.40259
39 3352 2.41055
48 3353 2.42098
16 3354 2.43755
25 3356 2.45618
29 3357 2.45916
13 3358 2.46536
45 3359 2.47305
2 3361 2.54204
14 3362 2.59461
50 3364 2.66274
44 3365 2.66345
40 3366 2.68652
4 3367 2.69204
21 3368 2.70225
26 3369 2.73042
9 3370 2.73196
36 3372 2.74095
32 3373 2.75319
33 3374 2.83742
38 3376 2.85479
43 3377 2.86666
47 3378 2.89218
