0 4160
0 4161
0 4162
0 4163
0 4164
0 4165
0 4166
0 4167
0 4168
0 4169
0 4175
58 4173
0 4182
0 4186
39 4184
0 4189
50 4178
0 4195
0 4198
0 4202
78 4194
0 4208
0 4213
3 4201
0 4216
0 4220
0 4227
40 4174
60 4179
0 4234
0 4240
29 4221
0 4250
24 4206
0 4256
43 4191
0 4261
18 4226
86 4188
69 4200
0 4265
0 4272
0 4276
36 4170
26 4192
38 4207
0 4280
6 4279
35 4218
5 4249
0 4281
47 4215
57 4262
59 4246
0 4282
90 4180
45 4255
0 4283
70 4217
88 4228
0 4284
85 4223
0 4285
65 4231
0 4286
77 4244
0 4287
49 4267
52 4224
28 4193
0 4288
0 4289
8 4171
0 4290
12 4238
80 4181
54 4185
74 4252
21 4203
0 4291
46 4263
76 4212
0 4292
61 4243
0 4293
87 4248
11 4211
0 4294
15 4225
0 4295
0 4296
14 4176
63 4196
32 4273
10 4197
0 4297
84 4271
64 4233
10 4197
0 4298
31 4239
56 4187
33 4235
19 4247
0 4299
16 4242
0 4300
55 4266
0 4301
0 4302
0 4303
2 4269
23 4241
0 4304
7 4268
41 4183
81 4190
67 4245
2 4269
0 4305
79 4172
9 4199
0 4306
72 4253
51 4232
68 4177
0 4307
4 4222
42 4214
0 4308
37 4205
0 4309
20 4251
0 4310
83 4236
25 4254
0 4311
0 4312
48 4204
0 4313
17 4275
44 4210
0 4314
0 4315
66 4209
34 4260
30 4277
0 4316
0 4317
75 4229
0 4318
0 4319
62 4237
0 4320
1 4230
89 4219
53 4278
0 4321
27 4259
73 4264
0 4322
0 4323
13 4257
0 4324
82 4274
0 4325
71 4270
0 4326
22 4258
0 4327
0 4328
0 4329
0 4330
0 4331
0 4332
0 4333
0 4334
0 4335
0 4336
0 4337
0 4338
0 4339
0 4340
0 4341
0 4342
0 4343
0 4344
0 4345
0 4346
0 4347
0 4348
0 4349
0 4350
0 4351
0 4352
0 4353
0 4354
0 4355
0 4356
0 4357
0 4358
0 4359
0 4360
0 4361
0 4362
0 4363
0 4364
0 4365
0 4366
0 4367
0 4368
0 4369
0 4370
0 4371
0 4372
0 4373
0 4374
0 4375
0 4376
0 4377
0 4378
0 4379
0 4380
0 4381
0 4382
0 4383
0 4384
0 4385
0 4386
0 4387
0 4388
0 4389
0 4390
0 4391
0 4392
0 4393
0 4394
0 4395
0 4396
0 4397
0 4398
0 4399
