28 3120 1.02741
35 3121 1.07156
12 3122 1.09968
2 3124 1.09975
15 3125 1.11874
25 3126 1.19802
5 3128 1.22386
3 3129 1.2537
10 3130 1.27132
34 3131 1.27579
40 3133 1.34574
22 3134 1.39222
32 3136 1.4022
17 3137 1.44307
8 3138 1.45326
1 3140 1.54775
21 3141 1.58883
29 3142 1.59779
9 3144 1.60442
7 3145 1.60848
38 3146 1.68014
4 3147 1.68327
33 3149 1.75928
13 3150 1.76111
24 3152 1.81474
31 3153 1.83034
26 3156 2.06617
39 3159 2.20592
30 3160 2.26207
16 3162 2.35745
11 3163 2.38876
36 3165 2.43515
27 3166 2.47021
20 3167 2.49174
6 3169 2.50154
18 3172 2.75417
19 3174 2.81865
14 3175 2.82842
23 3176 2.83245
37 3178 2.98354
