58 4173 0 100 154267296 1.05735 1.05735
39 4184 0 100 121530686 1.25735 1.25735
50 4178 0 100 121553636 1.35735 1.35735
78 4194 0 100 154251600 1.65735 1.65735
3 4201 0 100 121566608 1.85735 1.85735
40 4174 0 100 121562654 2.15735 2.15735
60 4179 0 100 121564178 2.15735 2.15735
29 4221 0 100 88848472 2.35735 2.35735
24 4206 0 100 121547486 2.45735 2.45735
43 4191 0 100 121568642 2.55735 2.55735
18 4226 0 100 121559222 2.65735 2.65735
86 4188 0 100 154242616 2.65735 2.65735
69 4200 0 100 154282552 2.65735 2.65735
36 4170 0 100 56208710 2.95735 2.95735
26 4192 0 100 121562048 2.95735 2.95735
38 4207 0 100 154247424 2.95735 2.95735
6 4279 0 100 88854336 3.05735 3.05735
35 4218 0 100 121570088 3.05735 3.05735
5 4249 0 100 154279192 3.05735 3.05735
47 4215 0 100 88860032 3.15735 3.15735
57 4262 0 100 154245480 3.15735 3.15735
59 4246 0 100 154284528 3.15735 3.15735
90 4180 0 100 121530962 3.25735 3.25735
45 4255 0 100 154243904 3.25735 3.25735
70 4217 0 100 121534676 3.35735 3.35735
88 4228 0 100 121535468 3.35735 3.35735
85 4223 0 100 154256968 3.45735 3.45735
65 4231 0 100 154266208 3.55735 3.55735
77 4244 0 100 88875084 3.65735 3.65735
49 4267 0 100 121529168 3.75735 3.75735
52 4224 0 100 154244976 3.75735 3.75735
28 4193 0 100 154251112 3.75735 3.75735
8 4171 0 100 121563110 3.95735 3.95735
12 4238 0 100 88849876 4.05735 4.05735
80 4181 0 100 88873472 4.05735 4.05735
54 4185 0 100 121558202 4.05735 4.05735
74 4252 0 100 154251408 4.05735 4.05735
21 4203 0 100 154292704 4.05735 4.05735
46 4263 0 100 154255928 4.15735 4.15735
76 4212 0 100 154292216 4.15735 4.15735
61 4243 0 100 88856584 4.25735 4.25735
87 4248 0 100 88867180 4.35735 4.35735
11 4211 0 100 154280240 4.35735 4.35735
15 4225 0 100 121570922 4.45735 4.45735
14 4176 0 100 121546718 4.65735 4.65735
63 4196 0 100 121569200 4.65735 4.65735
32 4273 0 100 154303808 4.65735 4.65735
84 4271 0 100 88858992 4.75735 4.75735
64 4233 0 100 121547678 4.75735 4.75735
31 4239 0 100 88852444 4.85735 4.85735
56 4187 0 100 88865712 4.85735 4.85735
33 4235 0 100 121564334 4.85735 4.85735
19 4247 0 100 121569050 4.85735 4.85735
16 4242 0 100 121564400 4.95735 4.95735
55 4266 0 100 88875200 5.05735 5.05735
23 4241 0 100 154253856 5.35735 5.35735
7 4268 0 100 88872644 5.45735 5.45735
41 4183 0 100 121545698 5.45735 5.45735
81 4190 0 100 154281584 5.45735 5.45735
67 4245 0 100 154302408 5.45735 5.45735
79 4172 0 100 121535798 5.55735 5.55735
9 4199 0 100 154283960 5.55735 5.55735
72 4253 0 100 56201376 5.65735 5.65735
51 4232 0 100 121557752 5.65735 5.65735
68 4177 0 100 154265360 5.65735 5.65735
4 4222 0 100 121563878 5.75735 5.75735
42 4214 0 100 154245832 5.75735 5.75735
37 4205 0 100 121556564 5.85735 5.85735
20 4251 0 100 121540094 5.95735 5.95735
83 4236 0 100 154268672 6.05735 6.05735
25 4254 0 100 154281320 6.05735 6.05735
48 4204 0 100 154304440 6.25735 6.25735
17 4275 0 100 88872640 6.35735 6.35735
44 4210 0 100 154281912 6.35735 6.35735
66 4209 0 100 88855192 6.55735 6.55735
34 4260 0 100 88864400 6.55735 6.55735
30 4277 0 100 121552754 6.55735 6.55735
75 4229 0 100 121567382 6.75735 6.75735
62 4237 0 100 88853772 6.95735 6.95735
1 4230 0 100 121542578 7.05735 7.05735
89 4219 0 100 121548680 7.05735 7.05735
53 4278 0 100 121561622 7.05735 7.05735
27 4259 0 100 88863260 7.15735 7.15735
73 4264 0 100 121574642 7.15735 7.15735
13 4257 0 100 121566338 7.35735 7.35735
82 4274 0 100 88874472 7.45735 7.45735
71 4270 0 100 154245968 7.55735 7.55735
22 4258 0 100 121557578 7.65735 7.65735
