47 3721 0 100 154261120 1.30516 1.30516
17 3722 0 100 121563188 1.40516 1.40516
12 3728 0 100 121545326 1.60516 1.60516
67 3734 0 100 121572926 1.80516 1.80516
64 3760 0 100 154270816 1.90516 1.90516
44 3756 0 100 154279128 1.90516 1.90516
23 3727 0 100 121568420 2.00516 2.00516
10 3723 0 100 88872244 2.10516 2.10516
14 3737 0 100 154264928 2.10516 2.10516
41 3743 0 100 154274488 2.30516 2.30516
15 3775 0 100 88871436 2.60516 2.60516
29 3793 0 100 88845660 2.70516 2.70516
4 3765 0 100 88867752 2.70516 2.70516
33 3754 0 100 56201310 2.90516 2.90516
7 3735 0 100 121556240 3.00516 3.00516
69 3763 0 100 154302248 3.00516 3.00516
19 3781 0 100 56198886 3.10516 3.10516
1 3761 0 100 88868580 3.10516 3.10516
5 3729 0 100 56197030 3.20516 3.20516
42 3757 0 100 121553258 3.20516 3.20516
48 3741 0 100 56206874 3.30516 3.30516
63 3731 0 100 88874320 3.30516 3.30516
28 3750 0 100 154266576 3.30516 3.30516
40 3782 0 100 121545452 3.40516 3.40516
24 3769 0 100 154248208 3.40516 3.40516
39 3783 0 100 121529000 3.50516 3.50516
32 3794 0 100 121547594 3.60516 3.60516
50 3753 0 100 121559324 3.60516 3.60516
27 3730 0 100 154258088 3.60516 3.60516
37 3744 0 100 154299560 3.70516 3.70516
25 3772 0 100 121547702 3.90516 3.90516
20 3771 0 100 88864700 4.00516 4.00516
62 3806 0 100 88870232 4.00516 4.00516
18 3798 0 100 154290104 4.00516 4.00516
34 3797 0 100 88859876 4.10516 4.10516
46 3801 0 100 88871032 4.10516 4.10516
11 3736 0 100 88855760 4.20516 4.20516
56 3725 0 100 88862584 4.20516 4.20516
45 3766 0 100 154279256 4.20516 4.20516
57 3788 0 100 88858584 4.30516 4.30516
21 3755 0 100 88874788 4.30516 4.30516
60 3738 0 100 121530290 4.40516 4.40516
51 3742 0 100 154243400 4.40516 4.40516
30 3777 0 100 154276280 4.50516 4.50516
58 3787 0 100 121530476 4.70516 4.70516
3 3802 0 100 121534520 4.80516 4.80516
38 3724 0 100 121552628 4.80516 4.80516
70 3795 0 100 121546880 4.90516 4.90516
22 3732 0 100 154275312 5.00516 5.00516
59 3803 0 100 88862740 5.10516 5.10516
9 3770 0 100 56193604 5.40516 5.40516
65 3792 0 100 88870604 5.40516 5.40516
26 3790 0 100 88864004 5.50516 5.50516
31 3748 0 100 154267640 5.60516 5.60516
6 3762 0 100 121530224 5.70516 5.70516
53 3776 0 100 154299288 5.70516 5.70516
8 3759 0 100 154254648 5.80516 5.80516
16 3779 0 100 154256008 5.90516 5.90516
36 3745 0 100 56204150 6.10516 6.10516
55 3780 0 100 154249040 6.10516 6.10516
13 3768 0 100 56202576 6.30516 6.30516
68 3809 0 100 121531826 6.30516 6.30516
61 3751 0 100 154294240 6.30516 6.30516
54 3805 0 100 88875940 6.40516 6.40516
43 3767 0 100 154295080 6.80516 6.80516
35 3789 0 100 154301912 6.80516 6.80516
2 3785 0 100 154283416 7.00516 7.00516
52 3800 0 100 121531790 7.20516 7.20516
49 3808 0 100 121562726 7.30516 7.30516
