0 3710
0 3711
0 3712
0 3713
0 3714
0 3715
0 3716
0 3717
0 3718
0 3719
0 3720
0 3726
0 3733
0 3739
47 3721
0 3740
17 3722
0 3746
0 3749
12 3728
0 3752
0 3758
67 3734
0 3764
64 3760
44 3756
0 3773
23 3727
0 3774
10 3723
14 3737
0 3778
0 3784
41 3743
0 3786
0 3791
0 3796
15 3775
0 3799
29 3793
4 3765
0 3804
0 3807
33 3754
0 3810
7 3735
69 3763
0 3811
19 3781
1 3761
0 3812
5 3729
42 3757
0 3813
48 3741
63 3731
28 3750
0 3814
40 3782
24 3769
0 3815
39 3783
0 3816
32 3794
50 3753
27 3730
0 3817
37 3744
0 3818
0 3819
25 3772
0 3820
20 3771
62 3806
18 3798
0 3821
34 3797
46 3801
0 3822
11 3736
56 3725
45 3766
0 3823
57 3788
21 3755
0 3824
60 3738
51 3742
0 3825
30 3777
0 3826
0 3827
58 3787
0 3828
3 3802
66 3747
38 3724
0 3829
70 3795
0 3830
22 3732
0 3831
59 3803
0 3832
0 3833
0 3834
9 3770
65 3792
0 3835
26 3790
0 3836
31 3748
0 3837
6 3762
53 3776
0 3838
8 3759
0 3839
16 3779
0 3840
0 3841
36 3745
55 3780
0 3842
0 3843
13 3768
68 3809
61 3751
0 3844
54 3805
0 3845
0 3846
0 3847
0 3848
43 3767
35 3789
0 3849
0 3850
2 3785
0 3851
0 3852
52 3800
0 3853
49 3808
0 3854
0 3855
0 3856
0 3857
0 3858
0 3859
0 3860
0 3861
0 3862
0 3863
0 3864
0 3865
0 3866
0 3867
0 3868
0 3869
0 3870
0 3871
0 3872
0 3873
0 3874
0 3875
0 3876
0 3877
0 3878
0 3879
0 3880
0 3881
0 3882
0 3883
0 3884
0 3885
0 3886
0 3887
0 3888
0 3889
0 3890
0 3891
0 3892
0 3893
0 3894
0 3895
0 3896
0 3897
0 3898
0 3899
0 3900
0 3901
0 3902
0 3903
0 3904
0 3905
0 3906
0 3907
0 3908
0 3909
0 3910
0 3911
0 3912
0 3913
0 3914
0 3915
0 3916
0 3917
0 3918
0 3919
0 3920
0 3921
0 3922
0 3923
0 3924
0 3925
0 3926
0 3927
0 3928
0 3929
