35 3513 0 100 56208288 1.18686 1.18686
49 3525 0 100 154284424 1.58686 1.58686
46 3519 0 100 88855256 1.68686 1.68686
16 3514 0 100 121540424 1.78686 1.78686
47 3521 0 100 121564712 1.88686 1.88686
17 3543 0 100 88863620 1.98686 1.98686
26 3510 0 100 154273040 1.98686 1.98686
9 3535 0 100 88850604 2.08686 2.08686
31 3545 0 100 56208402 2.18686 2.18686
6 3548 0 100 121543352 2.18686 2.18686
19 3550 0 100 88851156 2.38686 2.38686
52 3564 0 100 121558040 2.78686 2.78686
39 3569 0 100 154282960 2.78686 2.78686
18 3529 0 100 56200472 2.88686 2.88686
2 3576 0 100 88872488 2.98686 2.98686
12 3581 0 100 121529852 2.98686 2.98686
21 3530 0 100 121563980 2.98686 2.98686
45 3566 0 100 88861800 3.08686 3.08686
40 3540 0 100 121558694 3.08686 3.08686
7 3518 0 100 88846288 3.28686 3.28686
10 3516 0 100 88861448 3.28686 3.28686
55 3524 0 100 121542494 3.38686 3.38686
59 3532 0 100 121566866 3.38686 3.38686
15 3578 0 100 88875284 3.48686 3.48686
44 3549 0 100 154294304 3.58686 3.58686
4 3556 0 100 154266920 3.68686 3.68686
34 3553 0 100 88860332 3.78686 3.78686
50 3526 0 100 154243384 3.78686 3.78686
28 3542 0 100 121572788 3.88686 3.88686
29 3573 0 100 154265616 3.98686 3.98686
60 3584 0 100 154300264 4.18686 4.18686
30 3583 0 100 88859108 4.28686 4.28686
8 3555 0 100 121532840 4.28686 4.28686
56 3538 0 100 121529696 4.38686 4.38686
22 3551 0 100 88872996 4.48686 4.48686
13 3559 0 100 88863460 4.58686 4.58686
53 3586 0 100 56196948 4.78686 4.78686
27 3557 0 100 154290432 4.78686 4.78686
1 3541 0 100 88859468 5.08686 5.08686
54 3574 0 100 121555502 5.08686 5.08686
33 3512 0 100 121537442 5.38686 5.38686
20 3558 0 100 121562372 5.48686 5.48686
42 3580 0 100 121545326 5.68686 5.68686
51 3546 0 100 121571576 5.78686 5.78686
24 3568 0 100 88847528 5.88686 5.88686
3 3560 0 100 88853492 5.98686 5.98686
36 3575 0 100 121572602 5.98686 5.98686
11 3537 0 100 88872988 6.28686 6.28686
14 3533 0 100 154259288 6.28686 6.28686
25 3517 0 100 154275040 6.38686 6.38686
48 3563 0 100 121561202 6.48686 6.48686
57 3587 0 100 88874716 6.58686 6.58686
37 3554 0 100 121557824 6.58686 6.58686
58 3534 0 100 88859292 6.78686 6.78686
43 3536 0 100 88857212 6.88686 6.88686
23 3570 0 100 88863424 7.18686 7.18686
38 3562 0 100 154251336 7.38686 7.38686
5 3579 0 100 121571954 7.48686 7.48686
41 3577 0 100 88854500 7.58686 7.58686
32 3589 0 100 154275256 7.88686 7.88686
