8 890 0 100 32655420 1.34179 1.34179
26 904 0 100 32675778 1.64179 1.64179
23 916 0 100 32670652 2.04179 2.04179
12 898 0 100 32670120 2.44179 2.44179
29 909 0 100 32643546 2.64179 2.64179
6 923 0 100 32660722 2.64179 2.64179
18 912 0 100 32673548 2.74179 2.74179
9 903 0 100 32674096 2.84179 2.84179
19 929 0 100 32649052 2.94179 2.94179
30 894 0 100 32650312 3.04179 3.04179
21 913 0 100 32673652 3.24179 3.24179
17 926 0 100 32662664 3.44179 3.44179
20 907 0 100 32636958 3.54179 3.54179
4 892 0 100 32671810 3.54179 3.54179
22 918 0 100 32659100 3.64179 3.64179
16 925 0 100 32681696 3.84179 3.84179
2 906 0 100 32675098 3.94179 3.94179
15 932 0 100 32676660 3.94179 3.94179
25 930 0 100 32680978 4.54179 4.54179
14 927 0 100 32643432 4.74179 4.74179
7 937 0 100 32651616 4.74179 4.74179
1 899 0 100 32654362 4.94179 4.94179
3 935 0 100 32649514 5.44179 5.44179
28 897 0 100 32638154 5.54179 5.54179
5 920 0 100 32663144 5.64179 5.64179
10 896 0 100 32630046 5.64179 5.64179
11 908 0 100 32680910 5.94179 5.94179
24 934 0 100 32682192 6.24179 6.24179
27 939 0 100 32657502 7.14179 7.14179
