0 1450
0 1451
0 1452
0 1453
0 1454
0 1455
0 1456
0 1457
0 1458
0 1459
0 1463
0 1468
0 1472
0 1476
0 1480
7 1470
0 1483
0 1486
0 1490
16 1471
0 1491
52 1469
0 1497
36 1473
27 1479
11 1492
0 1501
15 1500
12 1474
0 1506
0 1511
0 1514
0 1519
31 1485
0 1520
22 1510
0 1524
26 1509
35 1466
43 1508
0 1530
41 1526
3 1488
28 1462
0 1534
0 1539
34 1512
45 1460
0 1540
47 1517
0 1541
0 1542
20 1535
0 1543
48 1487
0 1544
0 1545
23 1461
53 1496
37 1522
0 1546
56 1495
0 1547
39 1484
0 1548
0 1549
0 1550
40 1503
21 1489
0 1551
0 1552
0 1553
55 1494
0 1554
60 1513
0 1555
13 1521
29 1465
0 1556
0 1557
0 1558
0 1559
38 1515
14 1478
0 1560
57 1482
25 1499
24 1475
0 1561
0 1562
0 1563
19 1498
17 1464
0 1564
0 1565
58 1481
59 1477
50 1507
0 1566
0 1567
0 1568
51 1467
0 1569
6 1531
44 1532
0 1570
10 1538
0 1571
42 1516
0 1572
0 1573
8 1527
0 1574
32 1537
2 1518
0 1575
5 1523
30 1528
0 1576
0 1577
0 1578
9 1493
46 1505
0 1579
1 1529
0 1580
4 1536
0 1581
54 1504
18 1502
0 1582
0 1583
0 1584
0 1585
33 1533
49 1525
0 1586
0 1587
0 1588
0 1589
0 1590
0 1591
0 1592
0 1593
0 1594
0 1595
0 1596
0 1597
0 1598
0 1599
0 1600
0 1601
0 1602
0 1603
0 1604
0 1605
0 1606
0 1607
0 1608
0 1609
0 1610
0 1611
0 1612
0 1613
0 1614
0 1615
0 1616
0 1617
0 1618
0 1619
0 1620
0 1621
0 1622
0 1623
0 1624
0 1625
0 1626
0 1627
0 1628
0 1629
0 1630
0 1631
0 1632
0 1633
0 1634
0 1635
0 1636
0 1637
0 1638
0 1639
0 1640
0 1641
0 1642
0 1643
0 1644
0 1645
0 1646
0 1647
0 1648
0 1649
0 1650
0 1651
0 1652
0 1653
0 1654
0 1655
0 1656
0 1657
0 1658
0 1659
