45 1460 1.03474
23 1461 1.06507
28 1462 1.06906
17 1464 1.07662
29 1465 1.12909
35 1466 1.13217
51 1467 1.16329
52 1469 1.18278
7 1470 1.21641
16 1471 1.24325
36 1473 1.27711
12 1474 1.32248
24 1475 1.34653
59 1477 1.38905
14 1478 1.42575
27 1479 1.44944
58 1481 1.49567
57 1482 1.5019
39 1484 1.63297
31 1485 1.65518
48 1487 1.69448
3 1488 1.69719
21 1489 1.71598
11 1492 1.87883
9 1493 1.87933
55 1494 1.89555
56 1495 1.89879
53 1496 1.92283
19 1498 1.99622
25 1499 2.02837
15 1500 2.05512
18 1502 2.07923
40 1503 2.13406
54 1504 2.13531
46 1505 2.14742
50 1507 2.18727
43 1508 2.19984
26 1509 2.21745
22 1510 2.24464
34 1512 2.36427
60 1513 2.37152
38 1515 2.37886
42 1516 2.41821
47 1517 2.44455
2 1518 2.45286
13 1521 2.59293
37 1522 2.62011
5 1523 2.62933
49 1525 2.69834
41 1526 2.70373
8 1527 2.71616
30 1528 2.77049
1 1529 2.77359
6 1531 2.78802
44 1532 2.82805
33 1533 2.87007
20 1535 2.89058
4 1536 2.91325
32 1537 2.93625
10 1538 2.94334
