7 0.8 0.016 0.784
7 0.784 0.16 0.624
16 0.8 0.016 0.784
16 0.784 0.16 0.624
52 0.8 0.16 0.64
52 0.712553 0.016 0.696553
52 0.696553 0.16 0.536553
27 0.8 0.16 0.64
36 0.8 0.16 0.64
11 0.8 0.016 0.784
27 0.711595 0.016 0.695595
36 0.711595 0.016 0.695595
36 0.695595 0.16 0.535595
27 0.695595 0.16 0.535595
11 0.784 0.16 0.624
12 0.8 0.16 0.64
12 0.64 0.16 0.48
12 0.553459 0.016 0.537459
15 0.8 0.016 0.784
15 0.784 0.16 0.624
12 0.537459 0.16 0.377459
31 0.8 0.016 0.784
31 0.784 0.16 0.624
22 0.8 0.016 0.784
22 0.784 0.16 0.624
26 0.8 0.16 0.64
35 0.8 0.16 0.64
43 0.8 0.16 0.64
26 0.711748 0.016 0.695748
35 0.718612 0.016 0.702612
43 0.716751 0.016 0.700751
26 0.695748 0.16 0.535748
35 0.702612 0.16 0.542612
43 0.700751 0.16 0.540751
3 0.8 0.16 0.64
28 0.8 0.16 0.64
28 0.64 0.16 0.48
28 0.48 0.16 0.32
3 0.712597 0.016 0.696597
28 0.396448 0.016 0.380448
41 0.8 0.016 0.784
41 0.784 0.16 0.624
3 0.696597 0.16 0.536597
28 0.380448 0.16 0.220448
34 0.8 0.016 0.784
45 0.8 0.016 0.784
34 0.784 0.16 0.624
45 0.784 0.16 0.624
47 0.8 0.16 0.64
47 0.64 0.16 0.48
47 0.552103 0.016 0.536103
47 0.536103 0.16 0.376103
20 0.8 0.016 0.784
20 0.784 0.16 0.624
48 0.8 0.16 0.64
48 0.717639 0.016 0.701639
48 0.701639 0.16 0.541639
23 0.8 0.016 0.784
37 0.8 0.016 0.784
53 0.8 0.016 0.784
23 0.784 0.16 0.624
53 0.784 0.16 0.624
37 0.784 0.16 0.624
56 0.8 0.16 0.64
56 0.714332 0.016 0.698332
56 0.698332 0.16 0.538332
39 0.8 0.16 0.64
39 0.712331 0.016 0.696331
39 0.696331 0.16 0.536331
21 0.8 0.016 0.784
40 0.8 0.016 0.784
40 0.784 0.16 0.624
21 0.784 0.16 0.624
55 0.8 0.016 0.784
55 0.784 0.16 0.624
60 0.8 0.16 0.64
60 0.718083 0.016 0.702083
60 0.702083 0.16 0.542083
13 0.8 0.016 0.784
29 0.8 0.016 0.784
13 0.784 0.16 0.624
29 0.784 0.16 0.624
14 0.8 0.016 0.784
38 0.8 0.016 0.784
38 0.784 0.16 0.624
14 0.784 0.16 0.624
24 0.8 0.16 0.64
25 0.8 0.16 0.64
57 0.8 0.16 0.64
24 0.64 0.16 0.48
25 0.64 0.16 0.48
57 0.64 0.16 0.48
24 0.558223 0.016 0.542223
25 0.550453 0.016 0.534453
57 0.556479 0.016 0.540479
57 0.540479 0.16 0.380479
25 0.534453 0.16 0.374453
24 0.542223 0.16 0.382223
17 0.8 0.016 0.784
19 0.8 0.016 0.784
19 0.784 0.16 0.624
17 0.784 0.16 0.624
50 0.8 0.016 0.784
58 0.8 0.016 0.784
59 0.8 0.016 0.784
58 0.784 0.16 0.624
59 0.784 0.16 0.624
50 0.784 0.16 0.624
51 0.8 0.016 0.784
51 0.784 0.16 0.624
6 0.8 0.16 0.64
44 0.8 0.16 0.64
6 0.718971 0.016 0.702971
44 0.716405 0.016 0.700405
6 0.702971 0.16 0.542971
44 0.700405 0.16 0.540405
10 0.8 0.16 0.64
10 0.71135 0.016 0.69535
10 0.69535 0.16 0.53535
42 0.8 0.16 0.64
42 0.71338 0.016 0.69738
42 0.69738 0.16 0.53738
8 0.8 0.016 0.784
8 0.784 0.16 0.624
2 0.8 0.16 0.64
32 0.8 0.16 0.64
2 0.717744 0.016 0.701744
32 0.711974 0.016 0.695974
32 0.695974 0.16 0.535974
2 0.701744 0.16 0.541744
5 0.8 0.16 0.64
5 0.64 0.16 0.48
5 0.55036 0.016 0.53436
30 0.8 0.016 0.784
5 0.53436 0.16 0.37436
30 0.784 0.16 0.624
9 0.8 0.016 0.784
46 0.8 0.016 0.784
9 0.784 0.16 0.624
46 0.784 0.16 0.624
1 0.8 0.16 0.64
1 0.710436 0.016 0.694436
1 0.694436 0.16 0.534436
4 0.8 0.016 0.784
4 0.784 0.16 0.624
18 0.8 0.16 0.64
54 0.8 0.16 0.64
18 0.717952 0.016 0.701952
54 0.714533 0.016 0.698533
54 0.698533 0.16 0.538533
18 0.701952 0.16 0.541952
33 0.8 0.016 0.784
49 0.8 0.016 0.784
33 0.784 0.16 0.624
49 0.784 0.16 0.624
