0 1880
0 1881
0 1882
0 1883
0 1884
0 1885
0 1886
0 1887
0 1888
0 1889
0 1890
0 1897
0 1904
0 1912
31 1909
0 1918
53 1900
0 1923
57 1916
0 1930
0 1936
28 1902
0 1941
58 1929
0 1944
9 1920
0 1952
55 1945
67 1946
0 1958
1 1905
51 1957
63 1927
19 1938
0 1963
26 1961
43 1933
35 1943
0 1966
21 1903
70 1926
0 1970
12 1908
0 1972
71 1934
0 1975
22 1953
60 1898
0 1979
0 1981
7 1891
27 1892
69 1899
0 1984
32 1906
0 1990
8 1922
79 1901
0 1991
15 1955
3 1921
0 1992
0 1993
45 1971
0 1994
0 1995
50 1919
0 1996
0 1997
24 1928
33 1896
44 1917
0 1998
75 1924
38 1983
0 1999
39 1895
68 1937
0 2000
64 1978
0 2001
0 2002
40 1948
0 2003
36 1988
0 2004
0 2005
0 2006
37 1925
54 1940
0 2007
56 1960
0 2008
14 1893
0 2009
59 1959
0 2010
74 1980
0 2011
0 2012
0 2013
78 1932
0 2014
66 1949
0 2015
48 1914
77 1947
0 2016
30 1973
73 1911
0 2017
61 1951
0 2018
0 2019
49 1910
0 2020
11 1907
16 1956
0 2021
17 1915
23 1894
65 1962
29 1931
0 2022
72 1913
80 1974
62 1935
0 2023
13 1954
18 1939
0 2024
47 1942
46 1986
0 2025
25 1968
20 1967
52 1965
0 2026
0 2027
42 1982
0 2028
34 1969
2 1964
41 1950
0 2029
6 1977
0 2030
0 2031
5 1987
0 2032
4 1976
0 2033
10 1985
0 2034
0 2035
0 2036
0 2037
0 2038
0 2039
0 2040
0 2041
76 1989
0 2042
0 2043
0 2044
0 2045
0 2046
0 2047
0 2048
0 2049
0 2050
0 2051
0 2052
0 2053
0 2054
0 2055
0 2056
0 2057
0 2058
0 2059
0 2060
0 2061
0 2062
0 2063
0 2064
0 2065
0 2066
0 2067
0 2068
0 2069
0 2070
0 2071
0 2072
0 2073
0 2074
0 2075
0 2076
0 2077
0 2078
0 2079
0 2080
0 2081
0 2082
0 2083
0 2084
0 2085
0 2086
0 2087
0 2088
0 2089
0 2090
0 2091
0 2092
0 2093
0 2094
0 2095
0 2096
0 2097
0 2098
0 2099
0 2100
0 2101
0 2102
0 2103
0 2104
0 2105
0 2106
0 2107
0 2108
0 2109
