30 1090 0 100 32668182 1.7344 1.7344
15 1094 0 100 32638302 1.9344 1.9344
13 1093 0 100 32658418 2.0344 2.0344
27 1081 0 100 32644690 2.5344 2.5344
1 1112 0 100 32648240 2.5344 2.5344
37 1072 0 100 32637166 2.5344 2.5344
29 1113 0 100 32663834 2.7344 2.7344
25 1083 0 100 32646038 3.1344 3.1344
28 1088 0 100 32628892 3.3344 3.3344
39 1110 0 100 32664206 3.6344 3.6344
18 1121 0 100 32679414 3.7344 3.7344
35 1096 0 100 32671568 3.8344 3.8344
6 1114 0 100 32660948 3.8344 3.8344
17 1074 0 100 32631620 3.9344 3.9344
32 1109 0 100 32651920 4.0344 4.0344
24 1079 0 100 32671164 4.1344 4.1344
23 1122 0 100 32656860 4.3344 4.3344
38 1085 0 100 32675820 4.4344 4.4344
12 1102 0 100 32655372 4.7344 4.7344
22 1078 0 100 32668666 4.8344 4.8344
4 1111 0 100 32658626 4.8344 4.8344
40 1125 0 100 32659940 4.8344 4.8344
19 1075 0 100 32648222 4.8344 4.8344
14 1101 0 100 32660834 5.0344 5.0344
20 1105 0 100 32643968 5.0344 5.0344
7 1107 0 100 32652508 5.3344 5.3344
36 1099 0 100 32682168 5.5344 5.5344
2 1080 0 100 32630530 5.5344 5.5344
10 1127 0 100 32678302 5.6344 5.6344
26 1128 0 100 32630452 5.6344 5.6344
3 1117 0 100 32645980 5.8344 5.8344
11 1089 0 100 32672388 5.8344 5.8344
33 1118 0 100 32649206 5.9344 5.9344
34 1119 0 100 32680300 6.1344 6.1344
16 1103 0 100 32631834 6.4344 6.4344
5 1098 0 100 32649004 6.8344 6.8344
31 1108 0 100 32643524 7.3344 7.3344
9 1129 0 100 32656702 8.0344 8.0344
