0 1250
0 1251
0 1252
0 1253
0 1254
0 1255
0 1256
0 1257
0 1258
0 1259
0 1261
0 1264
0 1265
0 1270
0 1274
17 1273
0 1279
5 1262
0 1280
0 1285
47 1269
21 1282
0 1290
16 1263
0 1293
0 1295
1 1281
0 1298
0 1302
0 1305
0 1310
0 1317
2 1316
0 1320
42 1289
0 1323
8 1311
0 1326
38 1271
0 1329
45 1294
0 1330
0 1331
22 1272
36 1300
34 1267
0 1332
46 1284
35 1288
0 1333
30 1275
0 1334
3 1304
0 1335
13 1322
0 1336
0 1337
48 1319
0 1338
14 1312
0 1339
43 1314
0 1340
0 1341
0 1342
41 1301
24 1313
0 1343
0 1344
26 1292
0 1345
0 1346
0 1347
0 1348
32 1276
0 1349
40 1277
0 1350
0 1351
0 1352
0 1353
0 1354
6 1268
0 1355
39 1309
0 1356
44 1260
7 1283
0 1357
20 1278
23 1291
0 1358
0 1359
50 1287
11 1266
0 1360
29 1318
49 1286
0 1361
27 1296
0 1362
0 1363
0 1364
28 1315
12 1321
0 1365
0 1366
37 1328
25 1299
0 1367
0 1368
0 1369
10 1324
19 1327
31 1308
0 1370
18 1303
0 1371
33 1306
4 1307
9 1297
0 1372
0 1373
0 1374
0 1375
0 1376
0 1377
0 1378
15 1325
0 1379
0 1380
0 1381
0 1382
0 1383
0 1384
0 1385
0 1386
0 1387
0 1388
0 1389
0 1390
0 1391
0 1392
0 1393
0 1394
0 1395
0 1396
0 1397
0 1398
0 1399
0 1400
0 1401
0 1402
0 1403
0 1404
0 1405
0 1406
0 1407
0 1408
0 1409
0 1410
0 1411
0 1412
0 1413
0 1414
0 1415
0 1416
0 1417
0 1418
0 1419
0 1420
0 1421
0 1422
0 1423
0 1424
0 1425
0 1426
0 1427
0 1428
0 1429
0 1430
0 1431
0 1432
0 1433
0 1434
0 1435
0 1436
0 1437
0 1438
0 1439
0 1440
0 1441
0 1442
0 1443
0 1444
0 1445
0 1446
0 1447
0 1448
0 1449
