78 2120 1.01505
48 2121 1.0521
67 2122 1.0593
24 2124 1.09636
87 2125 1.09763
36 2126 1.11347
7 2127 1.11937
60 2128 1.12586
34 2129 1.14598
74 2130 1.15898
80 2132 1.16404
61 2134 1.27514
51 2135 1.30399
4 2136 1.34516
27 2138 1.36786
26 2139 1.39016
56 2140 1.39236
46 2141 1.41493
42 2143 1.47917
17 2144 1.48338
23 2145 1.49843
50 2146 1.50079
52 2147 1.52603
25 2148 1.54055
70 2149 1.55551
84 2151 1.60352
73 2152 1.62364
62 2153 1.63085
89 2154 1.64378
32 2155 1.65311
10 2157 1.70566
64 2158 1.73714
20 2160 1.76802
90 2161 1.77021
57 2162 1.81514
69 2163 1.81529
12 2164 1.81952
79 2165 1.8415
83 2167 1.87197
68 2168 1.87826
41 2169 1.87874
77 2170 1.88174
40 2171 1.89274
14 2172 1.91714
9 2173 1.9451
29 2175 1.97262
49 2176 1.98429
76 2177 1.99661
13 2178 2.01239
15 2179 2.02071
59 2180 2.03722
75 2182 2.15834
88 2184 2.17311
35 2185 2.18159
86 2186 2.19622
37 2187 2.19752
18 2189 2.32509
39 2190 2.32547
11 2191 2.34993
71 2193 2.37326
47 2194 2.38043
30 2195 2.38527
5 2196 2.39074
66 2197 2.42644
6 2198 2.44853
54 2199 2.45439
45 2201 2.53037
58 2202 2.55326
28 2203 2.55347
33 2205 2.59425
82 2206 2.60654
3 2207 2.61338
2 2208 2.61417
53 2210 2.67184
31 2211 2.67575
21 2212 2.67682
38 2213 2.69928
72 2214 2.7202
55 2215 2.74887
65 2217 2.76837
63 2218 2.79265
19 2219 2.83052
8 2220 2.84556
44 2221 2.85647
22 2223 2.86452
1 2224 2.87959
43 2225 2.89385
16 2226 2.92648
85 2228 2.98469
81 2229 2.99815
