92 0.8 0.016 0.784
92 0.784 0.16 0.624
30 0.8 0.016 0.784
58 0.8 0.016 0.784
30 0.784 0.16 0.624
58 0.784 0.16 0.624
1 0.8 0.016 0.784
1 0.784 0.16 0.624
27 0.8 0.016 0.784
27 0.784 0.16 0.624
64 0.8 0.16 0.64
76 0.8 0.16 0.64
64 0.718467 0.016 0.702467
76 0.716623 0.016 0.700623
64 0.702467 0.16 0.542467
76 0.700623 0.16 0.540623
46 0.8 0.016 0.784
46 0.784 0.16 0.624
7 0.8 0.016 0.784
9 0.8 0.016 0.784
9 0.784 0.16 0.624
7 0.784 0.16 0.624
75 0.8 0.16 0.64
81 0.8 0.16 0.64
81 0.64 0.16 0.48
81 0.556035 0.016 0.540035
81 0.540035 0.16 0.380035
75 0.716583 0.16 0.556583
45 0.8 0.016 0.784
75 0.629349 0.016 0.613349
99 0.8 0.016 0.784
45 0.784 0.16 0.624
99 0.784 0.16 0.624
75 0.613349 0.16 0.453349
73 0.8 0.16 0.64
84 0.8 0.16 0.64
90 0.8 0.16 0.64
73 0.64 0.16 0.48
84 0.64 0.16 0.48
90 0.64 0.16 0.48
73 0.48 0.16 0.32
73 0.399388 0.016 0.383388
84 0.559671 0.016 0.543671
90 0.550628 0.016 0.534628
84 0.543671 0.16 0.383671
90 0.534628 0.16 0.374628
73 0.383388 0.16 0.223388
4 0.8 0.16 0.64
63 0.8 0.16 0.64
85 0.8 0.16 0.64
85 0.64 0.16 0.48
4 0.71329 0.016 0.69729
63 0.717638 0.016 0.701638
85 0.557412 0.016 0.541412
4 0.69729 0.16 0.53729
63 0.701638 0.16 0.541638
85 0.541412 0.16 0.381412
41 0.8 0.16 0.64
44 0.8 0.16 0.64
41 0.64 0.16 0.48
44 0.64 0.16 0.48
41 0.48 0.16 0.32
44 0.48 0.16 0.32
41 0.395176 0.016 0.379176
44 0.392635 0.016 0.376635
41 0.379176 0.16 0.219176
44 0.376635 0.16 0.216635
37 0.8 0.16 0.64
17 0.8 0.016 0.784
23 0.8 0.016 0.784
37 0.712027 0.016 0.696027
23 0.784 0.16 0.624
17 0.784 0.16 0.624
37 0.696027 0.16 0.536027
91 0.8 0.16 0.64
80 0.8 0.16 0.64
91 0.64 0.16 0.48
32 0.8 0.016 0.784
39 0.8 0.016 0.784
80 0.718091 0.016 0.702091
91 0.553985 0.016 0.537985
32 0.784 0.16 0.624
91 0.537985 0.16 0.377985
39 0.784 0.16 0.624
80 0.702091 0.16 0.542091
59 0.8 0.16 0.64
59 0.64 0.16 0.48
59 0.556499 0.016 0.540499
59 0.540499 0.16 0.380499
97 0.8 0.16 0.64
97 0.718978 0.016 0.702978
97 0.702978 0.16 0.542978
43 0.8 0.16 0.64
87 0.8 0.16 0.64
43 0.717964 0.016 0.701964
87 0.718437 0.016 0.702437
43 0.701964 0.16 0.541964
87 0.702437 0.16 0.542437
86 0.8 0.016 0.784
86 0.784 0.16 0.624
15 0.8 0.16 0.64
15 0.717146 0.016 0.701146
47 0.8 0.016 0.784
47 0.784 0.16 0.624
15 0.701146 0.16 0.541146
16 0.8 0.16 0.64
62 0.8 0.16 0.64
16 0.719904 0.016 0.703904
62 0.717197 0.016 0.701197
16 0.703904 0.16 0.543904
62 0.701197 0.16 0.541197
5 0.8 0.16 0.64
11 0.8 0.16 0.64
28 0.8 0.16 0.64
5 0.710789 0.016 0.694789
11 0.718438 0.016 0.702438
28 0.716562 0.016 0.700562
70 0.8 0.016 0.784
70 0.784 0.16 0.624
5 0.694789 0.16 0.534789
11 0.702438 0.16 0.542438
28 0.700562 0.16 0.540562
22 0.8 0.16 0.64
22 0.64 0.16 0.48
22 0.48 0.16 0.32
22 0.396865 0.016 0.380865
22 0.380865 0.16 0.220865
57 0.8 0.16 0.64
6 0.8 0.016 0.784
26 0.8 0.016 0.784
57 0.718644 0.016 0.702644
57 0.702644 0.16 0.542644
26 0.784 0.16 0.624
6 0.784 0.16 0.624
66 0.8 0.16 0.64
66 0.64 0.16 0.48
66 0.48 0.16 0.32
66 0.396159 0.016 0.380159
66 0.380159 0.16 0.220159
2 0.8 0.16 0.64
2 0.717408 0.016 0.701408
54 0.8 0.016 0.784
2 0.701408 0.16 0.541408
54 0.784 0.16 0.624
29 0.8 0.16 0.64
38 0.8 0.16 0.64
29 0.7148 0.016 0.6988
38 0.714387 0.016 0.698387
96 0.8 0.016 0.784
38 0.698387 0.16 0.538387
29 0.6988 0.16 0.5388
96 0.784 0.16 0.624
68 0.8 0.016 0.784
78 0.8 0.016 0.784
68 0.784 0.16 0.624
78 0.784 0.16 0.624
36 0.8 0.16 0.64
36 0.64 0.16 0.48
36 0.552185 0.016 0.536185
36 0.536185 0.16 0.376185
67 0.8 0.16 0.64
67 0.715267 0.016 0.699267
82 0.8 0.016 0.784
67 0.699267 0.16 0.539267
82 0.784 0.16 0.624
55 0.8 0.16 0.64
55 0.710702 0.016 0.694702
55 0.694702 0.16 0.534702
42 0.8 0.16 0.64
50 0.8 0.16 0.64
94 0.8 0.16 0.64
42 0.716753 0.016 0.700753
50 0.710844 0.016 0.694844
94 0.712915 0.016 0.696915
42 0.700753 0.16 0.540753
50 0.694844 0.16 0.534844
94 0.696915 0.16 0.536915
10 0.8 0.16 0.64
25 0.8 0.16 0.64
53 0.8 0.16 0.64
79 0.8 0.16 0.64
10 0.64 0.16 0.48
25 0.64 0.16 0.48
10 0.48 0.16 0.32
25 0.48 0.16 0.32
10 0.397545 0.016 0.381545
25 0.390397 0.016 0.374397
79 0.71206 0.016 0.69606
79 0.69606 0.16 0.53606
25 0.374397 0.16 0.214397
10 0.381545 0.16 0.221545
14 0.8 0.16 0.64
53 0.714011 0.16 0.554011
77 0.8 0.16 0.64
53 0.554011 0.16 0.394011
77 0.64 0.16 0.48
53 0.394011 0.16 0.234011
77 0.48 0.16 0.32
14 0.713297 0.016 0.697297
53 0.311679 0.016 0.295679
77 0.39573 0.016 0.37973
53 0.295679 0.16 0.135679
77 0.37973 0.16 0.21973
14 0.697297 0.16 0.537297
13 0.8 0.16 0.64
83 0.8 0.16 0.64
13 0.64 0.16 0.48
49 0.8 0.16 0.64
72 0.8 0.16 0.64
83 0.64 0.16 0.48
13 0.559467 0.016 0.543467
49 0.712352 0.016 0.696352
72 0.712535 0.016 0.696535
83 0.554934 0.016 0.538934
83 0.538934 0.16 0.378934
72 0.696535 0.16 0.536535
13 0.543467 0.16 0.383467
49 0.696352 0.16 0.536352
56 0.8 0.016 0.784
95 0.8 0.016 0.784
95 0.784 0.16 0.624
56 0.784 0.16 0.624
65 0.8 0.016 0.784
65 0.784 0.16 0.624
61 0.8 0.16 0.64
100 0.8 0.16 0.64
18 0.8 0.016 0.784
20 0.8 0.016 0.784
61 0.714679 0.016 0.698679
100 0.717176 0.016 0.701176
18 0.784 0.16 0.624
20 0.784 0.16 0.624
100 0.701176 0.16 0.541176
61 0.698679 0.16 0.538679
12 0.8 0.16 0.64
51 0.8 0.16 0.64
12 0.64 0.16 0.48
51 0.64 0.16 0.48
12 0.48 0.16 0.32
51 0.48 0.16 0.32
12 0.39534 0.016 0.37934
51 0.399991 0.016 0.383991
12 0.37934 0.16 0.21934
51 0.383991 0.16 0.223991
93 0.8 0.016 0.784
93 0.784 0.16 0.624
35 0.8 0.16 0.64
89 0.8 0.16 0.64
35 0.710821 0.016 0.694821
89 0.711635 0.016 0.695635
35 0.694821 0.16 0.534821
89 0.695635 0.16 0.535635
60 0.8 0.016 0.784
74 0.8 0.016 0.784
60 0.784 0.16 0.624
74 0.784 0.16 0.624
19 0.8 0.16 0.64
19 0.717002 0.016 0.701002
19 0.701002 0.16 0.541002
40 0.8 0.016 0.784
40 0.784 0.16 0.624
21 0.8 0.16 0.64
21 0.787862 0.016 0.771862
69 0.8 0.016 0.784
69 0.784 0.16 0.624
21 0.771862 0.16 0.611862
24 0.8 0.16 0.64
98 0.8 0.16 0.64
24 0.64 0.16 0.48
98 0.64 0.16 0.48
24 0.55104 0.016 0.53504
98 0.558299 0.016 0.542299
98 0.542299 0.16 0.382299
24 0.53504 0.16 0.37504
33 0.8 0.016 0.784
34 0.8 0.016 0.784
52 0.8 0.016 0.784
88 0.8 0.016 0.784
88 0.784 0.16 0.624
34 0.784 0.16 0.624
52 0.784 0.16 0.624
33 0.784 0.16 0.624
31 0.8 0.16 0.64
31 0.64 0.16 0.48
31 0.48 0.16 0.32
31 0.32 0.16 0.16
3 0.8 0.016 0.784
31 0.232393 0.016 0.216393
3 0.784 0.16 0.624
31 0.216393 0.16 0.0563928
48 0.8 0.16 0.64
48 0.789963 0.016 0.773963
48 0.773963 0.16 0.613963
8 0.8 0.016 0.784
8 0.784 0.16 0.624
71 0.8 0.16 0.64
71 0.716506 0.016 0.700506
71 0.700506 0.16 0.540506
