17 1273 0 100 32679632 1.48952 1.48952
5 1262 0 100 32653036 1.58952 1.58952
47 1269 0 100 32661660 1.78952 1.78952
21 1282 0 100 32654224 1.78952 1.78952
16 1263 0 100 32672324 1.88952 1.88952
1 1281 0 100 32660516 2.08952 2.08952
2 1316 0 100 32676042 2.58952 2.58952
42 1289 0 100 32627394 2.68952 2.68952
8 1311 0 100 32679164 2.78952 2.78952
38 1271 0 100 32646204 2.88952 2.88952
45 1294 0 100 32682850 2.98952 2.98952
36 1300 0 100 32655548 3.18952 3.18952
34 1267 0 100 32655616 3.18952 3.18952
46 1284 0 100 32675270 3.28952 3.28952
35 1288 0 100 32643548 3.28952 3.28952
30 1275 0 100 32669894 3.38952 3.38952
3 1304 0 100 32644118 3.48952 3.48952
13 1322 0 100 32646006 3.58952 3.58952
48 1319 0 100 32661730 3.78952 3.78952
14 1312 0 100 32653078 3.88952 3.88952
43 1314 0 100 32676568 3.98952 3.98952
41 1301 0 100 32682790 4.28952 4.28952
24 1313 0 100 32681270 4.28952 4.28952
26 1292 0 100 32664696 4.48952 4.48952
32 1276 0 100 32671950 4.88952 4.88952
40 1277 0 100 32624748 4.98952 4.98952
6 1268 0 100 32681136 5.48952 5.48952
39 1309 0 100 32654788 5.58952 5.58952
44 1260 0 100 32656442 5.68952 5.68952
7 1283 0 100 32660472 5.68952 5.68952
23 1291 0 100 32674062 5.78952 5.78952
50 1287 0 100 32673476 5.98952 5.98952
11 1266 0 100 32675672 5.98952 5.98952
29 1318 0 100 32640190 6.08952 6.08952
49 1286 0 100 32657992 6.08952 6.08952
27 1296 0 100 32651756 6.18952 6.18952
28 1315 0 100 32672026 6.48952 6.48952
12 1321 0 100 32646344 6.48952 6.48952
37 1328 0 100 32643332 6.68952 6.68952
25 1299 0 100 32678958 6.68952 6.68952
10 1324 0 100 32675086 6.98952 6.98952
19 1327 0 100 32643442 6.98952 6.98952
31 1308 0 100 32660654 6.98952 6.98952
18 1303 0 100 32673100 7.08952 7.08952
33 1306 0 100 32646180 7.18952 7.18952
4 1307 0 100 32670034 7.18952 7.18952
9 1297 0 100 32646024 7.18952 7.18952
15 1325 0 100 32666762 7.88952 7.88952
