8 0.8 0.016 0.784
8 0.784 0.16 0.624
26 0.8 0.016 0.784
26 0.784 0.16 0.624
23 0.8 0.016 0.784
23 0.784 0.16 0.624
12 0.8 0.016 0.784
12 0.784 0.16 0.624
6 0.8 0.016 0.784
29 0.8 0.016 0.784
29 0.784 0.16 0.624
6 0.784 0.16 0.624
18 0.8 0.16 0.64
18 0.711435 0.016 0.695435
18 0.695435 0.16 0.535435
9 0.8 0.16 0.64
9 0.716348 0.016 0.700348
9 0.700348 0.16 0.540348
19 0.8 0.16 0.64
19 0.719107 0.016 0.703107
19 0.703107 0.16 0.543107
30 0.8 0.16 0.64
30 0.716016 0.016 0.700016
30 0.700016 0.16 0.540016
21 0.8 0.016 0.784
21 0.784 0.16 0.624
17 0.8 0.016 0.784
17 0.784 0.16 0.624
4 0.8 0.16 0.64
20 0.8 0.16 0.64
4 0.714568 0.016 0.698568
20 0.719495 0.016 0.703495
20 0.703495 0.16 0.543495
4 0.698568 0.16 0.538568
22 0.8 0.16 0.64
13 0.8 0.016 0.784
22 0.71541 0.016 0.69941
13 0.784 0.16 0.624
22 0.69941 0.16 0.53941
16 0.8 0.016 0.784
16 0.784 0.16 0.624
2 0.8 0.16 0.64
15 0.8 0.16 0.64
2 0.715477 0.016 0.699477
15 0.716366 0.016 0.700366
2 0.699477 0.16 0.539477
15 0.700366 0.16 0.540366
25 0.8 0.016 0.784
25 0.784 0.16 0.624
14 0.8 0.16 0.64
7 0.8 0.016 0.784
14 0.790618 0.016 0.774618
14 0.774618 0.16 0.614618
7 0.784 0.16 0.624
1 0.8 0.016 0.784
1 0.784 0.16 0.624
3 0.8 0.016 0.784
3 0.784 0.16 0.624
28 0.8 0.016 0.784
28 0.784 0.16 0.624
5 0.8 0.16 0.64
10 0.8 0.16 0.64
5 0.717575 0.016 0.701575
10 0.710308 0.016 0.694308
5 0.701575 0.16 0.541575
10 0.694308 0.16 0.534308
11 0.8 0.016 0.784
11 0.784 0.16 0.624
24 0.8 0.016 0.784
24 0.784 0.16 0.624
27 0.8 0.016 0.784
27 0.784 0.16 0.624
