92 2369 0 100 32675826 1.26406 1.26406
30 2367 0 100 32639820 1.46406 1.46406
58 2388 0 100 32657424 1.46406 1.46406
1 2370 0 100 32660720 1.56406 1.56406
27 2397 0 100 32675064 1.66406 1.66406
64 2360 0 100 32666386 1.76406 1.76406
76 2385 0 100 32660154 1.76406 1.76406
46 2422 0 100 32655266 2.06406 2.06406
9 2368 0 100 32681052 2.16406 2.16406
7 2380 0 100 32661270 2.16406 2.16406
81 2395 0 100 32665938 2.26406 2.26406
45 2389 0 100 32678712 2.36406 2.36406
99 2437 0 100 32680028 2.36406 2.36406
75 2361 0 100 32634784 2.36406 2.36406
90 2383 0 100 32658604 2.46406 2.46406
73 2384 0 100 32642328 2.46406 2.46406
4 2444 0 100 32670110 2.56406 2.56406
63 2419 0 100 32668088 2.56406 2.56406
85 2408 0 100 32646748 2.56406 2.56406
44 2443 0 100 32652474 2.66406 2.66406
23 2468 0 100 32647152 2.76406 2.76406
17 2466 0 100 32641484 2.76406 2.76406
37 2392 0 100 32643306 2.76406 2.76406
91 2436 0 100 32642654 2.86406 2.86406
80 2363 0 100 32638790 2.86406 2.86406
59 2432 0 100 32635628 2.96406 2.96406
97 2467 0 100 32631960 3.06406 3.06406
87 2441 0 100 32642320 3.16406 3.16406
86 2401 0 100 32669942 3.26406 3.26406
47 2472 0 100 32658030 3.36406 3.36406
15 2428 0 100 32623536 3.36406 3.36406
62 2413 0 100 32665152 3.46406 3.46406
70 2434 0 100 32680840 3.56406 3.56406
11 2446 0 100 32644936 3.56406 3.56406
28 2463 0 100 32641572 3.56406 3.56406
22 2464 0 100 32646266 3.66406 3.66406
57 2424 0 100 32656318 3.76406 3.76406
26 2373 0 100 32663992 3.76406 3.76406
6 2460 0 100 32669636 3.76406 3.76406
66 2404 0 100 32648112 3.86406 3.86406
54 2400 0 100 32677546 3.96406 3.96406
38 2412 0 100 32668362 4.06406 4.06406
29 2364 0 100 32666798 4.06406 4.06406
96 2455 0 100 32674220 4.06406 4.06406
68 2393 0 100 32661272 4.26406 4.26406
78 2417 0 100 32665770 4.26406 4.26406
36 2426 0 100 32657128 4.36406 4.36406
67 2474 0 100 32641206 4.46406 4.46406
82 2387 0 100 32675092 4.46406 4.46406
55 2459 0 100 32668508 4.56406 4.56406
42 2447 0 100 32667028 4.66406 4.66406
50 2382 0 100 32629386 4.66406 4.66406
94 2394 0 100 32645830 4.66406 4.66406
79 2420 0 100 32675028 4.76406 4.76406
25 2399 0 100 32641872 4.76406 4.76406
10 2456 0 100 32638678 4.76406 4.76406
53 2372 0 100 32657382 4.86406 4.86406
77 2470 0 100 32636110 4.86406 4.86406
14 2365 0 100 32654750 4.86406 4.86406
83 2377 0 100 32638344 4.96406 4.96406
72 2386 0 100 32661480 4.96406 4.96406
49 2475 0 100 32657648 4.96406 4.96406
95 2465 0 100 32671974 5.36406 5.36406
56 2431 0 100 32645452 5.36406 5.36406
65 2379 0 100 32633230 5.66406 5.66406
18 2402 0 100 32662588 5.76406 5.76406
100 2423 0 100 32649472 5.76406 5.76406
61 2461 0 100 32642378 5.76406 5.76406
51 2409 0 100 32637424 5.86406 5.86406
93 2439 0 100 32670184 5.96406 5.96406
89 2440 0 100 32670332 6.06406 6.06406
60 2407 0 100 32636036 6.26406 6.26406
74 2415 0 100 32669032 6.26406 6.26406
19 2421 0 100 32661166 6.36406 6.36406
40 2449 0 100 32676898 6.46406 6.46406
69 2410 0 100 32654808 6.66406 6.66406
21 2476 0 100 32638890 6.66406 6.66406
98 2430 0 100 32650466 6.76406 6.76406
24 2452 0 100 32652746 6.76406 6.76406
88 2425 0 100 32650624 6.96406 6.96406
34 2414 0 100 32664274 6.96406 6.96406
52 2429 0 100 32660776 6.96406 6.96406
33 2406 0 100 32652318 6.96406 6.96406
31 2453 0 100 32650986 7.06406 7.06406
48 2435 0 100 32653574 7.26406 7.26406
8 2450 0 100 32642924 7.56406 7.56406
71 2477 0 100 32670488 7.66406 7.66406
