87 0.8 0.016 0.784
87 0.784 0.16 0.624
7 0.8 0.16 0.64
7 0.718708 0.016 0.702708
7 0.702708 0.16 0.542708
34 0.8 0.16 0.64
34 0.717927 0.016 0.701927
34 0.701927 0.16 0.541927
51 0.8 0.016 0.784
51 0.784 0.16 0.624
61 0.8 0.16 0.64
61 0.717508 0.016 0.701508
61 0.701508 0.16 0.541508
17 0.8 0.016 0.784
17 0.784 0.16 0.624
24 0.8 0.016 0.784
24 0.784 0.16 0.624
32 0.8 0.16 0.64
42 0.8 0.16 0.64
50 0.8 0.16 0.64
29 0.8 0.016 0.784
32 0.712501 0.016 0.696501
42 0.714274 0.016 0.698274
50 0.711763 0.016 0.695763
42 0.698274 0.16 0.538274
29 0.784 0.16 0.624
32 0.696501 0.16 0.536501
50 0.695763 0.16 0.535763
13 0.8 0.016 0.784
62 0.8 0.016 0.784
13 0.784 0.16 0.624
62 0.784 0.16 0.624
69 0.8 0.16 0.64
69 0.64 0.16 0.48
6 0.8 0.016 0.784
69 0.554641 0.016 0.538641
69 0.538641 0.16 0.378641
6 0.784 0.16 0.624
26 0.8 0.16 0.64
59 0.8 0.16 0.64
26 0.64 0.16 0.48
59 0.64 0.16 0.48
26 0.557011 0.016 0.541011
59 0.554849 0.016 0.538849
70 0.8 0.016 0.784
59 0.538849 0.16 0.378849
70 0.784 0.16 0.624
26 0.541011 0.16 0.381011
76 0.8 0.16 0.64
2 0.8 0.016 0.784
41 0.8 0.016 0.784
76 0.718511 0.016 0.702511
2 0.784 0.16 0.624
76 0.702511 0.16 0.542511
41 0.784 0.16 0.624
67 0.8 0.16 0.64
68 0.8 0.16 0.64
67 0.64 0.16 0.48
68 0.64 0.16 0.48
67 0.557393 0.016 0.541393
68 0.558739 0.016 0.542739
68 0.542739 0.16 0.382739
67 0.541393 0.16 0.381393
27 0.8 0.016 0.784
44 0.8 0.016 0.784
44 0.784 0.16 0.624
27 0.784 0.16 0.624
55 0.8 0.16 0.64
55 0.714381 0.016 0.698381
55 0.698381 0.16 0.538381
78 0.8 0.16 0.64
60 0.8 0.016 0.784
78 0.716137 0.016 0.700137
78 0.700137 0.16 0.540137
60 0.784 0.16 0.624
37 0.8 0.16 0.64
71 0.8 0.16 0.64
89 0.8 0.16 0.64
37 0.64 0.16 0.48
71 0.64 0.16 0.48
89 0.64 0.16 0.48
22 0.8 0.016 0.784
37 0.550778 0.016 0.534778
71 0.555039 0.016 0.539039
89 0.557741 0.016 0.541741
71 0.539039 0.16 0.379039
37 0.534778 0.16 0.374778
22 0.784 0.16 0.624
89 0.541741 0.16 0.381741
90 0.8 0.16 0.64
90 0.64 0.16 0.48
12 0.8 0.16 0.64
19 0.8 0.16 0.64
21 0.8 0.16 0.64
90 0.48 0.16 0.32
12 0.712671 0.016 0.696671
19 0.711132 0.016 0.695132
21 0.716523 0.016 0.700523
90 0.39058 0.016 0.37458
21 0.700523 0.16 0.540523
19 0.695132 0.16 0.535132
90 0.37458 0.16 0.21458
12 0.696671 0.16 0.536671
40 0.8 0.016 0.784
40 0.784 0.16 0.624
20 0.8 0.16 0.64
20 0.71752 0.016 0.70152
63 0.8 0.016 0.784
63 0.784 0.16 0.624
20 0.70152 0.16 0.54152
1 0.8 0.16 0.64
23 0.8 0.16 0.64
48 0.8 0.16 0.64
1 0.64 0.16 0.48
48 0.64 0.16 0.48
1 0.552746 0.016 0.536746
23 0.717909 0.016 0.701909
48 0.553012 0.016 0.537012
23 0.701909 0.16 0.541909
48 0.537012 0.16 0.377012
1 0.536746 0.16 0.376746
33 0.8 0.16 0.64
33 0.64 0.16 0.48
53 0.8 0.16 0.64
33 0.48 0.16 0.32
33 0.392411 0.016 0.376411
53 0.71662 0.016 0.70062
56 0.8 0.016 0.784
33 0.376411 0.16 0.216411
56 0.784 0.16 0.624
53 0.70062 0.16 0.54062
15 0.8 0.16 0.64
15 0.64 0.16 0.48
15 0.48 0.16 0.32
15 0.398346 0.016 0.382346
15 0.382346 0.16 0.222346
3 0.8 0.16 0.64
10 0.8 0.16 0.64
77 0.8 0.16 0.64
3 0.713928 0.016 0.697928
10 0.716278 0.016 0.700278
77 0.715927 0.016 0.699927
10 0.700278 0.16 0.540278
3 0.697928 0.16 0.537928
77 0.699927 0.16 0.539927
38 0.8 0.016 0.784
49 0.8 0.016 0.784
38 0.784 0.16 0.624
49 0.784 0.16 0.624
14 0.8 0.16 0.64
14 0.64 0.16 0.48
14 0.552164 0.016 0.536164
14 0.536164 0.16 0.376164
8 0.8 0.16 0.64
39 0.8 0.16 0.64
58 0.8 0.16 0.64
8 0.710377 0.016 0.694377
39 0.714557 0.016 0.698557
58 0.712229 0.016 0.696229
39 0.698557 0.16 0.538557
8 0.694377 0.16 0.534377
58 0.696229 0.16 0.536229
43 0.8 0.16 0.64
73 0.8 0.16 0.64
73 0.64 0.16 0.48
73 0.48 0.16 0.32
73 0.399123 0.016 0.383123
73 0.383123 0.16 0.223123
43 0.717081 0.16 0.557081
43 0.634221 0.016 0.618221
43 0.618221 0.16 0.458221
4 0.8 0.016 0.784
9 0.8 0.016 0.784
28 0.8 0.016 0.784
4 0.784 0.16 0.624
28 0.784 0.16 0.624
9 0.784 0.16 0.624
25 0.8 0.16 0.64
30 0.8 0.16 0.64
35 0.8 0.16 0.64
52 0.8 0.16 0.64
74 0.8 0.16 0.64
88 0.8 0.16 0.64
35 0.64 0.16 0.48
52 0.64 0.16 0.48
30 0.716536 0.016 0.700536
35 0.555648 0.016 0.539648
52 0.551704 0.016 0.535704
74 0.718769 0.016 0.702769
35 0.539648 0.16 0.379648
52 0.535704 0.16 0.375704
30 0.700536 0.16 0.540536
74 0.702769 0.16 0.542769
18 0.8 0.16 0.64
25 0.71215 0.16 0.55215
80 0.8 0.16 0.64
88 0.713083 0.16 0.553083
25 0.55215 0.16 0.39215
88 0.553083 0.16 0.393083
18 0.64 0.16 0.48
25 0.39215 0.16 0.23215
80 0.64 0.16 0.48
88 0.393083 0.16 0.233083
18 0.554519 0.016 0.538519
25 0.307583 0.016 0.291583
80 0.550653 0.016 0.534653
88 0.304261 0.016 0.288261
88 0.288261 0.16 0.128261
80 0.534653 0.16 0.374653
18 0.538519 0.16 0.378519
25 0.291583 0.16 0.131583
66 0.8 0.016 0.784
66 0.784 0.16 0.624
83 0.8 0.16 0.64
83 0.716148 0.016 0.700148
83 0.700148 0.16 0.540148
79 0.8 0.016 0.784
79 0.784 0.16 0.624
16 0.8 0.016 0.784
47 0.8 0.016 0.784
16 0.784 0.16 0.624
47 0.784 0.16 0.624
81 0.8 0.16 0.64
81 0.713978 0.016 0.697978
81 0.697978 0.16 0.537978
36 0.8 0.016 0.784
57 0.8 0.016 0.784
57 0.784 0.16 0.624
36 0.784 0.16 0.624
31 0.8 0.16 0.64
31 0.64 0.16 0.48
54 0.8 0.16 0.64
75 0.8 0.16 0.64
31 0.550673 0.016 0.534673
54 0.716294 0.016 0.700294
75 0.713759 0.016 0.697759
75 0.697759 0.16 0.537759
54 0.700294 0.16 0.540294
31 0.534673 0.16 0.374673
64 0.8 0.016 0.784
84 0.8 0.016 0.784
64 0.784 0.16 0.624
84 0.784 0.16 0.624
46 0.8 0.16 0.64
72 0.8 0.16 0.64
46 0.710862 0.016 0.694862
72 0.717245 0.016 0.701245
72 0.701245 0.16 0.541245
46 0.694862 0.16 0.534862
65 0.8 0.016 0.784
65 0.784 0.16 0.624
11 0.8 0.016 0.784
11 0.784 0.16 0.624
86 0.8 0.16 0.64
86 0.716557 0.016 0.700557
86 0.700557 0.16 0.540557
85 0.8 0.16 0.64
85 0.713426 0.016 0.697426
85 0.697426 0.16 0.537426
5 0.8 0.016 0.784
82 0.8 0.016 0.784
5 0.784 0.16 0.624
82 0.784 0.16 0.624
45 0.8 0.16 0.64
45 0.718097 0.016 0.702097
45 0.702097 0.16 0.542097
