0 1060
0 1061
0 1062
0 1063
0 1064
0 1065
0 1066
0 1067
0 1068
0 1069
0 1070
0 1071
0 1073
0 1076
0 1077
0 1082
0 1087
0 1091
30 1090
0 1092
0 1095
15 1094
0 1097
13 1093
0 1100
0 1104
0 1106
0 1115
0 1116
27 1081
1 1112
37 1072
0 1120
0 1123
29 1113
0 1124
0 1126
0 1130
0 1131
25 1083
0 1132
0 1133
28 1088
0 1134
0 1135
0 1136
39 1110
0 1137
18 1121
0 1138
35 1096
6 1114
0 1139
17 1074
0 1140
8 1086
32 1109
0 1141
21 1084
24 1079
0 1142
0 1143
23 1122
0 1144
38 1085
0 1145
0 1146
0 1147
12 1102
0 1148
22 1078
4 1111
40 1125
19 1075
0 1149
0 1150
14 1101
20 1105
0 1151
0 1152
0 1153
7 1107
0 1154
0 1155
36 1099
2 1080
0 1156
10 1127
26 1128
0 1157
0 1158
3 1117
11 1089
0 1159
33 1118
0 1160
0 1161
34 1119
0 1162
0 1163
0 1164
16 1103
0 1165
0 1166
0 1167
0 1168
5 1098
0 1169
0 1170
0 1171
0 1172
0 1173
31 1108
0 1174
0 1175
0 1176
0 1177
0 1178
0 1179
0 1180
9 1129
0 1181
0 1182
0 1183
0 1184
0 1185
0 1186
0 1187
0 1188
0 1189
0 1190
0 1191
0 1192
0 1193
0 1194
0 1195
0 1196
0 1197
0 1198
0 1199
0 1200
0 1201
0 1202
0 1203
0 1204
0 1205
0 1206
0 1207
0 1208
0 1209
0 1210
0 1211
0 1212
0 1213
0 1214
0 1215
0 1216
0 1217
0 1218
0 1219
0 1220
0 1221
0 1222
0 1223
0 1224
0 1225
0 1226
0 1227
0 1228
0 1229
0 1230
0 1231
0 1232
0 1233
0 1234
0 1235
0 1236
0 1237
0 1238
0 1239
0 1240
0 1241
0 1242
0 1243
0 1244
0 1245
0 1246
0 1247
0 1248
0 1249
