87 2125 0 100 32679510 1.26065 1.26065
7 2127 0 100 32641872 1.36065 1.36065
34 2129 0 100 32655672 1.46065 1.46065
51 2135 0 100 32669996 1.66065 1.66065
61 2134 0 100 32650548 1.76065 1.76065
17 2144 0 100 32657796 1.86065 1.86065
24 2124 0 100 32675242 2.06065 2.06065
42 2143 0 100 32671256 2.16065 2.16065
29 2175 0 100 32680496 2.16065 2.16065
50 2146 0 100 32678166 2.16065 2.16065
13 2178 0 100 32653860 2.36065 2.36065
62 2153 0 100 32663936 2.36065 2.36065
69 2163 0 100 32628590 2.46065 2.46065
6 2198 0 100 32652360 2.46065 2.46065
70 2149 0 100 32646776 2.56065 2.56065
26 2139 0 100 32645690 2.56065 2.56065
76 2177 0 100 32645190 2.66065 2.66065
41 2169 0 100 32663616 2.66065 2.66065
68 2168 0 100 32645542 2.76065 2.76065
67 2122 0 100 32651124 2.76065 2.76065
44 2221 0 100 32681284 2.86065 2.86065
27 2138 0 100 32678056 2.86065 2.86065
55 2215 0 100 32662768 2.96065 2.96065
78 2120 0 100 32661430 3.06065 3.06065
60 2128 0 100 32667506 3.06065 3.06065
71 2193 0 100 32646042 3.16065 3.16065
37 2187 0 100 32654838 3.16065 3.16065
89 2154 0 100 32651012 3.16065 3.16065
21 2212 0 100 32650414 3.26065 3.26065
19 2219 0 100 32648810 3.26065 3.26065
90 2161 0 100 32639912 3.26065 3.26065
12 2164 0 100 32682278 3.26065 3.26065
40 2171 0 100 32642006 3.46065 3.46065
63 2218 0 100 32669910 3.56065 3.56065
20 2160 0 100 32644574 3.56065 3.56065
23 2145 0 100 32661628 3.66065 3.66065
48 2121 0 100 32635978 3.66065 3.66065
1 2224 0 100 32658308 3.66065 3.66065
33 2205 0 100 32641326 3.76065 3.76065
56 2140 0 100 32658932 3.76065 3.76065
53 2210 0 100 32665992 3.76065 3.76065
15 2179 0 100 32635120 3.86065 3.86065
10 2157 0 100 32654586 3.96065 3.96065
3 2207 0 100 32664484 3.96065 3.96065
77 2170 0 100 32652774 3.96065 3.96065
38 2213 0 100 32671138 4.06065 4.06065
49 2176 0 100 32663868 4.06065 4.06065
14 2172 0 100 32669690 4.16065 4.16065
39 2190 0 100 32677440 4.26065 4.26065
8 2220 0 100 32660904 4.26065 4.26065
58 2202 0 100 32668286 4.26065 4.26065
73 2152 0 100 32669228 4.36065 4.36065
43 2225 0 100 32634902 4.46065 4.46065
4 2136 0 100 32659114 4.56065 4.56065
28 2203 0 100 32676620 4.56065 4.56065
9 2173 0 100 32669876 4.56065 4.56065
52 2147 0 100 32663536 4.66065 4.66065
30 2195 0 100 32636116 4.66065 4.66065
74 2130 0 100 32661108 4.66065 4.66065
88 2184 0 100 32661236 4.76065 4.76065
80 2132 0 100 32667144 4.76065 4.76065
25 2148 0 100 32662482 4.76065 4.76065
66 2197 0 100 32656196 4.96065 4.96065
83 2167 0 100 32662372 5.06065 5.06065
79 2165 0 100 32644426 5.56065 5.56065
16 2226 0 100 32656410 5.66065 5.66065
47 2194 0 100 32670678 5.66065 5.66065
81 2229 0 100 32679212 5.76065 5.76065
57 2162 0 100 32631702 5.96065 5.96065
36 2126 0 100 32658852 5.96065 5.96065
75 2182 0 100 32648328 6.06065 6.06065
54 2199 0 100 32651652 6.06065 6.06065
31 2211 0 100 32645228 6.06065 6.06065
84 2151 0 100 32681636 6.26065 6.26065
72 2214 0 100 32651622 6.36065 6.36065
46 2141 0 100 32664828 6.36065 6.36065
65 2217 0 100 32677018 6.46065 6.46065
11 2191 0 100 32680908 6.86065 6.86065
86 2186 0 100 32676062 6.96065 6.96065
85 2228 0 100 32681062 7.06065 7.06065
82 2206 0 100 32681336 7.26065 7.26065
45 2201 0 100 32659842 7.36065 7.36065
