0 880
0 881
0 882
0 883
0 884
0 885
0 886
0 887
0 888
0 889
0 891
0 893
0 895
0 900
8 890
0 902
0 905
0 910
26 904
0 911
0 914
0 915
0 917
23 916
0 919
0 921
0 922
0 924
12 898
0 928
0 931
29 909
6 923
0 933
18 912
0 936
9 903
0 938
19 929
0 940
30 894
0 941
0 942
21 913
0 943
0 944
17 926
0 945
20 907
4 892
0 946
13 901
22 918
0 947
0 948
16 925
0 949
2 906
15 932
0 950
0 951
0 952
0 953
0 954
0 955
25 930
0 956
0 957
14 927
7 937
0 958
0 959
1 899
0 960
0 961
0 962
0 963
0 964
3 935
0 965
28 897
0 966
5 920
10 896
0 967
0 968
0 969
11 908
0 970
0 971
0 972
24 934
0 973
0 974
0 975
0 976
0 977
0 978
0 979
0 980
0 981
27 939
0 982
0 983
0 984
0 985
0 986
0 987
0 988
0 989
0 990
0 991
0 992
0 993
0 994
0 995
0 996
0 997
0 998
0 999
0 1000
0 1001
0 1002
0 1003
0 1004
0 1005
0 1006
0 1007
0 1008
0 1009
0 1010
0 1011
0 1012
0 1013
0 1014
0 1015
0 1016
0 1017
0 1018
0 1019
0 1020
0 1021
0 1022
0 1023
0 1024
0 1025
0 1026
0 1027
0 1028
0 1029
0 1030
0 1031
0 1032
0 1033
0 1034
0 1035
0 1036
0 1037
0 1038
0 1039
0 1040
0 1041
0 1042
0 1043
0 1044
0 1045
0 1046
0 1047
0 1048
0 1049
0 1050
0 1051
0 1052
0 1053
0 1054
0 1055
0 1056
0 1057
0 1058
0 1059
