7 1470 0 100 32654540 1.47492 1.47492
16 1471 0 100 32682512 1.77492 1.77492
52 1469 0 100 32658016 1.87492 1.87492
36 1473 0 100 32649956 1.97492 1.97492
27 1479 0 100 32655610 1.97492 1.97492
11 1492 0 100 32648078 1.97492 1.97492
15 1500 0 100 32640922 2.07492 2.07492
12 1474 0 100 32644642 2.07492 2.07492
31 1485 0 100 32667432 2.47492 2.47492
22 1510 0 100 32664426 2.57492 2.57492
26 1509 0 100 32670776 2.67492 2.67492
35 1466 0 100 32671276 2.67492 2.67492
43 1508 0 100 32671720 2.67492 2.67492
41 1526 0 100 32642144 2.77492 2.77492
3 1488 0 100 32646106 2.77492 2.77492
28 1462 0 100 32664906 2.77492 2.77492
34 1512 0 100 32659094 2.97492 2.97492
45 1460 0 100 32679294 2.97492 2.97492
47 1517 0 100 32658742 3.07492 3.07492
20 1535 0 100 32662230 3.27492 3.27492
48 1487 0 100 32673726 3.37492 3.37492
53 1496 0 100 32657004 3.57492 3.57492
37 1522 0 100 32653878 3.57492 3.57492
56 1495 0 100 32668708 3.67492 3.67492
39 1484 0 100 32657946 3.77492 3.77492
40 1503 0 100 32675592 4.07492 4.07492
21 1489 0 100 32645272 4.07492 4.07492
55 1494 0 100 32651360 4.37492 4.37492
60 1513 0 100 32660190 4.47492 4.47492
13 1521 0 100 32649772 4.57492 4.57492
29 1465 0 100 32671724 4.57492 4.57492
38 1515 0 100 32663142 4.97492 4.97492
14 1478 0 100 32678874 4.97492 4.97492
57 1482 0 100 32633856 5.07492 5.07492
25 1499 0 100 32660838 5.07492 5.07492
24 1475 0 100 32662938 5.07492 5.07492
19 1498 0 100 32646258 5.37492 5.37492
17 1464 0 100 32652742 5.37492 5.37492
58 1481 0 100 32670428 5.57492 5.57492
59 1477 0 100 32674462 5.57492 5.57492
50 1507 0 100 32671112 5.57492 5.57492
51 1467 0 100 32681540 5.87492 5.87492
6 1531 0 100 32661426 5.97492 5.97492
44 1532 0 100 32679604 5.97492 5.97492
10 1538 0 100 32677218 6.07492 6.07492
42 1516 0 100 32663456 6.17492 6.17492
8 1527 0 100 32649296 6.37492 6.37492
32 1537 0 100 32625236 6.47492 6.47492
2 1518 0 100 32652566 6.47492 6.47492
5 1523 0 100 32668432 6.57492 6.57492
30 1528 0 100 32678990 6.57492 6.57492
9 1493 0 100 32650258 6.87492 6.87492
46 1505 0 100 32646508 6.87492 6.87492
1 1529 0 100 32669344 6.97492 6.97492
4 1536 0 100 32671924 7.07492 7.07492
54 1504 0 100 32674558 7.17492 7.17492
18 1502 0 100 32654366 7.17492 7.17492
33 1533 0 100 32677774 7.57492 7.57492
49 1525 0 100 32654870 7.57492 7.57492
