44 1260 1.04664
5 1262 1.11182
16 1263 1.15315
11 1266 1.30317
34 1267 1.34987
6 1268 1.36823
47 1269 1.3881
38 1271 1.39576
22 1272 1.40798
17 1273 1.4224
30 1275 1.50414
32 1276 1.50476
40 1277 1.52197
20 1278 1.56229
1 1281 1.7112
21 1282 1.73946
7 1283 1.75542
46 1284 1.76383
49 1286 1.80817
50 1287 1.83607
35 1288 1.86375
42 1289 1.87892
23 1291 1.96432
26 1292 1.96807
45 1294 2.04669
27 1296 2.11932
9 1297 2.14517
25 1299 2.19096
36 1300 2.21596
41 1301 2.25739
18 1303 2.31525
3 1304 2.32486
33 1306 2.39226
4 1307 2.41539
31 1308 2.41815
39 1309 2.44152
8 1311 2.5
14 1312 2.53268
24 1313 2.53859
43 1314 2.54533
28 1315 2.57475
2 1316 2.58783
29 1318 2.61417
48 1319 2.62648
12 1321 2.71545
13 1322 2.78423
10 1324 2.84515
15 1325 2.88445
19 1327 2.90467
37 1328 2.92515
