5 1670 1.05099
17 1672 1.13487
29 1673 1.16244
23 1675 1.20459
13 1676 1.2467
35 1677 1.24981
46 1678 1.26138
44 1680 1.29105
25 1681 1.36304
18 1682 1.36521
57 1683 1.36536
16 1685 1.42248
45 1686 1.43951
8 1687 1.45828
51 1688 1.46807
1 1690 1.48993
22 1691 1.49708
21 1692 1.57018
6 1693 1.58195
20 1694 1.58469
55 1696 1.58833
10 1697 1.59002
70 1698 1.59768
39 1699 1.61826
37 1700 1.621
38 1701 1.63497
42 1703 1.70262
34 1705 1.79557
27 1706 1.81572
53 1707 1.84219
12 1708 1.84251
47 1709 1.85321
36 1710 1.87258
69 1712 1.90621
64 1713 1.95814
3 1715 1.99261
62 1716 2.02887
60 1717 2.06347
15 1718 2.0771
30 1719 2.07894
61 1721 2.10041
67 1722 2.10088
26 1723 2.15084
43 1724 2.17672
9 1726 2.21896
58 1728 2.30199
11 1729 2.30756
59 1730 2.30843
7 1731 2.31541
19 1732 2.3413
4 1734 2.46334
14 1735 2.48035
48 1737 2.48894
56 1738 2.49164
63 1739 2.54563
50 1741 2.61022
33 1742 2.63585
40 1743 2.64857
65 1744 2.65902
54 1745 2.67374
32 1746 2.679
52 1748 2.69908
31 1749 2.71876
24 1750 2.73787
68 1751 2.74977
49 1752 2.78351
66 1754 2.79668
2 1755 2.83069
28 1757 2.96888
41 1759 2.98921
