31 1909 0 100 32663910 1.30412 1.30412
53 1900 0 100 32641426 1.40412 1.40412
57 1916 0 100 32638992 1.50412 1.50412
28 1902 0 100 32641302 1.70412 1.70412
58 1929 0 100 32649704 1.80412 1.80412
9 1920 0 100 32664602 1.90412 1.90412
55 1945 0 100 32666948 2.00412 2.00412
67 1946 0 100 32670614 2.00412 2.00412
63 1927 0 100 32674968 2.10412 2.10412
19 1938 0 100 32672318 2.10412 2.10412
26 1961 0 100 32654414 2.20412 2.20412
43 1933 0 100 32680194 2.20412 2.20412
35 1943 0 100 32663716 2.20412 2.20412
21 1903 0 100 32664322 2.30412 2.30412
70 1926 0 100 32681516 2.30412 2.30412
12 1908 0 100 32661444 2.40412 2.40412
71 1934 0 100 32635336 2.50412 2.50412
60 1898 0 100 32654022 2.60412 2.60412
7 1891 0 100 32676286 2.80412 2.80412
69 1899 0 100 32655370 2.80412 2.80412
32 1906 0 100 32673712 2.90412 2.90412
79 1901 0 100 32670726 3.00412 3.00412
15 1955 0 100 32669926 3.10412 3.10412
3 1921 0 100 32668512 3.10412 3.10412
45 1971 0 100 32671288 3.30412 3.30412
50 1919 0 100 32681090 3.50412 3.50412
33 1896 0 100 32638824 3.70412 3.70412
44 1917 0 100 32643074 3.70412 3.70412
75 1924 0 100 32675864 3.80412 3.80412
38 1983 0 100 32667596 3.80412 3.80412
39 1895 0 100 32667522 3.90412 3.90412
68 1937 0 100 32670482 3.90412 3.90412
64 1978 0 100 32660250 4.00412 4.00412
40 1948 0 100 32671074 4.20412 4.20412
36 1988 0 100 32655188 4.30412 4.30412
37 1925 0 100 32675942 4.60412 4.60412
54 1940 0 100 32674116 4.60412 4.60412
56 1960 0 100 32658322 4.70412 4.70412
14 1893 0 100 32658112 4.80412 4.80412
59 1959 0 100 32638582 4.90412 4.90412
74 1980 0 100 32662200 5.00412 5.00412
78 1932 0 100 32660334 5.30412 5.30412
66 1949 0 100 32673120 5.40412 5.40412
48 1914 0 100 32651336 5.50412 5.50412
77 1947 0 100 32668148 5.50412 5.50412
30 1973 0 100 32651192 5.60412 5.60412
73 1911 0 100 32634622 5.60412 5.60412
61 1951 0 100 32655140 5.70412 5.70412
49 1910 0 100 32652346 5.90412 5.90412
11 1907 0 100 32636830 6.00412 6.00412
16 1956 0 100 32655332 6.00412 6.00412
17 1915 0 100 32637730 6.10412 6.10412
65 1962 0 100 32675872 6.10412 6.10412
29 1931 0 100 32636886 6.10412 6.10412
80 1974 0 100 32644326 6.20412 6.20412
62 1935 0 100 32637116 6.20412 6.20412
18 1939 0 100 32652166 6.30412 6.30412
47 1942 0 100 32663272 6.40412 6.40412
46 1986 0 100 32643116 6.40412 6.40412
25 1968 0 100 32678410 6.50412 6.50412
20 1967 0 100 32644736 6.50412 6.50412
52 1965 0 100 32645586 6.50412 6.50412
42 1982 0 100 32681098 6.70412 6.70412
34 1969 0 100 32682458 6.80412 6.80412
2 1964 0 100 32668300 6.80412 6.80412
41 1950 0 100 32678838 6.80412 6.80412
6 1977 0 100 32648208 6.90412 6.90412
5 1987 0 100 32637252 7.10412 7.10412
4 1976 0 100 32655444 7.20412 7.20412
10 1985 0 100 32660972 7.30412 7.30412
76 1989 0 100 32661574 8.10412 8.10412
