13 727 0 100 32681568 1.57922 1.57922
20 734 0 100 32662736 1.77922 1.77922
5 723 0 100 32646300 1.87922 1.87922
9 730 0 100 32652502 2.57922 2.57922
2 724 0 100 32662176 2.67922 2.67922
7 740 0 100 32639580 2.87922 2.87922
11 745 0 100 32662414 3.07922 3.07922
10 754 0 100 32664020 3.07922 3.07922
3 732 0 100 32660172 3.87922 3.87922
14 735 0 100 32675780 3.97922 3.97922
18 733 0 100 32660206 3.97922 3.97922
15 722 0 100 32653712 4.37922 4.37922
6 743 0 100 32648348 6.07922 6.07922
19 726 0 100 32674730 6.37922 6.37922
4 750 0 100 32661380 6.77922 6.77922
16 747 0 100 32682814 6.77922 6.77922
8 758 0 100 32661390 7.07922 7.07922
12 752 0 100 32676518 7.27922 7.27922
1 749 0 100 32638940 7.37922 7.37922
17 757 0 100 32670596 8.07922 8.07922
