0 710
0 711
0 712
0 713
0 714
0 715
0 716
0 717
0 718
0 719
0 720
0 721
0 725
0 728
0 729
0 731
13 727
0 736
0 737
20 734
0 738
5 723
0 739
0 741
0 742
0 744
0 746
0 748
0 751
9 730
0 753
2 724
0 755
0 756
7 740
0 759
0 760
11 745
10 754
0 761
0 762
0 763
0 764
0 765
0 766
0 767
0 768
3 732
0 769
14 735
18 733
0 770
0 771
0 772
0 773
15 722
0 774
0 775
0 776
0 777
0 778
0 779
0 780
0 781
0 782
0 783
0 784
0 785
0 786
0 787
0 788
0 789
0 790
6 743
0 791
0 792
0 793
19 726
0 794
0 795
0 796
0 797
4 750
16 747
0 798
0 799
0 800
8 758
0 801
0 802
12 752
0 803
1 749
0 804
0 805
0 806
0 807
0 808
0 809
0 810
17 757
0 811
0 812
0 813
0 814
0 815
0 816
0 817
0 818
0 819
0 820
0 821
0 822
0 823
0 824
0 825
0 826
0 827
0 828
0 829
0 830
0 831
0 832
0 833
0 834
0 835
0 836
0 837
0 838
0 839
0 840
0 841
0 842
0 843
0 844
0 845
0 846
0 847
0 848
0 849
0 850
0 851
0 852
0 853
0 854
0 855
0 856
0 857
0 858
0 859
0 860
0 861
0 862
0 863
0 864
0 865
0 866
0 867
0 868
0 869
0 870
0 871
0 872
0 873
0 874
0 875
0 876
0 877
0 878
0 879
