54 280
18 281
59 282
60 283
37 284
10 285
2 286
44 287
22 288
64 289
58 290
40 291
5 292
77 293
24 294
55 295
65 296
70 297
74 298
19 299
35 300
31 301
27 302
72 303
79 304
76 305
47 306
32 307
12 308
51 309
1 310
26 311
45 312
39 313
43 314
49 315
30 316
61 317
3 318
36 319
17 320
33 321
78 322
66 323
62 324
8 325
69 326
38 327
53 328
9 329
34 330
7 331
56 332
20 333
71 334
42 335
52 336
25 337
16 338
6 339
13 340
41 341
21 342
63 343
14 344
80 345
67 346
73 347
75 348
4 349
57 350
68 351
29 352
23 353
15 354
11 355
50 356
28 357
46 358
48 359
