23 360
30 361
38 362
62 363
85 364
15 365
57 366
17 367
52 368
78 369
70 370
72 371
14 372
22 373
51 374
1 375
56 376
7 377
10 378
53 379
20 380
21 381
2 382
11 383
4 384
90 385
76 386
46 387
64 388
27 389
61 390
3 391
71 392
36 393
24 394
75 395
39 396
26 397
12 398
65 399
32 400
19 401
42 402
44 403
8 404
31 405
67 406
9 407
49 408
48 409
59 410
66 411
50 412
60 413
63 414
74 415
5 416
88 417
37 418
40 419
73 420
80 421
34 422
55 423
18 424
16 425
43 426
89 427
58 428
82 429
86 430
79 431
77 432
47 433
81 434
84 435
54 436
35 437
33 438
29 439
25 440
13 441
28 442
83 443
45 444
87 445
41 446
6 447
69 448
68 449
