22 150 1.02664
5 151 1.03566
25 152 1.07991
43 153 1.09929
17 154 1.10931
53 155 1.1497
39 156 1.17961
27 157 1.21593
13 158 1.2628
21 159 1.33508
9 160 1.3724
40 161 1.40625
49 162 1.44034
37 163 1.47916
26 164 1.48689
18 165 1.53043
46 166 1.56628
50 167 1.69897
34 168 1.72724
55 169 1.7377
52 170 1.75224
31 171 1.75706
45 172 1.80937
33 173 1.91651
36 174 1.91686
48 175 1.92153
32 176 1.92486
57 177 1.95057
2 178 2.04157
38 179 2.04912
54 180 2.09425
44 181 2.10332
8 182 2.14422
7 183 2.17433
35 184 2.18343
51 185 2.29657
16 186 2.30037
10 187 2.30985
60 188 2.34096
30 189 2.37555
3 190 2.40945
24 191 2.42286
11 192 2.48922
47 193 2.49848
28 194 2.53931
42 195 2.56512
14 196 2.60488
23 197 2.62028
58 198 2.63066
20 199 2.64149
4 200 2.70647
56 201 2.74268
41 202 2.74472
59 203 2.76775
1 204 2.83659
12 205 2.85492
19 206 2.87551
29 207 2.88631
6 208 2.90028
15 209 2.9355
