13 60 1.02597
34 61 1.0602
30 62 1.13719
31 63 1.15257
25 64 1.19495
24 65 1.24198
17 66 1.24757
6 67 1.29432
28 68 1.30365
15 69 1.32001
37 70 1.36002
18 71 1.51941
9 72 1.53482
7 73 1.56721
21 74 1.65166
36 75 1.69916
14 76 1.72709
35 77 1.73258
16 78 1.78597
2 79 1.83458
39 80 1.89481
29 81 1.94456
19 82 2.0223
26 83 2.06843
3 84 2.07399
20 85 2.07557
4 86 2.12086
1 87 2.18016
10 88 2.21072
5 89 2.26089
38 90 2.32121
8 91 2.36407
12 92 2.36764
22 93 2.38315
33 94 2.39107
11 95 2.50186
23 96 2.59473
27 97 2.83373
40 98 2.86244
32 99 2.96599
