36 450 1.03911
30 451 1.05476
44 452 1.05642
88 453 1.07305
24 454 1.09418
45 455 1.13258
65 456 1.13917
42 457 1.15064
92 458 1.1934
78 459 1.20012
6 460 1.20609
53 461 1.22708
3 462 1.25064
49 463 1.25144
40 464 1.26355
74 465 1.27485
12 466 1.28385
86 467 1.29357
21 468 1.31534
99 469 1.3323
67 470 1.42653
2 471 1.45722
17 472 1.45892
29 473 1.47235
96 474 1.49479
23 475 1.50241
22 476 1.51214
25 477 1.54905
68 478 1.55977
70 479 1.59389
81 480 1.59708
94 481 1.60021
69 482 1.64411
18 483 1.71681
89 484 1.72046
64 485 1.7351
60 486 1.74861
15 487 1.76381
61 488 1.85299
43 489 1.87925
75 490 1.88505
32 491 1.89005
14 492 1.89827
58 493 1.89985
8 494 1.90384
63 495 1.91921
62 496 1.92667
83 497 1.92887
54 498 1.93872
72 499 1.98142
59 500 2.00948
34 501 2.01915
98 502 2.04011
52 503 2.04032
10 504 2.07403
9 505 2.10725
11 506 2.10878
84 507 2.13834
39 508 2.15539
93 509 2.159
33 510 2.16269
47 511 2.16804
73 512 2.17323
50 513 2.17388
20 514 2.20529
28 515 2.24033
95 516 2.27828
90 517 2.28427
35 518 2.31106
31 519 2.35646
27 520 2.37409
80 521 2.38461
85 522 2.41991
26 523 2.42017
91 524 2.44789
55 525 2.45297
57 526 2.46162
71 527 2.50441
56 528 2.53544
5 529 2.55232
87 530 2.5799
1 531 2.63881
48 532 2.68493
77 533 2.6882
41 534 2.69593
38 535 2.70303
13 536 2.7178
82 537 2.74464
79 538 2.77882
7 539 2.80856
37 540 2.81193
46 541 2.81325
66 542 2.81391
100 543 2.827
4 544 2.85559
16 545 2.91635
97 546 2.91929
51 547 2.92659
76 548 2.92952
19 549 2.99753
