23 360 1.00346
30 361 1.0072
38 362 1.01568
62 363 1.01873
85 364 1.1097
15 365 1.1199
57 366 1.12359
17 367 1.1243
52 368 1.14257
78 369 1.15837
70 370 1.19536
72 371 1.20639
14 372 1.22137
22 373 1.22563
51 374 1.23165
1 375 1.25972
56 376 1.36685
7 377 1.40626
10 378 1.44133
53 379 1.44744
20 380 1.45796
21 381 1.49545
2 382 1.52044
11 383 1.52777
4 384 1.53498
90 385 1.53648
76 386 1.55872
46 387 1.56504
64 388 1.57614
27 389 1.57809
61 390 1.60651
3 391 1.62972
71 392 1.78518
36 393 1.79158
24 394 1.81855
75 395 1.86222
39 396 1.86372
26 397 1.86588
12 398 1.87901
65 399 1.88235
32 400 1.90067
19 401 1.93905
42 402 1.93914
44 403 1.95036
8 404 1.98799
31 405 2.01555
67 406 2.03797
9 407 2.07684
49 408 2.13776
48 409 2.16769
59 410 2.19027
66 411 2.23536
50 412 2.26371
60 413 2.28743
63 414 2.34471
74 415 2.35014
5 416 2.35487
88 417 2.36643
37 418 2.39355
40 419 2.40432
73 420 2.40841
80 421 2.40859
34 422 2.43978
55 423 2.44616
18 424 2.47396
16 425 2.50403
43 426 2.53519
89 427 2.585
58 428 2.59614
82 429 2.60036
86 430 2.63913
79 431 2.64208
77 432 2.66411
47 433 2.67702
81 434 2.71883
84 435 2.7334
54 436 2.75947
35 437 2.77058
33 438 2.78989
29 439 2.82201
25 440 2.85277
13 441 2.8544
28 442 2.85714
83 443 2.85956
45 444 2.86696
87 445 2.89937
41 446 2.92389
6 447 2.92766
69 448 2.94543
68 449 2.99801
