36 450
30 451
44 452
88 453
24 454
45 455
65 456
42 457
92 458
78 459
6 460
53 461
3 462
49 463
40 464
74 465
12 466
86 467
21 468
99 469
67 470
2 471
17 472
29 473
96 474
23 475
22 476
25 477
68 478
70 479
81 480
94 481
69 482
18 483
89 484
64 485
60 486
15 487
61 488
43 489
75 490
32 491
14 492
58 493
8 494
63 495
62 496
83 497
54 498
72 499
59 500
34 501
98 502
52 503
10 504
9 505
11 506
84 507
39 508
93 509
33 510
47 511
73 512
50 513
20 514
28 515
95 516
90 517
35 518
31 519
27 520
80 521
85 522
26 523
91 524
55 525
57 526
71 527
56 528
5 529
87 530
1 531
48 532
77 533
41 534
38 535
13 536
82 537
79 538
7 539
37 540
46 541
66 542
100 543
4 544
16 545
97 546
51 547
76 548
19 549
