54 280 1.01029
18 281 1.21597
59 282 1.25945
60 283 1.27135
37 284 1.27617
10 285 1.27736
2 286 1.32082
44 287 1.36792
22 288 1.37506
64 289 1.38392
58 290 1.40844
40 291 1.43713
5 292 1.45195
77 293 1.49296
24 294 1.52217
55 295 1.54932
65 296 1.55399
70 297 1.56391
74 298 1.56585
19 299 1.58818
35 300 1.63671
31 301 1.68759
27 302 1.68971
72 303 1.69195
79 304 1.75575
76 305 1.75815
47 306 1.76059
32 307 1.77101
12 308 1.80568
51 309 1.84113
1 310 1.87491
26 311 1.88792
45 312 1.91667
39 313 1.91962
43 314 1.94457
49 315 2.00466
30 316 2.02195
61 317 2.02383
3 318 2.04626
36 319 2.07291
17 320 2.07502
33 321 2.07871
78 322 2.09477
66 323 2.11939
62 324 2.1569
8 325 2.16048
69 326 2.16955
38 327 2.20042
53 328 2.23696
9 329 2.24695
34 330 2.28022
7 331 2.29674
56 332 2.31595
20 333 2.33373
71 334 2.33527
42 335 2.33821
52 336 2.35512
25 337 2.4227
16 338 2.43314
6 339 2.44244
13 340 2.52293
41 341 2.53734
21 342 2.56649
63 343 2.64694
14 344 2.65831
80 345 2.6612
67 346 2.6821
73 347 2.70472
75 348 2.74556
4 349 2.77335
57 350 2.79341
68 351 2.815
29 352 2.84539
23 353 2.88765
15 354 2.89632
11 355 2.91276
50 356 2.92063
28 357 2.92702
46 358 2.96174
48 359 2.99031
