14 100 1.00641
34 101 1.00973
45 102 1.03225
1 103 1.14106
11 104 1.14441
9 105 1.16858
3 106 1.18396
32 107 1.22108
33 108 1.24925
22 109 1.28877
6 110 1.2923
4 111 1.29422
50 112 1.33539
46 113 1.39547
29 114 1.39637
42 115 1.48837
40 116 1.49811
26 117 1.52081
31 118 1.67612
15 119 1.73346
10 120 1.76072
21 121 1.79737
48 122 1.84755
43 123 1.85896
16 124 1.87063
39 125 1.91628
18 126 2.05657
41 127 2.07226
36 128 2.08588
19 129 2.13533
20 130 2.15404
30 131 2.16303
25 132 2.18093
24 133 2.20329
8 134 2.20444
12 135 2.24217
35 136 2.28817
7 137 2.29618
49 138 2.32373
28 139 2.35196
38 140 2.55958
37 141 2.56368
13 142 2.56398
23 143 2.63954
5 144 2.6591
2 145 2.67935
44 146 2.68243
47 147 2.72547
27 148 2.77424
17 149 2.94658
