4 4416 0 100 56203912 1.42482 1.42482
15 4426 0 100 121542362 1.42482 1.42482
36 4427 0 100 154257552 1.42482 1.42482
93 4434 0 100 88862024 1.52482 1.52482
40 4422 0 100 154264576 1.72482 1.72482
63 4442 0 100 154286928 1.92482 1.92482
26 4468 0 100 56205752 2.02482 2.02482
30 4433 0 100 154274608 2.02482 2.02482
76 4411 0 100 154284696 2.12482 2.12482
82 4478 0 100 88869552 2.22482 2.22482
2 4458 0 100 121530944 2.22482 2.22482
67 4483 0 100 121554170 2.22482 2.22482
46 4429 0 100 154259224 2.32482 2.32482
13 4477 0 100 154291816 2.32482 2.32482
86 4456 0 100 154277840 2.42482 2.42482
39 4475 0 100 121549346 2.52482 2.52482
74 4436 0 100 121567244 2.62482 2.62482
8 4464 0 100 154303920 2.62482 2.62482
14 4459 0 100 121550534 2.82482 2.82482
95 4484 0 100 121552856 2.82482 2.82482
84 4445 0 100 56206116 2.92482 2.92482
47 4509 0 100 88875068 2.92482 2.92482
45 4524 0 100 154253304 2.92482 2.92482
51 4495 0 100 121565510 3.02482 3.02482
19 4514 0 100 154300792 3.02482 3.02482
32 4494 0 100 88855748 3.12482 3.12482
75 4504 0 100 121532648 3.12482 3.12482
56 4472 0 100 121535282 3.12482 3.12482
24 4415 0 100 121543172 3.12482 3.12482
41 4476 0 100 56201770 3.22482 3.22482
89 4467 0 100 154270680 3.22482 3.22482
81 4471 0 100 154289496 3.22482 3.22482
60 4423 0 100 56203062 3.32482 3.32482
69 4507 0 100 88868688 3.32482 3.32482
92 4487 0 100 154260632 3.32482 3.32482
38 4511 0 100 154268624 3.32482 3.32482
58 4486 0 100 121569686 3.42482 3.42482
99 4528 0 100 121543262 3.52482 3.52482
35 4517 0 100 154296472 3.52482 3.52482
25 4438 0 100 88874864 3.62482 3.62482
78 4420 0 100 154246112 3.62482 3.62482
61 4473 0 100 154285592 3.72482 3.72482
53 4412 0 100 121536020 3.92482 3.92482
6 4454 0 100 121533116 4.02482 4.02482
77 4435 0 100 121563056 4.02482 4.02482
34 4437 0 100 154249608 4.02482 4.02482
16 4414 0 100 154295192 4.12482 4.12482
80 4419 0 100 154297168 4.12482 4.12482
20 4462 0 100 121550216 4.42482 4.42482
42 4447 0 100 121563716 4.42482 4.42482
27 4493 0 100 154269000 4.42482 4.42482
12 4441 0 100 88845712 4.52482 4.52482
72 4523 0 100 121563344 4.52482 4.52482
17 4491 0 100 154252392 4.72482 4.72482
23 4520 0 100 88844312 4.82482 4.82482
44 4519 0 100 121567832 4.82482 4.82482
28 4499 0 100 121551368 4.92482 4.92482
98 4451 0 100 121559456 4.92482 4.92482
50 4508 0 100 121539128 5.02482 5.02482
62 4430 0 100 121567802 5.02482 5.02482
37 4506 0 100 154301464 5.02482 5.02482
9 4496 0 100 121550210 5.32482 5.32482
57 4431 0 100 154297672 5.32482 5.32482
68 4450 0 100 88855096 5.52482 5.52482
55 4501 0 100 88872516 5.62482 5.62482
83 4489 0 100 154265656 5.62482 5.62482
87 4452 0 100 121545632 5.72482 5.72482
71 4428 0 100 121570532 5.72482 5.72482
70 4449 0 100 154271480 5.72482 5.72482
22 4522 0 100 154286592 5.72482 5.72482
97 4425 0 100 154290032 5.72482 5.72482
7 4481 0 100 154302112 5.72482 5.72482
21 4463 0 100 56206524 6.02482 6.02482
18 4417 0 100 121539266 6.02482 6.02482
43 4502 0 100 154267400 6.02482 6.02482
52 4466 0 100 121552730 6.12482 6.12482
33 4480 0 100 56202126 6.22482 6.22482
96 4512 0 100 88852588 6.22482 6.22482
10 4413 0 100 121546172 6.22482 6.22482
64 4516 0 100 154261280 6.22482 6.22482
91 4444 0 100 154272544 6.22482 6.22482
31 4497 0 100 88848180 6.32482 6.32482
1 4461 0 100 154299824 6.32482 6.32482
5 4490 0 100 121548584 6.42482 6.42482
29 4457 0 100 154248880 6.52482 6.52482
90 4455 0 100 121532168 6.62482 6.62482
94 4479 0 100 121539392 6.62482 6.62482
85 4448 0 100 121527560 6.72482 6.72482
79 4521 0 100 154296880 6.92482 6.92482
3 4526 0 100 88860364 7.02482 7.02482
88 4529 0 100 88873080 7.02482 7.02482
66 4525 0 100 154268776 7.02482 7.02482
65 4470 0 100 88862284 7.12482 7.12482
11 4510 0 100 56204738 7.32482 7.32482
100 4482 0 100 88858512 7.32482 7.32482
59 4515 0 100 121541360 7.52482 7.52482
73 4505 0 100 154293800 7.62482 7.62482
