19 3724 0 100 88861736 1.19385 1.19385
18 3739 0 100 154272840 1.69385 1.69385
1 3749 0 100 88874352 1.79385 1.79385
30 3730 0 100 154299360 1.79385 1.79385
53 3746 0 100 56202926 1.89385 1.89385
45 3771 0 100 154253952 2.09385 2.09385
64 3756 0 100 154299088 2.09385 2.09385
13 3742 0 100 121548920 2.19385 2.19385
62 3726 0 100 121563632 2.19385 2.19385
50 3781 0 100 88859632 2.29385 2.29385
69 3736 0 100 154258488 2.29385 2.29385
66 3721 0 100 121545458 2.39385 2.39385
5 3764 0 100 154274224 2.39385 2.39385
55 3731 0 100 154265992 2.49385 2.49385
54 3740 0 100 121562114 2.59385 2.59385
4 3773 0 100 154272992 2.69385 2.69385
34 3799 0 100 88865528 2.79385 2.79385
61 3745 0 100 154278456 2.79385 2.79385
29 3751 0 100 88850964 2.99385 2.99385
38 3791 0 100 88862736 2.99385 2.99385
59 3752 0 100 121566356 2.99385 2.99385
49 3787 0 100 56196758 3.19385 3.19385
22 3776 0 100 121547144 3.29385 3.29385
33 3789 0 100 154300592 3.39385 3.39385
47 3735 0 100 154254984 3.49385 3.49385
40 3720 0 100 121561142 3.59385 3.59385
20 3808 0 100 88863596 3.69385 3.69385
58 3805 0 100 88851716 3.79385 3.79385
12 3734 0 100 88870724 3.79385 3.79385
48 3761 0 100 154268160 3.79385 3.79385
11 3741 0 100 154289888 3.79385 3.79385
68 3725 0 100 121543220 3.89385 3.89385
35 3795 0 100 121571060 3.89385 3.89385
43 3722 0 100 121547540 3.99385 3.99385
41 3755 0 100 121572098 4.09385 4.09385
56 3783 0 100 88850568 4.19385 4.19385
37 3782 0 100 121551776 4.29385 4.29385
39 3729 0 100 154257304 4.29385 4.29385
25 3767 0 100 154270368 4.29385 4.29385
57 3775 0 100 121534094 4.49385 4.49385
46 3793 0 100 121557314 4.49385 4.49385
42 3778 0 100 88866496 4.79385 4.79385
36 3750 0 100 88868888 4.79385 4.79385
70 3800 0 100 88857900 4.99385 4.99385
31 3762 0 100 121541372 4.99385 4.99385
10 3786 0 100 121573430 5.09385 5.09385
17 3784 0 100 121545998 5.29385 5.29385
15 3743 0 100 154266792 5.29385 5.29385
63 3747 0 100 88860808 5.39385 5.39385
16 3753 0 100 121551128 5.49385 5.49385
6 3792 0 100 121566098 5.49385 5.49385
44 3780 0 100 121566104 5.49385 5.49385
27 3757 0 100 56207124 5.59385 5.59385
32 3768 0 100 56205108 5.69385 5.69385
60 3777 0 100 88851136 5.79385 5.79385
65 3806 0 100 88849272 5.99385 5.99385
51 3737 0 100 88862376 6.09385 6.09385
9 3760 0 100 88865844 6.09385 6.09385
14 3728 0 100 154287912 6.19385 6.19385
26 3770 0 100 121528280 6.29385 6.29385
23 3758 0 100 121543580 6.29385 6.29385
28 3803 0 100 154255152 6.59385 6.59385
24 3765 0 100 154303400 6.59385 6.59385
3 3769 0 100 121570928 6.69385 6.69385
52 3759 0 100 154288576 6.79385 6.79385
2 3788 0 100 121533734 6.89385 6.89385
21 3794 0 100 121541690 6.89385 6.89385
67 3797 0 100 56206216 7.19385 7.19385
8 3772 0 100 154258008 7.19385 7.19385
7 3801 0 100 154243848 7.49385 7.49385
