0 3710
0 3711
0 3712
0 3713
0 3714
0 3715
0 3716
0 3717
0 3718
0 3719
0 3723
0 3727
19 3724
0 3732
0 3733
0 3738
0 3744
0 3748
18 3739
0 3754
1 3749
30 3730
0 3763
53 3746
0 3766
0 3774
45 3771
64 3756
0 3779
13 3742
62 3726
0 3785
50 3781
69 3736
0 3790
66 3721
5 3764
0 3796
55 3731
0 3798
54 3740
0 3802
4 3773
0 3804
34 3799
61 3745
0 3807
0 3809
29 3751
38 3791
59 3752
0 3810
0 3811
49 3787
0 3812
22 3776
0 3813
33 3789
0 3814
47 3735
0 3815
40 3720
0 3816
20 3808
0 3817
58 3805
12 3734
48 3761
11 3741
0 3818
68 3725
35 3795
0 3819
43 3722
0 3820
41 3755
0 3821
56 3783
0 3822
37 3782
39 3729
25 3767
0 3823
0 3824
57 3775
46 3793
0 3825
0 3826
0 3827
42 3778
36 3750
0 3828
0 3829
70 3800
31 3762
0 3830
10 3786
0 3831
0 3832
17 3784
15 3743
0 3833
63 3747
0 3834
16 3753
6 3792
44 3780
0 3835
27 3757
0 3836
32 3768
0 3837
60 3777
0 3838
0 3839
65 3806
0 3840
51 3737
9 3760
0 3841
14 3728
0 3842
26 3770
23 3758
0 3843
0 3844
0 3845
28 3803
24 3765
0 3846
3 3769
0 3847
52 3759
0 3848
2 3788
21 3794
0 3849
0 3850
0 3851
67 3797
8 3772
0 3852
0 3853
0 3854
7 3801
0 3855
0 3856
0 3857
0 3858
0 3859
0 3860
0 3861
0 3862
0 3863
0 3864
0 3865
0 3866
0 3867
0 3868
0 3869
0 3870
0 3871
0 3872
0 3873
0 3874
0 3875
0 3876
0 3877
0 3878
0 3879
0 3880
0 3881
0 3882
0 3883
0 3884
0 3885
0 3886
0 3887
0 3888
0 3889
0 3890
0 3891
0 3892
0 3893
0 3894
0 3895
0 3896
0 3897
0 3898
0 3899
0 3900
0 3901
0 3902
0 3903
0 3904
0 3905
0 3906
0 3907
0 3908
0 3909
0 3910
0 3911
0 3912
0 3913
0 3914
0 3915
0 3916
0 3917
0 3918
0 3919
0 3920
0 3921
0 3922
0 3923
0 3924
0 3925
0 3926
0 3927
0 3928
0 3929
