8 0.8 0.016 0.784
20 0.8 0.016 0.784
8 0.784 0.16 0.624
20 0.784 0.16 0.624
20 0.624 0.16 0.464
30 0.8 0.016 0.784
39 0.8 0.016 0.784
30 0.784 0.16 0.624
39 0.784 0.16 0.624
39 0.624 0.16 0.464
18 0.8 0.016 0.784
23 0.8 0.016 0.784
23 0.784 0.16 0.624
18 0.784 0.16 0.624
5 0.8 0.16 0.64
5 0.719931 0.016 0.703931
5 0.703931 0.16 0.543931
41 0.8 0.16 0.64
41 0.716106 0.016 0.700106
41 0.700106 0.16 0.540106
6 0.8 0.016 0.784
6 0.784 0.16 0.624
31 0.8 0.16 0.64
46 0.8 0.16 0.64
11 0.8 0.016 0.784
31 0.714099 0.016 0.698099
46 0.719793 0.016 0.703793
31 0.698099 0.16 0.538099
11 0.784 0.16 0.624
46 0.703793 0.16 0.543793
46 0.543793 0.16 0.383793
11 0.624 0.16 0.464
11 0.464 0.16 0.304
21 0.8 0.016 0.784
49 0.8 0.016 0.784
49 0.784 0.16 0.624
21 0.784 0.16 0.624
21 0.624 0.16 0.464
24 0.8 0.16 0.64
28 0.8 0.16 0.64
43 0.8 0.16 0.64
24 0.716568 0.016 0.700568
28 0.715889 0.016 0.699889
43 0.718158 0.016 0.702158
24 0.700568 0.16 0.540568
43 0.702158 0.16 0.542158
28 0.699889 0.16 0.539889
28 0.539889 0.16 0.379889
28 0.379889 0.16 0.219889
2 0.8 0.016 0.784
2 0.784 0.16 0.624
14 0.8 0.016 0.784
14 0.784 0.16 0.624
4 0.8 0.16 0.64
17 0.8 0.16 0.64
4 0.71219 0.016 0.69619
17 0.713814 0.016 0.697814
4 0.69619 0.16 0.53619
17 0.697814 0.16 0.537814
35 0.8 0.16 0.64
17 0.537814 0.16 0.377814
35 0.64 0.16 0.48
35 0.551371 0.016 0.535371
35 0.535371 0.16 0.375371
47 0.8 0.16 0.64
47 0.71638 0.016 0.70038
47 0.70038 0.16 0.54038
45 0.8 0.016 0.784
45 0.784 0.16 0.624
1 0.8 0.016 0.784
12 0.8 0.016 0.784
1 0.784 0.16 0.624
12 0.784 0.16 0.624
42 0.8 0.16 0.64
12 0.624 0.16 0.464
42 0.64 0.16 0.48
42 0.555584 0.016 0.539584
42 0.539584 0.16 0.379584
25 0.8 0.016 0.784
29 0.8 0.016 0.784
29 0.784 0.16 0.624
25 0.784 0.16 0.624
15 0.8 0.016 0.784
40 0.8 0.016 0.784
15 0.784 0.16 0.624
40 0.784 0.16 0.624
40 0.624 0.16 0.464
34 0.8 0.016 0.784
34 0.784 0.16 0.624
37 0.8 0.016 0.784
37 0.784 0.16 0.624
38 0.8 0.16 0.64
44 0.8 0.16 0.64
38 0.7107 0.016 0.6947
44 0.719766 0.016 0.703766
44 0.703766 0.16 0.543766
38 0.6947 0.16 0.5347
3 0.8 0.016 0.784
3 0.784 0.16 0.624
19 0.8 0.016 0.784
19 0.784 0.16 0.624
7 0.8 0.016 0.784
33 0.8 0.016 0.784
7 0.784 0.16 0.624
33 0.784 0.16 0.624
33 0.624 0.16 0.464
26 0.8 0.16 0.64
27 0.8 0.16 0.64
26 0.710758 0.016 0.694758
27 0.717506 0.016 0.701506
26 0.694758 0.16 0.534758
27 0.701506 0.16 0.541506
27 0.541506 0.16 0.381506
50 0.8 0.016 0.784
50 0.784 0.16 0.624
9 0.8 0.16 0.64
9 0.71826 0.016 0.70226
9 0.70226 0.16 0.54226
36 0.8 0.016 0.784
48 0.8 0.016 0.784
48 0.784 0.16 0.624
16 0.8 0.16 0.64
22 0.8 0.16 0.64
36 0.784 0.16 0.624
36 0.624 0.16 0.464
22 0.64 0.16 0.48
10 0.8 0.016 0.784
13 0.8 0.016 0.784
16 0.710054 0.016 0.694054
22 0.559914 0.016 0.543914
16 0.694054 0.16 0.534054
13 0.784 0.16 0.624
22 0.543914 0.16 0.383914
10 0.784 0.16 0.624
10 0.624 0.16 0.464
10 0.464 0.16 0.304
10 0.304 0.16 0.144
32 0.8 0.016 0.784
32 0.784 0.16 0.624
