0 3300
0 3301
0 3302
0 3303
0 3304
0 3305
0 3306
0 3307
0 3308
0 3309
0 3310
0 3315
0 3323
0 3326
0 3328
0 3333
0 3336
0 3340
8 3327
20 3312
0 3343
0 3347
0 3350
30 3325
39 3346
0 3352
0 3355
23 3321
18 3342
0 3361
5 3334
0 3362
41 3359
0 3366
0 3368
6 3351
0 3371
31 3317
46 3349
11 3311
0 3376
0 3379
0 3380
49 3377
21 3369
0 3381
24 3318
43 3332
28 3313
0 3382
0 3383
2 3330
0 3384
0 3385
0 3386
14 3341
0 3387
4 3337
17 3335
0 3388
35 3356
0 3389
47 3373
0 3390
0 3391
45 3320
0 3392
0 3393
0 3394
1 3348
12 3316
0 3395
42 3329
0 3396
29 3319
25 3370
0 3397
0 3398
0 3399
15 3374
40 3345
0 3400
0 3401
0 3402
0 3403
34 3360
0 3404
37 3367
0 3405
44 3324
38 3314
0 3406
0 3407
3 3375
0 3408
19 3364
0 3409
0 3410
7 3365
33 3322
0 3411
26 3338
27 3331
0 3412
0 3413
0 3414
50 3339
0 3415
9 3354
0 3416
0 3417
0 3418
0 3419
48 3344
36 3358
0 3420
16 3353
13 3363
22 3372
10 3357
0 3421
0 3422
0 3423
0 3424
0 3425
0 3426
0 3427
32 3378
0 3428
0 3429
0 3430
0 3431
0 3432
0 3433
0 3434
0 3435
0 3436
0 3437
0 3438
0 3439
0 3440
0 3441
0 3442
0 3443
0 3444
0 3445
0 3446
0 3447
0 3448
0 3449
0 3450
0 3451
0 3452
0 3453
0 3454
0 3455
0 3456
0 3457
0 3458
0 3459
0 3460
0 3461
0 3462
0 3463
0 3464
0 3465
0 3466
0 3467
0 3468
0 3469
0 3470
0 3471
0 3472
0 3473
0 3474
0 3475
0 3476
0 3477
0 3478
0 3479
0 3480
0 3481
0 3482
0 3483
0 3484
0 3485
0 3486
0 3487
0 3488
0 3489
0 3490
0 3491
0 3492
0 3493
0 3494
0 3495
0 3496
0 3497
0 3498
0 3499
