76 4411 1.04653
53 4412 1.05833
10 4413 1.07343
16 4414 1.07476
24 4415 1.07572
4 4416 1.11014
18 4417 1.11682
80 4419 1.18476
78 4420 1.214
40 4422 1.22823
60 4423 1.32183
97 4425 1.37498
15 4426 1.37767
36 4427 1.38574
71 4428 1.38815
46 4429 1.38901
62 4430 1.39818
57 4431 1.42193
30 4433 1.43101
93 4434 1.43759
77 4435 1.44409
74 4436 1.44635
34 4437 1.4531
25 4438 1.48504
48 4439 1.49851
12 4441 1.52659
63 4442 1.54666
49 4443 1.57125
91 4444 1.57146
84 4445 1.59967
42 4447 1.62911
85 4448 1.63229
70 4449 1.64123
68 4450 1.64892
98 4451 1.67486
87 4452 1.707
6 4454 1.74333
90 4455 1.75446
86 4456 1.75581
29 4457 1.77187
2 4458 1.78698
14 4459 1.80963
1 4461 1.88889
20 4462 1.90483
21 4463 1.9059
8 4464 1.92277
52 4466 1.93485
89 4467 2.01434
26 4468 2.0149
65 4470 2.03496
81 4471 2.04241
56 4472 2.06808
61 4473 2.1076
39 4475 2.1336
41 4476 2.13671
13 4477 2.13974
82 4478 2.17156
94 4479 2.17543
33 4480 2.19474
7 4481 2.1985
100 4482 2.20276
67 4483 2.22008
95 4484 2.22196
58 4486 2.29075
92 4487 2.29598
83 4489 2.34442
5 4490 2.34869
17 4491 2.35875
27 4493 2.4314
32 4494 2.45202
51 4495 2.46596
9 4496 2.49146
31 4497 2.49933
28 4499 2.53552
54 4500 2.53579
55 4501 2.55753
43 4502 2.61961
75 4504 2.63388
73 4505 2.65137
37 4506 2.65269
69 4507 2.65507
50 4508 2.69142
47 4509 2.70029
11 4510 2.70087
38 4511 2.70339
96 4512 2.72273
19 4514 2.76068
59 4515 2.79092
64 4516 2.81286
35 4517 2.81619
44 4519 2.83824
23 4520 2.86025
79 4521 2.87306
22 4522 2.88058
72 4523 2.88126
45 4524 2.88779
66 4525 2.89526
3 4526 2.89868
99 4528 2.92651
88 4529 2.93527
