0 4160
0 4161
0 4162
0 4163
0 4164
0 4165
0 4166
0 4167
0 4168
0 4169
0 4174
0 4178
0 4184
0 4190
0 4198
0 4203
3 4193
85 4202
0 4208
33 4206
0 4214
0 4221
81 4200
2 4215
58 4173
0 4225
84 4171
0 4232
15 4204
29 4177
90 4191
0 4237
26 4197
0 4246
37 4175
46 4194
0 4250
0 4252
66 4201
86 4224
0 4257
74 4235
5 4233
0 4266
57 4219
45 4261
43 4243
0 4269
87 4180
0 4273
0 4278
83 4205
28 4172
0 4280
48 4262
50 4213
12 4259
0 4281
6 4187
60 4260
0 4282
51 4209
61 4251
22 4212
10 4229
4 4240
0 4283
38 4263
0 4284
70 4238
27 4279
0 4285
19 4245
52 4170
0 4286
41 4195
0 4287
44 4196
8 4256
0 4288
0 4289
9 4248
54 4181
17 4210
0 4290
0 4291
62 4182
23 4241
0 4292
0 4293
13 4276
0 4294
34 4220
21 4271
25 4274
7 4192
39 4244
0 4295
0 4296
0 4297
31 4272
88 4211
75 4242
0 4298
1 4253
53 4236
55 4189
0 4299
63 4226
18 4255
0 4300
72 4275
0 4301
0 4302
0 4303
64 4223
0 4304
67 4264
65 4222
71 4186
0 4305
78 4216
0 4306
76 4227
36 4179
59 4239
0 4307
79 4230
0 4308
35 4277
80 4183
0 4309
11 4185
0 4310
82 4218
20 4176
49 4217
0 4311
68 4231
14 4234
73 4228
0 4312
30 4188
0 4313
56 4199
24 4207
0 4314
47 4258
0 4315
32 4268
0 4316
0 4317
77 4254
0 4318
40 4249
0 4319
89 4247
42 4265
0 4320
0 4321
16 4270
0 4322
0 4323
69 4267
0 4324
0 4325
0 4326
0 4327
0 4328
0 4329
0 4330
0 4331
0 4332
0 4333
0 4334
0 4335
0 4336
0 4337
0 4338
0 4339
0 4340
0 4341
0 4342
0 4343
0 4344
0 4345
0 4346
0 4347
0 4348
0 4349
0 4350
0 4351
0 4352
0 4353
0 4354
0 4355
0 4356
0 4357
0 4358
0 4359
0 4360
0 4361
0 4362
0 4363
0 4364
0 4365
0 4366
0 4367
0 4368
0 4369
0 4370
0 4371
0 4372
0 4373
0 4374
0 4375
0 4376
0 4377
0 4378
0 4379
0 4380
0 4381
0 4382
0 4383
0 4384
0 4385
0 4386
0 4387
0 4388
0 4389
0 4390
0 4391
0 4392
0 4393
0 4394
0 4395
0 4396
0 4397
0 4398
0 4399
