2 0.8 0.016 0.784
2 0.784 0.16 0.624
9 0.8 0.016 0.784
9 0.784 0.16 0.624
18 0.8 0.016 0.784
18 0.784 0.16 0.624
14 0.8 0.016 0.784
14 0.784 0.16 0.624
12 0.8 0.016 0.784
12 0.784 0.16 0.624
16 0.8 0.016 0.784
16 0.784 0.16 0.624
15 0.8 0.16 0.64
15 0.714722 0.016 0.698722
15 0.698722 0.16 0.538722
1 0.8 0.016 0.784
20 0.8 0.016 0.784
20 0.784 0.16 0.624
1 0.784 0.16 0.624
1 0.624 0.16 0.464
17 0.8 0.016 0.784
17 0.784 0.16 0.624
3 0.8 0.016 0.784
3 0.784 0.16 0.624
11 0.8 0.016 0.784
11 0.784 0.16 0.624
6 0.8 0.016 0.784
6 0.784 0.16 0.624
5 0.8 0.016 0.784
5 0.784 0.16 0.624
7 0.8 0.16 0.64
19 0.8 0.16 0.64
7 0.712778 0.016 0.696778
19 0.716951 0.016 0.700951
7 0.696778 0.16 0.536778
19 0.700951 0.16 0.540951
19 0.540951 0.16 0.380951
8 0.8 0.16 0.64
8 0.716513 0.016 0.700513
8 0.700513 0.16 0.540513
10 0.8 0.016 0.784
10 0.784 0.16 0.624
4 0.8 0.016 0.784
4 0.784 0.16 0.624
13 0.8 0.016 0.784
13 0.784 0.16 0.624
