0 3110
0 3111
0 3112
0 3113
0 3114
0 3115
0 3116
0 3117
0 3118
0 3119
0 3120
0 3126
0 3127
0 3130
0 3133
0 3134
0 3137
0 3139
0 3142
0 3145
39 3128
0 3148
0 3149
0 3155
6 3146
0 3159
20 3123
22 3125
0 3161
1 3131
0 3164
0 3167
30 3124
0 3172
0 3176
0 3178
0 3180
0 3181
8 3163
0 3182
0 3183
19 3141
3 3140
0 3184
0 3185
35 3165
0 3186
24 3129
0 3187
0 3188
29 3147
34 3151
9 3138
0 3189
38 3173
26 3132
0 3190
31 3136
18 3150
0 3191
16 3157
12 3174
4 3144
0 3192
0 3193
0 3194
0 3195
0 3196
0 3197
11 3162
0 3198
33 3179
28 3135
27 3168
0 3199
23 3154
0 3200
25 3152
0 3201
0 3202
0 3203
0 3204
0 3205
7 3122
0 3206
0 3207
37 3121
0 3208
0 3209
2 3156
0 3210
0 3211
40 3160
0 3212
0 3213
0 3214
17 3171
0 3215
0 3216
15 3153
0 3217
0 3218
0 3219
14 3143
0 3220
0 3221
0 3222
0 3223
5 3158
36 3175
0 3224
0 3225
10 3169
0 3226
21 3170
13 3166
0 3227
0 3228
0 3229
32 3177
0 3230
0 3231
0 3232
0 3233
0 3234
0 3235
0 3236
0 3237
0 3238
0 3239
0 3240
0 3241
0 3242
0 3243
0 3244
0 3245
0 3246
0 3247
0 3248
0 3249
0 3250
0 3251
0 3252
0 3253
0 3254
0 3255
0 3256
0 3257
0 3258
0 3259
0 3260
0 3261
0 3262
0 3263
0 3264
0 3265
0 3266
0 3267
0 3268
0 3269
0 3270
0 3271
0 3272
0 3273
0 3274
0 3275
0 3276
0 3277
0 3278
0 3279
0 3280
0 3281
0 3282
0 3283
0 3284
0 3285
0 3286
0 3287
0 3288
0 3289
0 3290
0 3291
0 3292
0 3293
0 3294
0 3295
0 3296
0 3297
0 3298
0 3299
