12 0.8 0.016 0.784
12 0.784 0.16 0.624
25 0.8 0.016 0.784
25 0.784 0.16 0.624
6 0.8 0.016 0.784
26 0.8 0.016 0.784
26 0.784 0.16 0.624
6 0.784 0.16 0.624
6 0.624 0.16 0.464
20 0.8 0.016 0.784
20 0.784 0.16 0.624
1 0.8 0.016 0.784
1 0.784 0.16 0.624
15 0.8 0.16 0.64
15 0.712978 0.016 0.696978
15 0.696978 0.16 0.536978
21 0.8 0.016 0.784
29 0.8 0.016 0.784
29 0.784 0.16 0.624
21 0.784 0.16 0.624
21 0.624 0.16 0.464
18 0.8 0.016 0.784
18 0.784 0.16 0.624
30 0.8 0.016 0.784
30 0.784 0.16 0.624
14 0.8 0.016 0.784
14 0.784 0.16 0.624
10 0.8 0.016 0.784
10 0.784 0.16 0.624
2 0.8 0.16 0.64
2 0.788847 0.016 0.772847
2 0.772847 0.16 0.612847
22 0.8 0.016 0.784
22 0.784 0.16 0.624
9 0.8 0.016 0.784
9 0.784 0.16 0.624
13 0.8 0.16 0.64
13 0.716501 0.016 0.700501
13 0.700501 0.16 0.540501
19 0.8 0.016 0.784
19 0.784 0.16 0.624
16 0.8 0.016 0.784
16 0.784 0.16 0.624
28 0.8 0.16 0.64
4 0.8 0.016 0.784
28 0.71536 0.016 0.69936
28 0.69936 0.16 0.53936
4 0.784 0.16 0.624
23 0.8 0.016 0.784
23 0.784 0.16 0.624
5 0.8 0.16 0.64
5 0.717862 0.016 0.701862
8 0.8 0.016 0.784
5 0.701862 0.16 0.541862
8 0.784 0.16 0.624
8 0.624 0.16 0.464
24 0.8 0.16 0.64
24 0.718082 0.016 0.702082
24 0.702082 0.16 0.542082
11 0.8 0.16 0.64
11 0.710455 0.016 0.694455
11 0.694455 0.16 0.534455
17 0.8 0.016 0.784
17 0.784 0.16 0.624
3 0.8 0.016 0.784
3 0.784 0.16 0.624
7 0.8 0.016 0.784
7 0.784 0.16 0.624
27 0.8 0.16 0.64
27 0.719106 0.016 0.703106
27 0.703106 0.16 0.543106
