33 3941 1.05426
34 3942 1.0608
48 3943 1.07593
68 3944 1.09533
46 3946 1.15019
17 3947 1.16258
10 3948 1.19839
22 3949 1.21084
32 3951 1.26704
47 3952 1.27312
23 3954 1.33293
4 3955 1.34274
9 3956 1.36406
16 3957 1.40034
19 3958 1.41035
1 3960 1.50597
36 3962 1.56984
50 3963 1.57671
70 3964 1.57926
67 3965 1.59984
35 3966 1.61056
51 3968 1.63631
28 3969 1.65197
13 3970 1.65581
66 3971 1.65728
62 3972 1.66609
76 3973 1.66711
7 3974 1.66961
77 3975 1.68093
12 3976 1.68771
54 3977 1.69308
80 3978 1.71137
57 3979 1.71146
71 3980 1.71188
20 3982 1.77916
43 3983 1.79316
52 3984 1.80059
11 3985 1.82375
58 3987 1.9069
5 3989 1.99221
49 3991 2.05083
42 3992 2.05866
6 3993 2.06926
75 3994 2.12494
53 3995 2.13181
55 3997 2.15652
2 3998 2.19549
56 3999 2.19776
59 4001 2.26221
44 4002 2.27082
40 4003 2.27554
38 4004 2.28338
63 4005 2.29884
37 4006 2.33261
15 4008 2.34029
72 4009 2.35992
78 4010 2.39495
61 4012 2.45382
14 4013 2.48615
31 4014 2.48834
65 4015 2.51267
21 4016 2.5142
69 4018 2.5928
24 4019 2.60305
39 4021 2.65548
64 4022 2.69217
3 4024 2.73862
73 4025 2.74026
8 4026 2.75851
26 4027 2.80066
29 4028 2.80155
79 4029 2.82158
74 4030 2.82227
45 4032 2.84105
25 4033 2.84835
60 4034 2.86768
30 4035 2.91552
18 4036 2.92839
41 4038 2.97045
27 4039 2.9718
