39 0.8 0.016 0.784
39 0.784 0.16 0.624
6 0.8 0.016 0.784
6 0.784 0.16 0.624
20 0.8 0.16 0.64
20 0.718325 0.016 0.702325
22 0.8 0.016 0.784
20 0.702325 0.16 0.542325
1 0.8 0.16 0.64
22 0.784 0.16 0.624
22 0.624 0.16 0.464
1 0.64 0.16 0.48
1 0.559086 0.016 0.543086
1 0.543086 0.16 0.383086
30 0.8 0.016 0.784
30 0.784 0.16 0.624
8 0.8 0.016 0.784
8 0.784 0.16 0.624
3 0.8 0.016 0.784
19 0.8 0.016 0.784
19 0.784 0.16 0.624
3 0.784 0.16 0.624
35 0.8 0.016 0.784
35 0.784 0.16 0.624
24 0.8 0.16 0.64
24 0.718977 0.016 0.702977
24 0.702977 0.16 0.542977
9 0.8 0.016 0.784
29 0.8 0.016 0.784
34 0.8 0.016 0.784
29 0.784 0.16 0.624
9 0.784 0.16 0.624
34 0.784 0.16 0.624
34 0.624 0.16 0.464
9 0.624 0.16 0.464
9 0.464 0.16 0.304
26 0.8 0.16 0.64
38 0.8 0.16 0.64
26 0.718942 0.016 0.702942
38 0.719443 0.016 0.703443
38 0.703443 0.16 0.543443
26 0.702942 0.16 0.542942
18 0.8 0.016 0.784
31 0.8 0.016 0.784
31 0.784 0.16 0.624
18 0.784 0.16 0.624
4 0.8 0.16 0.64
11 0.8 0.16 0.64
12 0.8 0.16 0.64
16 0.8 0.16 0.64
4 0.64 0.16 0.48
11 0.64 0.16 0.48
12 0.64 0.16 0.48
16 0.64 0.16 0.48
4 0.553713 0.016 0.537713
12 0.552503 0.016 0.536503
16 0.55292 0.016 0.53692
16 0.53692 0.16 0.37692
12 0.536503 0.16 0.376503
4 0.537713 0.16 0.377713
11 0.556925 0.16 0.396925
4 0.377713 0.16 0.217713
11 0.396925 0.16 0.236925
4 0.217713 0.16 0.0577125
11 0.236925 0.16 0.0769254
11 0.154008 0.016 0.138008
11 0.50264 0.16 0.34264
27 0.8 0.016 0.784
28 0.8 0.016 0.784
33 0.8 0.016 0.784
33 0.784 0.16 0.624
27 0.784 0.16 0.624
28 0.784 0.16 0.624
28 0.624 0.16 0.464
23 0.8 0.16 0.64
27 0.624 0.16 0.464
27 0.464 0.16 0.304
23 0.64 0.16 0.48
23 0.555194 0.016 0.539194
23 0.539194 0.16 0.379194
25 0.8 0.16 0.64
25 0.711863 0.016 0.695863
25 0.695863 0.16 0.535863
7 0.8 0.016 0.784
7 0.784 0.16 0.624
37 0.8 0.016 0.784
37 0.784 0.16 0.624
2 0.8 0.016 0.784
2 0.784 0.16 0.624
40 0.8 0.016 0.784
40 0.784 0.16 0.624
17 0.8 0.016 0.784
17 0.784 0.16 0.624
15 0.8 0.016 0.784
15 0.784 0.16 0.624
14 0.8 0.016 0.784
14 0.784 0.16 0.624
5 0.8 0.016 0.784
36 0.8 0.016 0.784
5 0.784 0.16 0.624
36 0.784 0.16 0.624
10 0.8 0.016 0.784
10 0.784 0.16 0.624
21 0.8 0.16 0.64
13 0.8 0.016 0.784
21 0.718022 0.016 0.702022
21 0.702022 0.16 0.542022
13 0.784 0.16 0.624
13 0.624 0.16 0.464
32 0.8 0.016 0.784
32 0.784 0.16 0.624
