20 0.8 0.016 0.784
49 0.8 0.016 0.784
20 0.784 0.16 0.624
49 0.784 0.16 0.624
49 0.624 0.16 0.464
3 0.8 0.016 0.784
3 0.784 0.16 0.624
41 0.8 0.016 0.784
41 0.784 0.16 0.624
60 0.8 0.016 0.784
60 0.784 0.16 0.624
10 0.8 0.016 0.784
31 0.8 0.016 0.784
52 0.8 0.016 0.784
31 0.784 0.16 0.624
10 0.784 0.16 0.624
52 0.784 0.16 0.624
10 0.624 0.16 0.464
52 0.624 0.16 0.464
38 0.8 0.016 0.784
38 0.784 0.16 0.624
43 0.8 0.16 0.64
43 0.718262 0.016 0.702262
46 0.8 0.016 0.784
43 0.702262 0.16 0.542262
46 0.784 0.16 0.624
46 0.624 0.16 0.464
22 0.8 0.016 0.784
22 0.784 0.16 0.624
59 0.8 0.16 0.64
59 0.719812 0.016 0.703812
59 0.703812 0.16 0.543812
17 0.8 0.016 0.784
17 0.784 0.16 0.624
23 0.8 0.016 0.784
25 0.8 0.016 0.784
23 0.784 0.16 0.624
25 0.784 0.16 0.624
25 0.624 0.16 0.464
35 0.8 0.016 0.784
51 0.8 0.016 0.784
35 0.784 0.16 0.624
51 0.784 0.16 0.624
51 0.624 0.16 0.464
56 0.8 0.016 0.784
56 0.784 0.16 0.624
15 0.8 0.16 0.64
18 0.8 0.16 0.64
50 0.8 0.16 0.64
58 0.8 0.16 0.64
18 0.71494 0.016 0.69894
50 0.715439 0.016 0.699439
58 0.711244 0.016 0.695244
50 0.699439 0.16 0.539439
18 0.69894 0.16 0.53894
15 0.718093 0.16 0.558093
58 0.695244 0.16 0.535244
15 0.558093 0.16 0.398093
58 0.535244 0.16 0.375244
58 0.375244 0.16 0.215244
15 0.398093 0.16 0.238093
15 0.310163 0.016 0.294163
15 0.294163 0.16 0.134163
7 0.8 0.016 0.784
9 0.8 0.016 0.784
14 0.8 0.016 0.784
21 0.8 0.016 0.784
54 0.8 0.016 0.784
14 0.784 0.16 0.624
21 0.784 0.16 0.624
5 0.8 0.16 0.64
7 0.784 0.16 0.624
9 0.784 0.16 0.624
48 0.8 0.16 0.64
54 0.784 0.16 0.624
5 0.64 0.16 0.48
7 0.624 0.16 0.464
9 0.624 0.16 0.464
54 0.624 0.16 0.464
54 0.464 0.16 0.304
9 0.464 0.16 0.304
7 0.464 0.16 0.304
5 0.48 0.16 0.32
48 0.64 0.16 0.48
5 0.32 0.16 0.16
48 0.48 0.16 0.32
5 0.16 0.16 -5.55112e-17
48 0.32 0.16 0.16
5 0.0762443 0.016 0.0602443
48 0.231089 0.016 0.215089
48 0.215089 0.16 0.0550887
5 0.0602443 0.16 -0.0997557
5 0.0797293 0.016 0.0637293
47 0.8 0.016 0.784
57 0.8 0.016 0.784
47 0.784 0.16 0.624
57 0.784 0.16 0.624
57 0.624 0.16 0.464
53 0.8 0.16 0.64
53 0.717084 0.016 0.701084
53 0.701084 0.16 0.541084
19 0.8 0.16 0.64
19 0.719101 0.016 0.703101
24 0.8 0.016 0.784
19 0.703101 0.16 0.543101
16 0.8 0.16 0.64
24 0.784 0.16 0.624
44 0.8 0.16 0.64
24 0.624 0.16 0.464
16 0.64 0.16 0.48
44 0.64 0.16 0.48
16 0.553244 0.016 0.537244
44 0.556002 0.016 0.540002
5 0.357604 0.16 0.197604
44 0.540002 0.16 0.380002
16 0.537244 0.16 0.377244
5 0.269543 0.16 0.109543
1 0.8 0.016 0.784
2 0.8 0.016 0.784
12 0.8 0.016 0.784
1 0.784 0.16 0.624
2 0.784 0.16 0.624
12 0.784 0.16 0.624
36 0.8 0.16 0.64
12 0.624 0.16 0.464
2 0.624 0.16 0.464
36 0.64 0.16 0.48
36 0.48 0.16 0.32
36 0.397728 0.016 0.381728
36 0.381728 0.16 0.221728
30 0.8 0.016 0.784
32 0.8 0.016 0.784
30 0.784 0.16 0.624
32 0.784 0.16 0.624
4 0.8 0.016 0.784
11 0.8 0.016 0.784
13 0.8 0.016 0.784
55 0.8 0.016 0.784
4 0.784 0.16 0.624
11 0.784 0.16 0.624
13 0.784 0.16 0.624
55 0.784 0.16 0.624
11 0.624 0.16 0.464
55 0.624 0.16 0.464
55 0.464 0.16 0.304
13 0.624 0.16 0.464
40 0.8 0.016 0.784
40 0.784 0.16 0.624
27 0.8 0.016 0.784
37 0.8 0.016 0.784
37 0.784 0.16 0.624
27 0.784 0.16 0.624
27 0.624 0.16 0.464
42 0.8 0.016 0.784
42 0.784 0.16 0.624
29 0.8 0.16 0.64
29 0.7155 0.016 0.6995
29 0.6995 0.16 0.5395
28 0.8 0.016 0.784
33 0.8 0.016 0.784
33 0.784 0.16 0.624
28 0.784 0.16 0.624
34 0.8 0.16 0.64
39 0.8 0.16 0.64
28 0.624 0.16 0.464
8 0.8 0.16 0.64
34 0.64 0.16 0.48
39 0.64 0.16 0.48
34 0.555106 0.016 0.539106
39 0.551908 0.016 0.535908
39 0.535908 0.16 0.375908
34 0.539106 0.16 0.379106
8 0.718565 0.16 0.558565
8 0.558565 0.16 0.398565
8 0.475471 0.016 0.459471
8 0.459471 0.16 0.299471
26 0.8 0.16 0.64
26 0.710119 0.016 0.694119
26 0.694119 0.16 0.534119
45 0.8 0.16 0.64
45 0.713101 0.016 0.697101
45 0.697101 0.16 0.537101
6 0.8 0.016 0.784
6 0.784 0.16 0.624
