4 0.8 0.016 0.784
15 0.8 0.016 0.784
36 0.8 0.016 0.784
4 0.784 0.16 0.624
15 0.784 0.16 0.624
36 0.784 0.16 0.624
15 0.624 0.16 0.464
36 0.624 0.16 0.464
36 0.464 0.16 0.304
93 0.8 0.016 0.784
93 0.784 0.16 0.624
40 0.8 0.016 0.784
40 0.784 0.16 0.624
63 0.8 0.016 0.784
63 0.784 0.16 0.624
30 0.8 0.16 0.64
26 0.8 0.016 0.784
30 0.716171 0.016 0.700171
26 0.784 0.16 0.624
30 0.700171 0.16 0.540171
30 0.540171 0.16 0.380171
76 0.8 0.016 0.784
76 0.784 0.16 0.624
2 0.8 0.16 0.64
2 0.717007 0.016 0.701007
67 0.8 0.016 0.784
82 0.8 0.016 0.784
82 0.784 0.16 0.624
2 0.701007 0.16 0.541007
67 0.784 0.16 0.624
100 0.8 0.16 0.64
2 0.541007 0.16 0.381007
67 0.624 0.16 0.464
13 0.8 0.016 0.784
46 0.8 0.016 0.784
46 0.784 0.16 0.624
13 0.784 0.16 0.624
86 0.8 0.16 0.64
86 0.64 0.16 0.48
86 0.551784 0.016 0.535784
86 0.535784 0.16 0.375784
39 0.8 0.16 0.64
39 0.713021 0.016 0.697021
39 0.697021 0.16 0.537021
8 0.8 0.016 0.784
74 0.8 0.016 0.784
74 0.784 0.16 0.624
8 0.784 0.16 0.624
8 0.624 0.16 0.464
14 0.8 0.016 0.784
95 0.8 0.016 0.784
14 0.784 0.16 0.624
95 0.784 0.16 0.624
47 0.8 0.16 0.64
84 0.8 0.16 0.64
47 0.64 0.16 0.48
84 0.64 0.16 0.48
45 0.8 0.016 0.784
47 0.550957 0.016 0.534957
84 0.551984 0.016 0.535984
84 0.535984 0.16 0.375984
45 0.784 0.16 0.624
47 0.534957 0.16 0.374957
47 0.374957 0.16 0.214957
45 0.624 0.16 0.464
19 0.8 0.016 0.784
51 0.8 0.016 0.784
51 0.784 0.16 0.624
19 0.784 0.16 0.624
24 0.8 0.16 0.64
32 0.8 0.16 0.64
48 0.8 0.16 0.64
54 0.8 0.16 0.64
56 0.8 0.16 0.64
75 0.8 0.16 0.64
19 0.624 0.16 0.464
24 0.64 0.16 0.48
32 0.64 0.16 0.48
41 0.8 0.16 0.64
48 0.64 0.16 0.48
54 0.64 0.16 0.48
56 0.64 0.16 0.48
75 0.64 0.16 0.48
24 0.558154 0.016 0.542154
32 0.556958 0.016 0.540958
48 0.555251 0.016 0.539251
54 0.552344 0.016 0.536344
56 0.557969 0.016 0.541969
75 0.553944 0.016 0.537944
32 0.540958 0.16 0.380958
24 0.542154 0.16 0.382154
41 0.718098 0.16 0.558098
48 0.539251 0.16 0.379251
54 0.536344 0.16 0.376344
56 0.541969 0.16 0.381969
75 0.537944 0.16 0.377944
75 0.377944 0.16 0.217944
56 0.381969 0.16 0.221969
24 0.382154 0.16 0.222154
41 0.558098 0.16 0.398098
48 0.379251 0.16 0.219251
54 0.376344 0.16 0.216344
48 0.219251 0.16 0.0592514
54 0.216344 0.16 0.0563441
48 0.0592514 0.16 -0.100749
54 0.0563441 0.16 -0.103656
41 0.470448 0.016 0.454448
48 0.0725953 0.016 0.0565953
54 0.0754375 0.016 0.0594375
81 0.8 0.016 0.784
89 0.8 0.016 0.784
41 0.454448 0.16 0.294448
48 0.0565953 0.16 -0.103405
54 0.0594375 0.16 -0.100563
60 0.8 0.16 0.64
69 0.8 0.16 0.64
81 0.784 0.16 0.624
89 0.784 0.16 0.624
89 0.624 0.16 0.464
81 0.624 0.16 0.464
38 0.8 0.16 0.64
48 0 0.16 -0.16
54 0 0.16 -0.16
60 0.64 0.16 0.48
69 0.64 0.16 0.48
92 0.8 0.16 0.64
48 0 0.16 -0.16
54 0 0.16 -0.16
60 0.48 0.16 0.32
69 0.48 0.16 0.32
92 0.64 0.16 0.48
38 0.711668 0.016 0.695668
54 0.0771237 0.016 0.0611237
60 0.396937 0.016 0.380937
69 0.399315 0.016 0.383315
92 0.554886 0.016 0.538886
60 0.380937 0.16 0.220937
38 0.695668 0.16 0.535668
54 0.0611237 0.16 -0.0988763
69 0.383315 0.16 0.223315
92 0.538886 0.16 0.378886
69 0.223315 0.16 0.0633152
38 0.535668 0.16 0.375668
92 0.378886 0.16 0.218886
92 0.218886 0.16 0.0588858
38 0.375668 0.16 0.215668
58 0.8 0.16 0.64
58 0.64 0.16 0.48
58 0.554936 0.016 0.538936
58 0.538936 0.16 0.378936
99 0.8 0.16 0.64
35 0.8 0.016 0.784
99 0.711211 0.016 0.695211
99 0.695211 0.16 0.535211
25 0.8 0.16 0.64
35 0.784 0.16 0.624
78 0.8 0.16 0.64
35 0.624 0.16 0.464
25 0.64 0.16 0.48
78 0.64 0.16 0.48
25 0.553658 0.016 0.537658
78 0.557216 0.016 0.541216
25 0.537658 0.16 0.377658
78 0.541216 0.16 0.381216
78 0.381216 0.16 0.221216
48 0.301713 0.16 0.141713
54 0.228644 0.16 0.0686435
61 0.8 0.16 0.64
61 0.719255 0.016 0.703255
48 0.213432 0.16 0.0534325
61 0.703255 0.16 0.543255
53 0.8 0.16 0.64
54 0.223269 0.16 0.0632689
53 0.789468 0.016 0.773468
53 0.773468 0.16 0.613468
77 0.8 0.16 0.64
6 0.8 0.016 0.784
34 0.8 0.016 0.784
77 0.712192 0.016 0.696192
6 0.784 0.16 0.624
77 0.696192 0.16 0.536192
16 0.8 0.16 0.64
34 0.784 0.16 0.624
34 0.624 0.16 0.464
34 0.464 0.16 0.304
16 0.64 0.16 0.48
16 0.550468 0.016 0.534468
80 0.8 0.016 0.784
16 0.534468 0.16 0.374468
80 0.784 0.16 0.624
54 0.360259 0.16 0.200259
20 0.8 0.016 0.784
27 0.8 0.016 0.784
42 0.8 0.016 0.784
20 0.784 0.16 0.624
42 0.784 0.16 0.624
12 0.8 0.16 0.64
27 0.784 0.16 0.624
27 0.624 0.16 0.464
27 0.464 0.16 0.304
12 0.64 0.16 0.48
72 0.8 0.16 0.64
12 0.554252 0.016 0.538252
72 0.717159 0.016 0.701159
12 0.538252 0.16 0.378252
72 0.701159 0.16 0.541159
72 0.541159 0.16 0.381159
17 0.8 0.016 0.784
17 0.784 0.16 0.624
23 0.8 0.016 0.784
44 0.8 0.016 0.784
23 0.784 0.16 0.624
28 0.8 0.16 0.64
44 0.784 0.16 0.624
44 0.624 0.16 0.464
28 0.64 0.16 0.48
98 0.8 0.16 0.64
28 0.550978 0.016 0.534978
98 0.719458 0.016 0.703458
28 0.534978 0.16 0.374978
98 0.703458 0.16 0.543458
50 0.8 0.16 0.64
37 0.8 0.16 0.64
50 0.64 0.16 0.48
62 0.8 0.16 0.64
37 0.715487 0.016 0.699487
50 0.557411 0.016 0.541411
62 0.717274 0.016 0.701274
50 0.541411 0.16 0.381411
62 0.701274 0.16 0.541274
37 0.699487 0.16 0.539487
37 0.539487 0.16 0.379487
37 0.379487 0.16 0.219487
9 0.8 0.016 0.784
57 0.8 0.016 0.784
9 0.784 0.16 0.624
57 0.784 0.16 0.624
57 0.624 0.16 0.464
68 0.8 0.16 0.64
68 0.792878 0.016 0.776878
68 0.776878 0.16 0.616878
55 0.8 0.016 0.784
83 0.8 0.016 0.784
55 0.784 0.16 0.624
70 0.8 0.16 0.64
71 0.8 0.16 0.64
83 0.784 0.16 0.624
83 0.624 0.16 0.464
22 0.8 0.16 0.64
70 0.64 0.16 0.48
71 0.64 0.16 0.48
87 0.8 0.16 0.64
97 0.8 0.16 0.64
7 0.8 0.016 0.784
22 0.711522 0.016 0.695522
70 0.555151 0.016 0.539151
71 0.555486 0.016 0.539486
87 0.715826 0.016 0.699826
97 0.716927 0.016 0.700927
87 0.699826 0.16 0.539826
71 0.539486 0.16 0.379486
7 0.784 0.16 0.624
22 0.695522 0.16 0.535522
49 0.8 0.16 0.64
70 0.539151 0.16 0.379151
97 0.700927 0.16 0.540927
7 0.624 0.16 0.464
22 0.535522 0.16 0.375522
49 0.64 0.16 0.48
70 0.379151 0.16 0.219151
97 0.540927 0.16 0.380927
70 0.219151 0.16 0.0591512
22 0.375522 0.16 0.215522
97 0.380927 0.16 0.220927
7 0.464 0.16 0.304
49 0.48 0.16 0.32
49 0.32 0.16 0.16
49 0.16 0.16 -5.55112e-17
49 0 0.16 -0.16
49 0.0791805 0.016 0.0631805
49 0.141745 0.016 0.125745
18 0.8 0.016 0.784
21 0.8 0.016 0.784
43 0.8 0.016 0.784
21 0.784 0.16 0.624
18 0.784 0.16 0.624
43 0.784 0.16 0.624
18 0.624 0.16 0.464
43 0.624 0.16 0.464
43 0.464 0.16 0.304
52 0.8 0.16 0.64
52 0.713442 0.016 0.697442
52 0.697442 0.16 0.537442
10 0.8 0.16 0.64
33 0.8 0.16 0.64
96 0.8 0.16 0.64
10 0.717563 0.016 0.701563
33 0.713882 0.016 0.697882
64 0.8 0.016 0.784
91 0.8 0.016 0.784
96 0.711979 0.016 0.695979
33 0.697882 0.16 0.537882
10 0.701563 0.16 0.541563
31 0.8 0.16 0.64
64 0.784 0.16 0.624
91 0.784 0.16 0.624
96 0.695979 0.16 0.535979
96 0.535979 0.16 0.375979
10 0.541563 0.16 0.381563
31 0.64 0.16 0.48
64 0.624 0.16 0.464
91 0.624 0.16 0.464
10 0.381563 0.16 0.221563
91 0.464 0.16 0.304
64 0.464 0.16 0.304
91 0.304 0.16 0.144
1 0.8 0.16 0.64
31 0.48 0.16 0.32
1 0.64 0.16 0.48
31 0.32 0.16 0.16
1 0.555482 0.016 0.539482
31 0.233923 0.016 0.217923
31 0.217923 0.16 0.0579225
1 0.539482 0.16 0.379482
5 0.8 0.16 0.64
49 0.424173 0.16 0.264173
1 0.379482 0.16 0.219482
5 0.64 0.16 0.48
5 0.55722 0.016 0.54122
49 0.343046 0.16 0.183046
5 0.54122 0.16 0.38122
29 0.8 0.016 0.784
29 0.784 0.16 0.624
85 0.8 0.16 0.64
90 0.8 0.16 0.64
94 0.8 0.16 0.64
90 0.718423 0.016 0.702423
94 0.711194 0.016 0.695194
90 0.702423 0.16 0.542423
94 0.695194 0.16 0.535194
85 0.716438 0.16 0.556438
85 0.556438 0.16 0.396438
85 0.466689 0.016 0.450689
85 0.450689 0.16 0.290689
79 0.8 0.016 0.784
79 0.784 0.16 0.624
3 0.8 0.16 0.64
66 0.8 0.16 0.64
88 0.8 0.16 0.64
3 0.713129 0.016 0.697129
66 0.718692 0.016 0.702692
88 0.710381 0.016 0.694381
3 0.697129 0.16 0.537129
88 0.694381 0.16 0.534381
65 0.8 0.16 0.64
66 0.702692 0.16 0.542692
66 0.542692 0.16 0.382692
66 0.382692 0.16 0.222692
65 0.64 0.16 0.48
65 0.556262 0.016 0.540262
65 0.540262 0.16 0.380262
11 0.8 0.016 0.784
100 0.8 0.016 0.784
11 0.784 0.16 0.624
100 0.784 0.16 0.624
100 0.624 0.16 0.464
59 0.8 0.016 0.784
59 0.784 0.16 0.624
73 0.8 0.016 0.784
73 0.784 0.16 0.624
