12 2953 0 100 154301488 1.52147 1.52147
25 2944 0 100 154249848 1.72147 1.72147
26 2958 0 100 56202778 2.22147 2.22147
6 2959 0 100 121532402 2.22147 2.22147
20 2951 0 100 154295768 2.72147 2.72147
1 2948 0 100 154303296 3.02147 3.02147
15 2979 0 100 121564532 3.12147 3.12147
29 2942 0 100 88857644 3.42147 3.42147
21 2981 0 100 121550762 3.42147 3.42147
18 2971 0 100 154251232 3.52147 3.52147
30 2961 0 100 154283808 3.62147 3.62147
14 2972 0 100 154276712 3.82147 3.82147
10 2941 0 100 154258632 4.02147 4.02147
2 2966 0 100 121542650 4.22147 4.22147
22 2950 0 100 88864916 4.32147 4.32147
9 2955 0 100 88857420 4.62147 4.62147
13 2968 0 100 88856240 4.72147 4.72147
19 2965 0 100 121548818 4.82147 4.82147
16 2956 0 100 121540778 5.42147 5.42147
28 2946 0 100 121542680 5.52147 5.52147
4 2945 0 100 121574942 5.52147 5.52147
23 2984 0 100 88869228 5.72147 5.72147
5 2978 0 100 88875960 5.82147 5.82147
8 2976 0 100 154274944 5.82147 5.82147
24 2970 0 100 154259480 5.92147 5.92147
11 2974 0 100 154246904 6.02147 6.02147
17 2964 0 100 121563470 6.52147 6.52147
3 2989 0 100 154277248 6.82147 6.82147
7 2987 0 100 154253680 7.62147 7.62147
27 2985 0 100 88866636 7.72147 7.72147
