0 4400
0 4401
0 4402
0 4403
0 4404
0 4405
0 4406
0 4407
0 4408
0 4409
0 4410
0 4418
0 4421
0 4424
0 4432
4 4416
15 4426
36 4427
0 4440
93 4434
0 4446
0 4453
40 4422
0 4460
0 4465
63 4442
0 4469
26 4468
30 4433
0 4474
76 4411
0 4485
82 4478
2 4458
67 4483
0 4488
46 4429
13 4477
0 4492
86 4456
0 4498
39 4475
0 4503
74 4436
8 4464
0 4513
0 4518
14 4459
95 4484
0 4527
84 4445
47 4509
45 4524
0 4530
51 4495
19 4514
0 4531
32 4494
75 4504
56 4472
24 4415
0 4532
41 4476
89 4467
81 4471
0 4533
60 4423
69 4507
92 4487
38 4511
0 4534
58 4486
0 4535
99 4528
35 4517
0 4536
25 4438
78 4420
48 4439
54 4500
0 4537
48 4439
61 4473
0 4538
54 4500
0 4539
53 4412
0 4540
6 4454
77 4435
34 4437
0 4541
16 4414
80 4419
0 4542
54 4500
0 4543
0 4544
20 4462
42 4447
27 4493
0 4545
12 4441
72 4523
0 4546
0 4547
17 4491
0 4548
23 4520
44 4519
0 4549
28 4499
98 4451
0 4550
50 4508
62 4430
37 4506
0 4551
0 4552
0 4553
9 4496
57 4431
0 4554
0 4555
68 4450
0 4556
55 4501
83 4489
0 4557
87 4452
71 4428
70 4449
22 4522
97 4425
7 4481
0 4558
0 4559
0 4560
21 4463
18 4417
43 4502
0 4561
52 4466
0 4562
33 4480
96 4512
10 4413
64 4516
91 4444
0 4563
31 4497
1 4461
49 4443
0 4564
5 4490
49 4443
0 4565
29 4457
0 4566
90 4455
94 4479
0 4567
85 4448
0 4568
0 4569
79 4521
0 4570
3 4526
88 4529
66 4525
0 4571
65 4470
0 4572
0 4573
11 4510
100 4482
0 4574
0 4575
59 4515
0 4576
73 4505
0 4577
0 4578
0 4579
0 4580
0 4581
0 4582
0 4583
0 4584
0 4585
0 4586
0 4587
0 4588
0 4589
0 4590
0 4591
0 4592
0 4593
0 4594
0 4595
0 4596
0 4597
0 4598
0 4599
0 4600
0 4601
0 4602
0 4603
0 4604
0 4605
0 4606
0 4607
0 4608
0 4609
0 4610
0 4611
0 4612
0 4613
0 4614
0 4615
0 4616
0 4617
0 4618
0 4619
0 4620
0 4621
0 4622
0 4623
0 4624
0 4625
0 4626
0 4627
0 4628
0 4629
0 4630
0 4631
0 4632
0 4633
0 4634
0 4635
0 4636
0 4637
0 4638
0 4639
0 4640
0 4641
0 4642
0 4643
0 4644
0 4645
0 4646
0 4647
0 4648
0 4649
