40 3720 1.0549
66 3721 1.06956
43 3722 1.08677
19 3724 1.11599
68 3725 1.16305
62 3726 1.17431
14 3728 1.2319
39 3729 1.26341
30 3730 1.28679
55 3731 1.29293
12 3734 1.40287
47 3735 1.40869
69 3736 1.41031
51 3737 1.44901
18 3739 1.53593
54 3740 1.55095
11 3741 1.55739
13 3742 1.57996
15 3743 1.58692
61 3745 1.60463
53 3746 1.65034
63 3747 1.69276
1 3749 1.70939
36 3750 1.71679
29 3751 1.71997
59 3752 1.72842
16 3753 1.74869
41 3755 1.80429
64 3756 1.81618
27 3757 1.83168
23 3758 1.83446
52 3759 1.84339
9 3760 1.85196
48 3761 1.86956
31 3762 1.86959
5 3764 1.92949
24 3765 1.99105
25 3767 1.99955
32 3768 2.00576
3 3769 2.03756
26 3770 2.04231
45 3771 2.05297
8 3772 2.06143
4 3773 2.07481
57 3775 2.1517
22 3776 2.16827
60 3777 2.16885
42 3778 2.1715
44 3780 2.21141
50 3781 2.26629
37 3782 2.27329
56 3783 2.27374
17 3784 2.27904
10 3786 2.31971
49 3787 2.34037
2 3788 2.37128
33 3789 2.38831
38 3791 2.41386
6 3792 2.42281
46 3793 2.44341
21 3794 2.45731
35 3795 2.46356
67 3797 2.59308
34 3799 2.59431
70 3800 2.63183
7 3801 2.68716
28 3803 2.77164
58 3805 2.81756
65 3806 2.82944
20 3808 2.92226
