68 0.8 0.016 0.784
68 0.784 0.16 0.624
36 0.8 0.016 0.784
67 0.8 0.016 0.784
36 0.784 0.16 0.624
67 0.784 0.16 0.624
23 0.8 0.16 0.64
23 0.710313 0.016 0.694313
23 0.694313 0.16 0.534313
43 0.8 0.016 0.784
43 0.784 0.16 0.624
35 0.8 0.016 0.784
35 0.784 0.16 0.624
70 0.8 0.016 0.784
70 0.784 0.16 0.624
11 0.8 0.016 0.784
33 0.8 0.016 0.784
33 0.784 0.16 0.624
11 0.784 0.16 0.624
63 0.8 0.016 0.784
63 0.784 0.16 0.624
13 0.8 0.016 0.784
13 0.784 0.16 0.624
47 0.8 0.016 0.784
47 0.784 0.16 0.624
32 0.8 0.16 0.64
32 0.715101 0.016 0.699101
32 0.699101 0.16 0.539101
71 0.8 0.16 0.64
38 0.8 0.016 0.784
54 0.8 0.016 0.784
71 0.712483 0.016 0.696483
72 0.8 0.016 0.784
71 0.696483 0.16 0.536483
54 0.784 0.16 0.624
7 0.8 0.16 0.64
38 0.784 0.16 0.624
72 0.784 0.16 0.624
7 0.64 0.16 0.48
22 0.8 0.16 0.64
38 0.624 0.16 0.464
72 0.624 0.16 0.464
38 0.464 0.16 0.304
72 0.464 0.16 0.304
7 0.48 0.16 0.32
22 0.64 0.16 0.48
7 0.32 0.16 0.16
22 0.48 0.16 0.32
7 0.238736 0.016 0.222736
22 0.39171 0.016 0.37571
7 0.222736 0.16 0.0627356
22 0.37571 0.16 0.21571
22 0.21571 0.16 0.0557103
66 0.8 0.016 0.784
66 0.784 0.16 0.624
48 0.8 0.16 0.64
48 0.713129 0.016 0.697129
48 0.697129 0.16 0.537129
15 0.8 0.16 0.64
15 0.712658 0.016 0.696658
31 0.8 0.016 0.784
15 0.696658 0.16 0.536658
31 0.784 0.16 0.624
31 0.624 0.16 0.464
34 0.8 0.16 0.64
64 0.8 0.16 0.64
34 0.710487 0.016 0.694487
64 0.715128 0.016 0.699128
34 0.694487 0.16 0.534487
64 0.699128 0.16 0.539128
10 0.8 0.016 0.784
12 0.8 0.016 0.784
75 0.8 0.016 0.784
12 0.784 0.16 0.624
10 0.784 0.16 0.624
75 0.784 0.16 0.624
78 0.8 0.16 0.64
75 0.624 0.16 0.464
10 0.624 0.16 0.464
78 0.64 0.16 0.48
17 0.8 0.16 0.64
78 0.48 0.16 0.32
78 0.398017 0.016 0.382017
78 0.382017 0.16 0.222017
17 0.71941 0.16 0.55941
80 0.8 0.16 0.64
17 0.629892 0.016 0.613892
80 0.712201 0.016 0.696201
80 0.696201 0.16 0.536201
17 0.613892 0.16 0.453892
51 0.8 0.16 0.64
53 0.8 0.16 0.64
25 0.8 0.016 0.784
51 0.716739 0.016 0.700739
53 0.710943 0.016 0.694943
53 0.694943 0.16 0.534943
25 0.784 0.16 0.624
51 0.700739 0.16 0.540739
51 0.540739 0.16 0.380739
25 0.624 0.16 0.464
25 0.464 0.16 0.304
18 0.8 0.016 0.784
18 0.784 0.16 0.624
3 0.8 0.16 0.64
3 0.71131 0.016 0.69531
3 0.69531 0.16 0.53531
19 0.8 0.16 0.64
76 0.8 0.16 0.64
19 0.71981 0.016 0.70381
26 0.8 0.016 0.784
76 0.717742 0.016 0.701742
26 0.784 0.16 0.624
19 0.70381 0.16 0.54381
76 0.701742 0.16 0.541742
77 0.8 0.16 0.64
76 0.541742 0.16 0.381742
76 0.381742 0.16 0.221742
9 0.8 0.016 0.784
52 0.8 0.016 0.784
77 0.712698 0.016 0.696698
52 0.784 0.16 0.624
9 0.784 0.16 0.624
77 0.696698 0.16 0.536698
77 0.536698 0.16 0.376698
9 0.624 0.16 0.464
4 0.8 0.016 0.784
58 0.8 0.016 0.784
4 0.784 0.16 0.624
58 0.784 0.16 0.624
45 0.8 0.16 0.64
45 0.719522 0.016 0.703522
45 0.703522 0.16 0.543522
44 0.8 0.16 0.64
28 0.8 0.016 0.784
44 0.713675 0.016 0.697675
44 0.697675 0.16 0.537675
28 0.784 0.16 0.624
28 0.624 0.16 0.464
6 0.8 0.016 0.784
57 0.8 0.016 0.784
57 0.784 0.16 0.624
6 0.784 0.16 0.624
62 0.8 0.16 0.64
42 0.8 0.16 0.64
62 0.64 0.16 0.48
42 0.711139 0.016 0.695139
62 0.557389 0.016 0.541389
42 0.695139 0.16 0.535139
14 0.8 0.16 0.64
61 0.8 0.16 0.64
62 0.541389 0.16 0.381389
62 0.381389 0.16 0.221389
14 0.64 0.16 0.48
61 0.64 0.16 0.48
5 0.8 0.016 0.784
14 0.551153 0.016 0.535153
59 0.8 0.016 0.784
61 0.555101 0.016 0.539101
14 0.535153 0.16 0.375153
5 0.784 0.16 0.624
59 0.784 0.16 0.624
61 0.539101 0.16 0.379101
61 0.379101 0.16 0.219101
5 0.624 0.16 0.464
59 0.624 0.16 0.464
56 0.8 0.016 0.784
56 0.784 0.16 0.624
49 0.8 0.016 0.784
49 0.784 0.16 0.624
1 0.8 0.16 0.64
40 0.8 0.16 0.64
46 0.8 0.16 0.64
55 0.8 0.16 0.64
65 0.8 0.16 0.64
1 0.71429 0.016 0.69829
46 0.716305 0.016 0.700305
55 0.714206 0.016 0.698206
65 0.714248 0.016 0.698248
1 0.69829 0.16 0.53829
65 0.698248 0.16 0.538248
16 0.8 0.16 0.64
40 0.710508 0.16 0.550508
46 0.700305 0.16 0.540305
55 0.698206 0.16 0.538206
16 0.64 0.16 0.48
40 0.550508 0.16 0.390508
46 0.540305 0.16 0.380305
55 0.538206 0.16 0.378206
55 0.378206 0.16 0.218206
46 0.380305 0.16 0.220305
40 0.390508 0.16 0.230508
16 0.48 0.16 0.32
40 0.230508 0.16 0.0705078
16 0.393315 0.016 0.377315
40 0.146127 0.016 0.130127
50 0.8 0.016 0.784
16 0.377315 0.16 0.217315
2 0.8 0.16 0.64
40 0.130127 0.16 -0.0298727
50 0.784 0.16 0.624
50 0.624 0.16 0.464
2 0.64 0.16 0.48
20 0.8 0.16 0.64
37 0.8 0.16 0.64
40 0 0.16 -0.16
2 0.553646 0.016 0.537646
20 0.710724 0.016 0.694724
39 0.8 0.016 0.784
2 0.537646 0.16 0.377646
8 0.8 0.16 0.64
20 0.694724 0.16 0.534724
37 0.716315 0.16 0.556315
39 0.784 0.16 0.624
39 0.624 0.16 0.464
20 0.534724 0.16 0.374724
8 0.64 0.16 0.48
37 0.556315 0.16 0.396315
8 0.48 0.16 0.32
37 0.396315 0.16 0.236315
8 0.396205 0.016 0.380205
37 0.307405 0.016 0.291405
37 0.291405 0.16 0.131405
8 0.380205 0.16 0.220205
8 0.220205 0.16 0.0602049
29 0.8 0.016 0.784
30 0.8 0.016 0.784
30 0.784 0.16 0.624
29 0.784 0.16 0.624
29 0.624 0.16 0.464
40 0.3847 0.16 0.2247
41 0.8 0.016 0.784
41 0.784 0.16 0.624
24 0.8 0.016 0.784
24 0.784 0.16 0.624
60 0.8 0.016 0.784
60 0.784 0.16 0.624
21 0.8 0.16 0.64
21 0.714858 0.016 0.698858
21 0.698858 0.16 0.538858
73 0.8 0.16 0.64
73 0.713916 0.016 0.697916
73 0.697916 0.16 0.537916
69 0.8 0.16 0.64
69 0.71982 0.016 0.70382
69 0.70382 0.16 0.54382
79 0.8 0.16 0.64
79 0.715886 0.016 0.699886
79 0.699886 0.16 0.539886
27 0.8 0.16 0.64
27 0.717226 0.016 0.701226
27 0.701226 0.16 0.541226
74 0.8 0.016 0.784
74 0.784 0.16 0.624
