0 3930
0 3931
0 3932
0 3933
0 3934
0 3935
0 3936
0 3937
0 3938
0 3939
0 3940
0 3945
0 3950
0 3953
0 3959
0 3961
68 3944
0 3967
36 3962
67 3965
0 3981
23 3954
0 3986
43 3983
0 3988
35 3966
0 3990
0 3996
70 3964
0 4000
33 3941
11 3985
0 4007
63 4005
0 4011
0 4017
13 3970
0 4020
0 4023
47 3952
0 4031
32 3951
0 4037
71 3980
54 3977
38 4004
72 4009
0 4040
7 3974
22 3949
0 4041
0 4042
66 3971
0 4043
48 3943
0 4044
15 4008
31 4014
0 4045
34 3942
64 4022
0 4046
0 4047
12 3976
75 3994
10 3948
0 4048
78 4010
0 4049
80 3978
17 3947
0 4050
53 3995
51 3968
25 4033
0 4051
0 4052
18 4036
0 4053
3 4024
0 4054
26 4027
19 3958
76 3973
0 4055
52 3984
77 3975
9 3956
0 4056
0 4057
4 3955
58 3987
0 4058
45 4032
0 4059
44 4002
28 3969
0 4060
0 4061
0 4062
0 4063
0 4064
57 3979
6 3993
0 4065
42 3992
62 3972
0 4066
14 4013
61 4012
5 3989
59 4001
0 4067
0 4068
56 3999
0 4069
49 3991
0 4070
1 3960
65 4015
55 3997
46 3946
0 4071
16 3957
50 3963
0 4072
2 3998
39 4021
20 3982
0 4073
37 4006
8 4026
0 4074
0 4075
30 4035
29 4028
0 4076
40 4003
0 4077
41 4038
0 4078
0 4079
0 4080
24 4019
0 4081
60 4034
0 4082
21 4016
0 4083
73 4025
0 4084
69 4018
0 4085
79 4029
0 4086
27 4039
0 4087
0 4088
74 4030
0 4089
0 4090
0 4091
0 4092
0 4093
0 4094
0 4095
0 4096
0 4097
0 4098
0 4099
0 4100
0 4101
0 4102
0 4103
0 4104
0 4105
0 4106
0 4107
0 4108
0 4109
0 4110
0 4111
0 4112
0 4113
0 4114
0 4115
0 4116
0 4117
0 4118
0 4119
0 4120
0 4121
0 4122
0 4123
0 4124
0 4125
0 4126
0 4127
0 4128
0 4129
0 4130
0 4131
0 4132
0 4133
0 4134
0 4135
0 4136
0 4137
0 4138
0 4139
0 4140
0 4141
0 4142
0 4143
0 4144
0 4145
0 4146
0 4147
0 4148
0 4149
0 4150
0 4151
0 4152
0 4153
0 4154
0 4155
0 4156
0 4157
0 4158
0 4159
