37 3121 1.06103
7 3122 1.06141
20 3123 1.07615
30 3124 1.08359
22 3125 1.08387
39 3128 1.26267
24 3129 1.26379
1 3131 1.38095
26 3132 1.40512
28 3135 1.6248
31 3136 1.64058
9 3138 1.68187
3 3140 1.78182
19 3141 1.83565
14 3143 1.89428
4 3144 1.9026
6 3146 1.98607
29 3147 2.00297
18 3150 2.18589
34 3151 2.21339
25 3152 2.23504
15 3153 2.23737
23 3154 2.23769
2 3156 2.27623
16 3157 2.29622
5 3158 2.31963
40 3160 2.34942
11 3162 2.4671
8 3163 2.54053
35 3165 2.55187
13 3166 2.56405
27 3168 2.65123
10 3169 2.68119
21 3170 2.68853
17 3171 2.72662
38 3173 2.74605
12 3174 2.79296
36 3175 2.80729
32 3177 2.89863
33 3179 2.96598
