39 3128 0 100 88860724 1.94077 1.94077
6 3146 0 100 121532786 2.24077 2.24077
20 3123 0 100 121556420 2.34077 2.34077
22 3125 0 100 154279904 2.34077 2.34077
1 3131 0 100 88861608 2.44077 2.44077
30 3124 0 100 154282264 2.64077 2.64077
8 3163 0 100 154272296 3.14077 3.14077
19 3141 0 100 121573532 3.34077 3.34077
3 3140 0 100 121573904 3.34077 3.34077
35 3165 0 100 154248856 3.54077 3.54077
24 3129 0 100 88865856 3.64077 3.64077
29 3147 0 100 56206124 3.84077 3.84077
34 3151 0 100 88847724 3.84077 3.84077
9 3138 0 100 121551752 3.84077 3.84077
38 3173 0 100 121543142 3.94077 3.94077
26 3132 0 100 121558712 3.94077 3.94077
31 3136 0 100 154270712 4.04077 4.04077
18 3150 0 100 154288816 4.04077 4.04077
16 3157 0 100 121543334 4.14077 4.14077
12 3174 0 100 121566248 4.14077 4.14077
4 3144 0 100 154278392 4.14077 4.14077
33 3179 0 100 88861440 4.84077 4.84077
28 3135 0 100 121530938 4.84077 4.84077
27 3168 0 100 154250336 4.84077 4.84077
23 3154 0 100 121541510 4.94077 4.94077
25 3152 0 100 88869496 5.04077 5.04077
7 3122 0 100 154249952 5.54077 5.54077
37 3121 0 100 88858480 5.74077 5.74077
2 3156 0 100 88866032 5.94077 5.94077
40 3160 0 100 154279472 6.14077 6.14077
17 3171 0 100 88848016 6.44077 6.44077
15 3153 0 100 88850140 6.64077 6.64077
14 3143 0 100 121560164 6.94077 6.94077
5 3158 0 100 154268624 7.34077 7.34077
36 3175 0 100 154271968 7.34077 7.34077
10 3169 0 100 121545308 7.54077 7.54077
21 3170 0 100 88852892 7.64077 7.64077
13 3166 0 100 154275080 7.64077 7.64077
32 3177 0 100 121535108 7.94077 7.94077
