60 0.8 0.016 0.784
60 0.784 0.16 0.624
24 0.8 0.016 0.784
24 0.784 0.16 0.624
26 0.8 0.016 0.784
26 0.784 0.16 0.624
39 0.8 0.016 0.784
39 0.784 0.16 0.624
9 0.8 0.016 0.784
43 0.8 0.016 0.784
43 0.784 0.16 0.624
9 0.784 0.16 0.624
1 0.8 0.16 0.64
1 0.717364 0.016 0.701364
44 0.8 0.016 0.784
1 0.701364 0.16 0.541364
44 0.784 0.16 0.624
87 0.8 0.16 0.64
6 0.8 0.016 0.784
47 0.8 0.016 0.784
87 0.71883 0.016 0.70283
98 0.8 0.016 0.784
47 0.784 0.16 0.624
98 0.784 0.16 0.624
6 0.784 0.16 0.624
87 0.70283 0.16 0.54283
58 0.8 0.16 0.64
72 0.8 0.16 0.64
58 0.64 0.16 0.48
72 0.64 0.16 0.48
72 0.48 0.16 0.32
58 0.55576 0.016 0.53976
72 0.394445 0.016 0.378445
58 0.53976 0.16 0.37976
72 0.378445 0.16 0.218445
30 0.8 0.16 0.64
30 0.719784 0.016 0.703784
30 0.703784 0.16 0.543784
20 0.8 0.16 0.64
85 0.8 0.16 0.64
20 0.78856 0.016 0.77256
85 0.792304 0.016 0.776304
20 0.77256 0.16 0.61256
85 0.776304 0.16 0.616304
45 0.8 0.16 0.64
64 0.8 0.16 0.64
45 0.64 0.16 0.48
64 0.64 0.16 0.48
5 0.8 0.016 0.784
22 0.8 0.016 0.784
45 0.552547 0.016 0.536547
64 0.558058 0.016 0.542058
5 0.784 0.16 0.624
22 0.784 0.16 0.624
45 0.536547 0.16 0.376547
64 0.542058 0.16 0.382058
41 0.8 0.16 0.64
41 0.64 0.16 0.48
89 0.8 0.16 0.64
41 0.558466 0.016 0.542466
89 0.715283 0.016 0.699283
89 0.699283 0.16 0.539283
41 0.542466 0.16 0.382466
83 0.8 0.016 0.784
83 0.784 0.16 0.624
8 0.8 0.016 0.784
32 0.8 0.016 0.784
42 0.8 0.016 0.784
61 0.8 0.016 0.784
76 0.8 0.016 0.784
93 0.8 0.016 0.784
93 0.784 0.16 0.624
8 0.784 0.16 0.624
42 0.784 0.16 0.624
32 0.784 0.16 0.624
76 0.784 0.16 0.624
61 0.784 0.16 0.624
27 0.8 0.16 0.64
27 0.64 0.16 0.48
27 0.48 0.16 0.32
27 0.32 0.16 0.16
27 0.16 0.16 -5.55112e-17
27 0 0.16 -0.16
27 0.0777517 0.016 0.0617517
13 0.8 0.016 0.784
27 0.134765 0.016 0.118765
28 0.8 0.016 0.784
88 0.8 0.016 0.784
13 0.784 0.16 0.624
28 0.784 0.16 0.624
88 0.784 0.16 0.624
10 0.8 0.16 0.64
34 0.8 0.16 0.64
73 0.8 0.16 0.64
10 0.64 0.16 0.48
27 0.118765 0.16 -0.0412352
10 0.48 0.16 0.32
34 0.64 0.16 0.48
67 0.8 0.16 0.64
73 0.64 0.16 0.48
10 0.399144 0.016 0.383144
34 0.555543 0.016 0.539543
73 0.556463 0.016 0.540463
73 0.540463 0.16 0.380463
10 0.383144 0.16 0.223144
34 0.539543 0.16 0.379543
7 0.8 0.16 0.64
67 0.717604 0.16 0.557604
7 0.64 0.16 0.48
67 0.557604 0.16 0.397604
7 0.551246 0.016 0.535246
67 0.470073 0.016 0.454073
67 0.454073 0.16 0.294073
7 0.535246 0.16 0.375246
57 0.8 0.16 0.64
92 0.8 0.16 0.64
48 0.8 0.16 0.64
57 0.64 0.16 0.48
92 0.64 0.16 0.48
48 0.714324 0.016 0.698324
57 0.555083 0.016 0.539083
92 0.559714 0.016 0.543714
57 0.539083 0.16 0.379083
48 0.698324 0.16 0.538324
92 0.543714 0.16 0.383714
11 0.8 0.16 0.64
62 0.8 0.16 0.64
94 0.8 0.16 0.64
11 0.64 0.16 0.48
62 0.64 0.16 0.48
94 0.64 0.16 0.48
11 0.48 0.16 0.32
62 0.48 0.16 0.32
94 0.48 0.16 0.32
11 0.397958 0.016 0.381958
62 0.391334 0.016 0.375334
94 0.393482 0.016 0.377482
94 0.377482 0.16 0.217482
11 0.381958 0.16 0.221958
62 0.375334 0.16 0.215334
27 0.302071 0.16 0.142071
55 0.8 0.016 0.784
27 0.2155 0.16 0.0555003
55 0.784 0.16 0.624
29 0.8 0.16 0.64
35 0.8 0.16 0.64
81 0.8 0.16 0.64
29 0.719415 0.016 0.703415
35 0.718344 0.016 0.702344
53 0.8 0.016 0.784
81 0.712623 0.016 0.696623
81 0.696623 0.16 0.536623
29 0.703415 0.16 0.543415
35 0.702344 0.16 0.542344
53 0.784 0.16 0.624
4 0.8 0.016 0.784
4 0.784 0.16 0.624
49 0.8 0.16 0.64
49 0.716936 0.016 0.700936
49 0.700936 0.16 0.540936
54 0.8 0.16 0.64
70 0.8 0.16 0.64
51 0.8 0.016 0.784
54 0.718208 0.016 0.702208
70 0.716498 0.016 0.700498
51 0.784 0.16 0.624
54 0.702208 0.16 0.542208
70 0.700498 0.16 0.540498
56 0.8 0.16 0.64
56 0.64 0.16 0.48
23 0.8 0.016 0.784
56 0.555084 0.016 0.539084
80 0.8 0.016 0.784
23 0.784 0.16 0.624
80 0.784 0.16 0.624
56 0.539084 0.16 0.379084
25 0.8 0.016 0.784
25 0.784 0.16 0.624
21 0.8 0.16 0.64
82 0.8 0.16 0.64
91 0.8 0.16 0.64
21 0.718048 0.016 0.702048
82 0.713495 0.016 0.697495
91 0.716583 0.016 0.700583
91 0.700583 0.16 0.540583
82 0.697495 0.16 0.537495
21 0.702048 0.16 0.542048
46 0.8 0.016 0.784
46 0.784 0.16 0.624
75 0.8 0.016 0.784
75 0.784 0.16 0.624
18 0.8 0.16 0.64
18 0.713336 0.016 0.697336
66 0.8 0.016 0.784
66 0.784 0.16 0.624
18 0.697336 0.16 0.537336
3 0.8 0.016 0.784
3 0.784 0.16 0.624
15 0.8 0.016 0.784
15 0.784 0.16 0.624
52 0.8 0.16 0.64
59 0.8 0.16 0.64
52 0.716838 0.016 0.700838
59 0.717516 0.016 0.701516
52 0.700838 0.16 0.540838
59 0.701516 0.16 0.541516
2 0.8 0.016 0.784
69 0.8 0.016 0.784
69 0.784 0.16 0.624
2 0.784 0.16 0.624
84 0.8 0.16 0.64
84 0.64 0.16 0.48
84 0.559383 0.016 0.543383
84 0.543383 0.16 0.383383
68 0.8 0.16 0.64
95 0.8 0.16 0.64
96 0.8 0.16 0.64
95 0.716315 0.016 0.700315
96 0.711048 0.016 0.695048
96 0.695048 0.16 0.535048
95 0.700315 0.16 0.540315
31 0.8 0.16 0.64
68 0.711617 0.16 0.551617
78 0.8 0.16 0.64
79 0.8 0.16 0.64
90 0.8 0.16 0.64
31 0.64 0.16 0.48
68 0.551617 0.16 0.391617
78 0.64 0.16 0.48
90 0.64 0.16 0.48
31 0.554236 0.016 0.538236
68 0.46172 0.016 0.44572
78 0.554859 0.016 0.538859
90 0.55132 0.016 0.53532
31 0.538236 0.16 0.378236
68 0.44572 0.16 0.28572
78 0.538859 0.16 0.378859
90 0.53532 0.16 0.37532
36 0.8 0.16 0.64
79 0.714113 0.16 0.554113
36 0.64 0.16 0.48
79 0.554113 0.16 0.394113
36 0.48 0.16 0.32
79 0.394113 0.16 0.234113
36 0.32 0.16 0.16
79 0.234113 0.16 0.0741127
36 0.230084 0.016 0.214084
79 0.149179 0.016 0.133179
36 0.214084 0.16 0.0540837
65 0.8 0.16 0.64
79 0.133179 0.16 -0.026821
65 0.719354 0.016 0.703354
79 0.0733843 0.016 0.0573843
65 0.703354 0.16 0.543354
12 0.8 0.16 0.64
17 0.8 0.16 0.64
12 0.716774 0.016 0.700774
17 0.711286 0.016 0.695286
12 0.700774 0.16 0.540774
17 0.695286 0.16 0.535286
100 0.8 0.16 0.64
71 0.8 0.016 0.784
100 0.710651 0.016 0.694651
100 0.694651 0.16 0.534651
71 0.784 0.16 0.624
97 0.8 0.16 0.64
97 0.64 0.16 0.48
97 0.556325 0.016 0.540325
97 0.540325 0.16 0.380325
86 0.8 0.16 0.64
86 0.711076 0.016 0.695076
86 0.695076 0.16 0.535076
79 0.352549 0.16 0.192549
40 0.8 0.16 0.64
40 0.712731 0.016 0.696731
79 0.272049 0.16 0.112049
40 0.696731 0.16 0.536731
37 0.8 0.016 0.784
74 0.8 0.016 0.784
77 0.8 0.016 0.784
74 0.784 0.16 0.624
37 0.784 0.16 0.624
77 0.784 0.16 0.624
16 0.8 0.016 0.784
50 0.8 0.016 0.784
50 0.784 0.16 0.624
16 0.784 0.16 0.624
19 0.8 0.16 0.64
19 0.716983 0.016 0.700983
19 0.700983 0.16 0.540983
33 0.8 0.16 0.64
99 0.8 0.16 0.64
33 0.711673 0.016 0.695673
99 0.716893 0.016 0.700893
99 0.700893 0.16 0.540893
33 0.695673 0.16 0.535673
38 0.8 0.016 0.784
63 0.8 0.016 0.784
38 0.784 0.16 0.624
63 0.784 0.16 0.624
14 0.8 0.016 0.784
14 0.784 0.16 0.624
