24 0.8 0.016 0.784
24 0.784 0.16 0.624
1 0.8 0.016 0.784
20 0.8 0.016 0.784
1 0.784 0.16 0.624
20 0.784 0.16 0.624
10 0.8 0.016 0.784
10 0.784 0.16 0.624
30 0.8 0.016 0.784
30 0.784 0.16 0.624
17 0.8 0.016 0.784
17 0.784 0.16 0.624
2 0.8 0.16 0.64
7 0.8 0.16 0.64
2 0.719565 0.016 0.703565
7 0.711087 0.016 0.695087
7 0.695087 0.16 0.535087
2 0.703565 0.16 0.543565
15 0.8 0.016 0.784
15 0.784 0.16 0.624
18 0.8 0.16 0.64
18 0.716894 0.016 0.700894
18 0.700894 0.16 0.540894
29 0.8 0.016 0.784
29 0.784 0.16 0.624
26 0.8 0.016 0.784
26 0.784 0.16 0.624
16 0.8 0.016 0.784
16 0.784 0.16 0.624
5 0.8 0.016 0.784
5 0.784 0.16 0.624
21 0.8 0.016 0.784
21 0.784 0.16 0.624
25 0.8 0.016 0.784
25 0.784 0.16 0.624
9 0.8 0.016 0.784
23 0.8 0.016 0.784
9 0.784 0.16 0.624
23 0.784 0.16 0.624
22 0.8 0.16 0.64
27 0.8 0.16 0.64
22 0.713295 0.016 0.697295
27 0.715071 0.016 0.699071
27 0.699071 0.16 0.539071
22 0.697295 0.16 0.537295
8 0.8 0.016 0.784
8 0.784 0.16 0.624
28 0.8 0.016 0.784
28 0.784 0.16 0.624
11 0.8 0.016 0.784
13 0.8 0.016 0.784
11 0.784 0.16 0.624
13 0.784 0.16 0.624
4 0.8 0.016 0.784
4 0.784 0.16 0.624
14 0.8 0.16 0.64
14 0.713002 0.016 0.697002
14 0.697002 0.16 0.537002
6 0.8 0.016 0.784
19 0.8 0.016 0.784
6 0.784 0.16 0.624
19 0.784 0.16 0.624
3 0.8 0.016 0.784
3 0.784 0.16 0.624
12 0.8 0.16 0.64
12 0.715831 0.016 0.699831
12 0.699831 0.16 0.539831
