1 726 0 100 32661656 1.49196 1.49196
7 724 0 100 32656160 1.89196 1.89196
18 748 0 100 32679320 2.79196 2.79196
20 758 0 100 32629504 2.99196 2.99196
15 731 0 100 32655282 2.99196 2.99196
17 734 0 100 32670596 3.19196 3.19196
10 735 0 100 32681048 3.29196 3.29196
2 749 0 100 32652786 3.89196 3.89196
16 727 0 100 32663014 3.99196 3.99196
14 757 0 100 32665186 4.29196 4.29196
11 728 0 100 32657050 4.69196 4.69196
5 751 0 100 32654016 5.69196 5.69196
12 745 0 100 32660948 5.69196 5.69196
8 754 0 100 32677302 5.79196 5.79196
19 738 0 100 32647814 5.79196 5.79196
6 723 0 100 32647214 5.99196 5.99196
13 752 0 100 32648710 6.29196 6.29196
4 721 0 100 32643862 6.29196 6.29196
3 741 0 100 32632062 6.39196 6.39196
9 744 0 100 32670070 6.99196 6.99196
