77 2120 1.00175
59 2122 1.01796
33 2123 1.02126
38 2124 1.06001
66 2125 1.06703
14 2126 1.09832
35 2128 1.13094
64 2129 1.13138
74 2130 1.13235
75 2131 1.15598
5 2132 1.16544
21 2133 1.17627
61 2134 1.17754
87 2135 1.17855
86 2136 1.18635
41 2137 1.20477
19 2139 1.27625
90 2140 1.28707
51 2141 1.30149
67 2143 1.3672
7 2144 1.38365
25 2146 1.43986
31 2147 1.4529
27 2148 1.50445
32 2150 1.51307
73 2151 1.52558
71 2152 1.57896
52 2153 1.5885
43 2154 1.60509
68 2155 1.60846
60 2157 1.62346
69 2158 1.69217
58 2159 1.70912
18 2161 1.71473
40 2162 1.73927
12 2163 1.75459
80 2164 1.75907
46 2166 1.81105
47 2167 1.84591
2 2168 1.86912
37 2169 1.889
76 2170 1.89384
57 2172 1.91086
88 2173 1.93112
45 2174 1.94643
9 2175 1.95735
78 2177 2.03511
42 2178 2.05069
63 2179 2.05454
1 2180 2.06628
55 2181 2.06738
48 2182 2.07518
26 2183 2.08291
89 2184 2.08665
83 2186 2.12161
49 2187 2.14216
53 2188 2.17782
20 2189 2.19346
82 2190 2.20243
29 2191 2.20557
54 2193 2.235
30 2194 2.26741
84 2195 2.28436
50 2197 2.31223
39 2198 2.34205
10 2199 2.35811
3 2200 2.36214
62 2202 2.43219
65 2203 2.44799
4 2204 2.47168
28 2205 2.47703
72 2206 2.49718
6 2208 2.53151
34 2209 2.5533
22 2210 2.57061
81 2211 2.57856
23 2213 2.6536
85 2214 2.69091
17 2216 2.71884
15 2217 2.76287
70 2218 2.76519
24 2219 2.76874
16 2220 2.7839
8 2221 2.79103
36 2222 2.80872
56 2224 2.84997
13 2225 2.88414
79 2226 2.90226
11 2227 2.90229
44 2229 2.97978
