6 1073 0 100 32664330 1.62651 1.62651
35 1080 0 100 32632992 2.12651 2.12651
12 1086 0 100 32646670 2.32651 2.32651
23 1100 0 100 32636018 2.82651 2.82651
19 1092 0 100 32642252 3.02651 3.02651
39 1070 0 100 32668882 3.32651 3.32651
33 1109 0 100 32651362 3.82651 3.82651
38 1081 0 100 32680494 3.82651 3.82651
4 1124 0 100 32661258 3.82651 3.82651
36 1077 0 100 32647422 3.92651 3.92651
15 1107 0 100 32655514 4.12651 4.12651
27 1117 0 100 32662362 4.12651 4.12651
40 1123 0 100 32656226 4.22651 4.22651
7 1082 0 100 32659046 4.22651 4.22651
9 1088 0 100 32639948 4.42651 4.42651
34 1095 0 100 32644156 4.52651 4.52651
37 1090 0 100 32660762 4.52651 4.52651
32 1078 0 100 32660318 4.62651 4.62651
3 1096 0 100 32658784 4.62651 4.62651
13 1119 0 100 32673202 4.72651 4.72651
24 1089 0 100 32671580 4.82651 4.82651
5 1111 0 100 32643394 4.92651 4.92651
30 1126 0 100 32656116 5.02651 5.02651
17 1072 0 100 32659066 5.02651 5.02651
29 1084 0 100 32641912 5.42651 5.42651
14 1114 0 100 32673410 5.42651 5.42651
16 1099 0 100 32664078 5.62651 5.62651
22 1120 0 100 32632100 5.92651 5.92651
11 1075 0 100 32679094 5.92651 5.92651
20 1101 0 100 32646320 5.92651 5.92651
25 1127 0 100 32649892 5.92651 5.92651
18 1098 0 100 32672486 6.02651 6.02651
2 1128 0 100 32668706 6.42651 6.42651
26 1113 0 100 32669408 6.82651 6.82651
8 1108 0 100 32670748 6.82651 6.82651
21 1103 0 100 32682988 7.22651 7.22651
28 1104 0 100 32646384 7.22651 7.22651
10 1116 0 100 32680642 7.42651 7.42651
31 1122 0 100 32641388 7.42651 7.42651
