0 1660
0 1661
0 1662
0 1663
0 1664
0 1665
0 1666
0 1667
0 1668
0 1669
0 1672
0 1675
47 1673
0 1677
32 1674
0 1687
21 1683
0 1693
0 1698
0 1701
59 1700
0 1707
4 1676
0 1709
0 1712
53 1671
57 1686
0 1715
40 1708
0 1719
42 1718
12 1689
0 1722
0 1730
0 1732
62 1703
48 1695
0 1738
0 1745
2 1728
0 1748
30 1729
67 1692
0 1754
0 1758
28 1713
0 1760
0 1761
49 1739
0 1762
37 1714
8 1711
0 1763
64 1734
63 1752
13 1710
45 1736
0 1764
1 1727
24 1688
52 1694
56 1706
0 1765
38 1699
55 1741
0 1766
66 1746
68 1757
0 1767
44 1678
0 1768
20 1724
0 1769
69 1716
0 1770
0 1771
9 1717
46 1705
0 1772
0 1773
22 1723
0 1774
18 1682
39 1740
0 1775
29 1690
43 1680
0 1776
16 1759
0 1777
0 1778
0 1779
5 1725
0 1780
17 1702
0 1781
0 1782
0 1783
3 1704
0 1784
70 1670
0 1785
41 1684
0 1786
25 1691
0 1787
0 1788
6 1755
33 1696
26 1681
0 1789
51 1679
58 1737
0 1790
36 1753
0 1791
27 1747
0 1792
14 1685
0 1793
31 1721
65 1726
61 1749
54 1697
0 1794
15 1744
0 1795
34 1751
0 1796
0 1797
35 1742
0 1798
0 1799
0 1800
23 1735
0 1801
7 1720
0 1802
19 1733
0 1803
0 1804
10 1731
50 1743
0 1805
60 1750
0 1806
0 1807
11 1756
0 1808
0 1809
0 1810
0 1811
0 1812
0 1813
0 1814
0 1815
0 1816
0 1817
0 1818
0 1819
0 1820
0 1821
0 1822
0 1823
0 1824
0 1825
0 1826
0 1827
0 1828
0 1829
0 1830
0 1831
0 1832
0 1833
0 1834
0 1835
0 1836
0 1837
0 1838
0 1839
0 1840
0 1841
0 1842
0 1843
0 1844
0 1845
0 1846
0 1847
0 1848
0 1849
0 1850
0 1851
0 1852
0 1853
0 1854
0 1855
0 1856
0 1857
0 1858
0 1859
0 1860
0 1861
0 1862
0 1863
0 1864
0 1865
0 1866
0 1867
0 1868
0 1869
0 1870
0 1871
0 1872
0 1873
0 1874
0 1875
0 1876
0 1877
0 1878
0 1879
