60 2360 1.00012
18 2362 1.02542
66 2363 1.03175
44 2364 1.0579
1 2365 1.10558
24 2367 1.14571
8 2368 1.15512
88 2369 1.17338
80 2370 1.18851
78 2371 1.191
48 2373 1.22761
87 2374 1.25804
49 2375 1.26122
92 2376 1.26124
17 2377 1.26449
68 2378 1.31868
81 2380 1.35951
26 2381 1.3725
39 2382 1.38749
20 2383 1.41818
94 2384 1.42181
93 2386 1.43112
36 2387 1.43223
96 2388 1.47775
72 2389 1.48246
41 2390 1.49145
7 2391 1.49537
75 2392 1.5013
25 2393 1.51538
31 2394 1.52214
55 2396 1.53574
65 2397 1.5572
67 2398 1.57743
62 2400 1.64633
30 2401 1.68759
5 2402 1.71757
59 2404 1.74785
15 2405 1.78156
2 2406 1.79947
100 2408 1.83755
77 2409 1.83848
58 2410 1.84855
64 2411 1.84924
28 2412 1.85241
98 2413 1.87793
4 2415 1.93478
32 2416 1.93823
70 2418 2.02269
57 2419 2.02966
9 2420 2.05385
47 2421 2.077
69 2422 2.08567
43 2423 2.10646
52 2425 2.14916
13 2426 2.17635
21 2427 2.17895
11 2428 2.19872
40 2430 2.2228
51 2431 2.30367
3 2432 2.31747
56 2433 2.3184
6 2434 2.3185
37 2436 2.326
42 2437 2.33617
76 2438 2.35164
33 2439 2.36573
38 2440 2.36964
71 2441 2.38969
46 2442 2.41238
34 2444 2.43059
85 2445 2.44433
89 2446 2.45852
74 2447 2.4739
95 2448 2.47778
99 2449 2.49675
45 2450 2.51385
86 2452 2.56333
10 2454 2.62708
63 2455 2.63381
35 2456 2.63954
27 2457 2.71444
91 2458 2.71837
61 2460 2.73398
19 2461 2.73765
97 2462 2.75157
16 2463 2.76429
73 2464 2.77376
82 2465 2.80556
22 2466 2.80984
29 2468 2.82439
79 2469 2.83224
54 2470 2.8485
12 2471 2.87556
50 2472 2.89825
23 2473 2.90978
84 2475 2.95355
90 2476 2.9552
83 2477 2.96956
14 2478 2.97583
53 2479 2.99435
