60 2360 0 100 32641820 1.12249 1.12249
24 2367 0 100 32654626 1.42249 1.42249
26 2381 0 100 32654160 1.62249 1.62249
39 2382 0 100 32680376 1.82249 1.82249
43 2423 0 100 32629856 2.12249 2.12249
9 2420 0 100 32672018 2.12249 2.12249
1 2365 0 100 32623562 2.22249 2.22249
44 2364 0 100 32651586 2.22249 2.22249
47 2421 0 100 32667262 2.32249 2.32249
98 2413 0 100 32675708 2.32249 2.32249
6 2434 0 100 32663710 2.32249 2.32249
87 2374 0 100 32674076 2.32249 2.32249
58 2410 0 100 32659062 2.42249 2.42249
72 2389 0 100 32643536 2.42249 2.42249
30 2401 0 100 32679482 2.52249 2.52249
20 2383 0 100 32659746 2.72249 2.72249
85 2445 0 100 32663838 2.72249 2.72249
5 2402 0 100 32639942 2.82249 2.82249
22 2466 0 100 32634856 2.82249 2.82249
64 2411 0 100 32646976 2.82249 2.82249
89 2446 0 100 32653012 2.92249 2.92249
41 2390 0 100 32651520 2.92249 2.92249
83 2477 0 100 32664402 3.02249 3.02249
93 2386 0 100 32627726 3.12249 3.12249
8 2368 0 100 32654304 3.12249 3.12249
42 2437 0 100 32650752 3.12249 3.12249
32 2416 0 100 32654280 3.12249 3.12249
76 2438 0 100 32668740 3.12249 3.12249
61 2460 0 100 32674982 3.12249 3.12249
13 2426 0 100 32681916 3.32249 3.32249
28 2412 0 100 32652808 3.32249 3.32249
88 2369 0 100 32674778 3.32249 3.32249
73 2464 0 100 32673572 3.42249 3.42249
34 2444 0 100 32675398 3.42249 3.42249
67 2398 0 100 32655762 3.52249 3.52249
7 2391 0 100 32633290 3.52249 3.52249
57 2419 0 100 32664662 3.62249 3.62249
48 2373 0 100 32647868 3.62249 3.62249
92 2376 0 100 32632086 3.62249 3.62249
94 2384 0 100 32668252 3.72249 3.72249
11 2428 0 100 32661676 3.72249 3.72249
62 2400 0 100 32643618 3.72249 3.72249
55 2396 0 100 32645910 3.82249 3.82249
81 2380 0 100 32647288 3.92249 3.92249
29 2468 0 100 32670716 3.92249 3.92249
53 2479 0 100 32657244 3.92249 3.92249
4 2415 0 100 32676242 4.02249 4.02249
49 2375 0 100 32664580 4.12249 4.12249
51 2431 0 100 32648220 4.22249 4.22249
70 2418 0 100 32667060 4.22249 4.22249
23 2473 0 100 32675076 4.32249 4.32249
80 2370 0 100 32668598 4.32249 4.32249
56 2433 0 100 32645276 4.32249 4.32249
25 2393 0 100 32674676 4.52249 4.52249
91 2458 0 100 32665364 4.62249 4.62249
82 2465 0 100 32628458 4.62249 4.62249
21 2427 0 100 32682986 4.62249 4.62249
46 2442 0 100 32654996 4.82249 4.82249
75 2392 0 100 32669682 4.92249 4.92249
66 2363 0 100 32667092 5.02249 5.02249
18 2362 0 100 32647898 5.02249 5.02249
3 2432 0 100 32638552 5.32249 5.32249
15 2405 0 100 32675760 5.42249 5.42249
52 2425 0 100 32655810 5.52249 5.52249
59 2404 0 100 32659030 5.52249 5.52249
69 2422 0 100 32670660 5.62249 5.62249
2 2406 0 100 32674990 5.62249 5.62249
84 2475 0 100 32670304 5.72249 5.72249
96 2388 0 100 32682260 5.82249 5.82249
95 2448 0 100 32670132 5.82249 5.82249
31 2394 0 100 32664744 5.92249 5.92249
68 2378 0 100 32637540 5.92249 5.92249
78 2371 0 100 32626866 5.92249 5.92249
90 2476 0 100 32656608 5.92249 5.92249
36 2387 0 100 32655752 6.02249 6.02249
65 2397 0 100 32664312 6.12249 6.12249
12 2471 0 100 32657830 6.22249 6.22249
17 2377 0 100 32634996 6.22249 6.22249
100 2408 0 100 32644760 6.32249 6.32249
71 2441 0 100 32674324 6.32249 6.32249
97 2462 0 100 32647464 6.42249 6.42249
86 2452 0 100 32658566 6.52249 6.52249
40 2430 0 100 32656708 6.62249 6.62249
74 2447 0 100 32681206 6.72249 6.72249
77 2409 0 100 32648478 6.72249 6.72249
50 2472 0 100 32642718 6.92249 6.92249
16 2463 0 100 32675288 6.92249 6.92249
19 2461 0 100 32660518 7.02249 7.02249
99 2449 0 100 32657582 7.12249 7.12249
33 2439 0 100 32646494 7.12249 7.12249
63 2455 0 100 32631226 7.32249 7.32249
14 2478 0 100 32652436 7.92249 7.92249
