42 1283 0 100 32663130 1.71212 1.71212
4 1296 0 100 32668720 2.11212 2.11212
11 1262 0 100 32671414 2.21212 2.21212
26 1276 0 100 32672366 2.21212 2.21212
12 1281 0 100 32636604 2.21212 2.21212
30 1270 0 100 32655268 2.31212 2.31212
32 1285 0 100 32673154 2.31212 2.31212
13 1268 0 100 32662204 2.41212 2.41212
36 1293 0 100 32680316 2.41212 2.41212
45 1299 0 100 32637212 2.41212 2.41212
49 1294 0 100 32652876 2.51212 2.51212
27 1323 0 100 32657790 2.81212 2.81212
3 1280 0 100 32673136 3.11212 3.11212
25 1308 0 100 32674736 3.41212 3.41212
40 1289 0 100 32648990 3.41212 3.41212
20 1317 0 100 32657872 3.41212 3.41212
5 1265 0 100 32678730 3.51212 3.51212
28 1271 0 100 32651380 3.61212 3.61212
37 1298 0 100 32659900 3.71212 3.71212
15 1329 0 100 32678054 3.81212 3.81212
10 1260 0 100 32649730 4.01212 4.01212
35 1303 0 100 32647856 4.11212 4.11212
1 1302 0 100 32669474 4.21212 4.21212
18 1263 0 100 32676816 4.31212 4.31212
2 1309 0 100 32669550 4.31212 4.31212
21 1322 0 100 32665754 4.61212 4.61212
9 1290 0 100 32681894 4.61212 4.61212
31 1292 0 100 32679232 4.61212 4.61212
23 1273 0 100 32678842 4.81212 4.81212
46 1278 0 100 32656098 5.01212 5.01212
22 1282 0 100 32675082 5.31212 5.31212
19 1287 0 100 32669782 5.41212 5.41212
39 1277 0 100 32636342 5.51212 5.51212
6 1305 0 100 32644568 5.51212 5.51212
7 1301 0 100 32641170 5.61212 5.61212
47 1311 0 100 32677036 5.71212 5.71212
16 1297 0 100 32674434 5.71212 5.71212
48 1310 0 100 32646474 5.91212 5.91212
44 1315 0 100 32653334 5.91212 5.91212
33 1306 0 100 32666076 6.11212 6.11212
43 1275 0 100 32630342 6.11212 6.11212
8 1325 0 100 32650742 6.51212 6.51212
14 1326 0 100 32655104 6.71212 6.71212
38 1288 0 100 32654870 6.71212 6.71212
41 1318 0 100 32655052 7.01212 7.01212
29 1320 0 100 32666534 7.21212 7.21212
50 1314 0 100 32637696 7.21212 7.21212
34 1313 0 100 32645804 7.31212 7.31212
