47 0.8 0.016 0.784
47 0.784 0.16 0.624
32 0.8 0.016 0.784
32 0.784 0.16 0.624
21 0.8 0.016 0.784
21 0.784 0.16 0.624
59 0.8 0.016 0.784
59 0.784 0.16 0.624
4 0.8 0.016 0.784
4 0.784 0.16 0.624
53 0.8 0.016 0.784
57 0.8 0.016 0.784
53 0.784 0.16 0.624
57 0.784 0.16 0.624
40 0.8 0.016 0.784
40 0.784 0.16 0.624
12 0.8 0.16 0.64
12 0.716576 0.016 0.700576
42 0.8 0.016 0.784
42 0.784 0.16 0.624
12 0.700576 0.16 0.540576
48 0.8 0.016 0.784
62 0.8 0.016 0.784
62 0.784 0.16 0.624
48 0.784 0.16 0.624
2 0.8 0.016 0.784
2 0.784 0.16 0.624
30 0.8 0.16 0.64
67 0.8 0.16 0.64
30 0.714711 0.016 0.698711
67 0.713061 0.016 0.697061
30 0.698711 0.16 0.538711
67 0.697061 0.16 0.537061
28 0.8 0.016 0.784
28 0.784 0.16 0.624
49 0.8 0.016 0.784
49 0.784 0.16 0.624
8 0.8 0.16 0.64
8 0.716019 0.016 0.700019
37 0.8 0.016 0.784
37 0.784 0.16 0.624
8 0.700019 0.16 0.540019
13 0.8 0.16 0.64
63 0.8 0.16 0.64
64 0.8 0.16 0.64
13 0.718613 0.016 0.702613
45 0.8 0.016 0.784
63 0.712942 0.016 0.696942
64 0.715809 0.016 0.699809
64 0.699809 0.16 0.539809
63 0.696942 0.16 0.536942
13 0.702613 0.16 0.542613
45 0.784 0.16 0.624
24 0.8 0.16 0.64
52 0.8 0.16 0.64
1 0.8 0.16 0.64
24 0.64 0.16 0.48
52 0.64 0.16 0.48
1 0.64 0.16 0.48
24 0.48 0.16 0.32
52 0.48 0.16 0.32
56 0.8 0.16 0.64
1 0.558459 0.016 0.542459
24 0.393006 0.016 0.377006
52 0.392036 0.016 0.376036
56 0.711261 0.016 0.695261
1 0.542459 0.16 0.382459
24 0.377006 0.16 0.217006
52 0.376036 0.16 0.216036
56 0.695261 0.16 0.535261
38 0.8 0.16 0.64
55 0.8 0.16 0.64
38 0.64 0.16 0.48
38 0.48 0.16 0.32
55 0.64 0.16 0.48
38 0.395692 0.016 0.379692
55 0.554602 0.016 0.538602
38 0.379692 0.16 0.219692
55 0.538602 0.16 0.378602
66 0.8 0.16 0.64
68 0.8 0.16 0.64
66 0.64 0.16 0.48
68 0.64 0.16 0.48
66 0.550504 0.016 0.534504
68 0.551773 0.016 0.535773
66 0.534504 0.16 0.374504
68 0.535773 0.16 0.375773
44 0.8 0.16 0.64
44 0.716527 0.016 0.700527
44 0.700527 0.16 0.540527
20 0.8 0.016 0.784
20 0.784 0.16 0.624
69 0.8 0.016 0.784
69 0.784 0.16 0.624
9 0.8 0.016 0.784
46 0.8 0.016 0.784
9 0.784 0.16 0.624
46 0.784 0.16 0.624
22 0.8 0.016 0.784
22 0.784 0.16 0.624
18 0.8 0.16 0.64
18 0.718442 0.016 0.702442
39 0.8 0.016 0.784
18 0.702442 0.16 0.542442
39 0.784 0.16 0.624
29 0.8 0.16 0.64
43 0.8 0.16 0.64
29 0.710994 0.016 0.694994
43 0.710736 0.016 0.694736
29 0.694994 0.16 0.534994
43 0.694736 0.16 0.534736
16 0.8 0.16 0.64
16 0.716373 0.016 0.700373
16 0.700373 0.16 0.540373
5 0.8 0.016 0.784
5 0.784 0.16 0.624
17 0.8 0.16 0.64
17 0.718988 0.016 0.702988
17 0.702988 0.16 0.542988
3 0.8 0.016 0.784
3 0.784 0.16 0.624
70 0.8 0.16 0.64
70 0.718203 0.016 0.702203
70 0.702203 0.16 0.542203
41 0.8 0.016 0.784
41 0.784 0.16 0.624
25 0.8 0.16 0.64
25 0.712214 0.016 0.696214
25 0.696214 0.16 0.536214
6 0.8 0.016 0.784
26 0.8 0.016 0.784
33 0.8 0.016 0.784
6 0.784 0.16 0.624
33 0.784 0.16 0.624
26 0.784 0.16 0.624
58 0.8 0.16 0.64
58 0.64 0.16 0.48
51 0.8 0.16 0.64
58 0.48 0.16 0.32
51 0.717518 0.016 0.701518
58 0.391233 0.016 0.375233
51 0.701518 0.16 0.541518
58 0.375233 0.16 0.215233
36 0.8 0.16 0.64
36 0.715591 0.016 0.699591
36 0.699591 0.16 0.539591
27 0.8 0.16 0.64
27 0.713709 0.016 0.697709
27 0.697709 0.16 0.537709
14 0.8 0.016 0.784
14 0.784 0.16 0.624
31 0.8 0.16 0.64
54 0.8 0.16 0.64
61 0.8 0.16 0.64
65 0.8 0.16 0.64
31 0.712527 0.016 0.696527
54 0.718641 0.016 0.702641
61 0.718746 0.016 0.702746
65 0.714101 0.016 0.698101
31 0.696527 0.16 0.536527
65 0.698101 0.16 0.538101
61 0.702746 0.16 0.542746
54 0.702641 0.16 0.542641
15 0.8 0.16 0.64
15 0.64 0.16 0.48
15 0.554873 0.016 0.538873
15 0.538873 0.16 0.378873
34 0.8 0.016 0.784
34 0.784 0.16 0.624
35 0.8 0.016 0.784
35 0.784 0.16 0.624
23 0.8 0.016 0.784
23 0.784 0.16 0.624
7 0.8 0.016 0.784
7 0.784 0.16 0.624
19 0.8 0.016 0.784
19 0.784 0.16 0.624
10 0.8 0.016 0.784
50 0.8 0.016 0.784
10 0.784 0.16 0.624
50 0.784 0.16 0.624
60 0.8 0.16 0.64
60 0.64 0.16 0.48
60 0.552961 0.016 0.536961
60 0.536961 0.16 0.376961
11 0.8 0.016 0.784
11 0.784 0.16 0.624
