0 2110
0 2111
0 2112
0 2113
0 2114
0 2115
0 2116
0 2117
0 2118
0 2119
0 2121
0 2127
0 2138
21 2133
87 2135
0 2142
0 2145
0 2149
74 2130
75 2131
0 2156
52 2153
0 2160
35 2128
0 2165
7 2144
51 2141
0 2171
0 2176
0 2185
59 2122
37 2169
43 2154
0 2192
88 2173
20 2189
0 2196
53 2188
63 2179
0 2201
49 2187
33 2123
0 2207
84 2195
0 2212
4 2204
0 2215
42 2178
0 2223
29 2191
67 2143
27 2148
0 2228
5 2132
0 2230
38 2124
61 2134
0 2231
9 2175
31 2147
0 2232
46 2166
83 2186
60 2157
0 2233
25 2146
0 2234
0 2235
72 2206
0 2236
89 2184
0 2237
0 2238
28 2205
19 2139
0 2239
0 2240
81 2211
45 2174
0 2241
6 2208
64 2129
0 2242
44 2229
0 2243
40 2162
0 2244
26 2183
90 2140
0 2245
0 2246
0 2247
58 2159
48 2182
0 2248
66 2125
2 2168
11 2227
57 2172
0 2249
41 2137
71 2152
0 2250
17 2216
77 2120
24 2219
69 2158
0 2251
82 2190
0 2252
0 2253
8 2221
0 2254
36 2222
0 2255
32 2150
39 2198
0 2256
0 2257
14 2126
65 2203
85 2214
0 2258
0 2259
22 2210
73 2151
0 2260
68 2155
50 2197
0 2261
80 2164
86 2136
10 2199
0 2262
3 2200
0 2263
30 2194
70 2218
0 2264
18 2161
0 2265
0 2266
23 2213
15 2217
0 2267
34 2209
47 2167
13 2225
0 2268
12 2163
76 2170
0 2269
0 2270
62 2202
78 2177
0 2271
0 2272
1 2180
55 2181
0 2273
54 2193
0 2274
16 2220
0 2275
0 2276
0 2277
56 2224
0 2278
79 2226
0 2279
0 2280
0 2281
0 2282
0 2283
0 2284
0 2285
0 2286
0 2287
0 2288
0 2289
0 2290
0 2291
0 2292
0 2293
0 2294
0 2295
0 2296
0 2297
0 2298
0 2299
0 2300
0 2301
0 2302
0 2303
0 2304
0 2305
0 2306
0 2307
0 2308
0 2309
0 2310
0 2311
0 2312
0 2313
0 2314
0 2315
0 2316
0 2317
0 2318
0 2319
0 2320
0 2321
0 2322
0 2323
0 2324
0 2325
0 2326
0 2327
0 2328
0 2329
0 2330
0 2331
0 2332
0 2333
0 2334
0 2335
0 2336
0 2337
0 2338
0 2339
0 2340
0 2341
0 2342
0 2343
0 2344
0 2345
0 2346
0 2347
0 2348
0 2349
