21 0.8 0.016 0.784
87 0.8 0.016 0.784
21 0.784 0.16 0.624
87 0.784 0.16 0.624
74 0.8 0.016 0.784
75 0.8 0.016 0.784
74 0.784 0.16 0.624
75 0.784 0.16 0.624
52 0.8 0.016 0.784
52 0.784 0.16 0.624
35 0.8 0.016 0.784
35 0.784 0.16 0.624
51 0.8 0.16 0.64
7 0.8 0.016 0.784
51 0.715651 0.016 0.699651
7 0.784 0.16 0.624
51 0.699651 0.16 0.539651
37 0.8 0.016 0.784
43 0.8 0.016 0.784
59 0.8 0.016 0.784
59 0.784 0.16 0.624
37 0.784 0.16 0.624
43 0.784 0.16 0.624
88 0.8 0.16 0.64
20 0.8 0.016 0.784
88 0.715194 0.016 0.699194
88 0.699194 0.16 0.539194
20 0.784 0.16 0.624
63 0.8 0.16 0.64
49 0.8 0.16 0.64
53 0.8 0.16 0.64
63 0.64 0.16 0.48
53 0.716728 0.016 0.700728
63 0.559772 0.016 0.543772
53 0.700728 0.16 0.540728
63 0.543772 0.16 0.383772
33 0.8 0.16 0.64
49 0.718486 0.16 0.558486
49 0.558486 0.16 0.398486
33 0.71287 0.016 0.69687
49 0.474066 0.016 0.458066
49 0.458066 0.16 0.298066
33 0.69687 0.16 0.53687
84 0.8 0.16 0.64
84 0.64 0.16 0.48
84 0.551137 0.016 0.535137
84 0.535137 0.16 0.375137
4 0.8 0.016 0.784
4 0.784 0.16 0.624
42 0.8 0.16 0.64
42 0.716195 0.016 0.700195
42 0.700195 0.16 0.540195
27 0.8 0.16 0.64
29 0.8 0.16 0.64
67 0.8 0.16 0.64
27 0.711194 0.016 0.695194
29 0.718187 0.016 0.702187
67 0.71565 0.016 0.69965
29 0.702187 0.16 0.542187
67 0.69965 0.16 0.53965
27 0.695194 0.16 0.535194
5 0.8 0.016 0.784
5 0.784 0.16 0.624
31 0.8 0.16 0.64
38 0.8 0.16 0.64
61 0.8 0.16 0.64
38 0.713313 0.016 0.697313
61 0.718299 0.016 0.702299
38 0.697313 0.16 0.537313
61 0.702299 0.16 0.542299
9 0.8 0.16 0.64
31 0.717003 0.16 0.557003
9 0.64 0.16 0.48
31 0.557003 0.16 0.397003
9 0.555828 0.016 0.539828
31 0.472144 0.016 0.456144
9 0.539828 0.16 0.379828
31 0.456144 0.16 0.296144
46 0.8 0.16 0.64
83 0.8 0.16 0.64
83 0.64 0.16 0.48
46 0.718852 0.016 0.702852
60 0.8 0.016 0.784
83 0.557769 0.016 0.541769
46 0.702852 0.16 0.542852
83 0.541769 0.16 0.381769
60 0.784 0.16 0.624
25 0.8 0.16 0.64
25 0.715646 0.016 0.699646
25 0.699646 0.16 0.539646
72 0.8 0.016 0.784
72 0.784 0.16 0.624
89 0.8 0.16 0.64
89 0.713672 0.016 0.697672
89 0.697672 0.16 0.537672
19 0.8 0.016 0.784
28 0.8 0.016 0.784
28 0.784 0.16 0.624
19 0.784 0.16 0.624
45 0.8 0.016 0.784
81 0.8 0.016 0.784
81 0.784 0.16 0.624
45 0.784 0.16 0.624
6 0.8 0.16 0.64
64 0.8 0.16 0.64
6 0.64 0.16 0.48
64 0.64 0.16 0.48
6 0.555783 0.016 0.539783
64 0.557003 0.016 0.541003
6 0.539783 0.16 0.379783
64 0.541003 0.16 0.381003
44 0.8 0.016 0.784
44 0.784 0.16 0.624
40 0.8 0.16 0.64
40 0.713217 0.016 0.697217
40 0.697217 0.16 0.537217
26 0.8 0.16 0.64
90 0.8 0.16 0.64
26 0.71209 0.016 0.69609
90 0.716986 0.016 0.700986
26 0.69609 0.16 0.53609
90 0.700986 0.16 0.540986
48 0.8 0.016 0.784
58 0.8 0.016 0.784
58 0.784 0.16 0.624
48 0.784 0.16 0.624
57 0.8 0.16 0.64
66 0.8 0.16 0.64
2 0.8 0.16 0.64
11 0.8 0.16 0.64
41 0.8 0.16 0.64
57 0.64 0.16 0.48
66 0.64 0.16 0.48
2 0.715199 0.016 0.699199
11 0.712565 0.016 0.696565
57 0.550079 0.016 0.534079
66 0.55072 0.016 0.53472
66 0.53472 0.16 0.37472
2 0.699199 0.16 0.539199
11 0.696565 0.16 0.536565
57 0.534079 0.16 0.374079
41 0.715079 0.16 0.555079
41 0.555079 0.16 0.395079
41 0.395079 0.16 0.235079
71 0.8 0.16 0.64
41 0.313705 0.016 0.297705
71 0.711549 0.016 0.695549
41 0.297705 0.16 0.137705
71 0.695549 0.16 0.535549
17 0.8 0.16 0.64
17 0.64 0.16 0.48
24 0.8 0.16 0.64
69 0.8 0.16 0.64
77 0.8 0.16 0.64
17 0.550113 0.016 0.534113
24 0.719832 0.016 0.703832
69 0.712904 0.016 0.696904
77 0.711965 0.016 0.695965
17 0.534113 0.16 0.374113
77 0.695965 0.16 0.535965
24 0.703832 0.16 0.543832
69 0.696904 0.16 0.536904
82 0.8 0.16 0.64
82 0.64 0.16 0.48
82 0.48 0.16 0.32
82 0.32 0.16 0.16
82 0.2399 0.016 0.2239
82 0.2239 0.16 0.0638996
8 0.8 0.016 0.784
8 0.784 0.16 0.624
36 0.8 0.016 0.784
36 0.784 0.16 0.624
39 0.8 0.16 0.64
32 0.8 0.016 0.784
39 0.715403 0.016 0.699403
32 0.784 0.16 0.624
39 0.699403 0.16 0.539403
14 0.8 0.016 0.784
65 0.8 0.016 0.784
85 0.8 0.016 0.784
14 0.784 0.16 0.624
65 0.784 0.16 0.624
85 0.784 0.16 0.624
22 0.8 0.016 0.784
73 0.8 0.016 0.784
22 0.784 0.16 0.624
73 0.784 0.16 0.624
50 0.8 0.16 0.64
68 0.8 0.16 0.64
50 0.716423 0.016 0.700423
68 0.716425 0.016 0.700425
68 0.700425 0.16 0.540425
50 0.700423 0.16 0.540423
86 0.8 0.16 0.64
80 0.8 0.16 0.64
86 0.64 0.16 0.48
10 0.8 0.016 0.784
80 0.715113 0.016 0.699113
86 0.557883 0.016 0.541883
80 0.699113 0.16 0.539113
86 0.541883 0.16 0.381883
10 0.784 0.16 0.624
3 0.8 0.16 0.64
3 0.64 0.16 0.48
70 0.8 0.16 0.64
3 0.554082 0.016 0.538082
3 0.538082 0.16 0.378082
30 0.8 0.16 0.64
70 0.716579 0.16 0.556579
30 0.719311 0.016 0.703311
70 0.626736 0.016 0.610736
30 0.703311 0.16 0.543311
70 0.610736 0.16 0.450736
18 0.8 0.16 0.64
18 0.719441 0.016 0.703441
18 0.703441 0.16 0.543441
15 0.8 0.016 0.784
23 0.8 0.016 0.784
23 0.784 0.16 0.624
15 0.784 0.16 0.624
34 0.8 0.16 0.64
47 0.8 0.16 0.64
47 0.64 0.16 0.48
13 0.8 0.016 0.784
34 0.719193 0.016 0.703193
47 0.552436 0.016 0.536436
34 0.703193 0.16 0.543193
47 0.536436 0.16 0.376436
13 0.784 0.16 0.624
12 0.8 0.16 0.64
76 0.8 0.16 0.64
12 0.64 0.16 0.48
76 0.64 0.16 0.48
12 0.553143 0.016 0.537143
76 0.556498 0.016 0.540498
12 0.537143 0.16 0.377143
76 0.540498 0.16 0.380498
62 0.8 0.016 0.784
78 0.8 0.016 0.784
62 0.784 0.16 0.624
78 0.784 0.16 0.624
1 0.8 0.016 0.784
55 0.8 0.016 0.784
1 0.784 0.16 0.624
55 0.784 0.16 0.624
54 0.8 0.016 0.784
54 0.784 0.16 0.624
16 0.8 0.16 0.64
16 0.716808 0.016 0.700808
16 0.700808 0.16 0.540808
56 0.8 0.016 0.784
56 0.784 0.16 0.624
79 0.8 0.016 0.784
79 0.784 0.16 0.624
