47 1673 0 100 32640676 1.15488 1.15488
32 1674 0 100 32662118 1.25488 1.25488
21 1683 0 100 32680754 1.35488 1.35488
59 1700 0 100 32668266 1.65488 1.65488
4 1676 0 100 32678894 1.75488 1.75488
57 1686 0 100 32638470 1.95488 1.95488
40 1708 0 100 32653256 2.05488 2.05488
42 1718 0 100 32675006 2.15488 2.15488
12 1689 0 100 32637906 2.15488 2.15488
62 1703 0 100 32657682 2.45488 2.45488
48 1695 0 100 32652368 2.45488 2.45488
2 1728 0 100 32671976 2.65488 2.65488
30 1729 0 100 32646772 2.75488 2.75488
67 1692 0 100 32671060 2.75488 2.75488
28 1713 0 100 32648046 2.95488 2.95488
49 1739 0 100 32649738 3.15488 3.15488
37 1714 0 100 32673652 3.25488 3.25488
8 1711 0 100 32665356 3.25488 3.25488
64 1734 0 100 32650898 3.35488 3.35488
63 1752 0 100 32644300 3.35488 3.35488
13 1710 0 100 32678988 3.35488 3.35488
45 1736 0 100 32666446 3.35488 3.35488
24 1688 0 100 32654498 3.45488 3.45488
52 1694 0 100 32655488 3.45488 3.45488
56 1706 0 100 32671234 3.45488 3.45488
38 1699 0 100 32654020 3.55488 3.55488
55 1741 0 100 32661418 3.55488 3.55488
68 1757 0 100 32657478 3.65488 3.65488
44 1678 0 100 32644150 3.75488 3.75488
20 1724 0 100 32638626 3.85488 3.85488
69 1716 0 100 32662982 3.95488 3.95488
9 1717 0 100 32635586 4.15488 4.15488
46 1705 0 100 32660066 4.15488 4.15488
22 1723 0 100 32672940 4.35488 4.35488
39 1740 0 100 32682244 4.45488 4.45488
29 1690 0 100 32655500 4.55488 4.55488
43 1680 0 100 32657998 4.55488 4.55488
16 1759 0 100 32682368 4.65488 4.65488
5 1725 0 100 32633344 4.95488 4.95488
17 1702 0 100 32618692 5.05488 5.05488
3 1704 0 100 32669022 5.35488 5.35488
70 1670 0 100 32658088 5.45488 5.45488
41 1684 0 100 32638992 5.55488 5.55488
25 1691 0 100 32643054 5.65488 5.65488
6 1755 0 100 32643704 5.85488 5.85488
33 1696 0 100 32664748 5.85488 5.85488
26 1681 0 100 32672716 5.85488 5.85488
51 1679 0 100 32668978 5.95488 5.95488
58 1737 0 100 32660220 5.95488 5.95488
36 1753 0 100 32664040 6.05488 6.05488
27 1747 0 100 32657018 6.15488 6.15488
14 1685 0 100 32681534 6.25488 6.25488
65 1726 0 100 32633690 6.35488 6.35488
61 1749 0 100 32670798 6.35488 6.35488
54 1697 0 100 32669600 6.35488 6.35488
15 1744 0 100 32639160 6.45488 6.45488
34 1751 0 100 32670824 6.55488 6.55488
35 1742 0 100 32675284 6.75488 6.75488
23 1735 0 100 32644420 7.05488 7.05488
7 1720 0 100 32657616 7.15488 7.15488
19 1733 0 100 32656286 7.25488 7.25488
10 1731 0 100 32650152 7.45488 7.45488
50 1743 0 100 32680692 7.45488 7.45488
60 1750 0 100 32659894 7.55488 7.55488
11 1756 0 100 32640214 7.75488 7.75488
