56 0.8 0.016 0.784
56 0.784 0.16 0.624
61 0.8 0.16 0.64
61 0.71677 0.016 0.70077
61 0.70077 0.16 0.54077
30 0.8 0.016 0.784
80 0.8 0.016 0.784
80 0.784 0.16 0.624
30 0.784 0.16 0.624
57 0.8 0.016 0.784
57 0.784 0.16 0.624
33 0.8 0.16 0.64
62 0.8 0.16 0.64
4 0.8 0.016 0.784
33 0.716896 0.016 0.700896
62 0.717618 0.016 0.701618
33 0.700896 0.16 0.540896
4 0.784 0.16 0.624
62 0.701618 0.16 0.541618
6 0.8 0.16 0.64
13 0.8 0.16 0.64
70 0.8 0.16 0.64
6 0.64 0.16 0.48
13 0.64 0.16 0.48
70 0.64 0.16 0.48
6 0.552155 0.016 0.536155
13 0.559913 0.016 0.543913
50 0.8 0.016 0.784
70 0.55821 0.016 0.54221
50 0.784 0.16 0.624
70 0.54221 0.16 0.38221
13 0.543913 0.16 0.383913
6 0.536155 0.16 0.376155
24 0.8 0.16 0.64
38 0.8 0.16 0.64
39 0.8 0.16 0.64
24 0.64 0.16 0.48
39 0.64 0.16 0.48
24 0.48 0.16 0.32
39 0.48 0.16 0.32
24 0.396233 0.016 0.380233
38 0.718389 0.016 0.702389
39 0.392631 0.016 0.376631
39 0.376631 0.16 0.216631
24 0.380233 0.16 0.220233
38 0.702389 0.16 0.542389
8 0.8 0.16 0.64
26 0.8 0.16 0.64
8 0.715177 0.016 0.699177
26 0.711911 0.016 0.695911
26 0.695911 0.16 0.535911
8 0.699177 0.16 0.539177
68 0.8 0.16 0.64
68 0.64 0.16 0.48
68 0.552775 0.016 0.536775
68 0.536775 0.16 0.376775
63 0.8 0.16 0.64
63 0.712746 0.016 0.696746
63 0.696746 0.16 0.536746
16 0.8 0.016 0.784
35 0.8 0.016 0.784
66 0.8 0.016 0.784
16 0.784 0.16 0.624
35 0.784 0.16 0.624
66 0.784 0.16 0.624
2 0.8 0.016 0.784
79 0.8 0.016 0.784
79 0.784 0.16 0.624
2 0.784 0.16 0.624
75 0.8 0.16 0.64
75 0.64 0.16 0.48
72 0.8 0.016 0.784
75 0.55792 0.016 0.54192
75 0.54192 0.16 0.38192
72 0.784 0.16 0.624
15 0.8 0.16 0.64
65 0.8 0.16 0.64
15 0.64 0.16 0.48
65 0.64 0.16 0.48
15 0.552583 0.016 0.536583
65 0.555469 0.016 0.539469
65 0.539469 0.16 0.379469
15 0.536583 0.16 0.376583
17 0.8 0.16 0.64
17 0.64 0.16 0.48
17 0.550979 0.016 0.534979
17 0.534979 0.16 0.374979
14 0.8 0.16 0.64
41 0.8 0.16 0.64
53 0.8 0.16 0.64
14 0.719718 0.016 0.703718
41 0.710251 0.016 0.694251
53 0.710793 0.016 0.694793
14 0.703718 0.16 0.543718
41 0.694251 0.16 0.534251
53 0.694793 0.16 0.534793
78 0.8 0.16 0.64
78 0.64 0.16 0.48
78 0.552556 0.016 0.536556
78 0.536556 0.16 0.376556
10 0.8 0.16 0.64
71 0.8 0.16 0.64
10 0.713364 0.016 0.697364
71 0.714262 0.016 0.698262
71 0.698262 0.16 0.538262
10 0.697364 0.16 0.537364
31 0.8 0.16 0.64
31 0.64 0.16 0.48
31 0.552312 0.016 0.536312
31 0.536312 0.16 0.376312
21 0.8 0.016 0.784
21 0.784 0.16 0.624
52 0.8 0.016 0.784
54 0.8 0.016 0.784
64 0.8 0.016 0.784
52 0.784 0.16 0.624
64 0.784 0.16 0.624
54 0.784 0.16 0.624
58 0.8 0.16 0.64
48 0.8 0.16 0.64
58 0.64 0.16 0.48
58 0.48 0.16 0.32
58 0.395571 0.016 0.379571
58 0.379571 0.16 0.219571
48 0.713694 0.16 0.553694
48 0.630396 0.016 0.614396
67 0.8 0.016 0.784
67 0.784 0.16 0.624
48 0.614396 0.16 0.454396
60 0.8 0.016 0.784
60 0.784 0.16 0.624
3 0.8 0.16 0.64
3 0.712746 0.016 0.696746
3 0.696746 0.16 0.536746
20 0.8 0.16 0.64
20 0.713901 0.016 0.697901
20 0.697901 0.16 0.537901
49 0.8 0.016 0.784
49 0.784 0.16 0.624
44 0.8 0.016 0.784
59 0.8 0.016 0.784
59 0.784 0.16 0.624
44 0.784 0.16 0.624
7 0.8 0.16 0.64
23 0.8 0.16 0.64
40 0.8 0.16 0.64
42 0.8 0.16 0.64
7 0.64 0.16 0.48
23 0.64 0.16 0.48
40 0.64 0.16 0.48
42 0.64 0.16 0.48
23 0.558436 0.016 0.542436
40 0.551295 0.016 0.535295
42 0.557117 0.016 0.541117
40 0.535295 0.16 0.375295
23 0.542436 0.16 0.382436
42 0.541117 0.16 0.381117
7 0.554192 0.16 0.394192
7 0.394192 0.16 0.234192
7 0.308917 0.016 0.292917
28 0.8 0.016 0.784
47 0.8 0.016 0.784
47 0.784 0.16 0.624
7 0.292917 0.16 0.132917
28 0.784 0.16 0.624
11 0.8 0.16 0.64
29 0.8 0.16 0.64
51 0.8 0.16 0.64
11 0.64 0.16 0.48
51 0.64 0.16 0.48
11 0.48 0.16 0.32
12 0.8 0.16 0.64
29 0.64 0.16 0.48
51 0.48 0.16 0.32
11 0.397966 0.016 0.381966
12 0.715779 0.016 0.699779
29 0.550108 0.016 0.534108
51 0.392152 0.016 0.376152
29 0.534108 0.16 0.374108
11 0.381966 0.16 0.221966
12 0.699779 0.16 0.539779
51 0.376152 0.16 0.216152
32 0.8 0.016 0.784
32 0.784 0.16 0.624
43 0.8 0.16 0.64
55 0.8 0.16 0.64
77 0.8 0.16 0.64
43 0.710689 0.016 0.694689
55 0.712423 0.016 0.696423
77 0.714502 0.016 0.698502
55 0.696423 0.16 0.536423
77 0.698502 0.16 0.538502
43 0.694689 0.16 0.534689
19 0.8 0.16 0.64
37 0.8 0.16 0.64
46 0.8 0.16 0.64
19 0.64 0.16 0.48
37 0.64 0.16 0.48
46 0.64 0.16 0.48
19 0.552309 0.016 0.536309
37 0.55251 0.016 0.53651
46 0.55168 0.016 0.53568
19 0.536309 0.16 0.376309
37 0.53651 0.16 0.37651
46 0.53568 0.16 0.37568
22 0.8 0.16 0.64
73 0.8 0.16 0.64
22 0.64 0.16 0.48
73 0.64 0.16 0.48
22 0.48 0.16 0.32
73 0.48 0.16 0.32
22 0.393439 0.016 0.377439
73 0.390258 0.016 0.374258
73 0.374258 0.16 0.214258
22 0.377439 0.16 0.217439
36 0.8 0.16 0.64
36 0.64 0.16 0.48
1 0.8 0.016 0.784
36 0.558874 0.016 0.542874
1 0.784 0.16 0.624
36 0.542874 0.16 0.382874
74 0.8 0.016 0.784
74 0.784 0.16 0.624
18 0.8 0.16 0.64
45 0.8 0.16 0.64
18 0.71243 0.016 0.69643
25 0.8 0.016 0.784
45 0.717459 0.016 0.701459
76 0.8 0.016 0.784
45 0.701459 0.16 0.541459
18 0.69643 0.16 0.53643
25 0.784 0.16 0.624
76 0.784 0.16 0.624
27 0.8 0.016 0.784
27 0.784 0.16 0.624
5 0.8 0.16 0.64
34 0.8 0.16 0.64
5 0.716447 0.016 0.700447
34 0.717638 0.016 0.701638
5 0.700447 0.16 0.540447
34 0.701638 0.16 0.541638
69 0.8 0.016 0.784
69 0.784 0.16 0.624
9 0.8 0.016 0.784
9 0.784 0.16 0.624
