39 1070 1.00014
17 1072 1.05734
6 1073 1.12283
11 1075 1.13216
36 1077 1.23875
32 1078 1.29015
35 1080 1.3672
38 1081 1.37834
7 1082 1.40038
29 1084 1.48571
12 1086 1.60841
9 1088 1.64117
24 1089 1.64314
37 1090 1.67359
19 1092 1.79873
34 1095 1.99927
3 1096 2.00564
18 1098 2.08735
16 1099 2.10094
23 1100 2.10248
20 1101 2.11175
21 1103 2.17332
28 1104 2.17955
1 1105 2.18563
15 1107 2.27949
8 1108 2.30421
33 1109 2.32413
5 1111 2.35756
26 1113 2.4961
14 1114 2.52162
10 1116 2.54993
27 1117 2.60499
13 1119 2.63318
22 1120 2.66686
31 1122 2.73045
40 1123 2.7734
4 1124 2.792
30 1126 2.84608
25 1127 2.84928
2 1128 2.8741
