10 1260 1.00521
11 1262 1.05187
18 1263 1.06713
17 1264 1.07725
5 1265 1.07911
13 1268 1.24863
30 1270 1.3703
28 1271 1.40844
23 1273 1.43638
43 1275 1.55151
26 1276 1.59601
39 1277 1.60212
46 1278 1.60237
3 1280 1.6177
12 1281 1.6419
22 1282 1.66851
42 1283 1.70619
32 1285 1.71243
19 1287 1.82579
38 1288 1.83799
40 1289 1.84676
9 1290 1.87924
31 1292 1.93502
36 1293 1.95059
49 1294 1.994
4 1296 2.07373
16 1297 2.08567
37 1298 2.09315
45 1299 2.10617
7 1301 2.15197
1 1302 2.16208
35 1303 2.18998
6 1305 2.22296
33 1306 2.29434
25 1308 2.33155
2 1309 2.3771
48 1310 2.40204
47 1311 2.40463
34 1313 2.45731
50 1314 2.46387
44 1315 2.49412
20 1317 2.58893
41 1318 2.58967
24 1319 2.58996
29 1320 2.59061
21 1322 2.63749
27 1323 2.70409
8 1325 2.74596
14 1326 2.79985
15 1329 2.9573
