1 0.8 0.016 0.784
1 0.784 0.16 0.624
7 0.8 0.016 0.784
7 0.784 0.16 0.624
18 0.8 0.016 0.784
18 0.784 0.16 0.624
15 0.8 0.016 0.784
20 0.8 0.016 0.784
20 0.784 0.16 0.624
15 0.784 0.16 0.624
17 0.8 0.016 0.784
17 0.784 0.16 0.624
10 0.8 0.016 0.784
10 0.784 0.16 0.624
2 0.8 0.016 0.784
2 0.784 0.16 0.624
16 0.8 0.016 0.784
16 0.784 0.16 0.624
14 0.8 0.016 0.784
14 0.784 0.16 0.624
11 0.8 0.016 0.784
11 0.784 0.16 0.624
5 0.8 0.016 0.784
12 0.8 0.016 0.784
5 0.784 0.16 0.624
12 0.784 0.16 0.624
19 0.8 0.16 0.64
19 0.64 0.16 0.48
8 0.8 0.016 0.784
19 0.555278 0.016 0.539278
8 0.784 0.16 0.624
19 0.539278 0.16 0.379278
6 0.8 0.016 0.784
6 0.784 0.16 0.624
4 0.8 0.016 0.784
13 0.8 0.016 0.784
13 0.784 0.16 0.624
4 0.784 0.16 0.624
3 0.8 0.16 0.64
3 0.713655 0.016 0.697655
3 0.697655 0.16 0.537655
9 0.8 0.016 0.784
9 0.784 0.16 0.624
