56 1893 0 100 32668316 1.25513 1.25513
61 1894 0 100 32666830 1.35513 1.35513
80 1899 0 100 32660446 1.85513 1.85513
30 1917 0 100 32639480 1.85513 1.85513
57 1929 0 100 32672516 2.35513 2.35513
33 1952 0 100 32672992 2.45513 2.45513
4 1961 0 100 32650816 2.45513 2.45513
62 1903 0 100 32663452 2.45513 2.45513
50 1968 0 100 32654590 2.55513 2.55513
70 1936 0 100 32673806 2.55513 2.55513
13 1902 0 100 32662170 2.55513 2.55513
6 1901 0 100 32661530 2.55513 2.55513
39 1922 0 100 32640670 2.65513 2.65513
24 1891 0 100 32635810 2.65513 2.65513
38 1930 0 100 32677924 2.65513 2.65513
26 1895 0 100 32667908 2.75513 2.75513
8 1946 0 100 32648930 2.75513 2.75513
68 1926 0 100 32638920 2.85513 2.85513
63 1957 0 100 32674194 2.95513 2.95513
16 1989 0 100 32683030 3.15513 3.15513
66 1972 0 100 32682016 3.15513 3.15513
79 1970 0 100 32681492 3.35513 3.35513
2 1949 0 100 32679504 3.35513 3.35513
75 1955 0 100 32668626 3.45513 3.45513
72 1928 0 100 32682194 3.45513 3.45513
65 1907 0 100 32678728 3.55513 3.55513
15 1923 0 100 32665838 3.55513 3.55513
17 1960 0 100 32670680 3.65513 3.65513
41 1941 0 100 32680312 3.75513 3.75513
53 1896 0 100 32669912 3.75513 3.75513
78 1953 0 100 32672746 3.85513 3.85513
71 1962 0 100 32639038 3.95513 3.95513
10 1919 0 100 32638296 3.95513 3.95513
31 1965 0 100 32647956 4.05513 4.05513
21 1916 0 100 32676298 4.25513 4.25513
52 1969 0 100 32673570 4.45513 4.45513
64 1978 0 100 32676092 4.45513 4.45513
54 1934 0 100 32660404 4.45513 4.45513
58 1909 0 100 32644688 4.55513 4.55513
67 1906 0 100 32649712 4.65513 4.65513
48 1932 0 100 32634618 4.65513 4.65513
60 1912 0 100 32668688 4.75513 4.75513
3 1958 0 100 32678856 4.85513 4.85513
20 1908 0 100 32653162 4.95513 4.95513
49 1933 0 100 32681390 5.25513 5.25513
59 1925 0 100 32682672 5.55513 5.55513
44 1986 0 100 32665952 5.55513 5.55513
40 1940 0 100 32632440 5.65513 5.65513
42 1945 0 100 32631624 5.65513 5.65513
47 1979 0 100 32658068 5.75513 5.75513
7 1973 0 100 32660198 5.75513 5.75513
28 1959 0 100 32672698 5.75513 5.75513
29 1898 0 100 32669834 5.85513 5.85513
11 1950 0 100 32652068 5.85513 5.85513
12 1977 0 100 32668042 5.85513 5.85513
51 1937 0 100 32668686 5.85513 5.85513
32 1939 0 100 32680088 5.95513 5.95513
55 1913 0 100 32644732 6.05513 6.05513
77 1921 0 100 32662994 6.05513 6.05513
43 1944 0 100 32659296 6.05513 6.05513
19 1904 0 100 32660330 6.15513 6.15513
37 1982 0 100 32667092 6.15513 6.15513
46 1927 0 100 32658580 6.15513 6.15513
73 1947 0 100 32667238 6.25513 6.25513
22 1954 0 100 32640538 6.25513 6.25513
1 1975 0 100 32665790 6.35513 6.35513
36 1967 0 100 32654472 6.35513 6.35513
74 1983 0 100 32625222 6.55513 6.55513
45 1918 0 100 32655912 6.65513 6.65513
25 1915 0 100 32664042 6.65513 6.65513
76 1976 0 100 32664602 6.65513 6.65513
27 1951 0 100 32678462 7.35513 7.35513
5 1984 0 100 32638596 7.45513 7.45513
34 1966 0 100 32662294 7.45513 7.45513
69 1981 0 100 32651026 7.75513 7.75513
9 1987 0 100 32667146 7.85513 7.85513
