0 1880
0 1881
0 1882
0 1883
0 1884
0 1885
0 1886
0 1887
0 1888
0 1889
0 1890
0 1892
0 1897
56 1893
0 1900
61 1894
0 1905
0 1910
0 1914
0 1920
0 1924
80 1899
30 1917
0 1931
0 1938
0 1943
0 1948
0 1956
57 1929
0 1964
33 1952
4 1961
62 1903
0 1971
50 1968
70 1936
13 1902
6 1901
0 1974
39 1922
24 1891
38 1930
0 1980
26 1895
8 1946
0 1985
68 1926
0 1988
63 1957
0 1990
0 1991
16 1989
35 1911
66 1972
0 1992
0 1993
79 1970
2 1949
0 1994
75 1955
72 1928
0 1995
65 1907
15 1923
0 1996
17 1960
0 1997
14 1942
41 1941
53 1896
0 1998
78 1953
0 1999
71 1962
10 1919
0 2000
31 1965
0 2001
0 2002
21 1916
0 2003
0 2004
52 1969
64 1978
54 1934
0 2005
58 1909
0 2006
67 1906
48 1932
0 2007
60 1912
0 2008
3 1958
0 2009
20 1908
0 2010
0 2011
0 2012
49 1933
0 2013
0 2014
0 2015
59 1925
44 1986
0 2016
40 1940
23 1963
42 1945
0 2017
47 1979
7 1973
28 1959
0 2018
29 1898
11 1950
12 1977
51 1937
0 2019
32 1939
0 2020
55 1913
77 1921
43 1944
0 2021
19 1904
37 1982
46 1927
0 2022
73 1947
22 1954
0 2023
1 1975
36 1967
0 2024
0 2025
74 1983
0 2026
45 1918
18 1935
25 1915
76 1976
0 2027
0 2028
0 2029
0 2030
0 2031
0 2032
0 2033
27 1951
0 2034
5 1984
34 1966
0 2035
0 2036
0 2037
69 1981
0 2038
9 1987
0 2039
0 2040
0 2041
0 2042
0 2043
0 2044
0 2045
0 2046
0 2047
0 2048
0 2049
0 2050
0 2051
0 2052
0 2053
0 2054
0 2055
0 2056
0 2057
0 2058
0 2059
0 2060
0 2061
0 2062
0 2063
0 2064
0 2065
0 2066
0 2067
0 2068
0 2069
0 2070
0 2071
0 2072
0 2073
0 2074
0 2075
0 2076
0 2077
0 2078
0 2079
0 2080
0 2081
0 2082
0 2083
0 2084
0 2085
0 2086
0 2087
0 2088
0 2089
0 2090
0 2091
0 2092
0 2093
0 2094
0 2095
0 2096
0 2097
0 2098
0 2099
0 2100
0 2101
0 2102
0 2103
0 2104
0 2105
0 2106
0 2107
0 2108
0 2109
