0 1450
0 1451
0 1452
0 1453
0 1454
0 1455
0 1456
0 1457
0 1458
0 1459
0 1461
0 1468
0 1474
0 1476
52 1463
1 1467
0 1482
0 1485
0 1488
0 1494
0 1502
0 1504
40 1475
0 1509
58 1479
0 1514
33 1512
3 1464
56 1460
0 1517
12 1492
0 1519
42 1489
0 1524
11 1513
8 1483
29 1507
0 1527
0 1532
32 1520
49 1486
14 1473
0 1534
36 1529
0 1536
0 1538
0 1540
0 1541
0 1542
0 1543
0 1544
60 1471
25 1466
0 1545
44 1469
0 1546
55 1522
0 1547
0 1548
16 1481
0 1549
20 1484
37 1500
18 1523
0 1550
6 1490
0 1551
45 1478
51 1493
47 1511
0 1552
43 1510
31 1525
0 1553
41 1503
0 1554
2 1497
10 1470
0 1555
53 1535
26 1516
13 1506
0 1556
0 1557
15 1487
0 1558
0 1559
59 1495
27 1477
50 1472
0 1560
22 1530
23 1531
0 1561
0 1562
0 1563
0 1564
46 1491
0 1565
28 1462
0 1566
57 1465
0 1567
24 1496
30 1499
7 1508
0 1568
0 1569
0 1570
0 1571
9 1480
0 1572
5 1518
54 1505
0 1573
34 1515
0 1574
0 1575
0 1576
39 1501
4 1533
0 1577
0 1578
48 1498
0 1579
0 1580
19 1526
38 1539
21 1528
0 1581
0 1582
17 1521
35 1537
0 1583
0 1584
0 1585
0 1586
0 1587
0 1588
0 1589
0 1590
0 1591
0 1592
0 1593
0 1594
0 1595
0 1596
0 1597
0 1598
0 1599
0 1600
0 1601
0 1602
0 1603
0 1604
0 1605
0 1606
0 1607
0 1608
0 1609
0 1610
0 1611
0 1612
0 1613
0 1614
0 1615
0 1616
0 1617
0 1618
0 1619
0 1620
0 1621
0 1622
0 1623
0 1624
0 1625
0 1626
0 1627
0 1628
0 1629
0 1630
0 1631
0 1632
0 1633
0 1634
0 1635
0 1636
0 1637
0 1638
0 1639
0 1640
0 1641
0 1642
0 1643
0 1644
0 1645
0 1646
0 1647
0 1648
0 1649
0 1650
0 1651
0 1652
0 1653
0 1654
0 1655
0 1656
0 1657
0 1658
0 1659
