1 0.8 0.016 0.784
52 0.8 0.016 0.784
52 0.784 0.16 0.624
1 0.784 0.16 0.624
40 0.8 0.016 0.784
40 0.784 0.16 0.624
58 0.8 0.016 0.784
58 0.784 0.16 0.624
3 0.8 0.16 0.64
56 0.8 0.16 0.64
3 0.716115 0.016 0.700115
33 0.8 0.016 0.784
56 0.716581 0.016 0.700581
33 0.784 0.16 0.624
3 0.700115 0.16 0.540115
56 0.700581 0.16 0.540581
12 0.8 0.016 0.784
12 0.784 0.16 0.624
42 0.8 0.16 0.64
42 0.718267 0.016 0.702267
42 0.702267 0.16 0.542267
11 0.8 0.16 0.64
8 0.8 0.016 0.784
11 0.714864 0.016 0.698864
29 0.8 0.016 0.784
11 0.698864 0.16 0.538864
8 0.784 0.16 0.624
29 0.784 0.16 0.624
14 0.8 0.016 0.784
32 0.8 0.016 0.784
49 0.8 0.016 0.784
32 0.784 0.16 0.624
49 0.784 0.16 0.624
14 0.784 0.16 0.624
36 0.8 0.16 0.64
36 0.64 0.16 0.48
36 0.558352 0.016 0.542352
36 0.542352 0.16 0.382352
25 0.8 0.016 0.784
60 0.8 0.016 0.784
60 0.784 0.16 0.624
25 0.784 0.16 0.624
44 0.8 0.016 0.784
44 0.784 0.16 0.624
55 0.8 0.16 0.64
55 0.713683 0.016 0.697683
55 0.697683 0.16 0.537683
16 0.8 0.016 0.784
16 0.784 0.16 0.624
18 0.8 0.016 0.784
20 0.8 0.016 0.784
37 0.8 0.016 0.784
20 0.784 0.16 0.624
37 0.784 0.16 0.624
18 0.784 0.16 0.624
6 0.8 0.016 0.784
6 0.784 0.16 0.624
45 0.8 0.16 0.64
47 0.8 0.16 0.64
51 0.8 0.16 0.64
45 0.716539 0.016 0.700539
47 0.710051 0.016 0.694051
51 0.716054 0.016 0.700054
45 0.700539 0.16 0.540539
51 0.700054 0.16 0.540054
47 0.694051 0.16 0.534051
31 0.8 0.16 0.64
43 0.8 0.16 0.64
31 0.64 0.16 0.48
43 0.64 0.16 0.48
31 0.558153 0.016 0.542153
43 0.555961 0.016 0.539961
43 0.539961 0.16 0.379961
31 0.542153 0.16 0.382153
41 0.8 0.016 0.784
41 0.784 0.16 0.624
2 0.8 0.16 0.64
10 0.8 0.16 0.64
2 0.710619 0.016 0.694619
10 0.717562 0.016 0.701562
2 0.694619 0.16 0.534619
10 0.701562 0.16 0.541562
53 0.8 0.16 0.64
26 0.8 0.16 0.64
53 0.64 0.16 0.48
13 0.8 0.016 0.784
26 0.713982 0.016 0.697982
53 0.556156 0.016 0.540156
53 0.540156 0.16 0.380156
26 0.697982 0.16 0.537982
13 0.784 0.16 0.624
15 0.8 0.016 0.784
15 0.784 0.16 0.624
27 0.8 0.016 0.784
50 0.8 0.016 0.784
59 0.8 0.016 0.784
59 0.784 0.16 0.624
27 0.784 0.16 0.624
50 0.784 0.16 0.624
23 0.8 0.16 0.64
23 0.64 0.16 0.48
22 0.8 0.016 0.784
23 0.551399 0.016 0.535399
22 0.784 0.16 0.624
23 0.535399 0.16 0.375399
46 0.8 0.016 0.784
46 0.784 0.16 0.624
28 0.8 0.016 0.784
28 0.784 0.16 0.624
57 0.8 0.16 0.64
57 0.713688 0.016 0.697688
57 0.697688 0.16 0.537688
7 0.8 0.016 0.784
24 0.8 0.016 0.784
30 0.8 0.016 0.784
24 0.784 0.16 0.624
30 0.784 0.16 0.624
7 0.784 0.16 0.624
9 0.8 0.016 0.784
9 0.784 0.16 0.624
5 0.8 0.16 0.64
54 0.8 0.16 0.64
5 0.717299 0.016 0.701299
54 0.714618 0.016 0.698618
5 0.701299 0.16 0.541299
54 0.698618 0.16 0.538618
34 0.8 0.16 0.64
34 0.64 0.16 0.48
34 0.552778 0.016 0.536778
34 0.536778 0.16 0.376778
4 0.8 0.016 0.784
39 0.8 0.016 0.784
39 0.784 0.16 0.624
4 0.784 0.16 0.624
48 0.8 0.016 0.784
48 0.784 0.16 0.624
19 0.8 0.016 0.784
21 0.8 0.016 0.784
38 0.8 0.016 0.784
19 0.784 0.16 0.624
38 0.784 0.16 0.624
21 0.784 0.16 0.624
17 0.8 0.016 0.784
35 0.8 0.016 0.784
17 0.784 0.16 0.624
35 0.784 0.16 0.624
