24 902 0 100 32640494 1.56751 1.56751
1 893 0 100 32656034 1.66751 1.66751
20 907 0 100 32637902 1.66751 1.66751
10 892 0 100 32643000 2.06751 2.06751
30 901 0 100 32666400 2.26751 2.26751
17 915 0 100 32648408 2.36751 2.36751
7 897 0 100 32672516 2.46751 2.46751
2 913 0 100 32642314 2.46751 2.46751
15 918 0 100 32676442 2.56751 2.56751
18 890 0 100 32647048 2.66751 2.66751
29 896 0 100 32664538 2.96751 2.96751
26 934 0 100 32679052 4.06751 4.06751
16 917 0 100 32664756 4.36751 4.36751
5 938 0 100 32657536 4.76751 4.76751
21 931 0 100 32650220 5.06751 5.06751
25 906 0 100 32647268 5.56751 5.56751
9 900 0 100 32653172 5.86751 5.86751
23 936 0 100 32658622 5.86751 5.86751
27 904 0 100 32652988 5.96751 5.96751
22 903 0 100 32656374 5.96751 5.96751
8 925 0 100 32648716 6.16751 6.16751
28 935 0 100 32643600 6.36751 6.36751
11 928 0 100 32646396 6.56751 6.56751
13 920 0 100 32652604 6.56751 6.56751
4 921 0 100 32672340 6.66751 6.66751
14 909 0 100 32649754 6.76751 6.76751
6 926 0 100 32671146 7.16751 7.16751
19 933 0 100 32661952 7.16751 7.16751
3 923 0 100 32636988 7.46751 7.46751
12 929 0 100 32667672 7.56751 7.56751
