42 0.8 0.016 0.784
42 0.784 0.16 0.624
4 0.8 0.016 0.784
4 0.784 0.16 0.624
12 0.8 0.16 0.64
11 0.8 0.016 0.784
12 0.715661 0.016 0.699661
26 0.8 0.016 0.784
11 0.784 0.16 0.624
26 0.784 0.16 0.624
12 0.699661 0.16 0.539661
30 0.8 0.16 0.64
32 0.8 0.16 0.64
30 0.64 0.16 0.48
32 0.64 0.16 0.48
30 0.554547 0.016 0.538547
32 0.551959 0.016 0.535959
30 0.538547 0.16 0.378547
32 0.535959 0.16 0.375959
45 0.8 0.16 0.64
13 0.8 0.16 0.64
36 0.8 0.16 0.64
45 0.64 0.16 0.48
13 0.713734 0.016 0.697734
36 0.714452 0.016 0.698452
45 0.558874 0.016 0.542874
13 0.697734 0.16 0.537734
36 0.698452 0.16 0.538452
45 0.542874 0.16 0.382874
49 0.8 0.16 0.64
49 0.64 0.16 0.48
49 0.55999 0.016 0.54399
49 0.54399 0.16 0.38399
24 0.8 0.016 0.784
27 0.8 0.016 0.784
24 0.784 0.16 0.624
27 0.784 0.16 0.624
3 0.8 0.016 0.784
3 0.784 0.16 0.624
17 0.8 0.016 0.784
20 0.8 0.016 0.784
25 0.8 0.016 0.784
40 0.8 0.016 0.784
25 0.784 0.16 0.624
40 0.784 0.16 0.624
17 0.784 0.16 0.624
20 0.784 0.16 0.624
5 0.8 0.16 0.64
5 0.712018 0.016 0.696018
5 0.696018 0.16 0.536018
28 0.8 0.16 0.64
28 0.717071 0.016 0.701071
28 0.701071 0.16 0.541071
37 0.8 0.16 0.64
37 0.719409 0.016 0.703409
37 0.703409 0.16 0.543409
15 0.8 0.016 0.784
15 0.784 0.16 0.624
10 0.8 0.016 0.784
10 0.784 0.16 0.624
35 0.8 0.016 0.784
35 0.784 0.16 0.624
1 0.8 0.016 0.784
1 0.784 0.16 0.624
2 0.8 0.16 0.64
18 0.8 0.16 0.64
2 0.718236 0.016 0.702236
18 0.711342 0.016 0.695342
18 0.695342 0.16 0.535342
2 0.702236 0.16 0.542236
9 0.8 0.016 0.784
21 0.8 0.016 0.784
31 0.8 0.016 0.784
21 0.784 0.16 0.624
9 0.784 0.16 0.624
31 0.784 0.16 0.624
23 0.8 0.016 0.784
23 0.784 0.16 0.624
46 0.8 0.16 0.64
46 0.789145 0.016 0.773145
46 0.773145 0.16 0.613145
22 0.8 0.016 0.784
22 0.784 0.16 0.624
19 0.8 0.16 0.64
19 0.716807 0.016 0.700807
19 0.700807 0.16 0.540807
6 0.8 0.16 0.64
39 0.8 0.16 0.64
6 0.717023 0.016 0.701023
39 0.710776 0.016 0.694776
39 0.694776 0.16 0.534776
6 0.701023 0.16 0.541023
7 0.8 0.16 0.64
7 0.716238 0.016 0.700238
7 0.700238 0.16 0.540238
16 0.8 0.016 0.784
47 0.8 0.016 0.784
47 0.784 0.16 0.624
16 0.784 0.16 0.624
44 0.8 0.016 0.784
48 0.8 0.016 0.784
48 0.784 0.16 0.624
44 0.784 0.16 0.624
33 0.8 0.016 0.784
43 0.8 0.016 0.784
33 0.784 0.16 0.624
43 0.784 0.16 0.624
8 0.8 0.016 0.784
8 0.784 0.16 0.624
14 0.8 0.016 0.784
38 0.8 0.016 0.784
14 0.784 0.16 0.624
38 0.784 0.16 0.624
41 0.8 0.016 0.784
41 0.784 0.16 0.624
29 0.8 0.016 0.784
50 0.8 0.016 0.784
29 0.784 0.16 0.624
50 0.784 0.16 0.624
34 0.8 0.16 0.64
34 0.64 0.16 0.48
34 0.559852 0.016 0.543852
34 0.543852 0.16 0.383852
