89 360
33 361
84 362
90 363
74 364
4 365
17 366
43 367
7 368
29 369
76 370
8 371
49 372
55 373
2 374
41 375
73 376
28 377
61 378
75 379
36 380
81 381
30 382
16 383
57 384
52 385
78 386
14 387
83 388
82 389
39 390
31 391
10 392
47 393
38 394
87 395
63 396
58 397
70 398
23 399
68 400
59 401
54 402
18 403
62 404
19 405
25 406
67 407
6 408
66 409
20 410
77 411
79 412
24 413
1 414
13 415
64 416
15 417
42 418
27 419
21 420
88 421
35 422
5 423
65 424
3 425
22 426
40 427
46 428
53 429
11 430
51 431
86 432
80 433
37 434
56 435
85 436
9 437
50 438
69 439
48 440
45 441
32 442
44 443
12 444
60 445
34 446
26 447
71 448
72 449
