89 360 1.00249
33 361 1.00451
84 362 1.00711
90 363 1.01416
74 364 1.02352
4 365 1.03096
17 366 1.07
43 367 1.08021
7 368 1.08864
29 369 1.12252
76 370 1.13552
8 371 1.13893
49 372 1.14551
55 373 1.14727
2 374 1.16315
41 375 1.21705
73 376 1.24723
28 377 1.26776
61 378 1.34723
75 379 1.39706
36 380 1.4371
81 381 1.46503
30 382 1.51827
16 383 1.54362
57 384 1.54791
52 385 1.58119
78 386 1.59586
14 387 1.60863
83 388 1.62333
82 389 1.65752
39 390 1.67607
31 391 1.68827
10 392 1.70592
47 393 1.70609
38 394 1.70727
87 395 1.73769
63 396 1.78014
58 397 1.78476
70 398 1.78696
23 399 1.79189
68 400 1.79542
59 401 1.79765
54 402 1.82883
18 403 1.83022
62 404 1.8335
19 405 1.83798
25 406 1.85348
67 407 1.8971
6 408 1.94973
66 409 1.98818
20 410 2.03744
77 411 2.05239
79 412 2.08844
24 413 2.09986
1 414 2.11583
13 415 2.18386
64 416 2.19736
15 417 2.21118
42 418 2.23591
27 419 2.29838
21 420 2.32119
88 421 2.35617
35 422 2.36249
5 423 2.36708
65 424 2.37185
3 425 2.37903
22 426 2.38742
40 427 2.39887
46 428 2.43503
53 429 2.44364
11 430 2.4955
51 431 2.57698
86 432 2.58825
80 433 2.58867
37 434 2.59646
56 435 2.64264
85 436 2.66598
9 437 2.69913
50 438 2.70566
69 439 2.74795
48 440 2.74879
45 441 2.76211
32 442 2.79909
44 443 2.79944
12 444 2.82197
60 445 2.85295
34 446 2.88144
26 447 2.94763
71 448 2.9615
72 449 2.99209
