11 150 1.02759
41 151 1.02988
39 152 1.05263
37 153 1.05739
4 154 1.06075
60 155 1.12681
44 156 1.13096
17 157 1.13156
28 158 1.16648
46 159 1.19655
31 160 1.21288
29 161 1.27413
40 162 1.32766
30 163 1.38324
25 164 1.47136
21 165 1.47726
32 166 1.5535
55 167 1.56541
58 168 1.60584
20 169 1.61262
33 170 1.61337
50 171 1.63706
24 172 1.64438
5 173 1.64621
18 174 1.67518
43 175 1.67808
56 176 1.72026
12 177 1.72881
1 178 1.75028
19 179 1.76749
49 180 1.80072
34 181 1.836
27 182 1.87108
36 183 1.87266
42 184 1.93433
2 185 1.95829
15 186 1.98958
3 187 2.01277
10 188 2.01338
13 189 2.04967
6 190 2.11662
23 191 2.17641
59 192 2.17892
47 193 2.224
7 194 2.23686
35 195 2.24363
45 196 2.25567
22 197 2.33268
52 198 2.37331
54 199 2.39869
16 200 2.40559
8 201 2.49896
26 202 2.53584
9 203 2.58589
57 204 2.61413
48 205 2.61981
51 206 2.64559
53 207 2.67371
14 208 2.6923
38 209 2.80178
