16 280
43 281
57 282
7 283
23 284
76 285
69 286
9 287
40 288
65 289
39 290
71 291
68 292
36 293
1 294
29 295
80 296
30 297
53 298
73 299
28 300
11 301
47 302
59 303
72 304
60 305
3 306
24 307
78 308
6 309
77 310
75 311
54 312
64 313
52 314
58 315
55 316
32 317
45 318
14 319
8 320
2 321
10 322
50 323
21 324
19 325
51 326
18 327
62 328
26 329
74 330
13 331
15 332
4 333
31 334
38 335
67 336
37 337
33 338
61 339
63 340
12 341
41 342
49 343
66 344
79 345
25 346
17 347
56 348
27 349
34 350
70 351
46 352
42 353
20 354
48 355
22 356
35 357
44 358
5 359
