57 210 1.02461
30 211 1.0351
31 212 1.07482
27 213 1.07664
48 214 1.0812
52 215 1.10675
16 216 1.10913
36 217 1.14925
3 218 1.19904
42 219 1.20833
24 220 1.27091
45 221 1.2983
67 222 1.33262
18 223 1.35122
32 224 1.36576
60 225 1.42267
41 226 1.48968
68 227 1.61935
10 228 1.69628
34 229 1.72092
63 230 1.72701
40 231 1.76803
14 232 1.83632
69 233 1.83899
59 234 1.84583
12 235 1.84586
53 236 1.8664
58 237 1.92687
29 238 1.98333
13 239 1.9937
33 240 1.99553
70 241 2.01265
47 242 2.01456
7 243 2.0194
50 244 2.03238
17 245 2.08816
65 246 2.08887
39 247 2.09326
28 248 2.11324
8 249 2.1233
11 250 2.12528
55 251 2.1669
20 252 2.2575
9 253 2.30633
43 254 2.32887
22 255 2.35004
51 256 2.35659
38 257 2.3857
25 258 2.39555
1 259 2.39691
21 260 2.48396
54 261 2.51499
44 262 2.52542
23 263 2.53867
5 264 2.54441
35 265 2.54729
66 266 2.55411
19 267 2.59189
56 268 2.67428
4 269 2.67518
61 270 2.70963
37 271 2.76191
62 272 2.78813
26 273 2.80193
64 274 2.8241
2 275 2.86763
49 276 2.87083
15 277 2.89947
46 278 2.91062
6 279 2.97853
