77 450 1.02089
86 451 1.02388
72 452 1.11321
60 453 1.13157
74 454 1.15431
76 455 1.15507
58 456 1.15689
67 457 1.16649
13 458 1.21611
64 459 1.23847
9 460 1.23936
29 461 1.24974
96 462 1.27679
33 463 1.28824
55 464 1.30479
22 465 1.30942
75 466 1.34457
82 467 1.34597
31 468 1.34671
52 469 1.34682
99 470 1.3663
14 471 1.3792
87 472 1.39663
48 473 1.45116
71 474 1.45448
83 475 1.48604
11 476 1.49015
18 477 1.51266
1 478 1.54612
25 479 1.57864
81 480 1.57975
97 481 1.59268
21 482 1.61519
85 483 1.6155
42 484 1.64096
66 485 1.64566
30 486 1.71011
4 487 1.7704
45 488 1.77845
49 489 1.78456
35 490 1.79121
84 491 1.79713
73 492 1.80165
46 493 1.808
61 494 1.81286
69 495 1.83055
65 496 1.83394
16 497 1.84396
37 498 1.85188
39 499 1.85535
88 500 1.86821
68 501 1.86893
56 502 1.87378
7 503 1.87972
100 504 1.89372
78 505 1.89425
44 506 1.94939
93 507 1.95367
5 508 1.96802
80 509 1.97976
20 510 1.98329
54 511 1.99862
50 512 2.0311
8 513 2.07856
3 514 2.1029
70 515 2.13174
89 516 2.17975
95 517 2.17987
92 518 2.18272
41 519 2.20441
12 520 2.225
51 521 2.24392
10 522 2.2569
94 523 2.28318
57 524 2.30111
38 525 2.30722
24 526 2.31646
36 527 2.34958
98 528 2.40757
47 529 2.42278
91 530 2.48689
62 531 2.56352
28 532 2.61163
43 533 2.62993
19 534 2.65291
63 535 2.71345
79 536 2.76089
15 537 2.76738
26 538 2.82588
32 539 2.83208
90 540 2.85537
2 541 2.89053
53 542 2.93031
40 543 2.93506
27 544 2.96785
34 545 2.97235
6 546 2.97592
59 547 2.97871
23 548 2.98498
17 549 2.99046
