77 450
86 451
72 452
60 453
74 454
76 455
58 456
67 457
13 458
64 459
9 460
29 461
96 462
33 463
55 464
22 465
75 466
82 467
31 468
52 469
99 470
14 471
87 472
48 473
71 474
83 475
11 476
18 477
1 478
25 479
81 480
97 481
21 482
85 483
42 484
66 485
30 486
4 487
45 488
49 489
35 490
84 491
73 492
46 493
61 494
69 495
65 496
16 497
37 498
39 499
88 500
68 501
56 502
7 503
100 504
78 505
44 506
93 507
5 508
80 509
20 510
54 511
50 512
8 513
3 514
70 515
89 516
95 517
92 518
41 519
12 520
51 521
10 522
94 523
57 524
38 525
24 526
36 527
98 528
47 529
91 530
62 531
28 532
43 533
19 534
63 535
79 536
15 537
26 538
32 539
90 540
2 541
53 542
40 543
27 544
34 545
6 546
59 547
23 548
17 549
