16 280 1.03675
43 281 1.06686
57 282 1.09809
7 283 1.09909
23 284 1.11282
76 285 1.1555
69 286 1.1714
9 287 1.2078
40 288 1.28869
65 289 1.29769
39 290 1.29934
71 291 1.3967
68 292 1.43783
36 293 1.45629
1 294 1.46312
29 295 1.4707
80 296 1.4711
30 297 1.474
53 298 1.52992
73 299 1.54464
28 300 1.55935
11 301 1.56231
47 302 1.59993
59 303 1.64332
72 304 1.64783
60 305 1.7269
3 306 1.76104
24 307 1.77963
78 308 1.78139
6 309 1.83224
77 310 1.92617
75 311 1.97273
54 312 1.98408
64 313 2.00191
52 314 2.00424
58 315 2.04733
55 316 2.04984
32 317 2.0632
45 318 2.07432
14 319 2.118
8 320 2.11865
2 321 2.12034
10 322 2.12889
50 323 2.15092
21 324 2.19435
19 325 2.22258
51 326 2.22337
18 327 2.2526
62 328 2.25407
26 329 2.27744
74 330 2.28267
13 331 2.30167
15 332 2.30186
4 333 2.31701
31 334 2.36706
38 335 2.41629
67 336 2.43284
37 337 2.44691
33 338 2.5008
61 339 2.56227
63 340 2.57203
12 341 2.58257
41 342 2.63092
49 343 2.65569
66 344 2.6846
79 345 2.68703
25 346 2.68785
17 347 2.77297
56 348 2.83028
27 349 2.83645
34 350 2.84641
70 351 2.85591
46 352 2.85685
42 353 2.86582
20 354 2.88305
48 355 2.90565
22 356 2.9134
35 357 2.91768
44 358 2.94442
5 359 2.95051
