45 3310 1.0017
5 3311 1.02709
18 3313 1.04808
47 3314 1.09098
2 3316 1.1443
36 3317 1.17909
10 3318 1.19393
27 3319 1.20598
43 3321 1.29096
14 3322 1.30579
28 3324 1.3409
33 3325 1.36139
4 3329 1.66529
44 3330 1.66972
30 3331 1.73038
24 3333 1.74415
32 3334 1.78985
7 3335 1.80525
38 3336 1.80897
20 3338 1.84803
35 3339 1.86068
11 3340 1.90862
21 3341 1.91355
46 3343 1.97523
39 3344 1.98205
17 3345 1.99562
1 3346 2.02187
8 3348 2.07724
42 3350 2.16816
26 3352 2.24081
31 3353 2.2705
12 3354 2.29713
22 3356 2.35438
9 3357 2.43002
23 3359 2.44119
13 3360 2.47032
34 3361 2.47889
19 3362 2.51167
29 3363 2.52758
41 3365 2.55542
6 3366 2.5744
25 3367 2.62324
3 3369 2.70497
50 3371 2.74501
16 3372 2.75555
49 3373 2.76041
40 3375 2.8611
15 3376 2.86226
48 3377 2.90014
37 3379 2.98502
