21 3940 1.02576
20 3941 1.06218
78 3943 1.08827
59 3944 1.10917
14 3945 1.1226
32 3946 1.18104
15 3948 1.22281
6 3949 1.22696
56 3950 1.24929
37 3952 1.30291
17 3953 1.31092
47 3954 1.32462
24 3955 1.3483
55 3956 1.36651
36 3958 1.39975
2 3959 1.40093
44 3960 1.41329
38 3961 1.47583
58 3963 1.49089
45 3964 1.50024
41 3965 1.5041
16 3966 1.50851
29 3967 1.53067
76 3968 1.56872
77 3970 1.63286
10 3971 1.63455
4 3972 1.66373
63 3974 1.69828
22 3975 1.6985
67 3976 1.70967
60 3977 1.73749
11 3978 1.74931
68 3979 1.75927
49 3980 1.77878
46 3982 1.80694
43 3984 1.89492
69 3985 1.9639
74 3986 1.96769
57 3988 2.0645
33 3990 2.1587
79 3991 2.17969
8 3993 2.19139
48 3994 2.22307
1 3995 2.22706
12 3996 2.2613
19 3997 2.28051
50 3999 2.33649
30 4000 2.34063
25 4001 2.35884
53 4002 2.36523
40 4004 2.39206
35 4005 2.41537
72 4006 2.43179
73 4007 2.47145
66 4008 2.47993
70 4010 2.48787
9 4011 2.50364
64 4012 2.50751
62 4013 2.50808
28 4014 2.51168
65 4015 2.569
18 4017 2.60722
3 4018 2.61417
26 4019 2.62492
34 4020 2.67981
61 4021 2.68151
75 4023 2.72858
80 4024 2.73276
51 4025 2.74948
54 4027 2.79115
31 4028 2.79342
7 4029 2.81511
71 4030 2.85251
5 4031 2.86313
27 4032 2.87718
23 4034 2.89003
13 4035 2.91552
39 4036 2.92018
52 4037 2.94599
42 4038 2.9719
