28 0.8 0.016 0.784
28 0.784 0.16 0.624
8 0.8 0.016 0.784
8 0.784 0.16 0.624
19 0.8 0.16 0.64
19 0.71525 0.016 0.69925
19 0.69925 0.16 0.53925
60 0.8 0.016 0.784
60 0.784 0.16 0.624
14 0.8 0.016 0.784
15 0.8 0.016 0.784
14 0.784 0.16 0.624
15 0.784 0.16 0.624
15 0.624 0.16 0.464
7 0.8 0.16 0.64
39 0.8 0.16 0.64
43 0.8 0.16 0.64
7 0.713455 0.016 0.697455
39 0.711919 0.016 0.695919
43 0.715003 0.016 0.699003
7 0.697455 0.16 0.537455
39 0.695919 0.16 0.535919
43 0.699003 0.16 0.539003
39 0.535919 0.16 0.375919
43 0.539003 0.16 0.379003
48 0.8 0.016 0.784
48 0.784 0.16 0.624
32 0.8 0.016 0.784
32 0.784 0.16 0.624
13 0.8 0.16 0.64
13 0.712148 0.016 0.696148
13 0.696148 0.16 0.536148
9 0.8 0.016 0.784
10 0.8 0.016 0.784
9 0.784 0.16 0.624
10 0.784 0.16 0.624
10 0.624 0.16 0.464
41 0.8 0.16 0.64
41 0.71876 0.016 0.70276
41 0.70276 0.16 0.54276
24 0.8 0.16 0.64
24 0.71529 0.016 0.69929
24 0.69929 0.16 0.53929
21 0.8 0.016 0.784
21 0.784 0.16 0.624
29 0.8 0.16 0.64
2 0.8 0.016 0.784
29 0.718637 0.016 0.702637
2 0.784 0.16 0.624
29 0.702637 0.16 0.542637
30 0.8 0.16 0.64
30 0.711308 0.016 0.695308
30 0.695308 0.16 0.535308
56 0.8 0.016 0.784
56 0.784 0.16 0.624
23 0.8 0.16 0.64
27 0.8 0.16 0.64
47 0.8 0.16 0.64
23 0.711481 0.016 0.695481
27 0.719058 0.016 0.703058
47 0.717035 0.016 0.701035
27 0.703058 0.16 0.543058
23 0.695481 0.16 0.535481
47 0.701035 0.16 0.541035
23 0.535481 0.16 0.375481
47 0.541035 0.16 0.381035
3 0.8 0.016 0.784
18 0.8 0.016 0.784
3 0.784 0.16 0.624
18 0.784 0.16 0.624
37 0.8 0.16 0.64
18 0.624 0.16 0.464
17 0.8 0.16 0.64
37 0.64 0.16 0.48
17 0.715629 0.016 0.699629
37 0.554976 0.016 0.538976
17 0.699629 0.16 0.539629
37 0.538976 0.16 0.378976
58 0.8 0.16 0.64
37 0.378976 0.16 0.218976
58 0.716637 0.016 0.700637
58 0.700637 0.16 0.540637
40 0.8 0.16 0.64
40 0.716257 0.016 0.700257
55 0.8 0.016 0.784
40 0.700257 0.16 0.540257
55 0.784 0.16 0.624
55 0.624 0.16 0.464
50 0.8 0.016 0.784
50 0.784 0.16 0.624
38 0.8 0.16 0.64
38 0.71191 0.016 0.69591
38 0.69591 0.16 0.53591
26 0.8 0.16 0.64
36 0.8 0.16 0.64
6 0.8 0.016 0.784
12 0.8 0.016 0.784
26 0.711891 0.016 0.695891
36 0.7195 0.016 0.7035
36 0.7035 0.16 0.5435
6 0.784 0.16 0.624
12 0.784 0.16 0.624
26 0.695891 0.16 0.535891
26 0.535891 0.16 0.375891
6 0.624 0.16 0.464
12 0.624 0.16 0.464
6 0.464 0.16 0.304
12 0.464 0.16 0.304
45 0.8 0.016 0.784
45 0.784 0.16 0.624
5 0.8 0.016 0.784
16 0.8 0.016 0.784
33 0.8 0.016 0.784
5 0.784 0.16 0.624
33 0.784 0.16 0.624
16 0.784 0.16 0.624
46 0.8 0.16 0.64
46 0.64 0.16 0.48
46 0.48 0.16 0.32
46 0.397457 0.016 0.381457
46 0.381457 0.16 0.221457
20 0.8 0.16 0.64
20 0.713862 0.016 0.697862
20 0.697862 0.16 0.537862
51 0.8 0.016 0.784
51 0.784 0.16 0.624
49 0.8 0.016 0.784
49 0.784 0.16 0.624
25 0.8 0.16 0.64
57 0.8 0.16 0.64
25 0.717726 0.016 0.701726
57 0.71274 0.016 0.69674
57 0.69674 0.16 0.53674
25 0.701726 0.16 0.541726
25 0.541726 0.16 0.381726
31 0.8 0.016 0.784
42 0.8 0.016 0.784
53 0.8 0.016 0.784
54 0.8 0.016 0.784
42 0.784 0.16 0.624
31 0.784 0.16 0.624
53 0.784 0.16 0.624
54 0.784 0.16 0.624
54 0.624 0.16 0.464
54 0.464 0.16 0.304
54 0.304 0.16 0.144
44 0.8 0.016 0.784
44 0.784 0.16 0.624
52 0.8 0.016 0.784
52 0.784 0.16 0.624
11 0.8 0.16 0.64
11 0.712712 0.016 0.696712
11 0.696712 0.16 0.536712
1 0.8 0.016 0.784
1 0.784 0.16 0.624
59 0.8 0.16 0.64
59 0.716315 0.016 0.700315
59 0.700315 0.16 0.540315
4 0.8 0.16 0.64
34 0.8 0.16 0.64
4 0.719318 0.016 0.703318
34 0.712715 0.016 0.696715
34 0.696715 0.16 0.536715
4 0.703318 0.16 0.543318
22 0.8 0.016 0.784
22 0.784 0.16 0.624
35 0.8 0.016 0.784
35 0.784 0.16 0.624
