0 3710
0 3711
0 3712
0 3713
0 3714
0 3715
0 3716
0 3717
0 3718
0 3719
0 3721
0 3723
0 3726
0 3729
0 3734
0 3739
3 3720
43 3727
0 3745
19 3742
0 3749
0 3754
23 3750
0 3760
27 3730
0 3763
46 3753
52 3748
0 3765
69 3724
0 3771
0 3774
0 3781
0 3789
0 3792
1 3738
0 3798
36 3725
0 3802
68 3772
18 3787
9 3746
0 3805
21 3756
24 3786
0 3810
31 3801
0 3811
66 3773
56 3806
0 3812
50 3740
0 3813
42 3722
0 3814
0 3815
48 3733
0 3816
44 3785
0 3817
49 3755
0 3818
10 3800
37 3783
0 3819
0 3820
0 3821
33 3779
0 3822
7 3768
5 3797
15 3744
0 3823
51 3803
0 3824
0 3825
57 3796
65 3751
0 3826
38 3780
25 3809
4 3793
0 3827
2 3732
29 3743
47 3767
0 3828
63 3736
0 3829
64 3761
14 3794
0 3830
0 3831
0 3832
0 3833
11 3762
0 3834
45 3728
30 3804
0 3835
0 3836
16 3731
61 3777
0 3837
12 3775
17 3790
0 3838
54 3778
35 3766
62 3741
32 3795
0 3839
8 3735
58 3776
0 3840
0 3841
26 3747
60 3782
28 3759
0 3842
53 3784
39 3737
40 3758
0 3843
34 3752
0 3844
0 3845
0 3846
13 3764
0 3847
0 3848
67 3757
55 3770
0 3849
41 3791
0 3850
70 3807
0 3851
20 3769
0 3852
0 3853
6 3788
0 3854
0 3855
59 3799
0 3856
0 3857
0 3858
0 3859
22 3808
0 3860
0 3861
0 3862
0 3863
0 3864
0 3865
0 3866
0 3867
0 3868
0 3869
0 3870
0 3871
0 3872
0 3873
0 3874
0 3875
0 3876
0 3877
0 3878
0 3879
0 3880
0 3881
0 3882
0 3883
0 3884
0 3885
0 3886
0 3887
0 3888
0 3889
0 3890
0 3891
0 3892
0 3893
0 3894
0 3895
0 3896
0 3897
0 3898
0 3899
0 3900
0 3901
0 3902
0 3903
0 3904
0 3905
0 3906
0 3907
0 3908
0 3909
0 3910
0 3911
0 3912
0 3913
0 3914
0 3915
0 3916
0 3917
0 3918
0 3919
0 3920
0 3921
0 3922
0 3923
0 3924
0 3925
0 3926
0 3927
0 3928
0 3929
