29 3120 1.00425
22 3121 1.02199
30 3122 1.05056
40 3125 1.15341
28 3126 1.21235
37 3127 1.24243
2 3129 1.30621
11 3130 1.30928
38 3132 1.43645
5 3133 1.44236
16 3135 1.45422
6 3136 1.52824
14 3137 1.54267
18 3140 1.72824
36 3142 1.81756
24 3144 1.89628
27 3145 1.93372
13 3147 1.98089
23 3148 2.01615
39 3149 2.03137
8 3151 2.07398
26 3152 2.10437
10 3153 2.10633
31 3154 2.1422
15 3156 2.15298
35 3157 2.16926
3 3158 2.18619
34 3159 2.2115
17 3161 2.30373
32 3163 2.36058
4 3165 2.45233
21 3166 2.50127
1 3168 2.55472
20 3170 2.65211
7 3171 2.73725
25 3173 2.76706
33 3174 2.77217
19 3175 2.8389
9 3177 2.91274
12 3178 2.94627
