6 3510 1.02277
8 3511 1.04385
28 3513 1.07893
30 3514 1.13354
19 3515 1.16558
2 3517 1.23127
16 3519 1.27633
58 3520 1.28675
55 3522 1.38865
37 3523 1.44021
40 3524 1.44304
50 3526 1.48336
60 3527 1.52037
42 3528 1.52734
48 3529 1.5347
18 3530 1.54158
41 3531 1.55041
20 3533 1.57026
49 3534 1.66031
27 3536 1.6697
43 3537 1.67433
47 3538 1.70197
5 3539 1.71223
21 3540 1.71297
56 3541 1.72727
15 3542 1.74508
36 3544 1.78756
24 3545 1.79539
45 3546 1.85268
39 3548 1.89536
7 3549 1.9558
57 3550 1.96354
13 3551 1.96588
51 3553 2.02021
53 3555 2.09286
32 3556 2.14037
23 3558 2.17403
54 3559 2.18234
44 3560 2.19145
25 3561 2.21595
14 3562 2.22412
31 3563 2.25435
12 3565 2.292
33 3566 2.33183
1 3567 2.35838
46 3569 2.41214
38 3570 2.45146
26 3573 2.59339
4 3574 2.5955
3 3575 2.65054
59 3577 2.70704
22 3578 2.7336
35 3580 2.82975
11 3581 2.83596
34 3582 2.85961
17 3584 2.87072
10 3585 2.88576
52 3586 2.88596
9 3587 2.9296
29 3588 2.93659
