0 3110
0 3111
0 3112
0 3113
0 3114
0 3115
0 3116
0 3117
0 3118
0 3119
0 3123
0 3124
0 3128
0 3131
0 3134
5 3133
0 3138
0 3139
0 3141
0 3143
0 3146
38 3132
0 3150
37 3127
39 3149
13 3147
0 3155
0 3160
0 3162
17 3161
0 3164
11 3130
0 3167
32 3163
0 3169
14 3137
0 3172
0 3176
30 3122
0 3179
25 3173
0 3180
0 3181
19 3175
0 3182
4 3165
0 3183
22 3121
0 3184
0 3185
0 3186
0 3187
0 3188
0 3189
15 3156
0 3190
36 3142
0 3191
0 3192
0 3193
16 3135
35 3157
0 3194
33 3174
0 3195
0 3196
3 3158
12 3178
1 3168
20 3170
0 3197
6 3136
24 3144
0 3198
0 3199
0 3200
0 3201
0 3202
10 3153
0 3203
7 3171
29 3120
10 3153
0 3204
2 3129
0 3205
0 3206
8 3151
0 3207
40 3125
0 3208
26 3152
0 3209
0 3210
0 3211
28 3126
21 3166
0 3212
23 3148
0 3213
0 3214
18 3140
0 3215
34 3159
0 3216
27 3145
0 3217
0 3218
31 3154
0 3219
0 3220
0 3221
0 3222
0 3223
0 3224
9 3177
0 3225
0 3226
0 3227
0 3228
0 3229
0 3230
0 3231
0 3232
0 3233
0 3234
0 3235
0 3236
0 3237
0 3238
0 3239
0 3240
0 3241
0 3242
0 3243
0 3244
0 3245
0 3246
0 3247
0 3248
0 3249
0 3250
0 3251
0 3252
0 3253
0 3254
0 3255
0 3256
0 3257
0 3258
0 3259
0 3260
0 3261
0 3262
0 3263
0 3264
0 3265
0 3266
0 3267
0 3268
0 3269
0 3270
0 3271
0 3272
0 3273
0 3274
0 3275
0 3276
0 3277
0 3278
0 3279
0 3280
0 3281
0 3282
0 3283
0 3284
0 3285
0 3286
0 3287
0 3288
0 3289
0 3290
0 3291
0 3292
0 3293
0 3294
0 3295
0 3296
0 3297
0 3298
0 3299
