3 0.8 0.016 0.784
43 0.8 0.016 0.784
3 0.784 0.16 0.624
43 0.784 0.16 0.624
43 0.624 0.16 0.464
19 0.8 0.016 0.784
19 0.784 0.16 0.624
23 0.8 0.016 0.784
23 0.784 0.16 0.624
27 0.8 0.016 0.784
27 0.784 0.16 0.624
46 0.8 0.16 0.64
46 0.719944 0.016 0.703944
52 0.8 0.016 0.784
46 0.703944 0.16 0.543944
52 0.784 0.16 0.624
52 0.624 0.16 0.464
69 0.8 0.16 0.64
69 0.710196 0.016 0.694196
69 0.694196 0.16 0.534196
1 0.8 0.016 0.784
1 0.784 0.16 0.624
36 0.8 0.16 0.64
36 0.712401 0.016 0.696401
36 0.696401 0.16 0.536401
68 0.8 0.16 0.64
9 0.8 0.016 0.784
18 0.8 0.016 0.784
68 0.71346 0.016 0.69746
68 0.69746 0.16 0.53746
9 0.784 0.16 0.624
18 0.784 0.16 0.624
18 0.624 0.16 0.464
9 0.624 0.16 0.464
21 0.8 0.16 0.64
24 0.8 0.16 0.64
21 0.64 0.16 0.48
24 0.64 0.16 0.48
21 0.551254 0.016 0.535254
24 0.559148 0.016 0.543148
21 0.535254 0.16 0.375254
24 0.543148 0.16 0.383148
31 0.8 0.16 0.64
31 0.711745 0.016 0.695745
31 0.695745 0.16 0.535745
66 0.8 0.16 0.64
56 0.8 0.016 0.784
66 0.710247 0.016 0.694247
66 0.694247 0.16 0.534247
56 0.784 0.16 0.624
56 0.624 0.16 0.464
50 0.8 0.16 0.64
50 0.717438 0.016 0.701438
50 0.701438 0.16 0.541438
42 0.8 0.16 0.64
42 0.711945 0.016 0.695945
42 0.695945 0.16 0.535945
48 0.8 0.016 0.784
48 0.784 0.16 0.624
44 0.8 0.16 0.64
44 0.712261 0.016 0.696261
44 0.696261 0.16 0.536261
49 0.8 0.16 0.64
49 0.717652 0.016 0.701652
49 0.701652 0.16 0.541652
10 0.8 0.16 0.64
37 0.8 0.16 0.64
10 0.715337 0.016 0.699337
37 0.716009 0.016 0.700009
10 0.699337 0.16 0.539337
37 0.700009 0.16 0.540009
37 0.540009 0.16 0.380009
33 0.8 0.016 0.784
33 0.784 0.16 0.624
5 0.8 0.16 0.64
7 0.8 0.16 0.64
5 0.719226 0.016 0.703226
7 0.7124 0.016 0.6964
15 0.8 0.016 0.784
7 0.6964 0.16 0.5364
5 0.703226 0.16 0.543226
15 0.784 0.16 0.624
51 0.8 0.16 0.64
5 0.543226 0.16 0.383226
15 0.624 0.16 0.464
51 0.64 0.16 0.48
15 0.464 0.16 0.304
51 0.48 0.16 0.32
51 0.395587 0.016 0.379587
51 0.379587 0.16 0.219587
57 0.8 0.016 0.784
65 0.8 0.016 0.784
57 0.784 0.16 0.624
25 0.8 0.16 0.64
38 0.8 0.16 0.64
65 0.784 0.16 0.624
65 0.624 0.16 0.464
4 0.8 0.16 0.64
25 0.64 0.16 0.48
38 0.64 0.16 0.48
4 0.71975 0.016 0.70375
25 0.557022 0.016 0.541022
38 0.553505 0.016 0.537505
38 0.537505 0.16 0.377505
4 0.70375 0.16 0.54375
25 0.541022 0.16 0.381022
25 0.381022 0.16 0.221022
2 0.8 0.16 0.64
4 0.54375 0.16 0.38375
4 0.38375 0.16 0.22375
2 0.64 0.16 0.48
2 0.552569 0.016 0.536569
29 0.8 0.016 0.784
47 0.8 0.016 0.784
2 0.536569 0.16 0.376569
29 0.784 0.16 0.624
47 0.784 0.16 0.624
63 0.8 0.16 0.64
29 0.624 0.16 0.464
47 0.624 0.16 0.464
63 0.64 0.16 0.48
47 0.464 0.16 0.304
63 0.48 0.16 0.32
63 0.394922 0.016 0.378922
63 0.378922 0.16 0.218922
14 0.8 0.016 0.784
64 0.8 0.016 0.784
64 0.784 0.16 0.624
14 0.784 0.16 0.624
14 0.624 0.16 0.464
11 0.8 0.016 0.784
11 0.784 0.16 0.624
30 0.8 0.16 0.64
45 0.8 0.16 0.64
30 0.715413 0.016 0.699413
45 0.714007 0.016 0.698007
45 0.698007 0.16 0.538007
30 0.699413 0.16 0.539413
30 0.539413 0.16 0.379413
16 0.8 0.016 0.784
61 0.8 0.016 0.784
16 0.784 0.16 0.624
61 0.784 0.16 0.624
12 0.8 0.16 0.64
17 0.8 0.16 0.64
12 0.64 0.16 0.48
12 0.552623 0.016 0.536623
17 0.715059 0.016 0.699059
12 0.536623 0.16 0.376623
17 0.699059 0.16 0.539059
35 0.8 0.16 0.64
54 0.8 0.16 0.64
17 0.539059 0.16 0.379059
35 0.64 0.16 0.48
54 0.64 0.16 0.48
32 0.8 0.016 0.784
35 0.550494 0.016 0.534494
54 0.559289 0.016 0.543289
62 0.8 0.016 0.784
54 0.543289 0.16 0.383289
35 0.534494 0.16 0.374494
32 0.784 0.16 0.624
62 0.784 0.16 0.624
32 0.624 0.16 0.464
62 0.624 0.16 0.464
62 0.464 0.16 0.304
32 0.464 0.16 0.304
8 0.8 0.16 0.64
8 0.64 0.16 0.48
58 0.8 0.16 0.64
8 0.550561 0.016 0.534561
58 0.719266 0.016 0.703266
8 0.534561 0.16 0.374561
58 0.703266 0.16 0.543266
58 0.543266 0.16 0.383266
26 0.8 0.016 0.784
28 0.8 0.016 0.784
60 0.8 0.016 0.784
26 0.784 0.16 0.624
28 0.784 0.16 0.624
39 0.8 0.16 0.64
40 0.8 0.16 0.64
53 0.8 0.16 0.64
60 0.784 0.16 0.624
60 0.624 0.16 0.464
28 0.624 0.16 0.464
39 0.64 0.16 0.48
40 0.64 0.16 0.48
53 0.64 0.16 0.48
39 0.48 0.16 0.32
40 0.48 0.16 0.32
53 0.48 0.16 0.32
39 0.391415 0.016 0.375415
40 0.390328 0.016 0.374328
53 0.398543 0.016 0.382543
53 0.382543 0.16 0.222543
34 0.8 0.16 0.64
39 0.375415 0.16 0.215415
40 0.374328 0.16 0.214328
39 0.215415 0.16 0.0554153
40 0.214328 0.16 0.054328
34 0.64 0.16 0.48
34 0.48 0.16 0.32
34 0.398682 0.016 0.382682
34 0.382682 0.16 0.222682
13 0.8 0.016 0.784
13 0.784 0.16 0.624
55 0.8 0.016 0.784
67 0.8 0.016 0.784
67 0.784 0.16 0.624
55 0.784 0.16 0.624
55 0.624 0.16 0.464
41 0.8 0.16 0.64
41 0.719544 0.016 0.703544
41 0.703544 0.16 0.543544
70 0.8 0.016 0.784
70 0.784 0.16 0.624
20 0.8 0.16 0.64
20 0.7169 0.016 0.7009
20 0.7009 0.16 0.5409
6 0.8 0.016 0.784
6 0.784 0.16 0.624
59 0.8 0.016 0.784
59 0.784 0.16 0.624
22 0.8 0.016 0.784
22 0.784 0.16 0.624
