0 3300
0 3301
0 3302
0 3303
0 3304
0 3305
0 3306
0 3307
0 3308
0 3309
0 3312
0 3315
0 3320
0 3323
0 3326
0 3327
0 3328
14 3322
0 3332
0 3337
38 3336
2 3316
0 3342
0 3347
7 3335
0 3349
0 3351
8 3348
0 3355
4 3329
0 3358
0 3364
0 3368
45 3310
34 3361
0 3370
0 3374
36 3317
0 3378
40 3375
23 3359
0 3380
0 3381
0 3382
27 3319
0 3383
1 3346
15 3376
0 3384
0 3385
0 3386
19 3362
43 3321
48 3377
0 3387
0 3388
32 3334
0 3389
0 3390
33 3325
0 3391
0 3392
26 3352
0 3393
20 3338
6 3366
21 3341
0 3394
41 3365
0 3395
0 3396
0 3397
0 3398
5 3311
31 3353
0 3399
18 3313
50 3371
11 3340
0 3400
9 3357
0 3401
0 3402
0 3403
39 3344
24 3333
0 3404
46 3343
0 3405
0 3406
0 3407
22 3356
10 3318
17 3345
0 3408
30 3331
0 3409
44 3330
0 3410
0 3411
47 3314
49 3373
28 3324
35 3339
0 3412
0 3413
0 3414
42 3350
12 3354
0 3415
0 3416
0 3417
37 3379
25 3367
0 3418
0 3419
0 3420
0 3421
13 3360
0 3422
0 3423
0 3424
16 3372
29 3363
0 3425
0 3426
0 3427
3 3369
0 3428
0 3429
0 3430
0 3431
0 3432
0 3433
0 3434
0 3435
0 3436
0 3437
0 3438
0 3439
0 3440
0 3441
0 3442
0 3443
0 3444
0 3445
0 3446
0 3447
0 3448
0 3449
0 3450
0 3451
0 3452
0 3453
0 3454
0 3455
0 3456
0 3457
0 3458
0 3459
0 3460
0 3461
0 3462
0 3463
0 3464
0 3465
0 3466
0 3467
0 3468
0 3469
0 3470
0 3471
0 3472
0 3473
0 3474
0 3475
0 3476
0 3477
0 3478
0 3479
0 3480
0 3481
0 3482
0 3483
0 3484
0 3485
0 3486
0 3487
0 3488
0 3489
0 3490
0 3491
0 3492
0 3493
0 3494
0 3495
0 3496
0 3497
0 3498
0 3499
