29 2941 0 100 56205874 1.09104 1.09104
16 2948 0 100 154279760 1.89104 1.89104
13 2954 0 100 154290032 1.89104 1.89104
21 2962 0 100 88855692 2.99104 2.99104
3 2982 0 100 121553978 2.99104 2.99104
1 2971 0 100 121573064 2.99104 2.99104
19 2987 0 100 88874152 3.39104 3.39104
8 2969 0 100 154278712 3.39104 3.39104
22 2957 0 100 154265312 3.79104 3.79104
30 2946 0 100 154272904 3.89104 3.89104
18 2940 0 100 88863748 3.99104 3.99104
2 2975 0 100 121568630 4.09104 4.09104
14 2973 0 100 154269344 4.19104 4.19104
28 2956 0 100 154269872 4.29104 4.29104
9 2949 0 100 88874836 4.39104 4.39104
20 2979 0 100 121572974 4.39104 4.39104
24 2978 0 100 154298784 4.49104 4.49104
26 2966 0 100 121552556 4.79104 4.79104
10 2950 0 100 121535930 4.89104 4.89104
7 2984 0 100 121557614 4.89104 4.89104
25 2960 0 100 56203582 5.59104 5.59104
4 2944 0 100 154292544 5.59104 5.59104
5 2963 0 100 154255200 6.29104 6.29104
23 2964 0 100 121541276 6.49104 6.49104
12 2959 0 100 56200244 6.79104 6.79104
6 2967 0 100 154272016 7.09104 7.09104
15 2981 0 100 121532378 7.59104 7.59104
27 2977 0 100 154299736 7.59104 7.59104
11 2986 0 100 154242480 7.79104 7.79104
17 2988 0 100 154266776 7.79104 7.79104
