0 3930
0 3931
0 3932
0 3933
0 3934
0 3935
0 3936
0 3937
0 3938
0 3939
0 3942
0 3947
0 3951
0 3957
37 3952
0 3962
59 3944
0 3969
0 3973
41 3965
36 3958
0 3981
63 3974
76 3968
0 3983
0 3987
67 3976
0 3989
57 3988
0 3992
79 3991
56 3950
0 3998
8 3993
78 3943
0 4003
69 3985
0 4009
48 3994
0 4016
0 4022
2 3959
0 4026
34 4020
21 3940
17 3953
0 4033
7 4029
0 4039
0 4040
32 3946
0 4041
0 4042
74 3986
26 4019
0 4043
42 4038
0 4044
15 3948
0 4045
0 4046
14 3945
30 4000
0 4047
60 3977
22 3975
20 3941
0 4048
12 3996
0 4049
43 3984
0 4050
66 4008
64 4012
25 4001
16 3966
0 4051
6 3949
53 4002
0 4052
52 4037
49 3980
27 4032
0 4053
10 3971
0 4054
11 3978
0 4055
19 3997
70 4010
54 4027
39 4036
0 4056
47 3954
0 4057
0 4058
1 3995
23 4034
55 3956
46 3982
0 4059
72 4006
4 3972
0 4060
0 4061
0 4062
0 4063
0 4064
68 3979
0 4065
13 4035
71 4030
0 4066
29 3967
80 4024
0 4067
0 4068
18 4017
33 3990
0 4069
0 4070
77 3970
0 4071
38 3961
45 3964
9 4011
0 4072
44 3960
24 3955
73 4007
0 4073
0 4074
0 4075
35 4005
58 3963
0 4076
0 4077
0 4078
28 4014
51 4025
3 4018
65 4015
0 4079
31 4028
40 4004
0 4080
62 4013
0 4081
0 4082
61 4021
5 4031
0 4083
50 3999
0 4084
0 4085
0 4086
0 4087
75 4023
0 4088
0 4089
0 4090
0 4091
0 4092
0 4093
0 4094
0 4095
0 4096
0 4097
0 4098
0 4099
0 4100
0 4101
0 4102
0 4103
0 4104
0 4105
0 4106
0 4107
0 4108
0 4109
0 4110
0 4111
0 4112
0 4113
0 4114
0 4115
0 4116
0 4117
0 4118
0 4119
0 4120
0 4121
0 4122
0 4123
0 4124
0 4125
0 4126
0 4127
0 4128
0 4129
0 4130
0 4131
0 4132
0 4133
0 4134
0 4135
0 4136
0 4137
0 4138
0 4139
0 4140
0 4141
0 4142
0 4143
0 4144
0 4145
0 4146
0 4147
0 4148
0 4149
0 4150
0 4151
0 4152
0 4153
0 4154
0 4155
0 4156
0 4157
0 4158
0 4159
