5 0.8 0.016 0.784
5 0.784 0.16 0.624
38 0.8 0.016 0.784
38 0.784 0.16 0.624
37 0.8 0.16 0.64
13 0.8 0.016 0.784
37 0.710747 0.016 0.694747
39 0.8 0.016 0.784
37 0.694747 0.16 0.534747
13 0.784 0.16 0.624
39 0.784 0.16 0.624
13 0.624 0.16 0.464
17 0.8 0.016 0.784
17 0.784 0.16 0.624
11 0.8 0.16 0.64
11 0.711363 0.016 0.695363
11 0.695363 0.16 0.535363
32 0.8 0.16 0.64
32 0.712038 0.016 0.696038
32 0.696038 0.16 0.536038
14 0.8 0.016 0.784
14 0.784 0.16 0.624
30 0.8 0.016 0.784
30 0.784 0.16 0.624
25 0.8 0.016 0.784
25 0.784 0.16 0.624
19 0.8 0.016 0.784
19 0.784 0.16 0.624
4 0.8 0.016 0.784
4 0.784 0.16 0.624
22 0.8 0.16 0.64
22 0.718139 0.016 0.702139
22 0.702139 0.16 0.542139
15 0.8 0.016 0.784
15 0.784 0.16 0.624
36 0.8 0.16 0.64
36 0.710835 0.016 0.694835
36 0.694835 0.16 0.534835
16 0.8 0.016 0.784
35 0.8 0.016 0.784
16 0.784 0.16 0.624
33 0.8 0.16 0.64
35 0.784 0.16 0.624
35 0.624 0.16 0.464
33 0.64 0.16 0.48
33 0.552998 0.016 0.536998
33 0.536998 0.16 0.376998
1 0.8 0.016 0.784
3 0.8 0.016 0.784
12 0.8 0.016 0.784
20 0.8 0.016 0.784
3 0.784 0.16 0.624
1 0.784 0.16 0.624
6 0.8 0.16 0.64
10 0.8 0.16 0.64
12 0.784 0.16 0.624
20 0.784 0.16 0.624
24 0.8 0.16 0.64
12 0.624 0.16 0.464
6 0.64 0.16 0.48
10 0.64 0.16 0.48
20 0.624 0.16 0.464
24 0.64 0.16 0.48
1 0.624 0.16 0.464
20 0.464 0.16 0.304
6 0.48 0.16 0.32
10 0.48 0.16 0.32
24 0.48 0.16 0.32
6 0.392249 0.016 0.376249
10 0.395544 0.016 0.379544
24 0.390123 0.016 0.374123
6 0.376249 0.16 0.216249
24 0.374123 0.16 0.214123
10 0.379544 0.16 0.219544
10 0.219544 0.16 0.0595438
10 0.136288 0.016 0.120288
10 0.411607 0.16 0.251607
7 0.8 0.016 0.784
29 0.8 0.016 0.784
7 0.784 0.16 0.624
2 0.8 0.16 0.64
29 0.784 0.16 0.624
10 0.331202 0.16 0.171202
29 0.624 0.16 0.464
2 0.64 0.16 0.48
2 0.553989 0.016 0.537989
2 0.537989 0.16 0.377989
8 0.8 0.016 0.784
8 0.784 0.16 0.624
40 0.8 0.16 0.64
40 0.711982 0.016 0.695982
40 0.695982 0.16 0.535982
26 0.8 0.016 0.784
26 0.784 0.16 0.624
21 0.8 0.016 0.784
28 0.8 0.016 0.784
28 0.784 0.16 0.624
21 0.784 0.16 0.624
23 0.8 0.16 0.64
23 0.64 0.16 0.48
23 0.556766 0.016 0.540766
23 0.540766 0.16 0.380766
18 0.8 0.016 0.784
18 0.784 0.16 0.624
34 0.8 0.016 0.784
34 0.784 0.16 0.624
27 0.8 0.16 0.64
27 0.710707 0.016 0.694707
27 0.694707 0.16 0.534707
31 0.8 0.016 0.784
31 0.784 0.16 0.624
9 0.8 0.016 0.784
9 0.784 0.16 0.624
