14 3322 0 100 121550294 1.63746 1.63746
38 3336 0 100 121558340 1.83746 1.83746
2 3316 0 100 154273944 1.83746 1.83746
7 3335 0 100 121559354 2.03746 2.03746
8 3348 0 100 56200032 2.23746 2.23746
4 3329 0 100 88866152 2.33746 2.33746
45 3310 0 100 121536926 2.63746 2.63746
34 3361 0 100 121542944 2.63746 2.63746
36 3317 0 100 88863812 2.83746 2.83746
40 3375 0 100 88848384 2.93746 2.93746
23 3359 0 100 154256072 2.93746 2.93746
27 3319 0 100 121563272 3.23746 3.23746
1 3346 0 100 88873116 3.33746 3.33746
15 3376 0 100 121550492 3.33746 3.33746
19 3362 0 100 88866496 3.63746 3.63746
43 3321 0 100 121535798 3.63746 3.63746
48 3377 0 100 154255016 3.63746 3.63746
32 3334 0 100 88871244 3.83746 3.83746
33 3325 0 100 154304080 4.03746 4.03746
26 3352 0 100 154280680 4.23746 4.23746
20 3338 0 100 121564316 4.33746 4.33746
6 3366 0 100 154243280 4.33746 4.33746
21 3341 0 100 154299136 4.33746 4.33746
41 3365 0 100 154265232 4.43746 4.43746
5 3311 0 100 121573214 4.83746 4.83746
31 3353 0 100 154301960 4.83746 4.83746
18 3313 0 100 88871632 4.93746 4.93746
50 3371 0 100 121550912 4.93746 4.93746
11 3340 0 100 121553606 4.93746 4.93746
9 3357 0 100 56208762 5.03746 5.03746
39 3344 0 100 154252064 5.33746 5.33746
24 3333 0 100 154256584 5.33746 5.33746
46 3343 0 100 88869236 5.43746 5.43746
22 3356 0 100 121561220 5.73746 5.73746
10 3318 0 100 154272600 5.73746 5.73746
17 3345 0 100 154280288 5.73746 5.73746
30 3331 0 100 154278640 5.83746 5.83746
44 3330 0 100 121551860 5.93746 5.93746
47 3314 0 100 88857116 6.13746 6.13746
49 3373 0 100 88868056 6.13746 6.13746
28 3324 0 100 121550372 6.13746 6.13746
35 3339 0 100 154263808 6.13746 6.13746
42 3350 0 100 121534136 6.43746 6.43746
12 3354 0 100 121543238 6.43746 6.43746
37 3379 0 100 154278968 6.73746 6.73746
25 3367 0 100 154298808 6.73746 6.73746
13 3360 0 100 88875104 7.13746 7.13746
16 3372 0 100 88872420 7.43746 7.43746
29 3363 0 100 121556672 7.43746 7.43746
3 3369 0 100 121563344 7.73746 7.73746
