37 3952 0 100 56205502 1.38761 1.38761
59 3944 0 100 121569296 1.48761 1.48761
41 3965 0 100 56201518 1.68761 1.68761
36 3958 0 100 121542488 1.68761 1.68761
63 3974 0 100 121555346 1.78761 1.78761
76 3968 0 100 154259616 1.78761 1.78761
67 3976 0 100 121556096 1.98761 1.98761
57 3988 0 100 154290360 2.08761 2.08761
79 3991 0 100 88873848 2.18761 2.18761
56 3950 0 100 121560308 2.18761 2.18761
8 3993 0 100 121567292 2.28761 2.28761
78 3943 0 100 154294520 2.28761 2.28761
69 3985 0 100 154253104 2.38761 2.38761
48 3994 0 100 154255808 2.48761 2.48761
2 3959 0 100 121544744 2.68761 2.68761
34 4020 0 100 121566620 2.78761 2.78761
21 3940 0 100 154264472 2.78761 2.78761
17 3953 0 100 154279664 2.78761 2.78761
7 4029 0 100 154255232 2.88761 2.88761
32 3946 0 100 121569920 3.08761 3.08761
74 3986 0 100 121565174 3.28761 3.28761
26 4019 0 100 154298848 3.28761 3.28761
42 4038 0 100 121543040 3.38761 3.38761
15 3948 0 100 154278584 3.48761 3.48761
14 3945 0 100 88875136 3.68761 3.68761
30 4000 0 100 154280168 3.68761 3.68761
60 3977 0 100 56206984 3.78761 3.78761
22 3975 0 100 121565078 3.78761 3.78761
20 3941 0 100 154257344 3.78761 3.78761
12 3996 0 100 121571918 3.88761 3.88761
43 3984 0 100 121539764 3.98761 3.98761
66 4008 0 100 56203038 4.08761 4.08761
64 4012 0 100 121536716 4.08761 4.08761
25 4001 0 100 121553648 4.08761 4.08761
16 3966 0 100 154244472 4.08761 4.08761
6 3949 0 100 88867936 4.18761 4.18761
53 4002 0 100 154266880 4.18761 4.18761
52 4037 0 100 121532450 4.28761 4.28761
49 3980 0 100 154266896 4.28761 4.28761
27 4032 0 100 154286664 4.28761 4.28761
10 3971 0 100 154276304 4.38761 4.38761
11 3978 0 100 121563140 4.48761 4.48761
19 3997 0 100 88867368 4.58761 4.58761
70 4010 0 100 154244000 4.58761 4.58761
54 4027 0 100 154298304 4.58761 4.58761
39 4036 0 100 154304072 4.58761 4.58761
47 3954 0 100 121535072 4.68761 4.68761
1 3995 0 100 121539770 4.88761 4.88761
23 4034 0 100 121573340 4.88761 4.88761
55 3956 0 100 154278744 4.88761 4.88761
46 3982 0 100 154294920 4.88761 4.88761
72 4006 0 100 88870396 4.98761 4.98761
4 3972 0 100 154296552 4.98761 4.98761
68 3979 0 100 121569722 5.48761 5.48761
13 4035 0 100 88874020 5.58761 5.58761
71 4030 0 100 154291336 5.58761 5.58761
29 3967 0 100 88845920 5.68761 5.68761
80 4024 0 100 88854756 5.68761 5.68761
18 4017 0 100 88856904 5.88761 5.88761
33 3990 0 100 88873376 5.88761 5.88761
77 3970 0 100 56198050 6.08761 6.08761
38 3961 0 100 88850580 6.18761 6.18761
45 3964 0 100 88853632 6.18761 6.18761
9 4011 0 100 88865088 6.18761 6.18761
44 3960 0 100 88850536 6.28761 6.28761
24 3955 0 100 121548776 6.28761 6.28761
73 4007 0 100 154254960 6.28761 6.28761
35 4005 0 100 88854880 6.58761 6.58761
58 3963 0 100 154264632 6.58761 6.58761
28 4014 0 100 88853400 6.88761 6.88761
51 4025 0 100 88863220 6.88761 6.88761
3 4018 0 100 121537430 6.88761 6.88761
65 4015 0 100 154246432 6.88761 6.88761
31 4028 0 100 121548542 6.98761 6.98761
40 4004 0 100 154275328 6.98761 6.98761
62 4013 0 100 88871176 7.08761 7.08761
61 4021 0 100 121535168 7.28761 7.28761
5 4031 0 100 154249104 7.28761 7.28761
50 3999 0 100 154262744 7.38761 7.38761
75 4023 0 100 121536800 7.78761 7.78761
