3 2770 0 100 154288872 1.73677 1.73677
9 2783 0 100 88865380 2.23677 2.23677
4 2778 0 100 121547732 2.23677 2.23677
11 2780 0 100 154252496 2.33677 2.33677
19 2790 0 100 121548032 3.13677 3.13677
15 2802 0 100 121532222 3.23677 3.23677
6 2787 0 100 154256824 3.33677 3.33677
20 2777 0 100 154302024 3.83677 3.83677
18 2805 0 100 154271344 4.03677 4.03677
13 2782 0 100 154263888 4.13677 4.13677
1 2799 0 100 121569116 4.53677 4.53677
12 2801 0 100 121545878 4.83677 4.83677
10 2773 0 100 121566542 4.93677 4.93677
14 2794 0 100 121555442 5.03677 5.03677
16 2798 0 100 121549556 5.33677 5.33677
7 2796 0 100 154256048 5.43677 5.43677
8 2788 0 100 121534604 6.13677 6.13677
5 2803 0 100 88857416 6.33677 6.33677
2 2809 0 100 121551746 6.33677 6.33677
17 2792 0 100 154268816 6.83677 6.83677
