15 4410 0 100 121561826 1.32924 1.32924
76 4441 0 100 88851116 1.72924 1.72924
19 4451 0 100 154261304 1.82924 1.82924
40 4457 0 100 88844004 2.02924 2.02924
59 4446 0 100 88859584 2.02924 2.02924
44 4418 0 100 121557788 2.12924 2.12924
83 4481 0 100 56208598 2.32924 2.32924
91 4421 0 100 154249752 2.32924 2.32924
58 4454 0 100 56201388 2.52924 2.52924
84 4411 0 100 121568432 2.52924 2.52924
61 4437 0 100 154279616 2.52924 2.52924
96 4480 0 100 154291600 2.52924 2.52924
13 4419 0 100 56200412 2.62924 2.62924
85 4442 0 100 121557458 2.62924 2.62924
62 4452 0 100 56199636 2.72924 2.72924
34 4462 0 100 56203948 2.72924 2.72924
73 4490 0 100 154277616 2.82924 2.82924
42 4503 0 100 88864808 3.02924 3.02924
27 4472 0 100 121537652 3.02924 3.02924
65 4509 0 100 121571066 3.02924 3.02924
52 4474 0 100 121572542 3.12924 3.12924
23 4433 0 100 88846840 3.22924 3.22924
75 4445 0 100 88870968 3.32924 3.32924
37 4494 0 100 121568720 3.32924 3.32924
7 4498 0 100 154253936 3.32924 3.32924
68 4455 0 100 154297440 3.32924 3.32924
99 4449 0 100 121569680 3.42924 3.42924
39 4413 0 100 154270856 3.42924 3.42924
25 4425 0 100 154298136 3.42924 3.42924
20 4486 0 100 121554950 3.72924 3.72924
29 4436 0 100 121564274 3.82924 3.82924
66 4467 0 100 121569098 3.82924 3.82924
47 4473 0 100 154252528 3.82924 3.82924
18 4443 0 100 154295304 3.82924 3.82924
3 4496 0 100 88872080 3.92924 3.92924
30 4491 0 100 88862128 4.12924 4.12924
49 4426 0 100 121551920 4.12924 4.12924
53 4414 0 100 154245024 4.12924 4.12924
69 4522 0 100 154283232 4.12924 4.12924
77 4497 0 100 88848336 4.22924 4.22924
79 4470 0 100 88872868 4.22924 4.22924
74 4464 0 100 121531028 4.22924 4.22924
86 4501 0 100 121551710 4.32924 4.32924
31 4417 0 100 154257488 4.32924 4.32924
43 4527 0 100 154261016 4.32924 4.32924
35 4461 0 100 121541246 4.42924 4.42924
5 4458 0 100 154259480 4.52924 4.52924
16 4423 0 100 121555166 4.62924 4.62924
46 4518 0 100 121571888 4.62924 4.62924
87 4453 0 100 154252048 4.62924 4.62924
100 4438 0 100 154304120 4.62924 4.62924
14 4484 0 100 154300944 4.72924 4.72924
93 4424 0 100 88858432 4.82924 4.82924
97 4529 0 100 121570922 4.82924 4.82924
90 4415 0 100 154272024 4.82924 4.82924
2 4485 0 100 88857824 4.92924 4.92924
24 4420 0 100 154276728 4.92924 4.92924
50 4512 0 100 154302312 4.92924 4.92924
56 4482 0 100 121547336 5.32924 5.32924
6 4435 0 100 154247680 5.32924 5.32924
26 4430 0 100 88873996 5.42924 5.42924
72 4429 0 100 121565558 5.42924 5.42924
89 4477 0 100 121560350 5.52924 5.52924
82 4515 0 100 121573658 5.62924 5.62924
88 4528 0 100 154247752 5.62924 5.62924
41 4466 0 100 88872656 5.72924 5.72924
55 4434 0 100 121567310 5.72924 5.72924
36 4431 0 100 154259392 5.82924 5.82924
9 4492 0 100 88864676 5.92924 5.92924
67 4521 0 100 121568828 5.92924 5.92924
1 4479 0 100 154262416 5.92924 5.92924
70 4516 0 100 154295144 5.92924 5.92924
17 4523 0 100 121569002 6.12924 6.12924
45 4447 0 100 154288760 6.12924 6.12924
57 4487 0 100 121531640 6.22924 6.22924
60 4508 0 100 56208754 6.32924 6.32924
98 4428 0 100 121562744 6.32924 6.32924
33 4506 0 100 56200424 6.42924 6.42924
63 4456 0 100 121531442 6.42924 6.42924
4 4507 0 100 154280904 6.42924 6.42924
81 4525 0 100 121547438 6.52924 6.52924
92 4448 0 100 121553180 6.52924 6.52924
80 4502 0 100 121566380 6.52924 6.52924
48 4495 0 100 88868376 6.62924 6.62924
78 4468 0 100 154292168 6.62924 6.62924
95 4513 0 100 121564544 6.72924 6.72924
54 4460 0 100 154285328 6.72924 6.72924
12 4459 0 100 121536950 6.82924 6.82924
8 4505 0 100 154244776 6.92924 6.92924
21 4511 0 100 154294512 6.92924 6.92924
10 4517 0 100 121537466 7.12924 7.12924
28 4478 0 100 154299936 7.22924 7.22924
64 4519 0 100 121548386 7.32924 7.32924
11 4489 0 100 121562708 7.42924 7.42924
71 4499 0 100 88855992 7.52924 7.52924
51 4524 0 100 154249984 7.52924 7.52924
38 4514 0 100 154249672 7.62924 7.62924
