3 3720 1.01149
42 3722 1.08802
69 3724 1.17114
36 3725 1.17576
43 3727 1.23337
45 3728 1.32417
27 3730 1.34079
16 3731 1.36074
2 3732 1.36923
48 3733 1.37264
8 3735 1.47769
63 3736 1.48931
39 3737 1.50591
1 3738 1.50818
50 3740 1.57081
62 3741 1.59618
19 3742 1.61691
29 3743 1.61834
15 3744 1.62642
9 3746 1.65992
26 3747 1.7129
52 3748 1.7204
23 3750 1.76039
65 3751 1.79107
34 3752 1.80531
46 3753 1.8142
49 3755 1.84204
21 3756 1.85795
67 3757 1.87554
40 3758 1.91415
28 3759 1.92805
64 3761 1.99805
11 3762 2.00967
13 3764 2.03322
35 3766 2.13961
47 3767 2.15327
7 3768 2.17097
20 3769 2.17883
55 3770 2.21701
68 3772 2.32359
66 3773 2.32628
12 3775 2.33813
58 3776 2.36761
61 3777 2.36872
54 3778 2.37808
33 3779 2.37892
38 3780 2.41596
60 3782 2.45651
37 3783 2.49618
53 3784 2.49695
44 3785 2.49696
24 3786 2.49726
18 3787 2.50217
6 3788 2.52368
17 3790 2.55
41 3791 2.55576
4 3793 2.65538
14 3794 2.67377
32 3795 2.69242
57 3796 2.70303
5 3797 2.70651
59 3799 2.79144
10 3800 2.81983
31 3801 2.82735
51 3803 2.88218
30 3804 2.92062
56 3806 2.9333
70 3807 2.95161
22 3808 2.95639
25 3809 2.9868
