0 1880
0 1881
0 1882
0 1883
0 1884
0 1885
0 1886
0 1887
0 1888
0 1889
0 1891
0 1894
44 1893
0 1896
0 1901
0 1907
0 1918
0 1927
0 1932
46 1920
51 1913
0 1937
0 1942
9 1890
0 1943
0 1949
68 1931
0 1952
42 1946
26 1935
0 1958
57 1936
78 1955
31 1947
0 1963
13 1906
0 1966
0 1969
2 1933
10 1950
0 1973
27 1962
0 1980
29 1941
0 1986
36 1898
40 1910
0 1990
23 1939
5 1909
76 1917
49 1912
0 1991
52 1911
0 1992
63 1923
43 1922
0 1993
33 1926
74 1916
20 1915
0 1994
28 1897
0 1995
55 1951
56 1974
0 1996
65 1892
73 1919
8 1908
0 1997
0 1998
0 1999
32 1971
41 1902
25 1948
0 2000
0 2001
24 1925
16 1904
0 2002
77 1914
47 1983
6 1895
0 2003
0 2004
22 1899
0 2005
0 2006
37 1982
71 1944
0 2007
15 1924
0 2008
58 1945
0 2009
0 2010
1 1970
21 1921
50 1965
0 2011
0 2012
0 2013
38 1953
34 1928
0 2014
18 1961
0 2015
72 1985
39 1900
48 1978
54 1930
0 2016
79 1964
0 2017
53 1988
0 2018
7 1987
80 1905
0 2019
60 1903
64 1960
0 2020
30 1972
11 1967
0 2021
67 1954
0 2022
3 1968
75 1934
0 2023
45 1940
0 2024
69 1975
70 1929
0 2025
0 2026
4 1938
61 1989
0 2027
0 2028
0 2029
59 1979
0 2030
35 1957
0 2031
62 1959
12 1984
0 2032
19 1981
66 1977
0 2033
17 1956
0 2034
0 2035
0 2036
0 2037
0 2038
14 1976
0 2039
0 2040
0 2041
0 2042
0 2043
0 2044
0 2045
0 2046
0 2047
0 2048
0 2049
0 2050
0 2051
0 2052
0 2053
0 2054
0 2055
0 2056
0 2057
0 2058
0 2059
0 2060
0 2061
0 2062
0 2063
0 2064
0 2065
0 2066
0 2067
0 2068
0 2069
0 2070
0 2071
0 2072
0 2073
0 2074
0 2075
0 2076
0 2077
0 2078
0 2079
0 2080
0 2081
0 2082
0 2083
0 2084
0 2085
0 2086
0 2087
0 2088
0 2089
0 2090
0 2091
0 2092
0 2093
0 2094
0 2095
0 2096
0 2097
0 2098
0 2099
0 2100
0 2101
0 2102
0 2103
0 2104
0 2105
0 2106
0 2107
0 2108
0 2109
