11 0.8 0.016 0.784
29 0.8 0.016 0.784
11 0.784 0.16 0.624
29 0.784 0.16 0.624
19 0.8 0.016 0.784
32 0.8 0.016 0.784
19 0.784 0.16 0.624
32 0.784 0.16 0.624
6 0.8 0.016 0.784
6 0.784 0.16 0.624
10 0.8 0.016 0.784
10 0.784 0.16 0.624
5 0.8 0.016 0.784
5 0.784 0.16 0.624
60 0.8 0.016 0.784
60 0.784 0.16 0.624
14 0.8 0.16 0.64
23 0.8 0.16 0.64
14 0.715074 0.016 0.699074
23 0.712632 0.016 0.696632
23 0.696632 0.16 0.536632
14 0.699074 0.16 0.539074
39 0.8 0.016 0.784
39 0.784 0.16 0.624
41 0.8 0.16 0.64
46 0.8 0.16 0.64
41 0.712825 0.016 0.696825
46 0.715135 0.016 0.699135
41 0.696825 0.16 0.536825
46 0.699135 0.16 0.539135
17 0.8 0.016 0.784
33 0.8 0.016 0.784
17 0.784 0.16 0.624
33 0.784 0.16 0.624
56 0.8 0.16 0.64
56 0.712539 0.016 0.696539
56 0.696539 0.16 0.536539
47 0.8 0.016 0.784
52 0.8 0.016 0.784
52 0.784 0.16 0.624
47 0.784 0.16 0.624
58 0.8 0.16 0.64
58 0.64 0.16 0.48
58 0.558956 0.016 0.542956
58 0.542956 0.16 0.382956
40 0.8 0.016 0.784
40 0.784 0.16 0.624
37 0.8 0.16 0.64
37 0.711182 0.016 0.695182
37 0.695182 0.16 0.535182
4 0.8 0.016 0.784
9 0.8 0.016 0.784
31 0.8 0.016 0.784
31 0.784 0.16 0.624
9 0.784 0.16 0.624
4 0.784 0.16 0.624
30 0.8 0.016 0.784
30 0.784 0.16 0.624
15 0.8 0.016 0.784
18 0.8 0.016 0.784
15 0.784 0.16 0.624
18 0.784 0.16 0.624
13 0.8 0.16 0.64
13 0.711861 0.016 0.695861
13 0.695861 0.16 0.535861
36 0.8 0.16 0.64
36 0.715053 0.016 0.699053
36 0.699053 0.16 0.539053
24 0.8 0.016 0.784
35 0.8 0.016 0.784
53 0.8 0.016 0.784
35 0.784 0.16 0.624
24 0.784 0.16 0.624
53 0.784 0.16 0.624
8 0.8 0.016 0.784
8 0.784 0.16 0.624
1 0.8 0.16 0.64
7 0.8 0.16 0.64
59 0.8 0.16 0.64
1 0.714822 0.016 0.698822
7 0.71079 0.016 0.69479
59 0.718949 0.016 0.702949
7 0.69479 0.16 0.53479
1 0.698822 0.16 0.538822
59 0.702949 0.16 0.542949
26 0.8 0.16 0.64
42 0.8 0.16 0.64
26 0.716935 0.016 0.700935
42 0.716213 0.016 0.700213
26 0.700935 0.16 0.540935
42 0.700213 0.16 0.540213
48 0.8 0.16 0.64
48 0.713518 0.016 0.697518
48 0.697518 0.16 0.537518
25 0.8 0.16 0.64
28 0.8 0.16 0.64
21 0.8 0.016 0.784
25 0.717483 0.016 0.701483
28 0.718317 0.016 0.702317
45 0.8 0.016 0.784
28 0.702317 0.16 0.542317
21 0.784 0.16 0.624
25 0.701483 0.16 0.541483
45 0.784 0.16 0.624
27 0.8 0.16 0.64
27 0.64 0.16 0.48
54 0.8 0.16 0.64
27 0.48 0.16 0.32
54 0.64 0.16 0.48
27 0.32 0.16 0.16
54 0.48 0.16 0.32
27 0.237486 0.016 0.221486
27 0.221486 0.16 0.0614863
20 0.8 0.16 0.64
54 0.395449 0.16 0.235449
20 0.713102 0.016 0.697102
44 0.8 0.016 0.784
51 0.8 0.016 0.784
54 0.306762 0.016 0.290762
54 0.290762 0.16 0.130762
20 0.697102 0.16 0.537102
44 0.784 0.16 0.624
51 0.784 0.16 0.624
34 0.8 0.16 0.64
34 0.713894 0.016 0.697894
34 0.697894 0.16 0.537894
43 0.8 0.016 0.784
57 0.8 0.016 0.784
43 0.784 0.16 0.624
57 0.784 0.16 0.624
3 0.8 0.16 0.64
3 0.710646 0.016 0.694646
3 0.694646 0.16 0.534646
16 0.8 0.16 0.64
16 0.718235 0.016 0.702235
16 0.702235 0.16 0.542235
12 0.8 0.016 0.784
12 0.784 0.16 0.624
38 0.8 0.016 0.784
38 0.784 0.16 0.624
49 0.8 0.16 0.64
49 0.714586 0.016 0.698586
49 0.698586 0.16 0.538586
2 0.8 0.16 0.64
2 0.714518 0.016 0.698518
2 0.698518 0.16 0.538518
55 0.8 0.016 0.784
55 0.784 0.16 0.624
22 0.8 0.016 0.784
22 0.784 0.16 0.624
50 0.8 0.016 0.784
50 0.784 0.16 0.624
