29 2131 0 100 32658952 1.68498 1.68498
82 2128 0 100 32682080 1.98498 1.98498
10 2153 0 100 32660486 2.18498 2.18498
49 2151 0 100 32647268 2.28498 2.28498
4 2181 0 100 32678384 2.28498 2.28498
66 2127 0 100 32664792 2.38498 2.38498
42 2192 0 100 32661192 2.48498 2.48498
26 2133 0 100 32669628 2.48498 2.48498
71 2193 0 100 32662878 2.48498 2.48498
46 2121 0 100 32659876 2.58498 2.58498
3 2146 0 100 32661276 2.68498 2.68498
56 2205 0 100 32681532 2.68498 2.68498
47 2224 0 100 32677226 2.98498 2.98498
84 2207 0 100 32667792 2.98498 2.98498
65 2214 0 100 32648030 3.08498 3.08498
2 2201 0 100 32676296 3.08498 3.08498
54 2158 0 100 32668850 3.18498 3.18498
53 2179 0 100 32675262 3.28498 3.28498
34 2147 0 100 32678562 3.38498 3.38498
12 2163 0 100 32671222 3.38498 3.38498
79 2196 0 100 32658592 3.48498 3.48498
89 2217 0 100 32640928 3.48498 3.48498
6 2172 0 100 32645758 3.58498 3.58498
24 2187 0 100 32648924 3.58498 3.58498
86 2125 0 100 32663384 3.68498 3.68498
9 2213 0 100 32676316 3.68498 3.68498
75 2148 0 100 32660338 3.78498 3.78498
32 2221 0 100 32653910 3.78498 3.78498
41 2228 0 100 32649508 3.78498 3.78498
68 2203 0 100 32680520 3.88498 3.88498
48 2199 0 100 32672396 3.98498 3.98498
19 2161 0 100 32659092 3.98498 3.98498
18 2186 0 100 32655214 3.98498 3.98498
64 2150 0 100 32679236 3.98498 3.98498
27 2173 0 100 32676846 4.08498 4.08498
72 2212 0 100 32644060 4.08498 4.08498
39 2160 0 100 32665654 4.08498 4.08498
28 2200 0 100 32661078 4.08498 4.08498
25 2195 0 100 32642524 4.18498 4.18498
44 2168 0 100 32664230 4.28498 4.28498
16 2134 0 100 32644438 4.28498 4.28498
58 2149 0 100 32636858 4.28498 4.28498
78 2170 0 100 32664492 4.38498 4.38498
30 2211 0 100 32652458 4.38498 4.38498
69 2210 0 100 32676600 4.48498 4.48498
74 2159 0 100 32662696 4.58498 4.58498
51 2219 0 100 32653446 4.68498 4.68498
40 2167 0 100 32673626 4.78498 4.78498
67 2154 0 100 32673002 4.78498 4.78498
88 2122 0 100 32649664 4.78498 4.78498
77 2140 0 100 32667046 4.88498 4.88498
17 2216 0 100 32669190 4.88498 4.88498
90 2132 0 100 32657888 4.98498 4.98498
22 2145 0 100 32668626 4.98498 4.98498
60 2142 0 100 32648244 5.08498 5.08498
45 2129 0 100 32678478 5.28498 5.28498
83 2169 0 100 32654946 5.58498 5.58498
13 2177 0 100 32640594 5.68498 5.68498
21 2209 0 100 32654778 5.68498 5.68498
7 2206 0 100 32655520 5.68498 5.68498
1 2190 0 100 32641718 5.78498 5.78498
63 2124 0 100 32628018 5.78498 5.78498
33 2189 0 100 32653024 5.88498 5.88498
43 2144 0 100 32672538 5.88498 5.88498
81 2227 0 100 32670328 5.88498 5.88498
35 2136 0 100 32674308 5.98498 5.98498
59 2157 0 100 32674778 5.98498 5.98498
8 2164 0 100 32660380 5.98498 5.98498
62 2137 0 100 32652940 5.98498 5.98498
50 2120 0 100 32627908 6.08498 6.08498
14 2171 0 100 32641892 6.18498 6.18498
61 2182 0 100 32666948 6.18498 6.18498
36 2176 0 100 32646972 6.18498 6.18498
15 2155 0 100 32656640 6.48498 6.48498
55 2197 0 100 32652354 6.58498 6.58498
70 2220 0 100 32639944 6.68498 6.68498
73 2225 0 100 32681034 6.78498 6.78498
31 2180 0 100 32671304 6.88498 6.88498
37 2215 0 100 32655586 6.98498 6.98498
87 2204 0 100 32673414 7.08498 7.08498
80 2226 0 100 32650488 7.28498 7.28498
11 2222 0 100 32663144 7.68498 7.68498
