50 2120 1.04562
46 2121 1.04926
88 2122 1.05513
63 2124 1.11522
86 2125 1.12802
66 2127 1.19517
82 2128 1.22649
45 2129 1.23897
29 2131 1.29395
90 2132 1.29823
26 2133 1.3158
16 2134 1.33298
35 2136 1.38556
62 2137 1.39976
76 2138 1.4091
85 2139 1.44243
77 2140 1.44286
38 2141 1.44295
60 2142 1.4732
43 2144 1.4855
22 2145 1.49346
3 2146 1.513
34 2147 1.5137
75 2148 1.54531
58 2149 1.56216
64 2150 1.57073
49 2151 1.58065
10 2153 1.64031
67 2154 1.6635
15 2155 1.68143
59 2157 1.68908
54 2158 1.69647
74 2159 1.71091
39 2160 1.75932
19 2161 1.78191
12 2163 1.79514
8 2164 1.80098
52 2165 1.85197
40 2167 1.89822
44 2168 1.90897
83 2169 1.93115
78 2170 1.9325
14 2171 1.93643
6 2172 1.9452
27 2173 1.94756
23 2175 1.99884
36 2176 2.01391
13 2177 2.02026
53 2179 2.08656
31 2180 2.09359
4 2181 2.10575
61 2182 2.1568
20 2184 2.19232
57 2185 2.20118
18 2186 2.22189
24 2187 2.22836
33 2189 2.33296
1 2190 2.38427
42 2192 2.39254
71 2193 2.43314
5 2194 2.45432
25 2195 2.46622
79 2196 2.46916
55 2197 2.4736
48 2199 2.56807
28 2200 2.57192
2 2201 2.58322
68 2203 2.62316
87 2204 2.63558
56 2205 2.63696
7 2206 2.67245
84 2207 2.68154
21 2209 2.68923
69 2210 2.70719
30 2211 2.70972
72 2212 2.71473
9 2213 2.73452
65 2214 2.76822
37 2215 2.77451
17 2216 2.77661
89 2217 2.78401
51 2219 2.82045
70 2220 2.84582
32 2221 2.87128
11 2222 2.87789
47 2224 2.90454
73 2225 2.90984
80 2226 2.93356
81 2227 2.9535
41 2228 2.95803
