2 0.8 0.016 0.784
2 0.784 0.16 0.624
13 0.8 0.016 0.784
13 0.784 0.16 0.624
39 0.8 0.16 0.64
30 0.8 0.016 0.784
39 0.712546 0.016 0.696546
30 0.784 0.16 0.624
39 0.696546 0.16 0.536546
38 0.8 0.016 0.784
38 0.784 0.16 0.624
28 0.8 0.016 0.784
28 0.784 0.16 0.624
14 0.8 0.16 0.64
19 0.8 0.16 0.64
23 0.8 0.16 0.64
14 0.711478 0.016 0.695478
19 0.714076 0.016 0.698076
23 0.718772 0.016 0.702772
23 0.702772 0.16 0.542772
19 0.698076 0.16 0.538076
14 0.695478 0.16 0.535478
6 0.8 0.016 0.784
6 0.784 0.16 0.624
20 0.8 0.16 0.64
20 0.711744 0.016 0.695744
20 0.695744 0.16 0.535744
16 0.8 0.016 0.784
16 0.784 0.16 0.624
40 0.8 0.016 0.784
40 0.784 0.16 0.624
25 0.8 0.16 0.64
36 0.8 0.16 0.64
11 0.8 0.016 0.784
25 0.714224 0.016 0.698224
36 0.71571 0.016 0.69971
25 0.698224 0.16 0.538224
36 0.69971 0.16 0.53971
11 0.784 0.16 0.624
8 0.8 0.16 0.64
24 0.8 0.16 0.64
8 0.64 0.16 0.48
24 0.64 0.16 0.48
8 0.551811 0.016 0.535811
24 0.558864 0.016 0.542864
24 0.542864 0.16 0.382864
8 0.535811 0.16 0.375811
3 0.8 0.16 0.64
27 0.8 0.16 0.64
3 0.71585 0.016 0.69985
27 0.710203 0.016 0.694203
3 0.69985 0.16 0.53985
27 0.694203 0.16 0.534203
29 0.8 0.016 0.784
29 0.784 0.16 0.624
4 0.8 0.016 0.784
4 0.784 0.16 0.624
35 0.8 0.016 0.784
35 0.784 0.16 0.624
10 0.8 0.16 0.64
10 0.716549 0.016 0.700549
10 0.700549 0.16 0.540549
26 0.8 0.16 0.64
26 0.711015 0.016 0.695015
26 0.695015 0.16 0.535015
18 0.8 0.016 0.784
18 0.784 0.16 0.624
34 0.8 0.016 0.784
34 0.784 0.16 0.624
32 0.8 0.016 0.784
32 0.784 0.16 0.624
15 0.8 0.16 0.64
31 0.8 0.16 0.64
15 0.710736 0.016 0.694736
31 0.715329 0.016 0.699329
15 0.694736 0.16 0.534736
31 0.699329 0.16 0.539329
33 0.8 0.016 0.784
33 0.784 0.16 0.624
17 0.8 0.016 0.784
17 0.784 0.16 0.624
5 0.8 0.016 0.784
5 0.784 0.16 0.624
1 0.8 0.016 0.784
22 0.8 0.016 0.784
1 0.784 0.16 0.624
22 0.784 0.16 0.624
12 0.8 0.16 0.64
12 0.64 0.16 0.48
9 0.8 0.016 0.784
12 0.556493 0.016 0.540493
9 0.784 0.16 0.624
12 0.540493 0.16 0.380493
37 0.8 0.016 0.784
37 0.784 0.16 0.624
21 0.8 0.016 0.784
21 0.784 0.16 0.624
7 0.8 0.016 0.784
7 0.784 0.16 0.624
