0 1250
0 1251
0 1252
0 1253
0 1254
0 1255
0 1256
0 1257
0 1258
0 1259
0 1262
0 1267
42 1260
0 1270
0 1273
0 1276
0 1281
37 1279
0 1283
0 1286
0 1291
3 1266
0 1294
0 1297
32 1285
6 1296
0 1300
15 1282
20 1265
0 1304
25 1303
35 1293
0 1309
0 1313
34 1289
0 1316
0 1317
0 1320
23 1269
0 1324
12 1323
0 1327
9 1278
0 1330
0 1331
0 1332
2 1312
0 1333
7 1305
0 1334
0 1335
0 1336
26 1261
0 1337
18 1290
33 1271
0 1338
49 1302
0 1339
46 1322
29 1298
10 1274
0 1340
27 1314
28 1287
0 1341
22 1310
0 1342
5 1299
40 1263
0 1343
43 1268
45 1329
0 1344
41 1295
0 1345
0 1346
47 1318
19 1272
0 1347
21 1288
48 1319
39 1280
0 1348
0 1349
0 1350
36 1306
0 1351
0 1352
0 1353
31 1326
0 1354
0 1355
14 1301
0 1356
4 1292
24 1325
0 1357
44 1307
0 1358
38 1264
1 1277
0 1359
0 1360
0 1361
13 1321
8 1275
0 1362
0 1363
16 1315
11 1311
0 1364
0 1365
0 1366
0 1367
50 1284
0 1368
30 1328
0 1369
0 1370
17 1308
0 1371
0 1372
0 1373
0 1374
0 1375
0 1376
0 1377
0 1378
0 1379
0 1380
0 1381
0 1382
0 1383
0 1384
0 1385
0 1386
0 1387
0 1388
0 1389
0 1390
0 1391
0 1392
0 1393
0 1394
0 1395
0 1396
0 1397
0 1398
0 1399
0 1400
0 1401
0 1402
0 1403
0 1404
0 1405
0 1406
0 1407
0 1408
0 1409
0 1410
0 1411
0 1412
0 1413
0 1414
0 1415
0 1416
0 1417
0 1418
0 1419
0 1420
0 1421
0 1422
0 1423
0 1424
0 1425
0 1426
0 1427
0 1428
0 1429
0 1430
0 1431
0 1432
0 1433
0 1434
0 1435
0 1436
0 1437
0 1438
0 1439
0 1440
0 1441
0 1442
0 1443
0 1444
0 1445
0 1446
0 1447
0 1448
0 1449
