29 1477 0 100 32681766 1.45508 1.45508
32 1465 0 100 32633368 1.75508 1.75508
6 1511 0 100 32655328 2.15508 2.15508
10 1460 0 100 32644962 2.35508 2.35508
5 1499 0 100 32674062 2.45508 2.45508
60 1501 0 100 32664260 2.65508 2.65508
23 1524 0 100 32663834 2.75508 2.75508
14 1483 0 100 32635436 2.75508 2.75508
39 1470 0 100 32677250 2.95508 2.95508
41 1485 0 100 32674034 3.05508 3.05508
46 1484 0 100 32665508 3.05508 3.05508
33 1469 0 100 32669032 3.25508 3.25508
56 1461 0 100 32656218 3.35508 3.35508
52 1462 0 100 32653060 3.75508 3.75508
47 1472 0 100 32668864 3.75508 3.75508
58 1505 0 100 32671236 3.85508 3.85508
40 1495 0 100 32654054 3.95508 3.95508
37 1534 0 100 32669750 4.05508 4.05508
31 1498 0 100 32639700 4.25508 4.25508
9 1506 0 100 32666100 4.25508 4.25508
4 1520 0 100 32661588 4.25508 4.25508
30 1496 0 100 32653608 4.45508 4.45508
15 1521 0 100 32641634 4.65508 4.65508
18 1487 0 100 32677158 4.65508 4.65508
13 1486 0 100 32675598 4.75508 4.75508
36 1481 0 100 32638108 4.85508 4.85508
35 1510 0 100 32662614 4.95508 4.95508
53 1494 0 100 32653084 4.95508 4.95508
8 1475 0 100 32656144 5.45508 5.45508
7 1528 0 100 32642696 5.55508 5.55508
1 1512 0 100 32652876 5.55508 5.55508
59 1514 0 100 32662904 5.55508 5.55508
42 1523 0 100 32665170 5.65508 5.65508
48 1500 0 100 32661396 5.75508 5.75508
28 1507 0 100 32640224 5.85508 5.85508
21 1474 0 100 32672812 5.85508 5.85508
25 1464 0 100 32658580 5.85508 5.85508
45 1508 0 100 32675266 5.85508 5.85508
27 1467 0 100 32651824 5.95508 5.95508
54 1492 0 100 32652980 6.05508 6.05508
44 1480 0 100 32671698 6.05508 6.05508
51 1491 0 100 32665874 6.05508 6.05508
34 1479 0 100 32681472 6.15508 6.15508
43 1515 0 100 32677076 6.35508 6.35508
57 1503 0 100 32656846 6.35508 6.35508
3 1490 0 100 32675870 6.45508 6.45508
16 1517 0 100 32673810 6.55508 6.55508
12 1529 0 100 32663426 6.85508 6.85508
38 1536 0 100 32678558 7.05508 7.05508
49 1531 0 100 32677724 7.15508 7.15508
2 1533 0 100 32644416 7.25508 7.25508
55 1526 0 100 32679136 7.35508 7.35508
22 1538 0 100 32643212 7.65508 7.65508
50 1539 0 100 32649108 8.05508 8.05508
