17 0.8 0.016 0.784
17 0.784 0.16 0.624
20 0.8 0.016 0.784
20 0.784 0.16 0.624
5 0.8 0.016 0.784
5 0.784 0.16 0.624
10 0.8 0.16 0.64
10 0.718628 0.016 0.702628
10 0.702628 0.16 0.542628
8 0.8 0.016 0.784
16 0.8 0.016 0.784
8 0.784 0.16 0.624
16 0.784 0.16 0.624
11 0.8 0.016 0.784
11 0.784 0.16 0.624
18 0.8 0.016 0.784
18 0.784 0.16 0.624
15 0.8 0.016 0.784
15 0.784 0.16 0.624
1 0.8 0.016 0.784
1 0.784 0.16 0.624
7 0.8 0.016 0.784
7 0.784 0.16 0.624
13 0.8 0.016 0.784
13 0.784 0.16 0.624
4 0.8 0.016 0.784
4 0.784 0.16 0.624
14 0.8 0.16 0.64
14 0.717771 0.016 0.701771
14 0.701771 0.16 0.541771
12 0.8 0.16 0.64
12 0.719981 0.016 0.703981
12 0.703981 0.16 0.543981
9 0.8 0.016 0.784
19 0.8 0.016 0.784
19 0.784 0.16 0.624
9 0.784 0.16 0.624
2 0.8 0.016 0.784
2 0.784 0.16 0.624
6 0.8 0.016 0.784
6 0.784 0.16 0.624
3 0.8 0.016 0.784
3 0.784 0.16 0.624
