42 0.8 0.016 0.784
42 0.784 0.16 0.624
37 0.8 0.016 0.784
37 0.784 0.16 0.624
3 0.8 0.016 0.784
3 0.784 0.16 0.624
6 0.8 0.016 0.784
32 0.8 0.016 0.784
32 0.784 0.16 0.624
6 0.784 0.16 0.624
15 0.8 0.16 0.64
15 0.713819 0.016 0.697819
20 0.8 0.016 0.784
15 0.697819 0.16 0.537819
20 0.784 0.16 0.624
35 0.8 0.16 0.64
25 0.8 0.016 0.784
35 0.718731 0.016 0.702731
25 0.784 0.16 0.624
35 0.702731 0.16 0.542731
34 0.8 0.16 0.64
34 0.792937 0.016 0.776937
34 0.776937 0.16 0.616937
23 0.8 0.016 0.784
23 0.784 0.16 0.624
12 0.8 0.016 0.784
12 0.784 0.16 0.624
9 0.8 0.16 0.64
9 0.719171 0.016 0.703171
9 0.703171 0.16 0.543171
2 0.8 0.016 0.784
2 0.784 0.16 0.624
7 0.8 0.016 0.784
7 0.784 0.16 0.624
26 0.8 0.016 0.784
26 0.784 0.16 0.624
18 0.8 0.16 0.64
33 0.8 0.16 0.64
18 0.717666 0.016 0.701666
33 0.718218 0.016 0.702218
18 0.701666 0.16 0.541666
33 0.702218 0.16 0.542218
49 0.8 0.16 0.64
49 0.717893 0.016 0.701893
49 0.701893 0.16 0.541893
10 0.8 0.016 0.784
29 0.8 0.016 0.784
46 0.8 0.016 0.784
46 0.784 0.16 0.624
29 0.784 0.16 0.624
10 0.784 0.16 0.624
27 0.8 0.16 0.64
28 0.8 0.16 0.64
27 0.64 0.16 0.48
28 0.64 0.16 0.48
27 0.48 0.16 0.32
28 0.48 0.16 0.32
27 0.39858 0.016 0.38258
28 0.391313 0.016 0.375313
27 0.38258 0.16 0.22258
28 0.375313 0.16 0.215313
22 0.8 0.016 0.784
22 0.784 0.16 0.624
5 0.8 0.16 0.64
40 0.8 0.16 0.64
5 0.718566 0.016 0.702566
40 0.71042 0.016 0.69442
5 0.702566 0.16 0.542566
40 0.69442 0.16 0.53442
43 0.8 0.16 0.64
43 0.718038 0.016 0.702038
45 0.8 0.016 0.784
43 0.702038 0.16 0.542038
45 0.784 0.16 0.624
41 0.8 0.016 0.784
41 0.784 0.16 0.624
19 0.8 0.016 0.784
47 0.8 0.016 0.784
47 0.784 0.16 0.624
19 0.784 0.16 0.624
21 0.8 0.16 0.64
48 0.8 0.16 0.64
48 0.64 0.16 0.48
21 0.714686 0.016 0.698686
39 0.8 0.016 0.784
48 0.557399 0.016 0.541399
21 0.698686 0.16 0.538686
48 0.541399 0.16 0.381399
39 0.784 0.16 0.624
36 0.8 0.016 0.784
36 0.784 0.16 0.624
31 0.8 0.016 0.784
31 0.784 0.16 0.624
14 0.8 0.016 0.784
14 0.784 0.16 0.624
4 0.8 0.16 0.64
24 0.8 0.16 0.64
4 0.715849 0.016 0.699849
24 0.710727 0.016 0.694727
4 0.699849 0.16 0.539849
24 0.694727 0.16 0.534727
44 0.8 0.16 0.64
44 0.711554 0.016 0.695554
44 0.695554 0.16 0.535554
38 0.8 0.16 0.64
1 0.8 0.016 0.784
38 0.710217 0.016 0.694217
38 0.694217 0.16 0.534217
1 0.784 0.16 0.624
8 0.8 0.016 0.784
13 0.8 0.016 0.784
13 0.784 0.16 0.624
8 0.784 0.16 0.624
11 0.8 0.016 0.784
16 0.8 0.016 0.784
16 0.784 0.16 0.624
11 0.784 0.16 0.624
50 0.8 0.016 0.784
50 0.784 0.16 0.624
30 0.8 0.16 0.64
30 0.715333 0.016 0.699333
30 0.699333 0.16 0.539333
17 0.8 0.016 0.784
17 0.784 0.16 0.624
