0 2350
0 2351
0 2352
0 2353
0 2354
0 2355
0 2356
0 2357
0 2358
0 2359
0 2361
0 2364
50 2362
0 2371
90 2370
0 2376
0 2380
96 2377
0 2388
44 2367
99 2374
97 2373
0 2394
0 2400
0 2408
13 2404
0 2420
80 2363
29 2413
40 2410
0 2427
94 2402
0 2433
49 2423
0 2438
0 2442
36 2384
0 2450
32 2406
0 2453
88 2368
0 2460
72 2417
0 2466
21 2387
89 2426
0 2470
98 2396
0 2474
52 2378
61 2381
76 2448
0 2480
93 2397
0 2481
42 2392
60 2425
0 2482
77 2395
0 2483
68 2467
20 2472
24 2389
34 2443
0 2484
43 2403
0 2485
14 2360
92 2429
0 2486
62 2437
23 2399
81 2409
26 2383
0 2487
66 2463
64 2465
0 2488
4 2366
0 2489
18 2369
100 2454
55 2407
6 2452
0 2490
2 2469
0 2491
83 2462
84 2422
45 2421
1 2405
48 2391
0 2492
0 2493
78 2475
0 2494
87 2457
10 2398
28 2439
53 2440
0 2495
30 2456
91 2436
16 2447
46 2379
57 2385
0 2496
15 2473
79 2416
0 2497
11 2435
56 2446
75 2412
0 2498
9 2390
0 2499
25 2478
0 2500
33 2418
0 2501
0 2502
0 2503
8 2414
0 2504
27 2415
95 2461
0 2505
82 2477
12 2375
47 2411
0 2506
67 2365
0 2507
0 2508
0 2509
85 2468
38 2458
0 2510
0 2511
3 2459
31 2455
0 2512
19 2372
70 2424
73 2386
0 2513
22 2419
74 2401
86 2476
65 2382
0 2514
0 2515
0 2516
63 2432
37 2393
0 2517
35 2431
0 2518
69 2445
0 2519
5 2430
71 2444
39 2428
0 2520
0 2521
17 2434
58 2464
54 2479
59 2449
0 2522
0 2523
41 2451
0 2524
51 2441
0 2525
7 2471
0 2526
0 2527
0 2528
0 2529
0 2530
0 2531
0 2532
0 2533
0 2534
0 2535
0 2536
0 2537
0 2538
0 2539
0 2540
0 2541
0 2542
0 2543
0 2544
0 2545
0 2546
0 2547
0 2548
0 2549
0 2550
0 2551
0 2552
0 2553
0 2554
0 2555
0 2556
0 2557
0 2558
0 2559
0 2560
0 2561
0 2562
0 2563
0 2564
0 2565
0 2566
0 2567
0 2568
0 2569
0 2570
0 2571
0 2572
0 2573
0 2574
0 2575
0 2576
0 2577
0 2578
0 2579
0 2580
0 2581
0 2582
0 2583
0 2584
0 2585
0 2586
0 2587
0 2588
0 2589
0 2590
0 2591
0 2592
0 2593
0 2594
0 2595
0 2596
0 2597
0 2598
0 2599
