0 2110
0 2111
0 2112
0 2113
0 2114
0 2115
0 2116
0 2117
0 2118
0 2119
0 2123
0 2126
0 2130
0 2135
0 2143
0 2152
0 2156
29 2131
0 2162
0 2166
0 2174
82 2128
0 2178
0 2183
10 2153
0 2188
49 2151
4 2181
0 2191
66 2127
0 2198
42 2192
20 2184
26 2133
57 2185
71 2193
0 2202
46 2121
0 2208
3 2146
56 2205
0 2218
0 2223
0 2229
47 2224
84 2207
0 2230
65 2214
2 2201
0 2231
54 2158
0 2232
53 2179
0 2233
34 2147
12 2163
0 2234
79 2196
89 2217
0 2235
6 2172
24 2187
0 2236
85 2139
86 2125
9 2213
0 2237
75 2148
32 2221
41 2228
0 2238
68 2203
0 2239
48 2199
19 2161
18 2186
64 2150
0 2240
27 2173
72 2212
39 2160
28 2200
0 2241
25 2195
0 2242
44 2168
16 2134
58 2149
0 2243
76 2138
78 2170
30 2211
0 2244
69 2210
0 2245
74 2159
0 2246
51 2219
0 2247
40 2167
38 2141
67 2154
88 2122
0 2248
77 2140
17 2216
0 2249
90 2132
22 2145
0 2250
60 2142
0 2251
0 2252
45 2129
0 2253
0 2254
0 2255
52 2165
83 2169
0 2256
13 2177
21 2209
7 2206
0 2257
1 2190
63 2124
0 2258
33 2189
43 2144
81 2227
0 2259
35 2136
59 2157
8 2164
62 2137
0 2260
50 2120
0 2261
14 2171
61 2182
36 2176
0 2262
0 2263
0 2264
15 2155
0 2265
55 2197
0 2266
70 2220
0 2267
73 2225
0 2268
23 2175
31 2180
0 2269
37 2215
0 2270
87 2204
0 2271
0 2272
5 2194
80 2226
0 2273
0 2274
0 2275
0 2276
11 2222
0 2277
0 2278
0 2279
0 2280
0 2281
0 2282
0 2283
0 2284
0 2285
0 2286
0 2287
0 2288
0 2289
0 2290
0 2291
0 2292
0 2293
0 2294
0 2295
0 2296
0 2297
0 2298
0 2299
0 2300
0 2301
0 2302
0 2303
0 2304
0 2305
0 2306
0 2307
0 2308
0 2309
0 2310
0 2311
0 2312
0 2313
0 2314
0 2315
0 2316
0 2317
0 2318
0 2319
0 2320
0 2321
0 2322
0 2323
0 2324
0 2325
0 2326
0 2327
0 2328
0 2329
0 2330
0 2331
0 2332
0 2333
0 2334
0 2335
0 2336
0 2337
0 2338
0 2339
0 2340
0 2341
0 2342
0 2343
0 2344
0 2345
0 2346
0 2347
0 2348
0 2349
