29 0.8 0.016 0.784
29 0.784 0.16 0.624
82 0.8 0.016 0.784
82 0.784 0.16 0.624
10 0.8 0.016 0.784
10 0.784 0.16 0.624
49 0.8 0.16 0.64
4 0.8 0.016 0.784
49 0.714614 0.016 0.698614
49 0.698614 0.16 0.538614
4 0.784 0.16 0.624
57 0.8 0.16 0.64
66 0.8 0.16 0.64
66 0.719703 0.016 0.703703
66 0.703703 0.16 0.543703
20 0.8 0.16 0.64
26 0.8 0.16 0.64
57 0.711829 0.16 0.551829
20 0.71879 0.016 0.70279
26 0.710903 0.016 0.694903
42 0.8 0.016 0.784
57 0.631123 0.016 0.615123
71 0.8 0.016 0.784
42 0.784 0.16 0.624
20 0.70279 0.16 0.54279
26 0.694903 0.16 0.534903
57 0.615123 0.16 0.455123
71 0.784 0.16 0.624
46 0.8 0.16 0.64
46 0.64 0.16 0.48
46 0.557314 0.016 0.541314
46 0.541314 0.16 0.381314
3 0.8 0.016 0.784
56 0.8 0.016 0.784
3 0.784 0.16 0.624
56 0.784 0.16 0.624
47 0.8 0.016 0.784
84 0.8 0.016 0.784
47 0.784 0.16 0.624
84 0.784 0.16 0.624
2 0.8 0.16 0.64
65 0.8 0.16 0.64
2 0.64 0.16 0.48
65 0.64 0.16 0.48
2 0.555779 0.016 0.539779
65 0.558617 0.016 0.542617
65 0.542617 0.16 0.382617
2 0.539779 0.16 0.379779
54 0.8 0.16 0.64
54 0.64 0.16 0.48
54 0.558395 0.016 0.542395
54 0.542395 0.16 0.382395
53 0.8 0.016 0.784
53 0.784 0.16 0.624
12 0.8 0.16 0.64
34 0.8 0.16 0.64
12 0.71086 0.016 0.69486
34 0.713057 0.016 0.697057
34 0.697057 0.16 0.537057
12 0.69486 0.16 0.53486
24 0.8 0.16 0.64
79 0.8 0.16 0.64
89 0.8 0.16 0.64
79 0.64 0.16 0.48
89 0.64 0.16 0.48
79 0.550366 0.016 0.534366
89 0.559029 0.016 0.543029
79 0.534366 0.16 0.374366
89 0.543029 0.16 0.383029
6 0.8 0.16 0.64
24 0.714861 0.16 0.554861
6 0.64 0.16 0.48
24 0.554861 0.16 0.394861
6 0.554374 0.016 0.538374
24 0.474247 0.016 0.458247
6 0.538374 0.16 0.378374
24 0.458247 0.16 0.298247
85 0.8 0.16 0.64
9 0.8 0.016 0.784
85 0.715647 0.016 0.699647
86 0.8 0.016 0.784
85 0.699647 0.16 0.539647
86 0.784 0.16 0.624
9 0.784 0.16 0.624
32 0.8 0.16 0.64
41 0.8 0.16 0.64
75 0.8 0.16 0.64
76 0.8 0.16 0.64
32 0.64 0.16 0.48
41 0.64 0.16 0.48
75 0.64 0.16 0.48
76 0.64 0.16 0.48
32 0.555966 0.016 0.539966
41 0.555594 0.016 0.539594
75 0.5549 0.016 0.5389
75 0.5389 0.16 0.3789
32 0.539966 0.16 0.379966
41 0.539594 0.16 0.379594
76 0.553676 0.16 0.393676
76 0.393676 0.16 0.233676
76 0.233676 0.16 0.0736759
68 0.8 0.016 0.784
76 0.153156 0.016 0.137156
68 0.784 0.16 0.624
18 0.8 0.16 0.64
48 0.8 0.16 0.64
76 0.137156 0.16 -0.0228445
18 0.718731 0.016 0.702731
19 0.8 0.016 0.784
48 0.713785 0.016 0.697785
64 0.8 0.016 0.784
48 0.697785 0.16 0.537785
19 0.784 0.16 0.624
18 0.702731 0.16 0.542731
64 0.784 0.16 0.624
72 0.8 0.16 0.64
27 0.8 0.16 0.64
28 0.8 0.16 0.64
39 0.8 0.16 0.64
72 0.64 0.16 0.48
72 0.48 0.16 0.32
27 0.64 0.16 0.48
28 0.64 0.16 0.48
39 0.64 0.16 0.48
72 0.32 0.16 0.16
27 0.557016 0.016 0.541016
28 0.556557 0.016 0.540557
39 0.554245 0.016 0.538245
72 0.232382 0.016 0.216382
27 0.541016 0.16 0.381016
72 0.216382 0.16 0.0563822
39 0.538245 0.16 0.378245
28 0.540557 0.16 0.380557
25 0.8 0.16 0.64
25 0.64 0.16 0.48
25 0.48 0.16 0.32
25 0.32 0.16 0.16
25 0.232832 0.016 0.216832
25 0.216832 0.16 0.0568322
44 0.8 0.16 0.64
58 0.8 0.16 0.64
16 0.8 0.016 0.784
44 0.714672 0.016 0.698672
58 0.718281 0.016 0.702281
44 0.698672 0.16 0.538672
16 0.784 0.16 0.624
58 0.702281 0.16 0.542281
30 0.8 0.16 0.64
78 0.8 0.16 0.64
30 0.64 0.16 0.48
30 0.552734 0.016 0.536734
78 0.711895 0.016 0.695895
76 0.364877 0.16 0.204877
78 0.695895 0.16 0.535895
30 0.536734 0.16 0.376734
69 0.8 0.016 0.784
69 0.784 0.16 0.624
74 0.8 0.16 0.64
74 0.718694 0.016 0.702694
74 0.702694 0.16 0.542694
51 0.8 0.16 0.64
51 0.719083 0.016 0.703083
51 0.703083 0.16 0.543083
38 0.8 0.16 0.64
40 0.8 0.16 0.64
88 0.8 0.16 0.64
38 0.715644 0.016 0.699644
40 0.715232 0.016 0.699232
67 0.8 0.016 0.784
88 0.718459 0.016 0.702459
40 0.699232 0.16 0.539232
38 0.699644 0.16 0.539644
67 0.784 0.16 0.624
88 0.702459 0.16 0.542459
77 0.8 0.16 0.64
17 0.8 0.16 0.64
77 0.64 0.16 0.48
77 0.48 0.16 0.32
17 0.715588 0.016 0.699588
77 0.393335 0.016 0.377335
77 0.377335 0.16 0.217335
17 0.699588 0.16 0.539588
22 0.8 0.16 0.64
90 0.8 0.16 0.64
22 0.717198 0.016 0.701198
90 0.711653 0.016 0.695653
90 0.695653 0.16 0.535653
22 0.701198 0.16 0.541198
60 0.8 0.16 0.64
60 0.64 0.16 0.48
60 0.5572 0.016 0.5412
60 0.5412 0.16 0.3812
45 0.8 0.016 0.784
45 0.784 0.16 0.624
52 0.8 0.016 0.784
83 0.8 0.016 0.784
52 0.784 0.16 0.624
83 0.784 0.16 0.624
7 0.8 0.16 0.64
13 0.8 0.16 0.64
21 0.8 0.16 0.64
7 0.716117 0.016 0.700117
13 0.717017 0.016 0.701017
21 0.714221 0.016 0.698221
13 0.701017 0.16 0.541017
21 0.698221 0.16 0.538221
7 0.700117 0.16 0.540117
63 0.8 0.16 0.64
1 0.8 0.16 0.64
63 0.64 0.16 0.48
1 0.64 0.16 0.48
63 0.48 0.16 0.32
1 0.552086 0.016 0.536086
63 0.391313 0.016 0.375313
1 0.536086 0.16 0.376086
63 0.375313 0.16 0.215313
33 0.8 0.016 0.784
43 0.8 0.016 0.784
81 0.8 0.016 0.784
33 0.784 0.16 0.624
43 0.784 0.16 0.624
81 0.784 0.16 0.624
8 0.8 0.16 0.64
62 0.8 0.16 0.64
8 0.64 0.16 0.48
35 0.8 0.16 0.64
59 0.8 0.16 0.64
62 0.64 0.16 0.48
8 0.48 0.16 0.32
35 0.64 0.16 0.48
59 0.64 0.16 0.48
62 0.48 0.16 0.32
8 0.390405 0.016 0.374405
35 0.550208 0.016 0.534208
59 0.558086 0.016 0.542086
62 0.395288 0.016 0.379288
35 0.534208 0.16 0.374208
59 0.542086 0.16 0.382086
8 0.374405 0.16 0.214405
62 0.379288 0.16 0.219288
50 0.8 0.16 0.64
50 0.64 0.16 0.48
50 0.48 0.16 0.32
50 0.32 0.16 0.16
50 0.238038 0.016 0.222038
50 0.222038 0.16 0.0620378
14 0.8 0.16 0.64
36 0.8 0.16 0.64
14 0.713057 0.016 0.697057
36 0.714752 0.016 0.698752
61 0.8 0.016 0.784
14 0.697057 0.16 0.537057
61 0.784 0.16 0.624
36 0.698752 0.16 0.538752
15 0.8 0.016 0.784
15 0.784 0.16 0.624
55 0.8 0.016 0.784
55 0.784 0.16 0.624
70 0.8 0.16 0.64
70 0.713611 0.016 0.697611
70 0.697611 0.16 0.537611
73 0.8 0.016 0.784
73 0.784 0.16 0.624
23 0.8 0.16 0.64
31 0.8 0.16 0.64
37 0.8 0.16 0.64
23 0.717429 0.016 0.701429
31 0.718718 0.016 0.702718
23 0.701429 0.16 0.541429
31 0.702718 0.16 0.542718
37 0.713938 0.16 0.553938
37 0.63165 0.016 0.61565
37 0.61565 0.16 0.45565
87 0.8 0.016 0.784
87 0.784 0.16 0.624
5 0.8 0.16 0.64
5 0.794787 0.016 0.778787
80 0.8 0.016 0.784
5 0.778787 0.16 0.618787
80 0.784 0.16 0.624
11 0.8 0.016 0.784
11 0.784 0.16 0.624
