42 1260 1.02142
26 1261 1.02594
40 1263 1.04529
38 1264 1.06342
20 1265 1.08348
3 1266 1.13782
43 1268 1.17021
23 1269 1.23453
33 1271 1.31795
19 1272 1.31827
10 1274 1.3499
8 1275 1.42194
1 1277 1.4645
9 1278 1.495
37 1279 1.49562
39 1280 1.49888
15 1282 1.60144
50 1284 1.66265
32 1285 1.66821
28 1287 1.77905
21 1288 1.81431
34 1289 1.83012
18 1290 1.83027
4 1292 1.85419
35 1293 1.89341
41 1295 1.94522
6 1296 2.02626
29 1298 2.09537
5 1299 2.1127
14 1301 2.20082
49 1302 2.20365
25 1303 2.20896
7 1305 2.27067
36 1306 2.28198
44 1307 2.32239
17 1308 2.33039
22 1310 2.42354
11 1311 2.4249
2 1312 2.43813
27 1314 2.50873
16 1315 2.5341
47 1318 2.6787
48 1319 2.73524
13 1321 2.75787
46 1322 2.76155
12 1323 2.8136
24 1325 2.86292
31 1326 2.87575
30 1328 2.96531
45 1329 2.9699
