44 0.8 0.016 0.784
44 0.784 0.16 0.624
46 0.8 0.016 0.784
51 0.8 0.016 0.784
46 0.784 0.16 0.624
51 0.784 0.16 0.624
9 0.8 0.016 0.784
9 0.784 0.16 0.624
68 0.8 0.016 0.784
68 0.784 0.16 0.624
26 0.8 0.16 0.64
42 0.8 0.16 0.64
26 0.710649 0.016 0.694649
42 0.71023 0.016 0.69423
42 0.69423 0.16 0.53423
26 0.694649 0.16 0.534649
13 0.8 0.16 0.64
31 0.8 0.16 0.64
57 0.8 0.16 0.64
31 0.64 0.16 0.48
31 0.556146 0.016 0.540146
57 0.711467 0.016 0.695467
78 0.8 0.016 0.784
57 0.695467 0.16 0.535467
78 0.784 0.16 0.624
31 0.540146 0.16 0.380146
13 0.714438 0.16 0.554438
13 0.554438 0.16 0.394438
13 0.394438 0.16 0.234438
13 0.311827 0.016 0.295827
13 0.295827 0.16 0.135827
2 0.8 0.016 0.784
10 0.8 0.016 0.784
2 0.784 0.16 0.624
10 0.784 0.16 0.624
27 0.8 0.16 0.64
27 0.717608 0.016 0.701608
27 0.701608 0.16 0.541608
29 0.8 0.16 0.64
29 0.716362 0.016 0.700362
29 0.700362 0.16 0.540362
36 0.8 0.16 0.64
40 0.8 0.16 0.64
36 0.714176 0.016 0.698176
40 0.718583 0.016 0.702583
36 0.698176 0.16 0.538176
40 0.702583 0.16 0.542583
5 0.8 0.16 0.64
23 0.8 0.16 0.64
49 0.8 0.16 0.64
76 0.8 0.16 0.64
5 0.64 0.16 0.48
23 0.64 0.16 0.48
49 0.64 0.16 0.48
76 0.64 0.16 0.48
5 0.552367 0.016 0.536367
23 0.559439 0.016 0.543439
49 0.557171 0.016 0.541171
76 0.559608 0.016 0.543608
23 0.543439 0.16 0.383439
5 0.536367 0.16 0.376367
76 0.543608 0.16 0.383608
49 0.541171 0.16 0.381171
52 0.8 0.016 0.784
52 0.784 0.16 0.624
43 0.8 0.16 0.64
63 0.8 0.16 0.64
43 0.719533 0.016 0.703533
63 0.718511 0.016 0.702511
63 0.702511 0.16 0.542511
43 0.703533 0.16 0.543533
20 0.8 0.16 0.64
33 0.8 0.16 0.64
74 0.8 0.16 0.64
20 0.710162 0.016 0.694162
33 0.713919 0.016 0.697919
74 0.71593 0.016 0.69993
33 0.697919 0.16 0.537919
74 0.69993 0.16 0.53993
20 0.694162 0.16 0.534162
28 0.8 0.16 0.64
28 0.714273 0.016 0.698273
28 0.698273 0.16 0.538273
55 0.8 0.16 0.64
56 0.8 0.16 0.64
55 0.717246 0.016 0.701246
56 0.716249 0.016 0.700249
55 0.701246 0.16 0.541246
56 0.700249 0.16 0.540249
8 0.8 0.16 0.64
65 0.8 0.16 0.64
73 0.8 0.16 0.64
8 0.64 0.16 0.48
65 0.64 0.16 0.48
73 0.64 0.16 0.48
8 0.554646 0.016 0.538646
65 0.551884 0.016 0.535884
73 0.557678 0.016 0.541678
65 0.535884 0.16 0.375884
73 0.541678 0.16 0.381678
8 0.538646 0.16 0.378646
25 0.8 0.016 0.784
32 0.8 0.016 0.784
41 0.8 0.016 0.784
32 0.784 0.16 0.624
41 0.784 0.16 0.624
25 0.784 0.16 0.624
16 0.8 0.016 0.784
24 0.8 0.016 0.784
24 0.784 0.16 0.624
16 0.784 0.16 0.624
6 0.8 0.16 0.64
47 0.8 0.16 0.64
77 0.8 0.16 0.64
6 0.64 0.16 0.48
47 0.64 0.16 0.48
77 0.64 0.16 0.48
6 0.558021 0.016 0.542021
47 0.553422 0.016 0.537422
77 0.550317 0.016 0.534317
77 0.534317 0.16 0.374317
47 0.537422 0.16 0.377422
6 0.542021 0.16 0.382021
22 0.8 0.016 0.784
22 0.784 0.16 0.624
37 0.8 0.016 0.784
71 0.8 0.016 0.784
37 0.784 0.16 0.624
71 0.784 0.16 0.624
15 0.8 0.16 0.64
15 0.712338 0.016 0.696338
15 0.696338 0.16 0.536338
58 0.8 0.016 0.784
58 0.784 0.16 0.624
1 0.8 0.016 0.784
21 0.8 0.016 0.784
50 0.8 0.016 0.784
1 0.784 0.16 0.624
21 0.784 0.16 0.624
50 0.784 0.16 0.624
34 0.8 0.016 0.784
38 0.8 0.016 0.784
38 0.784 0.16 0.624
34 0.784 0.16 0.624
18 0.8 0.016 0.784
18 0.784 0.16 0.624
39 0.8 0.16 0.64
48 0.8 0.16 0.64
54 0.8 0.16 0.64
72 0.8 0.16 0.64
39 0.711418 0.016 0.695418
48 0.716369 0.016 0.700369
54 0.718858 0.016 0.702858
72 0.716971 0.016 0.700971
72 0.700971 0.16 0.540971
39 0.695418 0.16 0.535418
48 0.700369 0.16 0.540369
54 0.702858 0.16 0.542858
79 0.8 0.16 0.64
79 0.64 0.16 0.48
79 0.48 0.16 0.32
79 0.32 0.16 0.16
79 0.231702 0.016 0.215702
79 0.215702 0.16 0.0557018
53 0.8 0.016 0.784
53 0.784 0.16 0.624
7 0.8 0.16 0.64
80 0.8 0.16 0.64
7 0.719329 0.016 0.703329
80 0.714512 0.016 0.698512
7 0.703329 0.16 0.543329
80 0.698512 0.16 0.538512
60 0.8 0.16 0.64
64 0.8 0.16 0.64
60 0.710292 0.016 0.694292
64 0.71167 0.016 0.69567
60 0.694292 0.16 0.534292
64 0.69567 0.16 0.53567
11 0.8 0.16 0.64
30 0.8 0.16 0.64
11 0.64 0.16 0.48
30 0.64 0.16 0.48
11 0.550673 0.016 0.534673
30 0.557086 0.016 0.541086
30 0.541086 0.16 0.381086
11 0.534673 0.16 0.374673
67 0.8 0.016 0.784
67 0.784 0.16 0.624
3 0.8 0.16 0.64
75 0.8 0.16 0.64
3 0.71597 0.016 0.69997
75 0.717802 0.016 0.701802
3 0.69997 0.16 0.53997
75 0.701802 0.16 0.541802
45 0.8 0.016 0.784
45 0.784 0.16 0.624
70 0.8 0.16 0.64
69 0.8 0.016 0.784
70 0.717635 0.016 0.701635
69 0.784 0.16 0.624
70 0.701635 0.16 0.541635
4 0.8 0.016 0.784
61 0.8 0.016 0.784
4 0.784 0.16 0.624
61 0.784 0.16 0.624
59 0.8 0.016 0.784
59 0.784 0.16 0.624
12 0.8 0.16 0.64
35 0.8 0.16 0.64
35 0.717016 0.016 0.701016
35 0.701016 0.16 0.541016
12 0.717312 0.16 0.557312
12 0.628104 0.016 0.612104
62 0.8 0.016 0.784
62 0.784 0.16 0.624
12 0.612104 0.16 0.452104
19 0.8 0.16 0.64
66 0.8 0.16 0.64
19 0.716011 0.016 0.700011
66 0.718851 0.016 0.702851
19 0.700011 0.16 0.540011
66 0.702851 0.16 0.542851
17 0.8 0.16 0.64
17 0.64 0.16 0.48
17 0.555187 0.016 0.539187
17 0.539187 0.16 0.379187
14 0.8 0.016 0.784
14 0.784 0.16 0.624
