20 892 0 100 32664882 1.17284 1.17284
18 901 0 100 32681034 1.77284 1.77284
4 904 0 100 32667040 2.27284 2.27284
5 932 0 100 32676418 2.87284 2.87284
17 920 0 100 32665646 2.87284 2.87284
24 902 0 100 32671560 2.87284 2.87284
26 897 0 100 32655508 3.57284 3.57284
8 916 0 100 32664508 3.57284 3.57284
10 918 0 100 32663230 3.67284 3.67284
28 911 0 100 32643680 3.77284 3.77284
6 928 0 100 32636640 3.87284 3.87284
23 915 0 100 32655706 3.97284 3.97284
15 935 0 100 32644490 3.97284 3.97284
30 898 0 100 32678972 4.27284 4.27284
21 923 0 100 32652948 4.37284 4.37284
13 921 0 100 32668788 4.37284 4.37284
29 912 0 100 32651404 4.37284 4.37284
2 900 0 100 32669304 4.87284 4.87284
11 914 0 100 32645708 5.07284 5.07284
16 924 0 100 32659464 5.67284 5.67284
1 894 0 100 32648766 5.97284 5.97284
22 907 0 100 32638724 5.97284 5.97284
9 890 0 100 32674444 6.07284 6.07284
7 919 0 100 32643168 6.07284 6.07284
19 937 0 100 32636886 6.17284 6.17284
12 908 0 100 32665984 6.27284 6.27284
14 927 0 100 32677904 6.37284 6.37284
27 896 0 100 32664126 6.47284 6.47284
3 926 0 100 32660154 6.77284 6.77284
25 933 0 100 32681944 7.37284 7.37284
