44 1893 0 100 32675144 1.13767 1.13767
46 1920 0 100 32664490 1.73767 1.73767
51 1913 0 100 32674932 1.73767 1.73767
9 1890 0 100 32654300 1.93767 1.93767
68 1931 0 100 32679590 2.13767 2.13767
42 1946 0 100 32675708 2.23767 2.23767
26 1935 0 100 32652358 2.23767 2.23767
57 1936 0 100 32682558 2.33767 2.33767
78 1955 0 100 32652196 2.33767 2.33767
31 1947 0 100 32641778 2.33767 2.33767
13 1906 0 100 32651410 2.43767 2.43767
2 1933 0 100 32673246 2.63767 2.63767
10 1950 0 100 32651058 2.63767 2.63767
27 1962 0 100 32676874 2.73767 2.73767
29 1941 0 100 32672526 2.83767 2.83767
36 1898 0 100 32663844 2.93767 2.93767
40 1910 0 100 32634478 2.93767 2.93767
23 1939 0 100 32633174 3.03767 3.03767
5 1909 0 100 32646688 3.03767 3.03767
76 1917 0 100 32645596 3.03767 3.03767
49 1912 0 100 32669290 3.03767 3.03767
52 1911 0 100 32665232 3.13767 3.13767
63 1923 0 100 32645510 3.23767 3.23767
43 1922 0 100 32651050 3.23767 3.23767
33 1926 0 100 32647824 3.33767 3.33767
74 1916 0 100 32657092 3.33767 3.33767
20 1915 0 100 32672810 3.33767 3.33767
28 1897 0 100 32662198 3.43767 3.43767
55 1951 0 100 32673306 3.53767 3.53767
56 1974 0 100 32647096 3.53767 3.53767
73 1919 0 100 32643546 3.63767 3.63767
8 1908 0 100 32652218 3.63767 3.63767
41 1902 0 100 32677704 3.93767 3.93767
25 1948 0 100 32654244 3.93767 3.93767
24 1925 0 100 32661692 4.13767 4.13767
16 1904 0 100 32676164 4.13767 4.13767
77 1914 0 100 32637854 4.23767 4.23767
47 1983 0 100 32657896 4.23767 4.23767
6 1895 0 100 32656290 4.23767 4.23767
22 1899 0 100 32665436 4.43767 4.43767
71 1944 0 100 32629892 4.63767 4.63767
15 1924 0 100 32650208 4.73767 4.73767
58 1945 0 100 32678630 4.83767 4.83767
1 1970 0 100 32661562 5.03767 5.03767
21 1921 0 100 32668468 5.03767 5.03767
50 1965 0 100 32671852 5.03767 5.03767
38 1953 0 100 32670132 5.33767 5.33767
34 1928 0 100 32661644 5.33767 5.33767
18 1961 0 100 32672056 5.43767 5.43767
72 1985 0 100 32655634 5.53767 5.53767
39 1900 0 100 32649998 5.53767 5.53767
48 1978 0 100 32664318 5.53767 5.53767
54 1930 0 100 32651244 5.53767 5.53767
79 1964 0 100 32631784 5.63767 5.63767
53 1988 0 100 32653018 5.73767 5.73767
7 1987 0 100 32665514 5.83767 5.83767
80 1905 0 100 32637918 5.83767 5.83767
60 1903 0 100 32665434 5.93767 5.93767
64 1960 0 100 32671422 5.93767 5.93767
30 1972 0 100 32637714 6.03767 6.03767
11 1967 0 100 32645722 6.03767 6.03767
67 1954 0 100 32668562 6.13767 6.13767
3 1968 0 100 32662014 6.23767 6.23767
75 1934 0 100 32663526 6.23767 6.23767
45 1940 0 100 32664550 6.33767 6.33767
69 1975 0 100 32679236 6.43767 6.43767
70 1929 0 100 32671384 6.43767 6.43767
4 1938 0 100 32667460 6.63767 6.63767
61 1989 0 100 32658488 6.63767 6.63767
59 1979 0 100 32664142 6.93767 6.93767
35 1957 0 100 32645430 7.03767 7.03767
62 1959 0 100 32667190 7.13767 7.13767
12 1984 0 100 32664974 7.13767 7.13767
19 1981 0 100 32671322 7.23767 7.23767
66 1977 0 100 32667310 7.23767 7.23767
17 1956 0 100 32651088 7.33767 7.33767
14 1976 0 100 32650200 7.83767 7.83767
