42 1260 0 100 32682026 1.1408 1.1408
37 1279 0 100 32633794 1.5408 1.5408
3 1266 0 100 32649876 1.8408 1.8408
32 1285 0 100 32649620 2.0408 2.0408
6 1296 0 100 32652978 2.0408 2.0408
15 1282 0 100 32652256 2.1408 2.1408
20 1265 0 100 32674120 2.1408 2.1408
25 1303 0 100 32682630 2.2408 2.2408
35 1293 0 100 32654022 2.2408 2.2408
34 1289 0 100 32651662 2.4408 2.4408
23 1269 0 100 32664590 2.7408 2.7408
12 1323 0 100 32663058 2.8408 2.8408
9 1278 0 100 32669354 2.9408 2.9408
2 1312 0 100 32663030 3.2408 3.2408
7 1305 0 100 32649394 3.3408 3.3408
26 1261 0 100 32646700 3.6408 3.6408
33 1271 0 100 32663814 3.7408 3.7408
49 1302 0 100 32649590 3.8408 3.8408
46 1322 0 100 32660430 3.9408 3.9408
29 1298 0 100 32641784 3.9408 3.9408
10 1274 0 100 32660084 3.9408 3.9408
27 1314 0 100 32653344 4.0408 4.0408
28 1287 0 100 32658460 4.0408 4.0408
22 1310 0 100 32662700 4.1408 4.1408
40 1263 0 100 32667786 4.2408 4.2408
43 1268 0 100 32664580 4.3408 4.3408
45 1329 0 100 32679282 4.3408 4.3408
41 1295 0 100 32682890 4.4408 4.4408
47 1318 0 100 32669286 4.6408 4.6408
19 1272 0 100 32633552 4.6408 4.6408
21 1288 0 100 32642232 4.7408 4.7408
48 1319 0 100 32662938 4.7408 4.7408
39 1280 0 100 32682074 4.7408 4.7408
36 1306 0 100 32662524 5.0408 5.0408
31 1326 0 100 32680338 5.3408 5.3408
14 1301 0 100 32675656 5.5408 5.5408
4 1292 0 100 32641606 5.6408 5.6408
24 1325 0 100 32669182 5.6408 5.6408
44 1307 0 100 32664652 5.7408 5.7408
38 1264 0 100 32657242 5.8408 5.8408
1 1277 0 100 32671236 5.8408 5.8408
13 1321 0 100 32654714 6.1408 6.1408
8 1275 0 100 32663706 6.1408 6.1408
16 1315 0 100 32672476 6.3408 6.3408
11 1311 0 100 32630656 6.3408 6.3408
50 1284 0 100 32665646 6.7408 6.7408
30 1328 0 100 32651106 6.8408 6.8408
17 1308 0 100 32656544 7.0408 7.0408
