31 1070 1.03395
15 1073 1.20561
33 1074 1.23849
3 1076 1.30195
39 1077 1.30875
35 1078 1.33613
26 1080 1.35007
28 1081 1.36735
2 1082 1.42126
19 1084 1.45703
14 1085 1.53941
4 1087 1.58606
23 1088 1.62427
1 1090 1.68587
12 1091 1.71505
6 1092 1.71911
36 1094 1.79719
9 1095 1.82077
10 1096 1.82294
8 1098 1.89886
40 1099 1.91261
16 1101 2.03259
5 1103 2.12456
30 1104 2.1402
13 1106 2.19755
11 1107 2.2013
25 1109 2.32201
20 1112 2.44429
24 1113 2.47421
18 1115 2.55346
32 1116 2.6016
17 1117 2.60306
29 1119 2.65455
7 1120 2.67773
22 1121 2.69531
27 1122 2.69838
37 1124 2.76748
38 1125 2.79909
21 1127 2.8872
34 1128 2.90154
