30 60 1.036
37 61 1.04212
10 62 1.0566
1 63 1.08052
4 64 1.08368
35 65 1.11935
40 66 1.12282
21 67 1.17326
33 68 1.19632
39 69 1.38828
5 70 1.44883
2 71 1.45126
7 72 1.51692
16 73 1.54897
27 74 1.5715
38 75 1.59934
26 76 1.61419
18 77 1.68992
34 78 1.69041
32 79 1.82148
15 80 1.97947
28 81 2.04243
14 82 2.04916
12 83 2.11183
17 84 2.11297
24 85 2.18431
13 86 2.2306
6 87 2.27623
25 88 2.34231
29 89 2.36959
31 90 2.37159
20 91 2.38939
3 92 2.58343
9 93 2.63785
11 94 2.65009
19 95 2.67425
23 96 2.74936
22 97 2.75817
36 98 2.85418
8 99 2.97251
