12 280
11 281
7 282
26 283
79 284
56 285
52 286
29 287
48 288
50 289
44 290
67 291
8 292
39 293
5 294
47 295
73 296
16 297
38 298
25 299
3 300
2 301
70 302
43 303
28 304
61 305
32 306
27 307
72 308
78 309
14 310
69 311
23 312
40 313
37 314
15 315
4 316
36 317
54 318
10 319
59 320
49 321
21 322
51 323
76 324
77 325
33 326
1 327
9 328
6 329
80 330
66 331
20 332
53 333
63 334
46 335
74 336
55 337
19 338
30 339
13 340
24 341
22 342
45 343
31 344
64 345
18 346
68 347
65 348
35 349
42 350
75 351
34 352
71 353
57 354
17 355
60 356
41 357
62 358
58 359
