17 360
62 361
9 362
6 363
12 364
55 365
58 366
38 367
25 368
64 369
50 370
39 371
66 372
74 373
70 374
7 375
44 376
10 377
77 378
60 379
42 380
72 381
34 382
41 383
57 384
69 385
53 386
13 387
21 388
2 389
36 390
1 391
49 392
79 393
43 394
89 395
15 396
85 397
88 398
48 399
27 400
40 401
68 402
24 403
47 404
16 405
26 406
82 407
90 408
84 409
45 410
46 411
20 412
87 413
86 414
18 415
65 416
59 417
76 418
51 419
81 420
31 421
37 422
75 423
4 424
28 425
22 426
73 427
3 428
83 429
52 430
23 431
14 432
35 433
56 434
11 435
67 436
19 437
63 438
29 439
54 440
33 441
5 442
80 443
8 444
30 445
61 446
78 447
71 448
32 449
