36 100 1.00497
21 101 1.02707
3 102 1.14936
26 103 1.25883
6 104 1.26004
34 105 1.27464
11 106 1.31083
10 107 1.43434
48 108 1.44916
31 109 1.47828
15 110 1.48323
29 111 1.48617
27 112 1.51521
8 113 1.52199
1 114 1.55736
40 115 1.66438
35 116 1.68899
44 117 1.72022
18 118 1.73004
9 119 1.75583
23 120 1.78432
13 121 1.79718
12 122 1.81795
47 123 1.82157
28 124 1.82956
4 125 1.85015
32 126 1.87754
50 127 1.9895
39 128 1.99681
38 129 2.07367
5 130 2.1525
33 131 2.17782
41 132 2.25826
17 133 2.31912
7 134 2.32889
2 135 2.45196
19 136 2.45775
43 137 2.50125
49 138 2.5217
14 139 2.5441
46 140 2.57229
42 141 2.57774
45 142 2.60949
22 143 2.68068
20 144 2.71454
25 145 2.72837
37 146 2.81723
30 147 2.82806
24 148 2.8466
16 149 2.96046
