17 360 1.01326
62 361 1.01574
9 362 1.02093
6 363 1.04948
12 364 1.05976
55 365 1.06349
58 366 1.06598
38 367 1.07923
25 368 1.08558
64 369 1.12777
50 370 1.13574
39 371 1.16468
66 372 1.21374
74 373 1.22696
70 374 1.22918
7 375 1.23037
44 376 1.2408
10 377 1.2533
77 378 1.38564
60 379 1.38591
42 380 1.3919
72 381 1.40643
34 382 1.41124
41 383 1.41914
57 384 1.43499
69 385 1.50508
53 386 1.51548
13 387 1.52394
21 388 1.54575
2 389 1.55297
36 390 1.61622
1 391 1.64056
49 392 1.65933
79 393 1.66403
43 394 1.67101
89 395 1.68538
15 396 1.68923
85 397 1.70955
88 398 1.72166
48 399 1.74163
27 400 1.83064
40 401 1.84594
68 402 1.88512
24 403 1.90808
47 404 1.91394
16 405 1.96492
26 406 2.0641
82 407 2.1181
90 408 2.15759
84 409 2.17081
45 410 2.19072
46 411 2.19501
20 412 2.19615
87 413 2.19906
86 414 2.19907
18 415 2.24212
65 416 2.24969
59 417 2.26745
76 418 2.32646
51 419 2.37264
81 420 2.38737
31 421 2.3959
37 422 2.41673
75 423 2.43201
4 424 2.43935
28 425 2.45899
22 426 2.49159
73 427 2.50124
3 428 2.50943
83 429 2.53964
52 430 2.55734
23 431 2.56518
14 432 2.56879
35 433 2.5897
56 434 2.59655
11 435 2.59697
67 436 2.60414
19 437 2.67756
63 438 2.69981
29 439 2.72375
54 440 2.74415
33 441 2.75494
5 442 2.76848
80 443 2.76917
8 444 2.81622
30 445 2.82165
61 446 2.83981
78 447 2.8573
71 448 2.96506
32 449 2.97964
