8 450 1.02185
10 451 1.02511
55 452 1.04891
44 453 1.05056
65 454 1.05706
11 455 1.0809
64 456 1.10065
91 457 1.10208
76 458 1.1167
69 459 1.11791
96 460 1.14458
54 461 1.15956
99 462 1.16645
67 463 1.16682
45 464 1.22044
36 465 1.22219
92 466 1.25578
73 467 1.25759
28 468 1.25882
7 469 1.26055
6 470 1.2662
42 471 1.29945
18 472 1.30373
77 473 1.31396
32 474 1.32862
14 475 1.36164
84 476 1.37232
9 477 1.37877
25 478 1.41208
30 479 1.46917
89 480 1.50035
26 481 1.5163
80 482 1.55059
20 483 1.55656
19 484 1.56147
63 485 1.60591
74 486 1.61259
86 487 1.65965
49 488 1.66683
4 489 1.67423
29 490 1.67843
85 491 1.72353
62 492 1.75572
88 493 1.83559
50 494 1.83892
33 495 1.83912
40 496 1.84384
100 497 1.8522
98 498 1.86582
17 499 1.93351
48 500 1.9506
61 501 1.98815
12 502 1.98843
97 503 1.99559
83 504 2.02095
43 505 2.02338
56 506 2.06695
3 507 2.07448
93 508 2.11611
57 509 2.11717
90 510 2.13726
15 511 2.1393
46 512 2.22109
1 513 2.26422
39 514 2.2774
52 515 2.3035
35 516 2.30643
2 517 2.3135
87 518 2.32003
34 519 2.32279
71 520 2.33633
21 521 2.35789
23 522 2.36526
37 523 2.37098
31 524 2.40964
41 525 2.42879
22 526 2.43315
38 527 2.43835
82 528 2.46985
16 529 2.51144
51 530 2.54342
24 531 2.553
72 532 2.65596
68 533 2.66371
78 534 2.66838
53 535 2.67764
81 536 2.68231
70 537 2.69067
60 538 2.70042
59 539 2.71029
95 540 2.72849
27 541 2.73585
5 542 2.76446
79 543 2.79495
75 544 2.82411
66 545 2.82459
47 546 2.89004
13 547 2.92691
58 548 2.95556
94 549 2.9922
