54 0.8 0.016 0.784
54 0.784 0.16 0.624
70 0.8 0.016 0.784
70 0.784 0.16 0.624
40 0.8 0.16 0.64
40 0.715422 0.016 0.699422
40 0.699422 0.16 0.539422
50 0.8 0.16 0.64
11 0.8 0.016 0.784
50 0.718391 0.016 0.702391
11 0.784 0.16 0.624
50 0.702391 0.16 0.542391
59 0.8 0.16 0.64
50 0.542391 0.16 0.382391
59 0.64 0.16 0.48
8 0.8 0.016 0.784
38 0.8 0.016 0.784
59 0.552873 0.016 0.536873
59 0.536873 0.16 0.376873
8 0.784 0.16 0.624
30 0.8 0.16 0.64
38 0.784 0.16 0.624
38 0.624 0.16 0.464
38 0.464 0.16 0.304
30 0.716748 0.016 0.700748
30 0.700748 0.16 0.540748
71 0.8 0.16 0.64
58 0.8 0.016 0.784
71 0.713365 0.016 0.697365
71 0.697365 0.16 0.537365
58 0.784 0.16 0.624
22 0.8 0.016 0.784
47 0.8 0.016 0.784
22 0.784 0.16 0.624
47 0.784 0.16 0.624
31 0.8 0.16 0.64
56 0.8 0.16 0.64
75 0.8 0.16 0.64
31 0.715434 0.016 0.699434
56 0.718607 0.016 0.702607
75 0.717821 0.016 0.701821
56 0.702607 0.16 0.542607
31 0.699434 0.16 0.539434
43 0.8 0.16 0.64
62 0.8 0.16 0.64
75 0.701821 0.16 0.541821
75 0.541821 0.16 0.381821
31 0.539434 0.16 0.379434
43 0.64 0.16 0.48
62 0.64 0.16 0.48
31 0.379434 0.16 0.219434
43 0.48 0.16 0.32
62 0.48 0.16 0.32
43 0.390078 0.016 0.374078
62 0.39554 0.016 0.37954
43 0.374078 0.16 0.214078
62 0.37954 0.16 0.21954
62 0.21954 0.16 0.0595397
14 0.8 0.016 0.784
32 0.8 0.016 0.784
14 0.784 0.16 0.624
32 0.784 0.16 0.624
2 0.8 0.016 0.784
7 0.8 0.016 0.784
26 0.8 0.016 0.784
2 0.784 0.16 0.624
7 0.784 0.16 0.624
26 0.784 0.16 0.624
29 0.8 0.16 0.64
7 0.624 0.16 0.464
26 0.624 0.16 0.464
29 0.64 0.16 0.48
46 0.8 0.16 0.64
29 0.48 0.16 0.32
46 0.64 0.16 0.48
29 0.39187 0.016 0.37587
46 0.554456 0.016 0.538456
46 0.538456 0.16 0.378456
29 0.37587 0.16 0.21587
64 0.8 0.16 0.64
29 0.21587 0.16 0.0558695
64 0.64 0.16 0.48
45 0.8 0.016 0.784
64 0.556024 0.016 0.540024
64 0.540024 0.16 0.380024
45 0.784 0.16 0.624
45 0.624 0.16 0.464
57 0.8 0.16 0.64
74 0.8 0.16 0.64
55 0.8 0.016 0.784
57 0.713625 0.016 0.697625
74 0.714485 0.016 0.698485
57 0.697625 0.16 0.537625
5 0.8 0.16 0.64
12 0.8 0.16 0.64
55 0.784 0.16 0.624
74 0.698485 0.16 0.538485
76 0.8 0.16 0.64
74 0.538485 0.16 0.378485
55 0.624 0.16 0.464
12 0.64 0.16 0.48
76 0.64 0.16 0.48
5 0.64 0.16 0.48
12 0.48 0.16 0.32
76 0.48 0.16 0.32
5 0.553449 0.016 0.537449
12 0.399957 0.016 0.383957
76 0.398346 0.016 0.382346
5 0.537449 0.16 0.377449
76 0.382346 0.16 0.222346
12 0.383957 0.16 0.223957
78 0.8 0.16 0.64
78 0.64 0.16 0.48
78 0.554348 0.016 0.538348
78 0.538348 0.16 0.378348
51 0.8 0.016 0.784
51 0.784 0.16 0.624
44 0.8 0.16 0.64
41 0.8 0.016 0.784
44 0.712839 0.016 0.696839
44 0.696839 0.16 0.536839
41 0.784 0.16 0.624
48 0.8 0.16 0.64
66 0.8 0.16 0.64
41 0.624 0.16 0.464
48 0.64 0.16 0.48
66 0.64 0.16 0.48
48 0.557769 0.016 0.541769
66 0.553683 0.016 0.537683
48 0.541769 0.16 0.381769
66 0.537683 0.16 0.377683
66 0.377683 0.16 0.217683
63 0.8 0.16 0.64
63 0.718537 0.016 0.702537
63 0.702537 0.16 0.542537
35 0.8 0.16 0.64
52 0.8 0.16 0.64
77 0.8 0.16 0.64
35 0.710011 0.016 0.694011
52 0.718139 0.016 0.702139
77 0.713358 0.016 0.697358
35 0.694011 0.16 0.534011
20 0.8 0.16 0.64
23 0.8 0.16 0.64
52 0.702139 0.16 0.542139
77 0.697358 0.16 0.537358
52 0.542139 0.16 0.382139
77 0.537358 0.16 0.377358
77 0.377358 0.16 0.217358
20 0.64 0.16 0.48
23 0.64 0.16 0.48
42 0.8 0.16 0.64
20 0.557484 0.016 0.541484
23 0.554612 0.016 0.538612
42 0.710102 0.016 0.694102
20 0.541484 0.16 0.381484
23 0.538612 0.16 0.378612
42 0.694102 0.16 0.534102
42 0.534102 0.16 0.374102
42 0.374102 0.16 0.214102
60 0.8 0.16 0.64
60 0.717209 0.016 0.701209
60 0.701209 0.16 0.541209
17 0.8 0.16 0.64
17 0.719053 0.016 0.703053
17 0.703053 0.16 0.543053
39 0.8 0.16 0.64
39 0.714894 0.016 0.698894
39 0.698894 0.16 0.538894
27 0.8 0.16 0.64
27 0.713735 0.016 0.697735
73 0.8 0.016 0.784
27 0.697735 0.16 0.537735
73 0.784 0.16 0.624
73 0.624 0.16 0.464
24 0.8 0.16 0.64
69 0.8 0.16 0.64
69 0.710221 0.016 0.694221
69 0.694221 0.16 0.534221
24 0.718562 0.16 0.558562
24 0.630344 0.016 0.614344
24 0.614344 0.16 0.454344
25 0.8 0.016 0.784
33 0.8 0.016 0.784
53 0.8 0.016 0.784
53 0.784 0.16 0.624
25 0.784 0.16 0.624
33 0.784 0.16 0.624
33 0.624 0.16 0.464
25 0.624 0.16 0.464
25 0.464 0.16 0.304
67 0.8 0.016 0.784
67 0.784 0.16 0.624
68 0.8 0.16 0.64
72 0.8 0.16 0.64
3 0.8 0.016 0.784
68 0.717971 0.016 0.701971
72 0.718003 0.016 0.702003
72 0.702003 0.16 0.542003
3 0.784 0.16 0.624
68 0.701971 0.16 0.541971
68 0.541971 0.16 0.381971
3 0.624 0.16 0.464
21 0.8 0.16 0.64
36 0.8 0.16 0.64
61 0.8 0.16 0.64
80 0.8 0.16 0.64
21 0.718921 0.016 0.702921
61 0.716015 0.016 0.700015
80 0.715763 0.016 0.699763
80 0.699763 0.16 0.539763
21 0.702921 0.16 0.542921
36 0.715929 0.16 0.555929
61 0.700015 0.16 0.540015
61 0.540015 0.16 0.380015
21 0.542921 0.16 0.382921
36 0.555929 0.16 0.395929
36 0.395929 0.16 0.235929
36 0.311171 0.016 0.295171
36 0.295171 0.16 0.135171
10 0.8 0.16 0.64
1 0.8 0.016 0.784
10 0.714574 0.016 0.698574
10 0.698574 0.16 0.538574
1 0.784 0.16 0.624
37 0.8 0.16 0.64
1 0.624 0.16 0.464
18 0.8 0.16 0.64
37 0.64 0.16 0.48
49 0.8 0.16 0.64
79 0.8 0.16 0.64
18 0.719969 0.016 0.703969
37 0.556805 0.016 0.540805
49 0.718261 0.016 0.702261
79 0.713295 0.016 0.697295
37 0.540805 0.16 0.380805
18 0.703969 0.16 0.543969
49 0.702261 0.16 0.542261
79 0.697295 0.16 0.537295
49 0.542261 0.16 0.382261
79 0.537295 0.16 0.377295
18 0.543969 0.16 0.383969
18 0.383969 0.16 0.223969
18 0.223969 0.16 0.0639691
65 0.8 0.16 0.64
65 0.792174 0.016 0.776174
65 0.776174 0.16 0.616174
4 0.8 0.016 0.784
4 0.784 0.16 0.624
15 0.8 0.016 0.784
15 0.784 0.16 0.624
6 0.8 0.16 0.64
6 0.71039 0.016 0.69439
9 0.8 0.016 0.784
13 0.8 0.016 0.784
6 0.69439 0.16 0.53439
9 0.784 0.16 0.624
13 0.784 0.16 0.624
9 0.624 0.16 0.464
13 0.624 0.16 0.464
34 0.8 0.016 0.784
34 0.784 0.16 0.624
19 0.8 0.16 0.64
19 0.712257 0.016 0.696257
19 0.696257 0.16 0.536257
16 0.8 0.016 0.784
16 0.784 0.16 0.624
28 0.8 0.16 0.64
28 0.712673 0.016 0.696673
28 0.696673 0.16 0.536673
