17 4410 1.01096
36 4411 1.01862
71 4412 1.01916
83 4413 1.02786
79 4414 1.04703
6 4415 1.05571
84 4416 1.05578
19 4417 1.06848
41 4418 1.07744
70 4420 1.09539
81 4421 1.09789
28 4422 1.10077
60 4423 1.10543
86 4424 1.10944
31 4425 1.11676
52 4426 1.15423
64 4428 1.19646
61 4429 1.21254
85 4430 1.2428
66 4431 1.24293
93 4432 1.24791
67 4433 1.26918
87 4435 1.28332
92 4436 1.33574
90 4437 1.35318
39 4439 1.39152
75 4440 1.40436
94 4441 1.43218
25 4442 1.47537
51 4444 1.51107
30 4445 1.53055
40 4447 1.63207
73 4448 1.66818
56 4450 1.68269
55 4451 1.68464
68 4452 1.68852
34 4453 1.73213
26 4454 1.73842
69 4455 1.75855
32 4456 1.77474
91 4457 1.77643
46 4459 1.78755
22 4460 1.79446
4 4461 1.79485
38 4462 1.84389
15 4464 1.88015
49 4465 1.88028
24 4466 1.89251
47 4467 1.9184
21 4468 1.92157
77 4469 1.96891
2 4471 1.98344
13 4472 2.00099
74 4473 2.04383
95 4474 2.05871
89 4476 2.09947
5 4477 2.14799
7 4478 2.16794
53 4480 2.19324
48 4481 2.22525
12 4482 2.23517
29 4483 2.24229
33 4484 2.26419
10 4486 2.29533
35 4487 2.2987
54 4488 2.31576
23 4489 2.33621
82 4490 2.33832
3 4491 2.3609
99 4493 2.39417
14 4494 2.44358
57 4495 2.45582
37 4496 2.45658
8 4497 2.462
80 4499 2.47937
44 4500 2.49413
62 4501 2.50288
96 4502 2.54841
20 4503 2.55196
9 4504 2.57589
65 4506 2.59043
63 4507 2.60176
1 4508 2.62423
88 4510 2.70022
100 4511 2.71894
43 4512 2.7301
50 4513 2.74657
78 4514 2.74681
72 4515 2.75719
11 4516 2.75962
76 4517 2.77707
58 4519 2.8021
18 4520 2.82681
98 4521 2.87739
16 4523 2.89893
59 4524 2.93497
97 4525 2.93755
45 4526 2.94282
42 4527 2.94307
27 4528 2.94768
