0 4400
0 4401
0 4402
0 4403
0 4404
0 4405
0 4406
0 4407
0 4408
0 4409
0 4419
0 4427
31 4425
60 4423
0 4434
67 4433
0 4438
6 4415
0 4443
0 4446
86 4424
0 4449
0 4458
66 4431
69 4455
0 4463
19 4417
64 4428
0 4470
55 4451
61 4429
36 4411
0 4475
4 4461
51 4444
0 4479
40 4447
0 4485
0 4492
13 4472
0 4498
47 4467
28 4422
14 4494
0 4505
0 4509
77 4469
0 4518
10 4486
49 4465
7 4478
34 4453
0 4522
46 4459
73 4448
0 4529
0 4530
71 4412
41 4418
0 4531
35 4487
0 4532
97 4525
94 4441
0 4533
17 4410
2 4471
0 4534
0 4535
87 4435
0 4536
90 4437
57 4495
0 4537
29 4483
9 4504
89 4476
0 4538
43 4512
0 4539
0 4540
50 4513
0 4541
70 4420
39 4439
53 4480
0 4542
48 4481
11 4516
79 4414
65 4506
0 4543
42 4527
52 4426
0 4544
25 4442
74 4473
0 4545
58 4519
0 4546
44 4500
78 4514
0 4547
56 4450
12 4482
0 4548
30 4445
98 4521
96 4502
88 4510
0 4549
99 4493
100 4511
38 4462
83 4413
0 4550
62 4501
0 4551
0 4552
63 4507
0 4553
24 4466
91 4457
85 4430
80 4499
0 4554
92 4436
82 4490
80 4499
84 4416
0 4555
27 4528
81 4421
20 4503
0 4556
0 4557
75 4440
0 4558
0 4559
32 4456
0 4560
1 4508
0 4561
93 4432
45 4526
76 4517
0 4562
59 4524
8 4497
0 4563
26 4454
0 4564
0 4565
0 4566
22 4460
68 4452
0 4567
0 4568
3 4491
0 4569
15 4464
23 4489
95 4474
5 4477
0 4570
21 4468
0 4571
33 4484
0 4572
18 4520
0 4573
54 4488
37 4496
0 4574
0 4575
0 4576
0 4577
16 4523
72 4515
0 4578
0 4579
0 4580
0 4581
0 4582
0 4583
0 4584
0 4585
0 4586
0 4587
0 4588
0 4589
0 4590
0 4591
0 4592
0 4593
0 4594
0 4595
0 4596
0 4597
0 4598
0 4599
0 4600
0 4601
0 4602
0 4603
0 4604
0 4605
0 4606
0 4607
0 4608
0 4609
0 4610
0 4611
0 4612
0 4613
0 4614
0 4615
0 4616
0 4617
0 4618
0 4619
0 4620
0 4621
0 4622
0 4623
0 4624
0 4625
0 4626
0 4627
0 4628
0 4629
0 4630
0 4631
0 4632
0 4633
0 4634
0 4635
0 4636
0 4637
0 4638
0 4639
0 4640
0 4641
0 4642
0 4643
0 4644
0 4645
0 4646
0 4647
0 4648
0 4649
