54 3956 0 100 88851236 1.71942 1.71942
70 3941 0 100 154252104 2.11942 2.11942
40 3965 0 100 121535978 2.21942 2.21942
11 3959 0 100 88870992 2.31942 2.31942
50 3989 0 100 121530050 2.31942 2.31942
59 3951 0 100 88855504 2.41942 2.41942
8 3998 0 100 88868428 2.41942 2.41942
38 4004 0 100 121535732 2.41942 2.41942
30 4000 0 100 56204052 2.51942 2.51942
71 3974 0 100 121530464 2.61942 2.61942
58 3977 0 100 121559774 2.61942 2.61942
22 4015 0 100 154263872 2.81942 2.81942
47 4023 0 100 154274080 2.81942 2.81942
56 4018 0 100 88853700 2.91942 2.91942
75 3979 0 100 121559654 2.91942 2.91942
31 4001 0 100 154264704 2.91942 2.91942
43 3949 0 100 88864268 3.01942 3.01942
62 4020 0 100 121574624 3.01942 3.01942
14 3948 0 100 121527566 3.21942 3.21942
32 3963 0 100 121545440 3.21942 3.21942
2 4037 0 100 88865612 3.41942 3.41942
7 4038 0 100 121542584 3.41942 3.41942
26 4026 0 100 121572860 3.41942 3.41942
46 3971 0 100 88870748 3.51942 3.51942
29 4022 0 100 121534478 3.51942 3.51942
64 4009 0 100 88845532 3.61942 3.61942
45 3988 0 100 121566074 3.61942 3.61942
57 4019 0 100 88874932 3.71942 3.71942
74 3942 0 100 154275680 3.71942 3.71942
55 4008 0 100 154285392 3.71942 3.71942
5 3953 0 100 121535762 3.81942 3.81942
76 3987 0 100 121559318 3.81942 3.81942
12 4039 0 100 121571744 3.81942 3.81942
78 4032 0 100 88867412 3.91942 3.91942
51 4035 0 100 121541258 4.01942 4.01942
44 3992 0 100 121548566 4.11942 4.11942
41 3984 0 100 154248688 4.11942 4.11942
48 4011 0 100 88853272 4.21942 4.21942
66 3995 0 100 121562270 4.21942 4.21942
63 3976 0 100 154264088 4.31942 4.31942
35 4002 0 100 88851156 4.41942 4.41942
52 3945 0 100 121567088 4.41942 4.41942
77 4014 0 100 154281224 4.41942 4.41942
20 3969 0 100 88860008 4.51942 4.51942
23 4005 0 100 88863544 4.51942 4.51942
42 3967 0 100 121566980 4.51942 4.51942
60 4029 0 100 154248960 4.61942 4.61942
17 4028 0 100 121569884 4.71942 4.71942
39 3983 0 100 121543700 4.81942 4.81942
27 4036 0 100 121552142 4.91942 4.91942
73 3970 0 100 154251968 4.91942 4.91942
69 4010 0 100 121560818 5.01942 5.01942
24 3944 0 100 121570598 5.11942 5.11942
53 3982 0 100 88872276 5.41942 5.41942
33 3985 0 100 121549976 5.41942 5.41942
25 3955 0 100 154292512 5.41942 5.41942
67 3975 0 100 121543418 5.61942 5.61942
72 3947 0 100 121536686 5.71942 5.71942
68 4033 0 100 154277720 5.71942 5.71942
3 3981 0 100 154293816 5.71942 5.71942
80 3996 0 100 121560950 5.81942 5.81942
61 3954 0 100 154280368 5.81942 5.81942
21 4030 0 100 154280776 5.81942 5.81942
36 3972 0 100 88868688 5.91942 5.91942
10 3961 0 100 121555022 6.01942 6.01942
1 3950 0 100 154276944 6.01942 6.01942
37 4007 0 100 88864428 6.11942 6.11942
49 3957 0 100 121548536 6.11942 6.11942
79 3993 0 100 121567676 6.11942 6.11942
18 4016 0 100 154288784 6.11942 6.11942
65 3966 0 100 88871768 6.31942 6.31942
4 4003 0 100 88858540 6.41942 6.41942
15 3990 0 100 154243400 6.61942 6.61942
6 3980 0 100 88866588 6.71942 6.71942
9 3964 0 100 154255024 6.71942 6.71942
13 4024 0 100 154268632 6.71942 6.71942
34 4013 0 100 121570784 6.91942 6.91942
19 3999 0 100 121547762 7.01942 7.01942
16 4034 0 100 88850508 7.21942 7.21942
28 4027 0 100 121543154 7.31942 7.31942
