13 3514 0 100 154264704 1.25372 1.25372
51 3510 0 100 121535036 2.05372 2.05372
50 3560 0 100 121570736 2.45372 2.45372
16 3528 0 100 88874668 2.65372 2.65372
43 3557 0 100 121564526 2.65372 2.65372
11 3565 0 100 121573070 2.65372 2.65372
59 3553 0 100 154261672 2.85372 2.85372
4 3517 0 100 56206278 2.95372 2.95372
40 3516 0 100 88866988 2.95372 2.95372
34 3541 0 100 121574342 2.95372 2.95372
5 3527 0 100 121539728 3.05372 3.05372
7 3579 0 100 121552628 3.05372 3.05372
15 3523 0 100 121527572 3.15372 3.15372
58 3512 0 100 56201474 3.25372 3.25372
26 3513 0 100 154297968 3.25372 3.25372
19 3571 0 100 154293392 3.65372 3.65372
46 3567 0 100 88859588 3.75372 3.75372
27 3558 0 100 121544516 3.85372 3.85372
14 3525 0 100 121559240 3.85372 3.85372
37 3520 0 100 154302080 3.85372 3.85372
53 3555 0 100 121549964 4.05372 4.05372
12 3547 0 100 56199812 4.15372 4.15372
17 3551 0 100 56200742 4.15372 4.15372
33 3587 0 100 154297088 4.15372 4.15372
42 3530 0 100 121544750 4.35372 4.35372
18 3524 0 100 121556048 4.35372 4.35372
2 3563 0 100 88866152 4.55372 4.55372
8 3521 0 100 88872100 4.65372 4.65372
29 3582 0 100 154286472 4.65372 4.65372
49 3538 0 100 56197184 4.85372 4.85372
25 3518 0 100 154300344 4.85372 4.85372
41 3561 0 100 56202358 5.05372 5.05372
24 3569 0 100 88871648 5.05372 5.05372
6 3536 0 100 154287264 5.35372 5.35372
56 3539 0 100 88844008 5.45372 5.45372
10 3544 0 100 154254264 5.45372 5.45372
23 3580 0 100 88873936 5.55372 5.55372
47 3581 0 100 121542368 5.55372 5.55372
36 3573 0 100 121550966 5.55372 5.55372
22 3576 0 100 88856060 5.75372 5.75372
32 3549 0 100 88875804 5.85372 5.85372
52 3552 0 100 121551416 5.95372 5.95372
28 3583 0 100 88864060 6.15372 6.15372
21 3522 0 100 154263600 6.15372 6.15372
3 3542 0 100 121534754 6.25372 6.25372
60 3529 0 100 121536536 6.25372 6.25372
54 3568 0 100 121539962 6.55372 6.55372
35 3543 0 100 121543502 6.55372 6.55372
20 3534 0 100 154266520 6.65372 6.65372
44 3546 0 100 121552202 6.85372 6.85372
38 3537 0 100 154302296 6.85372 6.85372
30 3589 0 100 154259200 6.95372 6.95372
39 3586 0 100 88849764 7.15372 7.15372
48 3570 0 100 121544960 7.15372 7.15372
45 3556 0 100 154263312 7.15372 7.15372
55 3577 0 100 154250976 7.75372 7.75372
31 3572 0 100 56205120 7.85372 7.85372
57 3588 0 100 154274968 7.85372 7.85372
9 3575 0 100 154291352 7.85372 7.85372
