11 2785 0 100 154270776 2.68439 2.68439
20 2794 0 100 88861144 2.78439 2.78439
6 2779 0 100 154283344 2.78439 2.78439
9 2773 0 100 154266504 2.88439 2.88439
17 2797 0 100 88868992 3.38439 3.38439
16 2772 0 100 154254232 3.48439 3.48439
3 2778 0 100 154299512 3.88439 3.88439
5 2804 0 100 56205536 4.28439 4.28439
10 2798 0 100 121529720 4.48439 4.48439
4 2774 0 100 154262280 4.78439 4.78439
1 2781 0 100 154271640 4.78439 4.78439
14 2786 0 100 121532360 5.48439 5.48439
12 2776 0 100 121563812 5.48439 5.48439
18 2807 0 100 154257688 5.58439 5.58439
8 2801 0 100 56206730 5.68439 5.68439
19 2777 0 100 88859416 5.78439 5.78439
15 2782 0 100 88855928 6.08439 6.08439
7 2806 0 100 154276864 6.08439 6.08439
13 2791 0 100 121566068 6.78439 6.78439
2 2802 0 100 154300952 6.88439 6.88439
