0 2930
0 2931
0 2932
0 2933
0 2934
0 2935
0 2936
0 2937
0 2938
0 2939
0 2942
21 2941
0 2945
0 2948
0 2949
0 2950
1 2946
0 2952
0 2954
0 2957
0 2960
0 2962
0 2965
3 2963
0 2967
0 2970
0 2971
0 2975
0 2978
0 2979
0 2981
0 2984
0 2989
0 2990
5 2980
0 2991
27 2943
0 2992
0 2993
13 2951
0 2994
0 2995
0 2996
0 2997
23 2974
0 2998
30 2944
0 2999
7 2947
20 2987
0 3000
0 3001
19 2953
0 3002
24 2961
0 3003
0 3004
22 2955
0 3005
18 2982
14 2968
26 2972
0 3006
15 2940
0 3007
12 2956
0 3008
17 2964
0 3009
0 3010
0 3011
0 3012
0 3013
0 3014
0 3015
0 3016
0 3017
0 3018
0 3019
11 2988
10 2977
0 3020
28 2966
0 3021
8 2959
0 3022
0 3023
0 3024
2 2969
0 3025
4 2976
0 3026
0 3027
0 3028
29 2958
0 3029
25 2983
0 3030
0 3031
16 2985
0 3032
6 2973
0 3033
0 3034
0 3035
9 2986
0 3036
0 3037
0 3038
0 3039
0 3040
0 3041
0 3042
0 3043
0 3044
0 3045
0 3046
0 3047
0 3048
0 3049
0 3050
0 3051
0 3052
0 3053
0 3054
0 3055
0 3056
0 3057
0 3058
0 3059
0 3060
0 3061
0 3062
0 3063
0 3064
0 3065
0 3066
0 3067
0 3068
0 3069
0 3070
0 3071
0 3072
0 3073
0 3074
0 3075
0 3076
0 3077
0 3078
0 3079
0 3080
0 3081
0 3082
0 3083
0 3084
0 3085
0 3086
0 3087
0 3088
0 3089
0 3090
0 3091
0 3092
0 3093
0 3094
0 3095
0 3096
0 3097
0 3098
0 3099
0 3100
0 3101
0 3102
0 3103
0 3104
0 3105
0 3106
0 3107
0 3108
0 3109
