70 3941 1.0645
74 3942 1.09984
24 3944 1.20107
52 3945 1.21338
72 3947 1.2245
14 3948 1.26819
43 3949 1.27751
1 3950 1.30852
59 3951 1.31925
5 3953 1.32161
61 3954 1.32499
25 3955 1.36819
54 3956 1.39155
49 3957 1.4083
11 3959 1.42935
10 3961 1.53319
32 3963 1.63542
9 3964 1.65539
40 3965 1.67323
65 3966 1.69107
42 3967 1.70488
20 3969 1.74106
73 3970 1.76505
46 3971 1.78203
36 3972 1.79742
71 3974 1.83415
67 3975 1.85701
63 3976 1.90569
58 3977 1.91062
75 3979 1.94289
6 3980 1.94787
3 3981 1.98038
53 3982 1.98628
39 3983 2.00743
41 3984 2.01123
33 3985 2.01315
76 3987 2.03075
45 3988 2.0517
50 3989 2.06442
15 3990 2.07487
44 3992 2.13202
79 3993 2.18545
66 3995 2.22983
80 3996 2.25481
8 3998 2.32894
19 3999 2.33791
30 4000 2.33943
31 4001 2.34693
35 4002 2.37558
4 4003 2.39686
38 4004 2.40368
23 4005 2.4147
37 4007 2.45029
55 4008 2.4566
64 4009 2.48766
69 4010 2.49308
48 4011 2.51488
34 4013 2.5203
77 4014 2.56021
22 4015 2.58603
18 4016 2.61423
56 4018 2.6808
57 4019 2.68508
62 4020 2.70247
29 4022 2.74246
47 4023 2.77157
13 4024 2.80015
26 4026 2.82366
28 4027 2.83665
17 4028 2.85661
60 4029 2.86203
21 4030 2.91758
78 4032 2.92294
68 4033 2.92766
16 4034 2.9418
51 4035 2.97169
27 4036 2.97246
2 4037 2.97351
7 4038 2.97873
12 4039 2.98995
