21 3124 0 100 88849448 1.23137 1.23137
25 3129 0 100 88875024 1.53137 1.53137
12 3144 0 100 88846600 2.13137 2.13137
39 3126 0 100 154284472 2.43137 2.43137
36 3160 0 100 121570730 2.63137 2.63137
8 3167 0 100 88867908 2.73137 2.73137
3 3161 0 100 154297800 2.73137 2.73137
38 3156 0 100 154286264 2.83137 2.83137
2 3172 0 100 121535240 2.93137 2.93137
37 3132 0 100 154248520 3.03137 3.03137
9 3142 0 100 154269360 3.13137 3.13137
11 3122 0 100 154277464 3.13137 3.13137
34 3138 0 100 88865696 3.23137 3.23137
15 3151 0 100 88865176 3.33137 3.33137
5 3128 0 100 121546622 3.33137 3.33137
1 3162 0 100 121551032 3.33137 3.33137
16 3158 0 100 154254504 3.33137 3.33137
4 3164 0 100 88860824 3.43137 3.43137
40 3123 0 100 88867376 3.53137 3.53137
18 3140 0 100 154245088 3.53137 3.53137
23 3143 0 100 154301688 3.63137 3.63137
31 3141 0 100 56195366 3.83137 3.83137
24 3130 0 100 154243848 3.93137 3.93137
14 3135 0 100 154255584 3.93137 3.93137
29 3170 0 100 154265592 4.03137 4.03137
17 3174 0 100 154290792 4.13137 4.13137
22 3147 0 100 154300208 4.33137 4.33137
33 3177 0 100 154294024 4.53137 4.53137
30 3131 0 100 88848864 4.63137 4.63137
10 3152 0 100 88851820 4.63137 4.63137
6 3173 0 100 154303560 4.93137 4.93137
28 3179 0 100 154284296 5.43137 5.43137
35 3139 0 100 154260568 5.63137 5.63137
27 3127 0 100 154255024 5.93137 5.93137
20 3149 0 100 121528910 6.13137 6.13137
26 3175 0 100 154265832 6.23137 6.23137
19 3136 0 100 121558424 6.43137 6.43137
13 3166 0 100 154287600 6.43137 6.43137
7 3148 0 100 121566848 6.63137 6.63137
32 3169 0 100 88867092 7.53137 7.53137
