1 0.8 0.016 0.784
1 0.784 0.16 0.624
38 0.8 0.016 0.784
38 0.784 0.16 0.624
9 0.8 0.016 0.784
9 0.784 0.16 0.624
10 0.8 0.016 0.784
17 0.8 0.016 0.784
10 0.784 0.16 0.624
17 0.784 0.16 0.624
28 0.8 0.016 0.784
28 0.784 0.16 0.624
4 0.8 0.016 0.784
4 0.784 0.16 0.624
26 0.8 0.016 0.784
48 0.8 0.016 0.784
49 0.8 0.016 0.784
26 0.784 0.16 0.624
49 0.784 0.16 0.624
48 0.784 0.16 0.624
43 0.8 0.016 0.784
43 0.784 0.16 0.624
36 0.8 0.16 0.64
42 0.8 0.16 0.64
36 0.719666 0.016 0.703666
42 0.713052 0.016 0.697052
50 0.8 0.016 0.784
42 0.697052 0.16 0.537052
36 0.703666 0.16 0.543666
50 0.784 0.16 0.624
40 0.8 0.16 0.64
15 0.8 0.016 0.784
44 0.8 0.016 0.784
15 0.784 0.16 0.624
44 0.784 0.16 0.624
37 0.8 0.16 0.64
5 0.8 0.016 0.784
37 0.711083 0.016 0.695083
37 0.695083 0.16 0.535083
5 0.784 0.16 0.624
5 0.624 0.16 0.464
20 0.8 0.016 0.784
34 0.8 0.016 0.784
47 0.8 0.016 0.784
34 0.784 0.16 0.624
12 0.8 0.16 0.64
20 0.784 0.16 0.624
47 0.784 0.16 0.624
47 0.624 0.16 0.464
20 0.624 0.16 0.464
12 0.64 0.16 0.48
12 0.48 0.16 0.32
12 0.397481 0.016 0.381481
12 0.381481 0.16 0.221481
41 0.8 0.016 0.784
41 0.784 0.16 0.624
22 0.8 0.016 0.784
32 0.8 0.016 0.784
22 0.784 0.16 0.624
32 0.784 0.16 0.624
14 0.8 0.16 0.64
14 0.64 0.16 0.48
19 0.8 0.16 0.64
14 0.556102 0.016 0.540102
19 0.718268 0.016 0.702268
14 0.540102 0.16 0.380102
19 0.702268 0.16 0.542268
19 0.542268 0.16 0.382268
18 0.8 0.016 0.784
18 0.784 0.16 0.624
13 0.8 0.016 0.784
13 0.784 0.16 0.624
8 0.8 0.16 0.64
8 0.714477 0.016 0.698477
8 0.698477 0.16 0.538477
6 0.8 0.016 0.784
35 0.8 0.016 0.784
39 0.8 0.016 0.784
6 0.784 0.16 0.624
27 0.8 0.16 0.64
31 0.8 0.16 0.64
35 0.784 0.16 0.624
39 0.784 0.16 0.624
39 0.624 0.16 0.464
35 0.624 0.16 0.464
7 0.8 0.16 0.64
27 0.64 0.16 0.48
31 0.64 0.16 0.48
7 0.64 0.16 0.48
27 0.48 0.16 0.32
31 0.48 0.16 0.32
7 0.556992 0.016 0.540992
27 0.390291 0.016 0.374291
31 0.391917 0.016 0.375917
27 0.374291 0.16 0.214291
7 0.540992 0.16 0.380992
31 0.375917 0.16 0.215917
46 0.8 0.16 0.64
31 0.215917 0.16 0.0559166
7 0.380992 0.16 0.220992
46 0.64 0.16 0.48
7 0.220992 0.16 0.0609915
46 0.48 0.16 0.32
46 0.390979 0.016 0.374979
46 0.374979 0.16 0.214979
21 0.8 0.016 0.784
21 0.784 0.16 0.624
33 0.8 0.016 0.784
33 0.784 0.16 0.624
23 0.8 0.016 0.784
23 0.784 0.16 0.624
25 0.8 0.016 0.784
25 0.784 0.16 0.624
24 0.8 0.16 0.64
16 0.8 0.016 0.784
24 0.716868 0.016 0.700868
24 0.700868 0.16 0.540868
16 0.784 0.16 0.624
16 0.624 0.16 0.464
11 0.8 0.16 0.64
29 0.8 0.16 0.64
11 0.711867 0.016 0.695867
11 0.695867 0.16 0.535867
29 0.71382 0.16 0.55382
29 0.633051 0.016 0.617051
29 0.617051 0.16 0.457051
2 0.8 0.016 0.784
2 0.784 0.16 0.624
30 0.8 0.016 0.784
30 0.784 0.16 0.624
45 0.8 0.016 0.784
45 0.784 0.16 0.624
3 0.8 0.016 0.784
3 0.784 0.16 0.624
40 0.8 0.016 0.784
40 0.784 0.16 0.624
