42 0.8 0.016 0.784
42 0.784 0.16 0.624
55 0.8 0.016 0.784
55 0.784 0.16 0.624
66 0.8 0.016 0.784
66 0.784 0.16 0.624
43 0.8 0.016 0.784
43 0.784 0.16 0.624
53 0.8 0.016 0.784
53 0.784 0.16 0.624
61 0.8 0.16 0.64
1 0.8 0.016 0.784
61 0.717012 0.016 0.701012
61 0.701012 0.16 0.541012
1 0.784 0.16 0.624
1 0.624 0.16 0.464
10 0.8 0.016 0.784
10 0.784 0.16 0.624
62 0.8 0.16 0.64
62 0.711765 0.016 0.695765
62 0.695765 0.16 0.535765
30 0.8 0.016 0.784
30 0.784 0.16 0.624
63 0.8 0.016 0.784
63 0.784 0.16 0.624
7 0.8 0.16 0.64
2 0.8 0.016 0.784
7 0.719411 0.016 0.703411
7 0.703411 0.16 0.543411
2 0.784 0.16 0.624
2 0.624 0.16 0.464
17 0.8 0.16 0.64
33 0.8 0.16 0.64
49 0.8 0.16 0.64
17 0.71818 0.016 0.70218
33 0.712421 0.016 0.696421
49 0.713194 0.016 0.697194
49 0.697194 0.16 0.537194
17 0.70218 0.16 0.54218
29 0.8 0.16 0.64
33 0.696421 0.16 0.536421
50 0.8 0.16 0.64
29 0.64 0.16 0.48
33 0.536421 0.16 0.376421
50 0.64 0.16 0.48
33 0.376421 0.16 0.216421
29 0.48 0.16 0.32
50 0.48 0.16 0.32
56 0.8 0.16 0.64
29 0.396392 0.016 0.380392
50 0.396769 0.016 0.380769
56 0.710658 0.016 0.694658
29 0.380392 0.16 0.220392
50 0.380769 0.16 0.220769
56 0.694658 0.16 0.534658
56 0.534658 0.16 0.374658
50 0.220769 0.16 0.0607686
46 0.8 0.16 0.64
46 0.718895 0.016 0.702895
46 0.702895 0.16 0.542895
41 0.8 0.016 0.784
41 0.784 0.16 0.624
68 0.8 0.16 0.64
68 0.719965 0.016 0.703965
68 0.703965 0.16 0.543965
35 0.8 0.016 0.784
35 0.784 0.16 0.624
3 0.8 0.016 0.784
23 0.8 0.016 0.784
3 0.784 0.16 0.624
23 0.784 0.16 0.624
23 0.624 0.16 0.464
47 0.8 0.16 0.64
47 0.719579 0.016 0.703579
47 0.703579 0.16 0.543579
6 0.8 0.16 0.64
26 0.8 0.16 0.64
37 0.8 0.16 0.64
6 0.715302 0.016 0.699302
26 0.719443 0.016 0.703443
37 0.714709 0.016 0.698709
64 0.8 0.016 0.784
37 0.698709 0.16 0.538709
26 0.703443 0.16 0.543443
6 0.699302 0.16 0.539302
64 0.784 0.16 0.624
6 0.539302 0.16 0.379302
64 0.624 0.16 0.464
6 0.379302 0.16 0.219302
64 0.464 0.16 0.304
65 0.8 0.16 0.64
31 0.8 0.016 0.784
65 0.794104 0.016 0.778104
65 0.778104 0.16 0.618104
31 0.784 0.16 0.624
51 0.8 0.16 0.64
31 0.624 0.16 0.464
51 0.64 0.16 0.48
51 0.554617 0.016 0.538617
51 0.538617 0.16 0.378617
8 0.8 0.016 0.784
8 0.784 0.16 0.624
13 0.8 0.016 0.784
40 0.8 0.016 0.784
40 0.784 0.16 0.624
13 0.784 0.16 0.624
18 0.8 0.16 0.64
13 0.624 0.16 0.464
18 0.64 0.16 0.48
18 0.556293 0.016 0.540293
18 0.540293 0.16 0.380293
5 0.8 0.16 0.64
11 0.8 0.16 0.64
5 0.719996 0.016 0.703996
11 0.716105 0.016 0.700105
22 0.8 0.016 0.784
25 0.8 0.016 0.784
11 0.700105 0.16 0.540105
5 0.703996 0.16 0.543996
22 0.784 0.16 0.624
25 0.784 0.16 0.624
22 0.624 0.16 0.464
25 0.624 0.16 0.464
22 0.464 0.16 0.304
25 0.464 0.16 0.304
21 0.8 0.16 0.64
58 0.8 0.16 0.64
21 0.64 0.16 0.48
32 0.8 0.16 0.64
58 0.64 0.16 0.48
21 0.558939 0.016 0.542939
58 0.554363 0.016 0.538363
21 0.542939 0.16 0.382939
58 0.538363 0.16 0.378363
32 0.711502 0.16 0.551502
32 0.551502 0.16 0.391502
32 0.469042 0.016 0.453042
32 0.453042 0.16 0.293042
4 0.8 0.016 0.784
52 0.8 0.016 0.784
67 0.8 0.016 0.784
52 0.784 0.16 0.624
4 0.784 0.16 0.624
67 0.784 0.16 0.624
4 0.624 0.16 0.464
67 0.624 0.16 0.464
14 0.8 0.16 0.64
14 0.64 0.16 0.48
14 0.555633 0.016 0.539633
38 0.8 0.016 0.784
14 0.539633 0.16 0.379633
38 0.784 0.16 0.624
38 0.624 0.16 0.464
34 0.8 0.016 0.784
34 0.784 0.16 0.624
19 0.8 0.016 0.784
19 0.784 0.16 0.624
15 0.8 0.016 0.784
44 0.8 0.016 0.784
60 0.8 0.016 0.784
44 0.784 0.16 0.624
15 0.784 0.16 0.624
60 0.784 0.16 0.624
15 0.624 0.16 0.464
60 0.624 0.16 0.464
60 0.464 0.16 0.304
12 0.8 0.016 0.784
27 0.8 0.016 0.784
45 0.8 0.016 0.784
27 0.784 0.16 0.624
12 0.784 0.16 0.624
45 0.784 0.16 0.624
12 0.624 0.16 0.464
45 0.624 0.16 0.464
45 0.464 0.16 0.304
59 0.8 0.016 0.784
59 0.784 0.16 0.624
20 0.8 0.016 0.784
24 0.8 0.016 0.784
48 0.8 0.016 0.784
24 0.784 0.16 0.624
20 0.784 0.16 0.624
48 0.784 0.16 0.624
48 0.624 0.16 0.464
20 0.624 0.16 0.464
57 0.8 0.16 0.64
57 0.718303 0.016 0.702303
57 0.702303 0.16 0.542303
9 0.8 0.016 0.784
54 0.8 0.016 0.784
9 0.784 0.16 0.624
54 0.784 0.16 0.624
54 0.624 0.16 0.464
36 0.8 0.16 0.64
36 0.710617 0.016 0.694617
36 0.694617 0.16 0.534617
70 0.8 0.16 0.64
70 0.713602 0.016 0.697602
70 0.697602 0.16 0.537602
16 0.8 0.16 0.64
16 0.711774 0.016 0.695774
16 0.695774 0.16 0.535774
28 0.8 0.016 0.784
69 0.8 0.016 0.784
69 0.784 0.16 0.624
28 0.784 0.16 0.624
39 0.8 0.16 0.64
28 0.624 0.16 0.464
39 0.714893 0.016 0.698893
39 0.698893 0.16 0.538893
