38 3722 1.18128
53 3723 1.20167
42 3725 1.28351
18 3727 1.31718
5 3728 1.38803
46 3729 1.39103
29 3730 1.39446
55 3732 1.46306
15 3733 1.51029
43 3735 1.51154
26 3736 1.56436
22 3737 1.56548
66 3738 1.59492
6 3740 1.63958
52 3741 1.65329
50 3742 1.6689
51 3743 1.71072
12 3745 1.71536
61 3746 1.73178
17 3747 1.79104
62 3749 1.81502
7 3750 1.83168
67 3751 1.84407
2 3752 1.90953
57 3754 1.94739
3 3755 1.95795
35 3756 1.97051
32 3757 1.9955
64 3759 2.01543
1 3760 2.08369
23 3762 2.12064
30 3763 2.1296
58 3764 2.13169
54 3765 2.13435
56 3766 2.13926
10 3767 2.14734
24 3768 2.15634
20 3769 2.16728
27 3770 2.1691
63 3771 2.17208
14 3773 2.24273
36 3774 2.2483
47 3775 2.26936
41 3777 2.31268
37 3778 2.32191
9 3779 2.36031
60 3780 2.4009
40 3782 2.45034
48 3783 2.48129
59 3784 2.50834
49 3786 2.54413
13 3787 2.56297
11 3788 2.56679
68 3789 2.5713
21 3791 2.6734
44 3792 2.67894
69 3793 2.69555
34 3795 2.77326
19 3796 2.78232
45 3797 2.78346
39 3798 2.79873
33 3800 2.83979
31 3801 2.8426
28 3802 2.85999
8 3804 2.9144
65 3805 2.91958
16 3806 2.9318
70 3807 2.94388
25 3808 2.98845
4 3809 2.99375
