89 4170 1.00939
74 4172 1.06098
9 4173 1.10387
41 4174 1.11493
62 4175 1.14984
26 4176 1.15048
69 4178 1.15448
83 4179 1.16227
34 4180 1.16804
72 4181 1.17124
48 4182 1.18847
35 4183 1.19062
2 4184 1.20523
45 4185 1.20566
79 4186 1.21209
21 4188 1.25167
57 4189 1.25693
50 4190 1.3171
3 4191 1.3352
13 4192 1.33909
15 4194 1.37807
76 4195 1.40435
55 4196 1.41128
44 4197 1.41953
46 4198 1.4388
88 4199 1.44636
33 4201 1.47572
7 4202 1.49472
90 4203 1.50068
38 4204 1.53714
10 4206 1.58064
5 4207 1.59278
32 4208 1.61374
54 4209 1.62499
59 4211 1.66271
51 4212 1.66291
71 4213 1.66693
77 4214 1.71449
39 4215 1.74706
40 4217 1.75664
36 4218 1.76318
16 4219 1.7793
52 4220 1.82878
37 4222 1.88066
17 4223 1.88593
43 4224 1.89545
19 4225 1.90433
56 4226 1.91731
66 4227 1.94954
22 4229 1.96706
31 4230 1.97086
29 4231 1.97524
78 4232 2.01243
8 4233 2.01839
73 4234 2.02129
58 4235 2.02819
87 4236 2.03109
25 4238 2.05383
63 4239 2.09049
68 4240 2.14091
60 4242 2.20548
4 4243 2.23467
23 4245 2.28531
20 4246 2.29276
85 4247 2.30732
12 4248 2.30839
49 4249 2.31696
82 4250 2.33185
24 4252 2.37825
75 4253 2.39553
64 4255 2.494
67 4256 2.50814
86 4257 2.54926
27 4259 2.57753
47 4260 2.57799
6 4261 2.60649
81 4262 2.61154
18 4263 2.62673
30 4264 2.64866
28 4266 2.65208
1 4267 2.67301
53 4268 2.73953
42 4270 2.75682
14 4271 2.78588
70 4272 2.81024
80 4273 2.82506
65 4275 2.86731
84 4276 2.91538
61 4277 2.93565
11 4279 2.98974
