31 0.8 0.016 0.784
60 0.8 0.016 0.784
31 0.784 0.16 0.624
60 0.784 0.16 0.624
67 0.8 0.016 0.784
67 0.784 0.16 0.624
6 0.8 0.16 0.64
6 0.711627 0.016 0.695627
6 0.695627 0.16 0.535627
86 0.8 0.016 0.784
86 0.784 0.16 0.624
66 0.8 0.016 0.784
69 0.8 0.016 0.784
66 0.784 0.16 0.624
19 0.8 0.16 0.64
64 0.8 0.16 0.64
69 0.784 0.16 0.624
69 0.624 0.16 0.464
19 0.64 0.16 0.48
64 0.64 0.16 0.48
19 0.55725 0.016 0.54125
64 0.550311 0.016 0.534311
19 0.54125 0.16 0.38125
64 0.534311 0.16 0.374311
55 0.8 0.16 0.64
36 0.8 0.016 0.784
55 0.712998 0.016 0.696998
61 0.8 0.016 0.784
55 0.696998 0.16 0.536998
4 0.8 0.16 0.64
36 0.784 0.16 0.624
51 0.8 0.16 0.64
61 0.784 0.16 0.624
61 0.624 0.16 0.464
36 0.624 0.16 0.464
4 0.64 0.16 0.48
40 0.8 0.16 0.64
51 0.64 0.16 0.48
4 0.48 0.16 0.32
40 0.64 0.16 0.48
51 0.48 0.16 0.32
4 0.390512 0.016 0.374512
51 0.397103 0.016 0.381103
4 0.374512 0.16 0.214512
40 0.550442 0.16 0.390442
51 0.381103 0.16 0.221103
51 0.221103 0.16 0.0611027
40 0.390442 0.16 0.230442
40 0.302392 0.016 0.286392
40 0.286392 0.16 0.126392
13 0.8 0.016 0.784
13 0.784 0.16 0.624
28 0.8 0.16 0.64
47 0.8 0.16 0.64
14 0.8 0.016 0.784
28 0.716074 0.016 0.700074
47 0.715578 0.016 0.699578
47 0.699578 0.16 0.539578
14 0.784 0.16 0.624
28 0.700074 0.16 0.540074
28 0.540074 0.16 0.380074
14 0.624 0.16 0.464
14 0.464 0.16 0.304
77 0.8 0.016 0.784
77 0.784 0.16 0.624
7 0.8 0.016 0.784
10 0.8 0.016 0.784
34 0.8 0.016 0.784
49 0.8 0.016 0.784
10 0.784 0.16 0.624
49 0.784 0.16 0.624
7 0.784 0.16 0.624
34 0.784 0.16 0.624
7 0.624 0.16 0.464
34 0.624 0.16 0.464
46 0.8 0.16 0.64
73 0.8 0.16 0.64
7 0.464 0.16 0.304
34 0.464 0.16 0.304
46 0.64 0.16 0.48
73 0.64 0.16 0.48
46 0.48 0.16 0.32
73 0.48 0.16 0.32
46 0.392702 0.016 0.376702
73 0.393825 0.016 0.377825
46 0.376702 0.16 0.216702
73 0.377825 0.16 0.217825
73 0.217825 0.16 0.0578247
41 0.8 0.016 0.784
71 0.8 0.016 0.784
71 0.784 0.16 0.624
41 0.784 0.16 0.624
41 0.624 0.16 0.464
35 0.8 0.16 0.64
35 0.712836 0.016 0.696836
35 0.696836 0.16 0.536836
94 0.8 0.016 0.784
97 0.8 0.016 0.784
97 0.784 0.16 0.624
94 0.784 0.16 0.624
2 0.8 0.16 0.64
17 0.8 0.16 0.64
2 0.64 0.16 0.48
17 0.64 0.16 0.48
2 0.551201 0.016 0.535201
17 0.559418 0.016 0.543418
17 0.543418 0.16 0.383418
2 0.535201 0.16 0.375201
87 0.8 0.16 0.64
2 0.375201 0.16 0.215201
87 0.64 0.16 0.48
87 0.630295 0.016 0.614295
87 0.614295 0.16 0.454295
57 0.8 0.016 0.784
90 0.8 0.016 0.784
90 0.784 0.16 0.624
57 0.784 0.16 0.624
9 0.8 0.16 0.64
29 0.8 0.16 0.64
89 0.8 0.16 0.64
9 0.64 0.16 0.48
29 0.64 0.16 0.48
9 0.559309 0.016 0.543309
29 0.559565 0.016 0.543565
89 0.71387 0.016 0.69787
29 0.543565 0.16 0.383565
9 0.543309 0.16 0.383309
89 0.69787 0.16 0.53787
43 0.8 0.16 0.64
43 0.64 0.16 0.48
43 0.557803 0.016 0.541803
43 0.541803 0.16 0.381803
50 0.8 0.016 0.784
50 0.784 0.16 0.624
39 0.8 0.16 0.64
53 0.8 0.16 0.64
70 0.8 0.16 0.64
39 0.712181 0.016 0.696181
53 0.711899 0.016 0.695899
70 0.719291 0.016 0.703291
70 0.703291 0.16 0.543291
11 0.8 0.16 0.64
39 0.696181 0.16 0.536181
48 0.8 0.16 0.64
53 0.695899 0.16 0.535899
39 0.536181 0.16 0.376181
11 0.64 0.16 0.48
48 0.64 0.16 0.48
53 0.535899 0.16 0.375899
79 0.8 0.16 0.64
53 0.375899 0.16 0.215899
11 0.55045 0.016 0.53445
48 0.557612 0.016 0.541612
65 0.8 0.016 0.784
79 0.715143 0.016 0.699143
48 0.541612 0.16 0.381612
11 0.53445 0.16 0.37445
52 0.8 0.16 0.64
65 0.784 0.16 0.624
79 0.699143 0.16 0.539143
65 0.624 0.16 0.464
79 0.539143 0.16 0.379143
79 0.379143 0.16 0.219143
65 0.464 0.16 0.304
42 0.8 0.16 0.64
52 0.64 0.16 0.48
42 0.64 0.16 0.48
52 0.48 0.16 0.32
42 0.557492 0.016 0.541492
52 0.390578 0.016 0.374578
42 0.541492 0.16 0.381492
52 0.374578 0.16 0.214578
25 0.8 0.016 0.784
74 0.8 0.016 0.784
25 0.784 0.16 0.624
74 0.784 0.16 0.624
58 0.8 0.16 0.64
58 0.64 0.16 0.48
58 0.554488 0.016 0.538488
58 0.538488 0.16 0.378488
44 0.8 0.16 0.64
78 0.8 0.16 0.64
44 0.719646 0.016 0.703646
78 0.719129 0.016 0.703129
44 0.703646 0.16 0.543646
56 0.8 0.16 0.64
78 0.703129 0.16 0.543129
78 0.543129 0.16 0.383129
12 0.8 0.16 0.64
30 0.8 0.16 0.64
56 0.64 0.16 0.48
12 0.710069 0.016 0.694069
56 0.556333 0.016 0.540333
56 0.540333 0.16 0.380333
12 0.694069 0.16 0.534069
30 0.713647 0.16 0.553647
88 0.8 0.16 0.64
96 0.8 0.16 0.64
98 0.8 0.16 0.64
12 0.534069 0.16 0.374069
30 0.553647 0.16 0.393647
80 0.8 0.16 0.64
88 0.64 0.16 0.48
96 0.64 0.16 0.48
98 0.64 0.16 0.48
30 0.468386 0.016 0.452386
80 0.716466 0.016 0.700466
88 0.550453 0.016 0.534453
96 0.551449 0.016 0.535449
98 0.559355 0.016 0.543355
30 0.452386 0.16 0.292386
80 0.700466 0.16 0.540466
88 0.534453 0.16 0.374453
96 0.535449 0.16 0.375449
98 0.543355 0.16 0.383355
98 0.383355 0.16 0.223355
80 0.540466 0.16 0.380466
83 0.8 0.16 0.64
88 0.374453 0.16 0.214453
96 0.375449 0.16 0.215449
99 0.8 0.16 0.64
100 0.8 0.16 0.64
96 0.215449 0.16 0.0554495
88 0.214453 0.16 0.0544532
80 0.380466 0.16 0.220466
99 0.64 0.16 0.48
100 0.64 0.16 0.48
80 0.220466 0.16 0.0604665
100 0.48 0.16 0.32
38 0.8 0.016 0.784
80 0.135646 0.016 0.119646
83 0.718306 0.016 0.702306
99 0.557725 0.016 0.541725
100 0.393246 0.016 0.377246
99 0.541725 0.16 0.381725
100 0.377246 0.16 0.217246
38 0.784 0.16 0.624
62 0.8 0.16 0.64
80 0.119646 0.16 -0.0403537
83 0.702306 0.16 0.542306
62 0.64 0.16 0.48
80 0 0.16 -0.16
83 0.542306 0.16 0.382306
62 0.48 0.16 0.32
80 0 0.16 -0.16
83 0.382306 0.16 0.222306
83 0.222306 0.16 0.0623064
62 0.32 0.16 0.16
80 0 0.16 -0.16
62 0.234902 0.016 0.218902
62 0.218902 0.16 0.0589018
63 0.8 0.016 0.784
63 0.784 0.16 0.624
24 0.8 0.16 0.64
85 0.8 0.16 0.64
91 0.8 0.16 0.64
24 0.717997 0.016 0.701997
85 0.711692 0.016 0.695692
91 0.71847 0.016 0.70247
24 0.701997 0.16 0.541997
85 0.695692 0.16 0.535692
91 0.70247 0.16 0.54247
92 0.8 0.16 0.64
91 0.54247 0.16 0.38247
82 0.8 0.16 0.64
85 0.535692 0.16 0.375692
92 0.64 0.16 0.48
85 0.375692 0.16 0.215692
82 0.64 0.16 0.48
92 0.48 0.16 0.32
80 0.29937 0.16 0.13937
82 0.551857 0.016 0.535857
84 0.8 0.016 0.784
92 0.39618 0.016 0.38018
92 0.38018 0.16 0.22018
82 0.535857 0.16 0.375857
84 0.784 0.16 0.624
82 0.375857 0.16 0.215857
80 0.210861 0.16 0.0508612
27 0.8 0.16 0.64
84 0.624 0.16 0.464
84 0.464 0.16 0.304
20 0.8 0.16 0.64
27 0.64 0.16 0.48
81 0.8 0.16 0.64
20 0.713322 0.016 0.697322
27 0.553862 0.016 0.537862
81 0.715202 0.016 0.699202
27 0.537862 0.16 0.377862
81 0.699202 0.16 0.539202
20 0.697322 0.16 0.537322
20 0.537322 0.16 0.377322
20 0.377322 0.16 0.217322
75 0.8 0.016 0.784
75 0.784 0.16 0.624
32 0.8 0.016 0.784
32 0.784 0.16 0.624
1 0.8 0.016 0.784
1 0.784 0.16 0.624
45 0.8 0.16 0.64
76 0.8 0.16 0.64
93 0.8 0.16 0.64
45 0.718901 0.016 0.702901
76 0.7171 0.016 0.7011
93 0.716647 0.016 0.700647
93 0.700647 0.16 0.540647
8 0.8 0.16 0.64
45 0.702901 0.16 0.542901
59 0.8 0.16 0.64
76 0.7011 0.16 0.5411
45 0.542901 0.16 0.382901
8 0.64 0.16 0.48
59 0.64 0.16 0.48
76 0.5411 0.16 0.3811
76 0.3811 0.16 0.2211
8 0.48 0.16 0.32
59 0.48 0.16 0.32
8 0.399247 0.016 0.383247
59 0.390063 0.016 0.374063
59 0.374063 0.16 0.214063
8 0.383247 0.16 0.223247
8 0.223247 0.16 0.0632469
26 0.8 0.016 0.784
26 0.784 0.16 0.624
22 0.8 0.016 0.784
68 0.8 0.016 0.784
22 0.784 0.16 0.624
68 0.784 0.16 0.624
68 0.624 0.16 0.464
3 0.8 0.016 0.784
3 0.784 0.16 0.624
5 0.8 0.16 0.64
15 0.8 0.16 0.64
23 0.8 0.16 0.64
95 0.8 0.16 0.64
5 0.717137 0.016 0.701137
15 0.714234 0.016 0.698234
23 0.713185 0.016 0.697185
95 0.718019 0.016 0.702019
15 0.698234 0.16 0.538234
23 0.697185 0.16 0.537185
5 0.701137 0.16 0.541137
95 0.702019 0.16 0.542019
5 0.541137 0.16 0.381137
95 0.542019 0.16 0.382019
95 0.382019 0.16 0.222019
5 0.381137 0.16 0.221137
21 0.8 0.16 0.64
21 0.711578 0.016 0.695578
21 0.695578 0.16 0.535578
33 0.8 0.16 0.64
33 0.710761 0.016 0.694761
33 0.694761 0.16 0.534761
18 0.8 0.16 0.64
18 0.710651 0.016 0.694651
18 0.694651 0.16 0.534651
37 0.8 0.016 0.784
54 0.8 0.016 0.784
54 0.784 0.16 0.624
37 0.784 0.16 0.624
37 0.624 0.16 0.464
16 0.8 0.016 0.784
72 0.8 0.016 0.784
16 0.784 0.16 0.624
72 0.784 0.16 0.624
72 0.624 0.16 0.464
