10 0.8 0.016 0.784
10 0.784 0.16 0.624
9 0.8 0.016 0.784
9 0.784 0.16 0.624
2 0.8 0.16 0.64
4 0.8 0.16 0.64
2 0.718157 0.016 0.702157
4 0.719992 0.016 0.703992
2 0.702157 0.16 0.542157
4 0.703992 0.16 0.543992
4 0.543992 0.16 0.383992
6 0.8 0.016 0.784
6 0.784 0.16 0.624
8 0.8 0.16 0.64
8 0.716115 0.016 0.700115
8 0.700115 0.16 0.540115
3 0.8 0.016 0.784
3 0.784 0.16 0.624
1 0.8 0.016 0.784
1 0.784 0.16 0.624
7 0.8 0.16 0.64
7 0.718751 0.016 0.702751
7 0.702751 0.16 0.542751
5 0.8 0.016 0.784
5 0.784 0.16 0.624
