42 3725 0 100 121539494 1.31078 1.31078
55 3732 0 100 88849120 1.51078 1.51078
66 3738 0 100 88854548 1.61078 1.61078
43 3735 0 100 121539566 1.81078 1.81078
53 3723 0 100 154292656 2.01078 2.01078
61 3746 0 100 88861764 2.11078 2.11078
1 3760 0 100 154262680 2.11078 2.11078
10 3767 0 100 154281224 2.21078 2.21078
62 3749 0 100 56198700 2.31078 2.31078
30 3763 0 100 88864636 2.41078 2.41078
63 3771 0 100 56207976 2.81078 2.81078
7 3750 0 100 88847488 2.91078 2.91078
2 3752 0 100 154292888 2.91078 2.91078
49 3786 0 100 88854712 3.01078 3.01078
17 3747 0 100 88857580 3.01078 3.01078
33 3800 0 100 154243880 3.01078 3.01078
29 3730 0 100 88853120 3.11078 3.11078
56 3766 0 100 121551650 3.11078 3.11078
50 3742 0 100 121556612 3.11078 3.11078
46 3729 0 100 121568300 3.21078 3.21078
41 3777 0 100 121534094 3.41078 3.41078
68 3789 0 100 121571414 3.51078 3.51078
35 3756 0 100 154250888 3.61078 3.61078
3 3755 0 100 56207344 3.81078 3.81078
23 3762 0 100 121550252 3.81078 3.81078
47 3775 0 100 121544000 3.91078 3.91078
37 3778 0 100 121570112 4.01078 4.01078
26 3736 0 100 121574696 4.01078 4.01078
6 3740 0 100 154255416 4.01078 4.01078
64 3759 0 100 154305536 4.01078 4.01078
65 3805 0 100 88856228 4.21078 4.21078
31 3801 0 100 154252912 4.21078 4.21078
51 3743 0 100 88850556 4.31078 4.31078
8 3804 0 100 154302120 4.41078 4.41078
40 3782 0 100 88872972 4.61078 4.61078
13 3787 0 100 121532882 4.61078 4.61078
18 3727 0 100 121547600 4.71078 4.71078
11 3788 0 100 88856232 4.81078 4.81078
5 3728 0 100 88861408 4.81078 4.81078
22 3737 0 100 154277232 4.81078 4.81078
25 3808 0 100 154293512 4.81078 4.81078
21 3791 0 100 154274664 4.91078 4.91078
58 3764 0 100 154297056 4.91078 4.91078
32 3757 0 100 88875364 5.01078 5.01078
52 3741 0 100 88861364 5.41078 5.41078
4 3809 0 100 121554566 5.41078 5.41078
67 3751 0 100 121554836 5.41078 5.41078
14 3773 0 100 121545326 5.51078 5.51078
38 3722 0 100 154265216 5.51078 5.51078
34 3795 0 100 88862372 5.71078 5.71078
19 3796 0 100 121572356 5.91078 5.91078
44 3792 0 100 88865652 6.01078 6.01078
15 3733 0 100 121535276 6.01078 6.01078
60 3780 0 100 154291080 6.01078 6.01078
27 3770 0 100 88855212 6.41078 6.41078
12 3745 0 100 121542206 6.41078 6.41078
45 3797 0 100 154243000 6.41078 6.41078
59 3784 0 100 121572794 6.61078 6.61078
24 3768 0 100 56206952 6.81078 6.81078
48 3783 0 100 121528070 6.81078 6.81078
20 3769 0 100 121553540 6.81078 6.81078
57 3754 0 100 154283816 6.91078 6.91078
9 3779 0 100 56194624 7.11078 7.11078
54 3765 0 100 121557908 7.11078 7.11078
36 3774 0 100 121558466 7.21078 7.21078
70 3807 0 100 88851876 7.31078 7.31078
16 3806 0 100 88874448 7.41078 7.41078
69 3793 0 100 88856980 7.81078 7.81078
28 3802 0 100 121547246 7.81078 7.81078
39 3798 0 100 88862640 7.91078 7.91078
