21 0.8 0.016 0.784
21 0.784 0.16 0.624
25 0.8 0.016 0.784
25 0.784 0.16 0.624
12 0.8 0.016 0.784
12 0.784 0.16 0.624
39 0.8 0.016 0.784
39 0.784 0.16 0.624
36 0.8 0.16 0.64
36 0.783345 0.016 0.767345
36 0.767345 0.16 0.607345
3 0.8 0.016 0.784
8 0.8 0.016 0.784
8 0.784 0.16 0.624
3 0.784 0.16 0.624
3 0.624 0.16 0.464
38 0.8 0.16 0.64
38 0.713808 0.016 0.697808
38 0.697808 0.16 0.537808
2 0.8 0.16 0.64
37 0.8 0.16 0.64
2 0.717855 0.016 0.701855
2 0.701855 0.16 0.541855
37 0.718148 0.16 0.558148
37 0.632844 0.016 0.616844
37 0.616844 0.16 0.456844
9 0.8 0.016 0.784
11 0.8 0.016 0.784
9 0.784 0.16 0.624
11 0.784 0.16 0.624
34 0.8 0.16 0.64
15 0.8 0.16 0.64
34 0.64 0.16 0.48
34 0.551793 0.016 0.535793
34 0.535793 0.16 0.375793
1 0.8 0.16 0.64
5 0.8 0.16 0.64
15 0.716008 0.16 0.556008
1 0.715617 0.016 0.699617
5 0.716153 0.016 0.700153
15 0.629211 0.016 0.613211
16 0.8 0.016 0.784
15 0.613211 0.16 0.453211
1 0.699617 0.16 0.539617
5 0.700153 0.16 0.540153
16 0.784 0.16 0.624
5 0.540153 0.16 0.380153
1 0.539617 0.16 0.379617
4 0.8 0.16 0.64
16 0.624 0.16 0.464
4 0.64 0.16 0.48
16 0.464 0.16 0.304
16 0.304 0.16 0.144
4 0.48 0.16 0.32
4 0.391537 0.016 0.375537
4 0.375537 0.16 0.215537
18 0.8 0.016 0.784
40 0.8 0.016 0.784
40 0.784 0.16 0.624
18 0.784 0.16 0.624
18 0.624 0.16 0.464
23 0.8 0.016 0.784
23 0.784 0.16 0.624
31 0.8 0.016 0.784
31 0.784 0.16 0.624
14 0.8 0.016 0.784
24 0.8 0.016 0.784
24 0.784 0.16 0.624
14 0.784 0.16 0.624
29 0.8 0.016 0.784
29 0.784 0.16 0.624
17 0.8 0.16 0.64
17 0.71807 0.016 0.70207
17 0.70207 0.16 0.54207
22 0.8 0.016 0.784
22 0.784 0.16 0.624
33 0.8 0.016 0.784
33 0.784 0.16 0.624
10 0.8 0.16 0.64
30 0.8 0.16 0.64
10 0.711663 0.016 0.695663
30 0.710797 0.016 0.694797
30 0.694797 0.16 0.534797
10 0.695663 0.16 0.535663
6 0.8 0.016 0.784
6 0.784 0.16 0.624
28 0.8 0.016 0.784
28 0.784 0.16 0.624
35 0.8 0.016 0.784
35 0.784 0.16 0.624
27 0.8 0.016 0.784
27 0.784 0.16 0.624
20 0.8 0.016 0.784
20 0.784 0.16 0.624
26 0.8 0.016 0.784
26 0.784 0.16 0.624
13 0.8 0.016 0.784
19 0.8 0.016 0.784
19 0.784 0.16 0.624
13 0.784 0.16 0.624
13 0.624 0.16 0.464
7 0.8 0.016 0.784
7 0.784 0.16 0.624
32 0.8 0.016 0.784
32 0.784 0.16 0.624
