0 3930
0 3931
0 3932
0 3933
0 3934
0 3935
0 3936
0 3937
0 3938
0 3939
0 3940
0 3943
0 3946
0 3952
0 3958
0 3960
0 3962
0 3968
54 3956
0 3973
0 3978
0 3986
0 3991
70 3941
0 3994
40 3965
0 3997
11 3959
50 3989
0 4006
59 3951
8 3998
38 4004
0 4012
30 4000
0 4017
71 3974
58 3977
0 4021
0 4025
22 4015
47 4023
0 4031
56 4018
75 3979
31 4001
0 4040
43 3949
62 4020
0 4041
0 4042
14 3948
32 3963
0 4043
0 4044
2 4037
7 4038
26 4026
0 4045
46 3971
29 4022
0 4046
64 4009
45 3988
0 4047
57 4019
74 3942
55 4008
0 4048
5 3953
76 3987
12 4039
0 4049
78 4032
0 4050
51 4035
0 4051
44 3992
41 3984
0 4052
48 4011
66 3995
0 4053
63 3976
0 4054
35 4002
52 3945
77 4014
0 4055
20 3969
23 4005
42 3967
0 4056
60 4029
0 4057
17 4028
0 4058
39 3983
0 4059
27 4036
73 3970
0 4060
69 4010
0 4061
24 3944
0 4062
0 4063
0 4064
53 3982
33 3985
25 3955
0 4065
0 4066
67 3975
0 4067
72 3947
68 4033
3 3981
0 4068
80 3996
61 3954
21 4030
0 4069
36 3972
0 4070
10 3961
1 3950
0 4071
37 4007
49 3957
79 3993
18 4016
0 4072
0 4073
65 3966
0 4074
4 4003
0 4075
0 4076
15 3990
0 4077
6 3980
9 3964
13 4024
0 4078
0 4079
34 4013
0 4080
19 3999
0 4081
0 4082
16 4034
0 4083
28 4027
0 4084
0 4085
0 4086
0 4087
0 4088
0 4089
0 4090
0 4091
0 4092
0 4093
0 4094
0 4095
0 4096
0 4097
0 4098
0 4099
0 4100
0 4101
0 4102
0 4103
0 4104
0 4105
0 4106
0 4107
0 4108
0 4109
0 4110
0 4111
0 4112
0 4113
0 4114
0 4115
0 4116
0 4117
0 4118
0 4119
0 4120
0 4121
0 4122
0 4123
0 4124
0 4125
0 4126
0 4127
0 4128
0 4129
0 4130
0 4131
0 4132
0 4133
0 4134
0 4135
0 4136
0 4137
0 4138
0 4139
0 4140
0 4141
0 4142
0 4143
0 4144
0 4145
0 4146
0 4147
0 4148
0 4149
0 4150
0 4151
0 4152
0 4153
0 4154
0 4155
0 4156
0 4157
0 4158
0 4159
