3 0.8 0.016 0.784
3 0.784 0.16 0.624
71 0.8 0.016 0.784
71 0.784 0.16 0.624
66 0.8 0.16 0.64
66 0.719607 0.016 0.703607
66 0.703607 0.16 0.543607
31 0.8 0.016 0.784
31 0.784 0.16 0.624
29 0.8 0.016 0.784
54 0.8 0.016 0.784
29 0.784 0.16 0.624
54 0.784 0.16 0.624
46 0.8 0.16 0.64
46 0.64 0.16 0.48
46 0.552116 0.016 0.536116
46 0.536116 0.16 0.376116
6 0.8 0.016 0.784
6 0.784 0.16 0.624
20 0.8 0.16 0.64
73 0.8 0.16 0.64
20 0.716149 0.016 0.700149
73 0.717798 0.016 0.701798
20 0.700149 0.16 0.540149
73 0.701798 0.16 0.541798
5 0.8 0.16 0.64
5 0.64 0.16 0.48
5 0.558932 0.016 0.542932
5 0.542932 0.16 0.382932
70 0.8 0.016 0.784
70 0.784 0.16 0.624
39 0.8 0.016 0.784
39 0.784 0.16 0.624
69 0.8 0.16 0.64
1 0.8 0.016 0.784
69 0.71958 0.016 0.70358
1 0.784 0.16 0.624
69 0.70358 0.16 0.54358
38 0.8 0.016 0.784
42 0.8 0.016 0.784
43 0.8 0.016 0.784
59 0.8 0.016 0.784
77 0.8 0.016 0.784
43 0.784 0.16 0.624
42 0.784 0.16 0.624
77 0.784 0.16 0.624
59 0.784 0.16 0.624
38 0.784 0.16 0.624
18 0.8 0.016 0.784
51 0.8 0.016 0.784
18 0.784 0.16 0.624
51 0.784 0.16 0.624
25 0.8 0.16 0.64
45 0.8 0.16 0.64
56 0.8 0.16 0.64
67 0.8 0.16 0.64
25 0.64 0.16 0.48
45 0.64 0.16 0.48
56 0.64 0.16 0.48
67 0.64 0.16 0.48
75 0.8 0.16 0.64
25 0.554283 0.016 0.538283
45 0.553695 0.016 0.537695
56 0.558829 0.016 0.542829
67 0.551081 0.016 0.535081
75 0.718684 0.016 0.702684
45 0.537695 0.16 0.377695
56 0.542829 0.16 0.382829
75 0.702684 0.16 0.542684
25 0.538283 0.16 0.378283
67 0.535081 0.16 0.375081
41 0.8 0.016 0.784
41 0.784 0.16 0.624
16 0.8 0.16 0.64
16 0.715132 0.016 0.699132
16 0.699132 0.16 0.539132
7 0.8 0.016 0.784
44 0.8 0.016 0.784
64 0.8 0.016 0.784
44 0.784 0.16 0.624
7 0.784 0.16 0.624
64 0.784 0.16 0.624
22 0.8 0.16 0.64
22 0.64 0.16 0.48
22 0.558569 0.016 0.542569
22 0.542569 0.16 0.382569
78 0.8 0.16 0.64
78 0.710154 0.016 0.694154
78 0.694154 0.16 0.534154
57 0.8 0.16 0.64
65 0.8 0.16 0.64
57 0.719494 0.016 0.703494
65 0.710088 0.016 0.694088
65 0.694088 0.16 0.534088
57 0.703494 0.16 0.543494
28 0.8 0.016 0.784
52 0.8 0.016 0.784
63 0.8 0.016 0.784
28 0.784 0.16 0.624
63 0.784 0.16 0.624
52 0.784 0.16 0.624
17 0.8 0.16 0.64
17 0.790761 0.016 0.774761
24 0.8 0.016 0.784
24 0.784 0.16 0.624
17 0.774761 0.16 0.614761
55 0.8 0.16 0.64
8 0.8 0.016 0.784
55 0.710059 0.016 0.694059
8 0.784 0.16 0.624
55 0.694059 0.16 0.534059
68 0.8 0.16 0.64
68 0.712245 0.016 0.696245
68 0.696245 0.16 0.536245
9 0.8 0.16 0.64
12 0.8 0.16 0.64
48 0.8 0.16 0.64
9 0.711418 0.016 0.695418
12 0.715435 0.016 0.699435
48 0.714698 0.016 0.698698
48 0.698698 0.16 0.538698
9 0.695418 0.16 0.535418
12 0.699435 0.16 0.539435
33 0.8 0.16 0.64
33 0.64 0.16 0.48
33 0.5561 0.016 0.5401
33 0.5401 0.16 0.3801
19 0.8 0.016 0.784
49 0.8 0.016 0.784
49 0.784 0.16 0.624
19 0.784 0.16 0.624
21 0.8 0.16 0.64
58 0.8 0.16 0.64
21 0.714814 0.016 0.698814
58 0.719024 0.016 0.703024
21 0.698814 0.16 0.538814
58 0.703024 0.16 0.543024
23 0.8 0.16 0.64
80 0.8 0.16 0.64
23 0.64 0.16 0.48
80 0.64 0.16 0.48
23 0.558424 0.016 0.542424
80 0.556407 0.016 0.540407
23 0.542424 0.16 0.382424
80 0.540407 0.16 0.380407
2 0.8 0.016 0.784
11 0.8 0.016 0.784
15 0.8 0.016 0.784
35 0.8 0.016 0.784
2 0.784 0.16 0.624
35 0.784 0.16 0.624
11 0.784 0.16 0.624
15 0.784 0.16 0.624
13 0.8 0.016 0.784
50 0.8 0.016 0.784
50 0.784 0.16 0.624
13 0.784 0.16 0.624
76 0.8 0.16 0.64
76 0.64 0.16 0.48
76 0.553937 0.016 0.537937
76 0.537937 0.16 0.377937
4 0.8 0.016 0.784
27 0.8 0.016 0.784
60 0.8 0.016 0.784
27 0.784 0.16 0.624
60 0.784 0.16 0.624
4 0.784 0.16 0.624
61 0.8 0.016 0.784
61 0.784 0.16 0.624
34 0.8 0.16 0.64
32 0.8 0.016 0.784
34 0.719618 0.016 0.703618
32 0.784 0.16 0.624
34 0.703618 0.16 0.543618
10 0.8 0.16 0.64
72 0.8 0.16 0.64
72 0.64 0.16 0.48
72 0.556636 0.016 0.540636
72 0.540636 0.16 0.380636
10 0.792441 0.016 0.776441
30 0.8 0.016 0.784
10 0.776441 0.16 0.616441
30 0.784 0.16 0.624
74 0.8 0.16 0.64
74 0.64 0.16 0.48
79 0.8 0.16 0.64
74 0.55819 0.016 0.54219
79 0.71869 0.016 0.70269
79 0.70269 0.16 0.54269
74 0.54219 0.16 0.38219
40 0.8 0.16 0.64
40 0.713347 0.016 0.697347
40 0.697347 0.16 0.537347
37 0.8 0.016 0.784
37 0.784 0.16 0.624
14 0.8 0.16 0.64
53 0.8 0.16 0.64
62 0.8 0.16 0.64
14 0.71577 0.016 0.69977
53 0.716173 0.016 0.700173
62 0.716575 0.016 0.700575
53 0.700173 0.16 0.540173
14 0.69977 0.16 0.53977
62 0.700575 0.16 0.540575
36 0.8 0.016 0.784
36 0.784 0.16 0.624
47 0.8 0.016 0.784
47 0.784 0.16 0.624
26 0.8 0.016 0.784
26 0.784 0.16 0.624
