2 721 0 100 32657452 1.67601 1.67601
5 736 0 100 32659816 1.87601 1.87601
19 737 0 100 32670300 2.17601 2.17601
17 731 0 100 32674166 2.57601 2.57601
4 742 0 100 32668020 3.07601 3.07601
10 751 0 100 32666970 3.17601 3.17601
20 746 0 100 32651888 3.37601 3.37601
3 743 0 100 32660326 3.37601 3.37601
6 754 0 100 32643782 3.57601 3.57601
14 748 0 100 32654272 3.77601 3.77601
15 720 0 100 32665668 3.77601 3.77601
8 755 0 100 32679338 3.97601 3.97601
12 725 0 100 32643426 4.47601 4.47601
16 757 0 100 32682108 4.77601 4.77601
1 726 0 100 32658734 5.37601 5.37601
18 723 0 100 32645834 5.47601 5.47601
9 745 0 100 32676120 6.27601 6.27601
13 729 0 100 32674628 6.27601 6.27601
7 739 0 100 32647958 6.47601 6.47601
11 734 0 100 32650680 6.67601 6.67601
