6 1086 0 100 32673822 1.61131 1.61131
26 1078 0 100 32665688 1.71131 1.71131
35 1082 0 100 32662176 1.81131 1.81131
30 1092 0 100 32628576 2.21131 2.21131
4 1101 0 100 32646624 2.81131 2.81131
9 1125 0 100 32669964 3.01131 3.01131
13 1072 0 100 32675310 3.01131 3.01131
5 1098 0 100 32681028 3.11131 3.11131
3 1102 0 100 32670804 3.21131 3.21131
15 1116 0 100 32648712 3.41131 3.41131
32 1077 0 100 32652736 3.41131 3.41131
8 1112 0 100 32640264 3.81131 3.81131
37 1107 0 100 32646514 3.91131 3.91131
36 1094 0 100 32652208 3.91131 3.91131
17 1087 0 100 32658902 4.21131 4.21131
19 1110 0 100 32628996 4.21131 4.21131
16 1071 0 100 32641778 4.31131 4.31131
11 1083 0 100 32660192 4.41131 4.41131
22 1128 0 100 32653590 4.41131 4.41131
14 1081 0 100 32667848 4.51131 4.51131
20 1104 0 100 32671274 4.51131 4.51131
31 1096 0 100 32649506 4.61131 4.61131
27 1129 0 100 32667214 4.81131 4.81131
23 1122 0 100 32638226 4.91131 4.91131
12 1103 0 100 32639084 5.01131 5.01131
7 1113 0 100 32627348 5.41131 5.41131
39 1109 0 100 32660014 5.41131 5.41131
24 1076 0 100 32664790 5.51131 5.51131
33 1100 0 100 32662498 5.61131 5.61131
21 1120 0 100 32645436 5.61131 5.61131
10 1106 0 100 32677840 5.91131 5.91131
40 1075 0 100 32633984 6.21131 6.21131
38 1117 0 100 32679388 6.71131 6.71131
25 1127 0 100 32673596 6.71131 6.71131
2 1091 0 100 32656272 6.71131 6.71131
29 1118 0 100 32664168 7.11131 7.11131
34 1114 0 100 32671062 7.21131 7.21131
1 1121 0 100 32632708 7.31131 7.31131
28 1126 0 100 32674242 7.41131 7.41131
