3 1671 1.0603
18 1672 1.11592
5 1673 1.11686
32 1674 1.13549
47 1675 1.13903
46 1677 1.17614
56 1678 1.24537
23 1680 1.26873
19 1681 1.28784
66 1682 1.29602
58 1683 1.31523
28 1684 1.3341
22 1686 1.37729
21 1687 1.39134
41 1688 1.40135
34 1690 1.49511
8 1691 1.50806
48 1692 1.51553
17 1694 1.55374
52 1695 1.56955
55 1696 1.62113
54 1698 1.65974
12 1699 1.68927
39 1700 1.70704
10 1702 1.75216
40 1703 1.76238
61 1704 1.76666
33 1705 1.8165
42 1706 1.82478
4 1708 1.85534
20 1709 1.86624
1 1710 1.87377
38 1711 1.93792
64 1713 1.95161
70 1714 1.965
49 1715 1.98659
57 1716 2.05036
62 1718 2.10832
37 1719 2.11525
69 1720 2.13493
43 1721 2.14407
24 1722 2.14983
36 1724 2.19875
68 1725 2.22371
27 1726 2.22827
44 1727 2.23138
35 1729 2.25316
29 1730 2.27332
9 1731 2.32976
67 1733 2.37456
31 1734 2.37684
53 1735 2.39343
60 1736 2.43268
14 1737 2.43722
59 1739 2.4688
26 1740 2.47975
15 1741 2.49993
30 1743 2.56716
11 1744 2.57301
2 1745 2.59484
7 1747 2.65283
6 1748 2.6762
63 1749 2.71985
16 1750 2.74724
65 1752 2.78218
45 1754 2.85275
50 1755 2.85319
51 1756 2.89451
25 1758 2.96437
13 1759 2.98886
