58 0.8 0.016 0.784
58 0.784 0.16 0.624
28 0.8 0.016 0.784
28 0.784 0.16 0.624
20 0.8 0.016 0.784
20 0.784 0.16 0.624
47 0.8 0.016 0.784
47 0.784 0.16 0.624
29 0.8 0.16 0.64
45 0.8 0.016 0.784
45 0.784 0.16 0.624
4 0.8 0.016 0.784
8 0.8 0.016 0.784
29 0.793079 0.016 0.777079
42 0.8 0.016 0.784
29 0.777079 0.16 0.617079
42 0.784 0.16 0.624
4 0.784 0.16 0.624
8 0.784 0.16 0.624
5 0.8 0.16 0.64
5 0.64 0.16 0.48
5 0.48 0.16 0.32
5 0.32 0.16 0.16
5 0.231426 0.016 0.215426
5 0.215426 0.16 0.0554265
16 0.8 0.016 0.784
23 0.8 0.016 0.784
44 0.8 0.016 0.784
56 0.8 0.016 0.784
23 0.784 0.16 0.624
56 0.784 0.16 0.624
16 0.784 0.16 0.624
44 0.784 0.16 0.624
10 0.8 0.16 0.64
27 0.8 0.16 0.64
10 0.64 0.16 0.48
27 0.64 0.16 0.48
10 0.48 0.16 0.32
27 0.48 0.16 0.32
10 0.392358 0.016 0.376358
27 0.393849 0.016 0.377849
27 0.377849 0.16 0.217849
10 0.376358 0.16 0.216358
26 0.8 0.016 0.784
39 0.8 0.016 0.784
41 0.8 0.016 0.784
52 0.8 0.016 0.784
26 0.784 0.16 0.624
52 0.784 0.16 0.624
41 0.784 0.16 0.624
39 0.784 0.16 0.624
11 0.8 0.016 0.784
30 0.8 0.016 0.784
11 0.784 0.16 0.624
30 0.784 0.16 0.624
3 0.8 0.16 0.64
17 0.8 0.16 0.64
3 0.710645 0.016 0.694645
17 0.711258 0.016 0.695258
17 0.695258 0.16 0.535258
3 0.694645 0.16 0.534645
36 0.8 0.16 0.64
36 0.719283 0.016 0.703283
36 0.703283 0.16 0.543283
22 0.8 0.16 0.64
22 0.713143 0.016 0.697143
22 0.697143 0.16 0.537143
31 0.8 0.016 0.784
31 0.784 0.16 0.624
37 0.8 0.16 0.64
37 0.711481 0.016 0.695481
37 0.695481 0.16 0.535481
1 0.8 0.016 0.784
1 0.784 0.16 0.624
6 0.8 0.016 0.784
6 0.784 0.16 0.624
38 0.8 0.16 0.64
14 0.8 0.016 0.784
38 0.714681 0.016 0.698681
14 0.784 0.16 0.624
38 0.698681 0.16 0.538681
18 0.8 0.16 0.64
18 0.64 0.16 0.48
18 0.559152 0.016 0.543152
18 0.543152 0.16 0.383152
43 0.8 0.016 0.784
43 0.784 0.16 0.624
40 0.8 0.16 0.64
46 0.8 0.16 0.64
40 0.711534 0.016 0.695534
46 0.710328 0.016 0.694328
40 0.695534 0.16 0.535534
46 0.694328 0.16 0.534328
9 0.8 0.16 0.64
9 0.64 0.16 0.48
9 0.553293 0.016 0.537293
9 0.537293 0.16 0.377293
24 0.8 0.16 0.64
24 0.710568 0.016 0.694568
24 0.694568 0.16 0.534568
7 0.8 0.016 0.784
50 0.8 0.016 0.784
7 0.784 0.16 0.624
50 0.784 0.16 0.624
57 0.8 0.16 0.64
33 0.8 0.16 0.64
57 0.64 0.16 0.48
33 0.712039 0.016 0.696039
57 0.55545 0.016 0.53945
33 0.696039 0.16 0.536039
57 0.53945 0.16 0.37945
21 0.8 0.16 0.64
21 0.716637 0.016 0.700637
21 0.700637 0.16 0.540637
25 0.8 0.16 0.64
19 0.8 0.016 0.784
25 0.719244 0.016 0.703244
19 0.784 0.16 0.624
25 0.703244 0.16 0.543244
53 0.8 0.016 0.784
53 0.784 0.16 0.624
54 0.8 0.16 0.64
54 0.711958 0.016 0.695958
54 0.695958 0.16 0.535958
32 0.8 0.16 0.64
35 0.8 0.16 0.64
32 0.714357 0.016 0.698357
35 0.71965 0.016 0.70365
32 0.698357 0.16 0.538357
35 0.70365 0.16 0.54365
48 0.8 0.016 0.784
48 0.784 0.16 0.624
49 0.8 0.016 0.784
49 0.784 0.16 0.624
15 0.8 0.016 0.784
15 0.784 0.16 0.624
12 0.8 0.16 0.64
13 0.8 0.16 0.64
59 0.8 0.16 0.64
12 0.71285 0.016 0.69685
13 0.718922 0.016 0.702922
59 0.715644 0.016 0.699644
12 0.69685 0.16 0.53685
59 0.699644 0.16 0.539644
13 0.702922 0.16 0.542922
2 0.8 0.016 0.784
2 0.784 0.16 0.624
55 0.8 0.016 0.784
55 0.784 0.16 0.624
51 0.8 0.16 0.64
51 0.719665 0.016 0.703665
51 0.703665 0.16 0.543665
34 0.8 0.016 0.784
34 0.784 0.16 0.624
60 0.8 0.016 0.784
60 0.784 0.16 0.624
