0 880
0 881
0 882
0 883
0 884
0 885
0 886
0 887
0 888
0 889
0 890
0 892
0 893
0 895
0 897
0 901
0 904
0 906
0 907
0 909
9 900
0 911
0 913
0 916
0 919
0 921
12 920
0 923
0 927
0 932
0 934
0 937
0 940
8 891
0 941
17 898
24 905
0 942
22 935
0 943
0 944
23 931
6 924
0 945
25 936
0 946
19 933
4 928
0 947
0 948
14 910
0 949
0 950
7 902
0 951
30 929
0 952
29 908
0 953
11 899
0 954
0 955
0 956
13 915
0 957
5 918
0 958
0 959
0 960
20 917
0 961
0 962
0 963
0 964
28 922
0 965
0 966
0 967
3 903
0 968
27 914
18 912
0 969
0 970
0 971
10 939
26 894
0 972
1 938
0 973
21 896
0 974
16 925
0 975
0 976
0 977
0 978
0 979
2 926
0 980
0 981
15 930
0 982
0 983
0 984
0 985
0 986
0 987
0 988
0 989
0 990
0 991
0 992
0 993
0 994
0 995
0 996
0 997
0 998
0 999
0 1000
0 1001
0 1002
0 1003
0 1004
0 1005
0 1006
0 1007
0 1008
0 1009
0 1010
0 1011
0 1012
0 1013
0 1014
0 1015
0 1016
0 1017
0 1018
0 1019
0 1020
0 1021
0 1022
0 1023
0 1024
0 1025
0 1026
0 1027
0 1028
0 1029
0 1030
0 1031
0 1032
0 1033
0 1034
0 1035
0 1036
0 1037
0 1038
0 1039
0 1040
0 1041
0 1042
0 1043
0 1044
0 1045
0 1046
0 1047
0 1048
0 1049
0 1050
0 1051
0 1052
0 1053
0 1054
0 1055
0 1056
0 1057
0 1058
0 1059
