89 2138 0 100 32651428 1.43407 1.43407
40 2132 0 100 32678454 1.53407 1.53407
82 2148 0 100 32642190 1.83407 1.83407
76 2147 0 100 32672628 1.93407 1.93407
9 2144 0 100 32646310 1.93407 1.93407
77 2152 0 100 32676050 2.03407 2.03407
16 2150 0 100 32657590 2.13407 2.13407
83 2186 0 100 32634576 2.23407 2.23407
74 2156 0 100 32650888 2.23407 2.23407
37 2134 0 100 32645222 2.33407 2.33407
51 2194 0 100 32667028 2.33407 2.33407
42 2157 0 100 32661234 2.33407 2.33407
12 2193 0 100 32649856 2.43407 2.43407
80 2129 0 100 32637166 2.43407 2.43407
87 2139 0 100 32648582 2.53407 2.53407
4 2173 0 100 32633614 2.73407 2.73407
29 2166 0 100 32682728 2.73407 2.73407
34 2153 0 100 32642936 2.73407 2.73407
68 2137 0 100 32652640 2.83407 2.83407
71 2199 0 100 32652446 2.93407 2.93407
48 2135 0 100 32666904 2.93407 2.93407
6 2229 0 100 32645412 3.13407 3.13407
85 2185 0 100 32661026 3.23407 3.23407
64 2189 0 100 32640150 3.23407 3.23407
47 2120 0 100 32659634 3.33407 3.33407
46 2214 0 100 32663422 3.33407 3.33407
86 2165 0 100 32625524 3.33407 3.33407
60 2131 0 100 32676156 3.43407 3.43407
38 2133 0 100 32677718 3.43407 3.43407
57 2130 0 100 32676822 3.43407 3.43407
44 2192 0 100 32661830 3.43407 3.43407
54 2145 0 100 32680386 3.53407 3.53407
78 2154 0 100 32675586 3.53407 3.53407
59 2140 0 100 32643646 3.63407 3.63407
61 2158 0 100 32675016 3.83407 3.83407
81 2228 0 100 32655534 3.83407 3.83407
31 2197 0 100 32641606 3.83407 3.83407
66 2210 0 100 32664894 3.83407 3.83407
58 2175 0 100 32655690 3.93407 3.93407
53 2176 0 100 32661040 4.03407 4.03407
90 2190 0 100 32652552 4.03407 4.03407
21 2187 0 100 32633182 4.03407 4.03407
2 2141 0 100 32658440 4.13407 4.13407
13 2151 0 100 32648966 4.13407 4.13407
8 2177 0 100 32676012 4.13407 4.13407
26 2200 0 100 32653630 4.33407 4.33407
36 2181 0 100 32653852 4.33407 4.33407
88 2172 0 100 32665340 4.33407 4.33407
25 2169 0 100 32663760 4.43407 4.43407
19 2211 0 100 32641376 4.53407 4.53407
28 2218 0 100 32649240 4.63407 4.63407
45 2162 0 100 32664762 4.83407 4.83407
23 2184 0 100 32655884 4.93407 4.93407
63 2224 0 100 32650298 5.03407 5.03407
24 2125 0 100 32682066 5.33407 5.33407
75 2212 0 100 32668066 5.33407 5.33407
18 2128 0 100 32669330 5.33407 5.33407
49 2122 0 100 32664676 5.53407 5.53407
79 2124 0 100 32665114 5.53407 5.53407
55 2168 0 100 32650116 5.53407 5.53407
50 2180 0 100 32667924 5.53407 5.53407
33 2201 0 100 32669668 5.63407 5.63407
30 2191 0 100 32671200 5.63407 5.63407
10 2160 0 100 32671174 5.63407 5.63407
35 2221 0 100 32669550 5.93407 5.93407
70 2149 0 100 32681362 5.93407 5.93407
56 2219 0 100 32634036 6.03407 6.03407
69 2202 0 100 32644066 6.13407 6.13407
17 2223 0 100 32653194 6.13407 6.13407
62 2171 0 100 32679606 6.23407 6.23407
32 2126 0 100 32657456 6.23407 6.23407
7 2178 0 100 32666316 6.23407 6.23407
43 2209 0 100 32649930 6.33407 6.33407
15 2161 0 100 32660000 6.33407 6.33407
67 2164 0 100 32647234 6.53407 6.53407
39 2143 0 100 32667972 6.53407 6.53407
41 2179 0 100 32661168 6.63407 6.63407
52 2170 0 100 32662538 6.63407 6.63407
72 2195 0 100 32662464 6.83407 6.83407
84 2183 0 100 32666050 6.83407 6.83407
27 2204 0 100 32633562 6.83407 6.83407
5 2215 0 100 32677840 7.23407 7.23407
20 2205 0 100 32671220 7.23407 7.23407
1 2208 0 100 32639364 7.43407 7.43407
65 2222 0 100 32644972 7.53407 7.53407
73 2217 0 100 32665476 7.63407 7.63407
14 2216 0 100 32668276 7.73407 7.73407
