58 1460 1.02936
50 1461 1.0353
44 1463 1.10647
22 1464 1.10887
35 1465 1.11928
8 1466 1.1402
20 1467 1.14563
28 1469 1.26711
42 1471 1.29295
32 1473 1.41829
48 1475 1.48408
38 1476 1.49047
6 1477 1.5642
9 1479 1.62782
3 1480 1.66493
4 1482 1.71436
29 1484 1.85749
52 1485 1.85845
26 1487 1.92403
41 1488 1.92477
18 1489 1.95829
39 1490 1.96261
10 1492 2.00029
17 1493 2.00207
13 1494 2.01177
47 1495 2.04844
59 1496 2.0665
45 1498 2.08246
19 1499 2.08937
37 1500 2.11808
5 1501 2.12157
56 1502 2.16548
2 1503 2.17091
30 1504 2.17444
33 1505 2.17653
36 1507 2.18552
16 1508 2.2747
57 1510 2.28691
31 1511 2.31264
15 1512 2.3584
27 1513 2.37925
21 1515 2.41175
7 1516 2.41296
43 1517 2.4223
49 1519 2.53209
23 1520 2.5703
14 1522 2.58263
24 1523 2.58846
34 1524 2.60327
46 1525 2.61102
54 1526 2.66428
12 1528 2.71414
40 1529 2.75271
51 1530 2.76342
11 1531 2.77232
1 1533 2.80968
25 1534 2.83428
60 1536 2.8847
55 1537 2.97875
53 1539 2.99804
