66 1890 1.00032
18 1892 1.0606
3 1893 1.06331
71 1894 1.07214
1 1895 1.07766
73 1896 1.09045
24 1898 1.17211
6 1899 1.18037
29 1900 1.18691
60 1901 1.19013
9 1903 1.23629
67 1904 1.32558
80 1905 1.32709
12 1907 1.34357
75 1908 1.38112
17 1910 1.43502
55 1911 1.43911
7 1912 1.45559
70 1913 1.46332
48 1914 1.46473
32 1915 1.48293
46 1916 1.49281
52 1917 1.49535
13 1918 1.52034
33 1920 1.5721
20 1921 1.57808
16 1922 1.59506
45 1923 1.6231
31 1925 1.65674
54 1926 1.66184
8 1927 1.71729
5 1929 1.74796
30 1930 1.75601
68 1931 1.77134
56 1932 1.82159
10 1934 1.84316
39 1935 1.85515
79 1936 1.87008
21 1937 1.87946
43 1938 1.92281
59 1940 1.95707
22 1941 1.98348
41 1943 2.04727
28 1944 2.05199
74 1945 2.08803
4 1946 2.10456
63 1947 2.11393
25 1949 2.15383
38 1950 2.16949
72 1951 2.18855
49 1952 2.20262
36 1953 2.21896
69 1955 2.24846
76 1956 2.25847
51 1957 2.30001
27 1958 2.31527
19 1960 2.36803
35 1961 2.42166
65 1963 2.46797
23 1964 2.48988
42 1966 2.54969
40 1967 2.55293
14 1968 2.55895
78 1969 2.55965
61 1970 2.62045
77 1972 2.64228
58 1973 2.66572
15 1974 2.68971
11 1975 2.69329
64 1976 2.71925
2 1978 2.74441
62 1979 2.77302
34 1980 2.78908
50 1981 2.79802
37 1982 2.82499
44 1984 2.83184
47 1985 2.86212
53 1986 2.91128
57 1988 2.96799
26 1989 2.97797
