0 1250
0 1251
0 1252
0 1253
0 1254
0 1255
0 1256
0 1257
0 1258
0 1259
0 1262
50 1261
0 1267
0 1271
0 1274
0 1277
0 1281
0 1283
0 1286
31 1263
0 1289
19 1264
0 1293
12 1266
15 1290
0 1296
0 1299
0 1301
44 1265
33 1288
0 1307
0 1310
9 1305
0 1313
0 1315
14 1280
0 1317
46 1292
0 1325
0 1328
24 1285
1 1282
0 1330
0 1331
32 1302
25 1318
0 1332
40 1291
0 1333
10 1311
0 1334
0 1335
21 1314
0 1336
0 1337
35 1324
0 1338
23 1279
43 1275
0 1339
34 1297
6 1308
22 1269
0 1340
0 1341
5 1309
0 1342
27 1329
26 1319
0 1343
49 1260
0 1344
0 1345
38 1306
0 1346
0 1347
13 1312
28 1298
0 1348
11 1316
0 1349
48 1287
0 1350
0 1351
0 1352
0 1353
18 1270
0 1354
41 1294
0 1355
0 1356
0 1357
29 1273
36 1322
30 1272
0 1358
0 1359
4 1284
0 1360
47 1326
0 1361
8 1278
0 1362
37 1276
39 1268
0 1363
0 1364
45 1323
0 1365
0 1366
7 1321
0 1367
0 1368
0 1369
17 1295
0 1370
2 1300
0 1371
42 1327
0 1372
0 1373
16 1303
20 1304
0 1374
3 1320
0 1375
0 1376
0 1377
0 1378
0 1379
0 1380
0 1381
0 1382
0 1383
0 1384
0 1385
0 1386
0 1387
0 1388
0 1389
0 1390
0 1391
0 1392
0 1393
0 1394
0 1395
0 1396
0 1397
0 1398
0 1399
0 1400
0 1401
0 1402
0 1403
0 1404
0 1405
0 1406
0 1407
0 1408
0 1409
0 1410
0 1411
0 1412
0 1413
0 1414
0 1415
0 1416
0 1417
0 1418
0 1419
0 1420
0 1421
0 1422
0 1423
0 1424
0 1425
0 1426
0 1427
0 1428
0 1429
0 1430
0 1431
0 1432
0 1433
0 1434
0 1435
0 1436
0 1437
0 1438
0 1439
0 1440
0 1441
0 1442
0 1443
0 1444
0 1445
0 1446
0 1447
0 1448
0 1449
