58 1460 0 100 32652028 1.08117 1.08117
28 1469 0 100 32637536 1.28117 1.28117
20 1467 0 100 32652818 1.48117 1.48117
47 1495 0 100 32680526 2.08117 2.08117
45 1498 0 100 32674872 2.18117 2.18117
29 1484 0 100 32643702 2.28117 2.28117
42 1471 0 100 32645242 2.28117 2.28117
4 1482 0 100 32654308 2.28117 2.28117
8 1466 0 100 32647166 2.28117 2.28117
5 1501 0 100 32669378 2.38117 2.38117
56 1502 0 100 32679778 2.58117 2.58117
16 1508 0 100 32678422 2.58117 2.58117
44 1463 0 100 32678342 2.58117 2.58117
27 1513 0 100 32659944 2.68117 2.68117
10 1492 0 100 32664662 2.68117 2.68117
26 1487 0 100 32652668 2.88117 2.88117
52 1485 0 100 32674246 2.88117 2.88117
41 1488 0 100 32646758 2.88117 2.88117
39 1490 0 100 32668018 2.88117 2.88117
11 1531 0 100 32675400 3.48117 3.48117
30 1504 0 100 32653626 3.48117 3.48117
17 1493 0 100 32663758 3.58117 3.58117
3 1480 0 100 32675870 3.58117 3.58117
36 1507 0 100 32679238 3.68117 3.68117
22 1464 0 100 32663246 3.78117 3.78117
31 1511 0 100 32675938 3.88117 3.88117
37 1500 0 100 32657702 3.98117 3.98117
1 1533 0 100 32666528 4.28117 4.28117
6 1477 0 100 32664284 4.38117 4.38117
14 1522 0 100 32669612 4.48117 4.48117
38 1476 0 100 32660038 4.48117 4.48117
18 1489 0 100 32670768 4.58117 4.58117
43 1517 0 100 32680574 4.68117 4.68117
40 1529 0 100 32677484 4.78117 4.78117
46 1525 0 100 32665148 4.78117 4.78117
9 1479 0 100 32658312 4.88117 4.88117
24 1523 0 100 32638430 4.98117 4.98117
7 1516 0 100 32623886 5.38117 5.38117
50 1461 0 100 32670464 5.38117 5.38117
33 1505 0 100 32653648 5.48117 5.48117
57 1510 0 100 32643376 5.48117 5.48117
21 1515 0 100 32667146 5.58117 5.58117
25 1534 0 100 32669040 5.68117 5.68117
53 1539 0 100 32668876 5.78117 5.78117
54 1526 0 100 32646312 5.88117 5.88117
32 1473 0 100 32674522 5.98117 5.98117
35 1465 0 100 32645570 5.98117 5.98117
48 1475 0 100 32669342 6.28117 6.28117
49 1519 0 100 32665250 6.58117 6.58117
15 1512 0 100 32673380 6.68117 6.68117
59 1496 0 100 32649300 6.78117 6.78117
13 1494 0 100 32653714 6.78117 6.78117
2 1503 0 100 32653242 6.98117 6.98117
55 1537 0 100 32662216 7.08117 7.08117
51 1530 0 100 32644898 7.18117 7.18117
34 1524 0 100 32673620 7.28117 7.28117
60 1536 0 100 32651890 7.68117 7.68117
