39 2360 1.03117
42 2361 1.03751
15 2362 1.03942
17 2364 1.0592
96 2365 1.09652
56 2366 1.09671
20 2367 1.12146
78 2368 1.12725
70 2370 1.15806
57 2371 1.20849
31 2372 1.21615
49 2373 1.22621
1 2374 1.23677
85 2375 1.2471
33 2377 1.271
71 2378 1.30393
90 2379 1.32771
50 2381 1.35801
13 2382 1.36055
74 2383 1.36582
67 2384 1.38489
97 2385 1.40552
48 2386 1.43308
2 2388 1.45975
26 2389 1.47568
66 2390 1.48464
91 2391 1.49617
68 2392 1.50261
65 2393 1.51955
75 2394 1.53447
25 2395 1.5378
40 2397 1.56537
6 2398 1.61542
79 2399 1.65702
14 2401 1.67428
23 2402 1.68648
8 2403 1.74037
89 2405 1.77318
16 2406 1.77568
63 2407 1.78546
77 2408 1.80842
64 2409 1.82137
83 2410 1.85432
53 2412 1.87878
27 2413 1.92905
86 2415 1.98812
29 2416 2.01603
73 2417 2.0327
4 2419 2.07012
72 2420 2.07721
43 2421 2.08234
5 2422 2.08905
51 2423 2.09674
35 2424 2.14377
69 2426 2.1615
37 2427 2.1795
55 2428 2.19794
44 2430 2.29544
34 2431 2.3006
95 2432 2.30086
87 2433 2.31559
47 2434 2.32633
22 2436 2.35813
36 2437 2.37175
80 2438 2.40932
81 2439 2.44405
99 2440 2.44626
30 2441 2.44655
46 2443 2.48226
59 2444 2.4991
52 2445 2.50114
88 2446 2.50369
84 2447 2.51158
10 2448 2.51251
76 2449 2.53777
62 2450 2.53939
7 2451 2.54087
61 2452 2.54768
41 2454 2.56618
93 2455 2.59337
92 2456 2.60035
54 2458 2.66352
94 2459 2.67599
82 2460 2.68519
28 2461 2.69138
18 2462 2.70459
3 2463 2.75185
38 2465 2.77842
60 2466 2.77862
100 2467 2.82285
12 2468 2.82383
21 2469 2.84279
11 2470 2.84633
98 2472 2.89863
45 2473 2.89869
24 2474 2.91943
58 2475 2.94172
9 2477 2.98663
19 2478 2.99406
32 2479 2.99942
