9 0.8 0.016 0.784
9 0.784 0.16 0.624
12 0.8 0.016 0.784
12 0.784 0.16 0.624
8 0.8 0.016 0.784
8 0.784 0.16 0.624
17 0.8 0.16 0.64
17 0.716127 0.016 0.700127
24 0.8 0.016 0.784
17 0.700127 0.16 0.540127
24 0.784 0.16 0.624
22 0.8 0.16 0.64
22 0.718706 0.016 0.702706
22 0.702706 0.16 0.542706
6 0.8 0.016 0.784
23 0.8 0.016 0.784
23 0.784 0.16 0.624
6 0.784 0.16 0.624
25 0.8 0.016 0.784
25 0.784 0.16 0.624
4 0.8 0.16 0.64
19 0.8 0.16 0.64
4 0.718272 0.016 0.702272
19 0.710353 0.016 0.694353
19 0.694353 0.16 0.534353
4 0.702272 0.16 0.542272
14 0.8 0.016 0.784
14 0.784 0.16 0.624
7 0.8 0.016 0.784
7 0.784 0.16 0.624
30 0.8 0.16 0.64
30 0.713746 0.016 0.697746
30 0.697746 0.16 0.537746
29 0.8 0.16 0.64
29 0.71003 0.016 0.69403
29 0.69403 0.16 0.53403
11 0.8 0.016 0.784
11 0.784 0.16 0.624
13 0.8 0.016 0.784
13 0.784 0.16 0.624
5 0.8 0.16 0.64
5 0.714783 0.016 0.698783
5 0.698783 0.16 0.538783
20 0.8 0.016 0.784
20 0.784 0.16 0.624
28 0.8 0.016 0.784
28 0.784 0.16 0.624
3 0.8 0.016 0.784
3 0.784 0.16 0.624
18 0.8 0.16 0.64
27 0.8 0.16 0.64
18 0.716559 0.016 0.700559
27 0.717995 0.016 0.701995
27 0.701995 0.16 0.541995
18 0.700559 0.16 0.540559
10 0.8 0.016 0.784
26 0.8 0.016 0.784
10 0.784 0.16 0.624
26 0.784 0.16 0.624
1 0.8 0.16 0.64
1 0.64 0.16 0.48
1 0.558422 0.016 0.542422
1 0.542422 0.16 0.382422
21 0.8 0.016 0.784
21 0.784 0.16 0.624
16 0.8 0.16 0.64
16 0.711681 0.016 0.695681
16 0.695681 0.16 0.535681
2 0.8 0.016 0.784
2 0.784 0.16 0.624
15 0.8 0.016 0.784
15 0.784 0.16 0.624
