0 1450
0 1451
0 1452
0 1453
0 1454
0 1455
0 1456
0 1457
0 1458
0 1459
0 1462
58 1460
0 1468
0 1470
28 1469
0 1472
0 1474
20 1467
0 1478
0 1481
0 1483
0 1486
0 1491
0 1497
47 1495
0 1506
45 1498
0 1509
29 1484
42 1471
4 1482
8 1466
0 1514
5 1501
0 1518
0 1521
23 1520
56 1502
16 1508
44 1463
0 1527
27 1513
10 1492
0 1532
0 1535
26 1487
52 1485
41 1488
39 1490
0 1538
0 1540
0 1541
0 1542
0 1543
0 1544
11 1531
30 1504
0 1545
17 1493
3 1480
0 1546
36 1507
0 1547
22 1464
0 1548
31 1511
0 1549
37 1500
0 1550
0 1551
0 1552
1 1533
0 1553
6 1477
0 1554
14 1522
38 1476
0 1555
18 1489
0 1556
43 1517
0 1557
40 1529
46 1525
0 1558
9 1479
0 1559
24 1523
0 1560
0 1561
0 1562
0 1563
7 1516
50 1461
0 1564
33 1505
57 1510
0 1565
21 1515
0 1566
19 1499
25 1534
0 1567
53 1539
0 1568
54 1526
0 1569
32 1473
35 1465
0 1570
0 1571
0 1572
48 1475
0 1573
0 1574
0 1575
49 1519
0 1576
15 1512
0 1577
12 1528
59 1496
13 1494
0 1578
0 1579
2 1503
0 1580
55 1537
0 1581
51 1530
0 1582
34 1524
0 1583
0 1584
0 1585
0 1586
60 1536
0 1587
0 1588
0 1589
0 1590
0 1591
0 1592
0 1593
0 1594
0 1595
0 1596
0 1597
0 1598
0 1599
0 1600
0 1601
0 1602
0 1603
0 1604
0 1605
0 1606
0 1607
0 1608
0 1609
0 1610
0 1611
0 1612
0 1613
0 1614
0 1615
0 1616
0 1617
0 1618
0 1619
0 1620
0 1621
0 1622
0 1623
0 1624
0 1625
0 1626
0 1627
0 1628
0 1629
0 1630
0 1631
0 1632
0 1633
0 1634
0 1635
0 1636
0 1637
0 1638
0 1639
0 1640
0 1641
0 1642
0 1643
0 1644
0 1645
0 1646
0 1647
0 1648
0 1649
0 1650
0 1651
0 1652
0 1653
0 1654
0 1655
0 1656
0 1657
0 1658
0 1659
