57 0.8 0.016 0.784
57 0.784 0.16 0.624
39 0.8 0.016 0.784
39 0.784 0.16 0.624
20 0.8 0.16 0.64
79 0.8 0.16 0.64
20 0.718976 0.016 0.702976
79 0.715372 0.016 0.699372
83 0.8 0.016 0.784
79 0.699372 0.16 0.539372
83 0.784 0.16 0.624
20 0.702976 0.16 0.542976
91 0.8 0.16 0.64
91 0.64 0.16 0.48
91 0.55222 0.016 0.53622
91 0.53622 0.16 0.37622
49 0.8 0.016 0.784
78 0.8 0.016 0.784
49 0.784 0.16 0.624
78 0.784 0.16 0.624
31 0.8 0.016 0.784
47 0.8 0.016 0.784
53 0.8 0.016 0.784
31 0.784 0.16 0.624
53 0.784 0.16 0.624
47 0.784 0.16 0.624
8 0.8 0.16 0.64
71 0.8 0.16 0.64
5 0.8 0.16 0.64
8 0.64 0.16 0.48
71 0.64 0.16 0.48
5 0.64 0.16 0.48
8 0.48 0.16 0.32
71 0.48 0.16 0.32
5 0.551897 0.016 0.535897
8 0.391796 0.016 0.375796
71 0.394006 0.016 0.378006
8 0.375796 0.16 0.215796
71 0.378006 0.16 0.218006
5 0.535897 0.16 0.375897
63 0.8 0.16 0.64
69 0.8 0.16 0.64
13 0.8 0.16 0.64
26 0.8 0.16 0.64
63 0.64 0.16 0.48
69 0.64 0.16 0.48
26 0.718369 0.016 0.702369
69 0.554488 0.016 0.538488
26 0.702369 0.16 0.542369
69 0.538488 0.16 0.378488
13 0.719921 0.16 0.559921
50 0.8 0.16 0.64
63 0.552262 0.16 0.392262
73 0.8 0.16 0.64
13 0.559921 0.16 0.399921
63 0.392262 0.16 0.232262
13 0.476594 0.016 0.460594
50 0.713089 0.016 0.697089
63 0.306412 0.016 0.290412
73 0.716845 0.016 0.700845
63 0.290412 0.16 0.130412
13 0.460594 0.16 0.300594
50 0.697089 0.16 0.537089
73 0.700845 0.16 0.540845
77 0.8 0.16 0.64
16 0.8 0.16 0.64
51 0.8 0.16 0.64
77 0.64 0.16 0.48
16 0.713628 0.016 0.697628
28 0.8 0.016 0.784
77 0.554037 0.016 0.538037
16 0.697628 0.16 0.537628
28 0.784 0.16 0.624
77 0.538037 0.16 0.378037
23 0.8 0.16 0.64
51 0.711893 0.16 0.551893
82 0.8 0.16 0.64
23 0.64 0.16 0.48
51 0.551893 0.16 0.391893
23 0.557422 0.016 0.541422
51 0.466446 0.016 0.450446
82 0.718112 0.016 0.702112
51 0.450446 0.16 0.290446
82 0.702112 0.16 0.542112
23 0.541422 0.16 0.381422
48 0.8 0.16 0.64
66 0.8 0.16 0.64
48 0.64 0.16 0.48
66 0.64 0.16 0.48
48 0.552079 0.016 0.536079
66 0.555534 0.016 0.539534
48 0.536079 0.16 0.376079
66 0.539534 0.16 0.379534
89 0.8 0.16 0.64
7 0.8 0.016 0.784
14 0.8 0.016 0.784
89 0.71186 0.016 0.69586
14 0.784 0.16 0.624
89 0.69586 0.16 0.53586
7 0.784 0.16 0.624
38 0.8 0.16 0.64
74 0.8 0.16 0.64
38 0.64 0.16 0.48
74 0.64 0.16 0.48
38 0.48 0.16 0.32
74 0.48 0.16 0.32
38 0.3905 0.016 0.3745
74 0.399848 0.016 0.383848
38 0.3745 0.16 0.2145
74 0.383848 0.16 0.223848
59 0.8 0.016 0.784
59 0.784 0.16 0.624
29 0.8 0.16 0.64
29 0.717373 0.016 0.701373
29 0.701373 0.16 0.541373
92 0.8 0.016 0.784
92 0.784 0.16 0.624
19 0.8 0.16 0.64
85 0.8 0.16 0.64
19 0.710796 0.016 0.694796
85 0.712026 0.016 0.696026
19 0.694796 0.16 0.534796
85 0.696026 0.16 0.536026
90 0.8 0.016 0.784
90 0.784 0.16 0.624
60 0.8 0.016 0.784
60 0.784 0.16 0.624
41 0.8 0.16 0.64
70 0.8 0.16 0.64
41 0.718878 0.016 0.702878
56 0.8 0.016 0.784
70 0.71926 0.016 0.70326
99 0.8 0.016 0.784
70 0.70326 0.16 0.54326
41 0.702878 0.16 0.542878
99 0.784 0.16 0.624
56 0.784 0.16 0.624
11 0.8 0.16 0.64
11 0.64 0.16 0.48
11 0.48 0.16 0.32
11 0.32 0.16 0.16
11 0.233602 0.016 0.217602
11 0.217602 0.16 0.0576022
17 0.8 0.016 0.784
17 0.784 0.16 0.624
15 0.8 0.16 0.64
15 0.715489 0.016 0.699489
33 0.8 0.016 0.784
33 0.784 0.16 0.624
15 0.699489 0.16 0.539489
12 0.8 0.16 0.64
40 0.8 0.16 0.64
67 0.8 0.16 0.64
12 0.714752 0.016 0.698752
40 0.718743 0.016 0.702743
40 0.702743 0.16 0.542743
12 0.698752 0.16 0.538752
67 0.716195 0.16 0.556195
67 0.556195 0.16 0.396195
67 0.473794 0.016 0.457794
67 0.457794 0.16 0.297794
62 0.8 0.016 0.784
62 0.784 0.16 0.624
75 0.8 0.016 0.784
87 0.8 0.016 0.784
75 0.784 0.16 0.624
87 0.784 0.16 0.624
96 0.8 0.016 0.784
96 0.784 0.16 0.624
25 0.8 0.16 0.64
25 0.712886 0.016 0.696886
25 0.696886 0.16 0.536886
27 0.8 0.016 0.784
37 0.8 0.016 0.784
45 0.8 0.016 0.784
68 0.8 0.016 0.784
45 0.784 0.16 0.624
68 0.784 0.16 0.624
37 0.784 0.16 0.624
27 0.784 0.16 0.624
36 0.8 0.16 0.64
61 0.8 0.16 0.64
32 0.8 0.16 0.64
36 0.64 0.16 0.48
61 0.64 0.16 0.48
94 0.8 0.16 0.64
2 0.8 0.16 0.64
32 0.64 0.16 0.48
36 0.48 0.16 0.32
61 0.48 0.16 0.32
94 0.64 0.16 0.48
32 0.48 0.16 0.32
36 0.32 0.16 0.16
61 0.32 0.16 0.16
94 0.48 0.16 0.32
32 0.392095 0.016 0.376095
36 0.235261 0.016 0.219261
61 0.239301 0.016 0.223301
94 0.392593 0.016 0.376593
94 0.376593 0.16 0.216593
61 0.223301 0.16 0.0633011
36 0.219261 0.16 0.0592614
32 0.376095 0.16 0.216095
2 0.711073 0.16 0.551073
10 0.8 0.16 0.64
2 0.551073 0.16 0.391073
2 0.391073 0.16 0.231073
10 0.64 0.16 0.48
2 0.231073 0.16 0.0710731
10 0.48 0.16 0.32
2 0.143271 0.016 0.127271
10 0.398225 0.016 0.382225
10 0.382225 0.16 0.222225
2 0.127271 0.16 -0.032729
18 0.8 0.16 0.64
43 0.8 0.16 0.64
1 0.8 0.016 0.784
2 0.0751503 0.016 0.0591503
18 0.711637 0.016 0.695637
43 0.715129 0.016 0.699129
43 0.699129 0.16 0.539129
1 0.784 0.16 0.624
18 0.695637 0.16 0.535637
2 0.0591503 0.16 -0.10085
30 0.8 0.16 0.64
42 0.8 0.16 0.64
21 0.8 0.16 0.64
30 0.64 0.16 0.48
42 0.64 0.16 0.48
44 0.8 0.16 0.64
95 0.8 0.16 0.64
2 0 0.16 -0.16
30 0.48 0.16 0.32
42 0.48 0.16 0.32
21 0.713888 0.016 0.697888
30 0.393604 0.016 0.377604
42 0.392318 0.016 0.376318
44 0.714076 0.016 0.698076
95 0.716002 0.016 0.700002
44 0.698076 0.16 0.538076
30 0.377604 0.16 0.217604
95 0.700002 0.16 0.540002
42 0.376318 0.16 0.216318
21 0.697888 0.16 0.537888
97 0.8 0.16 0.64
46 0.8 0.016 0.784
97 0.788607 0.016 0.772607
97 0.772607 0.16 0.612607
46 0.784 0.16 0.624
54 0.8 0.016 0.784
54 0.784 0.16 0.624
2 0.301389 0.16 0.141389
65 0.8 0.016 0.784
65 0.784 0.16 0.624
2 0.214036 0.16 0.0540357
22 0.8 0.16 0.64
35 0.8 0.16 0.64
22 0.710244 0.016 0.694244
35 0.718304 0.016 0.702304
22 0.694244 0.16 0.534244
35 0.702304 0.16 0.542304
6 0.8 0.16 0.64
6 0.718221 0.016 0.702221
6 0.702221 0.16 0.542221
4 0.8 0.16 0.64
52 0.8 0.16 0.64
64 0.8 0.16 0.64
4 0.716947 0.016 0.700947
52 0.71019 0.016 0.69419
64 0.710781 0.016 0.694781
64 0.694781 0.16 0.534781
4 0.700947 0.16 0.540947
52 0.69419 0.16 0.53419
88 0.8 0.016 0.784
88 0.784 0.16 0.624
55 0.8 0.16 0.64
55 0.718681 0.016 0.702681
55 0.702681 0.16 0.542681
34 0.8 0.16 0.64
34 0.717898 0.016 0.701898
34 0.701898 0.16 0.541898
9 0.8 0.16 0.64
9 0.712319 0.016 0.696319
24 0.8 0.016 0.784
72 0.8 0.016 0.784
86 0.8 0.016 0.784
24 0.784 0.16 0.624
9 0.696319 0.16 0.536319
86 0.784 0.16 0.624
72 0.784 0.16 0.624
58 0.8 0.16 0.64
58 0.64 0.16 0.48
58 0.48 0.16 0.32
58 0.32 0.16 0.16
58 0.232784 0.016 0.216784
58 0.216784 0.16 0.0567837
76 0.8 0.016 0.784
76 0.784 0.16 0.624
80 0.8 0.016 0.784
93 0.8 0.016 0.784
93 0.784 0.16 0.624
80 0.784 0.16 0.624
3 0.8 0.16 0.64
81 0.8 0.16 0.64
84 0.8 0.16 0.64
98 0.8 0.16 0.64
81 0.64 0.16 0.48
81 0.55361 0.016 0.53761
84 0.718344 0.016 0.702344
98 0.714335 0.016 0.698335
98 0.698335 0.16 0.538335
81 0.53761 0.16 0.37761
84 0.702344 0.16 0.542344
3 0.712941 0.16 0.552941
3 0.552941 0.16 0.392941
3 0.465859 0.016 0.449859
3 0.449859 0.16 0.289859
100 0.8 0.016 0.784
100 0.784 0.16 0.624
