0 2110
0 2111
0 2112
0 2113
0 2114
0 2115
0 2116
0 2117
0 2118
0 2119
0 2121
0 2123
0 2127
0 2136
0 2142
89 2138
0 2146
40 2132
0 2155
0 2159
0 2163
82 2148
0 2167
76 2147
9 2144
0 2174
77 2152
0 2182
16 2150
0 2188
83 2186
74 2156
0 2196
37 2134
51 2194
42 2157
0 2198
12 2193
80 2129
0 2203
87 2139
0 2206
0 2213
4 2173
29 2166
34 2153
0 2220
68 2137
0 2225
71 2199
48 2135
0 2230
0 2231
6 2229
0 2232
11 2226
85 2185
64 2189
0 2233
47 2120
46 2214
86 2165
0 2234
22 2227
60 2131
38 2133
57 2130
44 2192
0 2235
54 2145
78 2154
0 2236
59 2140
0 2237
0 2238
61 2158
81 2228
31 2197
66 2210
0 2239
58 2175
0 2240
53 2176
90 2190
21 2187
0 2241
2 2141
13 2151
8 2177
0 2242
0 2243
26 2200
36 2181
88 2172
0 2244
25 2169
0 2245
19 2211
0 2246
28 2218
0 2247
0 2248
45 2162
0 2249
23 2184
0 2250
63 2224
0 2251
0 2252
0 2253
24 2125
75 2212
18 2128
0 2254
0 2255
49 2122
79 2124
55 2168
50 2180
0 2256
33 2201
30 2191
10 2160
0 2257
0 2258
0 2259
35 2221
70 2149
0 2260
56 2219
0 2261
3 2207
69 2202
17 2223
0 2262
62 2171
32 2126
7 2178
0 2263
43 2209
15 2161
0 2264
0 2265
67 2164
39 2143
0 2266
41 2179
52 2170
0 2267
0 2268
72 2195
84 2183
27 2204
0 2269
0 2270
0 2271
0 2272
5 2215
20 2205
0 2273
0 2274
1 2208
0 2275
65 2222
0 2276
73 2217
0 2277
14 2216
0 2278
0 2279
0 2280
0 2281
0 2282
0 2283
0 2284
0 2285
0 2286
0 2287
0 2288
0 2289
0 2290
0 2291
0 2292
0 2293
0 2294
0 2295
0 2296
0 2297
0 2298
0 2299
0 2300
0 2301
0 2302
0 2303
0 2304
0 2305
0 2306
0 2307
0 2308
0 2309
0 2310
0 2311
0 2312
0 2313
0 2314
0 2315
0 2316
0 2317
0 2318
0 2319
0 2320
0 2321
0 2322
0 2323
0 2324
0 2325
0 2326
0 2327
0 2328
0 2329
0 2330
0 2331
0 2332
0 2333
0 2334
0 2335
0 2336
0 2337
0 2338
0 2339
0 2340
0 2341
0 2342
0 2343
0 2344
0 2345
0 2346
0 2347
0 2348
0 2349
