50 0.8 0.016 0.784
50 0.784 0.16 0.624
31 0.8 0.016 0.784
31 0.784 0.16 0.624
19 0.8 0.16 0.64
19 0.711494 0.016 0.695494
19 0.695494 0.16 0.535494
12 0.8 0.16 0.64
12 0.716407 0.016 0.700407
15 0.8 0.016 0.784
12 0.700407 0.16 0.540407
15 0.784 0.16 0.624
33 0.8 0.016 0.784
44 0.8 0.016 0.784
44 0.784 0.16 0.624
33 0.784 0.16 0.624
9 0.8 0.016 0.784
9 0.784 0.16 0.624
14 0.8 0.016 0.784
14 0.784 0.16 0.624
46 0.8 0.016 0.784
46 0.784 0.16 0.624
1 0.8 0.016 0.784
24 0.8 0.016 0.784
24 0.784 0.16 0.624
1 0.784 0.16 0.624
25 0.8 0.16 0.64
25 0.64 0.16 0.48
25 0.635667 0.016 0.619667
32 0.8 0.016 0.784
32 0.784 0.16 0.624
25 0.619667 0.16 0.459667
40 0.8 0.16 0.64
40 0.716092 0.016 0.700092
40 0.700092 0.16 0.540092
10 0.8 0.16 0.64
10 0.716157 0.016 0.700157
10 0.700157 0.16 0.540157
21 0.8 0.016 0.784
21 0.784 0.16 0.624
35 0.8 0.016 0.784
35 0.784 0.16 0.624
23 0.8 0.16 0.64
23 0.71764 0.016 0.70164
43 0.8 0.016 0.784
23 0.70164 0.16 0.54164
43 0.784 0.16 0.624
22 0.8 0.16 0.64
6 0.8 0.016 0.784
22 0.716399 0.016 0.700399
34 0.8 0.016 0.784
34 0.784 0.16 0.624
6 0.784 0.16 0.624
22 0.700399 0.16 0.540399
5 0.8 0.016 0.784
5 0.784 0.16 0.624
26 0.8 0.016 0.784
27 0.8 0.016 0.784
27 0.784 0.16 0.624
26 0.784 0.16 0.624
49 0.8 0.16 0.64
49 0.64 0.16 0.48
49 0.554291 0.016 0.538291
49 0.538291 0.16 0.378291
38 0.8 0.016 0.784
38 0.784 0.16 0.624
13 0.8 0.016 0.784
28 0.8 0.016 0.784
13 0.784 0.16 0.624
28 0.784 0.16 0.624
11 0.8 0.016 0.784
11 0.784 0.16 0.624
48 0.8 0.16 0.64
48 0.714617 0.016 0.698617
48 0.698617 0.16 0.538617
18 0.8 0.016 0.784
18 0.784 0.16 0.624
41 0.8 0.16 0.64
41 0.711796 0.016 0.695796
41 0.695796 0.16 0.535796
29 0.8 0.016 0.784
30 0.8 0.016 0.784
36 0.8 0.016 0.784
29 0.784 0.16 0.624
36 0.784 0.16 0.624
30 0.784 0.16 0.624
4 0.8 0.016 0.784
4 0.784 0.16 0.624
47 0.8 0.016 0.784
47 0.784 0.16 0.624
8 0.8 0.16 0.64
8 0.719564 0.016 0.703564
8 0.703564 0.16 0.543564
37 0.8 0.16 0.64
39 0.8 0.16 0.64
37 0.716576 0.016 0.700576
39 0.710556 0.016 0.694556
37 0.700576 0.16 0.540576
39 0.694556 0.16 0.534556
45 0.8 0.016 0.784
45 0.784 0.16 0.624
7 0.8 0.16 0.64
7 0.790823 0.016 0.774823
7 0.774823 0.16 0.614823
17 0.8 0.016 0.784
17 0.784 0.16 0.624
2 0.8 0.16 0.64
2 0.714123 0.016 0.698123
2 0.698123 0.16 0.538123
42 0.8 0.16 0.64
42 0.714044 0.016 0.698044
42 0.698044 0.16 0.538044
16 0.8 0.016 0.784
20 0.8 0.016 0.784
16 0.784 0.16 0.624
20 0.784 0.16 0.624
3 0.8 0.16 0.64
3 0.710294 0.016 0.694294
3 0.694294 0.16 0.534294
