3 1893 0 100 32663614 1.1308 1.1308
71 1894 0 100 32679638 1.3308 1.3308
66 1890 0 100 32677300 1.4308 1.4308
31 1925 0 100 32675230 1.7308 1.7308
29 1900 0 100 32640666 1.9308 1.9308
54 1926 0 100 32647302 1.9308 1.9308
46 1916 0 100 32665848 2.0308 2.0308
6 1899 0 100 32667242 2.1308 2.1308
20 1921 0 100 32676104 2.2308 2.2308
73 1896 0 100 32655338 2.2308 2.2308
5 1929 0 100 32638678 2.3308 2.3308
70 1913 0 100 32675034 2.4308 2.4308
39 1935 0 100 32650154 2.6308 2.6308
1 1895 0 100 32668722 2.7308 2.7308
69 1955 0 100 32647940 2.7308 2.7308
43 1938 0 100 32671044 2.9308 2.9308
77 1972 0 100 32641492 2.9308 2.9308
59 1940 0 100 32666630 2.9308 2.9308
38 1950 0 100 32659378 2.9308 2.9308
18 1892 0 100 32650810 3.2308 3.2308
51 1957 0 100 32681404 3.2308 3.2308
45 1923 0 100 32647576 3.3308 3.3308
56 1932 0 100 32663144 3.3308 3.3308
75 1908 0 100 32668964 3.3308 3.3308
25 1949 0 100 32655392 3.3308 3.3308
67 1904 0 100 32658206 3.3308 3.3308
41 1943 0 100 32682880 3.5308 3.5308
16 1922 0 100 32645236 3.6308 3.6308
44 1984 0 100 32660976 3.8308 3.8308
7 1912 0 100 32628852 3.8308 3.8308
64 1976 0 100 32672146 3.8308 3.8308
22 1941 0 100 32664956 3.9308 3.9308
78 1969 0 100 32649140 4.0308 4.0308
65 1963 0 100 32632280 4.1308 4.1308
57 1988 0 100 32649872 4.1308 4.1308
28 1944 0 100 32668008 4.3308 4.3308
63 1947 0 100 32656308 4.3308 4.3308
52 1917 0 100 32675172 4.3308 4.3308
24 1898 0 100 32633434 4.5308 4.5308
17 1910 0 100 32664476 4.5308 4.5308
8 1927 0 100 32667588 4.6308 4.6308
55 1911 0 100 32660110 4.6308 4.6308
68 1931 0 100 32675030 4.7308 4.7308
48 1914 0 100 32653526 4.8308 4.8308
12 1907 0 100 32649906 4.8308 4.8308
33 1920 0 100 32635174 4.9308 4.9308
49 1952 0 100 32681378 5.3308 5.3308
19 1960 0 100 32639392 5.3308 5.3308
21 1937 0 100 32659156 5.4308 5.4308
58 1973 0 100 32667480 5.4308 5.4308
23 1964 0 100 32665036 5.5308 5.5308
80 1905 0 100 32674916 5.5308 5.5308
2 1978 0 100 32645630 5.7308 5.7308
35 1961 0 100 32661818 5.7308 5.7308
15 1974 0 100 32672234 5.7308 5.7308
50 1981 0 100 32662588 5.9308 5.9308
13 1918 0 100 32634668 5.9308 5.9308
76 1956 0 100 32662272 6.0308 6.0308
27 1958 0 100 32638614 6.2308 6.2308
60 1901 0 100 32666078 6.2308 6.2308
4 1946 0 100 32638416 6.2308 6.2308
61 1970 0 100 32664320 6.3308 6.3308
32 1915 0 100 32679072 6.4308 6.4308
34 1980 0 100 32656962 6.4308 6.4308
72 1951 0 100 32641382 6.5308 6.5308
10 1934 0 100 32648332 6.6308 6.6308
30 1930 0 100 32647770 6.6308 6.6308
79 1936 0 100 32645352 6.7308 6.7308
74 1945 0 100 32656668 6.7308 6.7308
40 1967 0 100 32640396 6.8308 6.8308
37 1982 0 100 32665482 6.9308 6.9308
53 1986 0 100 32636874 7.0308 7.0308
62 1979 0 100 32654966 7.0308 7.0308
36 1953 0 100 32640016 7.3308 7.3308
47 1985 0 100 32667854 7.5308 7.5308
26 1989 0 100 32639442 7.7308 7.7308
