16 1071 1.01706
13 1072 1.04387
40 1075 1.21564
24 1076 1.23534
32 1077 1.24893
26 1078 1.24933
14 1081 1.4517
35 1082 1.45759
11 1083 1.48859
18 1084 1.50518
6 1086 1.54869
17 1087 1.56556
2 1091 1.82901
30 1092 1.85511
36 1094 1.98142
31 1096 2.06086
5 1098 2.14033
33 1100 2.22256
4 1101 2.23126
3 1102 2.23511
12 1103 2.25612
20 1104 2.30986
10 1106 2.35388
37 1107 2.35936
39 1109 2.44604
19 1110 2.46776
8 1112 2.58604
7 1113 2.58883
34 1114 2.60006
15 1116 2.64535
38 1117 2.67078
29 1118 2.70192
21 1120 2.72498
1 1121 2.7743
23 1122 2.80804
9 1125 2.92487
28 1126 2.96888
25 1127 2.97285
22 1128 2.98679
27 1129 2.9937
