0 1880
0 1881
0 1882
0 1883
0 1884
0 1885
0 1886
0 1887
0 1888
0 1889
0 1891
0 1897
3 1893
0 1902
0 1906
71 1894
0 1909
66 1890
0 1919
0 1924
0 1928
31 1925
0 1933
0 1939
29 1900
54 1926
0 1942
46 1916
0 1948
6 1899
0 1954
20 1921
73 1896
0 1959
5 1929
0 1962
70 1913
0 1965
0 1971
39 1935
0 1977
1 1895
69 1955
0 1983
0 1987
43 1938
42 1966
77 1972
59 1940
38 1950
0 1990
0 1991
0 1992
18 1892
51 1957
0 1993
45 1923
56 1932
75 1908
25 1949
67 1904
0 1994
0 1995
41 1943
0 1996
16 1922
0 1997
0 1998
44 1984
7 1912
64 1976
0 1999
22 1941
0 2000
78 1969
0 2001
65 1963
57 1988
0 2002
0 2003
28 1944
63 1947
52 1917
0 2004
0 2005
24 1898
17 1910
0 2006
8 1927
55 1911
0 2007
68 1931
0 2008
48 1914
9 1903
12 1907
0 2009
33 1920
0 2010
0 2011
0 2012
0 2013
49 1952
19 1960
0 2014
21 1937
58 1973
0 2015
23 1964
80 1905
0 2016
0 2017
2 1978
35 1961
11 1975
15 1974
0 2018
0 2019
50 1981
13 1918
0 2020
76 1956
0 2021
0 2022
27 1958
60 1901
4 1946
0 2023
61 1970
0 2024
32 1915
34 1980
0 2025
72 1951
0 2026
10 1934
30 1930
0 2027
79 1936
74 1945
0 2028
40 1967
0 2029
37 1982
0 2030
53 1986
14 1968
62 1979
0 2031
0 2032
0 2033
36 1953
0 2034
0 2035
47 1985
0 2036
0 2037
26 1989
0 2038
0 2039
0 2040
0 2041
0 2042
0 2043
0 2044
0 2045
0 2046
0 2047
0 2048
0 2049
0 2050
0 2051
0 2052
0 2053
0 2054
0 2055
0 2056
0 2057
0 2058
0 2059
0 2060
0 2061
0 2062
0 2063
0 2064
0 2065
0 2066
0 2067
0 2068
0 2069
0 2070
0 2071
0 2072
0 2073
0 2074
0 2075
0 2076
0 2077
0 2078
0 2079
0 2080
0 2081
0 2082
0 2083
0 2084
0 2085
0 2086
0 2087
0 2088
0 2089
0 2090
0 2091
0 2092
0 2093
0 2094
0 2095
0 2096
0 2097
0 2098
0 2099
0 2100
0 2101
0 2102
0 2103
0 2104
0 2105
0 2106
0 2107
0 2108
0 2109
