0 1660
0 1661
0 1662
0 1663
0 1664
0 1665
0 1666
0 1667
0 1668
0 1669
0 1670
0 1676
0 1679
0 1685
0 1689
0 1693
0 1697
0 1701
0 1707
0 1712
0 1717
64 1713
0 1723
1 1710
43 1721
19 1681
0 1728
0 1732
20 1709
0 1738
36 1724
0 1742
37 1719
15 1741
0 1746
59 1739
0 1751
42 1706
39 1700
3 1671
0 1753
55 1696
0 1757
50 1755
0 1760
4 1708
0 1761
65 1752
57 1716
9 1731
34 1690
0 1762
29 1730
0 1763
22 1686
0 1764
0 1765
2 1745
44 1727
0 1766
54 1698
0 1767
62 1718
13 1759
21 1687
5 1673
0 1768
0 1769
0 1770
60 1736
0 1771
0 1772
0 1773
23 1680
32 1674
0 1774
52 1695
58 1683
31 1734
0 1775
27 1726
63 1749
0 1776
28 1684
69 1720
0 1777
38 1711
46 1677
0 1778
30 1743
45 1754
0 1779
33 1705
61 1704
8 1691
0 1780
48 1692
0 1781
0 1782
0 1783
12 1699
47 1675
67 1733
0 1784
6 1748
0 1785
10 1702
18 1672
7 1747
0 1786
53 1735
17 1694
41 1688
56 1678
0 1787
11 1744
0 1788
26 1740
0 1789
0 1790
70 1714
0 1791
49 1715
35 1729
66 1682
0 1792
0 1793
0 1794
0 1795
40 1703
0 1796
0 1797
24 1722
0 1798
25 1758
0 1799
0 1800
0 1801
68 1725
0 1802
0 1803
16 1750
0 1804
14 1737
51 1756
0 1805
0 1806
0 1807
0 1808
0 1809
0 1810
0 1811
0 1812
0 1813
0 1814
0 1815
0 1816
0 1817
0 1818
0 1819
0 1820
0 1821
0 1822
0 1823
0 1824
0 1825
0 1826
0 1827
0 1828
0 1829
0 1830
0 1831
0 1832
0 1833
0 1834
0 1835
0 1836
0 1837
0 1838
0 1839
0 1840
0 1841
0 1842
0 1843
0 1844
0 1845
0 1846
0 1847
0 1848
0 1849
0 1850
0 1851
0 1852
0 1853
0 1854
0 1855
0 1856
0 1857
0 1858
0 1859
0 1860
0 1861
0 1862
0 1863
0 1864
0 1865
0 1866
0 1867
0 1868
0 1869
0 1870
0 1871
0 1872
0 1873
0 1874
0 1875
0 1876
0 1877
0 1878
0 1879
