57 2371 0 100 32645922 1.45792 1.45792
39 2360 0 100 32637552 1.75792 1.75792
79 2399 0 100 32657286 1.85792 1.85792
83 2410 0 100 32677698 1.85792 1.85792
20 2367 0 100 32646404 1.85792 1.85792
91 2391 0 100 32644034 1.95792 1.95792
49 2373 0 100 32665402 2.15792 2.15792
78 2368 0 100 32657300 2.15792 2.15792
31 2372 0 100 32647630 2.35792 2.35792
53 2412 0 100 32676662 2.35792 2.35792
47 2434 0 100 32664342 2.35792 2.35792
71 2378 0 100 32635332 2.45792 2.45792
5 2422 0 100 32681316 2.45792 2.45792
26 2389 0 100 32678674 2.55792 2.55792
69 2426 0 100 32636024 2.55792 2.55792
63 2407 0 100 32660196 2.65792 2.65792
50 2381 0 100 32650022 2.65792 2.65792
73 2417 0 100 32678140 2.65792 2.65792
16 2406 0 100 32678866 2.75792 2.75792
28 2461 0 100 32680646 2.75792 2.75792
77 2408 0 100 32651422 2.75792 2.75792
82 2460 0 100 32673334 2.85792 2.85792
23 2402 0 100 32653820 2.85792 2.85792
48 2386 0 100 32656460 2.95792 2.95792
66 2390 0 100 32638330 2.95792 2.95792
14 2401 0 100 32682406 3.05792 3.05792
89 2405 0 100 32663834 3.05792 3.05792
7 2451 0 100 32668658 3.05792 3.05792
74 2383 0 100 32641460 3.15792 3.15792
59 2444 0 100 32676802 3.25792 3.25792
29 2416 0 100 32652180 3.35792 3.35792
92 2456 0 100 32646612 3.45792 3.45792
19 2478 0 100 32666054 3.55792 3.55792
85 2375 0 100 32653766 3.55792 3.55792
90 2379 0 100 32676684 3.65792 3.65792
60 2466 0 100 32629554 3.95792 3.95792
70 2370 0 100 32638878 4.05792 4.05792
41 2454 0 100 32623242 4.05792 4.05792
99 2440 0 100 32680152 4.05792 4.05792
56 2366 0 100 32674180 4.05792 4.05792
11 2470 0 100 32629276 4.15792 4.15792
17 2364 0 100 32660494 4.25792 4.25792
33 2377 0 100 32682656 4.35792 4.35792
15 2362 0 100 32659152 4.35792 4.35792
40 2397 0 100 32634010 4.45792 4.45792
12 2468 0 100 32676138 4.45792 4.45792
67 2384 0 100 32632498 4.55792 4.55792
62 2450 0 100 32657346 4.65792 4.65792
75 2394 0 100 32674630 4.85792 4.85792
87 2433 0 100 32652392 4.85792 4.85792
96 2365 0 100 32675132 4.95792 4.95792
25 2395 0 100 32663462 5.05792 5.05792
45 2473 0 100 32648360 5.35792 5.35792
68 2392 0 100 32672324 5.35792 5.35792
37 2427 0 100 32680158 5.35792 5.35792
27 2413 0 100 32670740 5.35792 5.35792
94 2459 0 100 32668736 5.45792 5.45792
61 2452 0 100 32641752 5.45792 5.45792
36 2437 0 100 32654732 5.45792 5.45792
32 2479 0 100 32676016 5.45792 5.45792
10 2448 0 100 32665516 5.55792 5.55792
43 2421 0 100 32636788 5.65792 5.65792
1 2374 0 100 32665222 5.65792 5.65792
18 2462 0 100 32633292 5.65792 5.65792
44 2430 0 100 32672076 5.75792 5.75792
30 2441 0 100 32632810 5.75792 5.75792
95 2432 0 100 32657852 5.75792 5.75792
42 2361 0 100 32630474 5.75792 5.75792
21 2469 0 100 32674808 5.75792 5.75792
97 2385 0 100 32651768 5.95792 5.95792
46 2443 0 100 32651136 5.95792 5.95792
54 2458 0 100 32665728 6.05792 6.05792
65 2393 0 100 32675386 6.15792 6.15792
22 2436 0 100 32648608 6.25792 6.25792
35 2424 0 100 32674502 6.25792 6.25792
6 2398 0 100 32679688 6.35792 6.35792
64 2409 0 100 32645202 6.45792 6.45792
4 2419 0 100 32664028 6.45792 6.45792
52 2445 0 100 32650800 6.45792 6.45792
88 2446 0 100 32681684 6.65792 6.65792
55 2428 0 100 32628286 6.75792 6.75792
34 2431 0 100 32635792 6.85792 6.85792
24 2474 0 100 32668646 6.95792 6.95792
9 2477 0 100 32641810 6.95792 6.95792
86 2415 0 100 32670578 6.95792 6.95792
72 2420 0 100 32661174 6.95792 6.95792
58 2475 0 100 32660124 7.05792 7.05792
76 2449 0 100 32661218 7.25792 7.25792
93 2455 0 100 32674950 7.35792 7.35792
80 2438 0 100 32637348 7.35792 7.35792
98 2472 0 100 32661938 7.45792 7.45792
84 2447 0 100 32675354 7.45792 7.45792
3 2463 0 100 32648902 7.55792 7.55792
100 2467 0 100 32643400 7.85792 7.85792
