50 1261 0 100 32648616 1.04497 1.04497
31 1263 0 100 32653596 1.74497 1.74497
19 1264 0 100 32652676 1.84497 1.84497
12 1266 0 100 32651840 1.94497 1.94497
15 1290 0 100 32641338 1.94497 1.94497
44 1265 0 100 32657986 2.24497 2.24497
33 1288 0 100 32660842 2.24497 2.24497
9 1305 0 100 32664452 2.44497 2.44497
14 1280 0 100 32668290 2.64497 2.64497
46 1292 0 100 32658260 2.74497 2.74497
24 1285 0 100 32669320 2.94497 2.94497
1 1282 0 100 32674826 2.94497 2.94497
32 1302 0 100 32667668 3.14497 3.14497
25 1318 0 100 32657376 3.14497 3.14497
40 1291 0 100 32667226 3.24497 3.24497
10 1311 0 100 32665986 3.34497 3.34497
21 1314 0 100 32675396 3.54497 3.54497
35 1324 0 100 32673416 3.74497 3.74497
23 1279 0 100 32640244 3.84497 3.84497
43 1275 0 100 32675146 3.84497 3.84497
34 1297 0 100 32679370 3.94497 3.94497
22 1269 0 100 32682698 3.94497 3.94497
5 1309 0 100 32656842 4.14497 4.14497
27 1329 0 100 32668952 4.24497 4.24497
26 1319 0 100 32672080 4.24497 4.24497
49 1260 0 100 32644378 4.34497 4.34497
38 1306 0 100 32667540 4.54497 4.54497
13 1312 0 100 32653878 4.74497 4.74497
28 1298 0 100 32648262 4.74497 4.74497
11 1316 0 100 32662606 4.84497 4.84497
48 1287 0 100 32646740 4.94497 4.94497
18 1270 0 100 32653356 5.34497 5.34497
41 1294 0 100 32659120 5.44497 5.44497
29 1273 0 100 32661202 5.74497 5.74497
36 1322 0 100 32666186 5.74497 5.74497
30 1272 0 100 32657758 5.74497 5.74497
4 1284 0 100 32653346 5.94497 5.94497
47 1326 0 100 32663730 6.04497 6.04497
8 1278 0 100 32650912 6.14497 6.14497
37 1276 0 100 32665786 6.24497 6.24497
39 1268 0 100 32635862 6.24497 6.24497
45 1323 0 100 32668132 6.44497 6.44497
7 1321 0 100 32671032 6.64497 6.64497
17 1295 0 100 32680804 6.94497 6.94497
2 1300 0 100 32653442 7.04497 7.04497
42 1327 0 100 32638208 7.14497 7.14497
16 1303 0 100 32640526 7.34497 7.34497
20 1304 0 100 32666832 7.34497 7.34497
3 1320 0 100 32678700 7.44497 7.44497
