64 1713 0 100 32640776 2.05042 2.05042
1 1710 0 100 32649366 2.15042 2.15042
43 1721 0 100 32655090 2.15042 2.15042
19 1681 0 100 32637528 2.15042 2.15042
20 1709 0 100 32665330 2.35042 2.35042
36 1724 0 100 32663212 2.45042 2.45042
37 1719 0 100 32657476 2.55042 2.55042
15 1741 0 100 32663474 2.55042 2.55042
59 1739 0 100 32654298 2.65042 2.65042
42 1706 0 100 32636228 2.75042 2.75042
39 1700 0 100 32661100 2.75042 2.75042
3 1671 0 100 32645868 2.75042 2.75042
55 1696 0 100 32651104 2.85042 2.85042
50 1755 0 100 32642490 2.95042 2.95042
4 1708 0 100 32661606 3.05042 3.05042
65 1752 0 100 32678720 3.15042 3.15042
57 1716 0 100 32674108 3.15042 3.15042
9 1731 0 100 32632644 3.15042 3.15042
34 1690 0 100 32670326 3.15042 3.15042
29 1730 0 100 32642216 3.25042 3.25042
22 1686 0 100 32653896 3.35042 3.35042
2 1745 0 100 32680952 3.55042 3.55042
44 1727 0 100 32654934 3.55042 3.55042
54 1698 0 100 32667076 3.65042 3.65042
62 1718 0 100 32663122 3.75042 3.75042
13 1759 0 100 32652856 3.75042 3.75042
21 1687 0 100 32668420 3.75042 3.75042
5 1673 0 100 32659934 3.75042 3.75042
60 1736 0 100 32664252 4.05042 4.05042
23 1680 0 100 32673654 4.35042 4.35042
32 1674 0 100 32675080 4.35042 4.35042
52 1695 0 100 32669478 4.45042 4.45042
58 1683 0 100 32668038 4.45042 4.45042
31 1734 0 100 32673026 4.45042 4.45042
27 1726 0 100 32659812 4.55042 4.55042
63 1749 0 100 32668900 4.55042 4.55042
28 1684 0 100 32650704 4.65042 4.65042
69 1720 0 100 32680010 4.65042 4.65042
38 1711 0 100 32663468 4.75042 4.75042
46 1677 0 100 32680174 4.75042 4.75042
30 1743 0 100 32644082 4.85042 4.85042
45 1754 0 100 32663346 4.85042 4.85042
33 1705 0 100 32667920 4.95042 4.95042
61 1704 0 100 32655706 4.95042 4.95042
8 1691 0 100 32652760 4.95042 4.95042
48 1692 0 100 32651114 5.05042 5.05042
12 1699 0 100 32670522 5.35042 5.35042
47 1675 0 100 32643032 5.35042 5.35042
67 1733 0 100 32655954 5.35042 5.35042
6 1748 0 100 32662764 5.45042 5.45042
10 1702 0 100 32667668 5.55042 5.55042
18 1672 0 100 32643252 5.55042 5.55042
7 1747 0 100 32680648 5.55042 5.55042
53 1735 0 100 32640808 5.65042 5.65042
41 1688 0 100 32674084 5.65042 5.65042
56 1678 0 100 32654524 5.65042 5.65042
11 1744 0 100 32668182 5.75042 5.75042
26 1740 0 100 32640304 5.85042 5.85042
70 1714 0 100 32677628 6.05042 6.05042
49 1715 0 100 32659202 6.15042 6.15042
35 1729 0 100 32651030 6.15042 6.15042
66 1682 0 100 32628870 6.15042 6.15042
40 1703 0 100 32672370 6.55042 6.55042
24 1722 0 100 32633356 6.75042 6.75042
25 1758 0 100 32657758 6.85042 6.85042
68 1725 0 100 32670624 7.15042 7.15042
16 1750 0 100 32665148 7.35042 7.35042
14 1737 0 100 32659056 7.45042 7.45042
51 1756 0 100 32654902 7.45042 7.45042
