64 0.8 0.016 0.784
64 0.784 0.16 0.624
1 0.8 0.016 0.784
19 0.8 0.016 0.784
43 0.8 0.016 0.784
1 0.784 0.16 0.624
43 0.784 0.16 0.624
19 0.784 0.16 0.624
20 0.8 0.016 0.784
20 0.784 0.16 0.624
36 0.8 0.016 0.784
36 0.784 0.16 0.624
37 0.8 0.16 0.64
15 0.8 0.016 0.784
37 0.715256 0.016 0.699256
37 0.699256 0.16 0.539256
15 0.784 0.16 0.624
59 0.8 0.016 0.784
59 0.784 0.16 0.624
3 0.8 0.16 0.64
39 0.8 0.16 0.64
42 0.8 0.16 0.64
3 0.713362 0.016 0.697362
39 0.716606 0.016 0.700606
42 0.712718 0.016 0.696718
42 0.696718 0.16 0.536718
39 0.700606 0.16 0.540606
3 0.697362 0.16 0.537362
55 0.8 0.16 0.64
55 0.71633 0.016 0.70033
55 0.70033 0.16 0.54033
50 0.8 0.016 0.784
50 0.784 0.16 0.624
4 0.8 0.016 0.784
4 0.784 0.16 0.624
9 0.8 0.16 0.64
9 0.717125 0.016 0.701125
34 0.8 0.016 0.784
57 0.8 0.016 0.784
65 0.8 0.016 0.784
65 0.784 0.16 0.624
57 0.784 0.16 0.624
9 0.701125 0.16 0.541125
34 0.784 0.16 0.624
29 0.8 0.16 0.64
29 0.64 0.16 0.48
29 0.48 0.16 0.32
29 0.32 0.16 0.16
29 0.23401 0.016 0.21801
29 0.21801 0.16 0.0580098
22 0.8 0.016 0.784
22 0.784 0.16 0.624
2 0.8 0.016 0.784
44 0.8 0.016 0.784
2 0.784 0.16 0.624
44 0.784 0.16 0.624
54 0.8 0.16 0.64
54 0.714534 0.016 0.698534
54 0.698534 0.16 0.538534
5 0.8 0.16 0.64
13 0.8 0.16 0.64
21 0.8 0.16 0.64
62 0.8 0.16 0.64
5 0.711071 0.016 0.695071
13 0.719877 0.016 0.703877
21 0.715318 0.016 0.699318
62 0.712838 0.016 0.696838
62 0.696838 0.16 0.536838
13 0.703877 0.16 0.543877
21 0.699318 0.16 0.539318
5 0.695071 0.16 0.535071
60 0.8 0.016 0.784
60 0.784 0.16 0.624
23 0.8 0.016 0.784
32 0.8 0.016 0.784
23 0.784 0.16 0.624
32 0.784 0.16 0.624
31 0.8 0.16 0.64
52 0.8 0.16 0.64
58 0.8 0.16 0.64
31 0.64 0.16 0.48
52 0.64 0.16 0.48
58 0.64 0.16 0.48
31 0.552685 0.016 0.536685
52 0.558341 0.016 0.542341
58 0.557072 0.016 0.541072
52 0.542341 0.16 0.382341
58 0.541072 0.16 0.381072
31 0.536685 0.16 0.376685
27 0.8 0.16 0.64
27 0.64 0.16 0.48
63 0.8 0.16 0.64
27 0.48 0.16 0.32
63 0.64 0.16 0.48
27 0.396191 0.016 0.380191
63 0.553148 0.016 0.537148
27 0.380191 0.16 0.220191
63 0.537148 0.16 0.377148
28 0.8 0.16 0.64
69 0.8 0.16 0.64
28 0.713297 0.016 0.697297
69 0.71267 0.016 0.69667
28 0.697297 0.16 0.537297
69 0.69667 0.16 0.53667
38 0.8 0.16 0.64
46 0.8 0.16 0.64
38 0.716426 0.016 0.700426
46 0.714533 0.016 0.698533
38 0.700426 0.16 0.540426
46 0.698533 0.16 0.538533
30 0.8 0.16 0.64
45 0.8 0.16 0.64
30 0.64 0.16 0.48
45 0.64 0.16 0.48
30 0.558149 0.016 0.542149
45 0.558217 0.016 0.542217
30 0.542149 0.16 0.382149
45 0.542217 0.16 0.382217
61 0.8 0.16 0.64
8 0.8 0.16 0.64
33 0.8 0.16 0.64
61 0.64 0.16 0.48
8 0.714852 0.016 0.698852
33 0.713505 0.016 0.697505
61 0.553533 0.016 0.537533
33 0.697505 0.16 0.537505
61 0.537533 0.16 0.377533
8 0.698852 0.16 0.538852
48 0.8 0.16 0.64
48 0.64 0.16 0.48
48 0.48 0.16 0.32
48 0.399943 0.016 0.383943
48 0.383943 0.16 0.223943
12 0.8 0.016 0.784
47 0.8 0.016 0.784
67 0.8 0.016 0.784
12 0.784 0.16 0.624
47 0.784 0.16 0.624
67 0.784 0.16 0.624
6 0.8 0.16 0.64
6 0.64 0.16 0.48
6 0.48 0.16 0.32
6 0.392783 0.016 0.376783
6 0.376783 0.16 0.216783
7 0.8 0.016 0.784
10 0.8 0.016 0.784
18 0.8 0.016 0.784
10 0.784 0.16 0.624
18 0.784 0.16 0.624
7 0.784 0.16 0.624
17 0.8 0.16 0.64
41 0.8 0.16 0.64
53 0.8 0.16 0.64
56 0.8 0.16 0.64
53 0.64 0.16 0.48
56 0.64 0.16 0.48
17 0.64 0.16 0.48
41 0.64 0.16 0.48
53 0.48 0.16 0.32
56 0.48 0.16 0.32
17 0.551495 0.016 0.535495
41 0.55995 0.016 0.54395
53 0.396243 0.016 0.380243
56 0.390859 0.016 0.374859
53 0.380243 0.16 0.220243
17 0.535495 0.16 0.375495
41 0.54395 0.16 0.38395
56 0.374859 0.16 0.214859
11 0.8 0.16 0.64
26 0.8 0.16 0.64
11 0.718366 0.016 0.702366
11 0.702366 0.16 0.542366
26 0.71958 0.16 0.55958
26 0.634925 0.016 0.618925
26 0.618925 0.16 0.458925
70 0.8 0.016 0.784
70 0.784 0.16 0.624
35 0.8 0.16 0.64
49 0.8 0.16 0.64
66 0.8 0.16 0.64
35 0.718085 0.016 0.702085
49 0.71295 0.016 0.69695
66 0.715149 0.016 0.699149
49 0.69695 0.16 0.53695
35 0.702085 0.16 0.542085
66 0.699149 0.16 0.539149
40 0.8 0.016 0.784
40 0.784 0.16 0.624
24 0.8 0.016 0.784
24 0.784 0.16 0.624
25 0.8 0.016 0.784
25 0.784 0.16 0.624
68 0.8 0.016 0.784
68 0.784 0.16 0.624
16 0.8 0.016 0.784
16 0.784 0.16 0.624
14 0.8 0.16 0.64
51 0.8 0.16 0.64
14 0.710188 0.016 0.694188
51 0.715456 0.016 0.699456
14 0.694188 0.16 0.534188
51 0.699456 0.16 0.539456
