73 360
79 361
49 362
5 363
69 364
28 365
25 366
36 367
42 368
50 369
67 370
78 371
10 372
48 373
19 374
37 375
32 376
82 377
15 378
70 379
34 380
47 381
45 382
63 383
80 384
54 385
14 386
24 387
55 388
43 389
26 390
88 391
16 392
33 393
27 394
83 395
90 396
62 397
61 398
65 399
58 400
85 401
52 402
75 403
56 404
39 405
1 406
8 407
89 408
46 409
18 410
23 411
86 412
20 413
87 414
6 415
13 416
2 417
66 418
31 419
7 420
22 421
3 422
17 423
84 424
53 425
11 426
64 427
57 428
44 429
38 430
60 431
35 432
77 433
12 434
74 435
40 436
51 437
68 438
71 439
41 440
29 441
9 442
72 443
76 444
81 445
30 446
59 447
21 448
4 449
