40 280
36 281
55 282
33 283
37 284
41 285
13 286
56 287
61 288
19 289
2 290
73 291
1 292
62 293
22 294
7 295
63 296
6 297
47 298
58 299
50 300
60 301
57 302
26 303
75 304
24 305
28 306
38 307
12 308
45 309
65 310
3 311
51 312
31 313
69 314
14 315
78 316
42 317
53 318
48 319
68 320
67 321
39 322
64 323
77 324
35 325
5 326
54 327
74 328
43 329
25 330
46 331
10 332
59 333
44 334
4 335
76 336
15 337
21 338
29 339
23 340
70 341
27 342
66 343
20 344
79 345
32 346
49 347
11 348
72 349
9 350
80 351
17 352
30 353
16 354
8 355
71 356
34 357
52 358
18 359
