40 280 1.00415
36 281 1.01259
55 282 1.07024
33 283 1.10054
37 284 1.10915
41 285 1.11442
13 286 1.12918
56 287 1.14942
61 288 1.1859
19 289 1.18902
2 290 1.2062
73 291 1.2101
1 292 1.21819
62 293 1.24632
22 294 1.27635
7 295 1.28057
63 296 1.28292
6 297 1.36772
47 298 1.38307
58 299 1.4746
50 300 1.51224
60 301 1.53115
57 302 1.532
26 303 1.56802
75 304 1.57394
24 305 1.57997
28 306 1.59091
38 307 1.64153
12 308 1.6897
45 309 1.70055
65 310 1.70342
3 311 1.708
51 312 1.7412
31 313 1.77257
69 314 1.78578
14 315 1.79914
78 316 1.92582
42 317 1.94537
53 318 1.99036
48 319 1.99446
68 320 2.0653
67 321 2.14804
39 322 2.15405
64 323 2.18924
77 324 2.20754
35 325 2.21954
5 326 2.2258
54 327 2.23148
74 328 2.32274
43 329 2.32397
25 330 2.37907
46 331 2.41266
10 332 2.45955
59 333 2.47602
44 334 2.51591
4 335 2.53507
76 336 2.5373
15 337 2.55796
21 338 2.60286
29 339 2.64328
23 340 2.67375
70 341 2.68406
27 342 2.70403
66 343 2.75824
20 344 2.76284
79 345 2.78456
32 346 2.80984
49 347 2.82645
11 348 2.868
72 349 2.87422
9 350 2.87921
80 351 2.90376
17 352 2.91014
30 353 2.9103
16 354 2.94162
8 355 2.95161
71 356 2.96568
34 357 2.98905
52 358 2.98971
18 359 2.99087
