24 0.8 0.16 0.64
22 0.8 0.16 0.64
8 0.8 0.16 0.64
40 0.8 0.16 0.64
17 0.8 0.16 0.64
25 0.8 0.16 0.64
28 0.8 0.16 0.64
37 0.8 0.16 0.64
5 0.8 0.16 0.64
29 0.8 0.16 0.64
35 0.8 0.16 0.64
27 0.8 0.16 0.64
31 0.8 0.16 0.64
19 0.8 0.16 0.64
26 0.8 0.16 0.64
13 0.8 0.16 0.64
30 0.8 0.16 0.64
7 0.8 0.16 0.64
36 0.8 0.16 0.64
32 0.8 0.16 0.64
4 0.8 0.16 0.64
14 0.8 0.16 0.64
20 0.8 0.16 0.64
16 0.8 0.16 0.64
12 0.8 0.16 0.64
6 0.8 0.16 0.64
18 0.8 0.16 0.64
33 0.8 0.16 0.64
38 0.8 0.16 0.64
11 0.8 0.16 0.64
1 0.8 0.16 0.64
2 0.8 0.16 0.64
9 0.8 0.16 0.64
3 0.8 0.16 0.64
21 0.8 0.16 0.64
15 0.8 0.16 0.64
39 0.8 0.16 0.64
10 0.8 0.16 0.64
34 0.8 0.16 0.64
23 0.8 0.16 0.64
