24 60 1.08693
22 61 1.09098
8 62 1.22277
40 63 1.22976
17 64 1.31689
25 65 1.31783
28 66 1.32865
37 67 1.37362
5 68 1.49557
29 69 1.54191
35 70 1.5458
27 71 1.62637
31 72 1.67013
19 73 1.67838
26 74 1.68393
13 75 1.80891
30 76 1.81095
7 77 1.84831
36 78 1.90543
32 79 1.93848
4 80 1.94752
14 81 2.07974
20 82 2.11087
16 83 2.16488
12 84 2.22988
6 85 2.25679
18 86 2.33591
33 87 2.382
38 88 2.38252
11 89 2.51713
1 90 2.52279
2 91 2.54291
9 92 2.5569
3 93 2.61027
21 94 2.76167
15 95 2.7713
39 96 2.83702
10 97 2.8417
34 98 2.86706
23 99 2.94705
