16 210 1.00509
67 211 1.00851
3 212 1.01563
47 213 1.01987
50 214 1.03704
7 215 1.04986
34 216 1.07525
41 217 1.11218
8 218 1.20784
36 219 1.26515
48 220 1.28556
44 221 1.30814
46 222 1.31992
21 223 1.36777
13 224 1.40236
32 225 1.49941
10 226 1.52633
55 227 1.58545
17 228 1.62089
20 229 1.66006
45 230 1.72437
54 231 1.73191
12 232 1.73344
63 233 1.75269
61 234 1.79735
60 235 1.8092
64 236 1.82293
57 237 1.83268
69 238 1.84779
6 239 1.8534
52 240 1.90158
43 241 1.9103
33 242 1.95556
37 243 1.96261
28 244 2.00473
59 245 2.04716
1 246 2.05692
42 247 2.08478
15 248 2.14991
9 249 2.15182
65 250 2.1596
38 251 2.18253
66 252 2.19205
4 253 2.20542
24 254 2.28646
26 255 2.31697
30 256 2.3351
35 257 2.3811
14 258 2.38815
40 259 2.39596
2 260 2.41278
49 261 2.44892
22 262 2.45121
27 263 2.4898
51 264 2.49372
68 265 2.50586
11 266 2.55107
23 267 2.58836
29 268 2.59673
25 269 2.61406
18 270 2.67134
58 271 2.67154
31 272 2.68088
19 273 2.70533
39 274 2.76836
70 275 2.77535
62 276 2.78408
5 277 2.91018
53 278 2.91865
56 279 2.9455
