73 360 1.06491
79 361 1.1167
49 362 1.12493
5 363 1.13854
69 364 1.14047
28 365 1.16866
25 366 1.25072
36 367 1.25281
42 368 1.28074
50 369 1.29209
67 370 1.30274
78 371 1.34363
10 372 1.34831
48 373 1.35691
19 374 1.36643
37 375 1.38057
32 376 1.39145
82 377 1.39294
15 378 1.41529
70 379 1.4278
34 380 1.45779
47 381 1.46362
45 382 1.47866
63 383 1.53686
80 384 1.5455
54 385 1.56114
14 386 1.65375
24 387 1.65625
55 388 1.66632
43 389 1.67816
26 390 1.68007
88 391 1.72999
16 392 1.76886
33 393 1.77157
27 394 1.77606
83 395 1.78468
90 396 1.82312
62 397 1.82813
61 398 1.83908
65 399 1.84347
58 400 1.8614
85 401 1.88454
52 402 1.90329
75 403 2.0162
56 404 2.01826
39 405 2.03958
1 406 2.0462
8 407 2.0867
89 408 2.11293
46 409 2.13891
18 410 2.2061
23 411 2.23575
86 412 2.24698
20 413 2.26216
87 414 2.26686
6 415 2.27955
13 416 2.29056
2 417 2.29414
66 418 2.31744
31 419 2.33344
7 420 2.36984
22 421 2.37108
3 422 2.37384
17 423 2.38694
84 424 2.40587
53 425 2.41742
11 426 2.42749
64 427 2.45805
57 428 2.45911
44 429 2.48303
38 430 2.48433
60 431 2.48995
35 432 2.49583
77 433 2.49938
12 434 2.52653
74 435 2.53315
40 436 2.5467
51 437 2.60915
68 438 2.62729
71 439 2.68712
41 440 2.68808
29 441 2.69255
9 442 2.69764
72 443 2.74046
76 444 2.75137
81 445 2.83259
30 446 2.84223
59 447 2.97388
21 448 2.98456
4 449 2.99285
