17 450
76 451
87 452
51 453
27 454
96 455
53 456
82 457
41 458
20 459
79 460
52 461
58 462
26 463
18 464
56 465
8 466
12 467
66 468
67 469
73 470
99 471
60 472
42 473
10 474
63 475
40 476
28 477
74 478
7 479
75 480
95 481
15 482
25 483
19 484
3 485
68 486
37 487
69 488
46 489
85 490
88 491
21 492
64 493
4 494
33 495
39 496
45 497
89 498
2 499
61 500
9 501
81 502
44 503
48 504
84 505
1 506
32 507
77 508
43 509
16 510
24 511
54 512
35 513
6 514
31 515
11 516
93 517
59 518
50 519
49 520
90 521
72 522
78 523
98 524
62 525
13 526
92 527
34 528
100 529
23 530
70 531
97 532
86 533
91 534
14 535
71 536
94 537
80 538
83 539
30 540
38 541
55 542
47 543
65 544
36 545
29 546
57 547
22 548
5 549
