42 3514 0 100 154266440 1.42304 1.42304
12 3545 0 100 154269376 1.82304 1.82304
48 3542 0 100 154290592 1.82304 1.82304
32 3527 0 100 154260744 1.92304 1.92304
47 3532 0 100 154271872 1.92304 1.92304
19 3523 0 100 154298600 1.92304 1.92304
40 3512 0 100 154297944 2.12304 2.12304
18 3566 0 100 154299192 2.42304 2.42304
44 3571 0 100 56198278 2.52304 2.52304
17 3537 0 100 88867536 2.52304 2.52304
15 3533 0 100 154299944 2.72304 2.72304
59 3569 0 100 121531712 2.92304 2.92304
33 3572 0 100 121544156 2.92304 2.92304
25 3521 0 100 88853636 3.02304 3.02304
21 3575 0 100 88859316 3.02304 3.02304
28 3582 0 100 154288592 3.02304 3.02304
7 3531 0 100 121532420 3.12304 3.12304
31 3529 0 100 154253088 3.12304 3.12304
60 3524 0 100 154258640 3.12304 3.12304
9 3555 0 100 121549730 3.22304 3.22304
49 3589 0 100 154282216 3.22304 3.22304
39 3588 0 100 88858192 3.42304 3.42304
6 3560 0 100 88874044 3.42304 3.42304
46 3583 0 100 56206564 3.62304 3.62304
13 3543 0 100 88875408 3.72304 3.72304
1 3528 0 100 88859452 4.02304 4.02304
24 3586 0 100 154272504 4.02304 4.02304
34 3536 0 100 154304808 4.02304 4.02304
53 3549 0 100 121566824 4.12304 4.12304
41 3516 0 100 88845344 4.22304 4.22304
36 3515 0 100 88875664 4.22304 4.22304
51 3553 0 100 121543928 4.22304 4.22304
8 3541 0 100 88862108 4.42304 4.42304
20 3552 0 100 121542776 4.42304 4.42304
38 3564 0 100 154267408 4.52304 4.52304
26 3511 0 100 154279528 4.52304 4.52304
37 3547 0 100 121573148 4.62304 4.62304
55 3538 0 100 88861296 4.82304 4.82304
10 3573 0 100 154250904 4.82304 4.82304
5 3539 0 100 88853120 4.92304 4.92304
52 3513 0 100 121539296 5.32304 5.32304
14 3534 0 100 88849452 5.52304 5.52304
35 3563 0 100 121566656 5.52304 5.52304
2 3520 0 100 154294848 5.52304 5.52304
16 3584 0 100 154288184 5.62304 5.62304
11 3561 0 100 56196832 5.82304 5.82304
23 3518 0 100 121568360 5.82304 5.82304
57 3548 0 100 88854312 6.02304 6.02304
50 3558 0 100 88869128 6.02304 6.02304
29 3525 0 100 154298728 6.02304 6.02304
30 3562 0 100 88856768 6.22304 6.22304
43 3587 0 100 121561178 6.32304 6.32304
45 3544 0 100 154243264 6.42304 6.42304
56 3578 0 100 154291056 6.52304 6.52304
3 3556 0 100 121560824 6.62304 6.62304
27 3576 0 100 121568840 6.72304 6.72304
4 3551 0 100 121529180 6.92304 6.92304
58 3568 0 100 154245096 6.92304 6.92304
22 3565 0 100 88875444 7.02304 7.02304
54 3580 0 100 121569218 7.62304 7.62304
