15 3310 1.02368
1 3312 1.11304
6 3313 1.13476
16 3315 1.14173
20 3316 1.15159
44 3317 1.22864
43 3320 1.37271
33 3321 1.37895
5 3322 1.41152
26 3324 1.51354
49 3325 1.51594
31 3326 1.52262
36 3328 1.58327
13 3329 1.58622
17 3331 1.72153
28 3333 1.76095
34 3334 1.76798
19 3335 1.77603
35 3336 1.80243
29 3337 1.80875
30 3338 1.82048
7 3340 1.88909
11 3342 1.9693
12 3343 2.00908
25 3344 2.01405
46 3346 2.0417
2 3347 2.04629
38 3348 2.05681
8 3350 2.21082
50 3351 2.21554
4 3353 2.24048
37 3354 2.30049
10 3356 2.35982
48 3357 2.39468
14 3359 2.46205
22 3360 2.52569
40 3362 2.55
27 3363 2.55922
32 3366 2.75852
45 3367 2.76373
24 3368 2.78155
41 3369 2.78856
47 3370 2.79157
9 3372 2.85434
21 3373 2.88234
39 3374 2.92554
3 3375 2.93048
42 3377 2.96181
23 3378 2.97451
18 3379 2.99495
