19 3121 1.04633
1 3122 1.06576
35 3123 1.06672
32 3125 1.14413
26 3126 1.18948
5 3127 1.20945
38 3129 1.28256
14 3130 1.30701
30 3132 1.38855
27 3133 1.43719
21 3135 1.49296
6 3137 1.54822
18 3138 1.57577
9 3139 1.6093
24 3140 1.61702
28 3142 1.65099
39 3143 1.66294
20 3144 1.7064
7 3146 1.77379
15 3148 1.83988
33 3149 1.8973
3 3150 1.90774
12 3151 1.91734
25 3153 2.00475
23 3155 2.04291
34 3156 2.07449
8 3158 2.18023
11 3159 2.22574
17 3160 2.22744
37 3161 2.23574
16 3163 2.26757
4 3164 2.29756
13 3165 2.32239
10 3169 2.55634
29 3170 2.5728
36 3172 2.69646
22 3173 2.71382
31 3176 2.88723
40 3177 2.89783
2 3179 2.99681
