32 3942 0 100 56194928 1.14114 1.14114
40 3950 0 100 121530332 1.34114 1.34114
47 3961 0 100 154258192 1.44114 1.44114
21 3957 0 100 88866380 2.14114 2.14114
26 3987 0 100 121569350 2.14114 2.14114
4 3959 0 100 121564304 2.24114 2.24114
30 4001 0 100 88875244 2.44114 2.44114
42 3984 0 100 121533482 2.44114 2.44114
2 4002 0 100 121570808 2.44114 2.44114
28 3993 0 100 121564274 2.54114 2.54114
39 3989 0 100 154251648 2.54114 2.54114
73 3976 0 100 154300656 2.54114 2.54114
36 3943 0 100 56204490 2.74114 2.74114
63 3947 0 100 121555028 2.74114 2.74114
1 4013 0 100 88852028 2.84114 2.84114
48 3965 0 100 56205016 3.04114 3.04114
18 4021 0 100 88874924 3.04114 3.04114
80 4011 0 100 154271576 3.04114 3.04114
78 3948 0 100 154303528 3.04114 3.04114
27 3973 0 100 154265536 3.14114 3.14114
49 3985 0 100 154264824 3.24114 3.24114
15 3969 0 100 154304976 3.24114 3.24114
56 3980 0 100 56206592 3.34114 3.34114
5 4039 0 100 121538966 3.34114 3.34114
72 3951 0 100 121570610 3.34114 3.34114
69 3991 0 100 88849244 3.44114 3.44114
41 3988 0 100 88870328 3.44114 3.44114
68 4034 0 100 88875124 3.44114 3.44114
14 3997 0 100 88871552 3.54114 3.54114
71 3940 0 100 154251352 3.54114 3.54114
3 3954 0 100 88875604 3.64114 3.64114
20 3995 0 100 56206810 3.94114 3.94114
11 3971 0 100 154250520 3.94114 3.94114
13 3956 0 100 154250752 3.94114 3.94114
70 4000 0 100 88870088 4.04114 4.04114
24 3990 0 100 154243104 4.04114 4.04114
33 3999 0 100 56207652 4.24114 4.24114
75 4031 0 100 88856920 4.24114 4.24114
34 4016 0 100 121531520 4.34114 4.34114
25 4019 0 100 88862128 4.44114 4.44114
59 4017 0 100 121548116 4.44114 4.44114
57 3953 0 100 154267520 4.54114 4.54114
46 3955 0 100 121549382 4.64114 4.64114
19 4036 0 100 154242880 4.74114 4.74114
79 4030 0 100 56202692 4.84114 4.84114
65 4007 0 100 121547990 5.04114 5.04114
54 3977 0 100 154244520 5.34114 5.34114
44 4038 0 100 88852724 5.44114 5.44114
16 3946 0 100 154246640 5.44114 5.44114
58 3963 0 100 88865328 5.64114 5.64114
45 4033 0 100 121551566 5.64114 5.64114
12 3975 0 100 121559474 5.64114 5.64114
17 3960 0 100 154277688 5.64114 5.64114
6 3964 0 100 121565978 5.84114 5.84114
64 3983 0 100 154272384 5.84114 5.84114
74 3972 0 100 154299880 5.84114 5.84114
77 4025 0 100 88857716 5.94114 5.94114
38 4028 0 100 121530206 5.94114 5.94114
22 4010 0 100 121536470 5.94114 5.94114
37 4037 0 100 88849364 6.04114 6.04114
50 4004 0 100 154249096 6.04114 6.04114
52 4026 0 100 121560422 6.34114 6.34114
66 4006 0 100 56196156 6.44114 6.44114
43 3968 0 100 88860664 6.44114 6.44114
51 3981 0 100 88870344 6.44114 6.44114
67 3967 0 100 121559300 6.44114 6.44114
23 3996 0 116 26159200 6.54114 6.54114
31 3994 0 100 88858644 6.64114 6.64114
29 4009 0 100 154274768 6.84114 6.84114
61 3978 0 100 154288696 6.84114 6.84114
60 4005 0 100 88873612 6.94114 6.94114
9 4027 0 100 154260760 7.04114 7.04114
7 4032 0 100 154285248 7.14114 7.14114
35 4024 0 100 121563278 7.24114 7.24114
62 4014 0 100 88867024 7.54114 7.54114
55 4020 0 100 121574372 7.74114 7.74114
76 4023 0 100 88863228 7.84114 7.84114
