59 3720 1.07553
30 3722 1.09393
37 3723 1.13152
41 3724 1.13882
61 3726 1.28036
38 3728 1.31701
22 3729 1.31859
52 3730 1.34186
9 3731 1.3539
66 3733 1.38474
63 3734 1.41317
26 3735 1.41863
14 3736 1.42955
44 3737 1.44157
7 3738 1.45257
15 3740 1.49448
53 3741 1.55402
20 3742 1.56122
69 3744 1.58302
8 3745 1.5836
58 3746 1.59623
65 3747 1.60367
27 3748 1.63824
29 3750 1.72323
5 3752 1.84057
31 3754 1.90422
40 3755 1.90563
57 3756 1.96662
48 3757 1.97292
18 3759 2.01916
60 3760 2.02116
47 3761 2.03175
1 3762 2.05788
17 3763 2.06261
6 3765 2.08143
28 3766 2.10385
3 3767 2.12105
25 3768 2.13265
36 3769 2.1607
16 3771 2.18424
43 3772 2.18654
49 3773 2.19228
64 3774 2.23001
33 3775 2.23222
23 3777 2.31618
62 3778 2.34052
42 3779 2.34285
51 3780 2.35934
24 3781 2.37776
39 3783 2.44076
54 3784 2.44683
56 3785 2.45425
45 3786 2.45902
55 3788 2.48552
50 3789 2.53696
32 3790 2.57061
67 3792 2.62489
68 3793 2.63595
19 3794 2.64229
11 3795 2.65704
2 3796 2.66036
10 3798 2.76281
35 3800 2.78683
4 3801 2.82287
21 3802 2.83074
12 3803 2.84969
13 3805 2.90681
70 3806 2.91442
46 3807 2.97237
34 3809 2.98601
