66 0.8 0.016 0.784
66 0.784 0.16 0.624
46 0.8 0.016 0.784
46 0.784 0.16 0.624
39 0.8 0.16 0.64
62 0.8 0.16 0.64
39 0.710837 0.016 0.694837
62 0.719692 0.016 0.703692
39 0.694837 0.16 0.534837
12 0.8 0.16 0.64
62 0.703692 0.16 0.543692
62 0.543692 0.16 0.383692
12 0.64 0.16 0.48
12 0.553593 0.016 0.537593
12 0.537593 0.16 0.377593
11 0.8 0.16 0.64
11 0.712721 0.016 0.696721
56 0.8 0.016 0.784
11 0.696721 0.16 0.536721
56 0.784 0.16 0.624
56 0.624 0.16 0.464
54 0.8 0.016 0.784
54 0.784 0.16 0.624
29 0.8 0.16 0.64
29 0.71272 0.016 0.69672
84 0.8 0.016 0.784
84 0.784 0.16 0.624
29 0.69672 0.16 0.53672
58 0.8 0.16 0.64
58 0.712119 0.016 0.696119
58 0.696119 0.16 0.536119
35 0.8 0.16 0.64
35 0.713145 0.016 0.697145
35 0.697145 0.16 0.537145
30 0.8 0.016 0.784
30 0.784 0.16 0.624
34 0.8 0.016 0.784
45 0.8 0.016 0.784
59 0.8 0.016 0.784
34 0.784 0.16 0.624
45 0.784 0.16 0.624
59 0.784 0.16 0.624
90 0.8 0.016 0.784
90 0.784 0.16 0.624
32 0.8 0.16 0.64
64 0.8 0.16 0.64
88 0.8 0.16 0.64
32 0.715096 0.016 0.699096
64 0.71178 0.016 0.69578
64 0.69578 0.16 0.53578
32 0.699096 0.16 0.539096
88 0.712458 0.16 0.552458
32 0.539096 0.16 0.379096
10 0.8 0.16 0.64
88 0.552458 0.16 0.392458
10 0.716665 0.016 0.700665
36 0.8 0.016 0.784
88 0.470454 0.016 0.454454
88 0.454454 0.16 0.294454
10 0.700665 0.16 0.540665
36 0.784 0.16 0.624
10 0.540665 0.16 0.380665
36 0.624 0.16 0.464
40 0.8 0.16 0.64
50 0.8 0.16 0.64
53 0.8 0.16 0.64
61 0.8 0.16 0.64
80 0.8 0.16 0.64
81 0.8 0.16 0.64
40 0.64 0.16 0.48
50 0.64 0.16 0.48
53 0.64 0.16 0.48
57 0.8 0.16 0.64
61 0.64 0.16 0.48
80 0.64 0.16 0.48
81 0.64 0.16 0.48
40 0.559913 0.016 0.543913
50 0.55857 0.016 0.54257
53 0.556884 0.016 0.540884
57 0.711777 0.016 0.695777
61 0.556976 0.016 0.540976
80 0.558653 0.016 0.542653
81 0.55032 0.016 0.53432
80 0.542653 0.16 0.382653
40 0.543913 0.16 0.383913
81 0.53432 0.16 0.37432
53 0.540884 0.16 0.380884
50 0.54257 0.16 0.38257
57 0.695777 0.16 0.535777
61 0.540976 0.16 0.380976
57 0.535777 0.16 0.375777
61 0.380976 0.16 0.220976
63 0.8 0.16 0.64
57 0.375777 0.16 0.215777
61 0.220976 0.16 0.0609761
63 0.64 0.16 0.48
57 0.215777 0.16 0.0557766
61 0.0609761 0.16 -0.0990239
57 0.0557766 0.16 -0.104223
61 0 0.16 -0.16
57 0.0763997 0.016 0.0603997
61 0.0770731 0.016 0.0610731
63 0.55436 0.016 0.53836
63 0.53836 0.16 0.37836
57 0.0603997 0.16 -0.0996003
61 0.0610731 0.16 -0.0989269
57 0.0796431 0.016 0.0636431
79 0.8 0.016 0.784
79 0.784 0.16 0.624
8 0.8 0.16 0.64
8 0.718498 0.016 0.702498
8 0.702498 0.16 0.542498
14 0.8 0.016 0.784
43 0.8 0.016 0.784
74 0.8 0.016 0.784
74 0.784 0.16 0.624
14 0.784 0.16 0.624
43 0.784 0.16 0.624
65 0.8 0.16 0.64
72 0.8 0.16 0.64
43 0.624 0.16 0.464
65 0.64 0.16 0.48
72 0.64 0.16 0.48
43 0.464 0.16 0.304
57 0.300957 0.16 0.140957
61 0.292394 0.16 0.132394
65 0.48 0.16 0.32
72 0.48 0.16 0.32
65 0.390021 0.016 0.374021
72 0.394094 0.016 0.378094
57 0.216993 0.16 0.0569933
72 0.378094 0.16 0.218094
65 0.374021 0.16 0.214021
61 0.205187 0.16 0.0451872
65 0.214021 0.16 0.0540205
6 0.8 0.016 0.784
6 0.784 0.16 0.624
13 0.8 0.16 0.64
37 0.8 0.16 0.64
55 0.8 0.16 0.64
71 0.8 0.16 0.64
13 0.719566 0.016 0.703566
37 0.716493 0.016 0.700493
55 0.710696 0.016 0.694696
71 0.710889 0.016 0.694889
55 0.694696 0.16 0.534696
13 0.703566 0.16 0.543566
37 0.700493 0.16 0.540493
71 0.694889 0.16 0.534889
37 0.540493 0.16 0.380493
71 0.534889 0.16 0.374889
2 0.8 0.16 0.64
13 0.543566 0.16 0.383566
2 0.64 0.16 0.48
13 0.383566 0.16 0.223566
13 0.223566 0.16 0.0635659
2 0.48 0.16 0.32
2 0.397638 0.016 0.381638
2 0.381638 0.16 0.221638
15 0.8 0.16 0.64
69 0.8 0.16 0.64
83 0.8 0.16 0.64
15 0.712179 0.016 0.696179
69 0.710095 0.016 0.694095
83 0.714671 0.016 0.698671
15 0.696179 0.16 0.536179
83 0.698671 0.16 0.538671
69 0.694095 0.16 0.534095
69 0.534095 0.16 0.374095
69 0.374095 0.16 0.214095
21 0.8 0.016 0.784
77 0.8 0.016 0.784
77 0.784 0.16 0.624
21 0.784 0.16 0.624
38 0.8 0.16 0.64
47 0.8 0.16 0.64
87 0.8 0.16 0.64
21 0.624 0.16 0.464
38 0.64 0.16 0.48
47 0.64 0.16 0.48
87 0.64 0.16 0.48
38 0.556308 0.016 0.540308
47 0.551829 0.016 0.535829
87 0.557682 0.016 0.541682
47 0.535829 0.16 0.375829
38 0.540308 0.16 0.380308
87 0.541682 0.16 0.381682
38 0.380308 0.16 0.220308
57 0.492667 0.16 0.332667
87 0.381682 0.16 0.221682
76 0.8 0.016 0.784
76 0.784 0.16 0.624
78 0.8 0.16 0.64
78 0.792468 0.016 0.776468
78 0.776468 0.16 0.616468
33 0.8 0.016 0.784
33 0.784 0.16 0.624
23 0.8 0.016 0.784
23 0.784 0.16 0.624
49 0.8 0.16 0.64
49 0.715841 0.016 0.699841
49 0.699841 0.16 0.539841
67 0.8 0.16 0.64
67 0.711547 0.016 0.695547
67 0.695547 0.16 0.535547
70 0.8 0.16 0.64
70 0.719818 0.016 0.703818
70 0.703818 0.16 0.543818
27 0.8 0.16 0.64
24 0.8 0.016 0.784
27 0.71434 0.016 0.69834
51 0.8 0.016 0.784
86 0.8 0.016 0.784
86 0.784 0.16 0.624
27 0.69834 0.16 0.53834
24 0.784 0.16 0.624
51 0.784 0.16 0.624
52 0.8 0.16 0.64
85 0.8 0.16 0.64
24 0.624 0.16 0.464
51 0.624 0.16 0.464
52 0.64 0.16 0.48
85 0.64 0.16 0.48
51 0.464 0.16 0.304
24 0.464 0.16 0.304
52 0.48 0.16 0.32
85 0.48 0.16 0.32
52 0.32 0.16 0.16
85 0.32 0.16 0.16
7 0.8 0.016 0.784
17 0.8 0.016 0.784
20 0.8 0.016 0.784
52 0.2319 0.016 0.2159
82 0.8 0.016 0.784
85 0.234658 0.016 0.218658
52 0.2159 0.16 0.0559001
7 0.784 0.16 0.624
17 0.784 0.16 0.624
20 0.784 0.16 0.624
28 0.8 0.16 0.64
82 0.784 0.16 0.624
85 0.218658 0.16 0.0586576
17 0.624 0.16 0.464
7 0.624 0.16 0.464
3 0.8 0.16 0.64
20 0.624 0.16 0.464
28 0.64 0.16 0.48
82 0.624 0.16 0.464
85 0.0586576 0.16 -0.101342
3 0.64 0.16 0.48
20 0.464 0.16 0.304
28 0.48 0.16 0.32
82 0.464 0.16 0.304
85 0 0.16 -0.16
82 0.304 0.16 0.144
20 0.304 0.16 0.144
3 0.48 0.16 0.32
28 0.32 0.16 0.16
85 0 0.16 -0.16
3 0.32 0.16 0.16
28 0.16 0.16 -5.55112e-17
85 0 0.16 -0.16
3 0.239089 0.016 0.223089
28 0.0779044 0.016 0.0619044
85 0.0717755 0.016 0.0557755
3 0.223089 0.16 0.0630894
18 0.8 0.16 0.64
28 0.0619044 0.16 -0.0980956
44 0.8 0.16 0.64
18 0.71601 0.016 0.70001
19 0.8 0.016 0.784
28 0.0719622 0.016 0.0559622
44 0.719704 0.016 0.703704
18 0.70001 0.16 0.54001
19 0.784 0.16 0.624
44 0.703704 0.16 0.543704
28 0.0559622 0.16 -0.104038
48 0.8 0.16 0.64
48 0.64 0.16 0.48
16 0.8 0.016 0.784
48 0.628166 0.016 0.612166
60 0.8 0.016 0.784
60 0.784 0.16 0.624
48 0.612166 0.16 0.452166
16 0.784 0.16 0.624
26 0.8 0.16 0.64
16 0.624 0.16 0.464
16 0.464 0.16 0.304
26 0.64 0.16 0.48
26 0.55814 0.016 0.54214
85 0.348434 0.16 0.188434
28 0.231103 0.16 0.0711034
26 0.54214 0.16 0.38214
22 0.8 0.016 0.784
22 0.784 0.16 0.624
41 0.8 0.16 0.64
85 0.267918 0.16 0.107918
28 0.149938 0.16 -0.0100617
41 0.718652 0.016 0.702652
89 0.8 0.016 0.784
41 0.702652 0.16 0.542652
89 0.784 0.16 0.624
89 0.624 0.16 0.464
5 0.8 0.016 0.784
73 0.8 0.016 0.784
73 0.784 0.16 0.624
5 0.784 0.16 0.624
5 0.624 0.16 0.464
25 0.8 0.16 0.64
25 0.710318 0.016 0.694318
25 0.694318 0.16 0.534318
42 0.8 0.16 0.64
42 0.715961 0.016 0.699961
28 0.365686 0.16 0.205686
42 0.699961 0.16 0.539961
28 0.278655 0.16 0.118655
1 0.8 0.016 0.784
1 0.784 0.16 0.624
4 0.8 0.16 0.64
31 0.8 0.16 0.64
68 0.8 0.16 0.64
4 0.719159 0.016 0.703159
31 0.717697 0.016 0.701697
68 0.716419 0.016 0.700419
31 0.701697 0.16 0.541697
4 0.703159 0.16 0.543159
68 0.700419 0.16 0.540419
68 0.540419 0.16 0.380419
68 0.380419 0.16 0.220419
9 0.8 0.016 0.784
75 0.8 0.016 0.784
75 0.784 0.16 0.624
9 0.784 0.16 0.624
9 0.624 0.16 0.464
