66 4205 0 100 154276536 1.69696 1.69696
46 4178 0 100 121537106 1.89696 1.89696
39 4200 0 100 88873500 1.99696 1.99696
62 4209 0 100 121540814 1.99696 1.99696
12 4181 0 100 56200632 2.09696 2.09696
11 4213 0 100 88849672 2.19696 2.19696
56 4218 0 100 121563212 2.19696 2.19696
54 4194 0 100 154253056 2.29696 2.29696
84 4243 0 100 121544342 2.39696 2.39696
29 4182 0 100 154287928 2.39696 2.39696
58 4222 0 100 154242512 2.49696 2.49696
35 4185 0 100 121543196 2.59696 2.59696
30 4208 0 100 154287520 2.69696 2.69696
34 4262 0 100 154250184 2.89696 2.89696
45 4199 0 100 154258352 2.89696 2.89696
59 4265 0 100 154271824 2.89696 2.89696
90 4172 0 100 154285328 3.19696 3.19696
64 4257 0 100 56207786 3.29696 3.29696
32 4269 0 100 88873180 3.29696 3.29696
88 4175 0 100 88848344 3.39696 3.39696
10 4216 0 100 121537610 3.39696 3.39696
36 4275 0 100 121571666 3.39696 3.39696
80 4238 0 100 121528562 3.49696 3.49696
40 4249 0 100 121532354 3.49696 3.49696
81 4241 0 100 121542812 3.49696 3.49696
53 4247 0 100 121544612 3.49696 3.49696
50 4229 0 100 121567730 3.49696 3.49696
63 4250 0 100 88856632 3.59696 3.59696
79 4266 0 100 154297584 3.69696 3.69696
8 4202 0 100 121561538 3.79696 3.79696
74 4191 0 100 88870596 3.99696 3.99696
14 4231 0 100 88874948 3.99696 3.99696
43 4204 0 100 154268216 3.99696 3.99696
72 4197 0 100 88851776 4.09696 4.09696
65 4171 0 100 121572176 4.09696 4.09696
6 4189 0 100 121567004 4.19696 4.19696
55 4233 0 100 88873192 4.29696 4.29696
37 4173 0 100 121557806 4.29696 4.29696
71 4276 0 100 121574456 4.29696 4.29696
13 4232 0 100 154246984 4.29696 4.29696
2 4180 0 100 154300648 4.39696 4.39696
15 4207 0 100 88852116 4.49696 4.49696
83 4184 0 100 88874444 4.49696 4.49696
69 4170 0 100 154270744 4.49696 4.49696
77 4192 0 100 121543220 4.59696 4.59696
21 4258 0 100 154291152 4.59696 4.59696
47 4212 0 100 121549538 4.69696 4.69696
38 4195 0 100 154265008 4.69696 4.69696
87 4221 0 100 154303600 4.69696 4.69696
76 4211 0 100 154293960 4.89696 4.89696
78 4219 0 100 56208358 5.09696 5.09696
33 4214 0 100 88847032 5.39696 5.39696
23 4198 0 100 154247256 5.59696 5.59696
49 4236 0 100 88844568 5.69696 5.69696
67 4187 0 100 56197946 5.79696 5.79696
70 4270 0 100 88861492 5.89696 5.89696
86 4224 0 100 88855100 5.99696 5.99696
27 4193 0 100 88869292 5.99696 5.99696
51 4256 0 100 121527482 5.99696 5.99696
24 4252 0 100 121553606 5.99696 5.99696
52 4206 0 100 88851748 6.09696 6.09696
17 4223 0 100 121534202 6.09696 6.09696
7 4240 0 100 121568054 6.09696 6.09696
82 4264 0 100 154301904 6.09696 6.09696
20 4261 0 100 154302216 6.09696 6.09696
3 4176 0 100 121569194 6.19696 6.19696
18 4271 0 100 154252968 6.29696 6.29696
19 4190 0 100 154261936 6.29696 6.29696
44 4179 0 100 154271952 6.29696 6.29696
60 4263 0 100 121531460 6.49696 6.49696
48 4242 0 100 121541984 6.49696 6.49696
16 4245 0 100 154280536 6.49696 6.49696
26 4203 0 100 154246984 6.59696 6.59696
22 4278 0 100 88846504 6.69696 6.69696
41 4237 0 100 121532024 6.79696 6.79696
89 4215 0 100 154287664 6.79696 6.79696
73 4277 0 100 121547084 6.99696 6.99696
5 4253 0 100 154248648 6.99696 6.99696
25 4226 0 100 154272328 7.09696 7.09696
42 4230 0 100 121556168 7.19696 7.19696
1 4259 0 100 88874624 7.39696 7.39696
31 4248 0 100 121541408 7.49696 7.49696
4 4268 0 100 121556378 7.49696 7.49696
68 4246 0 100 154243480 7.49696 7.49696
75 4273 0 100 88857392 7.89696 7.89696
9 4272 0 100 121527980 7.89696 7.89696
