0 3110
0 3111
0 3112
0 3113
0 3114
0 3115
0 3116
0 3117
0 3118
0 3119
0 3120
0 3124
1 3122
35 3123
0 3128
0 3131
0 3134
27 3133
0 3136
21 3135
0 3141
0 3145
0 3147
0 3152
0 3154
0 3157
33 3149
0 3162
0 3166
11 3159
3 3150
0 3167
0 3168
0 3171
0 3174
0 3175
0 3178
0 3180
19 3121
18 3138
0 3181
5 3127
0 3182
34 3156
30 3132
0 3183
0 3184
38 3129
0 3185
0 3186
40 3177
0 3187
14 3130
0 3188
0 3189
4 3164
0 3190
0 3191
0 3192
20 3144
0 3193
0 3194
12 3151
0 3195
0 3196
26 3126
25 3153
32 3125
0 3197
0 3198
0 3199
0 3200
2 3179
0 3201
0 3202
0 3203
0 3204
17 3160
0 3205
24 3140
28 3142
0 3206
0 3207
0 3208
0 3209
37 3161
0 3210
0 3211
10 3169
6 3137
36 3172
0 3212
8 3158
23 3155
0 3213
39 3143
13 3165
0 3214
29 3170
0 3215
9 3139
0 3216
0 3217
16 3163
0 3218
15 3148
0 3219
7 3146
0 3220
0 3221
22 3173
0 3222
31 3176
0 3223
0 3224
0 3225
0 3226
0 3227
0 3228
0 3229
0 3230
0 3231
0 3232
0 3233
0 3234
0 3235
0 3236
0 3237
0 3238
0 3239
0 3240
0 3241
0 3242
0 3243
0 3244
0 3245
0 3246
0 3247
0 3248
0 3249
0 3250
0 3251
0 3252
0 3253
0 3254
0 3255
0 3256
0 3257
0 3258
0 3259
0 3260
0 3261
0 3262
0 3263
0 3264
0 3265
0 3266
0 3267
0 3268
0 3269
0 3270
0 3271
0 3272
0 3273
0 3274
0 3275
0 3276
0 3277
0 3278
0 3279
0 3280
0 3281
0 3282
0 3283
0 3284
0 3285
0 3286
0 3287
0 3288
0 3289
0 3290
0 3291
0 3292
0 3293
0 3294
0 3295
0 3296
0 3297
0 3298
0 3299
