0 3710
0 3711
0 3712
0 3713
0 3714
0 3715
0 3716
0 3717
0 3718
0 3719
0 3721
0 3725
0 3727
0 3732
0 3739
0 3743
44 3737
0 3749
58 3746
9 3731
0 3751
0 3753
0 3758
69 3744
0 3764
38 3728
65 3747
0 3770
0 3776
22 3729
1 3762
0 3782
0 3787
17 3763
0 3791
57 3756
0 3797
31 3754
0 3799
47 3761
0 3804
67 3792
0 3808
10 3798
26 3735
29 3750
0 3810
41 3724
18 3759
0 3811
11 3795
0 3812
62 3778
0 3813
0 3814
39 3783
0 3815
0 3816
0 3817
59 3720
0 3818
63 3734
66 3733
0 3819
36 3769
0 3820
46 3807
13 3805
0 3821
0 3822
30 3722
0 3823
42 3779
32 3790
0 3824
15 3740
16 3771
7 3738
0 3825
45 3786
0 3826
0 3827
0 3828
61 3726
0 3829
0 3830
0 3831
0 3832
0 3833
27 3748
55 3788
0 3834
20 3742
14 3736
24 3781
0 3835
37 3723
54 3784
0 3836
68 3793
0 3837
3 3767
12 3803
52 3730
0 3838
0 3839
0 3840
70 3806
51 3780
6 3765
40 3755
0 3841
49 3773
0 3842
21 3802
0 3843
53 3741
0 3844
0 3845
25 3768
60 3760
28 3766
5 3752
0 3846
8 3745
0 3847
2 3796
0 3848
23 3777
35 3800
50 3789
33 3775
0 3849
64 3774
0 3850
48 3757
0 3851
43 3772
0 3852
56 3785
0 3853
19 3794
4 3801
0 3854
34 3809
0 3855
0 3856
0 3857
0 3858
0 3859
0 3860
0 3861
0 3862
0 3863
0 3864
0 3865
0 3866
0 3867
0 3868
0 3869
0 3870
0 3871
0 3872
0 3873
0 3874
0 3875
0 3876
0 3877
0 3878
0 3879
0 3880
0 3881
0 3882
0 3883
0 3884
0 3885
0 3886
0 3887
0 3888
0 3889
0 3890
0 3891
0 3892
0 3893
0 3894
0 3895
0 3896
0 3897
0 3898
0 3899
0 3900
0 3901
0 3902
0 3903
0 3904
0 3905
0 3906
0 3907
0 3908
0 3909
0 3910
0 3911
0 3912
0 3913
0 3914
0 3915
0 3916
0 3917
0 3918
0 3919
0 3920
0 3921
0 3922
0 3923
0 3924
0 3925
0 3926
0 3927
0 3928
0 3929
