1 3122 0 100 88865592 1.13721 1.13721
35 3123 0 100 154271216 1.13721 1.13721
27 3133 0 100 56196798 1.43721 1.43721
21 3135 0 100 121547762 1.53721 1.53721
33 3149 0 100 121535006 2.13721 2.13721
11 3159 0 100 56203990 2.33721 2.33721
3 3150 0 100 121550528 2.33721 2.33721
19 3121 0 100 121527266 3.03721 3.03721
18 3138 0 100 121528316 3.03721 3.03721
5 3127 0 100 154292032 3.13721 3.13721
34 3156 0 100 56205536 3.23721 3.23721
30 3132 0 100 121536752 3.23721 3.23721
38 3129 0 100 88868948 3.43721 3.43721
40 3177 0 100 121528622 3.63721 3.63721
14 3130 0 100 121544360 3.73721 3.73721
4 3164 0 100 154257680 3.93721 3.93721
20 3144 0 100 88852400 4.23721 4.23721
12 3151 0 100 121568240 4.43721 4.43721
26 3126 0 100 88873380 4.63721 4.63721
25 3153 0 100 121545494 4.63721 4.63721
32 3125 0 100 154298536 4.63721 4.63721
2 3179 0 100 56203818 5.03721 5.03721
17 3160 0 100 154249240 5.43721 5.43721
24 3140 0 100 88863176 5.53721 5.53721
28 3142 0 100 121529528 5.53721 5.53721
37 3161 0 100 88874332 5.93721 5.93721
10 3169 0 100 88850872 6.13721 6.13721
6 3137 0 100 88868044 6.13721 6.13721
36 3172 0 100 154290800 6.13721 6.13721
8 3158 0 100 88866572 6.23721 6.23721
23 3155 0 100 154287096 6.23721 6.23721
39 3143 0 100 154253824 6.33721 6.33721
13 3165 0 100 154258032 6.33721 6.33721
29 3170 0 100 154280304 6.43721 6.43721
9 3139 0 100 154254472 6.53721 6.53721
16 3163 0 100 88869544 6.73721 6.73721
15 3148 0 100 121529504 6.83721 6.83721
7 3146 0 100 121536416 6.93721 6.93721
22 3173 0 100 56207326 7.13721 7.13721
31 3176 0 100 121556480 7.23721 7.23721
