4 0.8 0.016 0.784
4 0.784 0.16 0.624
9 0.8 0.016 0.784
9 0.784 0.16 0.624
1 0.8 0.016 0.784
13 0.8 0.016 0.784
13 0.784 0.16 0.624
1 0.784 0.16 0.624
1 0.624 0.16 0.464
5 0.8 0.016 0.784
5 0.784 0.16 0.624
8 0.8 0.016 0.784
8 0.784 0.16 0.624
14 0.8 0.016 0.784
17 0.8 0.016 0.784
17 0.784 0.16 0.624
14 0.784 0.16 0.624
14 0.624 0.16 0.464
20 0.8 0.016 0.784
20 0.784 0.16 0.624
6 0.8 0.016 0.784
6 0.784 0.16 0.624
2 0.8 0.016 0.784
7 0.8 0.016 0.784
7 0.784 0.16 0.624
2 0.784 0.16 0.624
15 0.8 0.016 0.784
19 0.8 0.016 0.784
19 0.784 0.16 0.624
15 0.784 0.16 0.624
15 0.624 0.16 0.464
12 0.8 0.016 0.784
12 0.784 0.16 0.624
3 0.8 0.016 0.784
3 0.784 0.16 0.624
10 0.8 0.016 0.784
10 0.784 0.16 0.624
11 0.8 0.016 0.784
11 0.784 0.16 0.624
16 0.8 0.16 0.64
16 0.715256 0.016 0.699256
18 0.8 0.016 0.784
16 0.699256 0.16 0.539256
18 0.784 0.16 0.624
18 0.624 0.16 0.464
