19 2957 0 100 56203602 1.91115 1.91115
3 2978 0 100 154303464 2.61115 2.61115
24 2984 0 100 154305728 2.81115 2.81115
2 2945 0 100 88864260 2.91115 2.91115
25 2962 0 100 154305408 3.11115 3.11115
4 2964 0 100 154294616 3.41115 3.41115
20 2948 0 100 154272312 3.51115 3.51115
15 2954 0 100 88865312 3.61115 3.61115
11 2989 0 100 121554938 3.61115 3.61115
22 2943 0 100 154249752 3.71115 3.71115
16 2946 0 100 121532126 4.11115 4.11115
27 2973 0 100 154274168 4.21115 4.21115
23 2965 0 100 88868064 4.61115 4.61115
18 2981 0 100 88874444 4.61115 4.61115
10 2969 0 100 88848264 4.91115 4.91115
21 2976 0 100 56206566 5.01115 5.01115
12 2942 0 100 121537820 5.61115 5.61115
17 2944 0 100 121548410 5.61115 5.61115
7 2952 0 100 88870488 5.71115 5.71115
5 2966 0 100 154269464 5.71115 5.71115
9 2941 0 100 88873224 5.91115 5.91115
26 2960 0 100 154266120 5.91115 5.91115
8 2951 0 100 154252000 6.21115 6.21115
13 2975 0 100 154274120 6.21115 6.21115
6 2971 0 100 154282496 6.31115 6.31115
28 2956 0 100 88875816 6.71115 6.71115
29 2979 0 100 154295168 7.01115 7.01115
30 2968 0 100 56202698 7.21115 7.21115
1 2987 0 100 154267136 7.31115 7.31115
14 2986 0 100 121556852 7.61115 7.61115
