99 4411 0 100 121543526 1.18533 1.18533
46 4437 0 100 121537862 1.48533 1.48533
67 4444 0 100 154260528 1.58533 1.58533
12 4453 0 100 88851516 1.68533 1.68533
87 4448 0 100 121551728 1.68533 1.68533
30 4413 0 100 121555514 1.88533 1.88533
5 4446 0 100 154254248 2.08533 2.08533
26 4466 0 100 154283888 2.08533 2.08533
37 4476 0 100 56207732 2.18533 2.18533
27 4459 0 100 88854564 2.48533 2.48533
6 4428 0 100 121561472 2.48533 2.48533
42 4419 0 100 154261168 2.48533 2.48533
55 4489 0 100 154295944 2.48533 2.48533
78 4425 0 100 56199580 2.58533 2.58533
25 4479 0 100 154295176 2.58533 2.58533
22 4472 0 100 121556918 2.78533 2.78533
49 4514 0 100 154272664 2.88533 2.88533
84 4482 0 100 154278312 2.88533 2.88533
92 4434 0 100 121527554 2.98533 2.98533
17 4515 0 100 121554344 2.98533 2.98533
80 4429 0 100 154289408 2.98533 2.98533
8 4504 0 100 154300192 3.08533 3.08533
34 4423 0 100 121528556 3.18533 3.18533
71 4422 0 100 121544864 3.18533 3.18533
96 4464 0 100 121556972 3.28533 3.28533
38 4460 0 100 121528382 3.38533 3.38533
13 4449 0 100 121532780 3.38533 3.38533
62 4443 0 100 121535234 3.38533 3.38533
95 4418 0 100 121546016 3.38533 3.38533
94 4436 0 100 56200080 3.48533 3.48533
48 4496 0 116 58780972 3.48533 3.48533
16 4508 0 100 121556456 3.58533 3.58533
9 4412 0 100 121535948 3.68533 3.68533
83 4442 0 100 121539116 3.68533 3.68533
36 4416 0 100 121555448 3.68533 3.68533
15 4420 0 100 121574150 3.68533 3.68533
52 4441 0 100 88859640 3.78533 3.78533
51 4440 0 116 91445040 3.78533 3.78533
32 4456 0 100 121545272 3.78533 3.78533
82 4522 0 100 121571726 3.88533 3.88533
63 4493 0 100 121570520 3.98533 3.98533
75 4424 0 100 121570550 3.98533 3.98533
61 4511 0 100 154287640 4.08533 4.08533
70 4430 0 100 121542920 4.18533 4.18533
19 4462 0 100 121561322 4.18533 4.18533
11 4438 0 100 88869080 4.28533 4.28533
64 4491 0 100 121549130 4.28533 4.28533
90 4520 0 100 154276096 4.28533 4.28533
24 4474 0 100 88857608 4.38533 4.38533
85 4450 0 100 88857836 4.38533 4.38533
41 4527 0 100 88846024 4.48533 4.48533
4 4461 0 100 121568456 4.48533 4.48533
2 4503 0 100 154269624 4.48533 4.48533
40 4467 0 100 88869248 4.58533 4.58533
14 4509 0 100 154248328 4.58533 4.58533
79 4487 0 100 121535336 4.68533 4.68533
54 4410 0 100 121558454 4.68533 4.68533
28 4435 0 100 154245872 4.78533 4.78533
88 4470 0 100 154250496 4.88533 4.88533
58 4480 0 100 154259440 4.88533 4.88533
68 4521 0 100 121572128 4.98533 4.98533
45 4478 0 100 56199442 5.08533 5.08533
3 4477 0 100 88872284 5.28533 5.28533
100 4417 0 100 121536356 5.38533 5.38533
50 4484 0 100 154271592 5.38533 5.38533
31 4455 0 100 154276512 5.38533 5.38533
66 4415 0 100 88873372 5.48533 5.48533
72 4488 0 100 121537538 5.48533 5.48533
98 4471 0 100 154275888 5.48533 5.48533
91 4483 0 100 88861820 5.58533 5.58533
76 4499 0 100 121548344 5.68533 5.68533
23 4518 0 100 121562882 5.68533 5.68533
33 4427 0 100 88865476 5.78533 5.78533
7 4431 0 100 88875264 5.78533 5.78533
53 4505 0 100 56195032 5.88533 5.88533
18 4469 0 100 154304688 5.88533 5.88533
1 4458 0 100 121537532 5.98533 5.98533
69 4451 0 100 121542866 5.98533 5.98533
65 4498 0 100 154266192 6.08533 6.08533
73 4432 0 100 154299552 6.08533 6.08533
39 4463 0 100 88862288 6.18533 6.18533
86 4507 0 100 154271408 6.18533 6.18533
81 4519 0 100 154275592 6.18533 6.18533
59 4501 0 100 154305192 6.18533 6.18533
57 4502 0 100 88848988 6.58533 6.58533
21 4526 0 100 121555796 6.58533 6.58533
60 4513 0 100 88862804 6.68533 6.68533
47 4447 0 100 121554680 6.68533 6.68533
93 4452 0 100 88865640 6.78533 6.78533
20 4492 0 100 154255376 6.78533 6.78533
29 4473 0 100 56202042 6.88533 6.88533
77 4485 0 100 121533770 7.08533 7.08533
56 4523 0 100 154306120 7.08533 7.08533
74 4494 0 100 88861208 7.18533 7.18533
89 4495 0 100 154253080 7.28533 7.28533
44 4512 0 100 154288808 7.28533 7.28533
35 4525 0 100 154294512 7.38533 7.38533
97 4500 0 100 88859116 7.48533 7.48533
10 4517 0 100 88844564 7.68533 7.68533
