99 0.8 0.016 0.784
99 0.784 0.16 0.624
46 0.8 0.016 0.784
46 0.784 0.16 0.624
67 0.8 0.016 0.784
67 0.784 0.16 0.624
12 0.8 0.016 0.784
87 0.8 0.016 0.784
12 0.784 0.16 0.624
87 0.784 0.16 0.624
87 0.624 0.16 0.464
30 0.8 0.016 0.784
30 0.784 0.16 0.624
5 0.8 0.016 0.784
26 0.8 0.016 0.784
5 0.784 0.16 0.624
26 0.784 0.16 0.624
37 0.8 0.016 0.784
37 0.784 0.16 0.624
6 0.8 0.016 0.784
27 0.8 0.016 0.784
42 0.8 0.016 0.784
55 0.8 0.016 0.784
27 0.784 0.16 0.624
6 0.784 0.16 0.624
42 0.784 0.16 0.624
55 0.784 0.16 0.624
78 0.8 0.16 0.64
6 0.624 0.16 0.464
42 0.624 0.16 0.464
55 0.624 0.16 0.464
78 0.64 0.16 0.48
42 0.464 0.16 0.304
55 0.464 0.16 0.304
25 0.8 0.16 0.64
78 0.48 0.16 0.32
25 0.64 0.16 0.48
78 0.32 0.16 0.16
25 0.559225 0.016 0.543225
78 0.235001 0.016 0.219001
78 0.219001 0.16 0.0590007
25 0.543225 0.16 0.383225
25 0.383225 0.16 0.223225
22 0.8 0.016 0.784
22 0.784 0.16 0.624
49 0.8 0.16 0.64
49 0.710358 0.016 0.694358
84 0.8 0.016 0.784
49 0.694358 0.16 0.534358
84 0.784 0.16 0.624
17 0.8 0.16 0.64
92 0.8 0.16 0.64
17 0.64 0.16 0.48
92 0.64 0.16 0.48
17 0.554062 0.016 0.538062
80 0.8 0.016 0.784
92 0.554712 0.016 0.538712
92 0.538712 0.16 0.378712
17 0.538062 0.16 0.378062
80 0.784 0.16 0.624
80 0.624 0.16 0.464
80 0.464 0.16 0.304
8 0.8 0.16 0.64
8 0.71307 0.016 0.69707
8 0.69707 0.16 0.53707
34 0.8 0.16 0.64
71 0.8 0.16 0.64
34 0.712759 0.016 0.696759
71 0.716326 0.016 0.700326
34 0.696759 0.16 0.536759
71 0.700326 0.16 0.540326
96 0.8 0.16 0.64
96 0.71923 0.016 0.70323
96 0.70323 0.16 0.54323
13 0.8 0.16 0.64
38 0.8 0.16 0.64
62 0.8 0.16 0.64
95 0.8 0.16 0.64
13 0.713063 0.016 0.697063
38 0.711312 0.016 0.695312
48 0.8 0.016 0.784
62 0.715405 0.016 0.699405
95 0.7198 0.016 0.7038
38 0.695312 0.16 0.535312
13 0.697063 0.16 0.537063
62 0.699405 0.16 0.539405
95 0.7038 0.16 0.5438
43 0.8 0.16 0.64
48 0.784 0.16 0.624
94 0.8 0.16 0.64
48 0.624 0.16 0.464
94 0.64 0.16 0.48
43 0.64 0.16 0.48
48 0.464 0.16 0.304
94 0.48 0.16 0.32
43 0.48 0.16 0.32
48 0.304 0.16 0.144
94 0.32 0.16 0.16
43 0.393525 0.016 0.377525
48 0.222247 0.016 0.206247
94 0.236772 0.016 0.220772
48 0.206247 0.16 0.0462468
94 0.220772 0.16 0.0607724
16 0.8 0.16 0.64
43 0.377525 0.16 0.217525
43 0.217525 0.16 0.0575251
16 0.7183 0.016 0.7023
43 0.134592 0.016 0.118592
16 0.7023 0.16 0.5423
9 0.8 0.16 0.64
15 0.8 0.16 0.64
43 0.118592 0.16 -0.041408
83 0.8 0.16 0.64
9 0.717327 0.016 0.701327
15 0.716803 0.016 0.700803
36 0.8 0.016 0.784
51 0.8 0.016 0.784
83 0.710894 0.016 0.694894
9 0.701327 0.16 0.541327
83 0.694894 0.16 0.534894
36 0.784 0.16 0.624
15 0.700803 0.16 0.540803
51 0.784 0.16 0.624
51 0.624 0.16 0.464
32 0.8 0.16 0.64
51 0.464 0.16 0.304
52 0.8 0.16 0.64
51 0.304 0.16 0.144
32 0.714843 0.016 0.698843
51 0.223995 0.016 0.207995
52 0.71387 0.016 0.69787
51 0.207995 0.16 0.047995
52 0.69787 0.16 0.53787
32 0.698843 0.16 0.538843
82 0.8 0.16 0.64
32 0.538843 0.16 0.378843
82 0.64 0.16 0.48
82 0.554154 0.016 0.538154
82 0.538154 0.16 0.378154
63 0.8 0.16 0.64
75 0.8 0.16 0.64
48 0.352886 0.16 0.192886
43 0.219702 0.16 0.0597016
63 0.719786 0.016 0.703786
75 0.715762 0.016 0.699762
63 0.703786 0.16 0.543786
75 0.699762 0.16 0.539762
61 0.8 0.16 0.64
61 0.711088 0.016 0.695088
43 0.206147 0.16 0.0461472
61 0.695088 0.16 0.535088
19 0.8 0.16 0.64
70 0.8 0.16 0.64
19 0.719185 0.016 0.703185
70 0.71552 0.016 0.69952
70 0.69952 0.16 0.53952
19 0.703185 0.16 0.543185
11 0.8 0.16 0.64
64 0.8 0.16 0.64
90 0.8 0.16 0.64
11 0.64 0.16 0.48
64 0.64 0.16 0.48
90 0.64 0.16 0.48
51 0.35222 0.16 0.19222
11 0.555493 0.016 0.539493
64 0.556898 0.016 0.540898
90 0.552923 0.016 0.536923
11 0.539493 0.16 0.379493
24 0.8 0.16 0.64
64 0.540898 0.16 0.380898
85 0.8 0.16 0.64
90 0.536923 0.16 0.376923
64 0.380898 0.16 0.220898
90 0.376923 0.16 0.216923
90 0.216923 0.16 0.0569225
24 0.716178 0.016 0.700178
85 0.71554 0.016 0.69954
24 0.700178 0.16 0.540178
85 0.69954 0.16 0.53954
2 0.8 0.16 0.64
41 0.8 0.16 0.64
2 0.64 0.16 0.48
41 0.64 0.16 0.48
2 0.551596 0.016 0.535596
4 0.8 0.016 0.784
41 0.558177 0.016 0.542177
41 0.542177 0.16 0.382177
2 0.535596 0.16 0.375596
4 0.784 0.16 0.624
43 0.347586 0.16 0.187586
4 0.624 0.16 0.464
2 0.375596 0.16 0.215596
14 0.8 0.16 0.64
40 0.8 0.16 0.64
2 0.215596 0.16 0.0555958
40 0.64 0.16 0.48
14 0.717607 0.016 0.701607
40 0.5515 0.016 0.5355
40 0.5355 0.16 0.3755
14 0.701607 0.16 0.541607
54 0.8 0.16 0.64
79 0.8 0.16 0.64
14 0.541607 0.16 0.381607
54 0.64 0.16 0.48
79 0.64 0.16 0.48
54 0.552103 0.016 0.536103
79 0.555031 0.016 0.539031
79 0.539031 0.16 0.379031
54 0.536103 0.16 0.376103
28 0.8 0.016 0.784
28 0.784 0.16 0.624
58 0.8 0.16 0.64
88 0.8 0.16 0.64
58 0.71272 0.016 0.69672
88 0.710698 0.016 0.694698
88 0.694698 0.16 0.534698
58 0.69672 0.16 0.53672
68 0.8 0.16 0.64
45 0.8 0.16 0.64
68 0.64 0.16 0.48
68 0.55003 0.016 0.53403
68 0.53403 0.16 0.37403
45 0.710327 0.16 0.550327
45 0.625753 0.016 0.609753
45 0.609753 0.16 0.449753
3 0.8 0.016 0.784
3 0.784 0.16 0.624
100 0.8 0.16 0.64
31 0.8 0.016 0.784
50 0.8 0.016 0.784
100 0.711935 0.016 0.695935
100 0.695935 0.16 0.535935
31 0.784 0.16 0.624
50 0.784 0.16 0.624
66 0.8 0.16 0.64
72 0.8 0.16 0.64
50 0.624 0.16 0.464
31 0.624 0.16 0.464
66 0.64 0.16 0.48
72 0.64 0.16 0.48
98 0.8 0.16 0.64
66 0.48 0.16 0.32
72 0.48 0.16 0.32
98 0.64 0.16 0.48
66 0.390448 0.016 0.374448
72 0.393973 0.016 0.377973
98 0.556108 0.016 0.540108
66 0.374448 0.16 0.214448
72 0.377973 0.16 0.217973
98 0.540108 0.16 0.380108
72 0.217973 0.16 0.057973
98 0.380108 0.16 0.220108
98 0.220108 0.16 0.060108
23 0.8 0.16 0.64
91 0.8 0.16 0.64
91 0.710519 0.016 0.694519
91 0.694519 0.16 0.534519
23 0.717729 0.16 0.557729
76 0.8 0.16 0.64
23 0.635697 0.016 0.619697
76 0.716926 0.016 0.700926
76 0.700926 0.16 0.540926
23 0.619697 0.16 0.459697
7 0.8 0.16 0.64
33 0.8 0.16 0.64
7 0.712898 0.016 0.696898
33 0.717487 0.016 0.701487
33 0.701487 0.16 0.541487
7 0.696898 0.16 0.536898
53 0.8 0.16 0.64
53 0.64 0.16 0.48
18 0.8 0.016 0.784
53 0.552648 0.016 0.536648
53 0.536648 0.16 0.376648
18 0.784 0.16 0.624
69 0.8 0.16 0.64
18 0.624 0.16 0.464
1 0.8 0.16 0.64
69 0.64 0.16 0.48
1 0.710956 0.016 0.694956
69 0.551576 0.016 0.535576
1 0.694956 0.16 0.534956
69 0.535576 0.16 0.375576
65 0.8 0.016 0.784
73 0.8 0.016 0.784
65 0.784 0.16 0.624
73 0.784 0.16 0.624
39 0.8 0.16 0.64
81 0.8 0.16 0.64
86 0.8 0.16 0.64
39 0.64 0.16 0.48
81 0.64 0.16 0.48
86 0.64 0.16 0.48
39 0.55307 0.016 0.53707
59 0.8 0.016 0.784
81 0.55867 0.016 0.54267
86 0.558944 0.016 0.542944
39 0.53707 0.16 0.37707
81 0.54267 0.16 0.38267
86 0.542944 0.16 0.382944
86 0.382944 0.16 0.222944
81 0.38267 0.16 0.22267
59 0.784 0.16 0.624
21 0.8 0.016 0.784
57 0.8 0.016 0.784
57 0.784 0.16 0.624
21 0.784 0.16 0.624
60 0.8 0.16 0.64
21 0.624 0.16 0.464
60 0.64 0.16 0.48
47 0.8 0.016 0.784
60 0.55084 0.016 0.53484
60 0.53484 0.16 0.37484
47 0.784 0.16 0.624
93 0.8 0.16 0.64
47 0.624 0.16 0.464
20 0.8 0.16 0.64
93 0.64 0.16 0.48
20 0.718547 0.016 0.702547
93 0.556244 0.016 0.540244
93 0.540244 0.16 0.380244
20 0.702547 0.16 0.542547
20 0.542547 0.16 0.382547
29 0.8 0.16 0.64
29 0.717876 0.016 0.701876
29 0.701876 0.16 0.541876
56 0.8 0.016 0.784
77 0.8 0.016 0.784
77 0.784 0.16 0.624
56 0.784 0.16 0.624
74 0.8 0.16 0.64
56 0.624 0.16 0.464
74 0.64 0.16 0.48
74 0.555402 0.016 0.539402
74 0.539402 0.16 0.379402
44 0.8 0.016 0.784
89 0.8 0.016 0.784
89 0.784 0.16 0.624
44 0.784 0.16 0.624
35 0.8 0.16 0.64
35 0.713804 0.016 0.697804
35 0.697804 0.16 0.537804
97 0.8 0.16 0.64
97 0.718817 0.016 0.702817
97 0.702817 0.16 0.542817
10 0.8 0.016 0.784
10 0.784 0.16 0.624
