44 0.8 0.016 0.784
44 0.784 0.16 0.624
9 0.8 0.16 0.64
9 0.716833 0.016 0.700833
58 0.8 0.016 0.784
58 0.784 0.16 0.624
9 0.700833 0.16 0.540833
9 0.540833 0.16 0.380833
69 0.8 0.016 0.784
69 0.784 0.16 0.624
38 0.8 0.16 0.64
65 0.8 0.16 0.64
38 0.719541 0.016 0.703541
65 0.711001 0.016 0.695001
38 0.703541 0.16 0.543541
65 0.695001 0.16 0.535001
65 0.535001 0.16 0.375001
1 0.8 0.016 0.784
22 0.8 0.016 0.784
22 0.784 0.16 0.624
1 0.784 0.16 0.624
1 0.624 0.16 0.464
17 0.8 0.016 0.784
17 0.784 0.16 0.624
57 0.8 0.16 0.64
57 0.714422 0.016 0.698422
57 0.698422 0.16 0.538422
31 0.8 0.016 0.784
31 0.784 0.16 0.624
47 0.8 0.16 0.64
47 0.718793 0.016 0.702793
47 0.702793 0.16 0.542793
10 0.8 0.16 0.64
67 0.8 0.16 0.64
67 0.71158 0.016 0.69558
67 0.69558 0.16 0.53558
10 0.710689 0.16 0.550689
29 0.8 0.16 0.64
10 0.627545 0.016 0.611545
26 0.8 0.016 0.784
29 0.71428 0.016 0.69828
10 0.611545 0.16 0.451545
26 0.784 0.16 0.624
29 0.69828 0.16 0.53828
41 0.8 0.16 0.64
26 0.624 0.16 0.464
29 0.53828 0.16 0.37828
18 0.8 0.16 0.64
41 0.64 0.16 0.48
41 0.48 0.16 0.32
18 0.717962 0.016 0.701962
41 0.392752 0.016 0.376752
41 0.376752 0.16 0.216752
18 0.701962 0.16 0.541962
18 0.541962 0.16 0.381962
11 0.8 0.16 0.64
11 0.71981 0.016 0.70381
11 0.70381 0.16 0.54381
62 0.8 0.16 0.64
62 0.714878 0.016 0.698878
62 0.698878 0.16 0.538878
39 0.8 0.016 0.784
39 0.784 0.16 0.624
59 0.8 0.016 0.784
59 0.784 0.16 0.624
63 0.8 0.16 0.64
66 0.8 0.16 0.64
63 0.71027 0.016 0.69427
66 0.716427 0.016 0.700427
63 0.69427 0.16 0.53427
66 0.700427 0.16 0.540427
66 0.540427 0.16 0.380427
36 0.8 0.016 0.784
36 0.784 0.16 0.624
13 0.8 0.16 0.64
46 0.8 0.16 0.64
13 0.716705 0.016 0.700705
46 0.710711 0.016 0.694711
46 0.694711 0.16 0.534711
13 0.700705 0.16 0.540705
30 0.8 0.016 0.784
30 0.784 0.16 0.624
32 0.8 0.16 0.64
42 0.8 0.16 0.64
32 0.715927 0.016 0.699927
42 0.714645 0.016 0.698645
42 0.698645 0.16 0.538645
32 0.699927 0.16 0.539927
7 0.8 0.16 0.64
15 0.8 0.16 0.64
16 0.8 0.16 0.64
7 0.64 0.16 0.48
15 0.64 0.16 0.48
16 0.64 0.16 0.48
7 0.552819 0.016 0.536819
15 0.55556 0.016 0.53956
16 0.550934 0.016 0.534934
15 0.53956 0.16 0.37956
7 0.536819 0.16 0.376819
16 0.534934 0.16 0.374934
16 0.374934 0.16 0.214934
7 0.376819 0.16 0.216819
45 0.8 0.016 0.784
45 0.784 0.16 0.624
61 0.8 0.016 0.784
61 0.784 0.16 0.624
27 0.8 0.016 0.784
55 0.8 0.016 0.784
27 0.784 0.16 0.624
55 0.784 0.16 0.624
55 0.624 0.16 0.464
20 0.8 0.16 0.64
14 0.8 0.016 0.784
20 0.717116 0.016 0.701116
24 0.8 0.016 0.784
20 0.701116 0.16 0.541116
14 0.784 0.16 0.624
24 0.784 0.16 0.624
37 0.8 0.16 0.64
54 0.8 0.16 0.64
14 0.624 0.16 0.464
24 0.624 0.16 0.464
37 0.64 0.16 0.48
54 0.64 0.16 0.48
37 0.48 0.16 0.32
54 0.48 0.16 0.32
37 0.397474 0.016 0.381474
54 0.390417 0.016 0.374417
37 0.381474 0.16 0.221474
54 0.374417 0.16 0.214417
54 0.214417 0.16 0.0544169
68 0.8 0.016 0.784
68 0.784 0.16 0.624
3 0.8 0.16 0.64
12 0.8 0.16 0.64
52 0.8 0.16 0.64
3 0.719867 0.016 0.703867
12 0.712236 0.016 0.696236
52 0.713532 0.016 0.697532
3 0.703867 0.16 0.543867
12 0.696236 0.16 0.536236
52 0.697532 0.16 0.537532
12 0.536236 0.16 0.376236
52 0.537532 0.16 0.377532
52 0.377532 0.16 0.217532
6 0.8 0.016 0.784
40 0.8 0.016 0.784
51 0.8 0.016 0.784
70 0.8 0.016 0.784
70 0.784 0.16 0.624
51 0.784 0.16 0.624
6 0.784 0.16 0.624
40 0.784 0.16 0.624
40 0.624 0.16 0.464
49 0.8 0.16 0.64
40 0.464 0.16 0.304
49 0.64 0.16 0.48
40 0.304 0.16 0.144
21 0.8 0.16 0.64
49 0.48 0.16 0.32
49 0.397798 0.016 0.381798
49 0.381798 0.16 0.221798
21 0.717589 0.16 0.557589
21 0.631785 0.016 0.615785
21 0.615785 0.16 0.455785
53 0.8 0.016 0.784
53 0.784 0.16 0.624
5 0.8 0.016 0.784
25 0.8 0.016 0.784
28 0.8 0.016 0.784
60 0.8 0.016 0.784
25 0.784 0.16 0.624
60 0.784 0.16 0.624
28 0.784 0.16 0.624
5 0.784 0.16 0.624
8 0.8 0.16 0.64
8 0.64 0.16 0.48
8 0.48 0.16 0.32
8 0.395193 0.016 0.379193
8 0.379193 0.16 0.219193
2 0.8 0.16 0.64
2 0.712575 0.016 0.696575
2 0.696575 0.16 0.536575
23 0.8 0.16 0.64
35 0.8 0.16 0.64
23 0.711709 0.016 0.695709
33 0.8 0.016 0.784
35 0.71093 0.016 0.69493
50 0.8 0.016 0.784
23 0.695709 0.16 0.535709
35 0.69493 0.16 0.53493
33 0.784 0.16 0.624
50 0.784 0.16 0.624
33 0.624 0.16 0.464
50 0.624 0.16 0.464
50 0.464 0.16 0.304
33 0.464 0.16 0.304
64 0.8 0.16 0.64
33 0.304 0.16 0.144
64 0.64 0.16 0.48
64 0.554996 0.016 0.538996
64 0.538996 0.16 0.378996
48 0.8 0.16 0.64
48 0.710719 0.016 0.694719
48 0.694719 0.16 0.534719
43 0.8 0.016 0.784
43 0.784 0.16 0.624
56 0.8 0.016 0.784
56 0.784 0.16 0.624
19 0.8 0.16 0.64
4 0.8 0.016 0.784
19 0.71585 0.016 0.69985
19 0.69985 0.16 0.53985
4 0.784 0.16 0.624
34 0.8 0.16 0.64
4 0.624 0.16 0.464
34 0.64 0.16 0.48
34 0.552768 0.016 0.536768
34 0.536768 0.16 0.376768
