71 3940 1.01201
32 3942 1.09873
36 3943 1.11169
53 3944 1.13294
16 3946 1.14894
63 3947 1.15597
78 3948 1.18779
40 3950 1.26655
72 3951 1.27591
57 3953 1.34324
3 3954 1.34762
46 3955 1.36089
13 3956 1.36387
21 3957 1.38886
8 3958 1.39647
4 3959 1.41565
17 3960 1.42282
47 3961 1.42742
58 3963 1.44439
6 3964 1.50721
48 3965 1.54092
67 3967 1.56024
43 3968 1.56659
15 3969 1.59176
11 3971 1.70405
74 3972 1.70419
27 3973 1.71047
12 3975 1.74962
73 3976 1.79571
54 3977 1.81182
61 3978 1.8179
56 3980 1.88401
51 3981 1.89243
64 3983 1.94116
42 3984 1.99358
49 3985 2.02997
26 3987 2.05384
41 3988 2.06737
39 3989 2.08115
24 3990 2.12522
69 3991 2.12877
28 3993 2.18777
31 3994 2.19195
20 3995 2.19797
23 3996 2.22006
14 3997 2.22628
33 3999 2.24281
70 4000 2.2759
30 4001 2.28565
2 4002 2.32878
50 4004 2.34522
60 4005 2.39955
66 4006 2.40566
65 4007 2.42167
29 4009 2.45801
22 4010 2.47728
80 4011 2.5125
10 4012 2.53783
1 4013 2.53983
62 4014 2.54
34 4016 2.54877
59 4017 2.61604
25 4019 2.68006
55 4020 2.70264
18 4021 2.73481
76 4023 2.7472
35 4024 2.75253
77 4025 2.77338
52 4026 2.77502
9 4027 2.77896
38 4028 2.84064
79 4030 2.87169
75 4031 2.87914
7 4032 2.90385
45 4033 2.92792
68 4034 2.92836
19 4036 2.94492
37 4037 2.95205
44 4038 2.95226
5 4039 2.9855
