0 3930
0 3931
0 3932
0 3933
0 3934
0 3935
0 3936
0 3937
0 3938
0 3939
0 3941
0 3945
32 3942
0 3949
0 3952
40 3950
0 3962
47 3961
0 3966
0 3970
0 3974
0 3979
0 3982
0 3986
0 3992
21 3957
26 3987
0 3998
4 3959
0 4003
0 4008
30 4001
42 3984
2 4002
0 4015
28 3993
39 3989
73 3976
0 4018
0 4022
36 3943
63 3947
0 4029
1 4013
0 4035
0 4040
48 3965
18 4021
80 4011
78 3948
0 4041
27 3973
0 4042
49 3985
15 3969
0 4043
56 3980
5 4039
72 3951
0 4044
69 3991
41 3988
68 4034
0 4045
14 3997
71 3940
0 4046
3 3954
0 4047
0 4048
0 4049
20 3995
10 4012
11 3971
13 3956
0 4050
70 4000
10 4012
24 3990
0 4051
0 4052
33 3999
75 4031
0 4053
34 4016
0 4054
25 4019
59 4017
0 4055
53 3944
57 3953
0 4056
46 3955
0 4057
19 4036
0 4058
79 4030
0 4059
0 4060
65 4007
0 4061
0 4062
0 4063
54 3977
0 4064
44 4038
16 3946
0 4065
0 4066
58 3963
45 4033
12 3975
17 3960
0 4067
0 4068
6 3964
64 3983
74 3972
0 4069
77 4025
38 4028
22 4010
0 4070
37 4037
50 4004
0 4071
0 4072
0 4073
52 4026
0 4074
66 4006
43 3968
51 3981
67 3967
0 4075
23 3996
8 3958
0 4076
31 3994
8 3958
0 4077
0 4078
29 4009
61 3978
0 4079
60 4005
23 3996
0 4080
9 4027
0 4081
7 4032
0 4082
35 4024
0 4083
0 4084
0 4085
62 4014
0 4086
0 4087
55 4020
0 4088
76 4023
0 4089
0 4090
0 4091
0 4092
0 4093
0 4094
0 4095
0 4096
0 4097
0 4098
0 4099
0 4100
0 4101
0 4102
0 4103
0 4104
0 4105
0 4106
0 4107
0 4108
0 4109
0 4110
0 4111
0 4112
0 4113
0 4114
0 4115
0 4116
0 4117
0 4118
0 4119
0 4120
0 4121
0 4122
0 4123
0 4124
0 4125
0 4126
0 4127
0 4128
0 4129
0 4130
0 4131
0 4132
0 4133
0 4134
0 4135
0 4136
0 4137
0 4138
0 4139
0 4140
0 4141
0 4142
0 4143
0 4144
0 4145
0 4146
0 4147
0 4148
0 4149
0 4150
0 4151
0 4152
0 4153
0 4154
0 4155
0 4156
0 4157
0 4158
0 4159
