1 0.8 0.016 0.784
35 0.8 0.016 0.784
1 0.784 0.16 0.624
35 0.784 0.16 0.624
27 0.8 0.016 0.784
27 0.784 0.16 0.624
21 0.8 0.016 0.784
21 0.784 0.16 0.624
33 0.8 0.016 0.784
33 0.784 0.16 0.624
3 0.8 0.016 0.784
11 0.8 0.016 0.784
11 0.784 0.16 0.624
3 0.784 0.16 0.624
3 0.624 0.16 0.464
18 0.8 0.016 0.784
19 0.8 0.016 0.784
19 0.784 0.16 0.624
18 0.784 0.16 0.624
5 0.8 0.016 0.784
5 0.784 0.16 0.624
30 0.8 0.16 0.64
34 0.8 0.16 0.64
30 0.714686 0.016 0.698686
34 0.710792 0.016 0.694792
34 0.694792 0.16 0.534792
30 0.698686 0.16 0.538686
30 0.538686 0.16 0.378686
38 0.8 0.016 0.784
38 0.784 0.16 0.624
40 0.8 0.016 0.784
40 0.784 0.16 0.624
14 0.8 0.16 0.64
14 0.714186 0.016 0.698186
14 0.698186 0.16 0.538186
4 0.8 0.016 0.784
4 0.784 0.16 0.624
20 0.8 0.016 0.784
20 0.784 0.16 0.624
12 0.8 0.016 0.784
12 0.784 0.16 0.624
25 0.8 0.016 0.784
26 0.8 0.016 0.784
32 0.8 0.016 0.784
26 0.784 0.16 0.624
25 0.784 0.16 0.624
32 0.784 0.16 0.624
25 0.624 0.16 0.464
32 0.624 0.16 0.464
32 0.464 0.16 0.304
2 0.8 0.016 0.784
2 0.784 0.16 0.624
17 0.8 0.016 0.784
17 0.784 0.16 0.624
24 0.8 0.16 0.64
28 0.8 0.16 0.64
24 0.719946 0.016 0.703946
28 0.717581 0.016 0.701581
24 0.703946 0.16 0.543946
28 0.701581 0.16 0.541581
28 0.541581 0.16 0.381581
37 0.8 0.016 0.784
37 0.784 0.16 0.624
6 0.8 0.016 0.784
10 0.8 0.016 0.784
36 0.8 0.016 0.784
10 0.784 0.16 0.624
6 0.784 0.16 0.624
8 0.8 0.16 0.64
36 0.784 0.16 0.624
8 0.64 0.16 0.48
36 0.624 0.16 0.464
36 0.464 0.16 0.304
8 0.48 0.16 0.32
23 0.8 0.16 0.64
8 0.392335 0.016 0.376335
23 0.717679 0.016 0.701679
8 0.376335 0.16 0.216335
23 0.701679 0.16 0.541679
23 0.541679 0.16 0.381679
13 0.8 0.16 0.64
39 0.8 0.16 0.64
13 0.718909 0.016 0.702909
39 0.711826 0.016 0.695826
39 0.695826 0.16 0.535826
13 0.702909 0.16 0.542909
29 0.8 0.16 0.64
29 0.64 0.16 0.48
29 0.556241 0.016 0.540241
29 0.540241 0.16 0.380241
9 0.8 0.16 0.64
9 0.717922 0.016 0.701922
9 0.701922 0.16 0.541922
16 0.8 0.016 0.784
16 0.784 0.16 0.624
15 0.8 0.16 0.64
15 0.715879 0.016 0.699879
15 0.699879 0.16 0.539879
7 0.8 0.16 0.64
7 0.714423 0.016 0.698423
7 0.698423 0.16 0.538423
22 0.8 0.016 0.784
22 0.784 0.16 0.624
31 0.8 0.016 0.784
31 0.784 0.16 0.624
