6 3313 0 100 121535054 1.54042 1.54042
15 3310 0 100 121572656 1.54042 1.54042
35 3336 0 100 56204860 1.84042 1.84042
30 3338 0 100 154272104 1.84042 1.84042
28 3333 0 100 154300640 1.84042 1.84042
31 3326 0 100 88857800 2.04042 2.04042
20 3316 0 100 88874552 2.14042 2.14042
33 3321 0 100 121562234 2.24042 2.24042
48 3357 0 100 88845044 2.64042 2.64042
40 3362 0 100 121567010 2.64042 2.64042
4 3353 0 100 121572518 2.64042 2.64042
1 3312 0 100 154289296 2.64042 2.64042
49 3325 0 100 56204442 2.84042 2.84042
16 3315 0 100 121534910 3.14042 3.14042
13 3329 0 100 121568114 3.24042 3.24042
44 3317 0 100 154270328 3.24042 3.24042
7 3340 0 100 121541150 3.34042 3.34042
36 3328 0 100 154265128 3.54042 3.54042
14 3359 0 100 56203272 3.74042 3.74042
23 3378 0 100 121527716 3.84042 3.84042
42 3377 0 100 88845880 3.94042 3.94042
37 3354 0 100 121574594 3.94042 3.94042
34 3334 0 100 121540886 4.14042 4.14042
18 3379 0 100 121553204 4.34042 4.34042
25 3344 0 100 121558526 4.34042 4.34042
24 3368 0 100 154278128 4.44042 4.44042
12 3343 0 100 121570298 4.54042 4.54042
43 3320 0 100 56201912 4.74042 4.74042
47 3370 0 100 154284552 4.74042 4.74042
9 3372 0 100 121535504 4.94042 4.94042
3 3375 0 100 121529930 5.04042 5.04042
21 3373 0 100 121551500 5.04042 5.04042
46 3346 0 100 154294144 5.24042 5.24042
41 3369 0 100 88871060 5.44042 5.44042
22 3360 0 100 88859108 5.74042 5.74042
8 3350 0 100 154251400 5.74042 5.74042
27 3363 0 100 121552976 5.84042 5.84042
5 3322 0 100 154296064 5.84042 5.84042
17 3331 0 100 154249968 5.94042 5.94042
39 3374 0 100 154263792 5.94042 5.94042
10 3356 0 100 154257928 6.14042 6.14042
26 3324 0 100 88844796 6.24042 6.24042
38 3348 0 100 154259344 6.24042 6.24042
45 3367 0 100 88868208 6.34042 6.34042
19 3335 0 100 154286368 6.34042 6.34042
11 3342 0 100 154247928 6.54042 6.54042
50 3351 0 100 154287360 6.64042 6.64042
29 3337 0 100 88854640 6.84042 6.84042
2 3347 0 100 154263832 7.04042 7.04042
32 3366 0 100 88867740 7.44042 7.44042
