9 2360 1.02508
97 2361 1.06549
14 2363 1.11519
29 2364 1.16259
61 2366 1.19385
23 2367 1.19751
72 2368 1.1989
51 2369 1.2111
8 2370 1.21974
99 2371 1.23162
94 2372 1.23889
92 2373 1.26679
39 2375 1.3059
48 2376 1.32997
33 2377 1.33816
7 2378 1.34019
49 2379 1.3589
21 2380 1.36779
55 2382 1.39114
95 2383 1.39931
65 2384 1.453
59 2385 1.45457
50 2386 1.45929
3 2387 1.46856
56 2388 1.47503
73 2389 1.478
96 2390 1.47889
38 2392 1.52034
76 2393 1.52766
70 2395 1.5858
67 2396 1.58913
85 2397 1.58988
42 2398 1.59549
77 2399 1.60082
81 2400 1.6082
31 2401 1.61991
15 2402 1.62854
64 2403 1.63738
90 2404 1.63834
54 2406 1.73426
46 2407 1.74786
36 2408 1.75735
63 2410 1.79788
6 2411 1.80703
57 2412 1.809
12 2413 1.81952
24 2414 1.82034
74 2415 1.83461
30 2416 1.86599
88 2417 1.86829
75 2418 1.8698
93 2420 1.88731
87 2421 1.94937
25 2423 1.99339
20 2424 2.00931
83 2425 2.04223
13 2426 2.04809
62 2427 2.06484
40 2428 2.08049
32 2430 2.12396
82 2431 2.13224
69 2433 2.20778
45 2435 2.30369
89 2436 2.31783
44 2437 2.32727
26 2438 2.35718
91 2439 2.37539
37 2441 2.39488
78 2442 2.40956
28 2443 2.42764
52 2444 2.4423
4 2445 2.45079
71 2447 2.49109
17 2448 2.50622
41 2449 2.51227
34 2450 2.54325
84 2451 2.57573
18 2452 2.57617
11 2454 2.58988
66 2455 2.65675
2 2456 2.66855
47 2458 2.70779
68 2459 2.73552
16 2460 2.74117
43 2461 2.749
10 2462 2.74938
53 2463 2.75044
98 2464 2.75746
60 2465 2.77724
19 2466 2.78223
58 2468 2.79113
100 2469 2.79805
35 2470 2.802
22 2471 2.85031
5 2472 2.85374
80 2473 2.86908
1 2475 2.88964
79 2476 2.93435
27 2477 2.93776
86 2478 2.95459
