8 0.8 0.016 0.784
8 0.784 0.16 0.624
22 0.8 0.16 0.64
61 0.8 0.16 0.64
22 0.715492 0.016 0.699492
61 0.713287 0.016 0.697287
61 0.697287 0.16 0.537287
22 0.699492 0.16 0.539492
45 0.8 0.16 0.64
40 0.8 0.016 0.784
45 0.715078 0.016 0.699078
40 0.784 0.16 0.624
45 0.699078 0.16 0.539078
62 0.8 0.16 0.64
62 0.713502 0.016 0.697502
62 0.697502 0.16 0.537502
15 0.8 0.16 0.64
26 0.8 0.16 0.64
29 0.8 0.16 0.64
58 0.8 0.16 0.64
29 0.714774 0.016 0.698774
58 0.719562 0.016 0.703562
29 0.698774 0.16 0.538774
58 0.703562 0.16 0.543562
15 0.711925 0.16 0.551925
26 0.715214 0.16 0.555214
15 0.551925 0.16 0.391925
26 0.555214 0.16 0.395214
15 0.468333 0.016 0.452333
26 0.467196 0.016 0.451196
15 0.452333 0.16 0.292333
26 0.451196 0.16 0.291196
7 0.8 0.016 0.784
17 0.8 0.016 0.784
7 0.784 0.16 0.624
17 0.784 0.16 0.624
2 0.8 0.16 0.64
2 0.64 0.16 0.48
2 0.556465 0.016 0.540465
2 0.540465 0.16 0.380465
25 0.8 0.16 0.64
37 0.8 0.16 0.64
38 0.8 0.16 0.64
25 0.712545 0.016 0.696545
37 0.718156 0.016 0.702156
38 0.712326 0.016 0.696326
54 0.8 0.016 0.784
54 0.784 0.16 0.624
25 0.696545 0.16 0.536545
37 0.702156 0.16 0.542156
38 0.696326 0.16 0.536326
32 0.8 0.16 0.64
16 0.8 0.16 0.64
35 0.8 0.16 0.64
16 0.64 0.16 0.48
35 0.64 0.16 0.48
16 0.556536 0.016 0.540536
32 0.71082 0.016 0.69482
35 0.553773 0.016 0.537773
16 0.540536 0.16 0.380536
32 0.69482 0.16 0.53482
35 0.537773 0.16 0.377773
63 0.8 0.16 0.64
68 0.8 0.16 0.64
34 0.8 0.16 0.64
50 0.8 0.16 0.64
63 0.64 0.16 0.48
68 0.64 0.16 0.48
63 0.48 0.16 0.32
68 0.48 0.16 0.32
28 0.8 0.016 0.784
34 0.710004 0.016 0.694004
50 0.719022 0.016 0.703022
63 0.399326 0.016 0.383326
68 0.395137 0.016 0.379137
28 0.784 0.16 0.624
50 0.703022 0.16 0.543022
63 0.383326 0.16 0.223326
34 0.694004 0.16 0.534004
68 0.379137 0.16 0.219137
10 0.8 0.16 0.64
10 0.71697 0.016 0.70097
10 0.70097 0.16 0.54097
57 0.8 0.016 0.784
57 0.784 0.16 0.624
23 0.8 0.16 0.64
56 0.8 0.16 0.64
23 0.718045 0.016 0.702045
56 0.716441 0.016 0.700441
23 0.702045 0.16 0.542045
56 0.700441 0.16 0.540441
48 0.8 0.16 0.64
48 0.64 0.16 0.48
46 0.8 0.016 0.784
48 0.550277 0.016 0.534277
46 0.784 0.16 0.624
48 0.534277 0.16 0.374277
31 0.8 0.16 0.64
39 0.8 0.16 0.64
31 0.64 0.16 0.48
39 0.64 0.16 0.48
31 0.551277 0.016 0.535277
39 0.553385 0.016 0.537385
31 0.535277 0.16 0.375277
39 0.537385 0.16 0.377385
64 0.8 0.16 0.64
64 0.64 0.16 0.48
64 0.550585 0.016 0.534585
64 0.534585 0.16 0.374585
13 0.8 0.16 0.64
13 0.710696 0.016 0.694696
13 0.694696 0.16 0.534696
59 0.8 0.016 0.784
59 0.784 0.16 0.624
5 0.8 0.16 0.64
5 0.716661 0.016 0.700661
5 0.700661 0.16 0.540661
3 0.8 0.016 0.784
3 0.784 0.16 0.624
65 0.8 0.016 0.784
65 0.784 0.16 0.624
55 0.8 0.016 0.784
55 0.784 0.16 0.624
1 0.8 0.16 0.64
53 0.8 0.16 0.64
60 0.8 0.16 0.64
1 0.718984 0.016 0.702984
53 0.712055 0.016 0.696055
60 0.718002 0.016 0.702002
1 0.702984 0.16 0.542984
53 0.696055 0.16 0.536055
60 0.702002 0.16 0.542002
11 0.8 0.16 0.64
47 0.8 0.16 0.64
66 0.8 0.16 0.64
11 0.64 0.16 0.48
47 0.64 0.16 0.48
66 0.64 0.16 0.48
11 0.48 0.16 0.32
47 0.48 0.16 0.32
66 0.48 0.16 0.32
11 0.398731 0.016 0.382731
47 0.394811 0.016 0.378811
66 0.390508 0.016 0.374508
47 0.378811 0.16 0.218811
11 0.382731 0.16 0.222731
66 0.374508 0.16 0.214508
4 0.8 0.16 0.64
4 0.64 0.16 0.48
4 0.559065 0.016 0.543065
4 0.543065 0.16 0.383065
33 0.8 0.16 0.64
33 0.711518 0.016 0.695518
33 0.695518 0.16 0.535518
36 0.8 0.016 0.784
36 0.784 0.16 0.624
42 0.8 0.16 0.64
51 0.8 0.16 0.64
42 0.718819 0.016 0.702819
51 0.716327 0.016 0.700327
51 0.700327 0.16 0.540327
42 0.702819 0.16 0.542819
19 0.8 0.016 0.784
24 0.8 0.016 0.784
27 0.8 0.016 0.784
49 0.8 0.016 0.784
19 0.784 0.16 0.624
24 0.784 0.16 0.624
27 0.784 0.16 0.624
49 0.784 0.16 0.624
6 0.8 0.016 0.784
43 0.8 0.016 0.784
43 0.784 0.16 0.624
6 0.784 0.16 0.624
20 0.8 0.16 0.64
41 0.8 0.16 0.64
67 0.8 0.16 0.64
20 0.64 0.16 0.48
41 0.64 0.16 0.48
67 0.64 0.16 0.48
20 0.559507 0.016 0.543507
41 0.559514 0.016 0.543514
67 0.556087 0.016 0.540087
41 0.543514 0.16 0.383514
20 0.543507 0.16 0.383507
67 0.540087 0.16 0.380087
14 0.8 0.016 0.784
14 0.784 0.16 0.624
9 0.8 0.016 0.784
9 0.784 0.16 0.624
18 0.8 0.16 0.64
18 0.710509 0.016 0.694509
21 0.8 0.016 0.784
69 0.8 0.016 0.784
18 0.694509 0.16 0.534509
69 0.784 0.16 0.624
21 0.784 0.16 0.624
12 0.8 0.16 0.64
52 0.8 0.16 0.64
12 0.64 0.16 0.48
52 0.64 0.16 0.48
12 0.48 0.16 0.32
52 0.48 0.16 0.32
12 0.399956 0.016 0.383956
52 0.391984 0.016 0.375984
12 0.383956 0.16 0.223956
52 0.375984 0.16 0.215984
44 0.8 0.016 0.784
44 0.784 0.16 0.624
70 0.8 0.016 0.784
70 0.784 0.16 0.624
30 0.8 0.016 0.784
30 0.784 0.16 0.624
