51 2139 0 100 32664652 1.447 1.447
23 2121 0 100 32660134 1.747 1.747
55 2145 0 100 32669098 1.747 1.747
85 2122 0 100 32674584 1.747 1.747
60 2167 0 100 32660098 1.847 1.847
33 2137 0 100 32651530 1.947 1.947
56 2136 0 100 32642912 1.947 1.947
40 2126 0 100 32656486 2.247 2.247
74 2173 0 100 32664490 2.247 2.247
31 2147 0 100 32645788 2.347 2.347
59 2183 0 100 32665664 2.447 2.447
12 2129 0 100 32650238 2.547 2.547
52 2204 0 100 32656138 2.647 2.647
4 2132 0 100 32677808 2.647 2.647
66 2133 0 100 32679152 2.847 2.847
1 2196 0 100 32647080 2.847 2.847
72 2219 0 100 32665038 2.947 2.947
67 2218 0 100 32650608 3.047 3.047
13 2200 0 100 32655878 3.047 3.047
21 2228 0 100 32671580 3.147 3.147
26 2158 0 100 32663502 3.147 3.147
86 2138 0 100 32633482 3.247 3.247
8 2213 0 100 32649048 3.347 3.347
79 2131 0 100 32648500 3.347 3.347
16 2130 0 100 32666042 3.347 3.347
44 2163 0 100 32635904 3.447 3.447
81 2169 0 100 32661216 3.447 3.447
41 2152 0 100 32674080 3.447 3.447
36 2223 0 100 32675470 3.547 3.547
75 2207 0 100 32680208 3.547 3.547
22 2198 0 100 32661904 3.547 3.547
24 2186 0 100 32671292 3.647 3.647
71 2210 0 100 32662748 3.647 3.647
15 2208 0 100 32653626 3.647 3.647
88 2188 0 100 32658368 3.747 3.747
39 2143 0 100 32643774 3.747 3.747
58 2156 0 100 32675616 3.747 3.747
76 2172 0 100 32679220 3.847 3.847
64 2195 0 100 32652742 3.847 3.847
38 2189 0 100 32652306 4.047 4.047
90 2194 0 100 32644322 4.047 4.047
28 2160 0 100 32638004 4.047 4.047
49 2146 0 100 32660350 4.047 4.047
47 2149 0 100 32680218 4.147 4.147
78 2128 0 100 32668408 4.247 4.247
69 2203 0 100 32661366 4.247 4.247
27 2161 0 100 32675250 4.347 4.347
29 2120 0 100 32648066 4.347 4.347
65 2205 0 100 32658524 4.447 4.447
19 2181 0 100 32635622 4.447 4.447
63 2187 0 100 32661286 4.547 4.547
82 2177 0 100 32647934 4.647 4.647
89 2159 0 100 32668338 4.747 4.747
10 2135 0 100 32654380 4.747 4.747
35 2220 0 100 32647294 4.847 4.847
83 2164 0 100 32657172 5.347 5.347
3 2150 0 100 32641916 5.347 5.347
62 2170 0 100 32674090 5.347 5.347
6 2214 0 100 32659266 5.447 5.447
84 2206 0 100 32668082 5.447 5.447
87 2157 0 100 32641244 5.547 5.547
68 2151 0 100 32649174 5.847 5.847
48 2176 0 100 32657308 5.847 5.847
45 2165 0 100 32638182 5.947 5.947
80 2212 0 100 32638212 5.947 5.947
73 2141 0 100 32660922 6.047 6.047
32 2193 0 100 32677140 6.047 6.047
57 2166 0 100 32659294 6.247 6.247
61 2154 0 100 32644136 6.247 6.247
46 2225 0 100 32665546 6.347 6.347
7 2199 0 100 32670764 6.347 6.347
53 2191 0 100 32639814 6.347 6.347
20 2184 0 100 32661666 6.447 6.447
34 2175 0 100 32658584 6.447 6.447
54 2201 0 100 32663958 6.747 6.747
37 2190 0 100 32633476 6.847 6.847
9 2179 0 100 32640226 6.947 6.947
77 2222 0 100 32680156 6.947 6.947
70 2178 0 100 32655330 6.947 6.947
25 2185 0 100 32666108 7.047 7.047
5 2215 0 100 32671298 7.647 7.647
