0 2350
0 2351
0 2352
0 2353
0 2354
0 2355
0 2356
0 2357
0 2358
0 2359
0 2362
0 2365
0 2374
0 2381
39 2375
0 2391
0 2394
99 2371
0 2405
76 2393
0 2409
0 2419
0 2422
0 2429
12 2413
0 2432
75 2418
0 2434
65 2384
0 2440
3 2387
49 2379
0 2446
0 2453
45 2435
83 2425
0 2457
66 2455
0 2467
6 2411
47 2458
0 2474
85 2397
5 2472
63 2410
59 2385
0 2479
43 2461
94 2372
61 2366
0 2480
13 2426
17 2448
42 2398
33 2377
0 2481
23 2367
90 2404
0 2482
22 2471
4 2445
0 2483
96 2390
67 2396
0 2484
0 2485
0 2486
40 2428
28 2443
8 2370
46 2407
0 2487
19 2466
38 2392
100 2469
26 2438
0 2488
15 2402
95 2383
0 2489
25 2423
0 2490
20 2424
9 2360
36 2408
0 2491
0 2492
86 2478
84 2451
62 2427
74 2415
0 2493
31 2401
98 2464
0 2494
21 2380
50 2386
53 2463
71 2447
35 2470
0 2495
54 2406
0 2496
82 2431
87 2421
0 2497
55 2382
0 2498
0 2499
52 2444
56 2388
32 2430
16 2460
0 2500
0 2501
0 2502
0 2503
97 2361
0 2504
88 2417
0 2505
81 2400
93 2420
0 2506
14 2363
0 2507
18 2452
0 2508
27 2477
91 2439
34 2450
73 2389
0 2509
37 2441
29 2364
51 2369
0 2510
72 2368
80 2473
24 2414
0 2511
78 2442
64 2403
0 2512
92 2373
0 2513
2 2456
60 2465
48 2376
79 2476
70 2395
0 2514
11 2454
7 2378
0 2515
57 2412
44 2437
77 2399
0 2516
30 2416
0 2517
0 2518
0 2519
10 2462
0 2520
69 2433
89 2436
0 2521
0 2522
0 2523
0 2524
68 2459
0 2525
0 2526
58 2468
41 2449
1 2475
0 2527
0 2528
0 2529
0 2530
0 2531
0 2532
0 2533
0 2534
0 2535
0 2536
0 2537
0 2538
0 2539
0 2540
0 2541
0 2542
0 2543
0 2544
0 2545
0 2546
0 2547
0 2548
0 2549
0 2550
0 2551
0 2552
0 2553
0 2554
0 2555
0 2556
0 2557
0 2558
0 2559
0 2560
0 2561
0 2562
0 2563
0 2564
0 2565
0 2566
0 2567
0 2568
0 2569
0 2570
0 2571
0 2572
0 2573
0 2574
0 2575
0 2576
0 2577
0 2578
0 2579
0 2580
0 2581
0 2582
0 2583
0 2584
0 2585
0 2586
0 2587
0 2588
0 2589
0 2590
0 2591
0 2592
0 2593
0 2594
0 2595
0 2596
0 2597
0 2598
0 2599
