2 895 0 100 32662456 2.03957 2.03957
10 900 0 100 32637636 2.13957 2.13957
21 893 0 100 32652796 2.13957 2.13957
1 909 0 100 32662328 2.33957 2.33957
15 891 0 100 32674464 2.43957 2.43957
24 896 0 100 32680820 2.73957 2.73957
9 910 0 100 32669402 2.83957 2.83957
29 905 0 100 32655844 2.83957 2.83957
18 898 0 100 32679154 3.03957 3.03957
19 901 0 100 32676584 3.13957 3.13957
14 912 0 100 32659434 3.13957 3.13957
16 903 0 100 32653346 3.23957 3.23957
30 919 0 100 32651576 3.53957 3.53957
23 938 0 100 32655204 3.73957 3.73957
6 899 0 100 32645622 3.73957 3.73957
26 925 0 100 32651568 3.93957 3.93957
20 913 0 100 32629766 4.03957 4.03957
11 890 0 100 32662540 4.13957 4.13957
13 916 0 100 32646296 4.33957 4.33957
7 932 0 100 32629450 4.43957 4.43957
25 934 0 100 32664406 4.53957 4.53957
12 914 0 100 32670152 5.53957 5.53957
17 918 0 100 32659532 5.93957 5.93957
4 923 0 100 32663108 6.13957 6.13957
27 921 0 100 32660956 6.63957 6.63957
22 930 0 100 32668120 6.63957 6.63957
28 937 0 100 32660202 6.73957 6.73957
5 917 0 100 32663802 6.73957 6.73957
8 927 0 100 32676740 7.23957 7.23957
3 926 0 100 32636896 7.23957 7.23957
