31 0.8 0.016 0.784
31 0.784 0.16 0.624
24 0.8 0.16 0.64
46 0.8 0.016 0.784
46 0.784 0.16 0.624
20 0.8 0.016 0.784
20 0.784 0.16 0.624
50 0.8 0.016 0.784
50 0.784 0.16 0.624
48 0.8 0.016 0.784
48 0.784 0.16 0.624
16 0.8 0.16 0.64
16 0.711343 0.016 0.695343
43 0.8 0.016 0.784
16 0.695343 0.16 0.535343
43 0.784 0.16 0.624
9 0.8 0.016 0.784
9 0.784 0.16 0.624
13 0.8 0.016 0.784
13 0.784 0.16 0.624
44 0.8 0.016 0.784
44 0.784 0.16 0.624
6 0.8 0.16 0.64
18 0.8 0.16 0.64
6 0.718614 0.016 0.702614
18 0.717083 0.016 0.701083
35 0.8 0.016 0.784
6 0.702614 0.16 0.542614
18 0.701083 0.16 0.541083
35 0.784 0.16 0.624
8 0.8 0.016 0.784
17 0.8 0.016 0.784
17 0.784 0.16 0.624
8 0.784 0.16 0.624
15 0.8 0.016 0.784
37 0.8 0.016 0.784
37 0.784 0.16 0.624
15 0.784 0.16 0.624
22 0.8 0.16 0.64
22 0.716391 0.016 0.700391
22 0.700391 0.16 0.540391
49 0.8 0.16 0.64
49 0.719652 0.016 0.703652
49 0.703652 0.16 0.543652
30 0.8 0.016 0.784
30 0.784 0.16 0.624
2 0.8 0.16 0.64
33 0.8 0.16 0.64
2 0.714469 0.016 0.698469
33 0.714764 0.016 0.698764
33 0.698764 0.16 0.538764
2 0.698469 0.16 0.538469
19 0.8 0.016 0.784
19 0.784 0.16 0.624
5 0.8 0.16 0.64
21 0.8 0.16 0.64
5 0.71879 0.016 0.70279
21 0.714874 0.016 0.698874
5 0.70279 0.16 0.54279
21 0.698874 0.16 0.538874
26 0.8 0.016 0.784
26 0.784 0.16 0.624
10 0.8 0.016 0.784
10 0.784 0.16 0.624
4 0.8 0.16 0.64
14 0.8 0.16 0.64
41 0.8 0.16 0.64
4 0.714202 0.016 0.698202
14 0.719054 0.016 0.703054
41 0.711049 0.016 0.695049
4 0.698202 0.16 0.538202
14 0.703054 0.16 0.543054
41 0.695049 0.16 0.535049
3 0.8 0.16 0.64
3 0.64 0.16 0.48
23 0.8 0.16 0.64
29 0.8 0.16 0.64
36 0.8 0.16 0.64
3 0.556483 0.016 0.540483
29 0.717856 0.016 0.701856
36 0.711486 0.016 0.695486
36 0.695486 0.16 0.535486
3 0.540483 0.16 0.380483
29 0.701856 0.16 0.541856
23 0.71959 0.16 0.55959
23 0.55959 0.16 0.39959
23 0.39959 0.16 0.23959
23 0.3184 0.016 0.3024
23 0.3024 0.16 0.1424
38 0.8 0.016 0.784
38 0.784 0.16 0.624
7 0.8 0.16 0.64
11 0.8 0.16 0.64
12 0.8 0.16 0.64
28 0.8 0.16 0.64
7 0.712105 0.016 0.696105
11 0.71836 0.016 0.70236
12 0.713632 0.016 0.697632
28 0.715999 0.016 0.699999
28 0.699999 0.16 0.539999
7 0.696105 0.16 0.536105
11 0.70236 0.16 0.54236
12 0.697632 0.16 0.537632
32 0.8 0.016 0.784
39 0.8 0.016 0.784
47 0.8 0.016 0.784
39 0.784 0.16 0.624
32 0.784 0.16 0.624
47 0.784 0.16 0.624
24 0.8 0.016 0.784
42 0.8 0.016 0.784
42 0.784 0.16 0.624
24 0.784 0.16 0.624
25 0.8 0.016 0.784
25 0.784 0.16 0.624
1 0.8 0.016 0.784
40 0.8 0.016 0.784
1 0.784 0.16 0.624
40 0.784 0.16 0.624
34 0.8 0.16 0.64
34 0.64 0.16 0.48
34 0.559117 0.016 0.543117
45 0.8 0.016 0.784
45 0.784 0.16 0.624
34 0.543117 0.16 0.383117
27 0.8 0.016 0.784
27 0.784 0.16 0.624
