8 1719 0 100 32677204 2.14604 2.14604
61 1696 0 100 32679808 2.24604 2.24604
22 1698 0 100 32669544 2.24604 2.24604
40 1728 0 100 32657422 2.34604 2.34604
45 1725 0 100 32669684 2.34604 2.34604
62 1688 0 100 32681804 2.44604 2.44604
29 1711 0 100 32662640 2.54604 2.54604
58 1733 0 100 32644188 2.54604 2.54604
15 1729 0 100 32657468 2.64604 2.64604
26 1676 0 100 32662300 2.64604 2.64604
7 1716 0 100 32630524 2.74604 2.74604
17 1678 0 100 32672922 2.74604 2.74604
2 1736 0 100 32648482 2.84604 2.84604
54 1758 0 100 32653574 2.94604 2.94604
37 1671 0 100 32651644 2.94604 2.94604
38 1747 0 100 32645270 2.94604 2.94604
16 1724 0 100 32635826 3.04604 3.04604
32 1755 0 100 32653412 3.04604 3.04604
35 1731 0 100 32647796 3.04604 3.04604
50 1679 0 100 32657646 3.14604 3.14604
63 1749 0 100 32647664 3.14604 3.14604
34 1740 0 100 32665894 3.14604 3.14604
68 1723 0 100 32644500 3.14604 3.14604
10 1756 0 100 32671814 3.24604 3.24604
57 1691 0 100 32675020 3.44604 3.44604
23 1702 0 100 32672158 3.54604 3.54604
56 1699 0 100 32679570 3.54604 3.54604
46 1708 0 100 32678288 3.64604 3.64604
48 1674 0 100 32637042 3.64604 3.64604
31 1737 0 100 32659226 3.74604 3.74604
39 1713 0 100 32655726 3.74604 3.74604
64 1744 0 100 32661980 3.84604 3.84604
13 1743 0 100 32664658 3.94604 3.94604
59 1710 0 100 32666802 4.04604 4.04604
5 1675 0 100 32664168 4.14604 4.14604
3 1693 0 100 32637998 4.24604 4.24604
65 1681 0 100 32661236 4.34604 4.34604
55 1730 0 100 32666154 4.44604 4.44604
1 1680 0 100 32680070 4.54604 4.54604
53 1706 0 100 32675138 4.54604 4.54604
60 1673 0 100 32678934 4.54604 4.54604
47 1704 0 100 32676366 4.64604 4.64604
66 1727 0 100 32679334 4.64604 4.64604
4 1753 0 100 32661530 4.74604 4.74604
33 1717 0 100 32662698 4.84604 4.84604
36 1742 0 100 32680134 4.94604 4.94604
51 1683 0 100 32645288 5.04604 5.04604
42 1686 0 100 32657510 5.04604 5.04604
19 1757 0 100 32652304 5.54604 5.54604
24 1745 0 100 32654848 5.54604 5.54604
27 1700 0 100 32672994 5.54604 5.54604
49 1721 0 100 32647076 5.54604 5.54604
43 1739 0 100 32661186 5.64604 5.64604
6 1685 0 100 32680696 5.64604 5.64604
41 1694 0 100 32639882 5.74604 5.74604
20 1670 0 100 32656660 5.74604 5.74604
67 1715 0 100 32639888 5.74604 5.74604
14 1707 0 100 32682252 5.94604 5.94604
9 1684 0 100 32647960 6.14604 6.14604
18 1703 0 100 32633582 6.24604 6.24604
69 1750 0 100 32669038 6.24604 6.24604
21 1735 0 100 32664426 6.24604 6.24604
12 1720 0 100 32632690 6.34604 6.34604
52 1752 0 100 32663424 6.34604 6.34604
44 1712 0 100 32667082 6.84604 6.84604
70 1734 0 100 32629988 7.54604 7.54604
30 1748 0 100 32642050 7.74604 7.74604
