50 1261 1.12802
8 1263 1.24083
48 1265 1.32973
29 1266 1.33341
9 1267 1.3559
2 1268 1.38829
30 1269 1.38841
26 1271 1.39668
11 1272 1.43763
47 1273 1.44741
21 1275 1.56013
46 1276 1.57672
7 1277 1.57762
10 1279 1.6124
31 1280 1.62963
24 1281 1.64584
38 1282 1.65025
36 1283 1.66136
32 1285 1.6981
17 1286 1.74437
18 1287 1.75584
5 1288 1.7632
16 1289 1.77496
28 1290 1.77575
4 1293 1.90733
3 1294 1.95436
13 1295 1.96355
39 1297 2.02291
35 1299 2.09336
49 1300 2.13615
19 1302 2.24219
41 1303 2.25405
15 1305 2.30605
44 1306 2.33005
1 1308 2.39173
43 1309 2.44265
6 1311 2.50039
45 1312 2.52816
42 1313 2.53818
40 1314 2.57697
20 1316 2.59205
34 1317 2.6133
14 1318 2.61515
23 1320 2.69681
27 1321 2.76523
22 1323 2.85668
12 1325 2.89266
33 1326 2.90037
37 1327 2.94072
25 1328 2.9618
