0 1250
0 1251
0 1252
0 1253
0 1254
0 1255
0 1256
0 1257
0 1258
0 1259
0 1260
0 1262
0 1264
0 1270
0 1274
0 1278
0 1284
31 1280
0 1291
0 1292
0 1296
0 1298
0 1301
0 1304
0 1307
0 1310
0 1315
46 1276
0 1319
20 1316
0 1322
50 1261
0 1324
48 1265
0 1329
16 1289
43 1309
0 1330
0 1331
0 1332
9 1267
0 1333
0 1334
13 1295
0 1335
44 1306
0 1336
6 1311
18 1287
35 1299
0 1337
0 1338
0 1339
17 1286
8 1263
0 1340
0 1341
0 1342
37 1327
15 1305
0 1343
22 1323
0 1344
49 1300
0 1345
30 1269
0 1346
33 1326
2 1268
0 1347
19 1302
0 1348
5 1288
21 1275
0 1349
0 1350
0 1351
0 1352
0 1353
0 1354
26 1271
0 1355
10 1279
0 1356
4 1293
14 1318
41 1303
0 1357
36 1283
3 1294
29 1266
0 1358
23 1320
0 1359
38 1282
0 1360
28 1290
7 1277
11 1272
12 1325
0 1361
0 1362
39 1297
32 1285
47 1273
0 1363
0 1364
0 1365
0 1366
0 1367
42 1313
24 1281
0 1368
0 1369
25 1328
0 1370
0 1371
1 1308
40 1314
0 1372
45 1312
34 1317
0 1373
0 1374
0 1375
0 1376
0 1377
27 1321
0 1378
0 1379
0 1380
0 1381
0 1382
0 1383
0 1384
0 1385
0 1386
0 1387
0 1388
0 1389
0 1390
0 1391
0 1392
0 1393
0 1394
0 1395
0 1396
0 1397
0 1398
0 1399
0 1400
0 1401
0 1402
0 1403
0 1404
0 1405
0 1406
0 1407
0 1408
0 1409
0 1410
0 1411
0 1412
0 1413
0 1414
0 1415
0 1416
0 1417
0 1418
0 1419
0 1420
0 1421
0 1422
0 1423
0 1424
0 1425
0 1426
0 1427
0 1428
0 1429
0 1430
0 1431
0 1432
0 1433
0 1434
0 1435
0 1436
0 1437
0 1438
0 1439
0 1440
0 1441
0 1442
0 1443
0 1444
0 1445
0 1446
0 1447
0 1448
0 1449
