26 1070 0 100 32660940 1.45038 1.45038
32 1084 0 100 32674462 1.75038 1.75038
5 1090 0 100 32675020 2.15038 2.15038
8 1101 0 100 32674830 2.45038 2.45038
13 1113 0 100 32653546 2.55038 2.55038
30 1096 0 100 32651588 2.75038 2.75038
3 1121 0 100 32675380 2.75038 2.75038
15 1118 0 100 32653510 2.95038 2.95038
33 1106 0 100 32661534 2.95038 2.95038
38 1099 0 100 32680534 2.95038 2.95038
34 1129 0 100 32682268 3.05038 3.05038
10 1126 0 100 32666426 3.45038 3.45038
21 1109 0 100 32666910 3.45038 3.45038
12 1072 0 100 32657396 3.75038 3.75038
16 1079 0 100 32676294 3.95038 3.95038
1 1081 0 100 32659922 4.35038 4.35038
4 1104 0 100 32647648 4.45038 4.45038
2 1103 0 100 32657760 4.45038 4.45038
18 1125 0 100 32653400 4.55038 4.55038
9 1097 0 100 32649376 4.65038 4.65038
6 1077 0 100 32654932 4.75038 4.75038
14 1107 0 100 32668398 5.05038 5.05038
39 1073 0 100 32657512 5.05038 5.05038
27 1110 0 100 32666656 5.65038 5.65038
22 1075 0 100 32660542 5.65038 5.65038
25 1111 0 100 32678240 5.85038 5.85038
20 1089 0 100 32669702 6.05038 6.05038
35 1123 0 100 32672414 6.15038 6.15038
17 1076 0 100 32672562 6.25038 6.25038
24 1120 0 100 32642826 6.35038 6.35038
19 1119 0 100 32651820 6.35038 6.35038
40 1094 0 100 32639674 6.55038 6.55038
7 1083 0 100 32656794 6.55038 6.55038
37 1087 0 100 32632688 6.65038 6.65038
28 1092 0 100 32645374 6.75038 6.75038
23 1105 0 100 32677896 6.75038 6.75038
31 1116 0 100 32675926 7.05038 7.05038
29 1128 0 100 32635694 7.15038 7.15038
