14 0.8 0.016 0.784
51 0.8 0.016 0.784
14 0.784 0.16 0.624
51 0.784 0.16 0.624
23 0.8 0.016 0.784
55 0.8 0.016 0.784
85 0.8 0.016 0.784
23 0.784 0.16 0.624
55 0.784 0.16 0.624
85 0.784 0.16 0.624
60 0.8 0.016 0.784
60 0.784 0.16 0.624
2 0.8 0.016 0.784
33 0.8 0.016 0.784
56 0.8 0.016 0.784
33 0.784 0.16 0.624
2 0.784 0.16 0.624
56 0.784 0.16 0.624
40 0.8 0.016 0.784
74 0.8 0.016 0.784
40 0.784 0.16 0.624
74 0.784 0.16 0.624
31 0.8 0.16 0.64
31 0.64 0.16 0.48
31 0.553262 0.016 0.537262
31 0.537262 0.16 0.377262
59 0.8 0.16 0.64
59 0.715181 0.016 0.699181
59 0.699181 0.16 0.539181
12 0.8 0.16 0.64
12 0.711389 0.016 0.695389
12 0.695389 0.16 0.535389
4 0.8 0.016 0.784
52 0.8 0.016 0.784
52 0.784 0.16 0.624
4 0.784 0.16 0.624
1 0.8 0.16 0.64
1 0.791195 0.016 0.775195
66 0.8 0.016 0.784
66 0.784 0.16 0.624
1 0.775195 0.16 0.615195
72 0.8 0.16 0.64
72 0.711703 0.016 0.695703
72 0.695703 0.16 0.535703
13 0.8 0.16 0.64
67 0.8 0.16 0.64
13 0.712677 0.016 0.696677
67 0.716117 0.016 0.700117
67 0.700117 0.16 0.540117
13 0.696677 0.16 0.536677
26 0.8 0.16 0.64
21 0.8 0.16 0.64
26 0.64 0.16 0.48
21 0.718175 0.016 0.702175
26 0.55633 0.016 0.54033
21 0.702175 0.16 0.542175
26 0.54033 0.16 0.38033
86 0.8 0.16 0.64
86 0.64 0.16 0.48
86 0.558315 0.016 0.542315
86 0.542315 0.16 0.382315
8 0.8 0.16 0.64
16 0.8 0.16 0.64
79 0.8 0.16 0.64
8 0.711379 0.016 0.695379
16 0.715487 0.016 0.699487
79 0.719225 0.016 0.703225
8 0.695379 0.16 0.535379
79 0.703225 0.16 0.543225
16 0.699487 0.16 0.539487
44 0.8 0.16 0.64
81 0.8 0.16 0.64
44 0.64 0.16 0.48
81 0.64 0.16 0.48
44 0.48 0.16 0.32
81 0.48 0.16 0.32
41 0.8 0.016 0.784
44 0.392591 0.016 0.376591
81 0.394388 0.016 0.378388
44 0.376591 0.16 0.216591
81 0.378388 0.16 0.218388
41 0.784 0.16 0.624
18 0.8 0.16 0.64
22 0.8 0.16 0.64
18 0.64 0.16 0.48
22 0.64 0.16 0.48
36 0.8 0.16 0.64
18 0.557843 0.016 0.541843
22 0.556379 0.016 0.540379
36 0.716431 0.016 0.700431
75 0.8 0.016 0.784
36 0.700431 0.16 0.540431
75 0.784 0.16 0.624
18 0.541843 0.16 0.381843
22 0.540379 0.16 0.380379
15 0.8 0.16 0.64
24 0.8 0.16 0.64
39 0.8 0.16 0.64
71 0.8 0.16 0.64
15 0.64 0.16 0.48
24 0.64 0.16 0.48
71 0.64 0.16 0.48
15 0.48 0.16 0.32
24 0.48 0.16 0.32
71 0.48 0.16 0.32
15 0.393751 0.016 0.377751
24 0.395579 0.016 0.379579
71 0.397117 0.016 0.381117
24 0.379579 0.16 0.219579
71 0.381117 0.16 0.221117
15 0.377751 0.16 0.217751
39 0.719943 0.16 0.559943
39 0.559943 0.16 0.399943
39 0.399943 0.16 0.239943
88 0.8 0.16 0.64
39 0.31859 0.016 0.30259
58 0.8 0.016 0.784
88 0.719342 0.016 0.703342
88 0.703342 0.16 0.543342
39 0.30259 0.16 0.14259
58 0.784 0.16 0.624
64 0.8 0.16 0.64
30 0.8 0.16 0.64
64 0.64 0.16 0.48
30 0.719676 0.016 0.703676
64 0.556538 0.016 0.540538
76 0.8 0.016 0.784
76 0.784 0.16 0.624
30 0.703676 0.16 0.543676
64 0.540538 0.16 0.380538
11 0.8 0.16 0.64
28 0.8 0.16 0.64
90 0.8 0.16 0.64
11 0.64 0.16 0.48
90 0.64 0.16 0.48
11 0.629399 0.016 0.613399
28 0.789794 0.016 0.773794
38 0.8 0.016 0.784
43 0.8 0.016 0.784
49 0.8 0.016 0.784
90 0.625942 0.016 0.609942
11 0.613399 0.16 0.453399
38 0.784 0.16 0.624
43 0.784 0.16 0.624
90 0.609942 0.16 0.449942
28 0.773794 0.16 0.613794
49 0.784 0.16 0.624
47 0.8 0.016 0.784
47 0.784 0.16 0.624
29 0.8 0.16 0.64
69 0.8 0.16 0.64
78 0.8 0.16 0.64
69 0.7168 0.016 0.7008
78 0.712717 0.016 0.696717
78 0.696717 0.16 0.536717
69 0.7008 0.16 0.5408
29 0.715338 0.16 0.555338
29 0.555338 0.16 0.395338
27 0.8 0.016 0.784
29 0.472142 0.016 0.456142
27 0.784 0.16 0.624
29 0.456142 0.16 0.296142
19 0.8 0.16 0.64
65 0.8 0.16 0.64
19 0.717282 0.016 0.701282
65 0.713639 0.016 0.697639
65 0.697639 0.16 0.537639
19 0.701282 0.16 0.541282
63 0.8 0.16 0.64
63 0.716165 0.016 0.700165
63 0.700165 0.16 0.540165
82 0.8 0.16 0.64
82 0.714493 0.016 0.698493
82 0.698493 0.16 0.538493
10 0.8 0.16 0.64
10 0.71846 0.016 0.70246
89 0.8 0.016 0.784
89 0.784 0.16 0.624
10 0.70246 0.16 0.54246
35 0.8 0.16 0.64
35 0.716997 0.016 0.700997
35 0.700997 0.16 0.540997
3 0.8 0.016 0.784
42 0.8 0.016 0.784
62 0.8 0.016 0.784
83 0.8 0.016 0.784
83 0.784 0.16 0.624
3 0.784 0.16 0.624
42 0.784 0.16 0.624
62 0.784 0.16 0.624
6 0.8 0.16 0.64
84 0.8 0.16 0.64
6 0.64 0.16 0.48
6 0.48 0.16 0.32
84 0.64 0.16 0.48
6 0.393972 0.016 0.377972
84 0.554918 0.016 0.538918
6 0.377972 0.16 0.217972
84 0.538918 0.16 0.378918
87 0.8 0.16 0.64
87 0.64 0.16 0.48
87 0.556984 0.016 0.540984
87 0.540984 0.16 0.380984
48 0.8 0.016 0.784
68 0.8 0.016 0.784
68 0.784 0.16 0.624
48 0.784 0.16 0.624
45 0.8 0.16 0.64
80 0.8 0.16 0.64
45 0.64 0.16 0.48
80 0.64 0.16 0.48
45 0.552623 0.016 0.536623
80 0.550448 0.016 0.534448
45 0.536623 0.16 0.376623
80 0.534448 0.16 0.374448
32 0.8 0.016 0.784
73 0.8 0.016 0.784
73 0.784 0.16 0.624
32 0.784 0.16 0.624
57 0.8 0.016 0.784
61 0.8 0.016 0.784
57 0.784 0.16 0.624
61 0.784 0.16 0.624
7 0.8 0.16 0.64
17 0.8 0.16 0.64
46 0.8 0.16 0.64
53 0.8 0.16 0.64
17 0.64 0.16 0.48
53 0.64 0.16 0.48
7 0.712575 0.016 0.696575
17 0.552779 0.016 0.536779
46 0.716583 0.016 0.700583
53 0.55606 0.016 0.54006
17 0.536779 0.16 0.376779
46 0.700583 0.16 0.540583
7 0.696575 0.16 0.536575
53 0.54006 0.16 0.38006
20 0.8 0.16 0.64
34 0.8 0.16 0.64
20 0.64 0.16 0.48
34 0.64 0.16 0.48
20 0.558286 0.016 0.542286
34 0.550699 0.016 0.534699
20 0.542286 0.16 0.382286
34 0.534699 0.16 0.374699
50 0.8 0.016 0.784
54 0.8 0.016 0.784
50 0.784 0.16 0.624
54 0.784 0.16 0.624
9 0.8 0.16 0.64
37 0.8 0.16 0.64
37 0.711178 0.016 0.695178
37 0.695178 0.16 0.535178
9 0.713273 0.16 0.553273
9 0.627358 0.016 0.611358
70 0.8 0.016 0.784
77 0.8 0.016 0.784
9 0.611358 0.16 0.451358
77 0.784 0.16 0.624
70 0.784 0.16 0.624
25 0.8 0.16 0.64
25 0.64 0.16 0.48
25 0.558587 0.016 0.542587
25 0.542587 0.16 0.382587
5 0.8 0.016 0.784
5 0.784 0.16 0.624
