31 1280 0 100 32636168 1.68993 1.68993
46 1276 0 100 32651752 2.58993 2.58993
20 1316 0 100 32652090 2.68993 2.68993
50 1261 0 100 32646570 2.78993 2.78993
48 1265 0 100 32663354 2.88993 2.88993
43 1309 0 100 32677618 2.98993 2.98993
9 1267 0 100 32649542 3.28993 3.28993
13 1295 0 100 32660394 3.48993 3.48993
44 1306 0 100 32675226 3.58993 3.58993
18 1287 0 100 32640332 3.68993 3.68993
35 1299 0 100 32682314 3.68993 3.68993
17 1286 0 100 32677400 3.98993 3.98993
8 1263 0 100 32673272 3.98993 3.98993
37 1327 0 100 32637358 4.28993 4.28993
15 1305 0 100 32668852 4.28993 4.28993
22 1323 0 100 32630220 4.38993 4.38993
49 1300 0 100 32628348 4.48993 4.48993
30 1269 0 100 32656322 4.58993 4.58993
33 1326 0 100 32660944 4.68993 4.68993
2 1268 0 100 32663508 4.68993 4.68993
19 1302 0 100 32680546 4.78993 4.78993
5 1288 0 100 32669918 4.88993 4.88993
21 1275 0 100 32629416 4.88993 4.88993
26 1271 0 100 32659548 5.48993 5.48993
10 1279 0 100 32681356 5.58993 5.58993
14 1318 0 100 32636112 5.68993 5.68993
41 1303 0 100 32677292 5.68993 5.68993
36 1283 0 100 32676090 5.78993 5.78993
3 1294 0 100 32637908 5.78993 5.78993
29 1266 0 100 32659680 5.78993 5.78993
23 1320 0 100 32647378 5.88993 5.88993
38 1282 0 100 32641962 5.98993 5.98993
28 1290 0 100 32636334 6.08993 6.08993
7 1277 0 100 32652980 6.08993 6.08993
11 1272 0 100 32649158 6.08993 6.08993
12 1325 0 100 32673806 6.08993 6.08993
39 1297 0 100 32638704 6.28993 6.28993
32 1285 0 100 32657418 6.28993 6.28993
47 1273 0 100 32643448 6.28993 6.28993
42 1313 0 100 32642308 6.78993 6.78993
24 1281 0 100 32664732 6.78993 6.78993
25 1328 0 100 32669856 6.98993 6.98993
1 1308 0 100 32668540 7.18993 7.18993
40 1314 0 100 32651686 7.18993 7.18993
45 1312 0 100 32683086 7.28993 7.28993
34 1317 0 100 32648300 7.28993 7.28993
27 1321 0 100 32651634 7.78993 7.78993
