0 1450
0 1451
0 1452
0 1453
0 1454
0 1455
0 1456
0 1457
0 1458
0 1459
0 1460
0 1462
0 1466
0 1470
0 1473
0 1477
0 1484
0 1487
27 1486
0 1494
10 1489
0 1497
0 1500
13 1499
26 1482
0 1505
0 1510
57 1506
0 1514
0 1519
34 1485
49 1493
23 1481
0 1524
32 1483
11 1465
0 1526
0 1528
0 1530
12 1516
0 1537
41 1512
0 1540
0 1541
2 1503
53 1509
0 1542
0 1543
43 1538
52 1471
37 1513
0 1544
0 1545
0 1546
0 1547
39 1488
16 1475
51 1534
24 1525
0 1548
0 1549
0 1550
25 1527
6 1507
20 1474
0 1551
0 1552
22 1467
48 1469
0 1553
47 1501
0 1554
17 1535
3 1472
55 1523
58 1536
0 1555
0 1556
9 1464
0 1557
30 1480
0 1558
38 1478
35 1533
0 1559
21 1511
18 1529
0 1560
44 1532
33 1461
56 1463
0 1561
0 1562
0 1563
1 1515
0 1564
0 1565
0 1566
0 1567
54 1498
36 1539
8 1517
46 1495
0 1568
31 1491
0 1569
14 1508
0 1570
19 1518
29 1468
42 1479
0 1571
5 1520
60 1490
0 1572
40 1496
0 1573
15 1476
0 1574
59 1492
0 1575
4 1504
0 1576
45 1521
0 1577
28 1502
0 1578
0 1579
0 1580
0 1581
0 1582
0 1583
0 1584
7 1522
0 1585
0 1586
0 1587
0 1588
50 1531
0 1589
0 1590
0 1591
0 1592
0 1593
0 1594
0 1595
0 1596
0 1597
0 1598
0 1599
0 1600
0 1601
0 1602
0 1603
0 1604
0 1605
0 1606
0 1607
0 1608
0 1609
0 1610
0 1611
0 1612
0 1613
0 1614
0 1615
0 1616
0 1617
0 1618
0 1619
0 1620
0 1621
0 1622
0 1623
0 1624
0 1625
0 1626
0 1627
0 1628
0 1629
0 1630
0 1631
0 1632
0 1633
0 1634
0 1635
0 1636
0 1637
0 1638
0 1639
0 1640
0 1641
0 1642
0 1643
0 1644
0 1645
0 1646
0 1647
0 1648
0 1649
0 1650
0 1651
0 1652
0 1653
0 1654
0 1655
0 1656
0 1657
0 1658
0 1659
