0 1880
0 1881
0 1882
0 1883
0 1884
0 1885
0 1886
0 1887
0 1888
0 1889
0 1892
0 1897
0 1900
0 1904
0 1907
46 1906
0 1910
71 1903
0 1916
0 1919
6 1913
5 1909
0 1925
0 1928
0 1934
8 1911
0 1937
28 1894
0 1943
52 1896
0 1945
0 1952
0 1959
4 1912
0 1964
61 1922
0 1973
65 1932
0 1984
3 1954
0 1989
20 1908
68 1891
37 1920
0 1990
0 1991
0 1992
34 1958
53 1977
0 1993
43 1942
72 1901
1 1895
0 1994
0 1995
0 1996
2 1985
0 1997
0 1998
0 1999
54 1926
0 2000
31 1935
15 1960
0 2001
0 2002
55 1924
70 1962
18 1947
0 2003
47 1987
26 1946
0 2004
0 2005
29 1930
44 1917
0 2006
0 2007
0 2008
0 2009
79 1970
0 2010
42 1974
0 2011
0 2012
74 1921
0 2013
30 1902
73 1953
80 1968
0 2014
21 1941
0 2015
51 1898
11 1957
0 2016
50 1890
0 2017
35 1972
33 1929
0 2018
56 1918
10 1905
49 1982
0 2019
0 2020
78 1931
13 1956
16 1944
0 2021
41 1963
0 2022
32 1893
12 1899
22 1940
25 1938
0 2023
64 1966
67 1915
0 2024
60 1967
0 2025
19 1983
76 1914
57 1971
0 2026
27 1923
75 1948
39 1961
24 1951
63 1978
0 2027
62 1949
7 1939
0 2028
0 2029
45 1979
58 1927
9 1936
69 1980
0 2030
23 1969
0 2031
66 1950
77 1988
59 1933
0 2032
0 2033
17 1981
36 1965
0 2034
40 1955
0 2035
0 2036
38 1975
0 2037
0 2038
48 1976
0 2039
14 1986
0 2040
0 2041
0 2042
0 2043
0 2044
0 2045
0 2046
0 2047
0 2048
0 2049
0 2050
0 2051
0 2052
0 2053
0 2054
0 2055
0 2056
0 2057
0 2058
0 2059
0 2060
0 2061
0 2062
0 2063
0 2064
0 2065
0 2066
0 2067
0 2068
0 2069
0 2070
0 2071
0 2072
0 2073
0 2074
0 2075
0 2076
0 2077
0 2078
0 2079
0 2080
0 2081
0 2082
0 2083
0 2084
0 2085
0 2086
0 2087
0 2088
0 2089
0 2090
0 2091
0 2092
0 2093
0 2094
0 2095
0 2096
0 2097
0 2098
0 2099
0 2100
0 2101
0 2102
0 2103
0 2104
0 2105
0 2106
0 2107
0 2108
0 2109
