46 0.8 0.016 0.784
46 0.784 0.16 0.624
71 0.8 0.16 0.64
71 0.711948 0.016 0.695948
71 0.695948 0.16 0.535948
5 0.8 0.016 0.784
6 0.8 0.016 0.784
6 0.784 0.16 0.624
5 0.784 0.16 0.624
8 0.8 0.016 0.784
8 0.784 0.16 0.624
28 0.8 0.16 0.64
28 0.714574 0.016 0.698574
28 0.698574 0.16 0.538574
52 0.8 0.16 0.64
52 0.715767 0.016 0.699767
52 0.699767 0.16 0.539767
4 0.8 0.016 0.784
4 0.784 0.16 0.624
61 0.8 0.016 0.784
61 0.784 0.16 0.624
65 0.8 0.16 0.64
65 0.713813 0.016 0.697813
65 0.697813 0.16 0.537813
3 0.8 0.16 0.64
3 0.719668 0.016 0.703668
3 0.703668 0.16 0.543668
68 0.8 0.16 0.64
20 0.8 0.016 0.784
37 0.8 0.016 0.784
68 0.714043 0.016 0.698043
20 0.784 0.16 0.624
68 0.698043 0.16 0.538043
37 0.784 0.16 0.624
34 0.8 0.016 0.784
53 0.8 0.016 0.784
34 0.784 0.16 0.624
53 0.784 0.16 0.624
1 0.8 0.16 0.64
43 0.8 0.16 0.64
72 0.8 0.16 0.64
72 0.64 0.16 0.48
1 0.715172 0.016 0.699172
43 0.713228 0.016 0.697228
72 0.552952 0.016 0.536952
43 0.697228 0.16 0.537228
72 0.536952 0.16 0.376952
1 0.699172 0.16 0.539172
2 0.8 0.016 0.784
2 0.784 0.16 0.624
54 0.8 0.016 0.784
54 0.784 0.16 0.624
15 0.8 0.016 0.784
31 0.8 0.016 0.784
31 0.784 0.16 0.624
15 0.784 0.16 0.624
18 0.8 0.016 0.784
55 0.8 0.016 0.784
70 0.8 0.016 0.784
55 0.784 0.16 0.624
70 0.784 0.16 0.624
18 0.784 0.16 0.624
26 0.8 0.16 0.64
47 0.8 0.16 0.64
26 0.64 0.16 0.48
26 0.556922 0.016 0.540922
47 0.711017 0.016 0.695017
47 0.695017 0.16 0.535017
26 0.540922 0.16 0.380922
44 0.8 0.16 0.64
29 0.8 0.016 0.784
44 0.783089 0.016 0.767089
29 0.784 0.16 0.624
44 0.767089 0.16 0.607089
79 0.8 0.016 0.784
79 0.784 0.16 0.624
42 0.8 0.16 0.64
42 0.710768 0.016 0.694768
42 0.694768 0.16 0.534768
74 0.8 0.016 0.784
74 0.784 0.16 0.624
30 0.8 0.16 0.64
73 0.8 0.16 0.64
80 0.8 0.16 0.64
30 0.716201 0.016 0.700201
73 0.715954 0.016 0.699954
80 0.713306 0.016 0.697306
30 0.700201 0.16 0.540201
73 0.699954 0.16 0.539954
80 0.697306 0.16 0.537306
21 0.8 0.16 0.64
11 0.8 0.16 0.64
21 0.64 0.16 0.48
21 0.48 0.16 0.32
21 0.396563 0.016 0.380563
21 0.380563 0.16 0.220563
11 0.712324 0.16 0.552324
11 0.625835 0.016 0.609835
51 0.8 0.016 0.784
51 0.784 0.16 0.624
11 0.609835 0.16 0.449835
50 0.8 0.16 0.64
50 0.71992 0.016 0.70392
50 0.70392 0.16 0.54392
33 0.8 0.16 0.64
35 0.8 0.16 0.64
33 0.713523 0.016 0.697523
35 0.715508 0.016 0.699508
35 0.699508 0.16 0.539508
33 0.697523 0.16 0.537523
56 0.8 0.16 0.64
10 0.8 0.16 0.64
49 0.8 0.16 0.64
56 0.64 0.16 0.48
10 0.715413 0.016 0.699413
49 0.711749 0.016 0.695749
56 0.550756 0.016 0.534756
56 0.534756 0.16 0.374756
10 0.699413 0.16 0.539413
49 0.695749 0.16 0.535749
13 0.8 0.016 0.784
16 0.8 0.016 0.784
78 0.8 0.016 0.784
78 0.784 0.16 0.624
13 0.784 0.16 0.624
16 0.784 0.16 0.624
41 0.8 0.016 0.784
41 0.784 0.16 0.624
12 0.8 0.16 0.64
22 0.8 0.16 0.64
25 0.8 0.16 0.64
32 0.8 0.16 0.64
12 0.718445 0.016 0.702445
22 0.714588 0.016 0.698588
25 0.710749 0.016 0.694749
32 0.713575 0.016 0.697575
32 0.697575 0.16 0.537575
12 0.702445 0.16 0.542445
22 0.698588 0.16 0.538588
25 0.694749 0.16 0.534749
64 0.8 0.16 0.64
67 0.8 0.16 0.64
64 0.64 0.16 0.48
67 0.64 0.16 0.48
64 0.48 0.16 0.32
64 0.398455 0.016 0.382455
67 0.552375 0.016 0.536375
64 0.382455 0.16 0.222455
67 0.536375 0.16 0.376375
60 0.8 0.16 0.64
60 0.64 0.16 0.48
60 0.550923 0.016 0.534923
60 0.534923 0.16 0.374923
76 0.8 0.16 0.64
19 0.8 0.016 0.784
57 0.8 0.016 0.784
76 0.717467 0.016 0.701467
19 0.784 0.16 0.624
76 0.701467 0.16 0.541467
57 0.784 0.16 0.624
24 0.8 0.16 0.64
27 0.8 0.16 0.64
39 0.8 0.16 0.64
63 0.8 0.16 0.64
75 0.8 0.16 0.64
39 0.64 0.16 0.48
75 0.64 0.16 0.48
27 0.64 0.16 0.48
39 0.48 0.16 0.32
75 0.48 0.16 0.32
24 0.711077 0.016 0.695077
27 0.555517 0.016 0.539517
39 0.392459 0.016 0.376459
63 0.717322 0.016 0.701322
75 0.392892 0.016 0.376892
27 0.539517 0.16 0.379517
75 0.376892 0.16 0.216892
39 0.376459 0.16 0.216459
24 0.695077 0.16 0.535077
63 0.701322 0.16 0.541322
7 0.8 0.16 0.64
62 0.8 0.16 0.64
7 0.64 0.16 0.48
62 0.64 0.16 0.48
7 0.48 0.16 0.32
62 0.48 0.16 0.32
7 0.392542 0.016 0.376542
62 0.399162 0.016 0.383162
62 0.383162 0.16 0.223162
7 0.376542 0.16 0.216542
9 0.8 0.016 0.784
45 0.8 0.016 0.784
58 0.8 0.016 0.784
69 0.8 0.016 0.784
45 0.784 0.16 0.624
58 0.784 0.16 0.624
9 0.784 0.16 0.624
69 0.784 0.16 0.624
23 0.8 0.16 0.64
23 0.64 0.16 0.48
23 0.48 0.16 0.32
23 0.39861 0.016 0.38261
23 0.38261 0.16 0.22261
59 0.8 0.16 0.64
59 0.718002 0.016 0.702002
66 0.8 0.016 0.784
77 0.8 0.016 0.784
66 0.784 0.16 0.624
77 0.784 0.16 0.624
59 0.702002 0.16 0.542002
17 0.8 0.016 0.784
36 0.8 0.016 0.784
17 0.784 0.16 0.624
36 0.784 0.16 0.624
40 0.8 0.16 0.64
40 0.64 0.16 0.48
40 0.553722 0.016 0.537722
40 0.537722 0.16 0.377722
38 0.8 0.016 0.784
38 0.784 0.16 0.624
48 0.8 0.016 0.784
48 0.784 0.16 0.624
14 0.8 0.16 0.64
14 0.717204 0.016 0.701204
14 0.701204 0.16 0.541204
