27 0.8 0.016 0.784
27 0.784 0.16 0.624
10 0.8 0.016 0.784
10 0.784 0.16 0.624
13 0.8 0.016 0.784
26 0.8 0.016 0.784
13 0.784 0.16 0.624
26 0.784 0.16 0.624
57 0.8 0.016 0.784
57 0.784 0.16 0.624
23 0.8 0.016 0.784
34 0.8 0.016 0.784
49 0.8 0.016 0.784
34 0.784 0.16 0.624
49 0.784 0.16 0.624
23 0.784 0.16 0.624
11 0.8 0.16 0.64
32 0.8 0.16 0.64
11 0.64 0.16 0.48
32 0.64 0.16 0.48
11 0.48 0.16 0.32
32 0.48 0.16 0.32
11 0.393295 0.016 0.377295
32 0.395724 0.016 0.379724
32 0.379724 0.16 0.219724
11 0.377295 0.16 0.217295
12 0.8 0.016 0.784
12 0.784 0.16 0.624
41 0.8 0.16 0.64
41 0.712498 0.016 0.696498
41 0.696498 0.16 0.536498
2 0.8 0.016 0.784
53 0.8 0.016 0.784
2 0.784 0.16 0.624
53 0.784 0.16 0.624
37 0.8 0.016 0.784
43 0.8 0.016 0.784
52 0.8 0.016 0.784
43 0.784 0.16 0.624
52 0.784 0.16 0.624
37 0.784 0.16 0.624
16 0.8 0.016 0.784
24 0.8 0.016 0.784
39 0.8 0.016 0.784
51 0.8 0.016 0.784
39 0.784 0.16 0.624
16 0.784 0.16 0.624
51 0.784 0.16 0.624
24 0.784 0.16 0.624
6 0.8 0.016 0.784
20 0.8 0.016 0.784
25 0.8 0.016 0.784
25 0.784 0.16 0.624
6 0.784 0.16 0.624
20 0.784 0.16 0.624
22 0.8 0.016 0.784
48 0.8 0.016 0.784
22 0.784 0.16 0.624
48 0.784 0.16 0.624
47 0.8 0.16 0.64
47 0.64 0.16 0.48
47 0.556423 0.016 0.540423
47 0.540423 0.16 0.380423
17 0.8 0.16 0.64
55 0.8 0.16 0.64
3 0.8 0.016 0.784
17 0.712902 0.016 0.696902
55 0.710293 0.016 0.694293
58 0.8 0.016 0.784
17 0.696902 0.16 0.536902
3 0.784 0.16 0.624
55 0.694293 0.16 0.534293
58 0.784 0.16 0.624
9 0.8 0.016 0.784
9 0.784 0.16 0.624
30 0.8 0.16 0.64
30 0.716352 0.016 0.700352
30 0.700352 0.16 0.540352
35 0.8 0.16 0.64
38 0.8 0.16 0.64
35 0.718885 0.016 0.702885
38 0.718543 0.016 0.702543
38 0.702543 0.16 0.542543
35 0.702885 0.16 0.542885
21 0.8 0.16 0.64
21 0.64 0.16 0.48
18 0.8 0.016 0.784
21 0.551624 0.016 0.535624
21 0.535624 0.16 0.375624
18 0.784 0.16 0.624
33 0.8 0.16 0.64
44 0.8 0.16 0.64
56 0.8 0.16 0.64
33 0.713992 0.016 0.697992
44 0.719187 0.016 0.703187
56 0.712102 0.016 0.696102
44 0.703187 0.16 0.543187
33 0.697992 0.16 0.537992
56 0.696102 0.16 0.536102
1 0.8 0.016 0.784
1 0.784 0.16 0.624
8 0.8 0.016 0.784
36 0.8 0.016 0.784
46 0.8 0.016 0.784
54 0.8 0.016 0.784
54 0.784 0.16 0.624
36 0.784 0.16 0.624
8 0.784 0.16 0.624
46 0.784 0.16 0.624
31 0.8 0.16 0.64
31 0.71234 0.016 0.69634
31 0.69634 0.16 0.53634
14 0.8 0.16 0.64
29 0.8 0.16 0.64
42 0.8 0.16 0.64
14 0.715896 0.016 0.699896
14 0.699896 0.16 0.539896
19 0.8 0.16 0.64
29 0.714418 0.16 0.554418
42 0.715425 0.16 0.555425
19 0.713058 0.016 0.697058
29 0.631044 0.016 0.615044
42 0.632982 0.016 0.616982
19 0.697058 0.16 0.537058
29 0.615044 0.16 0.455044
42 0.616982 0.16 0.456982
5 0.8 0.016 0.784
60 0.8 0.016 0.784
5 0.784 0.16 0.624
60 0.784 0.16 0.624
40 0.8 0.16 0.64
40 0.64 0.16 0.48
40 0.559099 0.016 0.543099
40 0.543099 0.16 0.383099
15 0.8 0.16 0.64
15 0.710371 0.016 0.694371
15 0.694371 0.16 0.534371
59 0.8 0.16 0.64
59 0.714588 0.016 0.698588
59 0.698588 0.16 0.538588
4 0.8 0.016 0.784
4 0.784 0.16 0.624
45 0.8 0.16 0.64
45 0.717476 0.016 0.701476
45 0.701476 0.16 0.541476
28 0.8 0.16 0.64
28 0.717304 0.016 0.701304
28 0.701304 0.16 0.541304
7 0.8 0.016 0.784
7 0.784 0.16 0.624
50 0.8 0.016 0.784
50 0.784 0.16 0.624
