33 1461 1.07258
56 1463 1.21503
9 1464 1.24282
11 1465 1.25309
22 1467 1.26142
29 1468 1.28637
48 1469 1.34499
52 1471 1.43766
3 1472 1.45562
20 1474 1.50576
16 1475 1.54618
15 1476 1.54788
38 1478 1.56264
42 1479 1.57584
30 1480 1.59049
23 1481 1.62827
26 1482 1.62979
32 1483 1.64724
34 1485 1.69017
27 1486 1.75434
39 1488 1.76273
10 1489 1.77475
60 1490 1.78426
31 1491 1.84359
59 1492 1.84452
49 1493 1.85372
46 1495 1.9173
40 1496 1.95531
54 1498 1.96057
13 1499 2.00272
47 1501 2.05931
28 1502 2.09212
2 1503 2.10565
4 1504 2.15542
57 1506 2.1862
6 1507 2.2098
14 1508 2.22822
53 1509 2.24449
21 1511 2.25782
41 1512 2.30134
37 1513 2.30623
1 1515 2.38219
12 1516 2.3902
8 1517 2.39748
19 1518 2.44314
5 1520 2.45749
45 1521 2.46075
7 1522 2.50176
55 1523 2.55174
24 1525 2.56877
25 1527 2.71399
18 1529 2.80738
50 1531 2.85879
44 1532 2.88808
35 1533 2.89454
51 1534 2.93105
17 1535 2.9318
58 1536 2.93735
43 1538 2.96712
36 1539 2.98547
