29 2120 1.01102
23 2121 1.02915
85 2122 1.0402
2 2124 1.06889
42 2125 1.10047
40 2126 1.11658
78 2128 1.16959
12 2129 1.1908
16 2130 1.19486
79 2131 1.20212
4 2132 1.23931
66 2133 1.24401
10 2135 1.31401
56 2136 1.31439
33 2137 1.32649
86 2138 1.32991
51 2139 1.34305
73 2141 1.37519
14 2142 1.40178
39 2143 1.41746
55 2145 1.49859
49 2146 1.51841
31 2147 1.54077
47 2149 1.56456
3 2150 1.60395
68 2151 1.62994
41 2152 1.63151
61 2154 1.65494
11 2155 1.65991
58 2156 1.6815
87 2157 1.69991
26 2158 1.70508
89 2159 1.71675
28 2160 1.72159
27 2161 1.73842
44 2163 1.7555
83 2164 1.81418
45 2165 1.83467
57 2166 1.84542
60 2167 1.84641
81 2169 1.90005
62 2170 1.93206
76 2172 2.01114
74 2173 2.02722
34 2175 2.07891
48 2176 2.09703
82 2177 2.12085
70 2178 2.13681
9 2179 2.13801
19 2181 2.17706
59 2183 2.26105
20 2184 2.26928
25 2185 2.27077
24 2186 2.28754
63 2187 2.33029
88 2188 2.33154
38 2189 2.33544
37 2190 2.34154
53 2191 2.34238
32 2193 2.35474
90 2194 2.35777
64 2195 2.3943
1 2196 2.4006
22 2198 2.49999
7 2199 2.52764
13 2200 2.52951
54 2201 2.53308
69 2203 2.5694
52 2204 2.5795
65 2205 2.5961
84 2206 2.60117
75 2207 2.61013
15 2208 2.62937
71 2210 2.66615
43 2211 2.67604
80 2212 2.68066
8 2213 2.69164
6 2214 2.71322
5 2215 2.72073
30 2217 2.7721
67 2218 2.79391
72 2219 2.81465
35 2220 2.82913
77 2222 2.84732
36 2223 2.88607
18 2224 2.89026
46 2225 2.92117
50 2226 2.94587
21 2228 2.98144
17 2229 2.9824
