50 1890 1.004
68 1891 1.07512
32 1893 1.1262
28 1894 1.13816
1 1895 1.16232
52 1896 1.18112
51 1898 1.27055
12 1899 1.2764
72 1901 1.33308
30 1902 1.34607
71 1903 1.38208
10 1905 1.47195
46 1906 1.47315
20 1908 1.56154
5 1909 1.56714
8 1911 1.60408
4 1912 1.61411
6 1913 1.61961
76 1914 1.66297
67 1915 1.67519
44 1917 1.69343
56 1918 1.77245
37 1920 1.80226
74 1921 1.81259
61 1922 1.84178
27 1923 1.8436
55 1924 1.86724
54 1926 1.89947
58 1927 1.98258
33 1929 1.98963
29 1930 1.99677
78 1931 2.0635
65 1932 2.07711
59 1933 2.08577
31 1935 2.11919
9 1936 2.16836
25 1938 2.20641
7 1939 2.20854
22 1940 2.20916
21 1941 2.2255
43 1942 2.26911
16 1944 2.37821
26 1946 2.45136
18 1947 2.45206
75 1948 2.45982
62 1949 2.46681
66 1950 2.4719
24 1951 2.48589
73 1953 2.49231
3 1954 2.511
40 1955 2.53197
13 1956 2.53342
11 1957 2.53836
34 1958 2.55691
15 1960 2.58998
39 1961 2.61127
70 1962 2.65672
41 1963 2.68311
36 1965 2.68718
64 1966 2.70733
60 1967 2.73215
80 1968 2.73519
23 1969 2.74149
79 1970 2.75027
57 1971 2.77895
35 1972 2.7828
42 1974 2.78918
38 1975 2.79203
48 1976 2.79971
53 1977 2.81032
63 1978 2.83233
45 1979 2.84467
69 1980 2.84614
17 1981 2.8569
49 1982 2.8626
19 1983 2.88211
2 1985 2.94347
14 1986 2.95001
47 1987 2.96538
77 1988 2.96577
