0 2110
0 2111
0 2112
0 2113
0 2114
0 2115
0 2116
0 2117
0 2118
0 2119
0 2123
0 2127
0 2134
0 2140
0 2144
14 2142
51 2139
0 2148
0 2153
0 2162
23 2121
55 2145
85 2122
0 2168
60 2167
0 2171
33 2137
2 2124
56 2136
0 2174
0 2180
0 2182
40 2126
74 2173
0 2192
31 2147
0 2197
59 2183
0 2202
12 2129
0 2209
52 2204
4 2132
0 2216
0 2221
66 2133
1 2196
0 2227
72 2219
0 2230
67 2218
13 2200
0 2231
21 2228
26 2158
0 2232
86 2138
0 2233
8 2213
79 2131
16 2130
0 2234
44 2163
81 2169
41 2152
0 2235
36 2223
75 2207
18 2224
22 2198
0 2236
24 2186
71 2210
15 2208
0 2237
88 2188
39 2143
58 2156
0 2238
76 2172
30 2217
64 2195
0 2239
0 2240
11 2155
38 2189
43 2211
90 2194
28 2160
49 2146
0 2241
47 2149
0 2242
78 2128
69 2203
0 2243
27 2161
29 2120
0 2244
65 2205
19 2181
0 2245
63 2187
0 2246
82 2177
0 2247
89 2159
10 2135
0 2248
35 2220
0 2249
0 2250
0 2251
0 2252
0 2253
83 2164
3 2150
42 2125
62 2170
0 2254
6 2214
84 2206
0 2255
87 2157
0 2256
0 2257
0 2258
68 2151
48 2176
0 2259
45 2165
80 2212
0 2260
73 2141
32 2193
0 2261
0 2262
57 2166
61 2154
0 2263
17 2229
46 2225
7 2199
53 2191
0 2264
20 2184
34 2175
0 2265
0 2266
0 2267
50 2226
54 2201
0 2268
37 2190
0 2269
9 2179
77 2222
70 2178
0 2270
25 2185
0 2271
0 2272
0 2273
0 2274
0 2275
0 2276
5 2215
0 2277
0 2278
0 2279
0 2280
0 2281
0 2282
0 2283
0 2284
0 2285
0 2286
0 2287
0 2288
0 2289
0 2290
0 2291
0 2292
0 2293
0 2294
0 2295
0 2296
0 2297
0 2298
0 2299
0 2300
0 2301
0 2302
0 2303
0 2304
0 2305
0 2306
0 2307
0 2308
0 2309
0 2310
0 2311
0 2312
0 2313
0 2314
0 2315
0 2316
0 2317
0 2318
0 2319
0 2320
0 2321
0 2322
0 2323
0 2324
0 2325
0 2326
0 2327
0 2328
0 2329
0 2330
0 2331
0 2332
0 2333
0 2334
0 2335
0 2336
0 2337
0 2338
0 2339
0 2340
0 2341
0 2342
0 2343
0 2344
0 2345
0 2346
0 2347
0 2348
0 2349
