46 1906 0 100 32675078 1.48717 1.48717
71 1903 0 100 32661046 1.58717 1.58717
6 1913 0 100 32677790 1.78717 1.78717
5 1909 0 100 32638958 1.78717 1.78717
8 1911 0 100 32663454 2.08717 2.08717
28 1894 0 100 32668146 2.18717 2.18717
52 1896 0 100 32640854 2.28717 2.28717
4 1912 0 100 32668036 2.58717 2.58717
61 1922 0 100 32665106 2.68717 2.68717
65 1932 0 100 32658908 2.78717 2.78717
3 1954 0 100 32624198 2.88717 2.88717
20 1908 0 100 32652536 2.98717 2.98717
68 1891 0 100 32649160 2.98717 2.98717
37 1920 0 100 32657188 2.98717 2.98717
34 1958 0 100 32675732 3.28717 3.28717
53 1977 0 100 32641360 3.28717 3.28717
43 1942 0 100 32656654 3.38717 3.38717
72 1901 0 100 32653144 3.38717 3.38717
1 1895 0 100 32679836 3.38717 3.38717
2 1985 0 100 32648520 3.68717 3.68717
54 1926 0 100 32659682 3.98717 3.98717
31 1935 0 100 32671130 4.08717 4.08717
15 1960 0 100 32642466 4.08717 4.08717
55 1924 0 100 32640950 4.28717 4.28717
70 1962 0 100 32665396 4.28717 4.28717
18 1947 0 100 32664146 4.28717 4.28717
47 1987 0 100 32676430 4.38717 4.38717
26 1946 0 100 32658140 4.38717 4.38717
29 1930 0 100 32672344 4.58717 4.58717
44 1917 0 100 32649976 4.58717 4.58717
79 1970 0 100 32662634 4.98717 4.98717
42 1974 0 100 32634964 5.08717 5.08717
74 1921 0 100 32671426 5.28717 5.28717
30 1902 0 100 32669268 5.38717 5.38717
73 1953 0 100 32674414 5.38717 5.38717
80 1968 0 100 32644278 5.38717 5.38717
21 1941 0 100 32631590 5.48717 5.48717
51 1898 0 100 32673822 5.58717 5.58717
11 1957 0 100 32649574 5.58717 5.58717
50 1890 0 100 32661086 5.68717 5.68717
35 1972 0 100 32653460 5.78717 5.78717
33 1929 0 100 32682558 5.78717 5.78717
56 1918 0 100 32642822 5.88717 5.88717
10 1905 0 100 32677502 5.88717 5.88717
49 1982 0 100 32659528 5.88717 5.88717
78 1931 0 100 32647250 6.08717 6.08717
16 1944 0 100 32664020 6.08717 6.08717
41 1963 0 100 32665112 6.18717 6.18717
32 1893 0 100 32647582 6.28717 6.28717
12 1899 0 100 32641470 6.28717 6.28717
22 1940 0 100 32671016 6.28717 6.28717
25 1938 0 100 32634696 6.28717 6.28717
64 1966 0 100 32653146 6.38717 6.38717
67 1915 0 100 32651764 6.38717 6.38717
60 1967 0 100 32633598 6.48717 6.48717
19 1983 0 100 32682654 6.58717 6.58717
76 1914 0 100 32641250 6.58717 6.58717
57 1971 0 100 32670692 6.58717 6.58717
75 1948 0 100 32651226 6.68717 6.68717
39 1961 0 100 32635896 6.68717 6.68717
24 1951 0 100 32679850 6.68717 6.68717
63 1978 0 100 32670128 6.68717 6.68717
62 1949 0 100 32674098 6.78717 6.78717
7 1939 0 100 32666242 6.78717 6.78717
45 1979 0 100 32662524 6.98717 6.98717
58 1927 0 100 32637258 6.98717 6.98717
69 1980 0 100 32653724 6.98717 6.98717
23 1969 0 100 32638658 7.08717 7.08717
66 1950 0 100 32678020 7.18717 7.18717
77 1988 0 100 32660930 7.18717 7.18717
59 1933 0 100 32644738 7.18717 7.18717
17 1981 0 100 32682568 7.38717 7.38717
36 1965 0 100 32670628 7.38717 7.38717
40 1955 0 100 32652984 7.48717 7.48717
38 1975 0 100 32658282 7.68717 7.68717
48 1976 0 100 32660440 7.88717 7.88717
14 1986 0 100 32649922 7.98717 7.98717
