18 0.8 0.016 0.784
18 0.784 0.16 0.624
17 0.8 0.016 0.784
17 0.784 0.16 0.624
3 0.8 0.016 0.784
4 0.8 0.016 0.784
4 0.784 0.16 0.624
3 0.784 0.16 0.624
2 0.8 0.16 0.64
2 0.71546 0.016 0.69946
2 0.69946 0.16 0.53946
15 0.8 0.016 0.784
15 0.784 0.16 0.624
19 0.8 0.016 0.784
19 0.784 0.16 0.624
20 0.8 0.016 0.784
20 0.784 0.16 0.624
6 0.8 0.016 0.784
6 0.784 0.16 0.624
1 0.8 0.016 0.784
8 0.8 0.016 0.784
10 0.8 0.016 0.784
8 0.784 0.16 0.624
1 0.784 0.16 0.624
10 0.784 0.16 0.624
7 0.8 0.016 0.784
7 0.784 0.16 0.624
5 0.8 0.16 0.64
14 0.8 0.16 0.64
5 0.716094 0.016 0.700094
14 0.710895 0.016 0.694895
5 0.700094 0.16 0.540094
14 0.694895 0.16 0.534895
13 0.8 0.016 0.784
13 0.784 0.16 0.624
11 0.8 0.16 0.64
11 0.711152 0.016 0.695152
11 0.695152 0.16 0.535152
12 0.8 0.016 0.784
12 0.784 0.16 0.624
9 0.8 0.016 0.784
9 0.784 0.16 0.624
16 0.8 0.016 0.784
16 0.784 0.16 0.624
