85 360 1.00764
81 361 1.03573
3 362 1.09012
56 363 1.11749
62 364 1.15572
87 365 1.20214
53 366 1.23085
66 367 1.23468
10 368 1.26231
69 369 1.29026
27 370 1.2975
72 371 1.29926
31 372 1.3631
63 373 1.41566
90 374 1.46063
59 375 1.46128
4 376 1.47519
40 377 1.48073
45 378 1.49471
1 379 1.50517
29 380 1.5078
74 381 1.55112
79 382 1.55572
37 383 1.56074
5 384 1.59041
58 385 1.60192
19 386 1.61823
24 387 1.63257
34 388 1.66433
60 389 1.70148
61 390 1.72227
70 391 1.72317
52 392 1.74053
65 393 1.7446
80 394 1.76788
36 395 1.78597
25 396 1.80001
2 397 1.81909
64 398 1.84202
14 399 1.8834
39 400 1.89525
77 401 1.89695
51 402 1.90843
21 403 1.95814
9 404 1.97356
16 405 2.03347
17 406 2.06386
84 407 2.09374
55 408 2.11616
78 409 2.12886
30 410 2.13726
32 411 2.15862
22 412 2.16898
23 413 2.20509
83 414 2.2348
46 415 2.24936
12 416 2.27253
28 417 2.31056
18 418 2.3306
42 419 2.41255
48 420 2.41261
6 421 2.43752
71 422 2.50097
49 423 2.56773
76 424 2.57063
82 425 2.5737
44 426 2.69767
41 427 2.7096
26 428 2.71307
47 429 2.73878
89 430 2.749
11 431 2.78677
38 432 2.79092
15 433 2.79249
43 434 2.79786
35 435 2.80014
57 436 2.80563
7 437 2.81085
86 438 2.82614
20 439 2.85175
68 440 2.85208
8 441 2.88788
73 442 2.91843
54 443 2.92268
88 444 2.92767
13 445 2.93924
33 446 2.96561
50 447 2.9698
67 448 2.97339
75 449 2.99081
