65 450
9 451
60 452
81 453
57 454
53 455
11 456
33 457
23 458
71 459
55 460
86 461
79 462
67 463
34 464
8 465
88 466
47 467
5 468
100 469
69 470
72 471
13 472
20 473
52 474
46 475
35 476
29 477
58 478
27 479
82 480
43 481
3 482
2 483
38 484
4 485
40 486
62 487
31 488
63 489
97 490
73 491
48 492
17 493
68 494
61 495
84 496
50 497
64 498
96 499
89 500
54 501
6 502
59 503
22 504
94 505
85 506
14 507
41 508
83 509
21 510
19 511
49 512
26 513
98 514
51 515
45 516
18 517
95 518
76 519
37 520
1 521
16 522
92 523
78 524
66 525
36 526
32 527
24 528
90 529
91 530
74 531
99 532
42 533
28 534
12 535
25 536
75 537
15 538
56 539
77 540
93 541
80 542
44 543
87 544
10 545
7 546
39 547
70 548
30 549
