85 360
81 361
3 362
56 363
62 364
87 365
53 366
66 367
10 368
69 369
27 370
72 371
31 372
63 373
90 374
59 375
4 376
40 377
45 378
1 379
29 380
74 381
79 382
37 383
5 384
58 385
19 386
24 387
34 388
60 389
61 390
70 391
52 392
65 393
80 394
36 395
25 396
2 397
64 398
14 399
39 400
77 401
51 402
21 403
9 404
16 405
17 406
84 407
55 408
78 409
30 410
32 411
22 412
23 413
83 414
46 415
12 416
28 417
18 418
42 419
48 420
6 421
71 422
49 423
76 424
82 425
44 426
41 427
26 428
47 429
89 430
11 431
38 432
15 433
43 434
35 435
57 436
7 437
86 438
20 439
68 440
8 441
73 442
54 443
88 444
13 445
33 446
50 447
67 448
75 449
