65 450 1.01383
9 451 1.02637
60 452 1.08172
81 453 1.14233
57 454 1.14304
53 455 1.15115
11 456 1.17932
33 457 1.18342
23 458 1.18764
71 459 1.19501
55 460 1.20867
86 461 1.28545
79 462 1.29418
67 463 1.31067
34 464 1.3136
8 465 1.33641
88 466 1.33994
47 467 1.36628
5 468 1.41262
100 469 1.46441
69 470 1.49244
72 471 1.49354
13 472 1.55102
20 473 1.57034
52 474 1.58025
46 475 1.59726
35 476 1.6035
29 477 1.61508
58 478 1.62567
27 479 1.62897
82 480 1.65387
43 481 1.66114
3 482 1.67162
2 483 1.71129
38 484 1.71308
4 485 1.71724
40 486 1.72348
62 487 1.72372
31 488 1.78843
63 489 1.80459
97 490 1.82407
73 491 1.83319
48 492 1.86061
17 493 1.8635
68 494 1.87346
61 495 1.87392
84 496 1.92667
50 497 1.9373
64 498 1.95776
96 499 1.97044
89 500 1.9752
54 501 2.00659
6 502 2.00832
59 503 2.02151
22 504 2.04727
94 505 2.06285
85 506 2.07672
14 507 2.08918
41 508 2.09278
83 509 2.10115
21 510 2.12861
19 511 2.15246
49 512 2.1773
26 513 2.1782
98 514 2.18541
51 515 2.18777
45 516 2.18957
18 517 2.21056
95 518 2.24187
76 519 2.24811
37 520 2.26795
1 521 2.29191
16 522 2.37729
92 523 2.37752
78 524 2.40242
66 525 2.41863
36 526 2.43669
32 527 2.50066
24 528 2.5049
90 529 2.54019
91 530 2.54189
74 531 2.60138
99 532 2.6046
42 533 2.60673
28 534 2.61945
12 535 2.63769
25 536 2.63915
75 537 2.6841
15 538 2.69288
56 539 2.71369
77 540 2.76666
93 541 2.76848
80 542 2.78061
44 543 2.79864
87 544 2.84331
10 545 2.87918
7 546 2.92424
39 547 2.94973
70 548 2.97908
30 549 2.9831
