30 60 1.10334
36 61 1.14115
29 62 1.15933
15 63 1.1785
37 64 1.26215
34 65 1.38063
28 66 1.43238
39 67 1.47135
22 68 1.50022
7 69 1.50386
9 70 1.5468
10 71 1.63716
2 72 1.64587
3 73 1.71002
13 74 1.72881
21 75 1.75454
23 76 1.76431
27 77 1.80744
19 78 1.83342
35 79 1.91525
11 80 1.95918
38 81 2.03526
14 82 2.20598
16 83 2.24851
18 84 2.38057
4 85 2.43041
24 86 2.43442
6 87 2.45357
31 88 2.49252
25 89 2.57989
26 90 2.60697
5 91 2.62964
33 92 2.64464
17 93 2.69595
8 94 2.75523
1 95 2.79199
32 96 2.82658
12 97 2.88209
20 98 2.95762
40 99 2.96062
