35 150 1.0725
16 151 1.11796
13 152 1.11868
25 153 1.14713
58 154 1.18883
19 155 1.24725
56 156 1.25148
3 157 1.27164
36 158 1.30079
34 159 1.40874
27 160 1.41936
32 161 1.48134
30 162 1.49764
44 163 1.54525
23 164 1.56141
9 165 1.59977
49 166 1.71465
7 167 1.73903
14 168 1.81524
37 169 1.91044
53 170 1.92394
21 171 1.93528
46 172 1.9356
26 173 1.9455
57 174 1.97388
54 175 2.00087
33 176 2.02162
5 177 2.03518
17 178 2.07575
10 179 2.10148
52 180 2.13684
48 181 2.15554
51 182 2.17158
6 183 2.17446
45 184 2.22534
31 185 2.28875
29 186 2.35108
50 187 2.37065
11 188 2.4201
39 189 2.47357
12 190 2.47541
8 191 2.52229
38 192 2.53565
43 193 2.54381
2 194 2.57081
15 195 2.65083
20 196 2.73393
60 197 2.77064
18 198 2.7985
24 199 2.82167
28 200 2.82707
42 201 2.82963
1 202 2.85308
41 203 2.86411
22 204 2.88737
47 205 2.89373
55 206 2.92773
40 207 2.9316
4 208 2.95518
59 209 2.96322
