38 280
49 281
50 282
40 283
22 284
45 285
4 286
77 287
10 288
24 289
64 290
62 291
58 292
68 293
57 294
14 295
37 296
15 297
12 298
53 299
30 300
17 301
54 302
48 303
34 304
8 305
52 306
76 307
73 308
79 309
23 310
39 311
33 312
80 313
44 314
42 315
18 316
46 317
36 318
41 319
16 320
66 321
67 322
60 323
55 324
19 325
27 326
65 327
43 328
29 329
20 330
7 331
35 332
5 333
69 334
59 335
47 336
11 337
9 338
61 339
56 340
25 341
26 342
1 343
75 344
72 345
3 346
28 347
32 348
13 349
2 350
74 351
21 352
71 353
6 354
78 355
63 356
31 357
70 358
51 359
