38 280 1.03652
49 281 1.03664
50 282 1.08651
40 283 1.09119
22 284 1.0971
45 285 1.11794
4 286 1.13139
77 287 1.18693
10 288 1.20911
24 289 1.21104
64 290 1.24186
62 291 1.26185
58 292 1.26428
68 293 1.31235
57 294 1.32214
14 295 1.35248
37 296 1.35724
15 297 1.36678
12 298 1.37835
53 299 1.37958
30 300 1.42973
17 301 1.45806
54 302 1.46333
48 303 1.49584
34 304 1.50131
8 305 1.50484
52 306 1.52505
76 307 1.52942
73 308 1.53178
79 309 1.5766
23 310 1.59442
39 311 1.60515
33 312 1.80312
80 313 1.83526
44 314 1.84884
42 315 1.85408
18 316 1.85925
46 317 1.89389
36 318 1.92199
41 319 1.95894
16 320 1.97615
66 321 2.01295
67 322 2.01628
60 323 2.02395
55 324 2.12035
19 325 2.15278
27 326 2.18666
65 327 2.20392
43 328 2.24547
29 329 2.2862
20 330 2.34961
7 331 2.35051
35 332 2.35541
5 333 2.36359
69 334 2.41992
59 335 2.43538
47 336 2.46767
11 337 2.4856
9 338 2.51951
61 339 2.54296
56 340 2.56447
25 341 2.58632
26 342 2.59453
1 343 2.59611
75 344 2.63371
72 345 2.66152
3 346 2.70995
28 347 2.71764
32 348 2.74441
13 349 2.7466
2 350 2.75474
74 351 2.76597
21 352 2.76712
71 353 2.79142
6 354 2.79498
78 355 2.82666
63 356 2.84602
31 357 2.85131
70 358 2.94395
51 359 2.95145
