23 2941 0 100 88870300 1.10104 1.10104
8 2957 0 100 88875088 2.40104 2.40104
18 2965 0 100 56206478 2.80104 2.80104
9 2977 0 100 88853220 2.80104 2.80104
1 2948 0 100 121572668 2.90104 2.90104
24 2974 0 100 121529492 3.00104 3.00104
3 2988 0 100 154256208 3.00104 3.00104
2 2952 0 100 154295928 3.00104 3.00104
14 2953 0 100 121564946 3.30104 3.30104
16 2962 0 100 154248304 3.30104 3.30104
6 2966 0 100 121544096 3.40104 3.40104
5 2946 0 100 154289440 3.60104 3.60104
11 2960 0 100 56205596 3.90104 3.90104
15 2949 0 100 121541054 4.00104 4.00104
13 2987 0 100 88851944 4.40104 4.40104
17 2969 0 100 88869180 4.60104 4.60104
29 2970 0 100 121541672 4.70104 4.70104
30 2971 0 100 121561946 4.70104 4.70104
26 2979 0 100 154255496 4.80104 4.80104
21 2959 0 100 121561430 5.50104 5.50104
20 2989 0 100 121574204 5.50104 5.50104
22 2943 0 100 154302312 5.50104 5.50104
25 2956 0 100 154268464 5.90104 5.90104
4 2950 0 100 154299264 5.90104 5.90104
28 2986 0 100 121541168 6.30104 6.30104
7 2964 0 100 88867348 6.40104 6.40104
27 2984 0 100 121548554 6.70104 6.70104
19 2980 0 100 154253456 6.80104 6.80104
12 2968 0 100 154282840 7.20104 7.20104
10 2975 0 100 88858676 7.30104 7.30104
