0 4400
0 4401
0 4402
0 4403
0 4404
0 4405
0 4406
0 4407
0 4408
0 4409
0 4410
0 4414
0 4423
86 4418
0 4432
0 4438
0 4443
0 4450
26 4448
0 4453
31 4413
0 4461
0 4469
50 4428
0 4476
65 4439
0 4480
22 4454
0 4490
66 4474
0 4494
0 4500
3 4472
71 4417
10 4445
0 4504
70 4412
6 4459
49 4460
87 4435
0 4507
0 4514
0 4520
79 4488
15 4478
0 4524
48 4486
0 4530
69 4511
81 4525
73 4491
0 4531
2 4498
51 4468
75 4484
0 4532
38 4523
78 4424
77 4522
0 4533
0 4534
7 4416
35 4447
33 4470
20 4415
0 4535
63 4513
90 4464
85 4462
0 4536
91 4430
23 4512
46 4477
0 4537
53 4451
30 4452
0 4538
11 4497
29 4449
0 4539
0 4540
93 4419
19 4436
0 4541
57 4444
34 4458
72 4519
0 4542
64 4481
4 4482
28 4422
56 4493
95 4528
57 4444
0 4543
0 4544
62 4515
94 4495
98 4426
0 4545
0 4546
99 4411
0 4547
42 4487
74 4492
52 4441
25 4446
54 4529
0 4548
54 4529
100 4485
0 4549
0 4550
27 4425
58 4420
8 4473
0 4551
47 4466
0 4552
0 4553
0 4554
83 4429
89 4431
0 4555
76 4421
32 4479
92 4434
88 4526
0 4556
43 4505
1 4517
0 4557
17 4509
41 4475
0 4558
40 4456
0 4559
9 4442
0 4560
61 4465
44 4433
0 4561
24 4501
0 4562
59 4503
67 4427
0 4563
97 4489
12 4467
0 4564
39 4455
5 4457
13 4471
0 4565
80 4437
45 4440
55 4518
0 4566
0 4567
21 4483
14 4463
0 4568
68 4502
0 4569
36 4527
18 4499
60 4496
0 4570
96 4508
16 4510
0 4571
84 4506
0 4572
0 4573
82 4521
0 4574
37 4516
0 4575
0 4576
0 4577
0 4578
0 4579
0 4580
0 4581
0 4582
0 4583
0 4584
0 4585
0 4586
0 4587
0 4588
0 4589
0 4590
0 4591
0 4592
0 4593
0 4594
0 4595
0 4596
0 4597
0 4598
0 4599
0 4600
0 4601
0 4602
0 4603
0 4604
0 4605
0 4606
0 4607
0 4608
0 4609
0 4610
0 4611
0 4612
0 4613
0 4614
0 4615
0 4616
0 4617
0 4618
0 4619
0 4620
0 4621
0 4622
0 4623
0 4624
0 4625
0 4626
0 4627
0 4628
0 4629
0 4630
0 4631
0 4632
0 4633
0 4634
0 4635
0 4636
0 4637
0 4638
0 4639
0 4640
0 4641
0 4642
0 4643
0 4644
0 4645
0 4646
0 4647
0 4648
0 4649
