23 0.8 0.016 0.784
23 0.784 0.16 0.624
8 0.8 0.016 0.784
8 0.784 0.16 0.624
9 0.8 0.016 0.784
18 0.8 0.016 0.784
18 0.784 0.16 0.624
9 0.784 0.16 0.624
9 0.624 0.16 0.464
1 0.8 0.016 0.784
1 0.784 0.16 0.624
24 0.8 0.16 0.64
2 0.8 0.016 0.784
3 0.8 0.016 0.784
24 0.71839 0.016 0.70239
24 0.70239 0.16 0.54239
2 0.784 0.16 0.624
3 0.784 0.16 0.624
3 0.624 0.16 0.464
2 0.624 0.16 0.464
14 0.8 0.016 0.784
16 0.8 0.016 0.784
14 0.784 0.16 0.624
6 0.8 0.16 0.64
16 0.784 0.16 0.624
16 0.624 0.16 0.464
6 0.64 0.16 0.48
6 0.550104 0.016 0.534104
6 0.534104 0.16 0.374104
5 0.8 0.016 0.784
5 0.784 0.16 0.624
11 0.8 0.016 0.784
11 0.784 0.16 0.624
15 0.8 0.16 0.64
15 0.71014 0.016 0.69414
15 0.69414 0.16 0.53414
13 0.8 0.016 0.784
13 0.784 0.16 0.624
17 0.8 0.016 0.784
17 0.784 0.16 0.624
29 0.8 0.16 0.64
30 0.8 0.16 0.64
29 0.718692 0.016 0.702692
30 0.716632 0.016 0.700632
29 0.702692 0.16 0.542692
30 0.700632 0.16 0.540632
26 0.8 0.16 0.64
26 0.64 0.16 0.48
26 0.558068 0.016 0.542068
26 0.542068 0.16 0.382068
20 0.8 0.016 0.784
21 0.8 0.016 0.784
22 0.8 0.016 0.784
21 0.784 0.16 0.624
20 0.784 0.16 0.624
22 0.784 0.16 0.624
22 0.624 0.16 0.464
22 0.464 0.16 0.304
4 0.8 0.016 0.784
25 0.8 0.016 0.784
25 0.784 0.16 0.624
4 0.784 0.16 0.624
28 0.8 0.016 0.784
28 0.784 0.16 0.624
7 0.8 0.16 0.64
7 0.715251 0.016 0.699251
7 0.699251 0.16 0.539251
27 0.8 0.016 0.784
27 0.784 0.16 0.624
19 0.8 0.16 0.64
19 0.714108 0.016 0.698108
19 0.698108 0.16 0.538108
12 0.8 0.016 0.784
12 0.784 0.16 0.624
10 0.8 0.16 0.64
10 0.718471 0.016 0.702471
10 0.702471 0.16 0.542471
