12 0.8 0.016 0.784
12 0.784 0.16 0.624
46 0.8 0.016 0.784
46 0.784 0.16 0.624
6 0.8 0.16 0.64
6 0.711605 0.016 0.695605
6 0.695605 0.16 0.535605
48 0.8 0.016 0.784
48 0.784 0.16 0.624
29 0.8 0.016 0.784
29 0.784 0.16 0.624
27 0.8 0.016 0.784
27 0.784 0.16 0.624
1 0.8 0.16 0.64
16 0.8 0.16 0.64
1 0.712243 0.016 0.696243
16 0.711406 0.016 0.695406
1 0.696243 0.16 0.536243
16 0.695406 0.16 0.535406
16 0.535406 0.16 0.375406
19 0.8 0.016 0.784
19 0.784 0.16 0.624
21 0.8 0.016 0.784
21 0.784 0.16 0.624
43 0.8 0.16 0.64
43 0.71657 0.016 0.70057
43 0.70057 0.16 0.54057
18 0.8 0.016 0.784
18 0.784 0.16 0.624
10 0.8 0.16 0.64
15 0.8 0.16 0.64
47 0.8 0.16 0.64
10 0.710917 0.016 0.694917
15 0.712029 0.016 0.696029
47 0.711181 0.016 0.695181
47 0.695181 0.16 0.535181
15 0.696029 0.16 0.536029
10 0.694917 0.16 0.534917
10 0.534917 0.16 0.374917
10 0.374917 0.16 0.214917
38 0.8 0.016 0.784
38 0.784 0.16 0.624
5 0.8 0.016 0.784
5 0.784 0.16 0.624
9 0.8 0.16 0.64
9 0.718496 0.016 0.702496
9 0.702496 0.16 0.542496
45 0.8 0.016 0.784
45 0.784 0.16 0.624
2 0.8 0.16 0.64
13 0.8 0.16 0.64
50 0.8 0.16 0.64
2 0.716953 0.016 0.700953
13 0.713047 0.016 0.697047
50 0.71973 0.016 0.70373
2 0.700953 0.16 0.540953
3 0.8 0.16 0.64
13 0.697047 0.16 0.537047
50 0.70373 0.16 0.54373
13 0.537047 0.16 0.377047
3 0.64 0.16 0.48
50 0.54373 0.16 0.38373
50 0.38373 0.16 0.22373
3 0.48 0.16 0.32
3 0.399803 0.016 0.383803
3 0.383803 0.16 0.223803
39 0.8 0.16 0.64
39 0.713501 0.016 0.697501
51 0.8 0.016 0.784
39 0.697501 0.16 0.537501
28 0.8 0.16 0.64
51 0.784 0.16 0.624
52 0.8 0.16 0.64
51 0.624 0.16 0.464
28 0.64 0.16 0.48
52 0.64 0.16 0.48
28 0.557108 0.016 0.541108
52 0.556333 0.016 0.540333
28 0.541108 0.16 0.381108
52 0.540333 0.16 0.380333
52 0.380333 0.16 0.220333
23 0.8 0.016 0.784
25 0.8 0.016 0.784
23 0.784 0.16 0.624
25 0.784 0.16 0.624
22 0.8 0.016 0.784
22 0.784 0.16 0.624
59 0.8 0.016 0.784
59 0.784 0.16 0.624
58 0.8 0.16 0.64
32 0.8 0.016 0.784
58 0.71209 0.016 0.69609
58 0.69609 0.16 0.53609
32 0.784 0.16 0.624
32 0.624 0.16 0.464
14 0.8 0.16 0.64
24 0.8 0.16 0.64
14 0.717947 0.016 0.701947
24 0.712498 0.016 0.696498
24 0.696498 0.16 0.536498
14 0.701947 0.16 0.541947
57 0.8 0.016 0.784
57 0.784 0.16 0.624
4 0.8 0.16 0.64
37 0.8 0.16 0.64
4 0.714786 0.016 0.698786
37 0.717589 0.016 0.701589
4 0.698786 0.16 0.538786
37 0.701589 0.16 0.541589
37 0.541589 0.16 0.381589
60 0.8 0.016 0.784
60 0.784 0.16 0.624
20 0.8 0.16 0.64
35 0.8 0.16 0.64
20 0.717796 0.016 0.701796
35 0.716723 0.016 0.700723
35 0.700723 0.16 0.540723
20 0.701796 0.16 0.541796
36 0.8 0.016 0.784
41 0.8 0.016 0.784
41 0.784 0.16 0.624
36 0.784 0.16 0.624
36 0.624 0.16 0.464
8 0.8 0.016 0.784
34 0.8 0.016 0.784
42 0.8 0.016 0.784
44 0.8 0.016 0.784
42 0.784 0.16 0.624
8 0.784 0.16 0.624
11 0.8 0.16 0.64
30 0.8 0.16 0.64
34 0.784 0.16 0.624
44 0.784 0.16 0.624
11 0.64 0.16 0.48
30 0.64 0.16 0.48
34 0.624 0.16 0.464
44 0.624 0.16 0.464
55 0.8 0.16 0.64
34 0.464 0.16 0.304
11 0.48 0.16 0.32
30 0.48 0.16 0.32
44 0.464 0.16 0.304
44 0.304 0.16 0.144
11 0.32 0.16 0.16
30 0.32 0.16 0.16
55 0.64 0.16 0.48
11 0.239175 0.016 0.223175
30 0.238156 0.016 0.222156
55 0.55519 0.016 0.53919
11 0.223175 0.16 0.0631753
30 0.222156 0.16 0.0621558
55 0.53919 0.16 0.37919
55 0.37919 0.16 0.21919
30 0.0621558 0.16 -0.0978442
49 0.8 0.016 0.784
49 0.784 0.16 0.624
26 0.8 0.16 0.64
26 0.713547 0.016 0.697547
40 0.8 0.016 0.784
26 0.697547 0.16 0.537547
33 0.8 0.16 0.64
40 0.784 0.16 0.624
40 0.624 0.16 0.464
33 0.64 0.16 0.48
54 0.8 0.16 0.64
33 0.551229 0.016 0.535229
54 0.711392 0.016 0.695392
54 0.695392 0.16 0.535392
33 0.535229 0.16 0.375229
33 0.375229 0.16 0.215229
30 0.382435 0.16 0.222435
53 0.8 0.016 0.784
53 0.784 0.16 0.624
56 0.8 0.16 0.64
56 0.710373 0.016 0.694373
56 0.694373 0.16 0.534373
7 0.8 0.016 0.784
7 0.784 0.16 0.624
31 0.8 0.16 0.64
31 0.788658 0.016 0.772658
31 0.772658 0.16 0.612658
17 0.8 0.016 0.784
17 0.784 0.16 0.624
