0 3930
0 3931
0 3932
0 3933
0 3934
0 3935
0 3936
0 3937
0 3938
0 3939
0 3940
0 3947
0 3951
57 3946
0 3959
0 3961
12 3960
0 3962
0 3966
0 3968
28 3941
0 3977
0 3983
0 3986
45 3974
0 3994
0 4001
14 4000
0 4004
0 4008
23 3955
0 4012
3 3948
56 3984
0 4017
65 3988
60 3963
31 3956
9 4002
0 4021
1 3942
0 4027
18 3973
0 4036
78 3979
0 4040
62 3990
0 4041
77 3950
41 3958
74 4005
0 4042
41 3958
74 4005
69 3989
77 3950
0 4043
43 4003
44 3981
16 3953
46 4019
0 4044
55 4023
63 3982
0 4045
58 4034
61 4029
0 4046
0 4047
26 4020
38 3971
35 4037
0 4048
76 3954
13 3964
79 4006
74 4005
41 3958
0 4049
42 4016
79 4006
20 3969
47 3995
0 4050
53 3957
0 4051
6 4024
0 4052
0 4053
49 3944
0 4054
19 4013
22 3993
39 3975
0 4055
37 3978
0 4056
51 4015
10 3967
37 3978
0 4057
73 3970
33 3943
0 4058
4 3980
68 3987
5 4022
0 4059
71 4033
0 4060
67 3997
48 4014
0 4061
0 4062
0 4063
40 3945
32 3976
0 4064
0 4065
0 4066
54 4026
0 4067
66 4030
30 3952
29 3996
75 4011
7 3985
0 4068
70 3949
2 4018
0 4069
0 4070
11 4007
0 4071
34 3972
17 4028
0 4072
36 4025
25 3998
0 4073
21 4031
64 3991
0 4074
8 4010
50 3992
0 4075
27 4035
52 3965
0 4076
0 4077
0 4078
0 4079
59 3999
0 4080
0 4081
72 4039
0 4082
24 4032
0 4083
80 4038
15 4009
0 4084
0 4085
0 4086
0 4087
0 4088
0 4089
0 4090
0 4091
0 4092
0 4093
0 4094
0 4095
0 4096
0 4097
0 4098
0 4099
0 4100
0 4101
0 4102
0 4103
0 4104
0 4105
0 4106
0 4107
0 4108
0 4109
0 4110
0 4111
0 4112
0 4113
0 4114
0 4115
0 4116
0 4117
0 4118
0 4119
0 4120
0 4121
0 4122
0 4123
0 4124
0 4125
0 4126
0 4127
0 4128
0 4129
0 4130
0 4131
0 4132
0 4133
0 4134
0 4135
0 4136
0 4137
0 4138
0 4139
0 4140
0 4141
0 4142
0 4143
0 4144
0 4145
0 4146
0 4147
0 4148
0 4149
0 4150
0 4151
0 4152
0 4153
0 4154
0 4155
0 4156
0 4157
0 4158
0 4159
