19 2771 0 100 121527734 1.45968 1.45968
20 2780 0 100 121552664 1.65968 1.65968
17 2774 0 100 154263632 1.85968 1.85968
6 2782 0 100 56198594 2.65968 2.65968
11 2791 0 100 88860200 2.85968 2.85968
14 2775 0 100 121570376 2.95968 2.95968
12 2796 0 100 88857164 3.45968 3.45968
9 2804 0 100 121562954 4.25968 4.25968
1 2808 0 100 88858628 4.35968 4.35968
7 2784 0 100 154249424 4.45968 4.45968
18 2789 0 100 121569668 4.55968 4.55968
2 2778 0 100 121533074 4.85968 4.85968
13 2792 0 100 154270208 4.85968 4.85968
15 2777 0 100 154277520 5.25968 5.25968
5 2781 0 100 88855328 5.35968 5.35968
4 2803 0 100 121530074 6.05968 6.05968
16 2799 0 100 121529948 6.15968 6.15968
8 2801 0 100 121561658 6.25968 6.25968
3 2797 0 100 121543940 6.35968 6.35968
10 2794 0 100 154288616 6.35968 6.35968
