57 3510 1.01565
6 3511 1.05639
16 3512 1.05939
36 3513 1.06362
52 3514 1.07378
1 3516 1.08435
12 3517 1.11801
41 3519 1.19433
27 3520 1.2341
58 3521 1.23441
14 3523 1.28736
46 3524 1.33854
35 3526 1.39649
29 3528 1.49513
34 3529 1.49742
15 3530 1.5078
20 3531 1.51448
48 3533 1.59615
45 3534 1.61083
21 3535 1.62132
22 3537 1.70684
11 3538 1.74109
54 3539 1.75478
49 3541 1.8295
51 3542 1.8741
42 3543 1.87452
19 3545 1.90439
38 3546 1.92136
43 3548 1.99382
10 3549 2.00647
23 3550 2.07023
26 3552 2.11923
44 3553 2.11993
8 3554 2.1493
33 3556 2.22347
3 3557 2.26671
40 3559 2.30589
31 3560 2.30664
59 3561 2.31261
25 3562 2.36229
2 3564 2.38737
60 3565 2.42565
28 3566 2.43694
7 3568 2.49374
9 3569 2.49729
47 3570 2.50509
13 3571 2.57721
37 3573 2.64256
39 3575 2.72844
53 3576 2.76119
18 3577 2.76538
4 3579 2.81333
17 3580 2.82095
50 3581 2.82149
56 3582 2.82207
55 3584 2.88857
5 3585 2.93843
24 3586 2.95133
32 3587 2.96049
30 3588 2.97573
