17 3720 1.01899
31 3721 1.03052
65 3722 1.03183
52 3724 1.07053
57 3725 1.08719
41 3726 1.10732
29 3728 1.1483
47 3729 1.15816
67 3730 1.15921
18 3731 1.15948
14 3732 1.17231
5 3733 1.17509
3 3734 1.18937
6 3735 1.19647
39 3737 1.27395
13 3738 1.33731
59 3739 1.33824
36 3741 1.35518
32 3742 1.40444
7 3743 1.41571
2 3745 1.45605
55 3746 1.53392
49 3748 1.5491
16 3749 1.56294
28 3750 1.58622
42 3751 1.58715
21 3752 1.61103
33 3753 1.63251
64 3755 1.66019
35 3756 1.73307
38 3758 1.80526
69 3759 1.81545
68 3761 1.85778
37 3762 1.89027
51 3763 1.92189
8 3764 1.92291
27 3766 1.96729
46 3767 1.99069
30 3768 1.99289
34 3769 2.00997
50 3771 2.07403
19 3773 2.13935
10 3774 2.14196
62 3775 2.17319
70 3776 2.19589
1 3777 2.22575
40 3779 2.25436
20 3780 2.26334
22 3781 2.33127
43 3783 2.34131
48 3784 2.34365
24 3785 2.35879
15 3786 2.39743
61 3788 2.45748
12 3789 2.50631
66 3790 2.53519
56 3792 2.5476
26 3793 2.54859
45 3794 2.55716
60 3796 2.65359
11 3797 2.73798
25 3799 2.75037
58 3800 2.77239
53 3801 2.80968
9 3802 2.82346
63 3804 2.85019
54 3805 2.87254
44 3806 2.88066
23 3807 2.88433
4 3808 2.93706
