68 4203 0 100 121564850 1.74854 1.74854
24 4219 0 100 121529204 2.24854 2.24854
76 4201 0 100 88875948 2.34854 2.34854
7 4178 0 100 121564130 2.34854 2.34854
73 4227 0 100 121575044 2.34854 2.34854
19 4176 0 100 154249736 2.34854 2.34854
46 4243 0 100 88857552 2.44854 2.44854
42 4238 0 100 121537538 2.44854 2.44854
89 4235 0 100 121562432 2.44854 2.44854
37 4223 0 100 121568462 2.44854 2.44854
53 4245 0 100 154280008 2.44854 2.44854
33 4209 0 100 88858032 2.54854 2.54854
3 4252 0 100 154278656 2.54854 2.54854
55 4263 0 100 121571276 2.74854 2.74854
20 4189 0 100 154270264 2.74854 2.74854
72 4215 0 100 121537256 2.94854 2.94854
77 4230 0 100 121552262 2.94854 2.94854
50 4257 0 100 121561250 2.94854 2.94854
2 4234 0 100 56199274 3.04854 3.04854
81 4206 0 100 88868324 3.04854 3.04854
15 4251 0 100 88868836 3.04854 3.04854
62 4186 0 100 88869444 3.04854 3.04854
43 4256 0 100 56202882 3.14854 3.14854
41 4264 0 100 88871808 3.24854 3.24854
75 4262 0 100 154288424 3.24854 3.24854
58 4279 0 100 121534196 3.34854 3.34854
90 4258 0 100 88870336 3.44854 3.44854
86 4247 0 100 154294088 3.44854 3.44854
28 4222 0 100 154305560 3.44854 3.44854
45 4214 0 100 88848420 3.64854 3.64854
60 4170 0 100 121546736 3.64854 3.64854
13 4183 0 100 154254528 3.64854 3.64854
30 4270 0 100 154271992 3.64854 3.64854
5 4246 0 100 154283216 3.74854 3.74854
22 4207 0 100 121530062 3.84854 3.84854
64 4195 0 100 121561814 3.84854 3.84854
11 4244 0 100 88858064 3.94854 3.94854
47 4197 0 100 88861504 3.94854 3.94854
40 4172 0 100 154261104 3.94854 3.94854
48 4241 0 100 121559852 4.04854 4.04854
51 4191 0 100 154249504 4.34854 4.34854
32 4212 0 100 154266216 4.34854 4.34854
31 4250 0 100 121538846 4.44854 4.44854
61 4181 0 100 121553954 4.44854 4.44854
82 4196 0 100 88865540 4.54854 4.54854
18 4180 0 100 121536986 4.54854 4.54854
85 4198 0 100 154258320 4.54854 4.54854
27 4220 0 100 154276848 4.54854 4.54854
80 4211 0 100 121562684 4.64854 4.64854
88 4216 0 100 121567706 4.64854 4.64854
14 4253 0 100 88874212 4.74854 4.74854
57 4208 0 100 121549520 4.74854 4.74854
12 4275 0 100 121563074 4.94854 4.94854
63 4267 0 100 154294424 4.94854 4.94854
8 4199 0 100 88869280 5.04854 5.04854
17 4185 0 100 121553804 5.04854 5.04854
23 4205 0 100 154243272 5.34854 5.34854
38 4260 0 100 88866692 5.44854 5.44854
9 4237 0 100 88860344 5.54854 5.54854
52 4221 0 100 121537964 5.54854 5.54854
36 4175 0 100 154290376 5.54854 5.54854
70 4259 0 100 88862320 5.64854 5.64854
29 4190 0 100 88871424 5.64854 5.64854
44 4240 0 100 121552748 5.64854 5.64854
67 4173 0 100 56206876 5.74854 5.74854
6 4265 0 100 121560086 5.74854 5.74854
21 4213 0 100 154271448 5.74854 5.74854
65 4225 0 100 154287216 5.74854 5.74854
84 4192 0 100 121565360 6.04854 6.04854
10 4184 0 100 154263624 6.04854 6.04854
1 4174 0 100 121560710 6.14854 6.14854
78 4255 0 100 121571918 6.14854 6.14854
56 4200 0 100 121532348 6.24854 6.24854
4 4266 0 100 154259608 6.24854 6.24854
59 4218 0 100 154290184 6.24854 6.24854
39 4187 0 100 154306136 6.24854 6.24854
71 4274 0 100 56195922 6.34854 6.34854
54 4232 0 100 154258256 6.54854 6.54854
74 4226 0 100 154297344 6.54854 6.54854
79 4236 0 100 56202340 6.74854 6.74854
26 4229 0 100 88860252 6.84854 6.84854
66 4231 0 100 88864232 7.14854 7.14854
34 4248 0 100 88863324 7.34854 7.34854
69 4272 0 100 121568474 7.34854 7.34854
49 4277 0 100 88856336 7.84854 7.84854
87 4269 0 100 154269504 7.84854 7.84854
16 4271 0 100 154294344 7.84854 7.84854
