0 3500
0 3501
0 3502
0 3503
0 3504
0 3505
0 3506
0 3507
0 3508
0 3509
0 3515
0 3518
12 3517
0 3522
0 3525
0 3527
46 3524
0 3532
6 3511
0 3536
48 3533
0 3540
0 3544
29 3528
0 3547
0 3551
0 3555
27 3520
0 3558
1 3516
16 3512
0 3563
0 3567
19 3545
0 3572
0 3574
21 3535
0 3578
43 3548
0 3583
18 3577
0 3589
47 3570
15 3530
10 3549
0 3590
0 3591
38 3546
0 3592
0 3593
5 3585
0 3594
9 3569
0 3595
0 3596
45 3534
0 3597
2 3564
13 3571
50 3581
0 3598
3 3557
0 3599
39 3575
51 3542
0 3600
28 3566
52 3514
0 3601
0 3602
0 3603
23 3550
25 3562
0 3604
0 3605
0 3606
22 3537
0 3607
59 3561
0 3608
58 3521
32 3587
0 3609
24 3586
14 3523
0 3610
0 3611
0 3612
0 3613
57 3510
0 3614
4 3579
37 3573
0 3615
0 3616
60 3565
0 3617
35 3526
20 3531
0 3618
0 3619
0 3620
41 3519
36 3513
0 3621
0 3622
42 3543
8 3554
34 3529
44 3553
0 3623
11 3538
55 3584
0 3624
0 3625
49 3541
0 3626
26 3552
40 3559
0 3627
54 3539
33 3556
0 3628
30 3588
0 3629
53 3576
0 3630
56 3582
0 3631
7 3568
0 3632
0 3633
31 3560
0 3634
0 3635
0 3636
0 3637
17 3580
0 3638
0 3639
0 3640
0 3641
0 3642
0 3643
0 3644
0 3645
0 3646
0 3647
0 3648
0 3649
0 3650
0 3651
0 3652
0 3653
0 3654
0 3655
0 3656
0 3657
0 3658
0 3659
0 3660
0 3661
0 3662
0 3663
0 3664
0 3665
0 3666
0 3667
0 3668
0 3669
0 3670
0 3671
0 3672
0 3673
0 3674
0 3675
0 3676
0 3677
0 3678
0 3679
0 3680
0 3681
0 3682
0 3683
0 3684
0 3685
0 3686
0 3687
0 3688
0 3689
0 3690
0 3691
0 3692
0 3693
0 3694
0 3695
0 3696
0 3697
0 3698
0 3699
0 3700
0 3701
0 3702
0 3703
0 3704
0 3705
0 3706
0 3707
0 3708
0 3709
