4 3311 1.09606
12 3312 1.10812
37 3313 1.15925
7 3314 1.16915
40 3316 1.23636
43 3317 1.26771
21 3319 1.34308
35 3320 1.37686
3 3322 1.4286
6 3323 1.4346
1 3324 1.47408
49 3326 1.52717
44 3327 1.5313
14 3328 1.53843
10 3330 1.64601
8 3332 1.69957
17 3333 1.70553
13 3334 1.76137
46 3336 1.7991
41 3337 1.84562
38 3339 1.94611
32 3340 1.98775
39 3342 2.00693
27 3343 2.01571
47 3344 2.05677
24 3345 2.08583
23 3346 2.0859
15 3348 2.1696
29 3350 2.19737
31 3351 2.22913
20 3352 2.281
50 3353 2.28428
36 3354 2.286
11 3356 2.31929
16 3357 2.32816
9 3359 2.40099
25 3360 2.42692
5 3361 2.44746
48 3362 2.4585
18 3365 2.59675
28 3366 2.60768
33 3368 2.72815
2 3369 2.77569
42 3370 2.79117
34 3372 2.85738
22 3373 2.86364
19 3375 2.90434
30 3376 2.92047
45 3377 2.9688
26 3378 2.97899
