86 0.8 0.016 0.784
86 0.784 0.16 0.624
26 0.8 0.016 0.784
26 0.784 0.16 0.624
31 0.8 0.016 0.784
31 0.784 0.16 0.624
50 0.8 0.016 0.784
50 0.784 0.16 0.624
65 0.8 0.016 0.784
65 0.784 0.16 0.624
22 0.8 0.16 0.64
22 0.711756 0.016 0.695756
22 0.695756 0.16 0.535756
66 0.8 0.16 0.64
66 0.719808 0.016 0.703808
66 0.703808 0.16 0.543808
3 0.8 0.016 0.784
10 0.8 0.016 0.784
71 0.8 0.016 0.784
3 0.784 0.16 0.624
10 0.784 0.16 0.624
49 0.8 0.16 0.64
71 0.784 0.16 0.624
71 0.624 0.16 0.464
10 0.624 0.16 0.464
49 0.64 0.16 0.48
70 0.8 0.16 0.64
10 0.464 0.16 0.304
6 0.8 0.16 0.64
49 0.48 0.16 0.32
70 0.64 0.16 0.48
87 0.8 0.16 0.64
6 0.711268 0.016 0.695268
49 0.39143 0.016 0.37543
70 0.555194 0.016 0.539194
87 0.71976 0.016 0.70376
70 0.539194 0.16 0.379194
6 0.695268 0.16 0.535268
49 0.37543 0.16 0.21543
87 0.70376 0.16 0.54376
87 0.54376 0.16 0.38376
49 0.21543 0.16 0.0554297
87 0.38376 0.16 0.22376
15 0.8 0.016 0.784
79 0.8 0.016 0.784
79 0.784 0.16 0.624
15 0.784 0.16 0.624
15 0.624 0.16 0.464
48 0.8 0.16 0.64
48 0.711801 0.016 0.695801
48 0.695801 0.16 0.535801
69 0.8 0.16 0.64
69 0.712458 0.016 0.696458
73 0.8 0.016 0.784
81 0.8 0.016 0.784
69 0.696458 0.16 0.536458
73 0.784 0.16 0.624
81 0.784 0.16 0.624
73 0.624 0.16 0.464
2 0.8 0.16 0.64
38 0.8 0.16 0.64
51 0.8 0.16 0.64
75 0.8 0.16 0.64
2 0.712983 0.016 0.696983
51 0.712766 0.016 0.696766
75 0.714923 0.016 0.698923
2 0.696983 0.16 0.536983
51 0.696766 0.16 0.536766
38 0.71769 0.16 0.55769
75 0.698923 0.16 0.538923
77 0.8 0.16 0.64
78 0.8 0.16 0.64
38 0.55769 0.16 0.39769
75 0.538923 0.16 0.378923
78 0.64 0.16 0.48
75 0.378923 0.16 0.218923
38 0.39769 0.16 0.23769
77 0.64 0.16 0.48
78 0.48 0.16 0.32
38 0.316047 0.016 0.300047
77 0.555625 0.016 0.539625
78 0.393928 0.016 0.377928
38 0.300047 0.16 0.140047
78 0.377928 0.16 0.217928
77 0.539625 0.16 0.379625
77 0.379625 0.16 0.219625
77 0.219625 0.16 0.0596248
7 0.8 0.016 0.784
20 0.8 0.016 0.784
33 0.8 0.016 0.784
35 0.8 0.016 0.784
7 0.784 0.16 0.624
35 0.784 0.16 0.624
20 0.784 0.16 0.624
33 0.784 0.16 0.624
63 0.8 0.16 0.64
20 0.624 0.16 0.464
33 0.624 0.16 0.464
63 0.64 0.16 0.48
33 0.464 0.16 0.304
20 0.464 0.16 0.304
57 0.8 0.16 0.64
63 0.48 0.16 0.32
85 0.8 0.16 0.64
90 0.8 0.16 0.64
57 0.64 0.16 0.48
63 0.32 0.16 0.16
85 0.64 0.16 0.48
90 0.64 0.16 0.48
63 0.234579 0.016 0.218579
85 0.55541 0.016 0.53941
90 0.550863 0.016 0.534863
63 0.218579 0.16 0.058579
90 0.534863 0.16 0.374863
57 0.555795 0.16 0.395795
85 0.53941 0.16 0.37941
91 0.8 0.16 0.64
23 0.8 0.16 0.64
46 0.8 0.16 0.64
57 0.395795 0.16 0.235795
85 0.37941 0.16 0.21941
91 0.64 0.16 0.48
85 0.21941 0.16 0.0594101
23 0.64 0.16 0.48
46 0.64 0.16 0.48
57 0.235795 0.16 0.0757951
91 0.48 0.16 0.32
23 0.553083 0.016 0.537083
46 0.553759 0.016 0.537759
57 0.154596 0.016 0.138596
91 0.393908 0.016 0.377908
91 0.377908 0.16 0.217908
23 0.537083 0.16 0.377083
46 0.537759 0.16 0.377759
53 0.8 0.16 0.64
57 0.138596 0.16 -0.0214037
23 0.377083 0.16 0.217083
30 0.8 0.16 0.64
46 0.377759 0.16 0.217759
53 0.64 0.16 0.48
57 0 0.16 -0.16
46 0.217759 0.16 0.0577592
30 0.64 0.16 0.48
53 0.48 0.16 0.32
57 0 0.16 -0.16
30 0.558661 0.016 0.542661
53 0.399238 0.016 0.383238
57 0.073182 0.016 0.057182
53 0.383238 0.16 0.223238
11 0.8 0.16 0.64
30 0.542661 0.16 0.382661
30 0.382661 0.16 0.222661
11 0.64 0.16 0.48
11 0.552955 0.016 0.536955
29 0.8 0.016 0.784
11 0.536955 0.16 0.376955
29 0.784 0.16 0.624
29 0.624 0.16 0.464
19 0.8 0.016 0.784
93 0.8 0.016 0.784
93 0.784 0.16 0.624
19 0.784 0.16 0.624
34 0.8 0.16 0.64
72 0.8 0.16 0.64
19 0.624 0.16 0.464
34 0.714421 0.016 0.698421
72 0.717262 0.016 0.701262
57 0.356177 0.16 0.196177
34 0.698421 0.16 0.538421
4 0.8 0.16 0.64
28 0.8 0.16 0.64
64 0.8 0.16 0.64
72 0.701262 0.16 0.541262
95 0.8 0.16 0.64
72 0.541262 0.16 0.381262
4 0.64 0.16 0.48
28 0.64 0.16 0.48
54 0.8 0.16 0.64
56 0.8 0.16 0.64
64 0.64 0.16 0.48
95 0.64 0.16 0.48
4 0.552188 0.016 0.536188
28 0.559091 0.016 0.543091
54 0.719115 0.016 0.703115
56 0.711905 0.016 0.695905
64 0.554361 0.016 0.538361
95 0.556652 0.016 0.540652
64 0.538361 0.16 0.378361
4 0.536188 0.16 0.376188
28 0.543091 0.16 0.383091
54 0.703115 0.16 0.543115
56 0.695905 0.16 0.535905
95 0.540652 0.16 0.380652
28 0.383091 0.16 0.223091
54 0.543115 0.16 0.383115
56 0.535905 0.16 0.375905
95 0.380652 0.16 0.220652
28 0.223091 0.16 0.0630906
57 0.274918 0.16 0.114918
56 0.375905 0.16 0.215905
95 0.220652 0.16 0.0606516
54 0.383115 0.16 0.223115
54 0.223115 0.16 0.0631147
54 0.0631147 0.16 -0.0968853
54 0.0773578 0.016 0.0613578
62 0.8 0.016 0.784
94 0.8 0.016 0.784
98 0.8 0.016 0.784
62 0.784 0.16 0.624
94 0.784 0.16 0.624
98 0.784 0.16 0.624
98 0.624 0.16 0.464
98 0.464 0.16 0.304
99 0.8 0.016 0.784
99 0.784 0.16 0.624
42 0.8 0.16 0.64
74 0.8 0.16 0.64
25 0.8 0.016 0.784
42 0.719946 0.016 0.703946
52 0.8 0.016 0.784
74 0.715995 0.016 0.699995
42 0.703946 0.16 0.543946
25 0.784 0.16 0.624
52 0.784 0.16 0.624
74 0.699995 0.16 0.539995
74 0.539995 0.16 0.379995
52 0.624 0.16 0.464
25 0.624 0.16 0.464
25 0.464 0.16 0.304
100 0.8 0.16 0.64
54 0.36374 0.16 0.20374
25 0.304 0.16 0.144
100 0.64 0.16 0.48
100 0.551003 0.016 0.535003
54 0.27627 0.16 0.11627
100 0.535003 0.16 0.375003
8 0.8 0.016 0.784
27 0.8 0.016 0.784
58 0.8 0.016 0.784
27 0.784 0.16 0.624
8 0.784 0.16 0.624
47 0.8 0.16 0.64
58 0.784 0.16 0.624
58 0.624 0.16 0.464
8 0.624 0.16 0.464
8 0.464 0.16 0.304
47 0.719042 0.016 0.703042
47 0.703042 0.16 0.543042
83 0.8 0.016 0.784
89 0.8 0.016 0.784
83 0.784 0.16 0.624
89 0.784 0.16 0.624
76 0.8 0.16 0.64
76 0.64 0.16 0.48
32 0.8 0.016 0.784
76 0.558531 0.016 0.542531
88 0.8 0.016 0.784
92 0.8 0.016 0.784
76 0.542531 0.16 0.382531
32 0.784 0.16 0.624
43 0.8 0.16 0.64
88 0.784 0.16 0.624
92 0.784 0.16 0.624
32 0.624 0.16 0.464
1 0.8 0.16 0.64
43 0.64 0.16 0.48
88 0.624 0.16 0.464
92 0.624 0.16 0.464
92 0.464 0.16 0.304
88 0.464 0.16 0.304
1 0.64 0.16 0.48
43 0.48 0.16 0.32
1 0.48 0.16 0.32
43 0.32 0.16 0.16
1 0.39624 0.016 0.38024
43 0.239663 0.016 0.223663
43 0.223663 0.16 0.0636633
1 0.38024 0.16 0.22024
17 0.8 0.16 0.64
41 0.8 0.16 0.64
17 0.718391 0.016 0.702391
41 0.719767 0.016 0.703767
17 0.702391 0.16 0.542391
40 0.8 0.16 0.64
41 0.703767 0.16 0.543767
41 0.543767 0.16 0.383767
40 0.64 0.16 0.48
40 0.555188 0.016 0.539188
40 0.539188 0.16 0.379188
9 0.8 0.016 0.784
9 0.784 0.16 0.624
44 0.8 0.16 0.64
61 0.8 0.16 0.64
44 0.713344 0.016 0.697344
61 0.714967 0.016 0.698967
61 0.698967 0.16 0.538967
44 0.697344 0.16 0.537344
44 0.537344 0.16 0.377344
24 0.8 0.16 0.64
24 0.71195 0.016 0.69595
24 0.69595 0.16 0.53595
59 0.8 0.16 0.64
67 0.8 0.16 0.64
59 0.71977 0.016 0.70377
67 0.717856 0.016 0.701856
59 0.70377 0.16 0.54377
67 0.701856 0.16 0.541856
97 0.8 0.16 0.64
97 0.64 0.16 0.48
12 0.8 0.016 0.784
97 0.551774 0.016 0.535774
97 0.535774 0.16 0.375774
12 0.784 0.16 0.624
12 0.624 0.16 0.464
5 0.8 0.16 0.64
80 0.8 0.16 0.64
5 0.719408 0.016 0.703408
13 0.8 0.016 0.784
39 0.8 0.016 0.784
39 0.784 0.16 0.624
5 0.703408 0.16 0.543408
13 0.784 0.16 0.624
45 0.8 0.16 0.64
80 0.712715 0.16 0.552715
5 0.543408 0.16 0.383408
13 0.624 0.16 0.464
45 0.64 0.16 0.48
80 0.552715 0.16 0.392715
45 0.48 0.16 0.32
55 0.8 0.16 0.64
80 0.392715 0.16 0.232715
45 0.399357 0.016 0.383357
55 0.713536 0.016 0.697536
80 0.307432 0.016 0.291432
80 0.291432 0.16 0.131432
45 0.383357 0.16 0.223357
45 0.223357 0.16 0.063357
55 0.697536 0.16 0.537536
55 0.537536 0.16 0.377536
14 0.8 0.016 0.784
21 0.8 0.016 0.784
21 0.784 0.16 0.624
14 0.784 0.16 0.624
68 0.8 0.16 0.64
14 0.624 0.16 0.464
68 0.718688 0.016 0.702688
68 0.702688 0.16 0.542688
36 0.8 0.16 0.64
18 0.8 0.016 0.784
36 0.716024 0.016 0.700024
60 0.8 0.016 0.784
36 0.700024 0.16 0.540024
16 0.8 0.16 0.64
18 0.784 0.16 0.624
60 0.784 0.16 0.624
18 0.624 0.16 0.464
60 0.624 0.16 0.464
16 0.64 0.16 0.48
96 0.8 0.16 0.64
16 0.48 0.16 0.32
84 0.8 0.16 0.64
96 0.64 0.16 0.48
16 0.395693 0.016 0.379693
96 0.55868 0.016 0.54268
96 0.54268 0.16 0.38268
16 0.379693 0.16 0.219693
84 0.712028 0.16 0.552028
84 0.552028 0.16 0.392028
84 0.471428 0.016 0.455428
84 0.455428 0.16 0.295428
82 0.8 0.016 0.784
82 0.784 0.16 0.624
37 0.8 0.016 0.784
37 0.784 0.16 0.624
