60 4170 1.02896
40 4172 1.05202
67 4173 1.05765
1 4174 1.08616
36 4175 1.08835
19 4176 1.08984
7 4178 1.18464
35 4179 1.20658
18 4180 1.23507
61 4181 1.23762
13 4183 1.25142
10 4184 1.29143
17 4185 1.3172
62 4186 1.3226
39 4187 1.34243
20 4189 1.36952
29 4190 1.40512
51 4191 1.44039
84 4192 1.44662
83 4194 1.45446
64 4195 1.46901
82 4196 1.48807
47 4197 1.4968
85 4198 1.49812
8 4199 1.50216
56 4200 1.50698
76 4201 1.54598
68 4203 1.64345
23 4205 1.65238
81 4206 1.67054
22 4207 1.68407
57 4208 1.70454
33 4209 1.73668
80 4211 1.75598
32 4212 1.77814
21 4213 1.8183
45 4214 1.82332
72 4215 1.84057
88 4216 1.84222
59 4218 1.85461
24 4219 1.87392
27 4220 1.9015
52 4221 1.9041
28 4222 1.91979
37 4223 1.92852
65 4225 1.96376
74 4226 1.9983
73 4227 2.00906
26 4229 2.05631
77 4230 2.10142
66 4231 2.11451
54 4232 2.13874
2 4234 2.16
89 4235 2.18075
79 4236 2.1821
9 4237 2.1919
42 4238 2.22712
44 4240 2.28316
48 4241 2.32819
46 4243 2.35128
11 4244 2.37308
53 4245 2.37964
5 4246 2.38057
86 4247 2.39026
34 4248 2.39838
31 4250 2.45418
15 4251 2.46216
3 4252 2.51679
14 4253 2.53473
78 4255 2.55471
43 4256 2.58182
50 4257 2.60117
90 4258 2.61541
70 4259 2.63191
38 4260 2.63727
75 4262 2.69275
55 4263 2.69799
41 4264 2.72046
6 4265 2.722
4 4266 2.73461
63 4267 2.74123
87 4269 2.75367
30 4270 2.80791
16 4271 2.81183
69 4272 2.81282
71 4274 2.85146
12 4275 2.86439
25 4276 2.87453
49 4277 2.90519
58 4279 2.96063
