35 3320 0 100 121550084 2.29593 2.29593
5 3361 0 100 121527482 2.69593 2.69593
37 3313 0 100 56207132 2.79593 2.79593
1 3324 0 100 121561244 2.79593 2.79593
20 3352 0 100 154289632 2.79593 2.79593
24 3345 0 100 154293872 2.79593 2.79593
27 3343 0 100 88873948 2.89593 2.89593
48 3362 0 100 88867100 3.19593 3.19593
33 3368 0 100 88848012 3.39593 3.39593
42 3370 0 100 88859608 3.39593 3.39593
21 3319 0 100 88858120 3.69593 3.69593
49 3326 0 100 88868228 3.79593 3.79593
3 3322 0 100 121528970 3.79593 3.79593
25 3360 0 100 121537316 3.99593 3.99593
13 3334 0 100 121575146 3.99593 3.99593
23 3346 0 100 121563062 4.09593 4.09593
40 3316 0 100 56200098 4.19593 4.19593
9 3359 0 100 121532150 4.19593 4.19593
43 3317 0 100 121548968 4.19593 4.19593
12 3312 0 100 121562306 4.19593 4.19593
30 3376 0 100 121562696 4.29593 4.29593
17 3333 0 100 154252272 4.39593 4.39593
32 3340 0 100 121567178 4.59593 4.59593
38 3339 0 100 154267904 4.89593 4.89593
2 3369 0 100 154263248 4.99593 4.99593
44 3327 0 100 154278440 4.99593 4.99593
11 3356 0 100 121551860 5.29593 5.29593
6 3323 0 100 121572110 5.29593 5.29593
47 3344 0 100 88849644 5.49593 5.49593
46 3336 0 100 154247568 5.49593 5.49593
14 3328 0 100 88845636 5.59593 5.59593
22 3373 0 100 121530032 5.59593 5.59593
50 3353 0 100 121569344 5.69593 5.69593
18 3365 0 100 88864288 5.79593 5.79593
7 3314 0 100 154288832 5.79593 5.79593
39 3342 0 100 121537160 6.09593 6.09593
10 3330 0 100 121559858 6.19593 6.19593
45 3377 0 100 121538720 6.29593 6.29593
4 3311 0 100 154258840 6.29593 6.29593
19 3375 0 100 88869236 6.39593 6.39593
15 3348 0 100 121542950 6.59593 6.59593
28 3366 0 100 154257624 6.59593 6.59593
31 3351 0 100 121556450 6.69593 6.69593
29 3350 0 100 154305936 6.69593 6.69593
41 3337 0 100 88865100 6.79593 6.79593
36 3354 0 100 121547096 6.79593 6.79593
8 3332 0 100 121569842 6.89593 6.89593
16 3357 0 100 88863540 7.09593 7.09593
34 3372 0 100 121572746 7.19593 7.19593
26 3378 0 100 121564724 7.29593 7.29593
