57 3946 0 100 121530602 1.23263 1.23263
12 3960 0 100 121541324 1.43263 1.43263
28 3941 0 100 121544570 1.73263 1.73263
45 3974 0 100 154300592 2.03263 2.03263
14 4000 0 100 88855868 2.23263 2.23263
23 3955 0 100 121564676 2.43263 2.43263
3 3948 0 100 154272992 2.53263 2.53263
56 3984 0 100 154294504 2.53263 2.53263
65 3988 0 100 88858260 2.63263 2.63263
60 3963 0 100 88861008 2.63263 2.63263
31 3956 0 100 121542452 2.63263 2.63263
9 4002 0 100 121550528 2.63263 2.63263
1 3942 0 100 121529384 2.73263 2.73263
18 3973 0 100 154255208 2.83263 2.83263
78 3979 0 100 88858184 2.93263 2.93263
62 3990 0 100 88866460 3.03263 3.03263
69 3989 0 100 154288696 3.23263 3.23263
43 4003 0 100 56207060 3.33263 3.33263
44 3981 0 100 88848256 3.33263 3.33263
16 3953 0 100 88867936 3.33263 3.33263
46 4019 0 100 121536950 3.33263 3.33263
55 4023 0 100 88863840 3.43263 3.43263
63 3982 0 100 154285256 3.43263 3.43263
58 4034 0 100 88857964 3.53263 3.53263
61 4029 0 100 121562378 3.53263 3.53263
26 4020 0 100 88855976 3.73263 3.73263
38 3971 0 100 121546040 3.73263 3.73263
35 4037 0 100 154254840 3.73263 3.73263
76 3954 0 100 121554452 3.83263 3.83263
13 3964 0 100 154280048 3.83263 3.83263
42 4016 0 100 56207582 3.93263 3.93263
20 3969 0 100 121547006 3.93263 3.93263
47 3995 0 100 121569884 3.93263 3.93263
53 3957 0 100 88875556 4.03263 4.03263
6 4024 0 100 154287424 4.13263 4.13263
49 3944 0 100 88862068 4.33263 4.33263
19 4013 0 100 88859228 4.43263 4.43263
22 3993 0 100 121531910 4.43263 4.43263
39 3975 0 100 154289112 4.43263 4.43263
51 4015 0 100 88846224 4.63263 4.63263
10 3967 0 100 121560116 4.63263 4.63263
73 3970 0 100 56203464 4.73263 4.73263
33 3943 0 100 88866696 4.73263 4.73263
4 3980 0 100 121527596 4.83263 4.83263
68 3987 0 100 121542638 4.83263 4.83263
5 4022 0 100 154306128 4.83263 4.83263
71 4033 0 100 88869260 4.93263 4.93263
67 3997 0 100 121532426 5.03263 5.03263
48 4014 0 100 154261920 5.03263 5.03263
40 3945 0 100 154267112 5.33263 5.33263
32 3976 0 100 154304208 5.33263 5.33263
54 4026 0 100 154280928 5.63263 5.63263
66 4030 0 100 88853104 5.73263 5.73263
30 3952 0 100 121540352 5.73263 5.73263
29 3996 0 100 121549706 5.73263 5.73263
75 4011 0 100 121564202 5.73263 5.73263
7 3985 0 100 121565504 5.73263 5.73263
70 3949 0 100 121564730 5.83263 5.83263
2 4018 0 100 154273384 5.83263 5.83263
11 4007 0 100 121531994 6.03263 6.03263
34 3972 0 100 121542056 6.13263 6.13263
17 4028 0 100 121554482 6.13263 6.13263
36 4025 0 100 88860088 6.23263 6.23263
25 3998 0 100 154295520 6.23263 6.23263
21 4031 0 100 88850312 6.33263 6.33263
64 3991 0 100 88866648 6.33263 6.33263
8 4010 0 100 121555016 6.43263 6.43263
50 3992 0 100 121563944 6.43263 6.43263
27 4035 0 100 121540268 6.53263 6.53263
52 3965 0 100 154279216 6.53263 6.53263
59 3999 0 100 56203244 6.93263 6.93263
72 4039 0 100 88865548 7.13263 7.13263
24 4032 0 100 88872644 7.23263 7.23263
80 4038 0 100 121535930 7.33263 7.33263
15 4009 0 100 121567754 7.33263 7.33263
