14 0.8 0.016 0.784
27 0.8 0.016 0.784
14 0.784 0.16 0.624
27 0.784 0.16 0.624
27 0.624 0.16 0.464
9 0.8 0.016 0.784
37 0.8 0.016 0.784
9 0.784 0.16 0.624
13 0.8 0.16 0.64
23 0.8 0.16 0.64
37 0.784 0.16 0.624
37 0.624 0.16 0.464
13 0.64 0.16 0.48
23 0.64 0.16 0.48
35 0.8 0.16 0.64
13 0.553987 0.016 0.537987
23 0.558593 0.016 0.542593
35 0.718312 0.016 0.702312
40 0.8 0.016 0.784
23 0.542593 0.16 0.382593
13 0.537987 0.16 0.377987
35 0.702312 0.16 0.542312
40 0.784 0.16 0.624
13 0.377987 0.16 0.217987
35 0.542312 0.16 0.382312
40 0.624 0.16 0.464
40 0.464 0.16 0.304
35 0.382312 0.16 0.222312
1 0.8 0.016 0.784
24 0.8 0.016 0.784
1 0.784 0.16 0.624
24 0.784 0.16 0.624
24 0.624 0.16 0.464
17 0.8 0.016 0.784
19 0.8 0.016 0.784
38 0.8 0.016 0.784
38 0.784 0.16 0.624
17 0.784 0.16 0.624
19 0.784 0.16 0.624
17 0.624 0.16 0.464
19 0.624 0.16 0.464
34 0.8 0.16 0.64
18 0.8 0.16 0.64
34 0.64 0.16 0.48
18 0.712539 0.016 0.696539
34 0.559571 0.016 0.543571
34 0.543571 0.16 0.383571
18 0.696539 0.16 0.536539
28 0.8 0.016 0.784
28 0.784 0.16 0.624
26 0.8 0.016 0.784
26 0.784 0.16 0.624
7 0.8 0.16 0.64
7 0.7133 0.016 0.6973
7 0.6973 0.16 0.5373
29 0.8 0.016 0.784
31 0.8 0.016 0.784
31 0.784 0.16 0.624
12 0.8 0.16 0.64
29 0.784 0.16 0.624
29 0.624 0.16 0.464
12 0.64 0.16 0.48
12 0.558899 0.016 0.542899
12 0.542899 0.16 0.382899
8 0.8 0.016 0.784
8 0.784 0.16 0.624
25 0.8 0.16 0.64
25 0.717355 0.016 0.701355
25 0.701355 0.16 0.541355
33 0.8 0.016 0.784
33 0.784 0.16 0.624
3 0.8 0.16 0.64
16 0.8 0.16 0.64
3 0.710774 0.016 0.694774
16 0.71447 0.016 0.69847
16 0.69847 0.16 0.53847
3 0.694774 0.16 0.534774
3 0.534774 0.16 0.374774
6 0.8 0.016 0.784
20 0.8 0.016 0.784
20 0.784 0.16 0.624
6 0.784 0.16 0.624
5 0.8 0.016 0.784
5 0.784 0.16 0.624
21 0.8 0.16 0.64
21 0.712141 0.016 0.696141
21 0.696141 0.16 0.536141
32 0.8 0.016 0.784
32 0.784 0.16 0.624
4 0.8 0.016 0.784
15 0.8 0.016 0.784
22 0.8 0.016 0.784
22 0.784 0.16 0.624
4 0.784 0.16 0.624
11 0.8 0.16 0.64
15 0.784 0.16 0.624
15 0.624 0.16 0.464
4 0.624 0.16 0.464
11 0.64 0.16 0.48
4 0.464 0.16 0.304
11 0.555379 0.016 0.539379
11 0.539379 0.16 0.379379
36 0.8 0.016 0.784
36 0.784 0.16 0.624
30 0.8 0.16 0.64
30 0.714329 0.016 0.698329
30 0.698329 0.16 0.538329
2 0.8 0.016 0.784
2 0.784 0.16 0.624
39 0.8 0.016 0.784
39 0.784 0.16 0.624
10 0.8 0.16 0.64
10 0.717454 0.016 0.701454
10 0.701454 0.16 0.541454
