68 0.8 0.016 0.784
68 0.784 0.16 0.624
24 0.8 0.016 0.784
24 0.784 0.16 0.624
76 0.8 0.16 0.64
7 0.8 0.016 0.784
19 0.8 0.016 0.784
73 0.8 0.016 0.784
76 0.711794 0.016 0.695794
76 0.695794 0.16 0.535794
7 0.784 0.16 0.624
19 0.784 0.16 0.624
73 0.784 0.16 0.624
7 0.624 0.16 0.464
73 0.624 0.16 0.464
19 0.624 0.16 0.464
37 0.8 0.16 0.64
42 0.8 0.16 0.64
89 0.8 0.16 0.64
19 0.464 0.16 0.304
37 0.64 0.16 0.48
42 0.64 0.16 0.48
89 0.64 0.16 0.48
19 0.304 0.16 0.144
37 0.48 0.16 0.32
42 0.48 0.16 0.32
89 0.48 0.16 0.32
37 0.391328 0.016 0.375328
42 0.395366 0.016 0.379366
46 0.8 0.016 0.784
53 0.8 0.016 0.784
89 0.399988 0.016 0.383988
46 0.784 0.16 0.624
37 0.375328 0.16 0.215328
42 0.379366 0.16 0.219366
53 0.784 0.16 0.624
89 0.383988 0.16 0.223988
42 0.219366 0.16 0.0593658
89 0.223988 0.16 0.0639882
37 0.215328 0.16 0.0553279
33 0.8 0.16 0.64
33 0.64 0.16 0.48
33 0.48 0.16 0.32
53 0.624 0.16 0.464
3 0.8 0.016 0.784
33 0.390674 0.016 0.374674
33 0.374674 0.16 0.214674
3 0.784 0.16 0.624
20 0.8 0.016 0.784
55 0.8 0.016 0.784
55 0.784 0.16 0.624
20 0.784 0.16 0.624
20 0.624 0.16 0.464
50 0.8 0.016 0.784
72 0.8 0.016 0.784
77 0.8 0.016 0.784
72 0.784 0.16 0.624
77 0.784 0.16 0.624
50 0.784 0.16 0.624
2 0.8 0.16 0.64
62 0.8 0.16 0.64
81 0.8 0.16 0.64
2 0.64 0.16 0.48
15 0.8 0.16 0.64
62 0.64 0.16 0.48
81 0.64 0.16 0.48
81 0.48 0.16 0.32
2 0.550441 0.016 0.534441
15 0.713868 0.016 0.697868
62 0.551871 0.016 0.535871
81 0.393117 0.016 0.377117
2 0.534441 0.16 0.374441
15 0.697868 0.16 0.537868
35 0.8 0.16 0.64
43 0.8 0.16 0.64
62 0.535871 0.16 0.375871
81 0.377117 0.16 0.217117
81 0.217117 0.16 0.0571167
15 0.537868 0.16 0.377868
62 0.375871 0.16 0.215871
35 0.64 0.16 0.48
43 0.64 0.16 0.48
35 0.48 0.16 0.32
43 0.48 0.16 0.32
35 0.32 0.16 0.16
43 0.32 0.16 0.16
35 0.230399 0.016 0.214399
43 0.234589 0.016 0.218589
43 0.218589 0.16 0.0585891
35 0.214399 0.16 0.0543989
35 0.131526 0.016 0.115526
41 0.8 0.016 0.784
75 0.8 0.016 0.784
41 0.784 0.16 0.624
35 0.115526 0.16 -0.0444735
58 0.8 0.16 0.64
75 0.784 0.16 0.624
75 0.624 0.16 0.464
58 0.64 0.16 0.48
58 0.550692 0.016 0.534692
58 0.534692 0.16 0.374692
90 0.8 0.16 0.64
28 0.8 0.016 0.784
86 0.8 0.016 0.784
90 0.712338 0.016 0.696338
90 0.696338 0.16 0.536338
28 0.784 0.16 0.624
86 0.784 0.16 0.624
86 0.624 0.16 0.464
28 0.624 0.16 0.464
60 0.8 0.16 0.64
60 0.64 0.16 0.48
13 0.8 0.016 0.784
30 0.8 0.016 0.784
45 0.8 0.016 0.784
60 0.623076 0.016 0.607076
45 0.784 0.16 0.624
35 0.307971 0.16 0.147971
13 0.784 0.16 0.624
30 0.784 0.16 0.624
60 0.607076 0.16 0.447076
60 0.447076 0.16 0.287076
13 0.624 0.16 0.464
30 0.624 0.16 0.464
13 0.464 0.16 0.304
30 0.464 0.16 0.304
5 0.8 0.16 0.64
5 0.64 0.16 0.48
5 0.551245 0.016 0.535245
35 0.219329 0.16 0.0593288
5 0.535245 0.16 0.375245
22 0.8 0.16 0.64
64 0.8 0.16 0.64
22 0.710846 0.016 0.694846
64 0.715181 0.016 0.699181
22 0.694846 0.16 0.534846
64 0.699181 0.16 0.539181
11 0.8 0.16 0.64
47 0.8 0.16 0.64
11 0.64 0.16 0.48
47 0.64 0.16 0.48
11 0.55753 0.016 0.54153
40 0.8 0.016 0.784
47 0.553968 0.016 0.537968
11 0.54153 0.16 0.38153
47 0.537968 0.16 0.377968
40 0.784 0.16 0.624
40 0.624 0.16 0.464
40 0.464 0.16 0.304
48 0.8 0.16 0.64
48 0.718056 0.016 0.702056
48 0.702056 0.16 0.542056
32 0.8 0.016 0.784
51 0.8 0.016 0.784
51 0.784 0.16 0.624
32 0.784 0.16 0.624
31 0.8 0.16 0.64
61 0.8 0.16 0.64
31 0.64 0.16 0.48
61 0.64 0.16 0.48
31 0.557546 0.016 0.541546
61 0.552288 0.016 0.536288
31 0.541546 0.16 0.381546
61 0.536288 0.16 0.376288
82 0.8 0.16 0.64
18 0.8 0.016 0.784
27 0.8 0.016 0.784
82 0.713309 0.016 0.697309
85 0.8 0.016 0.784
82 0.697309 0.16 0.537309
18 0.784 0.16 0.624
27 0.784 0.16 0.624
85 0.784 0.16 0.624
88 0.8 0.16 0.64
18 0.624 0.16 0.464
25 0.8 0.16 0.64
27 0.624 0.16 0.464
80 0.8 0.16 0.64
85 0.624 0.16 0.464
88 0.64 0.16 0.48
85 0.464 0.16 0.304
27 0.464 0.16 0.304
25 0.64 0.16 0.48
80 0.64 0.16 0.48
88 0.48 0.16 0.32
25 0.48 0.16 0.32
88 0.32 0.16 0.16
25 0.390565 0.016 0.374565
80 0.554891 0.016 0.538891
88 0.234562 0.016 0.218562
80 0.538891 0.16 0.378891
88 0.218562 0.16 0.0585616
14 0.8 0.16 0.64
25 0.374565 0.16 0.214565
57 0.8 0.16 0.64
25 0.214565 0.16 0.0545651
14 0.711351 0.016 0.695351
25 0.124914 0.016 0.108914
57 0.714266 0.016 0.698266
14 0.695351 0.16 0.535351
25 0.108914 0.16 -0.0510856
57 0.698266 0.16 0.538266
57 0.538266 0.16 0.378266
25 0 0.16 -0.16
12 0.8 0.016 0.784
63 0.8 0.016 0.784
12 0.784 0.16 0.624
8 0.8 0.16 0.64
17 0.8 0.16 0.64
63 0.784 0.16 0.624
63 0.624 0.16 0.464
8 0.64 0.16 0.48
17 0.64 0.16 0.48
8 0.556049 0.016 0.540049
17 0.551632 0.016 0.535632
8 0.540049 0.16 0.380049
17 0.535632 0.16 0.375632
17 0.375632 0.16 0.215632
25 0.300185 0.16 0.140185
25 0.215724 0.16 0.0557238
23 0.8 0.016 0.784
23 0.784 0.16 0.624
38 0.8 0.16 0.64
38 0.714974 0.016 0.698974
38 0.698974 0.16 0.538974
9 0.8 0.16 0.64
52 0.8 0.16 0.64
9 0.71896 0.016 0.70296
36 0.8 0.016 0.784
52 0.719923 0.016 0.703923
9 0.70296 0.16 0.54296
29 0.8 0.16 0.64
36 0.784 0.16 0.624
52 0.703923 0.16 0.543923
70 0.8 0.16 0.64
52 0.543923 0.16 0.383923
36 0.624 0.16 0.464
70 0.64 0.16 0.48
36 0.464 0.16 0.304
29 0.64 0.16 0.48
44 0.8 0.16 0.64
70 0.48 0.16 0.32
83 0.8 0.16 0.64
29 0.551324 0.016 0.535324
44 0.717736 0.016 0.701736
70 0.394526 0.016 0.378526
70 0.378526 0.16 0.218526
29 0.535324 0.16 0.375324
44 0.701736 0.16 0.541736
67 0.8 0.16 0.64
83 0.712076 0.16 0.552076
44 0.541736 0.16 0.381736
67 0.64 0.16 0.48
83 0.552076 0.16 0.392076
44 0.381736 0.16 0.221736
6 0.8 0.16 0.64
65 0.8 0.16 0.64
67 0.48 0.16 0.32
83 0.392076 0.16 0.232076
6 0.713693 0.016 0.697693
21 0.8 0.016 0.784
65 0.712329 0.016 0.696329
67 0.397792 0.016 0.381792
83 0.303718 0.016 0.287718
67 0.381792 0.16 0.221792
6 0.697693 0.16 0.537693
21 0.784 0.16 0.624
65 0.696329 0.16 0.536329
83 0.287718 0.16 0.127718
6 0.537693 0.16 0.377693
21 0.624 0.16 0.464
65 0.536329 0.16 0.376329
83 0.127718 0.16 -0.0322821
21 0.464 0.16 0.304
65 0.376329 0.16 0.216329
83 0 0.16 -0.16
83 0 0.16 -0.16
83 0.0700604 0.016 0.0540604
10 0.8 0.016 0.784
84 0.8 0.016 0.784
84 0.784 0.16 0.624
1 0.8 0.16 0.64
10 0.784 0.16 0.624
10 0.624 0.16 0.464
1 0.64 0.16 0.48
1 0.556282 0.016 0.540282
78 0.8 0.016 0.784
1 0.540282 0.16 0.380282
78 0.784 0.16 0.624
4 0.8 0.16 0.64
56 0.8 0.16 0.64
4 0.712609 0.016 0.696609
39 0.8 0.016 0.784
56 0.719426 0.016 0.703426
59 0.8 0.016 0.784
56 0.703426 0.16 0.543426
4 0.696609 0.16 0.536609
39 0.784 0.16 0.624
59 0.784 0.16 0.624
71 0.8 0.16 0.64
4 0.536609 0.16 0.376609
83 0.359988 0.16 0.199988
59 0.624 0.16 0.464
39 0.624 0.16 0.464
71 0.64 0.16 0.48
71 0.48 0.16 0.32
71 0.32 0.16 0.16
71 0.236241 0.016 0.220241
71 0.220241 0.16 0.0602405
83 0.277991 0.16 0.117991
54 0.8 0.016 0.784
74 0.8 0.016 0.784
54 0.784 0.16 0.624
74 0.784 0.16 0.624
79 0.8 0.16 0.64
79 0.788888 0.016 0.772888
79 0.772888 0.16 0.612888
26 0.8 0.016 0.784
26 0.784 0.16 0.624
66 0.8 0.016 0.784
66 0.784 0.16 0.624
34 0.8 0.016 0.784
69 0.8 0.016 0.784
34 0.784 0.16 0.624
69 0.784 0.16 0.624
69 0.624 0.16 0.464
16 0.8 0.016 0.784
49 0.8 0.016 0.784
87 0.8 0.016 0.784
49 0.784 0.16 0.624
16 0.784 0.16 0.624
87 0.784 0.16 0.624
87 0.624 0.16 0.464
16 0.624 0.16 0.464
