28 3941 1.04668
1 3942 1.0628
33 3943 1.06594
49 3944 1.08054
40 3945 1.10904
57 3946 1.11493
3 3948 1.15364
70 3949 1.20869
77 3950 1.21523
30 3952 1.23534
16 3953 1.23778
76 3954 1.2389
23 3955 1.25629
31 3956 1.30082
53 3957 1.30422
41 3958 1.30531
12 3960 1.42234
60 3963 1.53564
13 3964 1.59316
52 3965 1.6026
10 3967 1.69086
20 3969 1.7542
73 3970 1.76506
38 3971 1.77838
34 3972 1.78627
18 3973 1.79095
45 3974 1.80632
39 3975 1.81808
32 3976 1.82226
37 3978 1.85675
78 3979 1.89982
4 3980 1.90918
44 3981 1.91189
63 3982 1.9246
56 3984 1.95751
7 3985 2.03248
68 3987 2.03432
65 3988 2.04967
69 3989 2.09684
62 3990 2.09751
64 3991 2.10399
50 3992 2.10851
22 3993 2.11622
47 3995 2.13447
29 3996 2.15365
67 3997 2.162
25 3998 2.16379
59 3999 2.17655
14 4000 2.20123
9 4002 2.29117
43 4003 2.31289
74 4005 2.34702
79 4006 2.39278
11 4007 2.42853
15 4009 2.52392
8 4010 2.52482
75 4011 2.52547
19 4013 2.53917
48 4014 2.5595
51 4015 2.60111
42 4016 2.61249
2 4018 2.65038
46 4019 2.67646
26 4020 2.69313
5 4022 2.73943
55 4023 2.75283
6 4024 2.78968
36 4025 2.78995
54 4026 2.80047
17 4028 2.84079
61 4029 2.85013
66 4030 2.88532
21 4031 2.89743
24 4032 2.89804
71 4033 2.90626
58 4034 2.9222
27 4035 2.92788
35 4037 2.95295
80 4038 2.95425
72 4039 2.97392
