28 3121 1.13278
14 3122 1.14437
33 3125 1.25021
31 3127 1.38846
18 3128 1.42992
19 3130 1.45064
7 3132 1.58212
11 3134 1.68905
5 3135 1.7268
23 3136 1.73551
27 3137 1.73668
15 3139 1.75308
9 3142 1.94914
30 3143 1.95127
3 3144 1.96346
6 3145 1.98444
20 3146 1.99635
24 3147 2.03215
36 3148 2.03531
17 3150 2.05953
13 3151 2.06173
29 3152 2.08784
21 3154 2.17772
32 3155 2.23783
26 3156 2.2429
12 3158 2.25078
38 3159 2.25834
34 3161 2.39538
16 3163 2.54116
35 3165 2.55011
37 3166 2.62627
40 3168 2.7033
1 3170 2.77172
4 3171 2.77289
39 3172 2.78096
25 3173 2.8264
8 3175 2.89901
2 3176 2.92497
22 3177 2.92594
10 3179 2.97895
