0 4160
0 4161
0 4162
0 4163
0 4164
0 4165
0 4166
0 4167
0 4168
0 4169
0 4171
0 4177
0 4182
0 4188
0 4193
0 4202
0 4204
0 4210
68 4203
0 4217
0 4224
0 4228
0 4233
0 4239
24 4219
0 4242
76 4201
7 4178
73 4227
19 4176
0 4249
46 4243
42 4238
89 4235
37 4223
53 4245
0 4254
33 4209
3 4252
0 4261
0 4268
55 4263
20 4189
0 4273
0 4278
72 4215
77 4230
50 4257
0 4280
2 4234
81 4206
15 4251
62 4186
0 4281
43 4256
0 4282
41 4264
75 4262
0 4283
58 4279
0 4284
90 4258
86 4247
28 4222
0 4285
0 4286
45 4214
35 4179
60 4170
13 4183
30 4270
0 4287
35 4179
5 4246
0 4288
22 4207
64 4195
0 4289
11 4244
47 4197
40 4172
0 4290
48 4241
0 4291
0 4292
0 4293
51 4191
32 4212
0 4294
31 4250
61 4181
0 4295
82 4196
18 4180
85 4198
27 4220
0 4296
80 4211
88 4216
0 4297
14 4253
57 4208
0 4298
0 4299
12 4275
63 4267
0 4300
8 4199
17 4185
0 4301
25 4276
0 4302
25 4276
0 4303
23 4205
0 4304
38 4260
0 4305
9 4237
52 4221
36 4175
0 4306
70 4259
29 4190
44 4240
0 4307
67 4173
6 4265
21 4213
65 4225
0 4308
0 4309
0 4310
84 4192
10 4184
0 4311
1 4174
78 4255
0 4312
56 4200
4 4266
59 4218
39 4187
83 4194
0 4313
71 4274
83 4194
0 4314
0 4315
54 4232
74 4226
0 4316
0 4317
79 4236
0 4318
26 4229
0 4319
0 4320
0 4321
66 4231
0 4322
0 4323
34 4248
69 4272
0 4324
0 4325
0 4326
0 4327
0 4328
49 4277
87 4269
16 4271
0 4329
0 4330
0 4331
0 4332
0 4333
0 4334
0 4335
0 4336
0 4337
0 4338
0 4339
0 4340
0 4341
0 4342
0 4343
0 4344
0 4345
0 4346
0 4347
0 4348
0 4349
0 4350
0 4351
0 4352
0 4353
0 4354
0 4355
0 4356
0 4357
0 4358
0 4359
0 4360
0 4361
0 4362
0 4363
0 4364
0 4365
0 4366
0 4367
0 4368
0 4369
0 4370
0 4371
0 4372
0 4373
0 4374
0 4375
0 4376
0 4377
0 4378
0 4379
0 4380
0 4381
0 4382
0 4383
0 4384
0 4385
0 4386
0 4387
0 4388
0 4389
0 4390
0 4391
0 4392
0 4393
0 4394
0 4395
0 4396
0 4397
0 4398
0 4399
