35 0.8 0.016 0.784
35 0.784 0.16 0.624
5 0.8 0.016 0.784
5 0.784 0.16 0.624
1 0.8 0.16 0.64
37 0.8 0.16 0.64
1 0.710716 0.016 0.694716
20 0.8 0.016 0.784
24 0.8 0.016 0.784
37 0.719192 0.016 0.703192
37 0.703192 0.16 0.543192
1 0.694716 0.16 0.534716
20 0.784 0.16 0.624
24 0.784 0.16 0.624
1 0.534716 0.16 0.374716
20 0.624 0.16 0.464
24 0.624 0.16 0.464
20 0.464 0.16 0.304
24 0.464 0.16 0.304
27 0.8 0.16 0.64
27 0.64 0.16 0.48
27 0.550432 0.016 0.534432
27 0.534432 0.16 0.374432
48 0.8 0.016 0.784
48 0.784 0.16 0.624
33 0.8 0.016 0.784
42 0.8 0.016 0.784
33 0.784 0.16 0.624
42 0.784 0.16 0.624
21 0.8 0.016 0.784
21 0.784 0.16 0.624
3 0.8 0.16 0.64
3 0.719204 0.016 0.703204
49 0.8 0.016 0.784
49 0.784 0.16 0.624
3 0.703204 0.16 0.543204
3 0.543204 0.16 0.383204
13 0.8 0.016 0.784
25 0.8 0.016 0.784
25 0.784 0.16 0.624
13 0.784 0.16 0.624
23 0.8 0.16 0.64
23 0.712535 0.016 0.696535
23 0.696535 0.16 0.536535
40 0.8 0.16 0.64
43 0.8 0.16 0.64
9 0.8 0.016 0.784
12 0.8 0.016 0.784
40 0.711335 0.016 0.695335
43 0.713673 0.016 0.697673
40 0.695335 0.16 0.535335
9 0.784 0.16 0.624
12 0.784 0.16 0.624
43 0.697673 0.16 0.537673
9 0.624 0.16 0.464
43 0.537673 0.16 0.377673
12 0.624 0.16 0.464
30 0.8 0.16 0.64
30 0.64 0.16 0.48
30 0.48 0.16 0.32
30 0.394738 0.016 0.378738
30 0.378738 0.16 0.218738
17 0.8 0.16 0.64
17 0.710641 0.016 0.694641
17 0.694641 0.16 0.534641
32 0.8 0.016 0.784
32 0.784 0.16 0.624
38 0.8 0.016 0.784
38 0.784 0.16 0.624
2 0.8 0.016 0.784
44 0.8 0.016 0.784
2 0.784 0.16 0.624
44 0.784 0.16 0.624
6 0.8 0.016 0.784
11 0.8 0.016 0.784
11 0.784 0.16 0.624
6 0.784 0.16 0.624
46 0.8 0.016 0.784
47 0.8 0.016 0.784
47 0.784 0.16 0.624
14 0.8 0.16 0.64
46 0.784 0.16 0.624
46 0.624 0.16 0.464
14 0.64 0.16 0.48
14 0.555174 0.016 0.539174
22 0.8 0.016 0.784
14 0.539174 0.16 0.379174
22 0.784 0.16 0.624
50 0.8 0.16 0.64
22 0.624 0.16 0.464
50 0.64 0.16 0.48
50 0.550799 0.016 0.534799
50 0.534799 0.16 0.374799
7 0.8 0.016 0.784
18 0.8 0.016 0.784
18 0.784 0.16 0.624
7 0.784 0.16 0.624
7 0.624 0.16 0.464
39 0.8 0.016 0.784
39 0.784 0.16 0.624
10 0.8 0.016 0.784
10 0.784 0.16 0.624
4 0.8 0.16 0.64
45 0.8 0.16 0.64
4 0.714724 0.016 0.698724
45 0.717813 0.016 0.701813
45 0.701813 0.16 0.541813
4 0.698724 0.16 0.538724
19 0.8 0.16 0.64
4 0.538724 0.16 0.378724
19 0.71987 0.016 0.70387
19 0.70387 0.16 0.54387
15 0.8 0.016 0.784
28 0.8 0.016 0.784
15 0.784 0.16 0.624
28 0.784 0.16 0.624
31 0.8 0.16 0.64
28 0.624 0.16 0.464
31 0.64 0.16 0.48
29 0.8 0.016 0.784
31 0.550177 0.016 0.534177
31 0.534177 0.16 0.374177
29 0.784 0.16 0.624
36 0.8 0.16 0.64
41 0.8 0.16 0.64
36 0.717606 0.016 0.701606
41 0.717957 0.016 0.701957
41 0.701957 0.16 0.541957
36 0.701606 0.16 0.541606
36 0.541606 0.16 0.381606
8 0.8 0.016 0.784
8 0.784 0.16 0.624
16 0.8 0.016 0.784
16 0.784 0.16 0.624
34 0.8 0.016 0.784
34 0.784 0.16 0.624
26 0.8 0.016 0.784
26 0.784 0.16 0.624
