19 0.8 0.016 0.784
19 0.784 0.16 0.624
20 0.8 0.016 0.784
20 0.784 0.16 0.624
17 0.8 0.016 0.784
17 0.784 0.16 0.624
6 0.8 0.016 0.784
6 0.784 0.16 0.624
11 0.8 0.016 0.784
11 0.784 0.16 0.624
14 0.8 0.016 0.784
14 0.784 0.16 0.624
12 0.8 0.016 0.784
12 0.784 0.16 0.624
9 0.8 0.016 0.784
9 0.784 0.16 0.624
1 0.8 0.16 0.64
1 0.716918 0.016 0.700918
1 0.700918 0.16 0.540918
7 0.8 0.16 0.64
7 0.712623 0.016 0.696623
7 0.696623 0.16 0.536623
18 0.8 0.016 0.784
18 0.784 0.16 0.624
2 0.8 0.016 0.784
13 0.8 0.016 0.784
2 0.784 0.16 0.624
13 0.784 0.16 0.624
13 0.624 0.16 0.464
15 0.8 0.016 0.784
15 0.784 0.16 0.624
5 0.8 0.16 0.64
5 0.712953 0.016 0.696953
5 0.696953 0.16 0.536953
4 0.8 0.016 0.784
4 0.784 0.16 0.624
16 0.8 0.16 0.64
16 0.716677 0.016 0.700677
16 0.700677 0.16 0.540677
8 0.8 0.016 0.784
8 0.784 0.16 0.624
3 0.8 0.016 0.784
10 0.8 0.016 0.784
3 0.784 0.16 0.624
10 0.784 0.16 0.624
10 0.624 0.16 0.464
