5 0.8 0.016 0.784
47 0.8 0.016 0.784
47 0.784 0.16 0.624
5 0.784 0.16 0.624
18 0.8 0.16 0.64
13 0.8 0.016 0.784
18 0.712381 0.016 0.696381
13 0.784 0.16 0.624
18 0.696381 0.16 0.536381
18 0.536381 0.16 0.376381
21 0.8 0.016 0.784
21 0.784 0.16 0.624
16 0.8 0.16 0.64
64 0.8 0.016 0.784
64 0.784 0.16 0.624
52 0.8 0.16 0.64
57 0.8 0.16 0.64
52 0.717386 0.016 0.701386
57 0.710282 0.016 0.694282
57 0.694282 0.16 0.534282
6 0.8 0.16 0.64
52 0.701386 0.16 0.541386
52 0.541386 0.16 0.381386
6 0.714821 0.016 0.698821
6 0.698821 0.16 0.538821
42 0.8 0.16 0.64
42 0.716479 0.016 0.700479
42 0.700479 0.16 0.540479
17 0.8 0.016 0.784
17 0.784 0.16 0.624
34 0.8 0.16 0.64
34 0.716859 0.016 0.700859
34 0.700859 0.16 0.540859
39 0.8 0.16 0.64
20 0.8 0.016 0.784
39 0.716329 0.016 0.700329
40 0.8 0.016 0.784
40 0.784 0.16 0.624
39 0.700329 0.16 0.540329
20 0.784 0.16 0.624
10 0.8 0.016 0.784
12 0.8 0.016 0.784
14 0.8 0.016 0.784
46 0.8 0.016 0.784
65 0.8 0.016 0.784
65 0.784 0.16 0.624
10 0.784 0.16 0.624
12 0.784 0.16 0.624
14 0.784 0.16 0.624
46 0.784 0.16 0.624
12 0.624 0.16 0.464
14 0.624 0.16 0.464
46 0.624 0.16 0.464
14 0.464 0.16 0.304
12 0.464 0.16 0.304
46 0.464 0.16 0.304
46 0.304 0.16 0.144
46 0.222445 0.016 0.206445
48 0.8 0.016 0.784
46 0.206445 0.16 0.0464445
48 0.784 0.16 0.624
48 0.624 0.16 0.464
60 0.8 0.016 0.784
60 0.784 0.16 0.624
28 0.8 0.16 0.64
25 0.8 0.016 0.784
28 0.715038 0.016 0.699038
25 0.784 0.16 0.624
28 0.699038 0.16 0.539038
24 0.8 0.16 0.64
24 0.711295 0.016 0.695295
24 0.695295 0.16 0.535295
38 0.8 0.16 0.64
38 0.715455 0.016 0.699455
38 0.699455 0.16 0.539455
46 0.345598 0.16 0.185598
41 0.8 0.016 0.784
41 0.784 0.16 0.624
37 0.8 0.016 0.784
37 0.784 0.16 0.624
68 0.8 0.16 0.64
4 0.8 0.016 0.784
68 0.71107 0.016 0.69507
68 0.69507 0.16 0.53507
4 0.784 0.16 0.624
4 0.624 0.16 0.464
1 0.8 0.16 0.64
1 0.71543 0.016 0.69943
1 0.69943 0.16 0.53943
3 0.8 0.016 0.784
56 0.8 0.016 0.784
3 0.784 0.16 0.624
56 0.784 0.16 0.624
9 0.8 0.16 0.64
43 0.8 0.16 0.64
9 0.64 0.16 0.48
43 0.64 0.16 0.48
43 0.553695 0.016 0.537695
43 0.537695 0.16 0.377695
9 0.55203 0.16 0.39203
55 0.8 0.16 0.64
58 0.8 0.16 0.64
9 0.471773 0.016 0.455773
55 0.71753 0.016 0.70153
58 0.716319 0.016 0.700319
58 0.700319 0.16 0.540319
9 0.455773 0.16 0.295773
26 0.8 0.16 0.64
55 0.70153 0.16 0.54153
66 0.8 0.16 0.64
55 0.54153 0.16 0.38153
55 0.38153 0.16 0.22153
66 0.64 0.16 0.48
26 0.714429 0.016 0.698429
66 0.559158 0.016 0.543158
66 0.543158 0.16 0.383158
26 0.698429 0.16 0.538429
15 0.8 0.016 0.784
67 0.8 0.016 0.784
15 0.784 0.16 0.624
67 0.784 0.16 0.624
70 0.8 0.016 0.784
70 0.784 0.16 0.624
22 0.8 0.16 0.64
44 0.8 0.16 0.64
22 0.715388 0.016 0.699388
44 0.715372 0.016 0.699372
44 0.699372 0.16 0.539372
22 0.699388 0.16 0.539388
19 0.8 0.16 0.64
19 0.64 0.16 0.48
51 0.8 0.16 0.64
19 0.551955 0.016 0.535955
19 0.535955 0.16 0.375955
7 0.8 0.16 0.64
51 0.712202 0.16 0.552202
2 0.8 0.016 0.784
7 0.715332 0.016 0.699332
51 0.624275 0.016 0.608275
51 0.608275 0.16 0.448275
7 0.699332 0.16 0.539332
2 0.784 0.16 0.624
2 0.624 0.16 0.464
2 0.464 0.16 0.304
23 0.8 0.16 0.64
31 0.8 0.16 0.64
23 0.715657 0.016 0.699657
23 0.699657 0.16 0.539657
31 0.718622 0.16 0.558622
33 0.8 0.16 0.64
36 0.8 0.16 0.64
31 0.631805 0.016 0.615805
33 0.712726 0.016 0.696726
36 0.716202 0.016 0.700202
54 0.8 0.016 0.784
36 0.700202 0.16 0.540202
31 0.615805 0.16 0.455805
33 0.696726 0.16 0.536726
54 0.784 0.16 0.624
31 0.455805 0.16 0.295805
33 0.536726 0.16 0.376726
54 0.624 0.16 0.464
45 0.8 0.16 0.64
45 0.64 0.16 0.48
61 0.8 0.16 0.64
45 0.550157 0.016 0.534157
61 0.715261 0.016 0.699261
45 0.534157 0.16 0.374157
61 0.699261 0.16 0.539261
61 0.539261 0.16 0.379261
35 0.8 0.016 0.784
59 0.8 0.016 0.784
59 0.784 0.16 0.624
35 0.784 0.16 0.624
27 0.8 0.016 0.784
27 0.784 0.16 0.624
63 0.8 0.016 0.784
63 0.784 0.16 0.624
49 0.8 0.16 0.64
49 0.717701 0.016 0.701701
49 0.701701 0.16 0.541701
8 0.8 0.016 0.784
29 0.8 0.016 0.784
8 0.784 0.16 0.624
29 0.784 0.16 0.624
30 0.8 0.16 0.64
32 0.8 0.16 0.64
30 0.64 0.16 0.48
32 0.64 0.16 0.48
30 0.551995 0.016 0.535995
32 0.55646 0.016 0.54046
32 0.54046 0.16 0.38046
30 0.535995 0.16 0.375995
69 0.8 0.16 0.64
30 0.375995 0.16 0.215995
69 0.64 0.16 0.48
69 0.555329 0.016 0.539329
69 0.539329 0.16 0.379329
62 0.8 0.016 0.784
62 0.784 0.16 0.624
11 0.8 0.016 0.784
11 0.784 0.16 0.624
16 0.8 0.016 0.784
16 0.784 0.16 0.624
50 0.8 0.16 0.64
50 0.715656 0.016 0.699656
50 0.699656 0.16 0.539656
53 0.8 0.016 0.784
53 0.784 0.16 0.624
