86 4418 0 100 121554476 1.2003 1.2003
26 4448 0 100 121556894 1.6003 1.6003
31 4413 0 100 154292032 1.7003 1.7003
50 4428 0 100 88872644 1.9003 1.9003
65 4439 0 100 154279592 2.0003 2.0003
22 4454 0 100 154252824 2.1003 2.1003
66 4474 0 100 121544432 2.2003 2.2003
3 4472 0 100 88863088 2.4003 2.4003
71 4417 0 100 121545206 2.4003 2.4003
10 4445 0 100 154277592 2.4003 2.4003
70 4412 0 100 121530860 2.5003 2.5003
6 4459 0 100 121565882 2.5003 2.5003
49 4460 0 100 154242968 2.5003 2.5003
87 4435 0 100 154264280 2.5003 2.5003
79 4488 0 100 88860620 2.8003 2.8003
15 4478 0 100 121564724 2.8003 2.8003
48 4486 0 100 121539026 2.9003 2.9003
69 4511 0 100 88851584 3.0003 3.0003
81 4525 0 100 154261640 3.0003 3.0003
73 4491 0 100 154302448 3.0003 3.0003
2 4498 0 100 121567694 3.1003 3.1003
51 4468 0 100 121570904 3.1003 3.1003
75 4484 0 100 154301392 3.1003 3.1003
38 4523 0 100 88853348 3.2003 3.2003
78 4424 0 100 88864752 3.2003 3.2003
77 4522 0 100 121571474 3.2003 3.2003
7 4416 0 100 88853304 3.4003 3.4003
35 4447 0 100 88866504 3.4003 3.4003
33 4470 0 100 154261200 3.4003 3.4003
20 4415 0 100 154294296 3.4003 3.4003
63 4513 0 100 121532138 3.5003 3.5003
90 4464 0 100 121574654 3.5003 3.5003
85 4462 0 100 154269992 3.5003 3.5003
91 4430 0 100 88859116 3.6003 3.6003
23 4512 0 100 121574636 3.6003 3.6003
46 4477 0 100 154270880 3.6003 3.6003
53 4451 0 100 121530032 3.7003 3.7003
30 4452 0 100 154268944 3.7003 3.7003
11 4497 0 100 121556960 3.8003 3.8003
29 4449 0 100 154294976 3.8003 3.8003
93 4419 0 100 88861196 4.0003 4.0003
19 4436 0 100 121572188 4.0003 4.0003
34 4458 0 100 88850660 4.1003 4.1003
72 4519 0 100 121557176 4.1003 4.1003
64 4481 0 100 88850744 4.2003 4.2003
4 4482 0 100 88866376 4.2003 4.2003
28 4422 0 100 121531076 4.2003 4.2003
56 4493 0 100 121544366 4.2003 4.2003
95 4528 0 100 121561604 4.2003 4.2003
62 4515 0 100 88854380 4.4003 4.4003
94 4495 0 100 88871332 4.4003 4.4003
98 4426 0 100 154249568 4.4003 4.4003
99 4411 0 100 121542572 4.6003 4.6003
42 4487 0 100 88853052 4.7003 4.7003
74 4492 0 100 121543976 4.7003 4.7003
52 4441 0 100 121554806 4.7003 4.7003
25 4446 0 100 154251048 4.7003 4.7003
100 4485 0 100 154256160 4.8003 4.8003
27 4425 0 100 56201684 5.0003 5.0003
58 4420 0 100 88848156 5.0003 5.0003
8 4473 0 100 121530620 5.0003 5.0003
47 4466 0 100 88848484 5.1003 5.1003
83 4429 0 100 88850600 5.4003 5.4003
89 4431 0 100 88860024 5.4003 5.4003
76 4421 0 100 88873136 5.5003 5.5003
32 4479 0 100 121573574 5.5003 5.5003
92 4434 0 100 154273936 5.5003 5.5003
88 4526 0 100 154305000 5.5003 5.5003
43 4505 0 100 121554206 5.6003 5.6003
1 4517 0 100 121568768 5.6003 5.6003
17 4509 0 100 88858604 5.7003 5.7003
41 4475 0 100 154269696 5.7003 5.7003
40 4456 0 100 88856640 5.8003 5.8003
9 4442 0 100 154258824 5.9003 5.9003
61 4465 0 100 88862788 6.0003 6.0003
44 4433 0 100 154294832 6.0003 6.0003
24 4501 0 100 121533200 6.1003 6.1003
59 4503 0 100 88857816 6.2003 6.2003
67 4427 0 100 88873784 6.2003 6.2003
97 4489 0 100 56201612 6.3003 6.3003
12 4467 0 100 121547312 6.3003 6.3003
39 4455 0 100 121571816 6.4003 6.4003
5 4457 0 100 154283712 6.4003 6.4003
13 4471 0 100 154305704 6.4003 6.4003
80 4437 0 100 88860172 6.5003 6.5003
45 4440 0 100 121560308 6.5003 6.5003
55 4518 0 100 154261232 6.5003 6.5003
21 4483 0 100 88866544 6.7003 6.7003
14 4463 0 100 121533680 6.7003 6.7003
68 4502 0 100 121530626 6.8003 6.8003
36 4527 0 100 121546556 6.9003 6.9003
18 4499 0 100 154256992 6.9003 6.9003
60 4496 0 100 154291072 6.9003 6.9003
96 4508 0 100 121541474 7.0003 7.0003
16 4510 0 100 121551668 7.0003 7.0003
84 4506 0 100 121550642 7.1003 7.1003
82 4521 0 100 121542380 7.3003 7.3003
37 4516 0 100 154297824 7.4003 7.4003
