14 3122 0 100 88869884 2.24503 2.24503
27 3137 0 100 121566422 2.24503 2.24503
9 3142 0 100 88847920 2.64503 2.64503
37 3166 0 100 154269720 2.64503 2.64503
23 3136 0 100 88862524 2.74503 2.74503
13 3151 0 100 121527680 2.74503 2.74503
40 3168 0 100 154284864 2.74503 2.74503
35 3165 0 100 154300264 2.74503 2.74503
1 3170 0 100 88863240 3.54503 3.54503
24 3147 0 100 121564802 3.54503 3.54503
38 3159 0 100 88875632 3.74503 3.74503
17 3150 0 100 121560818 3.74503 3.74503
19 3130 0 100 121569524 3.74503 3.74503
34 3161 0 100 154273080 3.84503 3.84503
18 3128 0 100 154305448 3.84503 3.84503
28 3121 0 100 88869260 4.14503 4.14503
26 3156 0 100 154278464 4.24503 4.24503
7 3132 0 100 88875704 4.34503 4.34503
31 3127 0 100 56206168 4.54503 4.54503
29 3152 0 100 88858120 4.54503 4.54503
12 3158 0 100 121534442 4.64503 4.64503
8 3175 0 100 154272032 4.94503 4.94503
25 3173 0 100 121546964 5.04503 5.04503
33 3125 0 100 154266504 5.44503 5.44503
16 3163 0 100 88850424 5.54503 5.54503
3 3144 0 100 121562432 5.54503 5.54503
20 3146 0 100 121541804 5.94503 5.94503
6 3145 0 100 121557728 5.94503 5.94503
5 3135 0 100 121565786 6.14503 6.14503
21 3154 0 100 121543052 6.24503 6.24503
32 3155 0 100 154242896 6.54503 6.54503
22 3177 0 100 88874448 6.74503 6.74503
15 3139 0 100 121566830 6.74503 6.74503
4 3171 0 100 154246088 6.74503 6.74503
11 3134 0 100 88871956 6.84503 6.84503
36 3148 0 100 154278784 6.94503 6.94503
30 3143 0 100 88865896 7.04503 7.04503
2 3176 0 100 88870664 7.64503 7.64503
39 3172 0 100 88869672 7.94503 7.94503
10 3179 0 100 88872544 8.04503 8.04503
