57 0.8 0.016 0.784
57 0.784 0.16 0.624
12 0.8 0.016 0.784
12 0.784 0.16 0.624
28 0.8 0.016 0.784
28 0.784 0.16 0.624
45 0.8 0.016 0.784
45 0.784 0.16 0.624
14 0.8 0.016 0.784
14 0.784 0.16 0.624
23 0.8 0.016 0.784
23 0.784 0.16 0.624
3 0.8 0.016 0.784
56 0.8 0.016 0.784
3 0.784 0.16 0.624
56 0.784 0.16 0.624
9 0.8 0.16 0.64
31 0.8 0.16 0.64
41 0.8 0.16 0.64
60 0.8 0.16 0.64
65 0.8 0.16 0.64
74 0.8 0.16 0.64
77 0.8 0.16 0.64
9 0.64 0.16 0.48
31 0.64 0.16 0.48
41 0.64 0.16 0.48
60 0.64 0.16 0.48
65 0.64 0.16 0.48
74 0.64 0.16 0.48
77 0.64 0.16 0.48
9 0.553512 0.016 0.537512
31 0.556483 0.016 0.540483
41 0.555409 0.016 0.539409
60 0.552135 0.016 0.536135
65 0.550428 0.016 0.534428
74 0.553125 0.016 0.537125
77 0.551227 0.016 0.535227
65 0.534428 0.16 0.374428
60 0.536135 0.16 0.376135
1 0.8 0.16 0.64
9 0.537512 0.16 0.377512
31 0.540483 0.16 0.380483
41 0.539409 0.16 0.379409
74 0.537125 0.16 0.377125
77 0.535227 0.16 0.375227
9 0.377512 0.16 0.217512
31 0.380483 0.16 0.220483
41 0.379409 0.16 0.219409
74 0.377125 0.16 0.217125
77 0.375227 0.16 0.215227
31 0.220483 0.16 0.0604834
9 0.217512 0.16 0.0575115
1 0.64 0.16 0.48
41 0.219409 0.16 0.0594085
74 0.217125 0.16 0.057125
77 0.215227 0.16 0.055227
41 0.0594085 0.16 -0.100591
74 0.057125 0.16 -0.102875
77 0.055227 0.16 -0.104773
1 0.557671 0.016 0.541671
41 0.076754 0.016 0.060754
74 0.0706316 0.016 0.0546316
77 0.0743484 0.016 0.0583484
1 0.541671 0.16 0.381671
41 0.060754 0.16 -0.099246
74 0.0546316 0.16 -0.105368
77 0.0583484 0.16 -0.101652
18 0.8 0.016 0.784
41 0.0711314 0.016 0.0551314
74 0.0793458 0.016 0.0633458
18 0.784 0.16 0.624
78 0.8 0.16 0.64
78 0.719403 0.016 0.703403
78 0.703403 0.16 0.543403
62 0.8 0.16 0.64
62 0.713386 0.016 0.697386
62 0.697386 0.16 0.537386
41 0.280177 0.16 0.120177
77 0.291087 0.16 0.131087
74 0.287153 0.16 0.127153
69 0.8 0.016 0.784
41 0.194176 0.16 0.0341758
74 0.202282 0.16 0.0422816
77 0.210034 0.16 0.0500344
69 0.784 0.16 0.624
16 0.8 0.16 0.64
43 0.8 0.16 0.64
44 0.8 0.16 0.64
46 0.8 0.16 0.64
79 0.8 0.16 0.64
16 0.719564 0.016 0.703564
43 0.715652 0.016 0.699652
44 0.712168 0.016 0.696168
46 0.714899 0.016 0.698899
79 0.715493 0.016 0.699493
43 0.699652 0.16 0.539652
16 0.703564 0.16 0.543564
44 0.696168 0.16 0.536168
46 0.698899 0.16 0.538899
55 0.8 0.16 0.64
79 0.699493 0.16 0.539493
44 0.536168 0.16 0.376168
16 0.543564 0.16 0.383564
46 0.538899 0.16 0.378899
55 0.64 0.16 0.48
79 0.539493 0.16 0.379493
46 0.378899 0.16 0.218899
55 0.48 0.16 0.32
79 0.379493 0.16 0.219493
46 0.218899 0.16 0.0588988
55 0.32 0.16 0.16
79 0.219493 0.16 0.0594935
55 0.233689 0.016 0.217689
63 0.8 0.016 0.784
79 0.135134 0.016 0.119134
55 0.217689 0.16 0.0576893
58 0.8 0.16 0.64
61 0.8 0.16 0.64
63 0.784 0.16 0.624
79 0.119134 0.16 -0.0408656
63 0.624 0.16 0.464
58 0.64 0.16 0.48
61 0.64 0.16 0.48
79 0 0.16 -0.16
58 0.55084 0.016 0.53484
61 0.552828 0.016 0.536828
58 0.53484 0.16 0.37484
61 0.536828 0.16 0.376828
61 0.376828 0.16 0.216828
26 0.8 0.016 0.784
35 0.8 0.016 0.784
38 0.8 0.016 0.784
26 0.784 0.16 0.624
35 0.784 0.16 0.624
38 0.784 0.16 0.624
38 0.624 0.16 0.464
35 0.624 0.16 0.464
76 0.8 0.16 0.64
35 0.464 0.16 0.304
13 0.8 0.016 0.784
76 0.717451 0.016 0.701451
76 0.701451 0.16 0.541451
13 0.784 0.16 0.624
20 0.8 0.16 0.64
37 0.8 0.16 0.64
42 0.8 0.16 0.64
47 0.8 0.16 0.64
74 0.499025 0.16 0.339025
41 0.486118 0.16 0.326118
13 0.624 0.16 0.464
79 0.308482 0.16 0.148482
20 0.64 0.16 0.48
37 0.64 0.16 0.48
42 0.64 0.16 0.48
47 0.64 0.16 0.48
20 0.559185 0.016 0.543185
42 0.558822 0.016 0.542822
47 0.554405 0.016 0.538405
42 0.542822 0.16 0.382822
20 0.543185 0.16 0.383185
37 0.556728 0.16 0.396728
47 0.538405 0.16 0.378405
53 0.8 0.16 0.64
79 0.223071 0.16 0.0630714
20 0.383185 0.16 0.223185
47 0.378405 0.16 0.218405
37 0.396728 0.16 0.236728
53 0.64 0.16 0.48
37 0.236728 0.16 0.076728
53 0.48 0.16 0.32
37 0.150183 0.016 0.134183
53 0.396513 0.016 0.380513
53 0.380513 0.16 0.220513
37 0.134183 0.16 -0.0258174
6 0.8 0.016 0.784
37 0.0756692 0.016 0.0596692
6 0.784 0.16 0.624
49 0.8 0.16 0.64
49 0.797588 0.016 0.781588
49 0.781588 0.16 0.621588
19 0.8 0.016 0.784
22 0.8 0.016 0.784
39 0.8 0.016 0.784
19 0.784 0.16 0.624
22 0.784 0.16 0.624
39 0.784 0.16 0.624
22 0.624 0.16 0.464
39 0.624 0.16 0.464
39 0.464 0.16 0.304
37 0.357921 0.16 0.197921
10 0.8 0.016 0.784
51 0.8 0.016 0.784
51 0.784 0.16 0.624
10 0.784 0.16 0.624
33 0.8 0.16 0.64
73 0.8 0.16 0.64
10 0.624 0.16 0.464
33 0.64 0.16 0.48
73 0.64 0.16 0.48
37 0.269236 0.16 0.109236
33 0.554204 0.016 0.538204
73 0.556037 0.016 0.540037
73 0.540037 0.16 0.380037
33 0.538204 0.16 0.378204
68 0.8 0.16 0.64
33 0.378204 0.16 0.218204
68 0.64 0.16 0.48
4 0.8 0.016 0.784
5 0.8 0.016 0.784
68 0.556717 0.016 0.540717
4 0.784 0.16 0.624
68 0.540717 0.16 0.380717
5 0.784 0.16 0.624
71 0.8 0.16 0.64
5 0.624 0.16 0.464
5 0.464 0.16 0.304
71 0.64 0.16 0.48
71 0.55348 0.016 0.53748
71 0.53748 0.16 0.37748
67 0.8 0.16 0.64
48 0.8 0.016 0.784
67 0.719858 0.016 0.703858
67 0.703858 0.16 0.543858
48 0.784 0.16 0.624
48 0.624 0.16 0.464
32 0.8 0.016 0.784
40 0.8 0.016 0.784
40 0.784 0.16 0.624
32 0.784 0.16 0.624
54 0.8 0.016 0.784
54 0.784 0.16 0.624
29 0.8 0.16 0.64
30 0.8 0.16 0.64
66 0.8 0.16 0.64
75 0.8 0.16 0.64
7 0.8 0.016 0.784
29 0.714573 0.016 0.698573
30 0.711297 0.016 0.695297
66 0.714956 0.016 0.698956
75 0.716876 0.016 0.700876
66 0.698956 0.16 0.538956
7 0.784 0.16 0.624
29 0.698573 0.16 0.538573
30 0.695297 0.16 0.535297
75 0.700876 0.16 0.540876
30 0.535297 0.16 0.375297
29 0.538573 0.16 0.378573
75 0.540876 0.16 0.380876
7 0.624 0.16 0.464
70 0.8 0.16 0.64
2 0.8 0.016 0.784
70 0.712403 0.016 0.696403
70 0.696403 0.16 0.536403
2 0.784 0.16 0.624
2 0.624 0.16 0.464
11 0.8 0.16 0.64
11 0.785475 0.016 0.769475
11 0.769475 0.16 0.609475
17 0.8 0.016 0.784
34 0.8 0.016 0.784
34 0.784 0.16 0.624
17 0.784 0.16 0.624
36 0.8 0.16 0.64
36 0.64 0.16 0.48
25 0.8 0.016 0.784
36 0.554567 0.016 0.538567
36 0.538567 0.16 0.378567
21 0.8 0.16 0.64
25 0.784 0.16 0.624
25 0.624 0.16 0.464
21 0.64 0.16 0.48
50 0.8 0.16 0.64
64 0.8 0.16 0.64
21 0.558223 0.016 0.542223
64 0.711673 0.016 0.695673
21 0.542223 0.16 0.382223
64 0.695673 0.16 0.535673
50 0.713551 0.16 0.553551
50 0.553551 0.16 0.393551
8 0.8 0.016 0.784
50 0.471227 0.016 0.455227
8 0.784 0.16 0.624
50 0.455227 0.16 0.295227
27 0.8 0.16 0.64
27 0.71074 0.016 0.69474
52 0.8 0.016 0.784
27 0.69474 0.16 0.53474
52 0.784 0.16 0.624
52 0.624 0.16 0.464
59 0.8 0.016 0.784
59 0.784 0.16 0.624
72 0.8 0.016 0.784
72 0.784 0.16 0.624
24 0.8 0.016 0.784
24 0.784 0.16 0.624
15 0.8 0.16 0.64
80 0.8 0.16 0.64
15 0.717409 0.016 0.701409
80 0.718051 0.016 0.702051
80 0.702051 0.16 0.542051
15 0.701409 0.16 0.541409
