0 3710
0 3711
0 3712
0 3713
0 3714
0 3715
0 3716
0 3717
0 3718
0 3719
0 3723
0 3727
0 3736
47 3729
5 3733
0 3740
13 3738
18 3731
0 3744
0 3747
0 3754
21 3752
0 3757
64 3755
0 3760
57 3725
52 3724
0 3765
6 3735
0 3770
42 3751
0 3772
17 3720
0 3778
34 3769
0 3782
40 3779
39 3737
20 3780
0 3787
0 3791
65 3722
10 3774
14 3732
12 3789
0 3795
46 3767
48 3784
0 3798
60 3796
0 3803
25 3799
28 3750
0 3809
24 3785
0 3810
38 3758
46 3767
0 3811
41 3726
0 3812
0 3813
37 3762
0 3814
68 3761
4 3808
0 3815
1 3777
0 3816
3 3734
56 3792
0 3817
43 3783
0 3818
58 3800
9 3802
55 3746
0 3819
66 3790
26 3793
0 3820
0 3821
0 3822
15 3786
67 3730
0 3823
70 3776
0 3824
44 3806
22 3781
0 3825
19 3773
0 3826
51 3763
7 3743
2 3745
0 3827
23 3807
0 3828
36 3741
31 3721
33 3753
54 3805
0 3829
45 3794
61 3788
0 3830
0 3831
0 3832
0 3833
59 3739
35 3756
0 3834
0 3835
27 3766
0 3836
0 3837
63 3804
0 3838
49 3748
0 3839
8 3764
29 3728
0 3840
32 3742
30 3768
0 3841
69 3759
0 3842
62 3775
0 3843
11 3797
0 3844
0 3845
0 3846
16 3749
0 3847
50 3771
0 3848
0 3849
0 3850
0 3851
0 3852
0 3853
0 3854
0 3855
0 3856
53 3801
0 3857
0 3858
0 3859
0 3860
0 3861
0 3862
0 3863
0 3864
0 3865
0 3866
0 3867
0 3868
0 3869
0 3870
0 3871
0 3872
0 3873
0 3874
0 3875
0 3876
0 3877
0 3878
0 3879
0 3880
0 3881
0 3882
0 3883
0 3884
0 3885
0 3886
0 3887
0 3888
0 3889
0 3890
0 3891
0 3892
0 3893
0 3894
0 3895
0 3896
0 3897
0 3898
0 3899
0 3900
0 3901
0 3902
0 3903
0 3904
0 3905
0 3906
0 3907
0 3908
0 3909
0 3910
0 3911
0 3912
0 3913
0 3914
0 3915
0 3916
0 3917
0 3918
0 3919
0 3920
0 3921
0 3922
0 3923
0 3924
0 3925
0 3926
0 3927
0 3928
0 3929
