78 1891 0 100 32679838 1.66963 1.66963
44 1915 0 100 32676272 1.76963 1.76963
15 1897 0 100 32630028 1.76963 1.76963
59 1912 0 100 32624186 1.86963 1.86963
79 1917 0 100 32637382 1.86963 1.86963
52 1906 0 100 32662188 1.96963 1.96963
76 1911 0 100 32629160 2.06963 2.06963
26 1925 0 100 32649804 2.26963 2.26963
37 1890 0 100 32645794 2.36963 2.36963
18 1909 0 100 32654768 2.46963 2.46963
56 1902 0 100 32672238 2.56963 2.56963
68 1949 0 100 32669390 2.66963 2.66963
70 1927 0 100 32670418 2.76963 2.76963
17 1969 0 100 32678664 2.86963 2.86963
27 1924 0 100 32640128 2.96963 2.96963
16 1976 0 100 32672284 2.96963 2.96963
58 1907 0 100 32675016 3.06963 3.06963
51 1894 0 100 32629264 3.26963 3.26963
22 1985 0 100 32667080 3.26963 3.26963
74 1921 0 100 32668220 3.36963 3.36963
50 1898 0 100 32622280 3.46963 3.46963
25 1984 0 100 32678588 3.46963 3.46963
10 1939 0 100 32678540 3.46963 3.46963
28 1962 0 100 32679636 3.56963 3.56963
4 1920 0 100 32657780 3.66963 3.66963
57 1948 0 100 32665014 3.66963 3.66963
23 1947 0 100 32655814 3.76963 3.76963
19 1983 0 100 32659016 3.86963 3.86963
35 1941 0 100 32646262 3.86963 3.86963
24 1982 0 100 32678996 4.06963 4.06963
71 1979 0 100 32676176 4.06963 4.06963
53 1956 0 100 32675554 4.06963 4.06963
60 1958 0 100 32677464 4.16963 4.16963
66 1973 0 100 32669370 4.16963 4.16963
63 1922 0 100 32649512 4.26963 4.26963
31 1895 0 100 32682874 4.26963 4.26963
39 1945 0 100 32639012 4.36963 4.36963
48 1972 0 100 32677314 4.36963 4.36963
72 1904 0 100 32636628 4.36963 4.36963
33 1966 0 100 32653460 4.66963 4.66963
5 1987 0 100 32645042 4.66963 4.66963
47 1974 0 100 32666134 4.66963 4.66963
38 1892 0 100 32673538 4.76963 4.76963
32 1986 0 100 32642216 4.76963 4.76963
62 1978 0 100 32656126 4.76963 4.76963
46 1931 0 100 32681922 4.86963 4.86963
13 1967 0 100 32672380 4.86963 4.86963
80 1946 0 100 32638974 5.06963 5.06963
54 1901 0 100 32653302 5.06963 5.06963
67 1933 0 100 32645500 5.06963 5.06963
69 1896 0 100 32679090 5.36963 5.36963
34 1903 0 100 32658998 5.56963 5.56963
45 1940 0 100 32651104 5.66963 5.66963
40 1964 0 100 32662200 5.66963 5.66963
42 1932 0 100 32670110 5.66963 5.66963
36 1905 0 100 32654488 5.66963 5.66963
30 1951 0 100 32669676 5.76963 5.76963
7 1970 0 100 32640072 5.86963 5.86963
3 1935 0 100 32658428 5.96963 5.96963
61 1918 0 100 32675778 5.96963 5.96963
55 1968 0 100 32656792 5.96963 5.96963
41 1944 0 100 32681990 6.16963 6.16963
6 1899 0 100 32649968 6.26963 6.26963
65 1928 0 100 32631724 6.26963 6.26963
43 1937 0 100 32639818 6.36963 6.36963
77 1959 0 100 32681868 6.46963 6.46963
20 1963 0 100 32653632 6.56963 6.56963
73 1936 0 100 32655302 6.66963 6.66963
9 1952 0 100 32630582 6.76963 6.76963
14 1929 0 100 32647512 6.76963 6.76963
21 1953 0 100 32646928 6.86963 6.86963
2 1960 0 100 32655884 6.96963 6.96963
8 1957 0 100 32646898 7.16963 7.16963
64 1955 0 100 32635440 7.46963 7.46963
1 1975 0 100 32649896 7.66963 7.66963
29 1981 0 100 32679222 7.96963 7.96963
12 1989 0 100 32670580 8.06963 8.06963
