64 0.8 0.016 0.784
64 0.784 0.16 0.624
58 0.8 0.016 0.784
87 0.8 0.016 0.784
58 0.784 0.16 0.624
87 0.784 0.16 0.624
21 0.8 0.016 0.784
51 0.8 0.016 0.784
51 0.784 0.16 0.624
21 0.784 0.16 0.624
45 0.8 0.16 0.64
45 0.64 0.16 0.48
45 0.558592 0.016 0.542592
45 0.542592 0.16 0.382592
13 0.8 0.016 0.784
13 0.784 0.16 0.624
50 0.8 0.016 0.784
50 0.784 0.16 0.624
5 0.8 0.016 0.784
32 0.8 0.016 0.784
32 0.784 0.16 0.624
5 0.784 0.16 0.624
4 0.8 0.16 0.64
46 0.8 0.16 0.64
52 0.8 0.16 0.64
54 0.8 0.16 0.64
4 0.64 0.16 0.48
46 0.64 0.16 0.48
52 0.64 0.16 0.48
54 0.64 0.16 0.48
4 0.553606 0.016 0.537606
14 0.8 0.016 0.784
46 0.558573 0.016 0.542573
52 0.55336 0.016 0.53736
54 0.559958 0.016 0.543958
54 0.543958 0.16 0.383958
46 0.542573 0.16 0.382573
52 0.53736 0.16 0.37736
14 0.784 0.16 0.624
4 0.537606 0.16 0.377606
55 0.8 0.16 0.64
55 0.64 0.16 0.48
55 0.48 0.16 0.32
55 0.399094 0.016 0.383094
55 0.383094 0.16 0.223094
34 0.8 0.16 0.64
93 0.8 0.16 0.64
22 0.8 0.016 0.784
34 0.716251 0.016 0.700251
93 0.711744 0.016 0.695744
22 0.784 0.16 0.624
93 0.695744 0.16 0.535744
34 0.700251 0.16 0.540251
61 0.8 0.16 0.64
61 0.64 0.16 0.48
56 0.8 0.016 0.784
61 0.550518 0.016 0.534518
61 0.534518 0.16 0.374518
56 0.784 0.16 0.624
3 0.8 0.016 0.784
28 0.8 0.016 0.784
100 0.8 0.016 0.784
3 0.784 0.16 0.624
28 0.784 0.16 0.624
100 0.784 0.16 0.624
29 0.8 0.016 0.784
33 0.8 0.016 0.784
47 0.8 0.016 0.784
90 0.8 0.016 0.784
47 0.784 0.16 0.624
33 0.784 0.16 0.624
29 0.784 0.16 0.624
90 0.784 0.16 0.624
76 0.8 0.16 0.64
96 0.8 0.16 0.64
76 0.64 0.16 0.48
96 0.64 0.16 0.48
99 0.8 0.16 0.64
7 0.8 0.16 0.64
75 0.8 0.16 0.64
76 0.48 0.16 0.32
96 0.48 0.16 0.32
99 0.64 0.16 0.48
76 0.393423 0.016 0.377423
96 0.399114 0.016 0.383114
99 0.558897 0.016 0.542897
76 0.377423 0.16 0.217423
99 0.542897 0.16 0.382897
96 0.383114 0.16 0.223114
7 0.713762 0.16 0.553762
41 0.8 0.16 0.64
74 0.8 0.16 0.64
75 0.710746 0.16 0.550746
7 0.553762 0.16 0.393762
41 0.64 0.16 0.48
74 0.64 0.16 0.48
75 0.550746 0.16 0.390746
7 0.468946 0.016 0.452946
41 0.554454 0.016 0.538454
74 0.550963 0.016 0.534963
75 0.464651 0.016 0.448651
79 0.8 0.016 0.784
75 0.448651 0.16 0.288651
74 0.534963 0.16 0.374963
7 0.452946 0.16 0.292946
41 0.538454 0.16 0.378454
79 0.784 0.16 0.624
20 0.8 0.16 0.64
20 0.64 0.16 0.48
20 0.552952 0.016 0.536952
20 0.536952 0.16 0.376952
85 0.8 0.016 0.784
98 0.8 0.016 0.784
98 0.784 0.16 0.624
85 0.784 0.16 0.624
6 0.8 0.16 0.64
6 0.712654 0.016 0.696654
6 0.696654 0.16 0.536654
23 0.8 0.16 0.64
23 0.711819 0.016 0.695819
35 0.8 0.016 0.784
35 0.784 0.16 0.624
23 0.695819 0.16 0.535819
43 0.8 0.16 0.64
43 0.64 0.16 0.48
43 0.558082 0.016 0.542082
43 0.542082 0.16 0.382082
57 0.8 0.16 0.64
83 0.8 0.16 0.64
57 0.710789 0.016 0.694789
59 0.8 0.016 0.784
83 0.711833 0.016 0.695833
86 0.8 0.016 0.784
97 0.8 0.016 0.784
57 0.694789 0.16 0.534789
59 0.784 0.16 0.624
97 0.784 0.16 0.624
83 0.695833 0.16 0.535833
86 0.784 0.16 0.624
2 0.8 0.16 0.64
71 0.8 0.16 0.64
2 0.64 0.16 0.48
71 0.64 0.16 0.48
2 0.48 0.16 0.32
71 0.48 0.16 0.32
2 0.390233 0.016 0.374233
71 0.392901 0.016 0.376901
2 0.374233 0.16 0.214233
71 0.376901 0.16 0.216901
30 0.8 0.16 0.64
30 0.64 0.16 0.48
30 0.553032 0.016 0.537032
30 0.537032 0.16 0.377032
53 0.8 0.016 0.784
69 0.8 0.016 0.784
53 0.784 0.16 0.624
69 0.784 0.16 0.624
1 0.8 0.016 0.784
15 0.8 0.016 0.784
18 0.8 0.016 0.784
24 0.8 0.016 0.784
36 0.8 0.016 0.784
88 0.8 0.016 0.784
18 0.784 0.16 0.624
24 0.784 0.16 0.624
36 0.784 0.16 0.624
15 0.784 0.16 0.624
88 0.784 0.16 0.624
1 0.784 0.16 0.624
94 0.8 0.16 0.64
10 0.8 0.16 0.64
31 0.8 0.16 0.64
42 0.8 0.16 0.64
10 0.64 0.16 0.48
31 0.64 0.16 0.48
42 0.64 0.16 0.48
10 0.48 0.16 0.32
42 0.48 0.16 0.32
10 0.390652 0.016 0.374652
42 0.395412 0.016 0.379412
94 0.719907 0.016 0.703907
10 0.374652 0.16 0.214652
42 0.379412 0.16 0.219412
94 0.703907 0.16 0.543907
31 0.552392 0.16 0.392392
37 0.8 0.16 0.64
31 0.392392 0.16 0.232392
37 0.64 0.16 0.48
31 0.302466 0.016 0.286466
37 0.558807 0.016 0.542807
31 0.286466 0.16 0.126466
37 0.542807 0.16 0.382807
77 0.8 0.16 0.64
77 0.711644 0.016 0.695644
77 0.695644 0.16 0.535644
25 0.8 0.16 0.64
81 0.8 0.16 0.64
12 0.8 0.016 0.784
25 0.710827 0.016 0.694827
81 0.71938 0.016 0.70338
81 0.70338 0.16 0.54338
25 0.694827 0.16 0.534827
12 0.784 0.16 0.624
11 0.8 0.16 0.64
17 0.8 0.16 0.64
67 0.8 0.16 0.64
73 0.8 0.16 0.64
11 0.64 0.16 0.48
17 0.64 0.16 0.48
67 0.64 0.16 0.48
73 0.64 0.16 0.48
11 0.552848 0.016 0.536848
17 0.557666 0.016 0.541666
67 0.556025 0.016 0.540025
73 0.555759 0.016 0.539759
11 0.536848 0.16 0.376848
73 0.539759 0.16 0.379759
67 0.540025 0.16 0.380025
17 0.541666 0.16 0.381666
40 0.8 0.016 0.784
40 0.784 0.16 0.624
95 0.8 0.016 0.784
95 0.784 0.16 0.624
44 0.8 0.016 0.784
44 0.784 0.16 0.624
89 0.8 0.16 0.64
82 0.8 0.016 0.784
89 0.714946 0.016 0.698946
82 0.784 0.16 0.624
89 0.698946 0.16 0.538946
8 0.8 0.016 0.784
72 0.8 0.016 0.784
78 0.8 0.016 0.784
72 0.784 0.16 0.624
8 0.784 0.16 0.624
78 0.784 0.16 0.624
26 0.8 0.016 0.784
48 0.8 0.016 0.784
26 0.784 0.16 0.624
48 0.784 0.16 0.624
66 0.8 0.16 0.64
66 0.712641 0.016 0.696641
66 0.696641 0.16 0.536641
39 0.8 0.16 0.64
68 0.8 0.16 0.64
16 0.8 0.016 0.784
39 0.7114 0.016 0.6954
68 0.712671 0.016 0.696671
80 0.8 0.016 0.784
68 0.696671 0.16 0.536671
16 0.784 0.16 0.624
80 0.784 0.16 0.624
39 0.6954 0.16 0.5354
27 0.8 0.16 0.64
38 0.8 0.16 0.64
27 0.64 0.16 0.48
38 0.64 0.16 0.48
27 0.48 0.16 0.32
38 0.48 0.16 0.32
27 0.32 0.16 0.16
27 0.23067 0.016 0.21467
38 0.399094 0.016 0.383094
27 0.21467 0.16 0.05467
38 0.383094 0.16 0.223094
62 0.8 0.16 0.64
62 0.7128 0.016 0.6968
62 0.6968 0.16 0.5368
19 0.8 0.016 0.784
19 0.784 0.16 0.624
49 0.8 0.016 0.784
49 0.784 0.16 0.624
9 0.8 0.16 0.64
60 0.8 0.16 0.64
9 0.717169 0.016 0.701169
9 0.701169 0.16 0.541169
60 0.718957 0.16 0.558957
60 0.631097 0.016 0.615097
92 0.8 0.016 0.784
92 0.784 0.16 0.624
60 0.615097 0.16 0.455097
65 0.8 0.16 0.64
65 0.711142 0.016 0.695142
65 0.695142 0.16 0.535142
91 0.8 0.016 0.784
91 0.784 0.16 0.624
70 0.8 0.016 0.784
84 0.8 0.016 0.784
70 0.784 0.16 0.624
84 0.784 0.16 0.624
63 0.8 0.016 0.784
63 0.784 0.16 0.624
