21 0.8 0.016 0.784
22 0.8 0.016 0.784
24 0.8 0.016 0.784
24 0.784 0.16 0.624
21 0.784 0.16 0.624
22 0.784 0.16 0.624
38 0.8 0.016 0.784
38 0.784 0.16 0.624
18 0.8 0.016 0.784
18 0.784 0.16 0.624
27 0.8 0.16 0.64
27 0.711726 0.016 0.695726
27 0.695726 0.16 0.535726
37 0.8 0.16 0.64
50 0.8 0.16 0.64
61 0.8 0.16 0.64
37 0.717545 0.016 0.701545
50 0.716756 0.016 0.700756
61 0.713757 0.016 0.697757
37 0.701545 0.16 0.541545
50 0.700756 0.16 0.540756
61 0.697757 0.16 0.537757
69 0.8 0.16 0.64
45 0.8 0.016 0.784
69 0.713169 0.016 0.697169
69 0.697169 0.16 0.537169
45 0.784 0.16 0.624
32 0.8 0.016 0.784
62 0.8 0.016 0.784
62 0.784 0.16 0.624
32 0.784 0.16 0.624
23 0.8 0.16 0.64
23 0.710935 0.016 0.694935
23 0.694935 0.16 0.534935
64 0.8 0.16 0.64
64 0.718799 0.016 0.702799
64 0.702799 0.16 0.542799
14 0.8 0.16 0.64
48 0.8 0.16 0.64
14 0.713759 0.016 0.697759
48 0.716301 0.016 0.700301
14 0.697759 0.16 0.537759
48 0.700301 0.16 0.540301
4 0.8 0.16 0.64
17 0.8 0.16 0.64
51 0.8 0.16 0.64
4 0.64 0.16 0.48
17 0.64 0.16 0.48
51 0.64 0.16 0.48
4 0.557022 0.016 0.541022
17 0.55981 0.016 0.54381
51 0.558452 0.016 0.542452
4 0.541022 0.16 0.381022
17 0.54381 0.16 0.38381
51 0.542452 0.16 0.382452
46 0.8 0.016 0.784
57 0.8 0.016 0.784
57 0.784 0.16 0.624
46 0.784 0.16 0.624
20 0.8 0.16 0.64
20 0.719245 0.016 0.703245
20 0.703245 0.16 0.543245
66 0.8 0.16 0.64
66 0.710445 0.016 0.694445
66 0.694445 0.16 0.534445
12 0.8 0.016 0.784
41 0.8 0.016 0.784
41 0.784 0.16 0.624
12 0.784 0.16 0.624
5 0.8 0.16 0.64
31 0.8 0.16 0.64
5 0.64 0.16 0.48
31 0.64 0.16 0.48
5 0.554441 0.016 0.538441
19 0.8 0.016 0.784
31 0.558908 0.016 0.542908
31 0.542908 0.16 0.382908
5 0.538441 0.16 0.378441
19 0.784 0.16 0.624
49 0.8 0.16 0.64
49 0.717572 0.016 0.701572
49 0.701572 0.16 0.541572
39 0.8 0.16 0.64
56 0.8 0.16 0.64
39 0.715752 0.016 0.699752
56 0.717357 0.016 0.701357
56 0.701357 0.16 0.541357
39 0.699752 0.16 0.539752
3 0.8 0.016 0.784
11 0.8 0.016 0.784
40 0.8 0.016 0.784
58 0.8 0.016 0.784
65 0.8 0.016 0.784
58 0.784 0.16 0.624
65 0.784 0.16 0.624
3 0.784 0.16 0.624
11 0.784 0.16 0.624
40 0.784 0.16 0.624
29 0.8 0.16 0.64
55 0.8 0.16 0.64
29 0.71994 0.016 0.70394
29 0.70394 0.16 0.54394
42 0.8 0.16 0.64
55 0.713955 0.16 0.553955
42 0.717167 0.016 0.701167
55 0.625754 0.016 0.609754
42 0.701167 0.16 0.541167
55 0.609754 0.16 0.449754
28 0.8 0.016 0.784
28 0.784 0.16 0.624
33 0.8 0.016 0.784
34 0.8 0.016 0.784
33 0.784 0.16 0.624
34 0.784 0.16 0.624
16 0.8 0.16 0.64
16 0.64 0.16 0.48
16 0.558496 0.016 0.542496
16 0.542496 0.16 0.382496
47 0.8 0.016 0.784
47 0.784 0.16 0.624
2 0.8 0.16 0.64
43 0.8 0.16 0.64
43 0.715275 0.016 0.699275
43 0.699275 0.16 0.539275
2 0.71034 0.16 0.55034
25 0.8 0.16 0.64
53 0.8 0.16 0.64
63 0.8 0.16 0.64
2 0.626541 0.016 0.610541
25 0.719758 0.016 0.703758
53 0.716795 0.016 0.700795
63 0.716803 0.016 0.700803
2 0.610541 0.16 0.450541
53 0.700795 0.16 0.540795
25 0.703758 0.16 0.543758
63 0.700803 0.16 0.540803
6 0.8 0.16 0.64
6 0.64 0.16 0.48
6 0.48 0.16 0.32
6 0.32 0.16 0.16
6 0.238452 0.016 0.222452
6 0.222452 0.16 0.0624516
13 0.8 0.016 0.784
13 0.784 0.16 0.624
1 0.8 0.016 0.784
1 0.784 0.16 0.624
15 0.8 0.16 0.64
15 0.710588 0.016 0.694588
35 0.8 0.016 0.784
15 0.694588 0.16 0.534588
35 0.784 0.16 0.624
30 0.8 0.16 0.64
9 0.8 0.016 0.784
30 0.79595 0.016 0.77995
9 0.784 0.16 0.624
30 0.77995 0.16 0.61995
36 0.8 0.016 0.784
70 0.8 0.016 0.784
36 0.784 0.16 0.624
70 0.784 0.16 0.624
26 0.8 0.16 0.64
26 0.64 0.16 0.48
26 0.557785 0.016 0.541785
26 0.541785 0.16 0.381785
7 0.8 0.016 0.784
67 0.8 0.016 0.784
67 0.784 0.16 0.624
7 0.784 0.16 0.624
52 0.8 0.16 0.64
52 0.716779 0.016 0.700779
52 0.700779 0.16 0.540779
10 0.8 0.16 0.64
10 0.715401 0.016 0.699401
10 0.699401 0.16 0.539401
54 0.8 0.016 0.784
68 0.8 0.016 0.784
68 0.784 0.16 0.624
54 0.784 0.16 0.624
8 0.8 0.016 0.784
44 0.8 0.016 0.784
44 0.784 0.16 0.624
8 0.784 0.16 0.624
59 0.8 0.016 0.784
60 0.8 0.016 0.784
60 0.784 0.16 0.624
59 0.784 0.16 0.624
