50 0.8 0.016 0.784
50 0.784 0.16 0.624
17 0.8 0.016 0.784
17 0.784 0.16 0.624
26 0.8 0.016 0.784
49 0.8 0.016 0.784
26 0.784 0.16 0.624
49 0.784 0.16 0.624
47 0.8 0.016 0.784
47 0.784 0.16 0.624
3 0.8 0.016 0.784
10 0.8 0.016 0.784
33 0.8 0.016 0.784
33 0.784 0.16 0.624
3 0.784 0.16 0.624
10 0.784 0.16 0.624
22 0.8 0.016 0.784
28 0.8 0.016 0.784
22 0.784 0.16 0.624
28 0.784 0.16 0.624
16 0.8 0.16 0.64
16 0.716511 0.016 0.700511
16 0.700511 0.16 0.540511
40 0.8 0.016 0.784
40 0.784 0.16 0.624
11 0.8 0.16 0.64
30 0.8 0.16 0.64
37 0.8 0.16 0.64
41 0.8 0.16 0.64
30 0.716471 0.016 0.700471
37 0.718246 0.016 0.702246
41 0.713295 0.016 0.697295
37 0.702246 0.16 0.542246
30 0.700471 0.16 0.540471
41 0.697295 0.16 0.537295
11 0.712591 0.16 0.552591
11 0.552591 0.16 0.392591
11 0.392591 0.16 0.232591
11 0.310147 0.016 0.294147
11 0.294147 0.16 0.134147
14 0.8 0.016 0.784
14 0.784 0.16 0.624
6 0.8 0.16 0.64
6 0.712668 0.016 0.696668
6 0.696668 0.16 0.536668
29 0.8 0.016 0.784
35 0.8 0.016 0.784
29 0.784 0.16 0.624
35 0.784 0.16 0.624
13 0.8 0.016 0.784
23 0.8 0.016 0.784
46 0.8 0.016 0.784
13 0.784 0.16 0.624
46 0.784 0.16 0.624
23 0.784 0.16 0.624
24 0.8 0.016 0.784
48 0.8 0.016 0.784
24 0.784 0.16 0.624
48 0.784 0.16 0.624
44 0.8 0.16 0.64
44 0.64 0.16 0.48
44 0.552221 0.016 0.536221
44 0.536221 0.16 0.376221
7 0.8 0.016 0.784
19 0.8 0.016 0.784
38 0.8 0.016 0.784
38 0.784 0.16 0.624
7 0.784 0.16 0.624
19 0.784 0.16 0.624
1 0.8 0.16 0.64
1 0.71738 0.016 0.70138
1 0.70138 0.16 0.54138
18 0.8 0.16 0.64
18 0.719213 0.016 0.703213
18 0.703213 0.16 0.543213
15 0.8 0.016 0.784
42 0.8 0.016 0.784
15 0.784 0.16 0.624
42 0.784 0.16 0.624
4 0.8 0.16 0.64
21 0.8 0.16 0.64
21 0.719411 0.016 0.703411
21 0.703411 0.16 0.543411
4 0.717785 0.16 0.557785
4 0.630666 0.016 0.614666
4 0.614666 0.16 0.454666
25 0.8 0.016 0.784
25 0.784 0.16 0.624
2 0.8 0.16 0.64
12 0.8 0.16 0.64
2 0.719722 0.016 0.703722
12 0.710148 0.016 0.694148
2 0.703722 0.16 0.543722
12 0.694148 0.16 0.534148
34 0.8 0.016 0.784
36 0.8 0.016 0.784
36 0.784 0.16 0.624
34 0.784 0.16 0.624
20 0.8 0.16 0.64
20 0.718125 0.016 0.702125
20 0.702125 0.16 0.542125
39 0.8 0.016 0.784
39 0.784 0.16 0.624
43 0.8 0.016 0.784
45 0.8 0.016 0.784
43 0.784 0.16 0.624
45 0.784 0.16 0.624
32 0.8 0.16 0.64
32 0.71737 0.016 0.70137
32 0.70137 0.16 0.54137
9 0.8 0.016 0.784
9 0.784 0.16 0.624
27 0.8 0.016 0.784
27 0.784 0.16 0.624
8 0.8 0.16 0.64
8 0.71249 0.016 0.69649
8 0.69649 0.16 0.53649
5 0.8 0.016 0.784
5 0.784 0.16 0.624
31 0.8 0.016 0.784
31 0.784 0.16 0.624
