0 2110
0 2111
0 2112
0 2113
0 2114
0 2115
0 2116
0 2117
0 2118
0 2119
0 2122
0 2125
0 2133
0 2140
0 2147
32 2141
0 2151
0 2153
0 2156
72 2121
21 2131
42 2135
0 2162
86 2160
82 2158
0 2165
84 2132
0 2173
11 2126
0 2178
1 2176
70 2143
0 2183
0 2189
71 2159
63 2184
28 2163
0 2196
0 2203
0 2207
0 2214
19 2210
45 2182
46 2188
0 2218
60 2199
23 2148
0 2224
53 2172
4 2202
27 2191
0 2230
51 2201
6 2145
0 2231
0 2232
16 2175
25 2198
0 2233
55 2206
0 2234
74 2154
33 2221
0 2235
18 2138
3 2208
0 2236
49 2129
24 2169
17 2192
68 2161
0 2237
80 2222
66 2144
0 2238
0 2239
12 2219
0 2240
77 2227
89 2186
90 2177
0 2241
0 2242
0 2243
15 2216
37 2212
5 2181
0 2244
22 2166
0 2245
73 2149
0 2246
41 2170
0 2247
85 2205
40 2128
20 2168
81 2120
26 2187
0 2248
61 2139
8 2197
14 2193
0 2249
88 2164
13 2137
0 2250
64 2130
44 2157
65 2204
0 2251
0 2252
0 2253
56 2150
0 2254
7 2136
0 2255
31 2226
52 2215
76 2124
0 2256
39 2167
54 2194
34 2211
67 2155
0 2257
0 2258
62 2123
87 2217
0 2259
47 2127
57 2225
0 2260
10 2185
0 2261
69 2223
0 2262
36 2171
48 2142
29 2228
75 2190
0 2263
38 2134
0 2264
30 2146
0 2265
0 2266
58 2152
0 2267
2 2179
0 2268
9 2213
0 2269
83 2180
0 2270
59 2174
78 2195
0 2271
43 2220
0 2272
79 2200
0 2273
50 2229
0 2274
35 2209
0 2275
0 2276
0 2277
0 2278
0 2279
0 2280
0 2281
0 2282
0 2283
0 2284
0 2285
0 2286
0 2287
0 2288
0 2289
0 2290
0 2291
0 2292
0 2293
0 2294
0 2295
0 2296
0 2297
0 2298
0 2299
0 2300
0 2301
0 2302
0 2303
0 2304
0 2305
0 2306
0 2307
0 2308
0 2309
0 2310
0 2311
0 2312
0 2313
0 2314
0 2315
0 2316
0 2317
0 2318
0 2319
0 2320
0 2321
0 2322
0 2323
0 2324
0 2325
0 2326
0 2327
0 2328
0 2329
0 2330
0 2331
0 2332
0 2333
0 2334
0 2335
0 2336
0 2337
0 2338
0 2339
0 2340
0 2341
0 2342
0 2343
0 2344
0 2345
0 2346
0 2347
0 2348
0 2349
