78 0.8 0.016 0.784
78 0.784 0.16 0.624
15 0.8 0.16 0.64
15 0.717668 0.016 0.701668
44 0.8 0.016 0.784
44 0.784 0.16 0.624
15 0.701668 0.16 0.541668
59 0.8 0.16 0.64
79 0.8 0.16 0.64
59 0.64 0.16 0.48
79 0.64 0.16 0.48
59 0.550192 0.016 0.534192
79 0.553454 0.016 0.537454
59 0.534192 0.16 0.374192
79 0.537454 0.16 0.377454
49 0.8 0.016 0.784
52 0.8 0.016 0.784
49 0.784 0.16 0.624
52 0.784 0.16 0.624
76 0.8 0.16 0.64
76 0.717094 0.016 0.701094
76 0.701094 0.16 0.541094
26 0.8 0.016 0.784
26 0.784 0.16 0.624
37 0.8 0.016 0.784
37 0.784 0.16 0.624
18 0.8 0.016 0.784
18 0.784 0.16 0.624
56 0.8 0.016 0.784
56 0.784 0.16 0.624
68 0.8 0.16 0.64
68 0.71783 0.016 0.70183
68 0.70183 0.16 0.54183
70 0.8 0.016 0.784
70 0.784 0.16 0.624
17 0.8 0.16 0.64
17 0.710183 0.016 0.694183
17 0.694183 0.16 0.534183
16 0.8 0.16 0.64
27 0.8 0.16 0.64
16 0.710226 0.016 0.694226
27 0.710551 0.016 0.694551
27 0.694551 0.16 0.534551
16 0.694226 0.16 0.534226
58 0.8 0.16 0.64
58 0.719115 0.016 0.703115
58 0.703115 0.16 0.543115
22 0.8 0.016 0.784
51 0.8 0.016 0.784
51 0.784 0.16 0.624
22 0.784 0.16 0.624
74 0.8 0.16 0.64
74 0.719685 0.016 0.703685
74 0.703685 0.16 0.543685
10 0.8 0.016 0.784
25 0.8 0.016 0.784
50 0.8 0.016 0.784
50 0.784 0.16 0.624
25 0.784 0.16 0.624
10 0.784 0.16 0.624
28 0.8 0.16 0.64
28 0.719154 0.016 0.703154
28 0.703154 0.16 0.543154
4 0.8 0.16 0.64
57 0.8 0.16 0.64
4 0.718113 0.016 0.702113
57 0.710637 0.016 0.694637
4 0.702113 0.16 0.542113
57 0.694637 0.16 0.534637
23 0.8 0.16 0.64
23 0.715319 0.016 0.699319
23 0.699319 0.16 0.539319
19 0.8 0.16 0.64
35 0.8 0.16 0.64
19 0.714258 0.016 0.698258
35 0.719133 0.016 0.703133
19 0.698258 0.16 0.538258
35 0.703133 0.16 0.543133
24 0.8 0.016 0.784
53 0.8 0.016 0.784
71 0.8 0.016 0.784
24 0.784 0.16 0.624
71 0.784 0.16 0.624
53 0.784 0.16 0.624
60 0.8 0.16 0.64
66 0.8 0.16 0.64
75 0.8 0.16 0.64
60 0.64 0.16 0.48
66 0.64 0.16 0.48
75 0.64 0.16 0.48
60 0.48 0.16 0.32
66 0.48 0.16 0.32
75 0.48 0.16 0.32
60 0.395592 0.016 0.379592
66 0.394706 0.016 0.378706
60 0.379592 0.16 0.219592
66 0.378706 0.16 0.218706
63 0.8 0.16 0.64
75 0.393641 0.16 0.233641
63 0.64 0.16 0.48
75 0.233641 0.16 0.0736407
31 0.8 0.016 0.784
63 0.550922 0.016 0.534922
75 0.15237 0.016 0.13637
63 0.534922 0.16 0.374922
31 0.784 0.16 0.624
39 0.8 0.16 0.64
72 0.8 0.16 0.64
75 0.13637 0.16 -0.02363
39 0.64 0.16 0.48
48 0.8 0.16 0.64
72 0.64 0.16 0.48
75 0 0.16 -0.16
39 0.556363 0.016 0.540363
48 0.715828 0.016 0.699828
72 0.555751 0.016 0.539751
75 0.0742812 0.016 0.0582812
39 0.540363 0.16 0.380363
48 0.699828 0.16 0.539828
72 0.539751 0.16 0.379751
75 0.0582812 0.16 -0.101719
5 0.8 0.016 0.784
33 0.8 0.016 0.784
47 0.8 0.016 0.784
33 0.784 0.16 0.624
5 0.784 0.16 0.624
47 0.784 0.16 0.624
32 0.8 0.16 0.64
32 0.64 0.16 0.48
38 0.8 0.16 0.64
62 0.8 0.16 0.64
32 0.48 0.16 0.32
32 0.395269 0.016 0.379269
38 0.717434 0.016 0.701434
62 0.713326 0.016 0.697326
38 0.701434 0.16 0.541434
75 0.299088 0.16 0.139088
32 0.379269 0.16 0.219269
62 0.697326 0.16 0.537326
46 0.8 0.16 0.64
13 0.8 0.016 0.784
46 0.713505 0.016 0.697505
75 0.212458 0.16 0.0524581
46 0.697505 0.16 0.537505
13 0.784 0.16 0.624
54 0.8 0.16 0.64
80 0.8 0.16 0.64
54 0.79368 0.016 0.77768
67 0.8 0.016 0.784
80 0.791234 0.016 0.775234
80 0.775234 0.16 0.615234
54 0.77768 0.16 0.61768
67 0.784 0.16 0.624
69 0.8 0.016 0.784
69 0.784 0.16 0.624
34 0.8 0.016 0.784
34 0.784 0.16 0.624
36 0.8 0.16 0.64
40 0.8 0.16 0.64
45 0.8 0.16 0.64
36 0.715532 0.016 0.699532
40 0.71837 0.016 0.70237
42 0.8 0.016 0.784
45 0.717 0.016 0.701
45 0.701 0.16 0.541
40 0.70237 0.16 0.54237
42 0.784 0.16 0.624
36 0.699532 0.16 0.539532
30 0.8 0.16 0.64
30 0.64 0.16 0.48
30 0.48 0.16 0.32
30 0.32 0.16 0.16
30 0.239279 0.016 0.223279
30 0.223279 0.16 0.0632794
7 0.8 0.016 0.784
7 0.784 0.16 0.624
3 0.8 0.16 0.64
55 0.8 0.16 0.64
3 0.716116 0.016 0.700116
55 0.718268 0.016 0.702268
61 0.8 0.016 0.784
3 0.700116 0.16 0.540116
61 0.784 0.16 0.624
55 0.702268 0.16 0.542268
11 0.8 0.016 0.784
41 0.8 0.016 0.784
11 0.784 0.16 0.624
41 0.784 0.16 0.624
6 0.8 0.16 0.64
65 0.8 0.16 0.64
6 0.711081 0.016 0.695081
65 0.716324 0.016 0.700324
6 0.695081 0.16 0.535081
65 0.700324 0.16 0.540324
43 0.8 0.16 0.64
43 0.716379 0.016 0.700379
43 0.700379 0.16 0.540379
77 0.8 0.016 0.784
77 0.784 0.16 0.624
20 0.8 0.16 0.64
20 0.713401 0.016 0.697401
20 0.697401 0.16 0.537401
73 0.8 0.16 0.64
73 0.71074 0.016 0.69474
73 0.69474 0.16 0.53474
9 0.8 0.16 0.64
14 0.8 0.16 0.64
9 0.714634 0.016 0.698634
14 0.710843 0.016 0.694843
9 0.698634 0.16 0.538634
14 0.694843 0.16 0.534843
21 0.8 0.16 0.64
21 0.64 0.16 0.48
21 0.558443 0.016 0.542443
21 0.542443 0.16 0.382443
2 0.8 0.16 0.64
2 0.71915 0.016 0.70315
2 0.70315 0.16 0.54315
8 0.8 0.016 0.784
8 0.784 0.16 0.624
64 0.8 0.016 0.784
64 0.784 0.16 0.624
1 0.8 0.016 0.784
1 0.784 0.16 0.624
29 0.8 0.016 0.784
29 0.784 0.16 0.624
12 0.8 0.16 0.64
12 0.71555 0.016 0.69955
12 0.69955 0.16 0.53955
