29 890 0 100 32679668 1.05365 1.05365
2 913 0 100 32677620 1.95365 1.95365
1 917 0 100 32672962 2.05365 2.05365
20 923 0 100 32642924 2.25365 2.25365
7 922 0 100 32626894 2.65365 2.65365
16 936 0 100 32653116 2.85365 2.85365
15 909 0 100 32663156 2.95365 2.95365
10 915 0 100 32662110 3.05365 3.05365
23 901 0 100 32652918 3.05365 3.05365
25 903 0 100 32667956 3.15365 3.15365
26 928 0 100 32650178 3.25365 3.25365
21 907 0 100 32676054 3.25365 3.25365
6 906 0 100 32655918 3.45365 3.45365
12 921 0 100 32668812 3.65365 3.65365
13 896 0 100 32667610 3.85365 3.85365
18 926 0 100 32654842 3.95365 3.95365
5 916 0 100 32662804 4.05365 4.05365
3 929 0 100 32679158 4.15365 4.15365
4 930 0 100 32667196 4.35365 4.35365
30 905 0 100 32654084 4.35365 4.35365
14 912 0 100 32677546 4.35365 4.35365
11 891 0 100 32659900 4.45365 4.45365
9 898 0 100 32677356 4.55365 4.55365
19 895 0 100 32682942 5.95365 5.95365
28 919 0 100 32660340 6.65365 6.65365
22 938 0 100 32657018 6.85365 6.85365
27 911 0 100 32646902 6.85365 6.85365
8 934 0 100 32679176 7.55365 7.55365
24 933 0 100 32652686 7.65365 7.65365
