29 0.8 0.016 0.784
29 0.784 0.16 0.624
2 0.8 0.016 0.784
2 0.784 0.16 0.624
1 0.8 0.016 0.784
1 0.784 0.16 0.624
20 0.8 0.016 0.784
20 0.784 0.16 0.624
7 0.8 0.016 0.784
7 0.784 0.16 0.624
16 0.8 0.016 0.784
16 0.784 0.16 0.624
15 0.8 0.016 0.784
15 0.784 0.16 0.624
10 0.8 0.16 0.64
23 0.8 0.16 0.64
10 0.717371 0.016 0.701371
23 0.718132 0.016 0.702132
10 0.701371 0.16 0.541371
23 0.702132 0.16 0.542132
17 0.8 0.16 0.64
17 0.64 0.16 0.48
17 0.552433 0.016 0.536433
25 0.8 0.016 0.784
17 0.536433 0.16 0.376433
25 0.784 0.16 0.624
26 0.8 0.16 0.64
21 0.8 0.016 0.784
26 0.712697 0.016 0.696697
26 0.696697 0.16 0.536697
21 0.784 0.16 0.624
6 0.8 0.016 0.784
6 0.784 0.16 0.624
12 0.8 0.016 0.784
12 0.784 0.16 0.624
13 0.8 0.016 0.784
13 0.784 0.16 0.624
18 0.8 0.16 0.64
18 0.712027 0.016 0.696027
18 0.696027 0.16 0.536027
5 0.8 0.016 0.784
5 0.784 0.16 0.624
3 0.8 0.016 0.784
3 0.784 0.16 0.624
4 0.8 0.016 0.784
14 0.8 0.016 0.784
30 0.8 0.016 0.784
4 0.784 0.16 0.624
30 0.784 0.16 0.624
14 0.784 0.16 0.624
11 0.8 0.16 0.64
11 0.64 0.16 0.48
11 0.48 0.16 0.32
11 0.394726 0.016 0.378726
11 0.378726 0.16 0.218726
9 0.8 0.016 0.784
9 0.784 0.16 0.624
19 0.8 0.016 0.784
19 0.784 0.16 0.624
28 0.8 0.016 0.784
28 0.784 0.16 0.624
22 0.8 0.016 0.784
27 0.8 0.016 0.784
22 0.784 0.16 0.624
27 0.784 0.16 0.624
8 0.8 0.016 0.784
8 0.784 0.16 0.624
24 0.8 0.16 0.64
24 0.715817 0.016 0.699817
24 0.699817 0.16 0.539817
