0 2350
0 2351
0 2352
0 2353
0 2354
0 2355
0 2356
0 2357
0 2358
0 2359
0 2364
64 2361
0 2369
0 2377
0 2383
58 2368
87 2362
0 2387
0 2393
0 2397
51 2389
21 2367
0 2402
45 2396
0 2409
13 2408
0 2416
50 2388
0 2423
0 2427
32 2360
5 2391
0 2435
54 2373
46 2419
52 2363
14 2428
4 2418
0 2448
55 2390
0 2454
22 2453
93 2400
34 2433
0 2461
61 2407
56 2457
0 2465
0 2469
3 2458
28 2378
100 2451
0 2472
0 2478
47 2442
33 2406
29 2456
90 2468
0 2480
76 2380
99 2470
96 2394
0 2481
75 2422
74 2372
7 2445
41 2405
79 2417
0 2482
20 2444
0 2483
0 2484
98 2430
85 2421
0 2485
6 2374
0 2486
35 2471
23 2474
0 2487
43 2415
0 2488
57 2375
59 2459
97 2439
83 2473
86 2413
0 2489
2 2440
71 2382
0 2490
30 2431
0 2491
53 2475
69 2365
0 2492
18 2452
24 2436
36 2443
15 2437
88 2403
1 2392
0 2493
10 2426
42 2477
94 2395
0 2494
31 2438
37 2404
0 2495
77 2366
0 2496
81 2441
25 2379
12 2398
0 2497
11 2420
73 2399
67 2401
17 2446
0 2498
0 2499
0 2500
40 2479
0 2501
0 2502
95 2376
0 2503
44 2381
0 2504
82 2384
89 2447
0 2505
0 2506
0 2507
72 2450
8 2410
78 2467
0 2508
26 2455
48 2466
0 2509
66 2425
0 2510
68 2386
16 2371
80 2414
39 2462
0 2511
27 2385
38 2370
0 2512
62 2460
0 2513
19 2424
0 2514
0 2515
0 2516
49 2412
0 2517
9 2434
0 2518
92 2411
60 2429
0 2519
65 2432
0 2520
0 2521
91 2463
0 2522
0 2523
0 2524
70 2449
84 2464
0 2525
0 2526
63 2476
0 2527
0 2528
0 2529
0 2530
0 2531
0 2532
0 2533
0 2534
0 2535
0 2536
0 2537
0 2538
0 2539
0 2540
0 2541
0 2542
0 2543
0 2544
0 2545
0 2546
0 2547
0 2548
0 2549
0 2550
0 2551
0 2552
0 2553
0 2554
0 2555
0 2556
0 2557
0 2558
0 2559
0 2560
0 2561
0 2562
0 2563
0 2564
0 2565
0 2566
0 2567
0 2568
0 2569
0 2570
0 2571
0 2572
0 2573
0 2574
0 2575
0 2576
0 2577
0 2578
0 2579
0 2580
0 2581
0 2582
0 2583
0 2584
0 2585
0 2586
0 2587
0 2588
0 2589
0 2590
0 2591
0 2592
0 2593
0 2594
0 2595
0 2596
0 2597
0 2598
0 2599
