24 1682 0 100 32665438 1.66713 1.66713
22 1685 0 100 32641498 1.66713 1.66713
38 1679 0 100 32662106 2.06713 2.06713
18 1705 0 100 32669036 2.16713 2.16713
27 1695 0 100 32660358 2.26713 2.26713
37 1671 0 100 32635778 2.36713 2.36713
61 1717 0 100 32634112 2.36713 2.36713
69 1704 0 100 32665826 2.46713 2.46713
45 1672 0 100 32665182 2.46713 2.46713
62 1692 0 100 32656928 2.66713 2.66713
32 1737 0 100 32677690 2.66713 2.66713
23 1703 0 100 32682562 2.76713 2.76713
64 1750 0 100 32677410 2.86713 2.86713
14 1681 0 100 32666930 2.96713 2.96713
48 1748 0 100 32679340 2.96713 2.96713
4 1752 0 100 32653448 3.06713 3.06713
17 1710 0 100 32651930 3.06713 3.06713
51 1701 0 100 32660006 3.06713 3.06713
57 1676 0 100 32678006 3.26713 3.26713
46 1733 0 100 32645432 3.26713 3.26713
20 1757 0 100 32668696 3.36713 3.36713
66 1707 0 100 32658348 3.46713 3.46713
41 1716 0 100 32669854 3.56713 3.56713
12 1711 0 100 32676992 3.56713 3.56713
31 1749 0 100 32626682 3.66713 3.66713
19 1742 0 100 32677336 3.66713 3.66713
49 1719 0 100 32649836 3.76713 3.76713
56 1690 0 100 32651600 3.86713 3.86713
39 1722 0 100 32646568 3.86713 3.86713
65 1697 0 100 32652644 4.06713 4.06713
3 1739 0 100 32676360 4.06713 4.06713
11 1727 0 100 32672694 4.06713 4.06713
40 1746 0 100 32681362 4.06713 4.06713
29 1689 0 100 32680286 4.16713 4.16713
55 1670 0 100 32663624 4.26713 4.26713
28 1744 0 100 32676106 4.36713 4.36713
33 1726 0 100 32660760 4.56713 4.56713
34 1736 0 100 32644754 4.56713 4.56713
16 1688 0 100 32652900 4.66713 4.66713
47 1702 0 100 32681660 4.76713 4.76713
43 1721 0 100 32655558 4.86713 4.86713
2 1723 0 100 32653868 4.96713 4.96713
53 1755 0 100 32668650 4.96713 4.96713
25 1693 0 100 32639506 4.96713 4.96713
63 1712 0 100 32646594 4.96713 4.96713
6 1698 0 100 32657830 5.06713 5.06713
13 1734 0 100 32673868 5.26713 5.26713
1 1699 0 100 32661482 5.46713 5.46713
15 1732 0 100 32657256 5.56713 5.56713
35 1714 0 100 32680098 5.56713 5.56713
9 1683 0 100 32676370 5.76713 5.76713
30 1715 0 100 32655746 5.76713 5.76713
36 1729 0 100 32654406 6.06713 6.06713
70 1675 0 100 32645824 6.06713 6.06713
26 1687 0 100 32664084 6.16713 6.16713
67 1741 0 100 32650800 6.36713 6.36713
7 1730 0 100 32675882 6.36713 6.36713
52 1754 0 100 32659174 6.46713 6.46713
10 1709 0 100 32671968 6.56713 6.56713
68 1708 0 100 32647070 6.76713 6.76713
54 1735 0 100 32649942 6.76713 6.76713
44 1740 0 100 32634290 7.06713 7.06713
8 1724 0 100 32641346 7.06713 7.06713
60 1758 0 100 32656904 7.56713 7.56713
59 1753 0 100 32646174 7.56713 7.56713
