0 1250
0 1251
0 1252
0 1253
0 1254
0 1255
0 1256
0 1257
0 1258
0 1259
0 1261
0 1266
0 1272
0 1275
0 1279
50 1268
0 1282
17 1264
0 1283
0 1285
26 1284
49 1269
0 1287
0 1295
0 1296
0 1302
0 1309
0 1312
0 1314
47 1281
0 1316
0 1319
0 1321
33 1317
3 1303
10 1293
0 1325
0 1328
22 1300
28 1278
0 1330
16 1270
0 1331
0 1332
0 1333
40 1263
0 1334
37 1306
30 1276
41 1318
0 1335
11 1271
0 1336
14 1277
0 1337
6 1298
0 1338
29 1267
35 1286
0 1339
0 1340
0 1341
13 1288
46 1290
23 1297
0 1342
0 1343
24 1327
48 1292
0 1344
44 1273
0 1345
0 1346
38 1315
7 1307
19 1322
0 1347
1 1308
0 1348
18 1280
0 1349
15 1301
42 1305
0 1350
21 1326
0 1351
4 1260
0 1352
0 1353
0 1354
25 1265
0 1355
2 1262
12 1310
0 1356
0 1357
0 1358
36 1291
34 1274
0 1359
20 1294
0 1360
0 1361
39 1311
0 1362
0 1363
0 1364
0 1365
0 1366
0 1367
0 1368
43 1323
45 1304
0 1369
32 1289
0 1370
9 1299
0 1371
0 1372
27 1320
0 1373
8 1324
0 1374
5 1313
0 1375
0 1376
31 1329
0 1377
0 1378
0 1379
0 1380
0 1381
0 1382
0 1383
0 1384
0 1385
0 1386
0 1387
0 1388
0 1389
0 1390
0 1391
0 1392
0 1393
0 1394
0 1395
0 1396
0 1397
0 1398
0 1399
0 1400
0 1401
0 1402
0 1403
0 1404
0 1405
0 1406
0 1407
0 1408
0 1409
0 1410
0 1411
0 1412
0 1413
0 1414
0 1415
0 1416
0 1417
0 1418
0 1419
0 1420
0 1421
0 1422
0 1423
0 1424
0 1425
0 1426
0 1427
0 1428
0 1429
0 1430
0 1431
0 1432
0 1433
0 1434
0 1435
0 1436
0 1437
0 1438
0 1439
0 1440
0 1441
0 1442
0 1443
0 1444
0 1445
0 1446
0 1447
0 1448
0 1449
