57 1461 1.05939
15 1462 1.10869
50 1463 1.14153
8 1465 1.16234
11 1466 1.16301
52 1467 1.19292
12 1468 1.20747
59 1469 1.20847
2 1470 1.24003
29 1471 1.25699
56 1473 1.27182
31 1474 1.2729
4 1476 1.40584
16 1478 1.48767
17 1479 1.51548
55 1480 1.5281
33 1482 1.57429
1 1483 1.59512
23 1484 1.6003
32 1485 1.60958
48 1486 1.62737
42 1488 1.66424
54 1490 1.77214
10 1491 1.83988
53 1492 1.8541
18 1494 1.87765
46 1495 1.89114
14 1496 1.91016
35 1497 1.93657
22 1499 1.98995
58 1500 2.05132
27 1502 2.10246
19 1503 2.11148
36 1505 2.17685
26 1506 2.18574
3 1507 2.19689
5 1508 2.22289
45 1509 2.25827
7 1511 2.26127
25 1512 2.33049
9 1513 2.33733
51 1514 2.33813
49 1516 2.44197
21 1517 2.44269
34 1519 2.47488
40 1520 2.49908
13 1521 2.53227
20 1522 2.54318
43 1524 2.57924
38 1525 2.58338
6 1526 2.64454
47 1528 2.67156
28 1529 2.71313
41 1530 2.7205
39 1531 2.72373
37 1533 2.80777
44 1534 2.82328
60 1536 2.94478
30 1538 2.97568
24 1539 2.97821
