81 2120 1.01889
72 2121 1.02552
62 2123 1.09788
76 2124 1.13007
11 2126 1.15303
47 2127 1.18155
40 2128 1.18524
49 2129 1.18789
64 2130 1.19117
21 2131 1.20729
84 2132 1.2387
38 2134 1.24536
42 2135 1.29974
7 2136 1.31391
13 2137 1.32057
18 2138 1.32798
61 2139 1.33243
32 2141 1.3542
48 2142 1.37319
70 2143 1.40293
66 2144 1.41911
6 2145 1.42815
30 2146 1.44239
23 2148 1.4557
73 2149 1.46333
56 2150 1.53595
58 2152 1.5502
74 2154 1.70734
67 2155 1.71445
44 2157 1.76263
82 2158 1.79316
71 2159 1.80649
86 2160 1.83396
68 2161 1.8421
28 2163 1.91598
88 2164 1.94116
22 2166 1.96214
39 2167 1.9823
20 2168 1.9865
24 2169 2.01543
41 2170 2.02569
36 2171 2.03298
53 2172 2.03565
59 2174 2.05963
16 2175 2.08992
1 2176 2.11518
90 2177 2.12499
2 2179 2.14971
83 2180 2.22507
5 2181 2.23326
45 2182 2.24199
63 2184 2.25315
10 2185 2.26044
89 2186 2.31343
26 2187 2.32032
46 2188 2.32647
75 2190 2.34712
27 2191 2.34771
17 2192 2.38642
14 2193 2.41442
54 2194 2.41631
78 2195 2.43058
8 2197 2.44491
25 2198 2.47837
60 2199 2.48284
79 2200 2.50347
51 2201 2.51225
4 2202 2.53087
65 2204 2.58217
85 2205 2.61759
55 2206 2.62275
3 2208 2.66268
35 2209 2.66329
19 2210 2.68079
34 2211 2.72844
37 2212 2.73974
9 2213 2.74235
52 2215 2.74641
15 2216 2.77117
87 2217 2.8201
12 2219 2.84866
43 2220 2.85228
33 2221 2.86954
80 2222 2.91644
69 2223 2.92883
57 2225 2.95697
31 2226 2.95986
77 2227 2.96287
29 2228 2.9669
50 2229 2.9925
