0 1660
0 1661
0 1662
0 1663
0 1664
0 1665
0 1666
0 1667
0 1668
0 1669
0 1673
0 1678
0 1680
0 1684
0 1691
0 1694
0 1696
24 1682
21 1677
22 1685
0 1700
0 1706
0 1713
0 1720
38 1679
0 1725
18 1705
0 1728
27 1695
0 1731
37 1671
50 1718
61 1717
0 1738
69 1704
45 1672
0 1745
0 1747
62 1692
32 1737
0 1751
23 1703
0 1756
64 1750
0 1759
14 1681
48 1748
0 1760
4 1752
17 1710
51 1701
0 1761
0 1762
57 1676
46 1733
0 1763
20 1757
0 1764
66 1707
0 1765
41 1716
12 1711
0 1766
31 1749
5 1674
19 1742
0 1767
49 1719
0 1768
56 1690
39 1722
0 1769
0 1770
58 1743
65 1697
3 1739
11 1727
40 1746
0 1771
29 1689
0 1772
42 1686
55 1670
0 1773
28 1744
0 1774
0 1775
33 1726
34 1736
0 1776
16 1688
0 1777
47 1702
0 1778
43 1721
0 1779
2 1723
53 1755
25 1693
63 1712
0 1780
6 1698
0 1781
0 1782
13 1734
0 1783
0 1784
1 1699
0 1785
15 1732
35 1714
0 1786
0 1787
9 1683
30 1715
0 1788
0 1789
0 1790
36 1729
70 1675
0 1791
26 1687
0 1792
0 1793
67 1741
7 1730
0 1794
52 1754
0 1795
10 1709
0 1796
0 1797
68 1708
54 1735
0 1798
0 1799
0 1800
44 1740
8 1724
0 1801
0 1802
0 1803
0 1804
0 1805
60 1758
59 1753
0 1806
0 1807
0 1808
0 1809
0 1810
0 1811
0 1812
0 1813
0 1814
0 1815
0 1816
0 1817
0 1818
0 1819
0 1820
0 1821
0 1822
0 1823
0 1824
0 1825
0 1826
0 1827
0 1828
0 1829
0 1830
0 1831
0 1832
0 1833
0 1834
0 1835
0 1836
0 1837
0 1838
0 1839
0 1840
0 1841
0 1842
0 1843
0 1844
0 1845
0 1846
0 1847
0 1848
0 1849
0 1850
0 1851
0 1852
0 1853
0 1854
0 1855
0 1856
0 1857
0 1858
0 1859
0 1860
0 1861
0 1862
0 1863
0 1864
0 1865
0 1866
0 1867
0 1868
0 1869
0 1870
0 1871
0 1872
0 1873
0 1874
0 1875
0 1876
0 1877
0 1878
0 1879
