29 0.8 0.016 0.784
29 0.784 0.16 0.624
23 0.8 0.016 0.784
23 0.784 0.16 0.624
2 0.8 0.16 0.64
2 0.710582 0.016 0.694582
34 0.8 0.016 0.784
38 0.8 0.016 0.784
34 0.784 0.16 0.624
2 0.694582 0.16 0.534582
38 0.784 0.16 0.624
6 0.8 0.16 0.64
8 0.8 0.16 0.64
6 0.64 0.16 0.48
8 0.64 0.16 0.48
6 0.559133 0.016 0.543133
8 0.559241 0.016 0.543241
8 0.543241 0.16 0.383241
6 0.543133 0.16 0.383133
14 0.8 0.016 0.784
14 0.784 0.16 0.624
1 0.8 0.016 0.784
19 0.8 0.016 0.784
33 0.8 0.016 0.784
1 0.784 0.16 0.624
19 0.784 0.16 0.624
33 0.784 0.16 0.624
5 0.8 0.016 0.784
21 0.8 0.016 0.784
21 0.784 0.16 0.624
5 0.784 0.16 0.624
15 0.8 0.016 0.784
15 0.784 0.16 0.624
10 0.8 0.16 0.64
17 0.8 0.16 0.64
10 0.716774 0.016 0.700774
17 0.714396 0.016 0.698396
10 0.700774 0.16 0.540774
17 0.698396 0.16 0.538396
7 0.8 0.016 0.784
11 0.8 0.016 0.784
11 0.784 0.16 0.624
7 0.784 0.16 0.624
25 0.8 0.016 0.784
36 0.8 0.016 0.784
25 0.784 0.16 0.624
36 0.784 0.16 0.624
4 0.8 0.16 0.64
4 0.64 0.16 0.48
4 0.558652 0.016 0.542652
4 0.542652 0.16 0.382652
3 0.8 0.016 0.784
3 0.784 0.16 0.624
9 0.8 0.016 0.784
26 0.8 0.016 0.784
9 0.784 0.16 0.624
26 0.784 0.16 0.624
22 0.8 0.016 0.784
22 0.784 0.16 0.624
40 0.8 0.016 0.784
40 0.784 0.16 0.624
31 0.8 0.016 0.784
31 0.784 0.16 0.624
37 0.8 0.16 0.64
37 0.717068 0.016 0.701068
37 0.701068 0.16 0.541068
30 0.8 0.16 0.64
12 0.8 0.016 0.784
30 0.710399 0.016 0.694399
12 0.784 0.16 0.624
30 0.694399 0.16 0.534399
24 0.8 0.016 0.784
24 0.784 0.16 0.624
13 0.8 0.016 0.784
13 0.784 0.16 0.624
32 0.8 0.016 0.784
32 0.784 0.16 0.624
18 0.8 0.016 0.784
18 0.784 0.16 0.624
27 0.8 0.16 0.64
27 0.712225 0.016 0.696225
27 0.696225 0.16 0.536225
35 0.8 0.016 0.784
35 0.784 0.16 0.624
16 0.8 0.016 0.784
16 0.784 0.16 0.624
20 0.8 0.016 0.784
28 0.8 0.016 0.784
28 0.784 0.16 0.624
20 0.784 0.16 0.624
39 0.8 0.016 0.784
39 0.784 0.16 0.624
