32 2141 0 100 32671466 1.4437 1.4437
72 2121 0 100 32651650 1.7437 1.7437
21 2131 0 100 32661468 1.7437 1.7437
42 2135 0 100 32678082 1.7437 1.7437
86 2160 0 100 32620426 1.8437 1.8437
82 2158 0 100 32682822 1.8437 1.8437
84 2132 0 100 32647228 1.9437 1.9437
11 2126 0 100 32644600 2.0437 2.0437
1 2176 0 100 32645094 2.1437 2.1437
70 2143 0 100 32652300 2.1437 2.1437
71 2159 0 100 32634692 2.3437 2.3437
63 2184 0 100 32654712 2.3437 2.3437
28 2163 0 100 32670030 2.3437 2.3437
45 2182 0 100 32655344 2.7437 2.7437
46 2188 0 100 32632918 2.7437 2.7437
60 2199 0 100 32648026 2.8437 2.8437
23 2148 0 100 32664348 2.8437 2.8437
53 2172 0 100 32672158 2.9437 2.9437
4 2202 0 100 32640616 2.9437 2.9437
27 2191 0 100 32673914 2.9437 2.9437
51 2201 0 100 32659136 3.0437 3.0437
6 2145 0 100 32634630 3.0437 3.0437
25 2198 0 100 32643006 3.2437 3.2437
55 2206 0 100 32667960 3.3437 3.3437
74 2154 0 100 32659416 3.4437 3.4437
33 2221 0 100 32635150 3.4437 3.4437
18 2138 0 100 32655534 3.5437 3.5437
3 2208 0 100 32638442 3.5437 3.5437
49 2129 0 100 32674486 3.6437 3.6437
24 2169 0 100 32675146 3.6437 3.6437
68 2161 0 100 32671504 3.6437 3.6437
80 2222 0 100 32654148 3.7437 3.7437
66 2144 0 100 32644458 3.7437 3.7437
12 2219 0 100 32646960 3.9437 3.9437
77 2227 0 100 32681416 4.0437 4.0437
90 2177 0 100 32649868 4.0437 4.0437
37 2212 0 100 32638306 4.3437 4.3437
5 2181 0 100 32681356 4.3437 4.3437
22 2166 0 100 32673294 4.4437 4.4437
73 2149 0 100 32669696 4.5437 4.5437
41 2170 0 100 32673812 4.6437 4.6437
85 2205 0 100 32632688 4.7437 4.7437
40 2128 0 100 32678806 4.7437 4.7437
20 2168 0 100 32664684 4.7437 4.7437
81 2120 0 100 32678946 4.7437 4.7437
26 2187 0 100 32639466 4.7437 4.7437
61 2139 0 100 32682794 4.8437 4.8437
14 2193 0 100 32679124 4.8437 4.8437
88 2164 0 100 32654708 4.9437 4.9437
13 2137 0 100 32645996 4.9437 4.9437
64 2130 0 100 32664590 5.0437 5.0437
44 2157 0 100 32626674 5.0437 5.0437
65 2204 0 100 32648858 5.0437 5.0437
56 2150 0 100 32646662 5.3437 5.3437
7 2136 0 100 32632410 5.4437 5.4437
31 2226 0 100 32637804 5.5437 5.5437
52 2215 0 100 32661652 5.5437 5.5437
76 2124 0 100 32640670 5.5437 5.5437
39 2167 0 100 32677608 5.6437 5.6437
54 2194 0 100 32672028 5.6437 5.6437
34 2211 0 100 32652514 5.6437 5.6437
67 2155 0 100 32653334 5.6437 5.6437
62 2123 0 100 32631212 5.8437 5.8437
87 2217 0 100 32656658 5.8437 5.8437
47 2127 0 100 32681276 5.9437 5.9437
57 2225 0 100 32669212 5.9437 5.9437
10 2185 0 100 32666078 6.0437 6.0437
69 2223 0 100 32638004 6.1437 6.1437
48 2142 0 100 32652644 6.2437 6.2437
75 2190 0 100 32677218 6.2437 6.2437
38 2134 0 100 32656094 6.3437 6.3437
30 2146 0 100 32647428 6.4437 6.4437
58 2152 0 100 32665136 6.6437 6.6437
2 2179 0 100 32657648 6.7437 6.7437
9 2213 0 100 32634798 6.8437 6.8437
83 2180 0 100 32661802 6.9437 6.9437
78 2195 0 100 32673206 7.0437 7.0437
43 2220 0 100 32630468 7.1437 7.1437
79 2200 0 100 32674354 7.2437 7.2437
50 2229 0 100 32666946 7.3437 7.3437
35 2209 0 100 32659972 7.4437 7.4437
