50 1268 0 100 32643080 1.44427 1.44427
17 1264 0 100 32641158 1.54427 1.54427
26 1284 0 100 32664996 1.74427 1.74427
49 1269 0 100 32667450 1.74427 1.74427
47 1281 0 100 32648170 2.44427 2.44427
33 1317 0 100 32681210 2.74427 2.74427
3 1303 0 100 32632356 2.74427 2.74427
10 1293 0 100 32663622 2.74427 2.74427
22 1300 0 100 32657094 2.94427 2.94427
28 1278 0 100 32651358 2.94427 2.94427
16 1270 0 100 32681626 3.04427 3.04427
40 1263 0 100 32678500 3.34427 3.34427
37 1306 0 100 32660180 3.44427 3.44427
30 1276 0 100 32653382 3.44427 3.44427
41 1318 0 100 32659372 3.44427 3.44427
11 1271 0 100 32659904 3.54427 3.54427
14 1277 0 100 32638758 3.64427 3.64427
6 1298 0 100 32651198 3.74427 3.74427
35 1286 0 100 32662858 3.84427 3.84427
46 1290 0 100 32671904 4.14427 4.14427
23 1297 0 100 32666842 4.14427 4.14427
24 1327 0 100 32673360 4.34427 4.34427
48 1292 0 100 32665204 4.34427 4.34427
44 1273 0 100 32665826 4.44427 4.44427
38 1315 0 100 32675940 4.64427 4.64427
7 1307 0 100 32667018 4.64427 4.64427
19 1322 0 100 32641592 4.64427 4.64427
1 1308 0 100 32678292 4.74427 4.74427
18 1280 0 100 32647080 4.84427 4.84427
42 1305 0 100 32676094 4.94427 4.94427
21 1326 0 100 32649014 5.04427 5.04427
4 1260 0 100 32649810 5.14427 5.14427
25 1265 0 100 32652432 5.44427 5.44427
12 1310 0 100 32660532 5.54427 5.54427
36 1291 0 100 32674320 5.84427 5.84427
34 1274 0 100 32669996 5.84427 5.84427
20 1294 0 100 32676748 5.94427 5.94427
39 1311 0 100 32656808 6.14427 6.14427
43 1323 0 100 32644976 6.84427 6.84427
45 1304 0 100 32679954 6.84427 6.84427
32 1289 0 100 32644118 6.94427 6.94427
9 1299 0 100 32668334 7.04427 7.04427
27 1320 0 100 32663900 7.24427 7.24427
8 1324 0 100 32653118 7.34427 7.34427
5 1313 0 100 32676222 7.44427 7.44427
31 1329 0 100 32670452 7.64427 7.64427
