2 0.8 0.016 0.784
2 0.784 0.16 0.624
10 0.8 0.16 0.64
10 0.711076 0.016 0.695076
10 0.695076 0.16 0.535076
58 0.8 0.016 0.784
58 0.784 0.16 0.624
56 0.8 0.016 0.784
56 0.784 0.16 0.624
23 0.8 0.16 0.64
42 0.8 0.16 0.64
23 0.710533 0.016 0.694533
42 0.718235 0.016 0.702235
23 0.694533 0.16 0.534533
42 0.702235 0.16 0.542235
17 0.8 0.16 0.64
17 0.712734 0.016 0.696734
17 0.696734 0.16 0.536734
1 0.8 0.16 0.64
6 0.8 0.16 0.64
1 0.719943 0.016 0.703943
6 0.712284 0.016 0.696284
1 0.703943 0.16 0.543943
6 0.696284 0.16 0.536284
31 0.8 0.16 0.64
31 0.711479 0.016 0.695479
31 0.695479 0.16 0.535479
15 0.8 0.16 0.64
33 0.8 0.16 0.64
48 0.8 0.16 0.64
15 0.713438 0.016 0.697438
33 0.71775 0.016 0.70175
48 0.71063 0.016 0.69463
33 0.70175 0.16 0.54175
48 0.69463 0.16 0.53463
15 0.697438 0.16 0.537438
25 0.8 0.16 0.64
5 0.8 0.16 0.64
25 0.64 0.16 0.48
5 0.64 0.16 0.48
25 0.48 0.16 0.32
5 0.557818 0.016 0.541818
25 0.391129 0.016 0.375129
5 0.541818 0.16 0.381818
25 0.375129 0.16 0.215129
9 0.8 0.016 0.784
9 0.784 0.16 0.624
7 0.8 0.016 0.784
34 0.8 0.016 0.784
34 0.784 0.16 0.624
7 0.784 0.16 0.624
29 0.8 0.016 0.784
29 0.784 0.16 0.624
22 0.8 0.16 0.64
37 0.8 0.16 0.64
55 0.8 0.16 0.64
22 0.712999 0.016 0.696999
37 0.710571 0.016 0.694571
55 0.718328 0.016 0.702328
57 0.8 0.016 0.784
37 0.694571 0.16 0.534571
57 0.784 0.16 0.624
55 0.702328 0.16 0.542328
22 0.696999 0.16 0.536999
50 0.8 0.16 0.64
50 0.64 0.16 0.48
50 0.48 0.16 0.32
50 0.393424 0.016 0.377424
50 0.377424 0.16 0.217424
45 0.8 0.16 0.64
45 0.712916 0.016 0.696916
45 0.696916 0.16 0.536916
14 0.8 0.016 0.784
14 0.784 0.16 0.624
41 0.8 0.16 0.64
41 0.712984 0.016 0.696984
41 0.696984 0.16 0.536984
4 0.8 0.016 0.784
30 0.8 0.016 0.784
32 0.8 0.016 0.784
4 0.784 0.16 0.624
30 0.784 0.16 0.624
32 0.784 0.16 0.624
38 0.8 0.16 0.64
38 0.717125 0.016 0.701125
38 0.701125 0.16 0.541125
8 0.8 0.16 0.64
8 0.711811 0.016 0.695811
8 0.695811 0.16 0.535811
12 0.8 0.16 0.64
12 0.718133 0.016 0.702133
12 0.702133 0.16 0.542133
16 0.8 0.016 0.784
16 0.784 0.16 0.624
20 0.8 0.016 0.784
59 0.8 0.016 0.784
59 0.784 0.16 0.624
20 0.784 0.16 0.624
11 0.8 0.16 0.64
11 0.64 0.16 0.48
11 0.554444 0.016 0.538444
11 0.538444 0.16 0.378444
47 0.8 0.16 0.64
47 0.713501 0.016 0.697501
47 0.697501 0.16 0.537501
53 0.8 0.016 0.784
53 0.784 0.16 0.624
26 0.8 0.16 0.64
27 0.8 0.16 0.64
26 0.714194 0.016 0.698194
27 0.712466 0.016 0.696466
27 0.696466 0.16 0.536466
26 0.698194 0.16 0.538194
43 0.8 0.016 0.784
52 0.8 0.016 0.784
52 0.784 0.16 0.624
43 0.784 0.16 0.624
19 0.8 0.16 0.64
19 0.711643 0.016 0.695643
19 0.695643 0.16 0.535643
18 0.8 0.016 0.784
60 0.8 0.016 0.784
60 0.784 0.16 0.624
18 0.784 0.16 0.624
13 0.8 0.016 0.784
13 0.784 0.16 0.624
51 0.8 0.16 0.64
54 0.8 0.16 0.64
51 0.719634 0.016 0.703634
54 0.713548 0.016 0.697548
54 0.697548 0.16 0.537548
51 0.703634 0.16 0.543634
46 0.8 0.016 0.784
46 0.784 0.16 0.624
28 0.8 0.16 0.64
28 0.711152 0.016 0.695152
28 0.695152 0.16 0.535152
24 0.8 0.16 0.64
24 0.717032 0.016 0.701032
24 0.701032 0.16 0.541032
35 0.8 0.016 0.784
39 0.8 0.016 0.784
35 0.784 0.16 0.624
39 0.784 0.16 0.624
21 0.8 0.16 0.64
3 0.8 0.16 0.64
36 0.8 0.16 0.64
3 0.716039 0.016 0.700039
21 0.711731 0.016 0.695731
36 0.718302 0.016 0.702302
3 0.700039 0.16 0.540039
36 0.702302 0.16 0.542302
21 0.695731 0.16 0.535731
49 0.8 0.016 0.784
49 0.784 0.16 0.624
40 0.8 0.016 0.784
40 0.784 0.16 0.624
44 0.8 0.016 0.784
44 0.784 0.16 0.624
