32 0.8 0.016 0.784
32 0.784 0.16 0.624
21 0.8 0.016 0.784
42 0.8 0.016 0.784
72 0.8 0.016 0.784
72 0.784 0.16 0.624
21 0.784 0.16 0.624
42 0.784 0.16 0.624
82 0.8 0.016 0.784
86 0.8 0.016 0.784
86 0.784 0.16 0.624
82 0.784 0.16 0.624
84 0.8 0.016 0.784
84 0.784 0.16 0.624
11 0.8 0.16 0.64
11 0.71125 0.016 0.69525
11 0.69525 0.16 0.53525
1 0.8 0.016 0.784
70 0.8 0.016 0.784
1 0.784 0.16 0.624
70 0.784 0.16 0.624
28 0.8 0.016 0.784
63 0.8 0.016 0.784
71 0.8 0.016 0.784
71 0.784 0.16 0.624
63 0.784 0.16 0.624
28 0.784 0.16 0.624
19 0.8 0.016 0.784
45 0.8 0.016 0.784
46 0.8 0.016 0.784
19 0.784 0.16 0.624
45 0.784 0.16 0.624
46 0.784 0.16 0.624
23 0.8 0.16 0.64
60 0.8 0.16 0.64
60 0.64 0.16 0.48
23 0.715886 0.016 0.699886
60 0.553301 0.016 0.537301
60 0.537301 0.16 0.377301
23 0.699886 0.16 0.539886
4 0.8 0.16 0.64
27 0.8 0.16 0.64
4 0.64 0.16 0.48
27 0.64 0.16 0.48
4 0.550795 0.016 0.534795
27 0.553031 0.016 0.537031
53 0.8 0.016 0.784
53 0.784 0.16 0.624
4 0.534795 0.16 0.374795
27 0.537031 0.16 0.377031
6 0.8 0.16 0.64
51 0.8 0.16 0.64
6 0.64 0.16 0.48
51 0.64 0.16 0.48
6 0.48 0.16 0.32
51 0.48 0.16 0.32
6 0.399177 0.016 0.383177
51 0.390719 0.016 0.374719
51 0.374719 0.16 0.214719
6 0.383177 0.16 0.223177
16 0.8 0.016 0.784
25 0.8 0.016 0.784
16 0.784 0.16 0.624
25 0.784 0.16 0.624
55 0.8 0.016 0.784
55 0.784 0.16 0.624
33 0.8 0.16 0.64
74 0.8 0.16 0.64
33 0.715965 0.016 0.699965
74 0.710577 0.016 0.694577
74 0.694577 0.16 0.534577
33 0.699965 0.16 0.539965
3 0.8 0.16 0.64
3 0.64 0.16 0.48
3 0.557967 0.016 0.541967
18 0.8 0.016 0.784
18 0.784 0.16 0.624
3 0.541967 0.16 0.381967
17 0.8 0.16 0.64
24 0.8 0.16 0.64
49 0.8 0.16 0.64
68 0.8 0.16 0.64
17 0.717611 0.016 0.701611
24 0.717387 0.016 0.701387
49 0.717774 0.016 0.701774
68 0.711117 0.016 0.695117
49 0.701774 0.16 0.541774
24 0.701387 0.16 0.541387
17 0.701611 0.16 0.541611
68 0.695117 0.16 0.535117
66 0.8 0.16 0.64
80 0.8 0.16 0.64
66 0.64 0.16 0.48
80 0.64 0.16 0.48
66 0.48 0.16 0.32
80 0.48 0.16 0.32
66 0.393244 0.016 0.377244
80 0.390738 0.016 0.374738
80 0.374738 0.16 0.214738
66 0.377244 0.16 0.217244
12 0.8 0.016 0.784
12 0.784 0.16 0.624
89 0.8 0.16 0.64
90 0.8 0.16 0.64
77 0.8 0.016 0.784
89 0.719459 0.016 0.703459
90 0.71452 0.016 0.69852
77 0.784 0.16 0.624
89 0.703459 0.16 0.543459
90 0.69852 0.16 0.53852
5 0.8 0.016 0.784
15 0.8 0.016 0.784
37 0.8 0.016 0.784
15 0.784 0.16 0.624
37 0.784 0.16 0.624
5 0.784 0.16 0.624
22 0.8 0.16 0.64
22 0.718357 0.016 0.702357
22 0.702357 0.16 0.542357
73 0.8 0.16 0.64
73 0.718997 0.016 0.702997
73 0.702997 0.16 0.542997
41 0.8 0.16 0.64
41 0.716662 0.016 0.700662
41 0.700662 0.16 0.540662
20 0.8 0.16 0.64
26 0.8 0.16 0.64
40 0.8 0.16 0.64
81 0.8 0.16 0.64
85 0.8 0.16 0.64
20 0.713682 0.016 0.697682
26 0.717808 0.016 0.701808
40 0.718004 0.016 0.702004
81 0.715549 0.016 0.699549
85 0.71452 0.016 0.69852
85 0.69852 0.16 0.53852
40 0.702004 0.16 0.542004
20 0.697682 0.16 0.537682
81 0.699549 0.16 0.539549
26 0.701808 0.16 0.541808
8 0.8 0.16 0.64
14 0.8 0.16 0.64
8 0.64 0.16 0.48
14 0.64 0.16 0.48
8 0.48 0.16 0.32
14 0.48 0.16 0.32
61 0.8 0.16 0.64
88 0.8 0.16 0.64
8 0.392968 0.016 0.376968
14 0.391923 0.016 0.375923
61 0.718538 0.016 0.702538
61 0.702538 0.16 0.542538
8 0.376968 0.16 0.216968
14 0.375923 0.16 0.215923
13 0.8 0.16 0.64
44 0.8 0.16 0.64
88 0.716585 0.16 0.556585
13 0.64 0.16 0.48
88 0.556585 0.16 0.396585
13 0.553028 0.016 0.537028
88 0.47209 0.016 0.45609
88 0.45609 0.16 0.29609
13 0.537028 0.16 0.377028
44 0.713818 0.16 0.553818
44 0.553818 0.16 0.393818
64 0.8 0.16 0.64
65 0.8 0.16 0.64
44 0.468804 0.016 0.452804
64 0.719601 0.016 0.703601
65 0.711551 0.016 0.695551
64 0.703601 0.16 0.543601
44 0.452804 0.16 0.292804
65 0.695551 0.16 0.535551
56 0.8 0.016 0.784
56 0.784 0.16 0.624
7 0.8 0.16 0.64
7 0.715611 0.016 0.699611
7 0.699611 0.16 0.539611
31 0.8 0.16 0.64
76 0.8 0.16 0.64
31 0.712851 0.016 0.696851
52 0.8 0.016 0.784
76 0.71663 0.016 0.70063
31 0.696851 0.16 0.536851
52 0.784 0.16 0.624
76 0.70063 0.16 0.54063
34 0.8 0.16 0.64
67 0.8 0.16 0.64
34 0.716604 0.016 0.700604
39 0.8 0.016 0.784
54 0.8 0.016 0.784
67 0.718953 0.016 0.702953
39 0.784 0.16 0.624
54 0.784 0.16 0.624
34 0.700604 0.16 0.540604
67 0.702953 0.16 0.542953
62 0.8 0.16 0.64
62 0.789701 0.016 0.773701
87 0.8 0.016 0.784
62 0.773701 0.16 0.613701
87 0.784 0.16 0.624
47 0.8 0.16 0.64
57 0.8 0.16 0.64
47 0.713294 0.016 0.697294
57 0.717303 0.016 0.701303
47 0.697294 0.16 0.537294
57 0.701303 0.16 0.541303
10 0.8 0.16 0.64
10 0.64 0.16 0.48
10 0.558596 0.016 0.542596
10 0.542596 0.16 0.382596
69 0.8 0.16 0.64
69 0.710081 0.016 0.694081
69 0.694081 0.16 0.534081
29 0.8 0.16 0.64
36 0.8 0.16 0.64
48 0.8 0.16 0.64
29 0.713018 0.016 0.697018
36 0.718963 0.016 0.702963
48 0.711694 0.016 0.695694
75 0.8 0.016 0.784
36 0.702963 0.16 0.542963
48 0.695694 0.16 0.535694
29 0.697018 0.16 0.537018
75 0.784 0.16 0.624
30 0.8 0.16 0.64
38 0.8 0.16 0.64
38 0.715108 0.016 0.699108
38 0.699108 0.16 0.539108
30 0.710044 0.16 0.550044
30 0.629562 0.016 0.613562
30 0.613562 0.16 0.453562
58 0.8 0.016 0.784
58 0.784 0.16 0.624
2 0.8 0.016 0.784
2 0.784 0.16 0.624
9 0.8 0.16 0.64
9 0.712477 0.016 0.696477
9 0.696477 0.16 0.536477
83 0.8 0.016 0.784
83 0.784 0.16 0.624
78 0.8 0.16 0.64
59 0.8 0.016 0.784
78 0.717113 0.016 0.701113
59 0.784 0.16 0.624
78 0.701113 0.16 0.541113
43 0.8 0.16 0.64
43 0.713508 0.016 0.697508
43 0.697508 0.16 0.537508
79 0.8 0.016 0.784
79 0.784 0.16 0.624
50 0.8 0.16 0.64
50 0.714179 0.016 0.698179
50 0.698179 0.16 0.538179
35 0.8 0.016 0.784
35 0.784 0.16 0.624
