55 1670 1.02238
37 1671 1.0303
45 1672 1.04262
5 1674 1.09167
70 1675 1.112
57 1676 1.14323
21 1677 1.1627
38 1679 1.2167
14 1681 1.26859
24 1682 1.26945
9 1683 1.36128
22 1685 1.41046
42 1686 1.42517
26 1687 1.4287
16 1688 1.43301
29 1689 1.44235
56 1690 1.4617
62 1692 1.49328
25 1693 1.49663
27 1695 1.62866
65 1697 1.68156
6 1698 1.68417
1 1699 1.74544
51 1701 1.76801
47 1702 1.82009
23 1703 1.85115
69 1704 1.85134
18 1705 1.85349
66 1707 1.87089
68 1708 1.88078
10 1709 1.89654
17 1710 1.90456
12 1711 1.92118
63 1712 1.93631
35 1714 1.96818
30 1715 1.97253
41 1716 1.98705
61 1717 2.00251
50 1718 2.02749
49 1719 2.05127
43 1721 2.08115
39 1722 2.12656
2 1723 2.12977
8 1724 2.15893
33 1726 2.18908
11 1727 2.23139
36 1729 2.29512
7 1730 2.33522
15 1732 2.37224
46 1733 2.38258
13 1734 2.40305
54 1735 2.40782
34 1736 2.42073
32 1737 2.42902
3 1739 2.47086
44 1740 2.47509
67 1741 2.48318
19 1742 2.51091
58 1743 2.52013
28 1744 2.54473
40 1746 2.58204
48 1748 2.6741
31 1749 2.69757
64 1750 2.71061
4 1752 2.80503
59 1753 2.8442
52 1754 2.85726
53 1755 2.85944
20 1757 2.89944
60 1758 2.92303
