29 60 1.10334
3 61 1.17196
38 62 1.17805
10 63 1.19709
17 64 1.21981
24 65 1.28238
23 66 1.37795
39 67 1.37842
19 68 1.4234
4 69 1.46688
40 70 1.48346
28 71 1.51037
2 72 1.53424
14 73 1.54203
32 74 1.71578
18 75 1.82957
16 76 2.01315
13 77 2.02027
11 78 2.024
21 79 2.05871
33 80 2.10599
7 81 2.20006
5 82 2.2231
15 83 2.23421
1 84 2.24583
22 85 2.25563
9 86 2.27676
26 87 2.31007
34 88 2.38696
36 89 2.44837
8 90 2.46684
30 91 2.48827
6 92 2.49751
25 93 2.49772
31 94 2.55612
20 95 2.68264
35 96 2.73224
27 97 2.81957
12 98 2.83406
37 99 2.8356
