44 100 1.0072
23 101 1.01379
17 102 1.01804
21 103 1.07268
35 104 1.11986
48 105 1.16193
38 106 1.20425
2 107 1.24217
3 108 1.28714
15 109 1.44547
19 110 1.50739
34 111 1.53963
32 112 1.55924
24 113 1.59826
43 114 1.61238
11 115 1.63562
9 116 1.73144
30 117 1.74539
37 118 1.74871
25 119 1.78063
22 120 1.79415
31 121 1.83581
18 122 1.88649
40 123 2.05476
27 124 2.06492
1 125 2.09745
41 126 2.15167
47 127 2.21137
6 128 2.21399
7 129 2.21706
10 130 2.24447
28 131 2.2603
39 132 2.27906
42 133 2.40232
46 134 2.45216
16 135 2.48618
13 136 2.57732
20 137 2.63758
5 138 2.66591
12 139 2.66875
49 140 2.70942
29 141 2.71509
8 142 2.73141
33 143 2.77525
14 144 2.79932
36 145 2.84778
45 146 2.86435
4 147 2.92426
50 148 2.94933
26 149 2.97511
