71 280
46 281
2 282
67 283
31 284
15 285
12 286
70 287
18 288
68 289
36 290
65 291
60 292
28 293
41 294
8 295
62 296
48 297
5 298
27 299
75 300
32 301
52 302
55 303
74 304
4 305
29 306
79 307
17 308
26 309
53 310
6 311
14 312
78 313
25 314
64 315
61 316
45 317
69 318
11 319
77 320
20 321
76 322
3 323
50 324
7 325
80 326
43 327
40 328
54 329
44 330
1 331
19 332
38 333
37 334
21 335
24 336
33 337
35 338
42 339
56 340
47 341
51 342
57 343
49 344
63 345
13 346
59 347
16 348
66 349
10 350
23 351
58 352
9 353
34 354
30 355
22 356
73 357
39 358
72 359
