68 210 1.01264
28 211 1.04801
13 212 1.06424
24 213 1.11645
42 214 1.12322
66 215 1.12394
10 216 1.18733
23 217 1.23962
55 218 1.32475
31 219 1.36386
19 220 1.39491
36 221 1.39745
57 222 1.4025
1 223 1.45141
51 224 1.45414
5 225 1.46117
12 226 1.46337
17 227 1.46533
11 228 1.47424
61 229 1.48167
63 230 1.48537
30 231 1.54547
25 232 1.55066
43 233 1.56678
70 234 1.58945
47 235 1.62038
18 236 1.6358
20 237 1.65312
4 238 1.7019
56 239 1.71107
58 240 1.73798
34 241 1.82815
21 242 1.84746
40 243 1.88385
27 244 1.90892
16 245 1.98763
53 246 2.05956
38 247 2.0664
6 248 2.08593
41 249 2.12961
39 250 2.13348
35 251 2.13589
37 252 2.13612
44 253 2.20834
7 254 2.24878
2 255 2.30211
32 256 2.30661
29 257 2.34049
59 258 2.34125
33 259 2.35622
48 260 2.38226
22 261 2.41621
8 262 2.50074
52 263 2.53452
26 264 2.543
14 265 2.56068
64 266 2.56958
60 267 2.57293
50 268 2.61245
9 269 2.63466
15 270 2.65223
62 271 2.6602
46 272 2.66241
49 273 2.69378
3 274 2.79438
67 275 2.82855
65 276 2.86981
69 277 2.91402
45 278 2.95053
54 279 2.97036
