71 280 1.04584
46 281 1.04697
2 282 1.06385
67 283 1.10952
31 284 1.12585
15 285 1.14789
12 286 1.21099
70 287 1.23505
18 288 1.23517
68 289 1.26072
36 290 1.30912
65 291 1.32116
60 292 1.33839
28 293 1.34855
41 294 1.36318
8 295 1.40027
62 296 1.4325
48 297 1.45307
5 298 1.6216
27 299 1.63539
75 300 1.63675
32 301 1.68234
52 302 1.7069
55 303 1.7112
74 304 1.72701
4 305 1.79723
29 306 1.80367
79 307 1.80683
17 308 1.8505
26 309 1.85396
53 310 1.8605
6 311 1.94752
14 312 1.95677
78 313 1.97579
25 314 1.97635
64 315 1.97784
61 316 1.98822
45 317 2.01651
69 318 2.03411
11 319 2.05789
77 320 2.08126
20 321 2.08936
76 322 2.09308
3 323 2.10585
50 324 2.1131
7 325 2.12563
80 326 2.19735
43 327 2.22462
40 328 2.26162
54 329 2.26224
44 330 2.2652
1 331 2.2817
19 332 2.32592
38 333 2.34156
37 334 2.38408
21 335 2.40441
24 336 2.40529
33 337 2.42266
35 338 2.42375
42 339 2.44986
56 340 2.4544
47 341 2.46891
51 342 2.48763
57 343 2.49063
49 344 2.49664
63 345 2.50507
13 346 2.52717
59 347 2.52931
16 348 2.60096
66 349 2.63694
10 350 2.69517
23 351 2.73643
58 352 2.73728
9 353 2.76263
34 354 2.7771
30 355 2.8061
22 356 2.84032
73 357 2.86006
39 358 2.88602
72 359 2.89038
