10 360 1.00089
22 361 1.00369
21 362 1.03944
48 363 1.05807
68 364 1.06226
45 365 1.07461
77 366 1.07585
85 367 1.08212
20 368 1.09874
89 369 1.12989
84 370 1.13499
24 371 1.15607
37 372 1.21188
25 373 1.23938
30 374 1.24396
43 375 1.28281
52 376 1.35485
31 377 1.36935
56 378 1.38991
57 379 1.41129
75 380 1.43488
28 381 1.46686
13 382 1.47038
29 383 1.49762
82 384 1.51889
7 385 1.55018
5 386 1.58905
61 387 1.63872
44 388 1.69098
51 389 1.70679
76 390 1.71752
2 391 1.72874
65 392 1.73073
49 393 1.74489
15 394 1.75744
16 395 1.78045
74 396 1.78996
40 397 1.80511
11 398 1.81834
35 399 1.85157
8 400 1.85539
73 401 1.85598
36 402 1.85855
39 403 1.86573
69 404 1.86877
47 405 1.88628
54 406 1.88954
67 407 1.89806
58 408 1.92752
23 409 1.94037
42 410 1.99657
3 411 2.015
55 412 2.01785
83 413 2.02086
80 414 2.02317
88 415 2.0676
81 416 2.07988
71 417 2.10605
60 418 2.13839
87 419 2.17939
33 420 2.18572
17 421 2.19762
63 422 2.20052
34 423 2.28527
26 424 2.29015
53 425 2.35096
9 426 2.3523
70 427 2.44029
79 428 2.4668
4 429 2.60241
38 430 2.61835
62 431 2.62037
86 432 2.64341
46 433 2.64529
18 434 2.6537
1 435 2.66632
50 436 2.67746
72 437 2.6803
6 438 2.71508
12 439 2.76887
64 440 2.77036
59 441 2.81828
78 442 2.82317
19 443 2.84628
14 444 2.84665
90 445 2.85763
41 446 2.95943
27 447 2.97648
66 448 2.9785
32 449 2.99779
