20 3511 0 100 154254864 1.1016 1.1016
51 3513 0 100 121541768 1.3016 1.3016
26 3545 0 100 88874716 1.9016 1.9016
12 3518 0 100 88875036 1.9016 1.9016
40 3549 0 100 121533116 2.2016 2.2016
35 3515 0 100 154255960 2.3016 2.3016
41 3523 0 100 154296296 2.5016 2.5016
45 3543 0 100 154276920 2.6016 2.6016
25 3522 0 100 121550660 2.7016 2.7016
9 3541 0 100 154262824 2.8016 2.8016
10 3550 0 100 121557398 3.0016 3.0016
24 3544 0 100 121560032 3.1016 3.1016
8 3588 0 100 154253616 3.2016 3.2016
57 3558 0 100 154300584 3.2016 3.2016
29 3534 0 100 121547324 3.3016 3.3016
19 3589 0 100 154283640 3.4016 3.4016
55 3529 0 100 88862412 3.7016 3.7016
39 3584 0 100 154293464 3.7016 3.7016
56 3587 0 100 56202352 3.8016 3.8016
17 3553 0 100 154281720 3.9016 3.9016
14 3525 0 100 154277080 4.1016 4.1016
31 3517 0 100 154254488 4.2016 4.2016
7 3520 0 100 88847928 4.3016 4.3016
28 3526 0 100 154249184 4.3016 4.3016
18 3586 0 100 154286536 4.3016 4.3016
23 3537 0 100 88860012 4.4016 4.4016
33 3531 0 100 88872012 4.5016 4.5016
16 3570 0 100 121552190 4.5016 4.5016
42 3512 0 100 88849344 4.6016 4.6016
59 3546 0 100 154246760 4.6016 4.6016
15 3572 0 100 154259992 4.6016 4.6016
5 3561 0 100 88862404 4.8016 4.8016
46 3538 0 100 121556024 4.8016 4.8016
4 3578 0 100 154264392 4.8016 4.8016
30 3532 0 100 121560092 4.9016 4.9016
11 3581 0 100 154300120 5.5016 5.5016
36 3564 0 100 121565360 5.8016 5.8016
49 3524 0 100 121570196 5.8016 5.8016
3 3580 0 100 56205322 5.9016 5.9016
47 3554 0 100 121541936 5.9016 5.9016
1 3559 0 100 121557368 5.9016 5.9016
44 3565 0 100 121557818 5.9016 5.9016
27 3539 0 100 56197562 6.0016 6.0016
32 3573 0 100 154266720 6.0016 6.0016
2 3575 0 100 154277864 6.1016 6.1016
13 3535 0 100 88864244 6.3016 6.3016
60 3582 0 100 121568612 6.4016 6.4016
6 3563 0 100 88875748 6.5016 6.5016
37 3551 0 100 121545212 6.5016 6.5016
43 3562 0 100 121568078 6.5016 6.5016
54 3556 0 100 154259992 6.5016 6.5016
50 3533 0 100 121528778 6.6016 6.6016
52 3540 0 100 88851924 6.7016 6.7016
22 3530 0 100 88868656 6.7016 6.7016
21 3577 0 100 154264728 6.8016 6.8016
53 3569 0 100 121551818 7.2016 7.2016
38 3576 0 100 121556354 7.3016 7.3016
58 3585 0 100 121548908 7.8016 7.8016
