20 0.8 0.016 0.784
20 0.784 0.16 0.624
51 0.8 0.16 0.64
51 0.792047 0.016 0.776047
51 0.776047 0.16 0.616047
12 0.8 0.016 0.784
26 0.8 0.016 0.784
26 0.784 0.16 0.624
12 0.784 0.16 0.624
40 0.8 0.016 0.784
40 0.784 0.16 0.624
35 0.8 0.016 0.784
35 0.784 0.16 0.624
41 0.8 0.016 0.784
41 0.784 0.16 0.624
45 0.8 0.16 0.64
45 0.710479 0.016 0.694479
45 0.694479 0.16 0.534479
25 0.8 0.16 0.64
25 0.711586 0.016 0.695586
25 0.695586 0.16 0.535586
9 0.8 0.016 0.784
9 0.784 0.16 0.624
10 0.8 0.016 0.784
10 0.784 0.16 0.624
24 0.8 0.16 0.64
24 0.714291 0.016 0.698291
24 0.698291 0.16 0.538291
8 0.8 0.16 0.64
8 0.717239 0.016 0.701239
57 0.8 0.016 0.784
8 0.701239 0.16 0.541239
57 0.784 0.16 0.624
29 0.8 0.16 0.64
29 0.718196 0.016 0.702196
29 0.702196 0.16 0.542196
19 0.8 0.016 0.784
19 0.784 0.16 0.624
39 0.8 0.016 0.784
55 0.8 0.016 0.784
55 0.784 0.16 0.624
39 0.784 0.16 0.624
56 0.8 0.16 0.64
39 0.624 0.16 0.464
56 0.64 0.16 0.48
56 0.552618 0.016 0.536618
56 0.536618 0.16 0.376618
17 0.8 0.016 0.784
17 0.784 0.16 0.624
14 0.8 0.016 0.784
14 0.784 0.16 0.624
31 0.8 0.016 0.784
31 0.784 0.16 0.624
7 0.8 0.16 0.64
28 0.8 0.16 0.64
7 0.710503 0.016 0.694503
18 0.8 0.016 0.784
28 0.718444 0.016 0.702444
7 0.694503 0.16 0.534503
18 0.784 0.16 0.624
23 0.8 0.16 0.64
28 0.702444 0.16 0.542444
28 0.542444 0.16 0.382444
18 0.624 0.16 0.464
23 0.64 0.16 0.48
23 0.48 0.16 0.32
23 0.396267 0.016 0.380267
23 0.380267 0.16 0.220267
33 0.8 0.16 0.64
16 0.8 0.016 0.784
33 0.711551 0.016 0.695551
33 0.695551 0.16 0.535551
15 0.8 0.16 0.64
16 0.784 0.16 0.624
42 0.8 0.16 0.64
16 0.624 0.16 0.464
15 0.64 0.16 0.48
42 0.64 0.16 0.48
59 0.8 0.16 0.64
15 0.556797 0.016 0.540797
42 0.55571 0.016 0.53971
59 0.714018 0.016 0.698018
42 0.53971 0.16 0.37971
15 0.540797 0.16 0.380797
59 0.698018 0.16 0.538018
59 0.538018 0.16 0.378018
15 0.380797 0.16 0.220797
4 0.8 0.016 0.784
5 0.8 0.016 0.784
46 0.8 0.016 0.784
5 0.784 0.16 0.624
4 0.784 0.16 0.624
46 0.784 0.16 0.624
46 0.624 0.16 0.464
4 0.624 0.16 0.464
30 0.8 0.16 0.64
4 0.464 0.16 0.304
30 0.64 0.16 0.48
30 0.55854 0.016 0.54254
30 0.54254 0.16 0.38254
11 0.8 0.016 0.784
11 0.784 0.16 0.624
36 0.8 0.016 0.784
49 0.8 0.016 0.784
36 0.784 0.16 0.624
49 0.784 0.16 0.624
1 0.8 0.16 0.64
3 0.8 0.16 0.64
34 0.8 0.16 0.64
44 0.8 0.16 0.64
1 0.64 0.16 0.48
3 0.64 0.16 0.48
34 0.64 0.16 0.48
44 0.64 0.16 0.48
1 0.558716 0.016 0.542716
3 0.555785 0.016 0.539785
34 0.559001 0.016 0.543001
44 0.559303 0.016 0.543303
47 0.8 0.016 0.784
3 0.539785 0.16 0.379785
1 0.542716 0.16 0.382716
27 0.8 0.16 0.64
34 0.543001 0.16 0.383001
44 0.543303 0.16 0.383303
47 0.784 0.16 0.624
47 0.624 0.16 0.464
1 0.382716 0.16 0.222716
44 0.383303 0.16 0.223303
27 0.64 0.16 0.48
34 0.383001 0.16 0.223001
27 0.48 0.16 0.32
34 0.223001 0.16 0.063001
27 0.32 0.16 0.16
34 0.063001 0.16 -0.096999
27 0.23293 0.016 0.21693
32 0.8 0.016 0.784
34 0.0756743 0.016 0.0596743
27 0.21693 0.16 0.0569304
32 0.784 0.16 0.624
34 0.0596743 0.16 -0.100326
32 0.624 0.16 0.464
2 0.8 0.16 0.64
2 0.716163 0.016 0.700163
2 0.700163 0.16 0.540163
13 0.8 0.016 0.784
13 0.784 0.16 0.624
60 0.8 0.016 0.784
60 0.784 0.16 0.624
6 0.8 0.16 0.64
37 0.8 0.16 0.64
43 0.8 0.16 0.64
54 0.8 0.16 0.64
34 0.297157 0.16 0.137157
6 0.719564 0.016 0.703564
37 0.710739 0.016 0.694739
43 0.713488 0.016 0.697488
54 0.714994 0.016 0.698994
6 0.703564 0.16 0.543564
37 0.694739 0.16 0.534739
43 0.697488 0.16 0.537488
48 0.8 0.16 0.64
50 0.8 0.16 0.64
54 0.698994 0.16 0.538994
37 0.534739 0.16 0.374739
43 0.537488 0.16 0.377488
34 0.209169 0.16 0.0491687
48 0.64 0.16 0.48
50 0.64 0.16 0.48
54 0.538994 0.16 0.378994
48 0.48 0.16 0.32
50 0.48 0.16 0.32
54 0.378994 0.16 0.218994
54 0.218994 0.16 0.0589943
48 0.32 0.16 0.16
50 0.32 0.16 0.16
48 0.235806 0.016 0.219806
50 0.232393 0.016 0.216393
50 0.216393 0.16 0.0563935
22 0.8 0.16 0.64
48 0.219806 0.16 0.0598062
22 0.710202 0.016 0.694202
48 0.133079 0.016 0.117079
52 0.8 0.016 0.784
52 0.784 0.16 0.624
22 0.694202 0.16 0.534202
48 0.117079 0.16 -0.0429209
21 0.8 0.16 0.64
48 0 0.16 -0.16
21 0.710893 0.016 0.694893
21 0.694893 0.16 0.534893
48 0.306337 0.16 0.146337
53 0.8 0.016 0.784
48 0.225175 0.16 0.0651745
53 0.784 0.16 0.624
38 0.8 0.16 0.64
38 0.711318 0.016 0.695318
38 0.695318 0.16 0.535318
58 0.8 0.016 0.784
58 0.784 0.16 0.624
