20 3511 1.04616
42 3512 1.07836
51 3513 1.09616
35 3515 1.19177
31 3517 1.26638
12 3518 1.2973
7 3520 1.31366
25 3522 1.40981
41 3523 1.41625
49 3524 1.41891
14 3525 1.45475
28 3526 1.49771
55 3529 1.63553
22 3530 1.66356
33 3531 1.66929
30 3532 1.68024
50 3533 1.689
29 3534 1.69698
13 3535 1.7006
23 3537 1.71879
46 3538 1.7269
27 3539 1.76991
52 3540 1.77112
9 3541 1.77267
45 3543 1.86761
24 3544 1.86945
26 3545 1.87756
59 3546 1.8791
34 3547 1.89767
40 3549 1.92822
10 3550 1.93459
37 3551 1.98686
17 3553 2.07422
47 3554 2.09346
54 3556 2.10171
57 3558 2.21165
1 3559 2.2654
5 3561 2.30488
43 3562 2.30574
6 3563 2.32817
36 3564 2.33427
44 3565 2.36731
48 3567 2.41628
53 3569 2.53413
16 3570 2.58671
15 3572 2.64137
32 3573 2.64312
2 3575 2.70258
38 3576 2.70992
21 3577 2.75917
4 3578 2.78473
3 3580 2.83568
11 3581 2.88304
60 3582 2.88697
39 3584 2.92807
58 3585 2.94786
18 3586 2.96325
56 3587 2.97083
8 3588 2.97923
19 3589 2.98869
