59 0.8 0.016 0.784
59 0.784 0.16 0.624
43 0.8 0.016 0.784
43 0.784 0.16 0.624
14 0.8 0.016 0.784
14 0.784 0.16 0.624
6 0.8 0.16 0.64
6 0.713423 0.016 0.697423
6 0.697423 0.16 0.537423
1 0.8 0.016 0.784
1 0.784 0.16 0.624
65 0.8 0.016 0.784
65 0.784 0.16 0.624
15 0.8 0.016 0.784
15 0.784 0.16 0.624
71 0.8 0.16 0.64
71 0.712314 0.016 0.696314
71 0.696314 0.16 0.536314
5 0.8 0.016 0.784
41 0.8 0.016 0.784
47 0.8 0.016 0.784
67 0.8 0.016 0.784
80 0.8 0.016 0.784
80 0.784 0.16 0.624
5 0.784 0.16 0.624
38 0.8 0.16 0.64
41 0.784 0.16 0.624
47 0.784 0.16 0.624
67 0.784 0.16 0.624
41 0.624 0.16 0.464
67 0.624 0.16 0.464
5 0.624 0.16 0.464
47 0.624 0.16 0.464
47 0.464 0.16 0.304
47 0.304 0.16 0.144
38 0.716639 0.016 0.700639
47 0.217063 0.016 0.201063
47 0.201063 0.16 0.0410627
38 0.700639 0.16 0.540639
38 0.540639 0.16 0.380639
16 0.8 0.016 0.784
53 0.8 0.016 0.784
53 0.784 0.16 0.624
16 0.784 0.16 0.624
58 0.8 0.16 0.64
16 0.624 0.16 0.464
29 0.8 0.16 0.64
58 0.64 0.16 0.48
66 0.8 0.16 0.64
29 0.713858 0.016 0.697858
58 0.55211 0.016 0.53611
66 0.714511 0.016 0.698511
58 0.53611 0.16 0.37611
66 0.698511 0.16 0.538511
29 0.697858 0.16 0.537858
73 0.8 0.16 0.64
30 0.8 0.16 0.64
56 0.8 0.16 0.64
73 0.64 0.16 0.48
75 0.8 0.16 0.64
73 0.48 0.16 0.32
56 0.717894 0.016 0.701894
73 0.396503 0.016 0.380503
75 0.710329 0.016 0.694329
73 0.380503 0.16 0.220503
30 0.718514 0.16 0.558514
56 0.701894 0.16 0.541894
75 0.694329 0.16 0.534329
75 0.534329 0.16 0.374329
30 0.558514 0.16 0.398514
56 0.541894 0.16 0.381894
79 0.8 0.16 0.64
56 0.381894 0.16 0.221894
47 0.342468 0.16 0.182468
30 0.398514 0.16 0.238514
79 0.64 0.16 0.48
30 0.31776 0.016 0.30176
79 0.554108 0.016 0.538108
30 0.30176 0.16 0.14176
79 0.538108 0.16 0.378108
79 0.378108 0.16 0.218108
33 0.8 0.16 0.64
45 0.8 0.16 0.64
63 0.8 0.16 0.64
64 0.8 0.16 0.64
33 0.714818 0.016 0.698818
45 0.716533 0.016 0.700533
63 0.717101 0.016 0.701101
64 0.717194 0.016 0.701194
64 0.701194 0.16 0.541194
33 0.698818 0.16 0.538818
45 0.700533 0.16 0.540533
48 0.8 0.16 0.64
63 0.701101 0.16 0.541101
63 0.541101 0.16 0.381101
45 0.540533 0.16 0.380533
33 0.538818 0.16 0.378818
48 0.64 0.16 0.48
48 0.48 0.16 0.32
37 0.8 0.16 0.64
48 0.32 0.16 0.16
48 0.237752 0.016 0.221752
48 0.221752 0.16 0.0617524
37 0.717048 0.16 0.557048
46 0.8 0.16 0.64
37 0.634756 0.016 0.618756
46 0.711128 0.016 0.695128
46 0.695128 0.16 0.535128
37 0.618756 0.16 0.458756
78 0.8 0.16 0.64
27 0.8 0.016 0.784
69 0.8 0.016 0.784
78 0.718095 0.016 0.702095
78 0.702095 0.16 0.542095
27 0.784 0.16 0.624
69 0.784 0.16 0.624
69 0.624 0.16 0.464
27 0.624 0.16 0.464
21 0.8 0.016 0.784
54 0.8 0.016 0.784
54 0.784 0.16 0.624
9 0.8 0.16 0.64
21 0.784 0.16 0.624
23 0.8 0.16 0.64
24 0.8 0.16 0.64
21 0.624 0.16 0.464
9 0.64 0.16 0.48
23 0.64 0.16 0.48
24 0.64 0.16 0.48
9 0.5589 0.016 0.5429
23 0.557362 0.016 0.541362
24 0.550732 0.016 0.534732
24 0.534732 0.16 0.374732
9 0.5429 0.16 0.3829
23 0.541362 0.16 0.381362
9 0.3829 0.16 0.2229
23 0.381362 0.16 0.221362
40 0.8 0.016 0.784
76 0.8 0.016 0.784
40 0.784 0.16 0.624
76 0.784 0.16 0.624
42 0.8 0.16 0.64
77 0.8 0.16 0.64
42 0.64 0.16 0.48
77 0.64 0.16 0.48
77 0.553407 0.016 0.537407
77 0.537407 0.16 0.377407
19 0.8 0.16 0.64
42 0.558076 0.16 0.398076
19 0.711803 0.016 0.695803
22 0.8 0.016 0.784
42 0.470917 0.016 0.454917
42 0.454917 0.16 0.294917
19 0.695803 0.16 0.535803
22 0.784 0.16 0.624
22 0.624 0.16 0.464
22 0.464 0.16 0.304
12 0.8 0.016 0.784
32 0.8 0.016 0.784
32 0.784 0.16 0.624
12 0.784 0.16 0.624
12 0.624 0.16 0.464
10 0.8 0.016 0.784
72 0.8 0.016 0.784
72 0.784 0.16 0.624
10 0.784 0.16 0.624
18 0.8 0.16 0.64
50 0.8 0.16 0.64
60 0.8 0.16 0.64
18 0.64 0.16 0.48
50 0.64 0.16 0.48
60 0.64 0.16 0.48
18 0.552751 0.016 0.536751
50 0.556984 0.016 0.540984
60 0.552427 0.016 0.536427
18 0.536751 0.16 0.376751
50 0.540984 0.16 0.380984
60 0.536427 0.16 0.376427
60 0.376427 0.16 0.216427
50 0.380984 0.16 0.220984
11 0.8 0.016 0.784
11 0.784 0.16 0.624
20 0.8 0.016 0.784
20 0.784 0.16 0.624
17 0.8 0.016 0.784
49 0.8 0.016 0.784
49 0.784 0.16 0.624
17 0.784 0.16 0.624
44 0.8 0.16 0.64
17 0.624 0.16 0.464
44 0.64 0.16 0.48
44 0.550189 0.016 0.534189
44 0.534189 0.16 0.374189
2 0.8 0.16 0.64
8 0.8 0.16 0.64
2 0.714705 0.016 0.698705
8 0.710366 0.016 0.694366
2 0.698705 0.16 0.538705
8 0.694366 0.16 0.534366
31 0.8 0.16 0.64
34 0.8 0.16 0.64
8 0.534366 0.16 0.374366
31 0.64 0.16 0.48
34 0.64 0.16 0.48
25 0.8 0.016 0.784
31 0.556705 0.016 0.540705
34 0.558132 0.016 0.542132
31 0.540705 0.16 0.380705
25 0.784 0.16 0.624
34 0.542132 0.16 0.382132
34 0.382132 0.16 0.222132
25 0.624 0.16 0.464
25 0.464 0.16 0.304
70 0.8 0.016 0.784
70 0.784 0.16 0.624
13 0.8 0.16 0.64
36 0.8 0.16 0.64
13 0.712074 0.016 0.696074
36 0.711238 0.016 0.695238
13 0.696074 0.16 0.536074
36 0.695238 0.16 0.535238
36 0.535238 0.16 0.375238
3 0.8 0.016 0.784
3 0.784 0.16 0.624
4 0.8 0.16 0.64
35 0.8 0.16 0.64
4 0.718325 0.016 0.702325
35 0.713403 0.016 0.697403
4 0.702325 0.16 0.542325
35 0.697403 0.16 0.537403
35 0.537403 0.16 0.377403
7 0.8 0.016 0.784
7 0.784 0.16 0.624
51 0.8 0.16 0.64
55 0.8 0.16 0.64
51 0.713422 0.016 0.697422
55 0.713719 0.016 0.697719
51 0.697422 0.16 0.537422
55 0.697719 0.16 0.537719
61 0.8 0.16 0.64
74 0.8 0.16 0.64
55 0.537719 0.16 0.377719
61 0.64 0.16 0.48
74 0.64 0.16 0.48
61 0.554137 0.016 0.538137
74 0.558401 0.016 0.542401
61 0.538137 0.16 0.378137
74 0.542401 0.16 0.382401
74 0.382401 0.16 0.222401
28 0.8 0.016 0.784
28 0.784 0.16 0.624
26 0.8 0.16 0.64
39 0.8 0.16 0.64
52 0.8 0.16 0.64
26 0.718385 0.016 0.702385
39 0.711755 0.016 0.695755
52 0.714571 0.016 0.698571
52 0.698571 0.16 0.538571
26 0.702385 0.16 0.542385
39 0.695755 0.16 0.535755
39 0.535755 0.16 0.375755
39 0.375755 0.16 0.215755
57 0.8 0.016 0.784
62 0.8 0.016 0.784
57 0.784 0.16 0.624
62 0.784 0.16 0.624
62 0.624 0.16 0.464
68 0.8 0.016 0.784
68 0.784 0.16 0.624
