24 2955 0 100 154267184 1.81714 1.81714
8 2948 0 100 154245784 2.11714 2.11714
1 2943 0 100 154258320 2.11714 2.11714
9 2947 0 100 154245088 2.21714 2.21714
28 2968 0 100 121571162 2.31714 2.31714
11 2951 0 100 154305312 2.71714 2.71714
21 2964 0 100 121544498 2.81714 2.81714
13 2957 0 100 121567700 2.91714 2.91714
16 2980 0 100 121551332 3.11714 3.11714
14 2969 0 100 121560278 3.21714 3.21714
7 2963 0 100 154284528 3.61714 3.61714
12 2959 0 100 154270264 4.21714 4.21714
15 2984 0 100 88852772 4.31714 4.31714
26 2956 0 100 88855036 4.31714 4.31714
30 2952 0 100 121541282 4.31714 4.31714
10 2983 0 100 154249168 4.31714 4.31714
27 2961 0 100 88870596 4.61714 4.61714
19 2986 0 100 154276416 4.71714 4.71714
18 2940 0 100 154263952 4.91714 4.91714
3 2949 0 100 154296808 5.41714 5.41714
2 2942 0 100 56205756 5.51714 5.51714
5 2987 0 100 88860492 5.61714 5.61714
22 2971 0 100 154286024 5.71714 5.71714
23 2979 0 100 121548452 5.91714 5.91714
4 2953 0 100 154244232 6.21714 6.21714
6 2965 0 100 154269040 6.41714 6.41714
20 2966 0 100 121558406 6.71714 6.71714
29 2989 0 100 121530344 6.81714 6.81714
17 2972 0 100 121537610 6.91714 6.91714
25 2977 0 100 121539824 7.61714 7.61714
