31 0.8 0.016 0.784
31 0.784 0.16 0.624
30 0.8 0.016 0.784
30 0.784 0.16 0.624
28 0.8 0.016 0.784
28 0.784 0.16 0.624
20 0.8 0.016 0.784
20 0.784 0.16 0.624
34 0.8 0.016 0.784
34 0.784 0.16 0.624
25 0.8 0.16 0.64
25 0.711104 0.016 0.695104
25 0.695104 0.16 0.535104
3 0.8 0.016 0.784
3 0.784 0.16 0.624
36 0.8 0.016 0.784
36 0.784 0.16 0.624
38 0.8 0.016 0.784
38 0.784 0.16 0.624
2 0.8 0.016 0.784
2 0.784 0.16 0.624
37 0.8 0.016 0.784
40 0.8 0.016 0.784
37 0.784 0.16 0.624
40 0.784 0.16 0.624
40 0.624 0.16 0.464
1 0.8 0.016 0.784
1 0.784 0.16 0.624
13 0.8 0.016 0.784
21 0.8 0.016 0.784
21 0.784 0.16 0.624
13 0.784 0.16 0.624
12 0.8 0.016 0.784
12 0.784 0.16 0.624
6 0.8 0.16 0.64
39 0.8 0.16 0.64
6 0.717656 0.016 0.701656
39 0.717585 0.016 0.701585
39 0.701585 0.16 0.541585
6 0.701656 0.16 0.541656
7 0.8 0.16 0.64
15 0.8 0.16 0.64
35 0.8 0.16 0.64
7 0.64 0.16 0.48
15 0.64 0.16 0.48
35 0.64 0.16 0.48
7 0.556112 0.016 0.540112
15 0.559427 0.016 0.543427
35 0.550686 0.016 0.534686
15 0.543427 0.16 0.383427
7 0.540112 0.16 0.380112
18 0.8 0.16 0.64
35 0.534686 0.16 0.374686
18 0.64 0.16 0.48
35 0.374686 0.16 0.214686
35 0.214686 0.16 0.054686
18 0.48 0.16 0.32
18 0.3922 0.016 0.3762
18 0.3762 0.16 0.2162
16 0.8 0.16 0.64
16 0.710174 0.016 0.694174
16 0.694174 0.16 0.534174
33 0.8 0.16 0.64
33 0.717554 0.016 0.701554
33 0.701554 0.16 0.541554
26 0.8 0.16 0.64
24 0.8 0.016 0.784
26 0.715018 0.016 0.699018
24 0.784 0.16 0.624
14 0.8 0.16 0.64
26 0.699018 0.16 0.539018
26 0.539018 0.16 0.379018
14 0.64 0.16 0.48
14 0.559998 0.016 0.543998
14 0.543998 0.16 0.383998
22 0.8 0.016 0.784
22 0.784 0.16 0.624
19 0.8 0.016 0.784
27 0.8 0.016 0.784
27 0.784 0.16 0.624
19 0.784 0.16 0.624
10 0.8 0.16 0.64
10 0.64 0.16 0.48
10 0.558615 0.016 0.542615
10 0.542615 0.16 0.382615
17 0.8 0.016 0.784
17 0.784 0.16 0.624
23 0.8 0.016 0.784
23 0.784 0.16 0.624
9 0.8 0.16 0.64
4 0.8 0.016 0.784
9 0.790708 0.016 0.774708
4 0.784 0.16 0.624
9 0.774708 0.16 0.614708
9 0.614708 0.16 0.454708
11 0.8 0.016 0.784
11 0.784 0.16 0.624
29 0.8 0.016 0.784
29 0.784 0.16 0.624
32 0.8 0.16 0.64
32 0.713814 0.016 0.697814
32 0.697814 0.16 0.537814
8 0.8 0.016 0.784
8 0.784 0.16 0.624
5 0.8 0.016 0.784
5 0.784 0.16 0.624
