0 4160
0 4161
0 4162
0 4163
0 4164
0 4165
0 4166
0 4167
0 4168
0 4169
0 4171
0 4179
0 4181
0 4189
81 4188
37 4184
54 4182
0 4193
26 4190
0 4197
90 4176
0 4202
58 4194
0 4208
60 4207
0 4216
0 4220
78 4183
0 4227
0 4232
89 4200
0 4240
0 4243
0 4249
22 4198
42 4247
80 4175
6 4225
5 4177
0 4254
11 4203
0 4258
0 4261
75 4222
63 4210
14 4195
0 4268
84 4230
0 4274
79 4215
33 4239
59 4211
44 4187
0 4280
82 4266
0 4281
76 4199
45 4252
0 4282
2 4218
46 4212
0 4283
83 4234
85 4236
27 4237
0 4284
62 4186
0 4285
7 4213
53 4196
68 4257
0 4286
87 4205
50 4265
0 4287
65 4248
25 4238
0 4288
32 4273
64 4278
66 4241
0 4289
1 4251
23 4206
0 4290
88 4221
30 4271
19 4219
71 4178
0 4291
0 4292
29 4201
77 4272
0 4293
73 4172
39 4170
47 4226
0 4294
72 4262
0 4295
20 4264
18 4235
10 4259
0 4296
36 4279
10 4259
0 4297
49 4246
8 4233
10 4259
0 4298
51 4223
55 4185
86 4263
0 4299
28 4276
34 4204
16 4242
61 4174
0 4300
21 4173
69 4191
0 4301
0 4302
0 4303
0 4304
0 4305
41 4180
43 4250
0 4306
43 4250
0 4307
0 4308
52 4217
74 4267
70 4192
40 4228
0 4309
38 4277
35 4244
57 4231
0 4310
3 4214
24 4269
0 4311
0 4312
0 4313
48 4245
0 4314
9 4209
13 4229
0 4315
67 4255
4 4256
13 4229
0 4316
0 4317
0 4318
56 4224
0 4319
15 4270
0 4320
31 4253
17 4260
0 4321
0 4322
0 4323
0 4324
0 4325
0 4326
12 4275
0 4327
0 4328
0 4329
0 4330
0 4331
0 4332
0 4333
0 4334
0 4335
0 4336
0 4337
0 4338
0 4339
0 4340
0 4341
0 4342
0 4343
0 4344
0 4345
0 4346
0 4347
0 4348
0 4349
0 4350
0 4351
0 4352
0 4353
0 4354
0 4355
0 4356
0 4357
0 4358
0 4359
0 4360
0 4361
0 4362
0 4363
0 4364
0 4365
0 4366
0 4367
0 4368
0 4369
0 4370
0 4371
0 4372
0 4373
0 4374
0 4375
0 4376
0 4377
0 4378
0 4379
0 4380
0 4381
0 4382
0 4383
0 4384
0 4385
0 4386
0 4387
0 4388
0 4389
0 4390
0 4391
0 4392
0 4393
0 4394
0 4395
0 4396
0 4397
0 4398
0 4399
