24 0.8 0.016 0.784
24 0.784 0.16 0.624
1 0.8 0.016 0.784
8 0.8 0.016 0.784
8 0.784 0.16 0.624
1 0.784 0.16 0.624
9 0.8 0.16 0.64
9 0.717822 0.016 0.701822
9 0.701822 0.16 0.541822
28 0.8 0.16 0.64
28 0.710045 0.016 0.694045
28 0.694045 0.16 0.534045
11 0.8 0.016 0.784
11 0.784 0.16 0.624
21 0.8 0.16 0.64
21 0.711354 0.016 0.695354
21 0.695354 0.16 0.535354
13 0.8 0.16 0.64
13 0.713852 0.016 0.697852
13 0.697852 0.16 0.537852
16 0.8 0.016 0.784
16 0.784 0.16 0.624
14 0.8 0.16 0.64
14 0.717963 0.016 0.701963
14 0.701963 0.16 0.541963
7 0.8 0.016 0.784
7 0.784 0.16 0.624
12 0.8 0.016 0.784
12 0.784 0.16 0.624
10 0.8 0.16 0.64
15 0.8 0.16 0.64
26 0.8 0.16 0.64
30 0.8 0.16 0.64
10 0.715584 0.016 0.699584
15 0.711859 0.016 0.695859
26 0.714861 0.016 0.698861
30 0.71243 0.016 0.69643
15 0.695859 0.16 0.535859
26 0.698861 0.16 0.538861
10 0.699584 0.16 0.539584
30 0.69643 0.16 0.53643
10 0.539584 0.16 0.379584
30 0.53643 0.16 0.37643
30 0.37643 0.16 0.21643
10 0.379584 0.16 0.219584
10 0.219584 0.16 0.0595844
27 0.8 0.016 0.784
27 0.784 0.16 0.624
19 0.8 0.016 0.784
19 0.784 0.16 0.624
18 0.8 0.016 0.784
18 0.784 0.16 0.624
3 0.8 0.016 0.784
3 0.784 0.16 0.624
2 0.8 0.16 0.64
2 0.71527 0.016 0.69927
2 0.69927 0.16 0.53927
5 0.8 0.16 0.64
5 0.714911 0.016 0.698911
5 0.698911 0.16 0.538911
22 0.8 0.016 0.784
22 0.784 0.16 0.624
23 0.8 0.016 0.784
23 0.784 0.16 0.624
4 0.8 0.016 0.784
4 0.784 0.16 0.624
6 0.8 0.016 0.784
6 0.784 0.16 0.624
20 0.8 0.016 0.784
20 0.784 0.16 0.624
29 0.8 0.16 0.64
29 0.719957 0.016 0.703957
29 0.703957 0.16 0.543957
17 0.8 0.016 0.784
17 0.784 0.16 0.624
25 0.8 0.016 0.784
25 0.784 0.16 0.624
