16 0.8 0.016 0.784
16 0.784 0.16 0.624
27 0.8 0.016 0.784
27 0.784 0.16 0.624
4 0.8 0.016 0.784
24 0.8 0.016 0.784
24 0.784 0.16 0.624
4 0.784 0.16 0.624
30 0.8 0.16 0.64
30 0.64 0.16 0.48
30 0.559396 0.016 0.543396
30 0.543396 0.16 0.383396
25 0.8 0.016 0.784
28 0.8 0.016 0.784
25 0.784 0.16 0.624
28 0.784 0.16 0.624
1 0.8 0.016 0.784
19 0.8 0.016 0.784
22 0.8 0.016 0.784
22 0.784 0.16 0.624
19 0.784 0.16 0.624
1 0.784 0.16 0.624
1 0.624 0.16 0.464
1 0.464 0.16 0.304
46 0.8 0.16 0.64
46 0.710439 0.016 0.694439
46 0.694439 0.16 0.534439
7 0.8 0.016 0.784
7 0.784 0.16 0.624
18 0.8 0.016 0.784
45 0.8 0.016 0.784
18 0.784 0.16 0.624
45 0.784 0.16 0.624
43 0.8 0.16 0.64
31 0.8 0.016 0.784
43 0.791106 0.016 0.775106
43 0.775106 0.16 0.615106
31 0.784 0.16 0.624
31 0.624 0.16 0.464
36 0.8 0.16 0.64
36 0.719047 0.016 0.703047
36 0.703047 0.16 0.543047
5 0.8 0.16 0.64
5 0.718225 0.016 0.702225
9 0.8 0.016 0.784
5 0.702225 0.16 0.542225
9 0.784 0.16 0.624
9 0.624 0.16 0.464
14 0.8 0.16 0.64
14 0.717735 0.016 0.701735
14 0.701735 0.16 0.541735
33 0.8 0.16 0.64
39 0.8 0.16 0.64
33 0.713551 0.016 0.697551
39 0.71555 0.016 0.69955
39 0.69955 0.16 0.53955
33 0.697551 0.16 0.537551
47 0.8 0.16 0.64
33 0.537551 0.16 0.377551
47 0.64 0.16 0.48
47 0.555954 0.016 0.539954
47 0.539954 0.16 0.379954
12 0.8 0.16 0.64
12 0.716209 0.016 0.700209
12 0.700209 0.16 0.540209
6 0.8 0.16 0.64
10 0.8 0.16 0.64
6 0.717042 0.016 0.701042
10 0.711233 0.016 0.695233
10 0.695233 0.16 0.535233
6 0.701042 0.16 0.541042
6 0.541042 0.16 0.381042
21 0.8 0.016 0.784
41 0.8 0.016 0.784
21 0.784 0.16 0.624
41 0.784 0.16 0.624
41 0.624 0.16 0.464
17 0.8 0.016 0.784
29 0.8 0.016 0.784
35 0.8 0.016 0.784
29 0.784 0.16 0.624
35 0.784 0.16 0.624
17 0.784 0.16 0.624
40 0.8 0.016 0.784
40 0.784 0.16 0.624
32 0.8 0.16 0.64
3 0.8 0.016 0.784
20 0.8 0.016 0.784
32 0.719407 0.016 0.703407
3 0.784 0.16 0.624
20 0.784 0.16 0.624
32 0.703407 0.16 0.543407
20 0.624 0.16 0.464
32 0.543407 0.16 0.383407
15 0.8 0.016 0.784
15 0.784 0.16 0.624
37 0.8 0.016 0.784
37 0.784 0.16 0.624
26 0.8 0.16 0.64
13 0.8 0.016 0.784
26 0.71081 0.016 0.69481
26 0.69481 0.16 0.53481
13 0.784 0.16 0.624
34 0.8 0.16 0.64
13 0.624 0.16 0.464
34 0.64 0.16 0.48
34 0.553067 0.016 0.537067
34 0.537067 0.16 0.377067
44 0.8 0.016 0.784
44 0.784 0.16 0.624
42 0.8 0.016 0.784
50 0.8 0.016 0.784
42 0.784 0.16 0.624
50 0.784 0.16 0.624
48 0.8 0.16 0.64
48 0.64 0.16 0.48
49 0.8 0.16 0.64
48 0.55483 0.016 0.53883
48 0.53883 0.16 0.37883
49 0.715188 0.16 0.555188
49 0.629062 0.016 0.613062
49 0.613062 0.16 0.453062
2 0.8 0.016 0.784
8 0.8 0.016 0.784
8 0.784 0.16 0.624
2 0.784 0.16 0.624
23 0.8 0.016 0.784
23 0.784 0.16 0.624
11 0.8 0.016 0.784
38 0.8 0.016 0.784
11 0.784 0.16 0.624
38 0.784 0.16 0.624
