52 4419 0 100 88858260 1.2311 1.2311
27 4425 0 100 154281584 1.3311 1.3311
72 4414 0 100 154290776 1.4311 1.4311
9 4429 0 100 121573748 1.7311 1.7311
58 4468 0 100 154289272 1.9311 1.9311
89 4474 0 100 121535906 2.0311 2.0311
10 4413 0 100 121568114 2.2311 2.2311
78 4442 0 100 88859036 2.3311 2.3311
71 4454 0 100 88860660 2.3311 2.3311
94 4493 0 100 121533476 2.3311 2.3311
8 4466 0 100 121540940 2.4311 2.4311
16 4463 0 100 121550528 2.4311 2.4311
56 4432 0 100 88855668 2.5311 2.5311
21 4446 0 100 121532414 2.5311 2.5311
74 4485 0 100 121555802 2.6311 2.6311
43 4415 0 100 154249896 2.6311 2.6311
47 4456 0 100 88850560 2.7311 2.7311
80 4453 0 100 88854948 2.7311 2.7311
23 4439 0 100 88858324 2.7311 2.7311
37 4411 0 100 88870484 2.7311 2.7311
62 4516 0 100 88873288 2.7311 2.7311
6 4416 0 100 121565846 2.8311 2.8311
59 4502 0 100 121567316 2.8311 2.8311
54 4473 0 100 154302432 2.8311 2.8311
3 4426 0 100 121530428 3.0311 3.0311
40 4457 0 100 154256120 3.1311 3.1311
88 4523 0 100 154302352 3.1311 3.1311
79 4421 0 100 56205796 3.2311 3.2311
2 4496 0 100 88861876 3.2311 3.2311
77 4461 0 100 154289344 3.2311 3.2311
20 4448 0 100 121537478 3.3311 3.3311
63 4418 0 100 154305144 3.3311 3.3311
35 4507 0 100 121552970 3.4311 3.4311
83 4434 0 100 154270120 3.4311 3.4311
17 4504 0 100 154258936 3.5311 3.5311
73 4450 0 100 154278104 3.5311 3.5311
49 4431 0 100 88859532 3.7311 3.7311
45 4515 0 100 154281536 3.7311 3.7311
14 4433 0 100 121568498 3.8311 3.8311
95 4440 0 100 88848228 3.9311 3.9311
41 4462 0 100 154302816 3.9311 3.9311
18 4449 0 100 56207576 4.1311 4.1311
97 4424 0 100 88859800 4.1311 4.1311
1 4510 0 100 121528070 4.1311 4.1311
28 4489 0 100 154248912 4.1311 4.1311
7 4420 0 100 56200234 4.2311 4.2311
57 4483 0 100 121531400 4.3311 4.3311
61 4484 0 100 121531448 4.3311 4.3311
69 4464 0 100 121548386 4.3311 4.3311
4 4444 0 100 154285704 4.4311 4.4311
68 4505 0 100 154304224 4.6311 4.6311
60 4501 0 100 88855724 4.7311 4.7311
46 4476 0 100 121546040 4.7311 4.7311
93 4490 0 100 154253816 4.8311 4.8311
70 4471 0 100 154264448 4.8311 4.8311
87 4443 0 100 154294464 4.8311 4.8311
67 4451 0 100 121555736 4.9311 4.9311
26 4423 0 100 154300672 4.9311 4.9311
96 4458 0 100 154262832 5.0311 5.0311
44 4478 0 100 154277256 5.0311 5.0311
65 4447 0 100 88853764 5.4311 5.4311
91 4514 0 100 154267752 5.5311 5.5311
76 4524 0 100 88858004 5.6311 5.6311
90 4437 0 100 88867304 5.6311 5.6311
42 4475 0 100 88875552 5.6311 5.6311
82 4435 0 100 121543214 5.6311 5.6311
22 4428 0 100 121568726 5.6311 5.6311
30 4492 0 100 121549934 5.7311 5.7311
99 4528 0 100 88873912 5.8311 5.8311
12 4522 0 100 88872792 5.9311 5.9311
81 4412 0 100 88846868 6.0311 6.0311
50 4427 0 100 121529498 6.0311 6.0311
11 4495 0 100 154296456 6.0311 6.0311
29 4486 0 100 88865912 6.1311 6.1311
84 4455 0 100 88868212 6.1311 6.1311
48 4482 0 100 154289080 6.1311 6.1311
53 4481 0 100 56206742 6.2311 6.2311
55 4513 0 100 121544156 6.2311 6.2311
64 4438 0 100 88871232 6.3311 6.3311
25 4506 0 100 121561700 6.3311 6.3311
31 4465 0 100 88846064 6.4311 6.4311
75 4467 0 100 154242608 6.4311 6.4311
86 4500 0 100 154298848 6.4311 6.4311
85 4526 0 100 121551470 6.5311 6.5311
66 4472 0 100 154295792 6.5311 6.5311
38 4508 0 100 88867416 6.6311 6.6311
98 4479 0 100 154303536 6.6311 6.6311
39 4499 0 100 56203750 6.8311 6.8311
32 4460 0 100 56206246 6.8311 6.8311
13 4517 0 100 121558328 6.8311 6.8311
34 4511 0 100 121565948 6.8311 6.8311
15 4470 0 100 121563860 6.9311 6.9311
24 4491 0 100 121556384 7.0311 7.0311
92 4521 0 100 121573970 7.2311 7.2311
51 4525 0 100 121528310 7.3311 7.3311
100 4512 0 100 121544510 7.3311 7.3311
36 4498 0 100 154256768 7.5311 7.5311
19 4529 0 100 154296896 7.8311 7.8311
