52 0.8 0.016 0.784
52 0.784 0.16 0.624
27 0.8 0.016 0.784
27 0.784 0.16 0.624
72 0.8 0.16 0.64
72 0.714415 0.016 0.698415
72 0.698415 0.16 0.538415
9 0.8 0.016 0.784
9 0.784 0.16 0.624
58 0.8 0.016 0.784
58 0.784 0.16 0.624
89 0.8 0.016 0.784
89 0.784 0.16 0.624
10 0.8 0.016 0.784
10 0.784 0.16 0.624
71 0.8 0.16 0.64
78 0.8 0.16 0.64
71 0.716533 0.016 0.700533
78 0.714214 0.016 0.698214
94 0.8 0.016 0.784
78 0.698214 0.16 0.538214
71 0.700533 0.16 0.540533
8 0.8 0.16 0.64
94 0.784 0.16 0.624
8 0.64 0.16 0.48
94 0.624 0.16 0.464
94 0.464 0.16 0.304
8 0.48 0.16 0.32
16 0.8 0.16 0.64
8 0.391088 0.016 0.375088
16 0.711914 0.016 0.695914
8 0.375088 0.16 0.215088
16 0.695914 0.16 0.535914
21 0.8 0.16 0.64
21 0.64 0.16 0.48
56 0.8 0.16 0.64
21 0.55767 0.016 0.54167
56 0.714785 0.016 0.698785
56 0.698785 0.16 0.538785
21 0.54167 0.16 0.38167
74 0.8 0.16 0.64
21 0.38167 0.16 0.22167
43 0.8 0.016 0.784
74 0.715692 0.016 0.699692
74 0.699692 0.16 0.539692
37 0.8 0.16 0.64
43 0.784 0.16 0.624
47 0.8 0.16 0.64
80 0.8 0.16 0.64
43 0.624 0.16 0.464
23 0.8 0.16 0.64
33 0.8 0.16 0.64
37 0.64 0.16 0.48
47 0.64 0.16 0.48
80 0.64 0.16 0.48
23 0.711069 0.016 0.695069
33 0.719508 0.016 0.703508
37 0.551634 0.016 0.535634
47 0.553321 0.016 0.537321
62 0.8 0.016 0.784
80 0.550478 0.016 0.534478
47 0.537321 0.16 0.377321
80 0.534478 0.16 0.374478
23 0.695069 0.16 0.535069
37 0.535634 0.16 0.375634
62 0.784 0.16 0.624
33 0.703508 0.16 0.543508
59 0.8 0.16 0.64
33 0.543508 0.16 0.383508
59 0.64 0.16 0.48
33 0.383508 0.16 0.223508
59 0.48 0.16 0.32
33 0.223508 0.16 0.0635083
33 0.0635083 0.16 -0.0964917
59 0.32 0.16 0.16
6 0.8 0.016 0.784
33 0.0734302 0.016 0.0574302
54 0.8 0.016 0.784
59 0.233325 0.016 0.217325
6 0.784 0.16 0.624
59 0.217325 0.16 0.0573254
54 0.784 0.16 0.624
33 0.0574302 0.16 -0.10257
54 0.624 0.16 0.464
54 0.464 0.16 0.304
3 0.8 0.016 0.784
3 0.784 0.16 0.624
40 0.8 0.016 0.784
88 0.8 0.016 0.784
40 0.784 0.16 0.624
88 0.784 0.16 0.624
2 0.8 0.16 0.64
77 0.8 0.16 0.64
79 0.8 0.16 0.64
2 0.64 0.16 0.48
77 0.64 0.16 0.48
79 0.64 0.16 0.48
2 0.558201 0.016 0.542201
77 0.552795 0.016 0.536795
79 0.553882 0.016 0.537882
79 0.537882 0.16 0.377882
2 0.542201 0.16 0.382201
20 0.8 0.16 0.64
77 0.536795 0.16 0.376795
2 0.382201 0.16 0.222201
20 0.64 0.16 0.48
77 0.376795 0.16 0.216795
33 0.293662 0.16 0.133662
77 0.216795 0.16 0.0567948
20 0.48 0.16 0.32
63 0.8 0.16 0.64
20 0.394975 0.016 0.378975
63 0.710916 0.016 0.694916
33 0.207151 0.16 0.0471508
20 0.378975 0.16 0.218975
63 0.694916 0.16 0.534916
63 0.534916 0.16 0.374916
35 0.8 0.16 0.64
83 0.8 0.16 0.64
35 0.715903 0.016 0.699903
83 0.718567 0.016 0.702567
35 0.699903 0.16 0.539903
73 0.8 0.16 0.64
83 0.702567 0.16 0.542567
83 0.542567 0.16 0.382567
17 0.8 0.16 0.64
73 0.64 0.16 0.48
17 0.716885 0.016 0.700885
73 0.558367 0.016 0.542367
17 0.700885 0.16 0.540885
73 0.542367 0.16 0.382367
45 0.8 0.016 0.784
49 0.8 0.016 0.784
49 0.784 0.16 0.624
45 0.784 0.16 0.624
45 0.624 0.16 0.464
14 0.8 0.16 0.64
95 0.8 0.16 0.64
14 0.714351 0.016 0.698351
14 0.698351 0.16 0.538351
95 0.71591 0.16 0.55591
41 0.8 0.016 0.784
95 0.629835 0.016 0.613835
95 0.613835 0.16 0.453835
41 0.784 0.16 0.624
41 0.624 0.16 0.464
1 0.8 0.016 0.784
18 0.8 0.016 0.784
28 0.8 0.016 0.784
97 0.8 0.016 0.784
18 0.784 0.16 0.624
1 0.784 0.16 0.624
7 0.8 0.16 0.64
28 0.784 0.16 0.624
97 0.784 0.16 0.624
97 0.624 0.16 0.464
1 0.624 0.16 0.464
7 0.64 0.16 0.48
28 0.624 0.16 0.464
1 0.464 0.16 0.304
7 0.48 0.16 0.32
28 0.464 0.16 0.304
28 0.304 0.16 0.144
7 0.32 0.16 0.16
7 0.232443 0.016 0.216443
7 0.216443 0.16 0.0564428
57 0.8 0.016 0.784
61 0.8 0.016 0.784
69 0.8 0.016 0.784
57 0.784 0.16 0.624
61 0.784 0.16 0.624
69 0.784 0.16 0.624
4 0.8 0.16 0.64
4 0.64 0.16 0.48
4 0.550409 0.016 0.534409
4 0.534409 0.16 0.374409
68 0.8 0.016 0.784
68 0.784 0.16 0.624
46 0.8 0.16 0.64
60 0.8 0.16 0.64
46 0.712501 0.016 0.696501
60 0.713691 0.016 0.697691
60 0.697691 0.16 0.537691
46 0.696501 0.16 0.536501
46 0.536501 0.16 0.376501
70 0.8 0.016 0.784
87 0.8 0.016 0.784
93 0.8 0.016 0.784
93 0.784 0.16 0.624
70 0.784 0.16 0.624
87 0.784 0.16 0.624
26 0.8 0.16 0.64
67 0.8 0.16 0.64
26 0.64 0.16 0.48
67 0.64 0.16 0.48
26 0.48 0.16 0.32
67 0.48 0.16 0.32
26 0.390095 0.016 0.374095
67 0.395081 0.016 0.379081
67 0.379081 0.16 0.219081
26 0.374095 0.16 0.214095
44 0.8 0.16 0.64
96 0.8 0.16 0.64
26 0.214095 0.16 0.0540945
44 0.64 0.16 0.48
96 0.64 0.16 0.48
44 0.559881 0.016 0.543881
96 0.554817 0.016 0.538817
96 0.538817 0.16 0.378817
44 0.543881 0.16 0.383881
65 0.8 0.016 0.784
65 0.784 0.16 0.624
91 0.8 0.16 0.64
91 0.710725 0.016 0.694725
91 0.694725 0.16 0.534725
22 0.8 0.16 0.64
42 0.8 0.16 0.64
76 0.8 0.16 0.64
82 0.8 0.16 0.64
90 0.8 0.16 0.64
22 0.712293 0.016 0.696293
42 0.713748 0.016 0.697748
76 0.714935 0.016 0.698935
82 0.717052 0.016 0.701052
90 0.717728 0.016 0.701728
76 0.698935 0.16 0.538935
90 0.701728 0.16 0.541728
42 0.697748 0.16 0.537748
22 0.696293 0.16 0.536293
30 0.8 0.16 0.64
82 0.701052 0.16 0.541052
22 0.536293 0.16 0.376293
30 0.64 0.16 0.48
82 0.541052 0.16 0.381052
22 0.376293 0.16 0.216293
82 0.381052 0.16 0.221052
82 0.221052 0.16 0.0610516
22 0.216293 0.16 0.0562933
30 0.48 0.16 0.32
30 0.399948 0.016 0.383948
30 0.383948 0.16 0.223948
99 0.8 0.16 0.64
99 0.710929 0.016 0.694929
99 0.694929 0.16 0.534929
12 0.8 0.16 0.64
12 0.716176 0.016 0.700176
12 0.700176 0.16 0.540176
81 0.8 0.16 0.64
11 0.8 0.016 0.784
50 0.8 0.016 0.784
81 0.714359 0.016 0.698359
81 0.698359 0.16 0.538359
5 0.8 0.16 0.64
11 0.784 0.16 0.624
29 0.8 0.16 0.64
50 0.784 0.16 0.624
84 0.8 0.16 0.64
50 0.624 0.16 0.464
5 0.64 0.16 0.48
11 0.624 0.16 0.464
29 0.64 0.16 0.48
84 0.64 0.16 0.48
11 0.464 0.16 0.304
5 0.48 0.16 0.32
29 0.48 0.16 0.32
48 0.8 0.16 0.64
53 0.8 0.16 0.64
84 0.48 0.16 0.32
5 0.390125 0.016 0.374125
29 0.392656 0.016 0.376656
48 0.719303 0.016 0.703303
84 0.395078 0.016 0.379078
29 0.376656 0.16 0.216656
84 0.379078 0.16 0.219078
5 0.374125 0.16 0.214125
48 0.703303 0.16 0.543303
53 0.719208 0.16 0.559208
5 0.214125 0.16 0.0541246
48 0.543303 0.16 0.383303
53 0.559208 0.16 0.399208
48 0.383303 0.16 0.223303
5 0.0541246 0.16 -0.105875
53 0.399208 0.16 0.239208
55 0.8 0.16 0.64
5 0.0706452 0.016 0.0546452
53 0.312431 0.016 0.296431
55 0.710684 0.016 0.694684
53 0.296431 0.16 0.136431
5 0.0546452 0.16 -0.105355
55 0.694684 0.16 0.534684
64 0.8 0.16 0.64
55 0.534684 0.16 0.374684
25 0.8 0.16 0.64
64 0.64 0.16 0.48
25 0.71096 0.016 0.69496
64 0.551004 0.016 0.535004
64 0.535004 0.16 0.375004
25 0.69496 0.16 0.53496
31 0.8 0.16 0.64
25 0.53496 0.16 0.37496
31 0.64 0.16 0.48
31 0.559025 0.016 0.543025
75 0.8 0.016 0.784
86 0.8 0.016 0.784
31 0.543025 0.16 0.383025
75 0.784 0.16 0.624
86 0.784 0.16 0.624
75 0.624 0.16 0.464
86 0.624 0.16 0.464
85 0.8 0.16 0.64
66 0.8 0.16 0.64
85 0.64 0.16 0.48
66 0.717762 0.016 0.701762
85 0.556561 0.016 0.540561
85 0.540561 0.16 0.380561
38 0.8 0.16 0.64
66 0.701762 0.16 0.541762
66 0.541762 0.16 0.381762
38 0.64 0.16 0.48
98 0.8 0.16 0.64
38 0.558751 0.016 0.542751
98 0.719682 0.016 0.703682
38 0.542751 0.16 0.382751
98 0.703682 0.16 0.543682
5 0.301314 0.16 0.141314
98 0.543682 0.16 0.383682
13 0.8 0.16 0.64
39 0.8 0.16 0.64
5 0.216404 0.16 0.056404
13 0.793137 0.016 0.777137
32 0.8 0.016 0.784
34 0.8 0.016 0.784
39 0.786912 0.016 0.770912
39 0.770912 0.16 0.610912
32 0.784 0.16 0.624
13 0.777137 0.16 0.617137
34 0.784 0.16 0.624
13 0.617137 0.16 0.457137
34 0.624 0.16 0.464
13 0.457137 0.16 0.297137
34 0.464 0.16 0.304
15 0.8 0.016 0.784
15 0.784 0.16 0.624
24 0.8 0.16 0.64
24 0.711206 0.016 0.695206
24 0.695206 0.16 0.535206
92 0.8 0.016 0.784
92 0.784 0.16 0.624
51 0.8 0.16 0.64
100 0.8 0.16 0.64
51 0.711616 0.016 0.695616
100 0.717812 0.016 0.701812
51 0.695616 0.16 0.535616
100 0.701812 0.16 0.541812
36 0.8 0.016 0.784
36 0.784 0.16 0.624
19 0.8 0.016 0.784
19 0.784 0.16 0.624
