4 3120 1.00195
12 3121 1.04784
30 3122 1.07439
35 3124 1.09016
31 3125 1.11204
9 3126 1.12233
33 3128 1.19997
37 3129 1.25993
34 3131 1.28178
19 3132 1.31344
14 3133 1.33451
36 3135 1.39039
28 3136 1.44287
22 3139 1.62056
21 3140 1.62217
29 3141 1.65658
2 3142 1.66534
24 3143 1.67251
16 3145 1.68807
27 3146 1.69419
40 3147 1.73305
23 3148 1.75226
20 3149 1.76412
25 3151 1.78649
32 3152 1.82861
1 3153 1.83405
38 3155 1.89201
15 3156 1.92932
26 3158 2.00945
7 3159 2.03782
10 3162 2.19582
18 3166 2.49113
3 3168 2.58962
5 3169 2.66631
39 3171 2.74162
6 3172 2.75158
11 3173 2.76947
13 3175 2.79585
8 3176 2.86419
17 3179 2.98959
