37 0.8 0.016 0.784
54 0.8 0.016 0.784
81 0.8 0.016 0.784
81 0.784 0.16 0.624
37 0.784 0.16 0.624
37 0.624 0.16 0.464
54 0.784 0.16 0.624
26 0.8 0.016 0.784
26 0.784 0.16 0.624
90 0.8 0.016 0.784
90 0.784 0.16 0.624
58 0.8 0.16 0.64
58 0.713726 0.016 0.697726
58 0.697726 0.16 0.537726
60 0.8 0.016 0.784
60 0.784 0.16 0.624
78 0.8 0.016 0.784
78 0.784 0.16 0.624
89 0.8 0.016 0.784
89 0.784 0.16 0.624
5 0.8 0.016 0.784
6 0.8 0.016 0.784
22 0.8 0.016 0.784
42 0.8 0.016 0.784
80 0.8 0.016 0.784
22 0.784 0.16 0.624
5 0.784 0.16 0.624
6 0.784 0.16 0.624
42 0.784 0.16 0.624
80 0.784 0.16 0.624
42 0.624 0.16 0.464
80 0.624 0.16 0.464
6 0.624 0.16 0.464
5 0.624 0.16 0.464
5 0.464 0.16 0.304
5 0.304 0.16 0.144
11 0.8 0.16 0.64
11 0.714155 0.016 0.698155
11 0.698155 0.16 0.538155
14 0.8 0.016 0.784
63 0.8 0.016 0.784
75 0.8 0.016 0.784
75 0.784 0.16 0.624
14 0.784 0.16 0.624
63 0.784 0.16 0.624
84 0.8 0.16 0.64
63 0.624 0.16 0.464
14 0.624 0.16 0.464
59 0.8 0.16 0.64
84 0.64 0.16 0.48
59 0.64 0.16 0.48
84 0.48 0.16 0.32
84 0.397436 0.016 0.381436
84 0.381436 0.16 0.221436
59 0.558828 0.16 0.398828
79 0.8 0.16 0.64
33 0.8 0.016 0.784
44 0.8 0.016 0.784
59 0.476214 0.016 0.460214
79 0.719914 0.016 0.703914
79 0.703914 0.16 0.543914
33 0.784 0.16 0.624
59 0.460214 0.16 0.300214
44 0.784 0.16 0.624
44 0.624 0.16 0.464
44 0.464 0.16 0.304
44 0.304 0.16 0.144
82 0.8 0.16 0.64
82 0.715526 0.016 0.699526
82 0.699526 0.16 0.539526
25 0.8 0.16 0.64
45 0.8 0.16 0.64
76 0.8 0.16 0.64
45 0.719247 0.016 0.703247
76 0.715726 0.016 0.699726
76 0.699726 0.16 0.539726
2 0.8 0.16 0.64
25 0.713026 0.16 0.553026
45 0.703247 0.16 0.543247
46 0.8 0.16 0.64
45 0.543247 0.16 0.383247
2 0.64 0.16 0.48
25 0.553026 0.16 0.393026
46 0.64 0.16 0.48
2 0.55153 0.016 0.53553
25 0.466412 0.016 0.450412
46 0.550479 0.016 0.534479
2 0.53553 0.16 0.37553
25 0.450412 0.16 0.290412
46 0.534479 0.16 0.374479
83 0.8 0.16 0.64
85 0.8 0.16 0.64
46 0.374479 0.16 0.214479
25 0.290412 0.16 0.130412
83 0.64 0.16 0.48
85 0.64 0.16 0.48
27 0.8 0.016 0.784
83 0.557933 0.016 0.541933
85 0.55579 0.016 0.53979
83 0.541933 0.16 0.381933
27 0.784 0.16 0.624
85 0.53979 0.16 0.37979
85 0.37979 0.16 0.21979
25 0.203643 0.16 0.0436426
27 0.624 0.16 0.464
27 0.464 0.16 0.304
62 0.8 0.16 0.64
62 0.711318 0.016 0.695318
62 0.695318 0.16 0.535318
7 0.8 0.016 0.784
53 0.8 0.016 0.784
68 0.8 0.016 0.784
7 0.784 0.16 0.624
53 0.784 0.16 0.624
68 0.784 0.16 0.624
50 0.8 0.16 0.64
87 0.8 0.16 0.64
87 0.64 0.16 0.48
50 0.64 0.16 0.48
87 0.48 0.16 0.32
50 0.559264 0.016 0.543264
87 0.390245 0.016 0.374245
87 0.374245 0.16 0.214245
50 0.543264 0.16 0.383264
50 0.383264 0.16 0.223264
65 0.8 0.16 0.64
65 0.719502 0.016 0.703502
65 0.703502 0.16 0.543502
32 0.8 0.16 0.64
64 0.8 0.16 0.64
25 0.339905 0.16 0.179905
32 0.714688 0.016 0.698688
64 0.711518 0.016 0.695518
66 0.8 0.016 0.784
32 0.698688 0.16 0.538688
64 0.695518 0.16 0.535518
66 0.784 0.16 0.624
64 0.535518 0.16 0.375518
66 0.624 0.16 0.464
1 0.8 0.16 0.64
23 0.8 0.16 0.64
1 0.716454 0.016 0.700454
23 0.710083 0.016 0.694083
1 0.700454 0.16 0.540454
23 0.694083 0.16 0.534083
10 0.8 0.16 0.64
19 0.8 0.16 0.64
30 0.8 0.16 0.64
71 0.8 0.16 0.64
88 0.8 0.16 0.64
10 0.64 0.16 0.48
19 0.64 0.16 0.48
30 0.64 0.16 0.48
71 0.64 0.16 0.48
88 0.64 0.16 0.48
10 0.55622 0.016 0.54022
19 0.553047 0.016 0.537047
30 0.553175 0.016 0.537175
71 0.551549 0.016 0.535549
88 0.550703 0.016 0.534703
88 0.534703 0.16 0.374703
30 0.537175 0.16 0.377175
19 0.537047 0.16 0.377047
71 0.535549 0.16 0.375549
10 0.54022 0.16 0.38022
10 0.38022 0.16 0.22022
10 0.22022 0.16 0.0602203
10 0.0602203 0.16 -0.0997797
10 0.0745445 0.016 0.0585445
10 0.136468 0.016 0.120468
29 0.8 0.016 0.784
77 0.8 0.016 0.784
29 0.784 0.16 0.624
77 0.784 0.16 0.624
39 0.8 0.16 0.64
47 0.8 0.16 0.64
73 0.8 0.16 0.64
39 0.64 0.16 0.48
47 0.64 0.16 0.48
73 0.64 0.16 0.48
39 0.557223 0.016 0.541223
47 0.550183 0.016 0.534183
73 0.555962 0.016 0.539962
73 0.539962 0.16 0.379962
39 0.541223 0.16 0.381223
47 0.534183 0.16 0.374183
39 0.381223 0.16 0.221223
47 0.374183 0.16 0.214183
72 0.8 0.16 0.64
72 0.64 0.16 0.48
72 0.55285 0.016 0.53685
72 0.53685 0.16 0.37685
18 0.8 0.16 0.64
20 0.8 0.16 0.64
18 0.713516 0.016 0.697516
20 0.712532 0.016 0.696532
20 0.696532 0.16 0.536532
18 0.697516 0.16 0.537516
36 0.8 0.16 0.64
18 0.537516 0.16 0.377516
10 0.352304 0.16 0.192304
36 0.64 0.16 0.48
36 0.551526 0.016 0.535526
10 0.267992 0.16 0.107992
36 0.535526 0.16 0.375526
8 0.8 0.016 0.784
49 0.8 0.016 0.784
49 0.784 0.16 0.624
8 0.784 0.16 0.624
51 0.8 0.16 0.64
55 0.8 0.16 0.64
86 0.8 0.16 0.64
8 0.624 0.16 0.464
10 0.183233 0.16 0.0232326
28 0.8 0.16 0.64
51 0.64 0.16 0.48
55 0.64 0.16 0.48
86 0.64 0.16 0.48
51 0.558797 0.016 0.542797
55 0.557584 0.016 0.541584
86 0.558277 0.016 0.542277
51 0.542797 0.16 0.382797
28 0.712181 0.16 0.552181
55 0.541584 0.16 0.381584
86 0.542277 0.16 0.382277
55 0.381584 0.16 0.221584
28 0.552181 0.16 0.392181
86 0.382277 0.16 0.222277
86 0.222277 0.16 0.0622767
28 0.392181 0.16 0.232181
16 0.8 0.016 0.784
28 0.310483 0.016 0.294483
34 0.8 0.016 0.784
61 0.8 0.016 0.784
28 0.294483 0.16 0.134483
16 0.784 0.16 0.624
34 0.784 0.16 0.624
61 0.784 0.16 0.624
69 0.8 0.16 0.64
34 0.624 0.16 0.464
16 0.624 0.16 0.464
61 0.624 0.16 0.464
21 0.8 0.16 0.64
43 0.8 0.16 0.64
69 0.64 0.16 0.48
21 0.64 0.16 0.48
43 0.64 0.16 0.48
69 0.48 0.16 0.32
21 0.48 0.16 0.32
43 0.48 0.16 0.32
69 0.32 0.16 0.16
21 0.392063 0.016 0.376063
43 0.396886 0.016 0.380886
69 0.238991 0.016 0.222991
21 0.376063 0.16 0.216063
69 0.222991 0.16 0.0629913
43 0.380886 0.16 0.220886
43 0.220886 0.16 0.0608859
43 0.139403 0.016 0.123403
41 0.8 0.016 0.784
43 0.4178 0.16 0.2578
41 0.784 0.16 0.624
43 0.330097 0.16 0.170097
40 0.8 0.016 0.784
52 0.8 0.016 0.784
70 0.8 0.016 0.784
74 0.8 0.016 0.784
52 0.784 0.16 0.624
13 0.8 0.16 0.64
38 0.8 0.16 0.64
40 0.784 0.16 0.624
70 0.784 0.16 0.624
74 0.784 0.16 0.624
74 0.624 0.16 0.464
70 0.624 0.16 0.464
40 0.624 0.16 0.464
13 0.64 0.16 0.48
35 0.8 0.16 0.64
38 0.64 0.16 0.48
40 0.464 0.16 0.304
40 0.304 0.16 0.144
3 0.8 0.16 0.64
13 0.48 0.16 0.32
35 0.64 0.16 0.48
38 0.48 0.16 0.32
57 0.8 0.16 0.64
13 0.399688 0.016 0.383688
35 0.552934 0.016 0.536934
38 0.392557 0.016 0.376557
57 0.711328 0.016 0.695328
38 0.376557 0.16 0.216557
35 0.536934 0.16 0.376934
3 0.714852 0.16 0.554852
13 0.383688 0.16 0.223688
57 0.695328 0.16 0.535328
3 0.554852 0.16 0.394852
13 0.223688 0.16 0.0636876
57 0.535328 0.16 0.375328
57 0.375328 0.16 0.215328
3 0.394852 0.16 0.234852
13 0.0636876 0.16 -0.0963124
24 0.8 0.16 0.64
3 0.310655 0.016 0.294655
13 0.0744883 0.016 0.0584883
24 0.715527 0.016 0.699527
3 0.294655 0.16 0.134655
13 0.0584883 0.16 -0.101512
24 0.699527 0.16 0.539527
24 0.539527 0.16 0.379527
48 0.8 0.016 0.784
48 0.784 0.16 0.624
9 0.8 0.16 0.64
9 0.714291 0.016 0.698291
9 0.698291 0.16 0.538291
4 0.8 0.16 0.64
67 0.8 0.16 0.64
13 0.304958 0.16 0.144958
4 0.711494 0.016 0.695494
67 0.71758 0.016 0.70158
67 0.70158 0.16 0.54158
4 0.695494 0.16 0.535494
4 0.535494 0.16 0.375494
13 0.216646 0.16 0.0566464
56 0.8 0.016 0.784
56 0.784 0.16 0.624
15 0.8 0.16 0.64
15 0.719462 0.016 0.703462
15 0.703462 0.16 0.543462
31 0.8 0.16 0.64
17 0.8 0.016 0.784
31 0.717927 0.016 0.701927
31 0.701927 0.16 0.541927
17 0.784 0.16 0.624
17 0.624 0.16 0.464
12 0.8 0.016 0.784
12 0.784 0.16 0.624
