0 3710
0 3711
0 3712
0 3713
0 3714
0 3715
0 3716
0 3717
0 3718
0 3719
0 3720
0 3723
0 3725
0 3731
0 3734
65 3726
0 3738
0 3746
31 3729
0 3753
64 3751
0 3758
0 3761
13 3760
1 3752
0 3767
29 3764
0 3774
18 3741
59 3772
17 3748
0 3776
26 3747
27 3771
0 3780
0 3783
48 3724
43 3766
0 3786
39 3740
55 3779
7 3728
11 3784
0 3793
0 3799
33 3739
20 3775
0 3802
60 3769
66 3801
0 3805
2 3797
22 3721
0 3810
21 3727
0 3811
70 3736
38 3755
0 3812
36 3788
0 3813
5 3798
54 3800
0 3814
0 3815
0 3816
0 3817
0 3818
3 3757
0 3819
61 3750
34 3781
14 3762
0 3820
51 3754
4 3722
16 3744
0 3821
68 3809
56 3787
0 3822
12 3808
67 3743
35 3745
0 3823
0 3824
0 3825
0 3826
52 3742
0 3827
0 3828
46 3759
24 3790
0 3829
53 3794
0 3830
9 3785
0 3831
0 3832
0 3833
6 3737
50 3804
0 3834
42 3765
37 3768
0 3835
49 3806
41 3795
19 3770
57 3756
0 3836
62 3732
0 3837
8 3778
0 3838
25 3763
0 3839
32 3792
0 3840
0 3841
0 3842
28 3773
0 3843
30 3733
0 3844
40 3730
0 3845
63 3749
58 3803
0 3846
23 3735
0 3847
47 3796
0 3848
0 3849
0 3850
10 3807
44 3782
0 3851
0 3852
15 3777
0 3853
0 3854
0 3855
0 3856
45 3789
69 3791
0 3857
0 3858
0 3859
0 3860
0 3861
0 3862
0 3863
0 3864
0 3865
0 3866
0 3867
0 3868
0 3869
0 3870
0 3871
0 3872
0 3873
0 3874
0 3875
0 3876
0 3877
0 3878
0 3879
0 3880
0 3881
0 3882
0 3883
0 3884
0 3885
0 3886
0 3887
0 3888
0 3889
0 3890
0 3891
0 3892
0 3893
0 3894
0 3895
0 3896
0 3897
0 3898
0 3899
0 3900
0 3901
0 3902
0 3903
0 3904
0 3905
0 3906
0 3907
0 3908
0 3909
0 3910
0 3911
0 3912
0 3913
0 3914
0 3915
0 3916
0 3917
0 3918
0 3919
0 3920
0 3921
0 3922
0 3923
0 3924
0 3925
0 3926
0 3927
0 3928
0 3929
