22 3721 1.0389
4 3722 1.10355
48 3724 1.12658
65 3726 1.23551
21 3727 1.26518
7 3728 1.26536
31 3729 1.27404
40 3730 1.29768
62 3732 1.34638
30 3733 1.40461
23 3735 1.44816
70 3736 1.46705
6 3737 1.48751
33 3739 1.5186
39 3740 1.55104
18 3741 1.57345
52 3742 1.57471
67 3743 1.59757
16 3744 1.59879
35 3745 1.60429
26 3747 1.61835
17 3748 1.64678
63 3749 1.66641
61 3750 1.66663
64 3751 1.66849
1 3752 1.68779
51 3754 1.71251
38 3755 1.75633
57 3756 1.76477
3 3757 1.77817
46 3759 1.83335
13 3760 1.87381
14 3762 1.92248
25 3763 1.93955
29 3764 1.94746
42 3765 1.98119
43 3766 1.98606
37 3768 2.01181
60 3769 2.0135
19 3770 2.0139
27 3771 2.01886
59 3772 2.04185
28 3773 2.09878
20 3775 2.16861
15 3777 2.23038
8 3778 2.24364
55 3779 2.29409
34 3781 2.37022
44 3782 2.3768
11 3784 2.4553
9 3785 2.47703
56 3787 2.52333
36 3788 2.53099
45 3789 2.53445
24 3790 2.5814
69 3791 2.5816
32 3792 2.60288
53 3794 2.60906
41 3795 2.63811
47 3796 2.67883
2 3797 2.69205
5 3798 2.70592
54 3800 2.72271
66 3801 2.72874
58 3803 2.81351
50 3804 2.8654
49 3806 2.92555
10 3807 2.93142
12 3808 2.94632
68 3809 2.97578
