65 0.8 0.016 0.784
65 0.784 0.16 0.624
31 0.8 0.016 0.784
31 0.784 0.16 0.624
64 0.8 0.016 0.784
64 0.784 0.16 0.624
1 0.8 0.016 0.784
13 0.8 0.016 0.784
13 0.784 0.16 0.624
1 0.784 0.16 0.624
29 0.8 0.016 0.784
29 0.784 0.16 0.624
17 0.8 0.016 0.784
18 0.8 0.016 0.784
59 0.8 0.016 0.784
18 0.784 0.16 0.624
17 0.784 0.16 0.624
26 0.8 0.16 0.64
59 0.784 0.16 0.624
17 0.624 0.16 0.464
26 0.64 0.16 0.48
27 0.8 0.16 0.64
26 0.557532 0.016 0.541532
27 0.719548 0.016 0.703548
26 0.541532 0.16 0.381532
27 0.703548 0.16 0.543548
27 0.543548 0.16 0.383548
43 0.8 0.016 0.784
48 0.8 0.016 0.784
48 0.784 0.16 0.624
7 0.8 0.16 0.64
39 0.8 0.16 0.64
43 0.784 0.16 0.624
55 0.8 0.16 0.64
43 0.624 0.16 0.464
7 0.64 0.16 0.48
39 0.64 0.16 0.48
55 0.64 0.16 0.48
7 0.554696 0.016 0.538696
11 0.8 0.016 0.784
39 0.557661 0.016 0.541661
55 0.559065 0.016 0.543065
39 0.541661 0.16 0.381661
7 0.538696 0.16 0.378696
11 0.784 0.16 0.624
55 0.543065 0.16 0.383065
55 0.383065 0.16 0.223065
7 0.378696 0.16 0.218696
11 0.624 0.16 0.464
7 0.218696 0.16 0.0586957
11 0.464 0.16 0.304
20 0.8 0.016 0.784
33 0.8 0.016 0.784
33 0.784 0.16 0.624
20 0.784 0.16 0.624
60 0.8 0.16 0.64
20 0.624 0.16 0.464
60 0.64 0.16 0.48
60 0.555739 0.016 0.539739
66 0.8 0.016 0.784
60 0.539739 0.16 0.379739
22 0.8 0.16 0.64
66 0.784 0.16 0.624
66 0.624 0.16 0.464
22 0.64 0.16 0.48
2 0.8 0.016 0.784
22 0.554275 0.016 0.538275
2 0.784 0.16 0.624
21 0.8 0.16 0.64
22 0.538275 0.16 0.378275
22 0.378275 0.16 0.218275
21 0.64 0.16 0.48
21 0.557656 0.016 0.541656
21 0.541656 0.16 0.381656
38 0.8 0.016 0.784
70 0.8 0.016 0.784
70 0.784 0.16 0.624
36 0.8 0.16 0.64
38 0.784 0.16 0.624
38 0.624 0.16 0.464
36 0.64 0.16 0.48
54 0.8 0.16 0.64
36 0.553423 0.016 0.537423
36 0.537423 0.16 0.377423
5 0.8 0.16 0.64
54 0.719599 0.16 0.559599
5 0.711117 0.016 0.695117
54 0.634929 0.016 0.618929
5 0.695117 0.16 0.535117
54 0.618929 0.16 0.458929
54 0.458929 0.16 0.298929
3 0.8 0.016 0.784
3 0.784 0.16 0.624
34 0.8 0.16 0.64
61 0.8 0.16 0.64
14 0.8 0.016 0.784
34 0.714323 0.016 0.698323
61 0.71678 0.016 0.70078
61 0.70078 0.16 0.54078
34 0.698323 0.16 0.538323
14 0.784 0.16 0.624
51 0.8 0.16 0.64
14 0.624 0.16 0.464
4 0.8 0.16 0.64
16 0.8 0.16 0.64
51 0.64 0.16 0.48
4 0.712209 0.016 0.696209
16 0.715973 0.016 0.699973
51 0.559043 0.016 0.543043
51 0.543043 0.16 0.383043
4 0.696209 0.16 0.536209
16 0.699973 0.16 0.539973
4 0.536209 0.16 0.376209
16 0.539973 0.16 0.379973
56 0.8 0.16 0.64
68 0.8 0.16 0.64
56 0.64 0.16 0.48
68 0.64 0.16 0.48
56 0.551327 0.016 0.535327
68 0.555266 0.016 0.539266
68 0.539266 0.16 0.379266
12 0.8 0.16 0.64
56 0.535327 0.16 0.375327
67 0.8 0.16 0.64
56 0.375327 0.16 0.215327
12 0.64 0.16 0.48
67 0.64 0.16 0.48
12 0.551804 0.016 0.535804
35 0.8 0.016 0.784
67 0.553951 0.016 0.537951
12 0.535804 0.16 0.375804
35 0.784 0.16 0.624
67 0.537951 0.16 0.377951
67 0.377951 0.16 0.217951
35 0.624 0.16 0.464
35 0.464 0.16 0.304
52 0.8 0.016 0.784
52 0.784 0.16 0.624
24 0.8 0.016 0.784
46 0.8 0.016 0.784
46 0.784 0.16 0.624
24 0.784 0.16 0.624
53 0.8 0.16 0.64
24 0.624 0.16 0.464
53 0.64 0.16 0.48
53 0.551637 0.016 0.535637
53 0.535637 0.16 0.375637
9 0.8 0.16 0.64
9 0.71533 0.016 0.69933
9 0.69933 0.16 0.53933
6 0.8 0.016 0.784
50 0.8 0.016 0.784
6 0.784 0.16 0.624
50 0.784 0.16 0.624
37 0.8 0.16 0.64
42 0.8 0.16 0.64
37 0.64 0.16 0.48
42 0.64 0.16 0.48
37 0.559344 0.016 0.543344
42 0.55527 0.016 0.53927
42 0.53927 0.16 0.37927
19 0.8 0.16 0.64
37 0.543344 0.16 0.383344
41 0.8 0.16 0.64
49 0.8 0.16 0.64
57 0.8 0.16 0.64
37 0.383344 0.16 0.223344
19 0.64 0.16 0.48
41 0.64 0.16 0.48
49 0.64 0.16 0.48
57 0.64 0.16 0.48
19 0.559416 0.016 0.543416
41 0.550102 0.016 0.534102
49 0.558943 0.016 0.542943
57 0.555379 0.016 0.539379
49 0.542943 0.16 0.382943
19 0.543416 0.16 0.383416
41 0.534102 0.16 0.374102
57 0.539379 0.16 0.379379
41 0.374102 0.16 0.214102
19 0.383416 0.16 0.223416
57 0.379379 0.16 0.219379
19 0.223416 0.16 0.0634161
57 0.219379 0.16 0.0593789
62 0.8 0.016 0.784
62 0.784 0.16 0.624
8 0.8 0.16 0.64
8 0.712469 0.016 0.696469
8 0.696469 0.16 0.536469
25 0.8 0.016 0.784
25 0.784 0.16 0.624
32 0.8 0.16 0.64
32 0.716919 0.016 0.700919
32 0.700919 0.16 0.540919
28 0.8 0.016 0.784
28 0.784 0.16 0.624
30 0.8 0.016 0.784
30 0.784 0.16 0.624
40 0.8 0.16 0.64
58 0.8 0.16 0.64
63 0.8 0.16 0.64
40 0.71246 0.016 0.69646
40 0.69646 0.16 0.53646
58 0.719164 0.16 0.559164
63 0.710787 0.16 0.550787
58 0.632883 0.016 0.616883
63 0.621264 0.016 0.605264
63 0.605264 0.16 0.445264
23 0.8 0.16 0.64
58 0.616883 0.16 0.456883
58 0.456883 0.16 0.296883
23 0.64 0.16 0.48
23 0.551157 0.016 0.535157
23 0.535157 0.16 0.375157
47 0.8 0.16 0.64
47 0.718791 0.016 0.702791
47 0.702791 0.16 0.542791
10 0.8 0.016 0.784
44 0.8 0.016 0.784
10 0.784 0.16 0.624
44 0.784 0.16 0.624
44 0.624 0.16 0.464
15 0.8 0.016 0.784
15 0.784 0.16 0.624
45 0.8 0.016 0.784
69 0.8 0.016 0.784
45 0.784 0.16 0.624
69 0.784 0.16 0.624
69 0.624 0.16 0.464
