37 4411 1.06321
81 4412 1.08915
10 4413 1.10604
72 4414 1.10974
43 4415 1.11197
6 4416 1.11884
63 4418 1.17351
52 4419 1.17445
7 4420 1.2034
79 4421 1.2179
26 4423 1.23198
97 4424 1.24948
27 4425 1.25904
3 4426 1.2895
50 4427 1.29744
22 4428 1.31368
9 4429 1.31979
49 4431 1.35536
56 4432 1.37798
14 4433 1.41456
83 4434 1.42804
82 4435 1.42934
90 4437 1.43338
64 4438 1.47748
23 4439 1.48179
95 4440 1.48237
78 4442 1.56755
87 4443 1.58345
4 4444 1.63073
21 4446 1.65757
65 4447 1.66118
20 4448 1.68613
18 4449 1.69029
73 4450 1.69656
67 4451 1.71657
80 4453 1.73263
71 4454 1.74041
84 4455 1.74298
47 4456 1.77931
40 4457 1.80939
96 4458 1.82307
32 4460 1.83607
77 4461 1.83729
41 4462 1.86322
16 4463 1.86548
69 4464 1.86943
31 4465 1.86971
8 4466 1.87988
75 4467 1.88449
58 4468 1.9185
15 4470 1.94397
70 4471 1.95473
66 4472 1.97146
54 4473 1.97634
89 4474 2.01662
42 4475 2.01891
46 4476 2.02477
44 4478 2.04528
98 4479 2.11082
53 4481 2.14369
48 4482 2.15599
57 4483 2.16243
61 4484 2.16792
74 4485 2.21183
29 4486 2.22104
33 4488 2.23706
28 4489 2.25602
93 4490 2.26482
24 4491 2.27818
30 4492 2.30134
94 4493 2.3255
11 4495 2.35388
2 4496 2.36503
36 4498 2.43823
39 4499 2.4817
86 4500 2.48275
60 4501 2.48613
59 4502 2.53076
17 4504 2.54101
68 4505 2.57034
25 4506 2.58168
35 4507 2.59263
38 4508 2.59514
1 4510 2.63897
34 4511 2.6435
100 4512 2.65088
55 4513 2.66199
91 4514 2.6759
45 4515 2.67646
62 4516 2.69128
13 4517 2.69319
5 4519 2.77237
92 4521 2.83232
12 4522 2.89079
88 4523 2.90086
76 4524 2.90422
51 4525 2.91567
85 4526 2.91977
99 4528 2.96741
19 4529 2.98096
