73 3941 1.03782
33 3942 1.04202
72 3943 1.09969
60 3945 1.14586
6 3947 1.22077
45 3948 1.24057
9 3949 1.24343
40 3950 1.26864
77 3951 1.28733
43 3953 1.36573
59 3954 1.38746
78 3956 1.42616
67 3957 1.43211
64 3958 1.43855
8 3959 1.47634
23 3961 1.51193
61 3962 1.54486
71 3963 1.5489
69 3965 1.63387
35 3966 1.6521
16 3967 1.67747
66 3968 1.68653
10 3970 1.72437
58 3971 1.75755
53 3973 1.81906
17 3974 1.8488
38 3975 1.86489
27 3976 1.88331
30 3977 1.89694
55 3978 1.90292
79 3980 1.95481
34 3981 1.95529
14 3982 1.97631
41 3983 1.99943
2 3985 2.03292
15 3986 2.04982
18 3987 2.05524
4 3988 2.06087
44 3989 2.06498
1 3990 2.0976
21 3992 2.11093
56 3993 2.12675
13 3994 2.18206
80 3995 2.20078
22 3997 2.22897
5 3998 2.25294
46 3999 2.26276
25 4000 2.26701
29 4002 2.33103
37 4003 2.33616
76 4004 2.36385
31 4005 2.37605
47 4006 2.39613
74 4007 2.39733
65 4008 2.4012
50 4009 2.40185
11 4011 2.43007
28 4012 2.44893
63 4013 2.47944
70 4014 2.48672
32 4015 2.49297
19 4016 2.4965
26 4017 2.49764
48 4019 2.52699
62 4020 2.54146
7 4021 2.5449
54 4022 2.55755
68 4023 2.59226
57 4025 2.60828
3 4026 2.65338
52 4027 2.65789
51 4028 2.66125
12 4029 2.66129
42 4030 2.68488
20 4031 2.70343
36 4033 2.71355
24 4034 2.73654
39 4035 2.7538
49 4037 2.84591
75 4038 2.88845
