24 3312 1.18057
18 3314 1.25979
25 3315 1.26699
4 3317 1.31377
13 3318 1.34664
16 3319 1.36807
27 3322 1.57199
31 3323 1.59639
35 3325 1.69212
49 3328 1.80959
41 3329 1.84675
2 3331 1.96495
39 3332 1.97673
43 3333 1.97678
5 3335 2.01172
30 3336 2.01255
47 3337 2.07997
34 3339 2.11074
48 3340 2.11337
36 3341 2.16704
20 3343 2.22169
46 3344 2.23049
33 3345 2.25264
15 3347 2.30935
8 3348 2.33691
10 3349 2.34297
23 3350 2.39177
22 3351 2.40386
42 3353 2.43435
6 3354 2.4597
7 3355 2.48096
40 3356 2.48841
21 3358 2.50509
26 3359 2.51234
1 3360 2.57501
14 3361 2.57799
28 3362 2.58867
37 3364 2.63668
50 3365 2.6519
17 3366 2.65558
3 3367 2.66583
29 3368 2.69687
12 3370 2.72499
19 3371 2.75272
11 3372 2.80077
45 3374 2.81701
38 3375 2.82912
44 3376 2.83029
32 3378 2.90543
9 3379 2.91511
