59 3954 0 100 88846872 1.40404 1.40404
43 3953 0 100 121544120 1.90404 1.90404
14 3982 0 100 88856340 2.10404 2.10404
6 3947 0 100 56201650 2.20404 2.20404
1 3990 0 100 154252528 2.30404 2.30404
65 4008 0 100 154251416 2.40404 2.40404
15 3986 0 100 154263440 2.50404 2.50404
71 3963 0 100 56204406 2.60404 2.60404
80 3995 0 100 88873760 2.70404 2.70404
41 3983 0 100 121535390 2.70404 2.70404
67 3957 0 100 121562654 2.70404 2.70404
5 3998 0 100 121569086 2.70404 2.70404
47 4006 0 116 91449656 2.80404 2.80404
38 3975 0 100 154249464 2.80404 2.80404
53 3973 0 100 88847668 3.00404 3.00404
16 3967 0 100 154301704 3.00404 3.00404
58 3971 0 100 154259392 3.10404 3.10404
66 3968 0 100 154273728 3.10404 3.10404
29 4002 0 100 154274064 3.10404 3.10404
73 3941 0 100 88856024 3.20404 3.20404
75 4038 0 100 121536644 3.20404 3.20404
56 3993 0 100 154243336 3.20404 3.20404
30 3977 0 100 88867764 3.30404 3.30404
79 3980 0 100 121543652 3.30404 3.30404
64 3958 0 100 56207372 3.40404 3.40404
63 4013 0 100 121550480 3.40404 3.40404
45 3948 0 100 121559762 3.40404 3.40404
33 3942 0 100 121571480 3.40404 3.40404
48 4019 0 100 88871972 3.50404 3.50404
46 3999 0 100 121534172 3.60404 3.60404
37 4003 0 100 121574198 3.60404 3.60404
78 3956 0 100 88854368 3.70404 3.70404
69 3965 0 100 154252592 3.70404 3.70404
27 3976 0 100 154290160 3.70404 3.70404
54 4022 0 100 121572998 4.00404 4.00404
21 3992 0 100 154299800 4.00404 4.00404
24 4034 0 100 88866448 4.10404 4.10404
9 3949 0 100 121552148 4.10404 4.10404
23 3961 0 100 121555136 4.10404 4.10404
40 3950 0 100 154279280 4.20404 4.20404
76 4004 0 100 154295744 4.20404 4.20404
77 3951 0 100 88863268 4.30404 4.30404
42 4030 0 100 88847472 4.40404 4.40404
19 4016 0 100 88857676 4.40404 4.40404
22 3997 0 100 121560596 4.40404 4.40404
32 4015 0 100 88859320 4.70404 4.70404
12 4029 0 100 121536404 4.70404 4.70404
72 3943 0 100 154299088 4.80404 4.80404
10 3970 0 100 154304432 4.80404 4.80404
18 3987 0 100 88871224 4.90404 4.90404
60 3945 0 100 121537094 4.90404 4.90404
50 4009 0 100 121546166 4.90404 4.90404
11 4011 0 100 154298824 5.00404 5.00404
20 4031 0 100 154305056 5.30404 5.30404
49 4037 0 100 88862808 5.50404 5.50404
17 3974 0 100 121573454 5.50404 5.50404
44 3989 0 100 154300464 5.60404 5.60404
2 3985 0 100 88859884 5.70404 5.70404
8 3959 0 100 154246112 5.70404 5.70404
31 4005 0 100 56204850 5.80404 5.80404
34 3981 0 100 88874964 5.80404 5.80404
25 4000 0 100 154271904 5.80404 5.80404
70 4014 0 100 88871296 6.00404 6.00404
13 3994 0 100 121552442 6.10404 6.10404
36 4033 0 100 154259816 6.10404 6.10404
3 4026 0 100 154298448 6.20404 6.20404
4 3988 0 100 88862652 6.30404 6.30404
35 3966 0 100 121528970 6.30404 6.30404
7 4021 0 100 121564550 6.50404 6.50404
51 4028 0 100 121548854 6.60404 6.60404
55 3978 0 100 154269000 6.60404 6.60404
61 3962 0 100 88859560 6.70404 6.70404
74 4007 0 100 121553486 6.70404 6.70404
28 4012 0 100 88868616 6.90404 6.90404
52 4027 0 100 88866596 7.00404 7.00404
26 4017 0 100 88872764 7.00404 7.00404
39 4035 0 100 121540058 7.00404 7.00404
57 4025 0 100 56205494 7.30404 7.30404
62 4020 0 100 121529720 7.30404 7.30404
68 4023 0 100 121530884 7.70404 7.70404
