31 1070 1.02706
40 1071 1.09276
9 1073 1.10025
39 1074 1.19535
23 1075 1.19638
6 1077 1.22596
32 1078 1.22835
8 1079 1.23617
35 1081 1.33654
10 1084 1.54175
17 1085 1.54655
24 1087 1.65187
22 1089 1.74374
26 1090 1.7757
25 1093 1.94113
7 1095 2.04877
33 1096 2.06188
3 1098 2.1353
29 1099 2.17405
1 1100 2.19436
30 1102 2.29549
12 1105 2.43283
37 1106 2.45962
14 1108 2.50592
28 1109 2.5101
15 1110 2.5923
34 1112 2.60435
18 1113 2.60604
38 1114 2.61333
27 1115 2.68221
5 1117 2.76324
13 1119 2.82856
21 1120 2.84239
11 1121 2.84923
20 1122 2.84975
19 1123 2.85374
4 1124 2.85455
2 1126 2.90373
36 1127 2.90959
16 1128 2.96037
