0 710
0 711
0 712
0 713
0 714
0 715
0 716
0 717
0 718
0 719
0 722
0 727
0 728
0 729
7 723
0 732
9 730
0 734
0 735
0 737
0 740
0 743
0 744
20 725
0 745
5 741
0 746
0 747
0 748
0 750
0 752
0 755
12 753
0 757
0 758
8 736
0 760
0 761
4 756
0 762
0 763
0 764
0 765
0 766
0 767
0 768
0 769
0 770
0 771
18 733
13 742
0 772
0 773
14 731
0 774
17 721
16 759
0 775
0 776
15 724
0 777
0 778
19 749
0 779
0 780
0 781
0 782
0 783
1 726
0 784
0 785
0 786
0 787
0 788
2 720
0 789
0 790
10 751
0 791
0 792
0 793
3 739
0 794
0 795
0 796
0 797
6 738
0 798
0 799
0 800
0 801
11 754
0 802
0 803
0 804
0 805
0 806
0 807
0 808
0 809
0 810
0 811
0 812
0 813
0 814
0 815
0 816
0 817
0 818
0 819
0 820
0 821
0 822
0 823
0 824
0 825
0 826
0 827
0 828
0 829
0 830
0 831
0 832
0 833
0 834
0 835
0 836
0 837
0 838
0 839
0 840
0 841
0 842
0 843
0 844
0 845
0 846
0 847
0 848
0 849
0 850
0 851
0 852
0 853
0 854
0 855
0 856
0 857
0 858
0 859
0 860
0 861
0 862
0 863
0 864
0 865
0 866
0 867
0 868
0 869
0 870
0 871
0 872
0 873
0 874
0 875
0 876
0 877
0 878
0 879
