0 1060
0 1061
0 1062
0 1063
0 1064
0 1065
0 1066
0 1067
0 1068
0 1069
0 1072
0 1076
0 1080
0 1082
0 1083
0 1086
0 1088
17 1085
0 1091
24 1087
0 1092
22 1089
0 1094
35 1081
0 1097
0 1101
0 1103
0 1104
0 1107
33 1096
0 1111
0 1116
0 1118
37 1106
0 1125
5 1117
0 1129
2 1126
10 1084
0 1130
0 1131
32 1078
25 1093
1 1100
0 1132
0 1133
0 1134
40 1071
0 1135
9 1073
15 1110
0 1136
23 1075
0 1137
0 1138
3 1098
0 1139
19 1123
0 1140
7 1095
0 1141
0 1142
39 1074
0 1143
29 1099
0 1144
27 1115
0 1145
0 1146
0 1147
26 1090
8 1079
0 1148
36 1127
0 1149
28 1109
0 1150
0 1151
0 1152
0 1153
0 1154
0 1155
31 1070
20 1122
30 1102
0 1156
0 1157
6 1077
0 1158
0 1159
0 1160
0 1161
0 1162
34 1112
0 1163
12 1105
0 1164
0 1165
21 1120
18 1113
0 1166
0 1167
38 1114
0 1168
14 1108
4 1124
0 1169
0 1170
13 1119
0 1171
11 1121
0 1172
0 1173
0 1174
0 1175
0 1176
0 1177
16 1128
0 1178
0 1179
0 1180
0 1181
0 1182
0 1183
0 1184
0 1185
0 1186
0 1187
0 1188
0 1189
0 1190
0 1191
0 1192
0 1193
0 1194
0 1195
0 1196
0 1197
0 1198
0 1199
0 1200
0 1201
0 1202
0 1203
0 1204
0 1205
0 1206
0 1207
0 1208
0 1209
0 1210
0 1211
0 1212
0 1213
0 1214
0 1215
0 1216
0 1217
0 1218
0 1219
0 1220
0 1221
0 1222
0 1223
0 1224
0 1225
0 1226
0 1227
0 1228
0 1229
0 1230
0 1231
0 1232
0 1233
0 1234
0 1235
0 1236
0 1237
0 1238
0 1239
0 1240
0 1241
0 1242
0 1243
0 1244
0 1245
0 1246
0 1247
0 1248
0 1249
