55 1678 0 100 32680130 1.31873 1.31873
70 1671 0 100 32679850 1.31873 1.31873
42 1685 0 100 32649082 1.41873 1.41873
41 1683 0 100 32662994 1.61873 1.61873
66 1673 0 100 32679702 1.61873 1.61873
45 1697 0 100 32673312 1.81873 1.81873
48 1706 0 100 32680736 1.91873 1.91873
12 1703 0 100 32654942 1.91873 1.91873
8 1717 0 100 32671150 2.01873 2.01873
11 1694 0 100 32675280 2.21873 2.21873
6 1695 0 100 32680966 2.41873 2.41873
59 1733 0 100 32643406 2.61873 2.61873
57 1698 0 100 32658282 2.91873 2.91873
37 1722 0 100 32647420 3.01873 3.01873
18 1688 0 100 32634430 3.11873 3.11873
31 1686 0 100 32636626 3.21873 3.21873
33 1711 0 100 32675890 3.21873 3.21873
49 1677 0 100 32677232 3.31873 3.31873
61 1710 0 100 32638042 3.41873 3.41873
10 1699 0 100 32646064 3.41873 3.41873
28 1739 0 100 32669818 3.41873 3.41873
63 1726 0 100 32680368 3.41873 3.41873
52 1742 0 100 32677646 3.51873 3.51873
15 1691 0 100 32635960 3.81873 3.81873
67 1736 0 100 32643064 3.91873 3.91873
58 1716 0 100 32662230 4.01873 4.01873
7 1755 0 100 32661378 4.11873 4.11873
24 1740 0 100 32679024 4.21873 4.21873
56 1705 0 100 32653996 4.21873 4.21873
27 1712 0 100 32678940 4.21873 4.21873
65 1674 0 100 32652606 4.41873 4.41873
3 1701 0 100 32681802 4.51873 4.51873
64 1690 0 100 32658906 4.51873 4.51873
54 1744 0 100 32647796 4.51873 4.51873
44 1749 0 100 32678536 4.61873 4.61873
36 1682 0 100 32651212 4.71873 4.71873
47 1743 0 100 32668474 4.71873 4.71873
5 1750 0 100 32653800 4.71873 4.71873
68 1729 0 100 32675334 4.71873 4.71873
9 1745 0 100 32679638 4.81873 4.81873
14 1756 0 100 32676750 5.01873 5.01873
35 1719 0 100 32627618 5.41873 5.41873
60 1679 0 100 32646886 5.61873 5.61873
43 1672 0 100 32673456 5.71873 5.71873
17 1753 0 100 32674346 5.71873 5.71873
51 1689 0 100 32680092 5.71873 5.71873
1 1720 0 100 32648604 5.81873 5.81873
29 1723 0 100 32656864 5.81873 5.81873
22 1734 0 100 32655286 6.01873 6.01873
34 1709 0 100 32657518 6.11873 6.11873
26 1693 0 100 32661748 6.11873 6.11873
62 1681 0 100 32675456 6.21873 6.21873
16 1730 0 100 32662360 6.21873 6.21873
20 1704 0 100 32651582 6.51873 6.51873
23 1738 0 100 32671478 6.51873 6.51873
4 1725 0 100 32658760 6.51873 6.51873
50 1732 0 100 32671138 6.61873 6.61873
2 1715 0 100 32658120 6.71873 6.71873
46 1759 0 100 32660572 6.71873 6.71873
19 1751 0 100 32680554 6.91873 6.91873
69 1708 0 100 32657126 7.01873 7.01873
40 1714 0 100 32661120 7.11873 7.11873
32 1737 0 100 32640088 7.31873 7.31873
38 1728 0 100 32667940 7.41873 7.41873
30 1746 0 100 32675172 7.51873 7.51873
21 1748 0 100 32670382 7.51873 7.51873
13 1757 0 100 32646864 7.61873 7.61873
53 1754 0 100 32672876 7.61873 7.61873
