89 2360 1.00184
80 2361 1.0119
98 2362 1.01932
93 2363 1.01946
21 2364 1.03943
12 2366 1.11345
49 2367 1.13062
66 2368 1.15151
20 2369 1.17712
100 2370 1.18455
55 2372 1.1876
69 2373 1.20491
91 2374 1.26917
92 2376 1.29457
61 2377 1.32668
5 2378 1.34616
25 2380 1.40861
81 2381 1.43481
76 2382 1.43629
33 2383 1.43764
54 2384 1.45109
8 2385 1.46011
14 2386 1.46784
82 2388 1.50783
24 2389 1.51001
83 2390 1.51095
30 2391 1.53363
64 2392 1.53758
58 2393 1.54004
11 2394 1.54099
43 2395 1.54284
60 2396 1.57056
32 2397 1.58231
85 2399 1.5974
29 2400 1.65393
37 2401 1.66774
35 2403 1.71242
71 2404 1.71873
19 2405 1.74844
50 2406 1.76123
7 2407 1.76637
75 2408 1.76702
74 2410 1.81113
34 2411 1.83019
62 2412 1.87351
18 2413 1.87377
46 2415 1.90093
57 2416 1.91639
65 2417 1.92024
97 2418 1.93797
26 2419 1.94428
63 2421 1.98809
23 2422 1.98931
67 2423 1.98943
15 2424 1.99725
94 2425 2.01505
79 2426 2.01808
87 2427 2.02034
56 2428 2.0237
17 2429 2.04131
52 2430 2.04242
2 2431 2.06055
48 2432 2.06063
96 2434 2.0908
10 2435 2.1481
13 2436 2.15472
36 2437 2.15831
44 2439 2.20954
39 2440 2.22426
77 2441 2.25911
31 2442 2.28427
6 2444 2.35867
16 2445 2.3746
38 2446 2.37874
42 2448 2.38769
9 2449 2.46142
86 2451 2.5117
88 2452 2.52386
4 2453 2.55501
59 2454 2.57353
41 2455 2.58406
90 2457 2.61564
99 2458 2.68385
28 2460 2.70595
3 2461 2.74899
22 2462 2.75867
1 2463 2.76822
84 2464 2.77573
53 2466 2.80561
45 2467 2.82368
72 2468 2.85006
47 2469 2.85859
78 2470 2.87699
51 2471 2.88118
68 2473 2.92359
40 2474 2.95395
73 2475 2.95938
95 2476 2.97599
27 2477 2.97668
70 2478 2.98151
