20 0.8 0.016 0.784
20 0.784 0.16 0.624
21 0.8 0.016 0.784
21 0.784 0.16 0.624
1 0.8 0.16 0.64
1 0.711608 0.016 0.695608
1 0.695608 0.16 0.535608
9 0.8 0.016 0.784
9 0.784 0.16 0.624
2 0.8 0.016 0.784
2 0.784 0.16 0.624
22 0.8 0.016 0.784
22 0.784 0.16 0.624
18 0.8 0.016 0.784
18 0.784 0.16 0.624
15 0.8 0.016 0.784
15 0.784 0.16 0.624
26 0.8 0.16 0.64
26 0.715722 0.016 0.699722
26 0.699722 0.16 0.539722
4 0.8 0.016 0.784
4 0.784 0.16 0.624
5 0.8 0.16 0.64
5 0.717245 0.016 0.701245
5 0.701245 0.16 0.541245
27 0.8 0.016 0.784
27 0.784 0.16 0.624
3 0.8 0.016 0.784
8 0.8 0.016 0.784
8 0.784 0.16 0.624
3 0.784 0.16 0.624
25 0.8 0.016 0.784
25 0.784 0.16 0.624
23 0.8 0.016 0.784
23 0.784 0.16 0.624
17 0.8 0.016 0.784
17 0.784 0.16 0.624
6 0.8 0.016 0.784
16 0.8 0.016 0.784
6 0.784 0.16 0.624
16 0.784 0.16 0.624
7 0.8 0.016 0.784
30 0.8 0.016 0.784
30 0.784 0.16 0.624
7 0.784 0.16 0.624
24 0.8 0.016 0.784
24 0.784 0.16 0.624
12 0.8 0.016 0.784
29 0.8 0.016 0.784
12 0.784 0.16 0.624
29 0.784 0.16 0.624
11 0.8 0.016 0.784
14 0.8 0.016 0.784
14 0.784 0.16 0.624
11 0.784 0.16 0.624
10 0.8 0.16 0.64
13 0.8 0.16 0.64
13 0.64 0.16 0.48
10 0.718197 0.016 0.702197
13 0.559022 0.016 0.543022
10 0.702197 0.16 0.542197
13 0.543022 0.16 0.383022
19 0.8 0.016 0.784
28 0.8 0.016 0.784
28 0.784 0.16 0.624
19 0.784 0.16 0.624
