68 0.8 0.016 0.784
68 0.784 0.16 0.624
56 0.8 0.016 0.784
56 0.784 0.16 0.624
16 0.8 0.016 0.784
16 0.784 0.16 0.624
45 0.8 0.016 0.784
64 0.8 0.016 0.784
64 0.784 0.16 0.624
45 0.784 0.16 0.624
85 0.8 0.16 0.64
85 0.716072 0.016 0.700072
85 0.700072 0.16 0.540072
49 0.8 0.016 0.784
49 0.784 0.16 0.624
9 0.8 0.016 0.784
11 0.8 0.016 0.784
9 0.784 0.16 0.624
11 0.784 0.16 0.624
61 0.8 0.16 0.64
59 0.8 0.16 0.64
61 0.64 0.16 0.48
59 0.713444 0.016 0.697444
61 0.552411 0.016 0.536411
59 0.697444 0.16 0.537444
61 0.536411 0.16 0.376411
3 0.8 0.16 0.64
4 0.8 0.16 0.64
36 0.8 0.16 0.64
3 0.64 0.16 0.48
36 0.64 0.16 0.48
3 0.555626 0.016 0.539626
36 0.55773 0.016 0.54173
36 0.54173 0.16 0.38173
3 0.539626 0.16 0.379626
4 0.711338 0.16 0.551338
78 0.8 0.16 0.64
4 0.551338 0.16 0.391338
78 0.64 0.16 0.48
4 0.463612 0.016 0.447612
78 0.551447 0.016 0.535447
4 0.447612 0.16 0.287612
78 0.535447 0.16 0.375447
30 0.8 0.16 0.64
52 0.8 0.16 0.64
30 0.713289 0.016 0.697289
50 0.8 0.016 0.784
52 0.716835 0.016 0.700835
30 0.697289 0.16 0.537289
50 0.784 0.16 0.624
52 0.700835 0.16 0.540835
37 0.8 0.016 0.784
37 0.784 0.16 0.624
47 0.8 0.016 0.784
65 0.8 0.016 0.784
47 0.784 0.16 0.624
65 0.784 0.16 0.624
23 0.8 0.16 0.64
81 0.8 0.16 0.64
23 0.712282 0.016 0.696282
81 0.713066 0.016 0.697066
23 0.696282 0.16 0.536282
81 0.697066 0.16 0.537066
21 0.8 0.16 0.64
54 0.8 0.16 0.64
21 0.64 0.16 0.48
21 0.558118 0.016 0.542118
54 0.714216 0.016 0.698216
82 0.8 0.016 0.784
21 0.542118 0.16 0.382118
54 0.698216 0.16 0.538216
82 0.784 0.16 0.624
40 0.8 0.016 0.784
40 0.784 0.16 0.624
5 0.8 0.016 0.784
27 0.8 0.016 0.784
33 0.8 0.016 0.784
51 0.8 0.016 0.784
5 0.784 0.16 0.624
27 0.784 0.16 0.624
33 0.784 0.16 0.624
51 0.784 0.16 0.624
58 0.8 0.016 0.784
75 0.8 0.016 0.784
77 0.8 0.016 0.784
75 0.784 0.16 0.624
77 0.784 0.16 0.624
58 0.784 0.16 0.624
28 0.8 0.16 0.64
28 0.64 0.16 0.48
28 0.48 0.16 0.32
28 0.396797 0.016 0.380797
67 0.8 0.016 0.784
67 0.784 0.16 0.624
28 0.380797 0.16 0.220797
55 0.8 0.16 0.64
89 0.8 0.16 0.64
55 0.711346 0.016 0.695346
89 0.713812 0.016 0.697812
89 0.697812 0.16 0.537812
55 0.695346 0.16 0.535346
12 0.8 0.16 0.64
12 0.64 0.16 0.48
12 0.550987 0.016 0.534987
12 0.534987 0.16 0.374987
87 0.8 0.016 0.784
87 0.784 0.16 0.624
26 0.8 0.016 0.784
26 0.784 0.16 0.624
62 0.8 0.016 0.784
62 0.784 0.16 0.624
39 0.8 0.16 0.64
57 0.8 0.16 0.64
57 0.716304 0.016 0.700304
57 0.700304 0.16 0.540304
2 0.8 0.16 0.64
39 0.718064 0.16 0.558064
71 0.8 0.16 0.64
2 0.712399 0.016 0.696399
39 0.633739 0.016 0.617739
71 0.717503 0.016 0.701503
80 0.8 0.016 0.784
39 0.617739 0.16 0.457739
80 0.784 0.16 0.624
2 0.696399 0.16 0.536399
71 0.701503 0.16 0.541503
6 0.8 0.16 0.64
6 0.64 0.16 0.48
6 0.48 0.16 0.32
6 0.391839 0.016 0.375839
6 0.375839 0.16 0.215839
38 0.8 0.016 0.784
79 0.8 0.016 0.784
38 0.784 0.16 0.624
79 0.784 0.16 0.624
8 0.8 0.16 0.64
10 0.8 0.16 0.64
8 0.64 0.16 0.48
10 0.64 0.16 0.48
8 0.558247 0.016 0.542247
10 0.550056 0.016 0.534056
8 0.542247 0.16 0.382247
10 0.534056 0.16 0.374056
41 0.8 0.16 0.64
22 0.8 0.016 0.784
41 0.716479 0.016 0.700479
84 0.8 0.016 0.784
84 0.784 0.16 0.624
22 0.784 0.16 0.624
41 0.700479 0.16 0.540479
70 0.8 0.16 0.64
42 0.8 0.16 0.64
53 0.8 0.16 0.64
70 0.64 0.16 0.48
70 0.558763 0.016 0.542763
70 0.542763 0.16 0.382763
42 0.713342 0.16 0.553342
53 0.714175 0.16 0.554175
42 0.632836 0.016 0.616836
53 0.630219 0.016 0.614219
42 0.616836 0.16 0.456836
53 0.614219 0.16 0.454219
13 0.8 0.016 0.784
60 0.8 0.016 0.784
13 0.784 0.16 0.624
60 0.784 0.16 0.624
86 0.8 0.16 0.64
86 0.64 0.16 0.48
86 0.559901 0.016 0.543901
86 0.543901 0.16 0.383901
25 0.8 0.016 0.784
35 0.8 0.016 0.784
25 0.784 0.16 0.624
35 0.784 0.16 0.624
18 0.8 0.16 0.64
20 0.8 0.16 0.64
29 0.8 0.16 0.64
83 0.8 0.16 0.64
18 0.64 0.16 0.48
20 0.64 0.16 0.48
29 0.64 0.16 0.48
83 0.64 0.16 0.48
18 0.553851 0.016 0.537851
20 0.555811 0.016 0.539811
29 0.558051 0.016 0.542051
83 0.558983 0.016 0.542983
18 0.537851 0.16 0.377851
29 0.542051 0.16 0.382051
83 0.542983 0.16 0.382983
20 0.539811 0.16 0.379811
44 0.8 0.16 0.64
69 0.8 0.16 0.64
44 0.64 0.16 0.48
69 0.64 0.16 0.48
15 0.8 0.16 0.64
43 0.8 0.16 0.64
44 0.48 0.16 0.32
69 0.48 0.16 0.32
15 0.715082 0.016 0.699082
43 0.714344 0.016 0.698344
44 0.397075 0.016 0.381075
69 0.392838 0.016 0.376838
44 0.381075 0.16 0.221075
69 0.376838 0.16 0.216838
15 0.699082 0.16 0.539082
43 0.698344 0.16 0.538344
34 0.8 0.16 0.64
34 0.64 0.16 0.48
34 0.556133 0.016 0.540133
34 0.540133 0.16 0.380133
19 0.8 0.16 0.64
32 0.8 0.16 0.64
88 0.8 0.16 0.64
19 0.717816 0.016 0.701816
32 0.713554 0.016 0.697554
73 0.8 0.016 0.784
88 0.711809 0.016 0.695809
19 0.701816 0.16 0.541816
88 0.695809 0.16 0.535809
32 0.697554 0.16 0.537554
73 0.784 0.16 0.624
46 0.8 0.16 0.64
90 0.8 0.16 0.64
46 0.64 0.16 0.48
90 0.64 0.16 0.48
46 0.48 0.16 0.32
90 0.48 0.16 0.32
46 0.32 0.16 0.16
90 0.32 0.16 0.16
46 0.23241 0.016 0.21641
90 0.237944 0.016 0.221944
46 0.21641 0.16 0.0564096
90 0.221944 0.16 0.0619442
14 0.8 0.016 0.784
14 0.784 0.16 0.624
24 0.8 0.16 0.64
48 0.8 0.16 0.64
24 0.71021 0.016 0.69421
48 0.712263 0.016 0.696263
48 0.696263 0.16 0.536263
24 0.69421 0.16 0.53421
31 0.8 0.16 0.64
31 0.710184 0.016 0.694184
31 0.694184 0.16 0.534184
7 0.8 0.16 0.64
7 0.718196 0.016 0.702196
7 0.702196 0.16 0.542196
17 0.8 0.16 0.64
1 0.8 0.016 0.784
17 0.715664 0.016 0.699664
17 0.699664 0.16 0.539664
1 0.784 0.16 0.624
72 0.8 0.16 0.64
72 0.719304 0.016 0.703304
72 0.703304 0.16 0.543304
63 0.8 0.16 0.64
66 0.8 0.16 0.64
63 0.713943 0.016 0.697943
66 0.718799 0.016 0.702799
63 0.697943 0.16 0.537943
66 0.702799 0.16 0.542799
76 0.8 0.16 0.64
76 0.714654 0.016 0.698654
76 0.698654 0.16 0.538654
74 0.8 0.16 0.64
74 0.712983 0.016 0.696983
74 0.696983 0.16 0.536983
