0 2110
0 2111
0 2112
0 2113
0 2114
0 2115
0 2116
0 2117
0 2118
0 2119
0 2122
0 2129
68 2127
0 2135
0 2140
0 2150
56 2138
0 2156
0 2159
16 2121
0 2165
0 2171
64 2155
45 2154
0 2175
85 2141
0 2181
0 2187
0 2189
49 2130
0 2193
0 2202
9 2149
11 2142
0 2206
59 2178
61 2199
0 2207
36 2133
3 2123
0 2212
4 2161
78 2180
0 2219
30 2153
50 2173
52 2163
0 2228
37 2226
0 2230
0 2231
0 2232
47 2169
65 2216
0 2233
23 2132
81 2184
0 2234
21 2224
54 2223
82 2126
0 2235
0 2236
40 2221
0 2237
5 2125
27 2209
33 2213
51 2139
0 2238
0 2239
75 2174
77 2192
58 2137
0 2240
67 2146
28 2185
0 2241
89 2229
55 2158
0 2242
12 2128
0 2243
0 2244
0 2245
87 2151
0 2246
26 2166
0 2247
62 2144
0 2248
57 2191
0 2249
39 2120
80 2160
2 2196
71 2179
0 2250
6 2204
0 2251
0 2252
0 2253
38 2145
79 2143
0 2254
8 2124
10 2211
0 2255
84 2182
22 2172
41 2164
0 2256
70 2131
0 2257
42 2203
53 2157
0 2258
13 2201
60 2168
0 2259
86 2205
0 2260
25 2188
35 2147
0 2261
18 2198
29 2225
83 2208
20 2134
0 2262
44 2136
69 2183
15 2214
43 2176
0 2263
34 2167
0 2264
19 2170
88 2148
32 2190
73 2152
0 2265
46 2186
90 2162
0 2266
0 2267
0 2268
14 2177
0 2269
48 2210
24 2200
0 2270
31 2218
0 2271
7 2194
0 2272
17 2217
1 2222
0 2273
72 2195
0 2274
63 2197
66 2227
0 2275
76 2215
0 2276
74 2220
0 2277
0 2278
0 2279
0 2280
0 2281
0 2282
0 2283
0 2284
0 2285
0 2286
0 2287
0 2288
0 2289
0 2290
0 2291
0 2292
0 2293
0 2294
0 2295
0 2296
0 2297
0 2298
0 2299
0 2300
0 2301
0 2302
0 2303
0 2304
0 2305
0 2306
0 2307
0 2308
0 2309
0 2310
0 2311
0 2312
0 2313
0 2314
0 2315
0 2316
0 2317
0 2318
0 2319
0 2320
0 2321
0 2322
0 2323
0 2324
0 2325
0 2326
0 2327
0 2328
0 2329
0 2330
0 2331
0 2332
0 2333
0 2334
0 2335
0 2336
0 2337
0 2338
0 2339
0 2340
0 2341
0 2342
0 2343
0 2344
0 2345
0 2346
0 2347
0 2348
0 2349
