17 1085 0 100 32669404 1.69829 1.69829
24 1087 0 100 32681568 1.79829 1.79829
22 1089 0 100 32677626 1.89829 1.89829
35 1081 0 100 32658000 1.99829 1.99829
33 1096 0 100 32671590 2.49829 2.49829
37 1106 0 100 32651434 2.79829 2.79829
5 1117 0 100 32649732 2.89829 2.89829
2 1126 0 100 32681734 2.99829 2.99829
10 1084 0 100 32631532 2.99829 2.99829
32 1078 0 100 32672124 3.19829 3.19829
25 1093 0 100 32658972 3.19829 3.19829
1 1100 0 100 32662872 3.19829 3.19829
40 1071 0 100 32676922 3.49829 3.49829
9 1073 0 100 32661784 3.59829 3.59829
15 1110 0 100 32682332 3.59829 3.59829
23 1075 0 100 32681786 3.69829 3.69829
3 1098 0 100 32650224 3.89829 3.89829
19 1123 0 100 32628890 3.99829 3.99829
7 1095 0 100 32633678 4.09829 4.09829
39 1074 0 100 32652550 4.29829 4.29829
29 1099 0 100 32653200 4.39829 4.39829
27 1115 0 100 32642520 4.49829 4.49829
26 1090 0 100 32680556 4.79829 4.79829
8 1079 0 100 32637566 4.79829 4.79829
36 1127 0 100 32653478 4.89829 4.89829
28 1109 0 100 32669460 4.99829 4.99829
31 1070 0 100 32668404 5.59829 5.59829
20 1122 0 100 32661534 5.59829 5.59829
30 1102 0 100 32679598 5.59829 5.59829
6 1077 0 100 32661868 5.79829 5.79829
34 1112 0 100 32634762 6.29829 6.29829
12 1105 0 100 32669872 6.39829 6.39829
21 1120 0 100 32650368 6.59829 6.59829
18 1113 0 100 32632422 6.59829 6.59829
38 1114 0 100 32626298 6.79829 6.79829
14 1108 0 100 32635774 6.89829 6.89829
4 1124 0 100 32664856 6.89829 6.89829
13 1119 0 100 32658078 7.09829 7.09829
11 1121 0 100 32664914 7.19829 7.19829
16 1128 0 100 32651730 7.79829 7.79829
