10 1892 0 100 32669996 1.08725 1.08725
36 1909 0 100 32666142 1.58725 1.58725
67 1894 0 100 32675636 1.88725 1.88725
43 1927 0 100 32681108 1.98725 1.98725
72 1897 0 100 32648740 2.08725 2.08725
26 1935 0 100 32657342 2.08725 2.08725
34 1929 0 100 32663506 2.18725 2.18725
37 1937 0 100 32677116 2.58725 2.58725
20 1925 0 100 32631690 2.58725 2.58725
50 1963 0 100 32652246 2.68725 2.68725
60 1911 0 100 32643542 2.68725 2.68725
76 1902 0 100 32619400 2.78725 2.78725
6 1895 0 100 32665158 2.78725 2.78725
18 1967 0 100 32662470 2.78725 2.78725
46 1933 0 100 32676732 3.08725 3.08725
56 1920 0 100 32665348 3.08725 3.08725
30 1903 0 100 32667284 3.18725 3.18725
80 1946 0 100 32682516 3.18725 3.18725
49 1906 0 100 32664472 3.28725 3.28725
23 1971 0 100 32656310 3.28725 3.28725
40 1921 0 100 32679220 3.38725 3.38725
7 1982 0 100 32647892 3.38725 3.38725
35 1890 0 100 32647402 3.48725 3.48725
62 1984 0 100 32635354 3.48725 3.48725
69 1943 0 100 32671664 3.88725 3.88725
53 1907 0 100 32633802 3.88725 3.88725
77 1916 0 100 32636552 3.98725 3.98725
38 1891 0 100 32661998 4.08725 4.08725
79 1924 0 100 32630160 4.08725 4.08725
14 1964 0 100 32660300 4.08725 4.08725
17 1978 0 100 32652902 4.18725 4.18725
42 1952 0 100 32662818 4.18725 4.18725
64 1947 0 100 32649348 4.18725 4.18725
39 1915 0 100 32644422 4.28725 4.28725
22 1942 0 100 32644472 4.28725 4.28725
55 1989 0 100 32660188 4.28725 4.28725
73 1914 0 100 32623746 4.38725 4.38725
44 1958 0 100 32679956 4.48725 4.48725
52 1972 0 100 32659638 4.48725 4.48725
63 1896 0 100 32676596 4.58725 4.58725
74 1953 0 100 32643664 4.58725 4.58725
29 1919 0 100 32673914 4.58725 4.58725
58 1899 0 100 32643478 4.68725 4.68725
13 1974 0 100 32668438 4.78725 4.78725
41 1912 0 100 32650994 4.88725 4.88725
45 1913 0 100 32672910 4.98725 4.98725
57 1959 0 100 32681476 4.98725 4.98725
9 1938 0 100 32632860 4.98725 4.98725
28 1926 0 100 32671932 5.38725 5.38725
19 1957 0 100 32672352 5.38725 5.38725
24 1979 0 100 32679528 5.48725 5.48725
31 1940 0 100 32666076 5.48725 5.48725
25 1944 0 100 32660602 5.48725 5.48725
4 1987 0 100 32646364 5.48725 5.48725
12 1966 0 100 32661440 5.58725 5.58725
66 1900 0 100 32678690 5.68725 5.68725
5 1936 0 100 32671220 5.78725 5.78725
3 1954 0 100 32660082 5.98725 5.98725
27 1939 0 100 32680748 6.08725 6.08725
54 1950 0 100 32636676 6.08725 6.08725
47 1908 0 100 32682420 6.18725 6.18725
51 1956 0 100 32660710 6.18725 6.18725
65 1923 0 100 32647698 6.38725 6.38725
68 1986 0 100 32657816 6.48725 6.48725
15 1930 0 100 32650094 6.58725 6.58725
70 1973 0 100 32656620 6.68725 6.68725
33 1932 0 100 32655612 6.78725 6.78725
75 1960 0 100 32673334 6.88725 6.88725
61 1948 0 100 32670462 6.98725 6.98725
1 1968 0 100 32646990 6.98725 6.98725
16 1977 0 100 32677302 7.28725 7.28725
8 1975 0 100 32680920 7.28725 7.28725
21 1965 0 100 32664966 7.38725 7.38725
78 1961 0 100 32647044 7.48725 7.48725
71 1980 0 100 32662036 7.68725 7.68725
