98 2362 0 100 32637498 1.18744 1.18744
66 2368 0 100 32651016 1.48744 1.48744
49 2367 0 100 32638004 1.48744 1.48744
8 2385 0 100 32678228 1.58744 1.58744
24 2389 0 100 32642200 1.58744 1.58744
60 2396 0 100 32644476 1.58744 1.58744
5 2378 0 100 32657824 1.68744 1.68744
25 2380 0 100 32680590 2.18744 2.18744
32 2397 0 100 32665520 2.28744 2.28744
75 2408 0 100 32654322 2.38744 2.38744
71 2404 0 100 32654754 2.38744 2.38744
56 2428 0 100 32641344 2.48744 2.48744
2 2431 0 100 32625150 2.68744 2.68744
97 2418 0 100 32655644 2.68744 2.68744
3 2461 0 100 32673564 2.78744 2.78744
94 2425 0 100 32678630 2.78744 2.78744
77 2441 0 100 32658340 2.78744 2.78744
9 2449 0 100 32678288 2.78744 2.78744
81 2381 0 100 32667836 2.88744 2.88744
39 2440 0 100 32647904 2.88744 2.88744
59 2454 0 100 32647654 2.88744 2.88744
19 2405 0 100 32657736 2.88744 2.88744
35 2403 0 100 32659386 2.98744 2.98744
27 2477 0 100 32675454 3.08744 3.08744
55 2372 0 100 32665306 3.08744 3.08744
44 2439 0 100 32631698 3.18744 3.18744
33 2383 0 100 32655102 3.28744 3.28744
74 2410 0 100 32655962 3.28744 3.28744
64 2392 0 100 32673324 3.58744 3.58744
65 2417 0 100 32618504 3.58744 3.58744
80 2361 0 100 32663400 3.68744 3.68744
67 2423 0 100 32647018 3.68744 3.68744
40 2474 0 100 32666372 3.68744 3.68744
86 2451 0 100 32658340 3.78744 3.78744
30 2391 0 100 32636146 3.78744 3.78744
21 2364 0 100 32673770 3.88744 3.88744
100 2370 0 100 32682966 3.98744 3.98744
57 2416 0 100 32649382 3.98744 3.98744
84 2464 0 100 32657086 3.98744 3.98744
61 2377 0 100 32680922 4.08744 4.08744
76 2382 0 100 32670156 4.08744 4.08744
38 2446 0 100 32645224 4.28744 4.28744
23 2422 0 100 32674498 4.28744 4.28744
29 2400 0 100 32651874 4.38744 4.38744
83 2390 0 100 32665308 4.48744 4.48744
4 2453 0 100 32676358 4.58744 4.58744
11 2394 0 100 32658164 4.78744 4.78744
53 2466 0 100 32662214 4.78744 4.78744
93 2363 0 100 32645150 4.78744 4.78744
79 2426 0 100 32658898 4.88744 4.88744
10 2435 0 100 32670848 4.98744 4.98744
88 2452 0 100 32653474 4.98744 4.98744
46 2415 0 100 32662814 4.98744 4.98744
69 2373 0 100 32638708 4.98744 4.98744
73 2475 0 100 32657004 5.08744 5.08744
41 2455 0 100 32668108 5.28744 5.28744
50 2406 0 100 32673750 5.38744 5.38744
87 2427 0 100 32652750 5.38744 5.38744
20 2369 0 100 32658306 5.38744 5.38744
78 2470 0 100 32644076 5.38744 5.38744
89 2360 0 100 32673636 5.38744 5.38744
36 2437 0 100 32650732 5.48744 5.48744
91 2374 0 100 32660914 5.58744 5.58744
96 2434 0 100 32679766 5.58744 5.58744
26 2419 0 100 32658466 5.68744 5.68744
54 2384 0 100 32677080 5.78744 5.78744
48 2432 0 100 32656372 5.78744 5.78744
43 2395 0 100 32673500 5.78744 5.78744
18 2413 0 100 32677790 5.78744 5.78744
85 2399 0 100 32642210 5.98744 5.98744
62 2412 0 100 32637714 5.98744 5.98744
52 2430 0 100 32646262 6.08744 6.08744
13 2436 0 100 32669478 6.08744 6.08744
92 2376 0 100 32666062 6.18744 6.18744
17 2429 0 100 32656298 6.18744 6.18744
51 2471 0 100 32672992 6.18744 6.18744
70 2478 0 100 32668078 6.28744 6.28744
14 2386 0 100 32650926 6.28744 6.28744
90 2457 0 100 32640814 6.48744 6.48744
72 2468 0 100 32659924 6.68744 6.68744
99 2458 0 100 32641110 6.68744 6.68744
6 2444 0 100 32653000 6.68744 6.68744
15 2424 0 100 32674474 6.78744 6.78744
34 2411 0 100 32619196 6.98744 6.98744
42 2448 0 100 32649152 7.18744 7.18744
68 2473 0 100 32666638 7.28744 7.28744
95 2476 0 100 32662730 7.58744 7.58744
47 2469 0 100 32680592 7.68744 7.68744
22 2462 0 100 32652544 7.78744 7.78744
45 2467 0 100 32632314 7.78744 7.78744
1 2463 0 100 32681700 7.78744 7.78744
