7 0.8 0.016 0.784
7 0.784 0.16 0.624
9 0.8 0.016 0.784
9 0.784 0.16 0.624
20 0.8 0.016 0.784
20 0.784 0.16 0.624
5 0.8 0.16 0.64
5 0.71036 0.016 0.69436
5 0.69436 0.16 0.53436
12 0.8 0.016 0.784
12 0.784 0.16 0.624
8 0.8 0.016 0.784
8 0.784 0.16 0.624
4 0.8 0.016 0.784
4 0.784 0.16 0.624
13 0.8 0.016 0.784
18 0.8 0.016 0.784
18 0.784 0.16 0.624
13 0.784 0.16 0.624
14 0.8 0.016 0.784
14 0.784 0.16 0.624
17 0.8 0.16 0.64
16 0.8 0.016 0.784
17 0.718732 0.016 0.702732
17 0.702732 0.16 0.542732
16 0.784 0.16 0.624
15 0.8 0.016 0.784
15 0.784 0.16 0.624
19 0.8 0.016 0.784
19 0.784 0.16 0.624
1 0.8 0.016 0.784
1 0.784 0.16 0.624
2 0.8 0.016 0.784
2 0.784 0.16 0.624
10 0.8 0.016 0.784
10 0.784 0.16 0.624
3 0.8 0.016 0.784
3 0.784 0.16 0.624
6 0.8 0.016 0.784
6 0.784 0.16 0.624
11 0.8 0.016 0.784
11 0.784 0.16 0.624
