28 0.8 0.016 0.784
28 0.784 0.16 0.624
7 0.8 0.016 0.784
7 0.784 0.16 0.624
38 0.8 0.016 0.784
42 0.8 0.016 0.784
42 0.784 0.16 0.624
38 0.784 0.16 0.624
14 0.8 0.16 0.64
14 0.717458 0.016 0.701458
14 0.701458 0.16 0.541458
43 0.8 0.16 0.64
43 0.711226 0.016 0.695226
43 0.695226 0.16 0.535226
19 0.8 0.016 0.784
25 0.8 0.016 0.784
19 0.784 0.16 0.624
25 0.784 0.16 0.624
13 0.8 0.016 0.784
13 0.784 0.16 0.624
47 0.8 0.016 0.784
47 0.784 0.16 0.624
34 0.8 0.016 0.784
37 0.8 0.016 0.784
37 0.784 0.16 0.624
34 0.784 0.16 0.624
33 0.8 0.16 0.64
5 0.8 0.16 0.64
33 0.64 0.16 0.48
5 0.710223 0.016 0.694223
33 0.55891 0.016 0.54291
5 0.694223 0.16 0.534223
33 0.54291 0.16 0.38291
3 0.8 0.016 0.784
10 0.8 0.016 0.784
10 0.784 0.16 0.624
3 0.784 0.16 0.624
50 0.8 0.016 0.784
50 0.784 0.16 0.624
11 0.8 0.16 0.64
32 0.8 0.16 0.64
40 0.8 0.16 0.64
11 0.711996 0.016 0.695996
20 0.8 0.016 0.784
32 0.717864 0.016 0.701864
40 0.716457 0.016 0.700457
40 0.700457 0.16 0.540457
32 0.701864 0.16 0.541864
11 0.695996 0.16 0.535996
20 0.784 0.16 0.624
46 0.8 0.16 0.64
46 0.64 0.16 0.48
46 0.48 0.16 0.32
46 0.396669 0.016 0.380669
46 0.380669 0.16 0.220669
17 0.8 0.016 0.784
17 0.784 0.16 0.624
2 0.8 0.16 0.64
16 0.8 0.16 0.64
24 0.8 0.16 0.64
35 0.8 0.16 0.64
2 0.711269 0.016 0.695269
16 0.719716 0.016 0.703716
24 0.716348 0.016 0.700348
35 0.715732 0.016 0.699732
2 0.695269 0.16 0.535269
24 0.700348 0.16 0.540348
16 0.703716 0.16 0.543716
35 0.699732 0.16 0.539732
48 0.8 0.016 0.784
48 0.784 0.16 0.624
4 0.8 0.16 0.64
4 0.711319 0.016 0.695319
4 0.695319 0.16 0.535319
31 0.8 0.16 0.64
18 0.8 0.016 0.784
31 0.718471 0.016 0.702471
18 0.784 0.16 0.624
31 0.702471 0.16 0.542471
26 0.8 0.16 0.64
30 0.8 0.16 0.64
26 0.71418 0.016 0.69818
30 0.715376 0.016 0.699376
30 0.699376 0.16 0.539376
26 0.69818 0.16 0.53818
22 0.8 0.016 0.784
36 0.8 0.016 0.784
36 0.784 0.16 0.624
22 0.784 0.16 0.624
12 0.8 0.016 0.784
39 0.8 0.016 0.784
39 0.784 0.16 0.624
12 0.784 0.16 0.624
6 0.8 0.16 0.64
9 0.8 0.16 0.64
6 0.64 0.16 0.48
6 0.554597 0.016 0.538597
6 0.538597 0.16 0.378597
9 0.7163 0.16 0.5563
9 0.62925 0.016 0.61325
9 0.61325 0.16 0.45325
29 0.8 0.016 0.784
29 0.784 0.16 0.624
21 0.8 0.016 0.784
21 0.784 0.16 0.624
27 0.8 0.16 0.64
27 0.718852 0.016 0.702852
27 0.702852 0.16 0.542852
15 0.8 0.016 0.784
23 0.8 0.016 0.784
23 0.784 0.16 0.624
15 0.784 0.16 0.624
45 0.8 0.16 0.64
45 0.714333 0.016 0.698333
45 0.698333 0.16 0.538333
41 0.8 0.016 0.784
41 0.784 0.16 0.624
8 0.8 0.16 0.64
8 0.712266 0.016 0.696266
8 0.696266 0.16 0.536266
44 0.8 0.016 0.784
44 0.784 0.16 0.624
1 0.8 0.16 0.64
1 0.719021 0.016 0.703021
1 0.703021 0.16 0.543021
49 0.8 0.016 0.784
49 0.784 0.16 0.624
