0 1660
0 1661
0 1662
0 1663
0 1664
0 1665
0 1666
0 1667
0 1668
0 1669
0 1670
0 1675
0 1680
0 1684
55 1678
70 1671
0 1687
42 1685
0 1692
0 1696
41 1683
66 1673
0 1702
0 1707
45 1697
0 1713
39 1700
48 1706
12 1703
0 1718
8 1717
0 1721
0 1724
11 1694
0 1727
0 1731
6 1695
0 1735
0 1741
59 1733
0 1747
0 1752
0 1758
57 1698
0 1760
37 1722
0 1761
18 1688
0 1762
31 1686
33 1711
0 1763
49 1677
0 1764
61 1710
10 1699
28 1739
63 1726
0 1765
52 1742
0 1766
0 1767
0 1768
15 1691
0 1769
67 1736
0 1770
58 1716
0 1771
7 1755
0 1772
24 1740
56 1705
27 1712
0 1773
0 1774
65 1674
0 1775
3 1701
64 1690
54 1744
0 1776
44 1749
0 1777
36 1682
47 1743
5 1750
25 1676
68 1729
0 1778
9 1745
0 1779
0 1780
14 1756
0 1781
0 1782
0 1783
0 1784
35 1719
0 1785
0 1786
60 1679
0 1787
43 1672
17 1753
51 1689
0 1788
1 1720
29 1723
0 1789
0 1790
22 1734
0 1791
34 1709
26 1693
0 1792
62 1681
16 1730
0 1793
0 1794
0 1795
20 1704
23 1738
4 1725
0 1796
50 1732
0 1797
2 1715
46 1759
0 1798
0 1799
19 1751
0 1800
69 1708
0 1801
40 1714
0 1802
0 1803
32 1737
0 1804
38 1728
0 1805
30 1746
21 1748
0 1806
13 1757
53 1754
0 1807
0 1808
0 1809
0 1810
0 1811
0 1812
0 1813
0 1814
0 1815
0 1816
0 1817
0 1818
0 1819
0 1820
0 1821
0 1822
0 1823
0 1824
0 1825
0 1826
0 1827
0 1828
0 1829
0 1830
0 1831
0 1832
0 1833
0 1834
0 1835
0 1836
0 1837
0 1838
0 1839
0 1840
0 1841
0 1842
0 1843
0 1844
0 1845
0 1846
0 1847
0 1848
0 1849
0 1850
0 1851
0 1852
0 1853
0 1854
0 1855
0 1856
0 1857
0 1858
0 1859
0 1860
0 1861
0 1862
0 1863
0 1864
0 1865
0 1866
0 1867
0 1868
0 1869
0 1870
0 1871
0 1872
0 1873
0 1874
0 1875
0 1876
0 1877
0 1878
0 1879
