68 2127 0 100 32653504 1.14287 1.14287
56 2138 0 100 32663052 1.44287 1.44287
16 2121 0 100 32659180 1.64287 1.64287
64 2155 0 100 32632846 1.84287 1.84287
45 2154 0 100 32664916 1.84287 1.84287
85 2141 0 100 32663164 1.94287 1.94287
49 2130 0 100 32669438 2.24287 2.24287
9 2149 0 100 32652002 2.44287 2.44287
11 2142 0 100 32681442 2.44287 2.44287
59 2178 0 100 32675892 2.54287 2.54287
61 2199 0 100 32669380 2.54287 2.54287
36 2133 0 100 32659310 2.64287 2.64287
3 2123 0 100 32651938 2.64287 2.64287
78 2180 0 100 32647684 2.74287 2.74287
30 2153 0 100 32636184 2.84287 2.84287
50 2173 0 100 32667836 2.84287 2.84287
52 2163 0 100 32635534 2.84287 2.84287
37 2226 0 100 32675346 2.94287 2.94287
65 2216 0 100 32662652 3.24287 3.24287
23 2132 0 100 32647620 3.34287 3.34287
81 2184 0 100 32637424 3.34287 3.34287
54 2223 0 100 32649568 3.44287 3.44287
82 2126 0 100 32682146 3.44287 3.44287
40 2221 0 100 32645380 3.64287 3.64287
5 2125 0 100 32678408 3.74287 3.74287
27 2209 0 100 32676360 3.74287 3.74287
51 2139 0 100 32677766 3.74287 3.74287
75 2174 0 100 32667044 3.94287 3.94287
77 2192 0 100 32654084 3.94287 3.94287
58 2137 0 100 32668576 3.94287 3.94287
67 2146 0 100 32679726 4.04287 4.04287
28 2185 0 100 32638148 4.04287 4.04287
89 2229 0 100 32667492 4.14287 4.14287
55 2158 0 100 32664284 4.14287 4.14287
12 2128 0 100 32647324 4.24287 4.24287
87 2151 0 100 32673590 4.54287 4.54287
26 2166 0 100 32667484 4.64287 4.64287
62 2144 0 100 32680796 4.74287 4.74287
57 2191 0 100 32670652 4.84287 4.84287
39 2120 0 100 32667458 4.94287 4.94287
80 2160 0 100 32668480 4.94287 4.94287
2 2196 0 100 32669842 4.94287 4.94287
71 2179 0 100 32672664 4.94287 4.94287
6 2204 0 100 32643542 5.04287 5.04287
38 2145 0 100 32651156 5.34287 5.34287
79 2143 0 100 32647066 5.34287 5.34287
8 2124 0 100 32664508 5.44287 5.44287
10 2211 0 100 32653848 5.44287 5.44287
84 2182 0 100 32665348 5.54287 5.54287
41 2164 0 100 32643574 5.54287 5.54287
70 2131 0 100 32665160 5.64287 5.64287
42 2203 0 100 32648916 5.74287 5.74287
53 2157 0 100 32659910 5.74287 5.74287
13 2201 0 100 32650870 5.84287 5.84287
60 2168 0 100 32639618 5.84287 5.84287
86 2205 0 100 32642688 5.94287 5.94287
25 2188 0 100 32679546 6.04287 6.04287
35 2147 0 100 32664818 6.04287 6.04287
18 2198 0 100 32652850 6.14287 6.14287
83 2208 0 100 32634066 6.14287 6.14287
20 2134 0 100 32661776 6.14287 6.14287
44 2136 0 100 32650234 6.24287 6.24287
69 2183 0 100 32632624 6.24287 6.24287
15 2214 0 100 32672184 6.24287 6.24287
43 2176 0 100 32676766 6.24287 6.24287
34 2167 0 100 32665214 6.34287 6.34287
19 2170 0 100 32656848 6.44287 6.44287
88 2148 0 100 32627536 6.44287 6.44287
32 2190 0 100 32667580 6.44287 6.44287
73 2152 0 100 32675142 6.44287 6.44287
46 2186 0 100 32654052 6.54287 6.54287
90 2162 0 100 32627226 6.54287 6.54287
14 2177 0 100 32677360 6.84287 6.84287
48 2210 0 100 32656716 6.94287 6.94287
24 2200 0 100 32630664 6.94287 6.94287
31 2218 0 100 32664284 7.04287 7.04287
7 2194 0 100 32633186 7.14287 7.14287
17 2217 0 100 32660378 7.24287 7.24287
1 2222 0 100 32650646 7.24287 7.24287
72 2195 0 100 32644208 7.34287 7.34287
63 2197 0 100 32640942 7.44287 7.44287
66 2227 0 100 32648412 7.44287 7.44287
76 2215 0 100 32657580 7.54287 7.54287
74 2220 0 100 32650916 7.64287 7.64287
