0 1450
0 1451
0 1452
0 1453
0 1454
0 1455
0 1456
0 1457
0 1458
0 1459
0 1460
0 1465
0 1469
21 1463
0 1474
0 1478
55 1462
0 1479
0 1484
0 1487
35 1461
0 1490
13 1467
0 1492
0 1498
0 1504
0 1505
0 1509
58 1502
0 1514
3 1477
4 1495
0 1516
51 1481
0 1521
19 1476
24 1471
59 1485
0 1530
0 1531
12 1519
20 1483
27 1464
0 1537
0 1540
2 1491
0 1541
25 1503
36 1523
0 1542
0 1543
37 1493
0 1544
0 1545
47 1499
34 1512
0 1546
39 1536
0 1547
0 1548
8 1538
42 1506
0 1549
0 1550
7 1480
1 1527
0 1551
0 1552
0 1553
26 1508
41 1507
0 1554
32 1497
0 1555
5 1494
0 1556
0 1557
17 1468
0 1558
15 1533
23 1513
0 1559
0 1560
0 1561
0 1562
0 1563
0 1564
57 1534
14 1473
40 1501
0 1565
22 1511
60 1532
0 1566
44 1522
0 1567
54 1488
0 1568
38 1529
29 1489
0 1569
18 1466
28 1525
43 1535
0 1570
9 1526
50 1486
0 1571
0 1572
49 1472
56 1500
6 1470
0 1573
33 1482
48 1510
30 1475
0 1574
11 1524
10 1496
0 1575
46 1528
0 1576
0 1577
31 1517
0 1578
0 1579
0 1580
0 1581
0 1582
16 1539
0 1583
0 1584
0 1585
52 1515
53 1520
0 1586
45 1518
0 1587
0 1588
0 1589
0 1590
0 1591
0 1592
0 1593
0 1594
0 1595
0 1596
0 1597
0 1598
0 1599
0 1600
0 1601
0 1602
0 1603
0 1604
0 1605
0 1606
0 1607
0 1608
0 1609
0 1610
0 1611
0 1612
0 1613
0 1614
0 1615
0 1616
0 1617
0 1618
0 1619
0 1620
0 1621
0 1622
0 1623
0 1624
0 1625
0 1626
0 1627
0 1628
0 1629
0 1630
0 1631
0 1632
0 1633
0 1634
0 1635
0 1636
0 1637
0 1638
0 1639
0 1640
0 1641
0 1642
0 1643
0 1644
0 1645
0 1646
0 1647
0 1648
0 1649
0 1650
0 1651
0 1652
0 1653
0 1654
0 1655
0 1656
0 1657
0 1658
0 1659
