20 892 0 100 32651032 1.35135 1.35135
21 900 0 100 32653324 2.15135 2.15135
1 890 0 100 32656034 2.25135 2.25135
9 915 0 100 32643626 2.45135 2.45135
2 929 0 100 32667582 3.05135 3.05135
22 936 0 100 32632832 3.25135 3.25135
18 931 0 100 32660332 3.45135 3.45135
15 907 0 100 32681466 3.65135 3.65135
26 895 0 100 32654062 3.75135 3.75135
4 922 0 100 32661504 3.85135 3.85135
5 937 0 100 32646150 3.95135 3.95135
27 910 0 100 32680892 4.05135 4.05135
8 916 0 100 32683098 4.25135 4.25135
3 927 0 100 32645270 4.25135 4.25135
25 898 0 100 32679230 4.65135 4.65135
23 918 0 100 32662158 4.85135 4.85135
17 935 0 100 32655206 5.05135 5.05135
6 939 0 100 32650310 5.35135 5.35135
16 921 0 100 32658864 5.35135 5.35135
30 919 0 100 32681344 5.45135 5.45135
7 924 0 100 32674120 5.45135 5.45135
24 926 0 100 32654930 5.85135 5.85135
29 897 0 100 32649448 6.55135 6.55135
14 913 0 100 32665850 6.95135 6.95135
11 934 0 100 32644424 6.95135 6.95135
13 908 0 100 32650720 7.05135 7.05135
28 911 0 100 32676076 7.15135 7.15135
19 928 0 100 32682530 7.15135 7.15135
