35 1461 1.13232
55 1462 1.13518
21 1463 1.13856
27 1464 1.14036
18 1466 1.16657
13 1467 1.17437
17 1468 1.19702
6 1470 1.25785
24 1471 1.28737
49 1472 1.30622
14 1473 1.31604
30 1475 1.39719
19 1476 1.42537
3 1477 1.43849
7 1480 1.58954
51 1481 1.5902
33 1482 1.62688
20 1483 1.63308
59 1485 1.69477
50 1486 1.70922
54 1488 1.82702
29 1489 1.83437
2 1491 1.91426
37 1493 1.99062
5 1494 2.00364
4 1495 2.02822
10 1496 2.03474
32 1497 2.03494
47 1499 2.05596
56 1500 2.06839
40 1501 2.07498
58 1502 2.10524
25 1503 2.12425
42 1506 2.24897
41 1507 2.32525
26 1508 2.33477
48 1510 2.3864
22 1511 2.39525
34 1512 2.42183
23 1513 2.44147
52 1515 2.5133
31 1517 2.55738
45 1518 2.55908
12 1519 2.56171
53 1520 2.63355
44 1522 2.65535
36 1523 2.6651
11 1524 2.66945
28 1525 2.67832
9 1526 2.69205
1 1527 2.69758
46 1528 2.71584
38 1529 2.74149
60 1532 2.86268
15 1533 2.88103
57 1534 2.88125
43 1535 2.90987
39 1536 2.9138
8 1538 2.9665
16 1539 2.97031
