28 1261 0 100 32673886 1.11164 1.11164
7 1265 0 100 32674564 1.51164 1.51164
42 1278 0 100 32668724 2.21164 2.21164
38 1272 0 100 32647690 2.21164 2.21164
14 1274 0 100 32639218 2.31164 2.31164
43 1285 0 100 32648802 2.41164 2.41164
25 1299 0 100 32656552 2.71164 2.71164
13 1304 0 100 32674882 2.91164 2.91164
47 1326 0 100 32662738 3.31164 3.31164
37 1283 0 100 32642344 3.61164 3.61164
34 1268 0 100 32654226 3.61164 3.61164
5 1298 0 100 32658796 3.71164 3.71164
33 1321 0 100 32652780 3.71164 3.71164
10 1310 0 100 32670124 3.91164 3.91164
3 1287 0 100 32657386 3.91164 3.91164
50 1306 0 100 32668690 4.01164 4.01164
40 1271 0 100 32649838 4.11164 4.11164
32 1327 0 100 32681582 4.11164 4.11164
20 1264 0 100 32680556 4.11164 4.11164
46 1313 0 100 32635632 4.21164 4.21164
17 1305 0 100 32680754 4.51164 4.51164
2 1267 0 100 32657532 4.61164 4.61164
24 1292 0 100 32656866 4.61164 4.61164
35 1302 0 100 32629522 4.61164 4.61164
48 1309 0 100 32638578 4.71164 4.71164
4 1317 0 100 32632226 4.81164 4.81164
18 1296 0 100 32659754 4.91164 4.91164
31 1295 0 100 32646582 4.91164 4.91164
30 1269 0 100 32662812 5.01164 5.01164
26 1301 0 100 32673222 5.01164 5.01164
36 1277 0 100 32660884 5.51164 5.51164
22 1300 0 100 32657442 5.51164 5.51164
39 1316 0 100 32675162 5.91164 5.91164
12 1282 0 100 32656414 5.91164 5.91164
6 1290 0 100 32635922 6.01164 6.01164
9 1329 0 100 32659158 6.11164 6.11164
29 1280 0 100 32657106 6.21164 6.21164
21 1308 0 100 32657334 6.41164 6.41164
27 1293 0 100 32642590 6.51164 6.51164
23 1320 0 100 32667256 7.01164 7.01164
15 1328 0 100 32638660 7.01164 7.01164
45 1288 0 100 32669886 7.11164 7.11164
41 1318 0 100 32658528 7.41164 7.41164
8 1323 0 100 32655446 7.51164 7.51164
44 1315 0 100 32642400 7.61164 7.61164
1 1314 0 100 32648060 7.71164 7.71164
49 1324 0 100 32641912 7.91164 7.91164
