21 1463 0 100 32661702 1.24579 1.24579
55 1462 0 100 32653730 1.44579 1.44579
35 1461 0 100 32635548 1.74579 1.74579
13 1467 0 100 32652536 1.84579 1.84579
58 1502 0 100 32675806 2.34579 2.34579
3 1477 0 100 32633930 2.44579 2.44579
4 1495 0 100 32645840 2.44579 2.44579
51 1481 0 100 32682732 2.54579 2.54579
19 1476 0 100 32636218 2.64579 2.64579
24 1471 0 100 32679758 2.64579 2.64579
59 1485 0 100 32648654 2.64579 2.64579
12 1519 0 100 32637930 2.84579 2.84579
20 1483 0 100 32683046 2.84579 2.84579
27 1464 0 100 32643710 2.84579 2.84579
2 1491 0 100 32637880 3.04579 3.04579
36 1523 0 100 32654976 3.14579 3.14579
37 1493 0 100 32663878 3.34579 3.34579
47 1499 0 100 32668082 3.54579 3.54579
34 1512 0 100 32681254 3.54579 3.54579
39 1536 0 100 32654288 3.64579 3.64579
8 1538 0 100 32645806 3.84579 3.84579
42 1506 0 100 32643654 3.84579 3.84579
7 1480 0 100 32667036 4.04579 4.04579
1 1527 0 100 32675292 4.04579 4.04579
26 1508 0 100 32657930 4.34579 4.34579
41 1507 0 100 32646524 4.34579 4.34579
32 1497 0 100 32636290 4.44579 4.44579
5 1494 0 100 32662200 4.54579 4.54579
17 1468 0 100 32671478 4.74579 4.74579
23 1513 0 100 32668218 4.84579 4.84579
57 1534 0 100 32661566 5.44579 5.44579
14 1473 0 100 32673806 5.44579 5.44579
40 1501 0 100 32651932 5.44579 5.44579
60 1532 0 100 32651554 5.54579 5.54579
44 1522 0 100 32636304 5.64579 5.64579
54 1488 0 100 32637934 5.74579 5.74579
38 1529 0 100 32639002 5.84579 5.84579
29 1489 0 100 32651618 5.84579 5.84579
18 1466 0 100 32659816 5.94579 5.94579
43 1535 0 100 32653284 5.94579 5.94579
9 1526 0 100 32644874 6.04579 6.04579
50 1486 0 100 32666094 6.04579 6.04579
56 1500 0 100 32657796 6.24579 6.24579
6 1470 0 100 32656984 6.24579 6.24579
33 1482 0 100 32640708 6.34579 6.34579
48 1510 0 100 32678554 6.34579 6.34579
30 1475 0 100 32667086 6.34579 6.34579
11 1524 0 100 32658280 6.44579 6.44579
10 1496 0 100 32642408 6.44579 6.44579
46 1528 0 100 32670960 6.54579 6.54579
31 1517 0 100 32665582 6.74579 6.74579
16 1539 0 100 32638784 7.24579 7.24579
52 1515 0 100 32678912 7.54579 7.54579
53 1520 0 100 32660880 7.54579 7.54579
45 1518 0 100 32672296 7.64579 7.64579
