55 0.8 0.016 0.784
70 0.8 0.016 0.784
55 0.784 0.16 0.624
70 0.784 0.16 0.624
42 0.8 0.016 0.784
42 0.784 0.16 0.624
41 0.8 0.016 0.784
66 0.8 0.016 0.784
41 0.784 0.16 0.624
66 0.784 0.16 0.624
45 0.8 0.016 0.784
45 0.784 0.16 0.624
12 0.8 0.16 0.64
39 0.8 0.16 0.64
48 0.8 0.16 0.64
12 0.715213 0.016 0.699213
39 0.711219 0.016 0.695219
48 0.713138 0.016 0.697138
39 0.695219 0.16 0.535219
48 0.697138 0.16 0.537138
12 0.699213 0.16 0.539213
8 0.8 0.016 0.784
8 0.784 0.16 0.624
11 0.8 0.016 0.784
11 0.784 0.16 0.624
6 0.8 0.016 0.784
6 0.784 0.16 0.624
59 0.8 0.016 0.784
59 0.784 0.16 0.624
57 0.8 0.016 0.784
57 0.784 0.16 0.624
37 0.8 0.016 0.784
37 0.784 0.16 0.624
18 0.8 0.16 0.64
18 0.711347 0.016 0.695347
18 0.695347 0.16 0.535347
31 0.8 0.16 0.64
31 0.716872 0.016 0.700872
33 0.8 0.016 0.784
31 0.700872 0.16 0.540872
33 0.784 0.16 0.624
49 0.8 0.16 0.64
49 0.713875 0.016 0.697875
49 0.697875 0.16 0.537875
10 0.8 0.16 0.64
28 0.8 0.16 0.64
61 0.8 0.16 0.64
63 0.8 0.16 0.64
10 0.714935 0.016 0.698935
28 0.716686 0.016 0.700686
61 0.710237 0.016 0.694237
63 0.716454 0.016 0.700454
61 0.694237 0.16 0.534237
10 0.698935 0.16 0.538935
28 0.700686 0.16 0.540686
63 0.700454 0.16 0.540454
52 0.8 0.16 0.64
52 0.71608 0.016 0.70008
52 0.70008 0.16 0.54008
15 0.8 0.016 0.784
15 0.784 0.16 0.624
67 0.8 0.16 0.64
67 0.719289 0.016 0.703289
67 0.703289 0.16 0.543289
58 0.8 0.16 0.64
58 0.713915 0.016 0.697915
58 0.697915 0.16 0.537915
7 0.8 0.16 0.64
7 0.718129 0.016 0.702129
7 0.702129 0.16 0.542129
24 0.8 0.16 0.64
56 0.8 0.16 0.64
24 0.713017 0.016 0.697017
27 0.8 0.016 0.784
56 0.714334 0.016 0.698334
24 0.697017 0.16 0.537017
56 0.698334 0.16 0.538334
27 0.784 0.16 0.624
65 0.8 0.016 0.784
65 0.784 0.16 0.624
54 0.8 0.16 0.64
64 0.8 0.16 0.64
3 0.8 0.016 0.784
54 0.710007 0.016 0.694007
64 0.711167 0.016 0.695167
3 0.784 0.16 0.624
64 0.695167 0.16 0.535167
54 0.694007 0.16 0.534007
25 0.8 0.16 0.64
36 0.8 0.16 0.64
44 0.8 0.016 0.784
44 0.784 0.16 0.624
5 0.8 0.16 0.64
25 0.717667 0.16 0.557667
36 0.710442 0.16 0.550442
47 0.8 0.16 0.64
68 0.8 0.16 0.64
5 0.718729 0.016 0.702729
25 0.634764 0.016 0.618764
36 0.624653 0.016 0.608653
47 0.714815 0.016 0.698815
68 0.712915 0.016 0.696915
36 0.608653 0.16 0.448653
47 0.698815 0.16 0.538815
5 0.702729 0.16 0.542729
25 0.618764 0.16 0.458764
68 0.696915 0.16 0.536915
9 0.8 0.16 0.64
9 0.713367 0.016 0.697367
9 0.697367 0.16 0.537367
14 0.8 0.016 0.784
14 0.784 0.16 0.624
35 0.8 0.016 0.784
35 0.784 0.16 0.624
60 0.8 0.016 0.784
60 0.784 0.16 0.624
17 0.8 0.16 0.64
17 0.715374 0.016 0.699374
43 0.8 0.016 0.784
51 0.8 0.016 0.784
43 0.784 0.16 0.624
17 0.699374 0.16 0.539374
51 0.784 0.16 0.624
1 0.8 0.16 0.64
29 0.8 0.16 0.64
1 0.64 0.16 0.48
29 0.64 0.16 0.48
1 0.48 0.16 0.32
29 0.48 0.16 0.32
1 0.394654 0.016 0.378654
29 0.390761 0.016 0.374761
1 0.378654 0.16 0.218654
29 0.374761 0.16 0.214761
22 0.8 0.016 0.784
22 0.784 0.16 0.624
34 0.8 0.16 0.64
26 0.8 0.016 0.784
34 0.714611 0.016 0.698611
34 0.698611 0.16 0.538611
26 0.784 0.16 0.624
16 0.8 0.16 0.64
16 0.64 0.16 0.48
62 0.8 0.16 0.64
16 0.551904 0.016 0.535904
62 0.710314 0.016 0.694314
62 0.694314 0.16 0.534314
16 0.535904 0.16 0.375904
4 0.8 0.016 0.784
20 0.8 0.016 0.784
23 0.8 0.016 0.784
20 0.784 0.16 0.624
23 0.784 0.16 0.624
4 0.784 0.16 0.624
50 0.8 0.16 0.64
50 0.64 0.16 0.48
50 0.559407 0.016 0.543407
50 0.543407 0.16 0.383407
2 0.8 0.016 0.784
46 0.8 0.016 0.784
2 0.784 0.16 0.624
46 0.784 0.16 0.624
19 0.8 0.016 0.784
19 0.784 0.16 0.624
69 0.8 0.16 0.64
69 0.718915 0.016 0.702915
69 0.702915 0.16 0.542915
40 0.8 0.016 0.784
40 0.784 0.16 0.624
32 0.8 0.016 0.784
32 0.784 0.16 0.624
38 0.8 0.016 0.784
38 0.784 0.16 0.624
21 0.8 0.16 0.64
21 0.718036 0.016 0.702036
30 0.8 0.016 0.784
30 0.784 0.16 0.624
21 0.702036 0.16 0.542036
13 0.8 0.16 0.64
53 0.8 0.16 0.64
13 0.64 0.16 0.48
53 0.64 0.16 0.48
13 0.553255 0.016 0.537255
53 0.554414 0.016 0.538414
13 0.537255 0.16 0.377255
53 0.538414 0.16 0.378414
