39 2120 1.00292
16 2121 1.01296
3 2123 1.05544
8 2124 1.0671
5 2125 1.07291
82 2126 1.11263
68 2127 1.13544
12 2128 1.13591
49 2130 1.14506
70 2131 1.15048
23 2132 1.15161
36 2133 1.1877
20 2134 1.20207
44 2136 1.24843
58 2137 1.28578
56 2138 1.29504
51 2139 1.3118
85 2141 1.34289
11 2142 1.34672
79 2143 1.35883
62 2144 1.37356
38 2145 1.37872
67 2146 1.38209
35 2147 1.41288
88 2148 1.43084
9 2149 1.4365
87 2151 1.44715
73 2152 1.44793
30 2153 1.46928
45 2154 1.47353
64 2155 1.47574
53 2157 1.61895
55 2158 1.62361
80 2160 1.64379
4 2161 1.6521
90 2162 1.66262
52 2163 1.67237
41 2164 1.68266
26 2166 1.74403
34 2167 1.75543
60 2168 1.79148
47 2169 1.81619
19 2170 1.82485
22 2172 1.8939
50 2173 1.90577
75 2174 1.9343
43 2176 1.96305
14 2177 1.96593
59 2178 1.97758
71 2179 2.03394
78 2180 2.0389
84 2182 2.0756
69 2183 2.08266
81 2184 2.09508
28 2185 2.1249
46 2186 2.14062
25 2188 2.23006
32 2190 2.25153
57 2191 2.30246
77 2192 2.3097
7 2194 2.35846
72 2195 2.35869
2 2196 2.37644
63 2197 2.41439
18 2198 2.41495
61 2199 2.41498
24 2200 2.43126
13 2201 2.43496
42 2203 2.4943
6 2204 2.49877
86 2205 2.527
83 2208 2.66241
27 2209 2.6695
48 2210 2.68352
10 2211 2.72659
33 2213 2.75214
15 2214 2.75371
76 2215 2.7543
65 2216 2.77364
17 2217 2.81354
31 2218 2.83917
74 2220 2.84964
40 2221 2.87504
1 2222 2.88119
54 2223 2.88595
21 2224 2.90479
29 2225 2.91792
37 2226 2.91873
66 2227 2.91986
89 2229 2.9485
