98 0.8 0.016 0.784
98 0.784 0.16 0.624
49 0.8 0.016 0.784
66 0.8 0.016 0.784
66 0.784 0.16 0.624
49 0.784 0.16 0.624
8 0.8 0.016 0.784
24 0.8 0.016 0.784
60 0.8 0.016 0.784
8 0.784 0.16 0.624
24 0.784 0.16 0.624
60 0.784 0.16 0.624
5 0.8 0.16 0.64
5 0.712389 0.016 0.696389
5 0.696389 0.16 0.536389
25 0.8 0.016 0.784
25 0.784 0.16 0.624
32 0.8 0.16 0.64
32 0.718309 0.016 0.702309
32 0.702309 0.16 0.542309
71 0.8 0.16 0.64
75 0.8 0.16 0.64
71 0.715637 0.016 0.699637
75 0.71044 0.016 0.69444
75 0.69444 0.16 0.53444
71 0.699637 0.16 0.539637
56 0.8 0.16 0.64
56 0.64 0.16 0.48
56 0.556159 0.016 0.540159
56 0.540159 0.16 0.380159
2 0.8 0.016 0.784
97 0.8 0.016 0.784
2 0.784 0.16 0.624
97 0.784 0.16 0.624
3 0.8 0.016 0.784
9 0.8 0.016 0.784
77 0.8 0.016 0.784
94 0.8 0.016 0.784
3 0.784 0.16 0.624
94 0.784 0.16 0.624
77 0.784 0.16 0.624
9 0.784 0.16 0.624
12 0.8 0.16 0.64
19 0.8 0.16 0.64
39 0.8 0.16 0.64
59 0.8 0.16 0.64
81 0.8 0.16 0.64
12 0.64 0.16 0.48
19 0.64 0.16 0.48
39 0.64 0.16 0.48
59 0.64 0.16 0.48
81 0.64 0.16 0.48
12 0.48 0.16 0.32
19 0.48 0.16 0.32
39 0.48 0.16 0.32
59 0.48 0.16 0.32
81 0.48 0.16 0.32
12 0.32 0.16 0.16
19 0.32 0.16 0.16
39 0.32 0.16 0.16
59 0.32 0.16 0.16
81 0.32 0.16 0.16
12 0.231512 0.016 0.215512
19 0.237549 0.016 0.221549
39 0.2374 0.016 0.2214
59 0.236143 0.016 0.220143
81 0.234819 0.016 0.218819
81 0.218819 0.16 0.0588194
39 0.2214 0.16 0.0613997
59 0.220143 0.16 0.0601434
12 0.215512 0.16 0.0555118
19 0.221549 0.16 0.0615492
35 0.8 0.16 0.64
35 0.64 0.16 0.48
35 0.48 0.16 0.32
35 0.391994 0.016 0.375994
35 0.375994 0.16 0.215994
55 0.8 0.16 0.64
27 0.8 0.016 0.784
55 0.714177 0.016 0.698177
27 0.784 0.16 0.624
55 0.698177 0.16 0.538177
44 0.8 0.16 0.64
44 0.64 0.16 0.48
44 0.558306 0.016 0.542306
44 0.542306 0.16 0.382306
33 0.8 0.016 0.784
74 0.8 0.016 0.784
33 0.784 0.16 0.624
74 0.784 0.16 0.624
28 0.8 0.016 0.784
31 0.8 0.016 0.784
37 0.8 0.016 0.784
64 0.8 0.016 0.784
65 0.8 0.016 0.784
28 0.784 0.16 0.624
37 0.784 0.16 0.624
64 0.784 0.16 0.624
31 0.784 0.16 0.624
65 0.784 0.16 0.624
67 0.8 0.16 0.64
80 0.8 0.16 0.64
40 0.8 0.16 0.64
67 0.64 0.16 0.48
80 0.64 0.16 0.48
40 0.64 0.16 0.48
40 0.556867 0.016 0.540867
67 0.555068 0.016 0.539068
80 0.557527 0.016 0.541527
80 0.541527 0.16 0.381527
67 0.539068 0.16 0.379068
40 0.540867 0.16 0.380867
30 0.8 0.16 0.64
86 0.8 0.16 0.64
30 0.64 0.16 0.48
86 0.64 0.16 0.48
30 0.55031 0.016 0.53431
86 0.556242 0.016 0.540242
86 0.540242 0.16 0.380242
30 0.53431 0.16 0.37431
21 0.8 0.016 0.784
21 0.784 0.16 0.624
57 0.8 0.16 0.64
84 0.8 0.16 0.64
100 0.8 0.16 0.64
57 0.718663 0.016 0.702663
84 0.715001 0.016 0.699001
100 0.711031 0.016 0.695031
100 0.695031 0.16 0.535031
57 0.702663 0.16 0.542663
84 0.699001 0.16 0.539001
58 0.8 0.16 0.64
61 0.8 0.16 0.64
76 0.8 0.16 0.64
76 0.64 0.16 0.48
58 0.64 0.16 0.48
61 0.64 0.16 0.48
76 0.48 0.16 0.32
58 0.552175 0.016 0.536175
61 0.553274 0.016 0.537274
76 0.392246 0.016 0.376246
58 0.536175 0.16 0.376175
61 0.537274 0.16 0.377274
76 0.376246 0.16 0.216246
23 0.8 0.016 0.784
38 0.8 0.016 0.784
38 0.784 0.16 0.624
23 0.784 0.16 0.624
29 0.8 0.16 0.64
29 0.64 0.16 0.48
29 0.551052 0.016 0.535052
29 0.535052 0.16 0.375052
83 0.8 0.16 0.64
83 0.713752 0.016 0.697752
83 0.697752 0.16 0.537752
4 0.8 0.016 0.784
4 0.784 0.16 0.624
93 0.8 0.16 0.64
11 0.8 0.016 0.784
53 0.8 0.016 0.784
93 0.783482 0.016 0.767482
11 0.784 0.16 0.624
53 0.784 0.16 0.624
93 0.767482 0.16 0.607482
7 0.8 0.16 0.64
7 0.64 0.16 0.48
7 0.555676 0.016 0.539676
79 0.8 0.016 0.784
7 0.539676 0.16 0.379676
79 0.784 0.16 0.624
10 0.8 0.16 0.64
46 0.8 0.16 0.64
69 0.8 0.16 0.64
82 0.8 0.16 0.64
88 0.8 0.16 0.64
10 0.712388 0.016 0.696388
46 0.712868 0.016 0.696868
69 0.71252 0.016 0.69652
82 0.71417 0.016 0.69817
88 0.710586 0.016 0.694586
10 0.696388 0.16 0.536388
82 0.69817 0.16 0.53817
88 0.694586 0.16 0.534586
46 0.696868 0.16 0.536868
69 0.69652 0.16 0.53652
73 0.8 0.16 0.64
73 0.64 0.16 0.48
73 0.48 0.16 0.32
73 0.32 0.16 0.16
73 0.231082 0.016 0.215082
73 0.215082 0.16 0.0550819
41 0.8 0.016 0.784
41 0.784 0.16 0.624
16 0.8 0.16 0.64
20 0.8 0.16 0.64
50 0.8 0.16 0.64
63 0.8 0.16 0.64
78 0.8 0.16 0.64
87 0.8 0.16 0.64
89 0.8 0.16 0.64
16 0.710664 0.016 0.694664
20 0.711149 0.016 0.695149
50 0.717581 0.016 0.701581
63 0.710916 0.016 0.694916
78 0.711471 0.016 0.695471
87 0.719023 0.016 0.703023
89 0.718661 0.016 0.702661
50 0.701581 0.16 0.541581
87 0.703023 0.16 0.543023
16 0.694664 0.16 0.534664
20 0.695149 0.16 0.535149
78 0.695471 0.16 0.535471
63 0.694916 0.16 0.534916
89 0.702661 0.16 0.542661
36 0.8 0.16 0.64
36 0.64 0.16 0.48
36 0.48 0.16 0.32
36 0.32 0.16 0.16
36 0.231298 0.016 0.215298
36 0.215298 0.16 0.0552983
91 0.8 0.16 0.64
91 0.716115 0.016 0.700115
96 0.8 0.016 0.784
91 0.700115 0.16 0.540115
96 0.784 0.16 0.624
26 0.8 0.16 0.64
26 0.711435 0.016 0.695435
26 0.695435 0.16 0.535435
18 0.8 0.16 0.64
43 0.8 0.16 0.64
48 0.8 0.16 0.64
18 0.713743 0.016 0.697743
43 0.717493 0.016 0.701493
48 0.717625 0.016 0.701625
54 0.8 0.016 0.784
54 0.784 0.16 0.624
48 0.701625 0.16 0.541625
43 0.701493 0.16 0.541493
18 0.697743 0.16 0.537743
62 0.8 0.016 0.784
85 0.8 0.016 0.784
85 0.784 0.16 0.624
62 0.784 0.16 0.624
52 0.8 0.16 0.64
52 0.64 0.16 0.48
13 0.8 0.016 0.784
52 0.55884 0.016 0.54284
52 0.54284 0.16 0.38284
13 0.784 0.16 0.624
92 0.8 0.16 0.64
17 0.8 0.16 0.64
51 0.8 0.16 0.64
92 0.64 0.16 0.48
17 0.716071 0.016 0.700071
51 0.71964 0.016 0.70364
92 0.554505 0.016 0.538505
92 0.538505 0.16 0.378505
17 0.700071 0.16 0.540071
51 0.70364 0.16 0.54364
14 0.8 0.16 0.64
70 0.8 0.16 0.64
14 0.64 0.16 0.48
70 0.64 0.16 0.48
14 0.559232 0.016 0.543232
70 0.550665 0.016 0.534665
70 0.534665 0.16 0.374665
14 0.543232 0.16 0.383232
90 0.8 0.016 0.784
90 0.784 0.16 0.624
6 0.8 0.016 0.784
72 0.8 0.016 0.784
99 0.8 0.016 0.784
72 0.784 0.16 0.624
99 0.784 0.16 0.624
6 0.784 0.16 0.624
15 0.8 0.016 0.784
15 0.784 0.16 0.624
34 0.8 0.16 0.64
34 0.796405 0.016 0.780405
34 0.780405 0.16 0.620405
42 0.8 0.016 0.784
42 0.784 0.16 0.624
68 0.8 0.016 0.784
68 0.784 0.16 0.624
95 0.8 0.016 0.784
95 0.784 0.16 0.624
47 0.8 0.016 0.784
47 0.784 0.16 0.624
1 0.8 0.16 0.64
22 0.8 0.16 0.64
45 0.8 0.16 0.64
1 0.718137 0.016 0.702137
22 0.714708 0.016 0.698708
45 0.716483 0.016 0.700483
22 0.698708 0.16 0.538708
45 0.700483 0.16 0.540483
1 0.702137 0.16 0.542137
