21 0.8 0.016 0.784
21 0.784 0.16 0.624
55 0.8 0.016 0.784
55 0.784 0.16 0.624
35 0.8 0.016 0.784
35 0.784 0.16 0.624
13 0.8 0.16 0.64
13 0.716475 0.016 0.700475
13 0.700475 0.16 0.540475
58 0.8 0.016 0.784
58 0.784 0.16 0.624
3 0.8 0.16 0.64
4 0.8 0.16 0.64
3 0.717301 0.016 0.701301
4 0.710796 0.016 0.694796
3 0.701301 0.16 0.541301
4 0.694796 0.16 0.534796
51 0.8 0.016 0.784
51 0.784 0.16 0.624
19 0.8 0.16 0.64
24 0.8 0.16 0.64
59 0.8 0.16 0.64
19 0.714864 0.016 0.698864
24 0.710706 0.016 0.694706
59 0.713463 0.016 0.697463
19 0.698864 0.16 0.538864
24 0.694706 0.16 0.534706
59 0.697463 0.16 0.537463
12 0.8 0.016 0.784
20 0.8 0.016 0.784
27 0.8 0.016 0.784
12 0.784 0.16 0.624
20 0.784 0.16 0.624
27 0.784 0.16 0.624
2 0.8 0.16 0.64
2 0.788202 0.016 0.772202
2 0.772202 0.16 0.612202
25 0.8 0.16 0.64
25 0.712077 0.016 0.696077
36 0.8 0.016 0.784
25 0.696077 0.16 0.536077
36 0.784 0.16 0.624
37 0.8 0.016 0.784
37 0.784 0.16 0.624
34 0.8 0.016 0.784
47 0.8 0.016 0.784
47 0.784 0.16 0.624
34 0.784 0.16 0.624
39 0.8 0.16 0.64
39 0.64 0.16 0.48
39 0.557211 0.016 0.541211
39 0.541211 0.16 0.381211
8 0.8 0.016 0.784
42 0.8 0.016 0.784
8 0.784 0.16 0.624
42 0.784 0.16 0.624
1 0.8 0.016 0.784
7 0.8 0.016 0.784
7 0.784 0.16 0.624
1 0.784 0.16 0.624
26 0.8 0.016 0.784
41 0.8 0.016 0.784
26 0.784 0.16 0.624
41 0.784 0.16 0.624
32 0.8 0.16 0.64
32 0.64 0.16 0.48
32 0.555999 0.016 0.539999
32 0.539999 0.16 0.379999
5 0.8 0.16 0.64
5 0.717996 0.016 0.701996
5 0.701996 0.16 0.541996
17 0.8 0.016 0.784
17 0.784 0.16 0.624
15 0.8 0.16 0.64
23 0.8 0.16 0.64
15 0.713055 0.016 0.697055
23 0.717816 0.016 0.701816
15 0.697055 0.16 0.537055
23 0.701816 0.16 0.541816
14 0.8 0.016 0.784
40 0.8 0.016 0.784
57 0.8 0.016 0.784
57 0.784 0.16 0.624
14 0.784 0.16 0.624
40 0.784 0.16 0.624
22 0.8 0.16 0.64
60 0.8 0.16 0.64
22 0.64 0.16 0.48
60 0.64 0.16 0.48
22 0.48 0.16 0.32
60 0.48 0.16 0.32
22 0.391318 0.016 0.375318
60 0.394352 0.016 0.378352
22 0.375318 0.16 0.215318
60 0.378352 0.16 0.218352
44 0.8 0.16 0.64
44 0.718866 0.016 0.702866
44 0.702866 0.16 0.542866
54 0.8 0.16 0.64
54 0.710243 0.016 0.694243
54 0.694243 0.16 0.534243
38 0.8 0.16 0.64
29 0.8 0.016 0.784
38 0.71909 0.016 0.70309
38 0.70309 0.16 0.54309
29 0.784 0.16 0.624
43 0.8 0.16 0.64
18 0.8 0.16 0.64
43 0.64 0.16 0.48
18 0.714704 0.016 0.698704
28 0.8 0.016 0.784
43 0.556087 0.016 0.540087
18 0.698704 0.16 0.538704
28 0.784 0.16 0.624
43 0.540087 0.16 0.380087
9 0.8 0.16 0.64
50 0.8 0.16 0.64
9 0.64 0.16 0.48
50 0.64 0.16 0.48
9 0.557294 0.016 0.541294
50 0.551008 0.016 0.535008
9 0.541294 0.16 0.381294
50 0.535008 0.16 0.375008
6 0.8 0.016 0.784
49 0.8 0.016 0.784
56 0.8 0.016 0.784
49 0.784 0.16 0.624
56 0.784 0.16 0.624
6 0.784 0.16 0.624
30 0.8 0.16 0.64
33 0.8 0.16 0.64
48 0.8 0.16 0.64
30 0.716986 0.016 0.700986
33 0.713154 0.016 0.697154
48 0.713746 0.016 0.697746
33 0.697154 0.16 0.537154
48 0.697746 0.16 0.537746
30 0.700986 0.16 0.540986
11 0.8 0.16 0.64
10 0.8 0.16 0.64
11 0.64 0.16 0.48
10 0.64 0.16 0.48
11 0.48 0.16 0.32
10 0.553002 0.016 0.537002
11 0.393744 0.016 0.377744
11 0.377744 0.16 0.217744
10 0.537002 0.16 0.377002
46 0.8 0.016 0.784
46 0.784 0.16 0.624
31 0.8 0.016 0.784
31 0.784 0.16 0.624
16 0.8 0.016 0.784
16 0.784 0.16 0.624
52 0.8 0.016 0.784
53 0.8 0.016 0.784
52 0.784 0.16 0.624
53 0.784 0.16 0.624
45 0.8 0.16 0.64
45 0.716437 0.016 0.700437
45 0.700437 0.16 0.540437
