16 100 1.04349
26 101 1.05852
20 102 1.07616
39 103 1.08272
17 104 1.09768
27 105 1.10546
22 106 1.28072
24 107 1.36809
30 108 1.37136
14 109 1.38649
11 110 1.39405
40 111 1.41544
7 112 1.42643
2 113 1.42728
50 114 1.44935
31 115 1.45345
48 116 1.45427
4 117 1.54185
9 118 1.54394
6 119 1.57588
12 120 1.61336
5 121 1.61774
47 122 1.66465
8 123 1.66565
44 124 1.78993
10 125 1.80518
36 126 1.81859
28 127 1.81935
46 128 1.82219
3 129 1.91541
25 130 1.93094
34 131 1.96271
37 132 2.40203
21 133 2.44347
15 134 2.4661
38 135 2.46977
33 136 2.50551
29 137 2.53838
41 138 2.5895
43 139 2.75145
1 140 2.79403
13 141 2.79464
32 142 2.80385
18 143 2.80829
45 144 2.85429
42 145 2.86187
23 146 2.88258
49 147 2.89274
35 148 2.95096
19 149 2.95981
