24 280
56 281
9 282
67 283
31 284
12 285
74 286
40 287
39 288
53 289
42 290
50 291
38 292
43 293
2 294
26 295
36 296
4 297
58 298
11 299
66 300
8 301
60 302
77 303
65 304
1 305
27 306
68 307
55 308
6 309
25 310
16 311
51 312
62 313
54 314
46 315
61 316
32 317
37 318
21 319
29 320
30 321
10 322
18 323
44 324
20 325
35 326
22 327
17 328
45 329
23 330
59 331
71 332
41 333
15 334
80 335
75 336
7 337
14 338
34 339
49 340
57 341
52 342
76 343
78 344
13 345
47 346
69 347
64 348
79 349
3 350
33 351
70 352
28 353
73 354
5 355
19 356
48 357
63 358
72 359
