70 360
69 361
76 362
56 363
39 364
72 365
50 366
20 367
88 368
89 369
61 370
10 371
87 372
60 373
29 374
17 375
23 376
73 377
81 378
5 379
86 380
38 381
51 382
59 383
30 384
58 385
25 386
22 387
74 388
77 389
18 390
13 391
40 392
54 393
33 394
53 395
34 396
46 397
85 398
27 399
42 400
31 401
6 402
62 403
75 404
78 405
82 406
1 407
26 408
52 409
8 410
49 411
24 412
2 413
7 414
11 415
64 416
67 417
83 418
80 419
43 420
71 421
32 422
84 423
65 424
35 425
63 426
47 427
90 428
36 429
68 430
41 431
21 432
28 433
16 434
48 435
57 436
55 437
15 438
44 439
45 440
79 441
19 442
4 443
9 444
3 445
12 446
14 447
66 448
37 449
