70 360 1.01785
69 361 1.05605
76 362 1.06446
56 363 1.0919
39 364 1.16963
72 365 1.18678
50 366 1.19113
20 367 1.20125
88 368 1.22845
89 369 1.23653
61 370 1.24471
10 371 1.28942
87 372 1.30345
60 373 1.31492
29 374 1.31921
17 375 1.33118
23 376 1.35345
73 377 1.40558
81 378 1.41557
5 379 1.41857
86 380 1.42008
38 381 1.49144
51 382 1.51898
59 383 1.52171
30 384 1.5324
58 385 1.53513
25 386 1.54328
22 387 1.56717
74 388 1.57
77 389 1.59978
18 390 1.61707
13 391 1.62235
40 392 1.63856
54 393 1.68799
33 394 1.70942
53 395 1.715
34 396 1.72995
46 397 1.7309
85 398 1.73206
27 399 1.77231
42 400 1.78199
31 401 1.81993
6 402 1.83606
62 403 1.87069
75 404 1.87888
78 405 1.89607
82 406 1.89826
1 407 1.90321
26 408 1.91312
52 409 1.97201
8 410 1.97565
49 411 2.00193
24 412 2.07193
2 413 2.12957
7 414 2.13648
11 415 2.13926
64 416 2.15696
67 417 2.17467
83 418 2.20806
80 419 2.29345
43 420 2.3101
71 421 2.31682
32 422 2.31897
84 423 2.3433
65 424 2.34676
35 425 2.36646
63 426 2.37122
47 427 2.45995
90 428 2.47
36 429 2.53169
68 430 2.59472
41 431 2.60811
21 432 2.61288
28 433 2.64247
16 434 2.64702
48 435 2.65682
57 436 2.69547
55 437 2.74405
15 438 2.75007
44 439 2.79141
45 440 2.79526
79 441 2.81306
19 442 2.84651
4 443 2.89722
9 444 2.89787
3 445 2.95909
12 446 2.96026
14 447 2.96296
66 448 2.985
37 449 2.99455
