30 60 1.01287
22 61 1.20587
12 62 1.3497
16 63 1.35515
35 64 1.38697
27 65 1.45477
39 66 1.46056
25 67 1.49433
9 68 1.53296
23 69 1.62044
19 70 1.67834
1 71 1.69343
26 72 1.72169
28 73 1.73378
6 74 1.78746
14 75 1.83603
24 76 1.88753
18 77 1.91924
15 78 1.947
32 79 1.94829
40 80 2.02138
10 81 2.1278
38 82 2.1323
8 83 2.17974
37 84 2.21848
20 85 2.22352
29 86 2.32068
2 87 2.35785
33 88 2.38068
7 89 2.52824
17 90 2.53347
5 91 2.53571
31 92 2.55005
3 93 2.56287
13 94 2.63048
21 95 2.80185
11 96 2.83665
36 97 2.87979
4 98 2.88924
34 99 2.95305
