21 3325 0 100 56200676 1.41671 1.41671
50 3311 0 100 154249712 1.41671 1.41671
5 3314 0 100 154303360 1.41671 1.41671
39 3327 0 100 121544462 1.51671 1.51671
23 3322 0 100 154262424 1.51671 1.51671
49 3342 0 100 154253424 1.91671 1.91671
20 3332 0 100 121557458 2.21671 2.21671
7 3333 0 100 88868336 2.71671 2.71671
32 3354 0 100 88868460 2.71671 2.71671
24 3357 0 100 56203496 2.81671 2.81671
1 3363 0 100 121568240 3.11671 3.11671
11 3339 0 100 121543100 3.21671 3.21671
10 3378 0 100 154260336 3.21671 3.21671
6 3345 0 100 154277200 3.21671 3.21671
12 3319 0 100 88874680 3.41671 3.41671
14 3315 0 100 121539446 3.41671 3.41671
48 3343 0 100 121541624 3.41671 3.41671
40 3337 0 100 121533998 3.51671 3.51671
33 3323 0 100 121545812 3.51671 3.51671
3 3377 0 100 121570076 3.81671 3.81671
38 3324 0 100 154249152 3.81671 3.81671
4 3348 0 100 154277400 3.81671 3.81671
37 3355 0 100 154285128 4.11671 4.11671
30 3360 0 100 56196290 4.31671 4.31671
17 3338 0 100 154302328 4.31671 4.31671
29 3379 0 100 121564022 4.41671 4.41671
22 3372 0 100 154273144 4.51671 4.51671
25 3368 0 100 154290824 4.61671 4.61671
16 3317 0 100 154287216 4.81671 4.81671
47 3374 0 100 121534388 5.01671 5.01671
28 3316 0 100 121556936 5.31671 5.31671
42 3312 0 100 56201806 5.41671 5.41671
31 3350 0 100 121545530 5.41671 5.41671
27 3358 0 100 56207770 5.61671 5.61671
26 3351 0 100 154270440 5.71671 5.71671
2 3341 0 100 121539836 5.91671 5.91671
44 3370 0 100 88859488 6.01671 6.01671
18 3330 0 100 121527542 6.01671 6.01671
13 3328 0 100 154287664 6.01671 6.01671
19 3329 0 100 56203076 6.21671 6.21671
8 3362 0 100 121558130 6.21671 6.21671
34 3320 0 100 121565750 6.21671 6.21671
36 3335 0 100 88853936 6.71671 6.71671
35 3353 0 100 121551452 6.91671 6.91671
41 3376 0 100 121556912 6.91671 6.91671
45 3347 0 100 121560968 6.91671 6.91671
46 3366 0 100 121543028 7.01671 7.01671
43 3349 0 100 154287312 7.11671 7.11671
15 3369 0 100 88854584 7.21671 7.21671
9 3365 0 100 154286120 7.61671 7.61671
