16 3963 0 100 88849008 1.64833 1.64833
52 3968 0 100 154263808 1.94833 1.94833
79 3940 0 100 88864848 2.04833 2.04833
36 3956 0 100 121560416 2.24833 2.24833
22 3944 0 100 121574912 2.24833 2.24833
61 3973 0 100 88861048 2.54833 2.54833
60 3965 0 100 88868004 2.54833 2.54833
24 4013 0 100 88874016 2.64833 2.64833
20 3983 0 100 154293088 2.64833 2.64833
25 3985 0 100 88857460 2.74833 2.74833
31 3982 0 100 154266088 2.74833 2.74833
71 3995 0 100 154300648 2.74833 2.74833
34 3992 0 100 88855396 2.84833 2.84833
54 4026 0 100 121529054 2.94833 2.94833
37 3989 0 100 154273440 2.94833 2.94833
19 3946 0 100 154305152 2.94833 2.94833
53 3972 0 100 88870028 3.04833 3.04833
26 3997 0 100 88874052 3.04833 3.04833
40 3974 0 100 154265792 3.14833 3.14833
58 4028 0 100 121570340 3.24833 3.24833
65 4025 0 100 121537688 3.34833 3.34833
7 4024 0 100 121553960 3.34833 3.34833
18 3958 0 100 154254976 3.44833 3.44833
9 3967 0 100 56201806 3.54833 3.54833
68 4011 0 100 88856292 3.54833 3.54833
72 4027 0 100 88864352 3.54833 3.54833
44 4009 0 100 121539842 3.64833 3.64833
32 3986 0 100 121545302 3.64833 3.64833
6 3942 0 100 56207900 3.84833 3.84833
8 3947 0 100 121543034 3.84833 3.84833
21 4034 0 100 154254160 3.84833 3.84833
73 3964 0 100 121565210 3.94833 3.94833
35 3977 0 100 154281024 3.94833 3.94833
67 4014 0 100 121569554 4.14833 4.14833
74 4000 0 100 121562036 4.24833 4.24833
80 3959 0 100 121568420 4.24833 4.24833
42 4020 0 100 154250720 4.24833 4.24833
66 4001 0 100 154257016 4.24833 4.24833
28 4004 0 100 154301448 4.24833 4.24833
1 3981 0 100 154253472 4.34833 4.34833
14 4036 0 100 154276216 4.34833 4.34833
43 3979 0 100 88850708 4.44833 4.44833
29 3996 0 100 88858632 4.44833 4.44833
3 4030 0 100 154263328 4.44833 4.44833
50 3991 0 100 154267536 4.44833 4.44833
51 3971 0 100 154296896 4.44833 4.44833
78 3987 0 100 121556702 4.54833 4.54833
63 4008 0 100 154254440 4.54833 4.54833
23 3966 0 100 154286176 4.54833 4.54833
15 4032 0 100 88857440 4.64833 4.64833
13 4022 0 100 88866900 4.64833 4.64833
55 4021 0 100 154242832 4.64833 4.64833
33 3950 0 100 154248616 4.94833 4.94833
27 4016 0 100 154302328 4.94833 4.94833
45 4003 0 100 121554728 5.44833 5.44833
64 3988 0 100 154244976 5.44833 5.44833
76 3962 0 100 154269928 5.44833 5.44833
56 3951 0 100 88866532 5.54833 5.54833
57 3980 0 100 154255520 5.64833 5.64833
10 3941 0 100 154283848 5.64833 5.64833
48 4017 0 100 154279776 5.84833 5.84833
39 3948 0 100 121539002 5.94833 5.94833
62 3955 0 100 121553690 5.94833 5.94833
12 3954 0 100 121564580 5.94833 5.94833
59 3975 0 100 88872496 6.04833 6.04833
77 3960 0 100 88864844 6.14833 6.14833
17 4035 0 100 88866904 6.24833 6.24833
4 4005 0 100 154279768 6.24833 6.24833
2 4033 0 100 121569188 6.34833 6.34833
47 3998 0 100 121548998 6.54833 6.54833
70 4010 0 100 154281704 6.54833 6.54833
69 3994 0 100 154285800 6.54833 6.54833
30 4012 0 100 88858800 6.64833 6.64833
41 3970 0 100 121530956 6.64833 6.64833
75 4038 0 100 121567208 6.94833 6.94833
5 4018 0 100 121546958 7.14833 7.14833
46 4006 0 100 88866064 7.44833 7.44833
38 4039 0 100 154304352 7.44833 7.44833
49 4029 0 100 154301992 7.64833 7.64833
