50 3311 1.02156
42 3312 1.08779
5 3314 1.12166
14 3315 1.13359
28 3316 1.17358
16 3317 1.21305
12 3319 1.26711
34 3320 1.27432
23 3322 1.33158
33 3323 1.33636
38 3324 1.38211
21 3325 1.41071
39 3327 1.45093
13 3328 1.46356
19 3329 1.4724
18 3330 1.51377
20 3332 1.53756
7 3333 1.58507
36 3335 1.66938
40 3337 1.74545
17 3338 1.75297
11 3339 1.76122
2 3341 1.85926
49 3342 1.87379
48 3343 1.88959
6 3345 2.00273
45 3347 2.03577
4 3348 2.04048
43 3349 2.06434
31 3350 2.07946
26 3351 2.10618
35 3353 2.15079
32 3354 2.16162
37 3355 2.20161
24 3357 2.23155
27 3358 2.27359
30 3360 2.35786
8 3362 2.4236
1 3363 2.43482
9 3365 2.52104
46 3366 2.58209
25 3368 2.64801
15 3369 2.66787
44 3370 2.67543
22 3372 2.79097
47 3374 2.85916
41 3376 2.92585
3 3377 2.92683
10 3378 2.98398
29 3379 2.9975
