57 3720 1.00787
42 3721 1.02716
43 3722 1.04858
40 3723 1.07142
18 3724 1.07365
14 3726 1.1075
44 3727 1.11018
48 3728 1.12081
23 3729 1.15071
34 3731 1.21364
62 3732 1.21951
22 3733 1.22526
50 3734 1.23096
55 3735 1.25135
10 3736 1.26718
20 3737 1.27404
16 3738 1.27968
32 3740 1.29881
8 3741 1.30413
21 3742 1.31417
11 3743 1.31889
33 3744 1.3356
17 3747 1.49965
60 3748 1.57015
46 3750 1.59005
7 3751 1.60254
52 3752 1.62655
24 3753 1.63414
37 3754 1.64179
54 3755 1.66411
67 3757 1.70251
2 3758 1.71781
64 3759 1.77058
9 3761 1.79351
4 3763 1.92064
19 3764 1.93545
39 3765 1.95488
63 3767 2.00151
56 3768 2.01776
1 3769 2.04701
15 3770 2.05095
45 3771 2.06023
36 3773 2.11875
35 3774 2.13452
25 3775 2.18369
27 3777 2.21343
47 3778 2.23369
12 3779 2.24537
58 3780 2.2455
59 3781 2.28653
5 3783 2.37331
6 3786 2.50344
53 3787 2.52263
28 3788 2.53732
41 3789 2.58166
3 3791 2.59764
31 3792 2.60003
49 3793 2.6726
61 3795 2.68755
51 3796 2.71327
68 3797 2.72706
65 3798 2.75924
69 3800 2.85809
29 3801 2.88549
38 3803 2.90097
70 3804 2.91842
26 3805 2.92286
13 3806 2.95195
66 3807 2.95705
30 3808 2.97469
