79 3940 1.00881
10 3941 1.02661
6 3942 1.03126
22 3944 1.12746
19 3946 1.21983
8 3947 1.23997
39 3948 1.24438
33 3950 1.27198
56 3951 1.3412
11 3953 1.3648
12 3954 1.37222
62 3955 1.37232
36 3956 1.43905
18 3958 1.47298
80 3959 1.50512
77 3960 1.54003
76 3962 1.5543
16 3963 1.57352
73 3964 1.58263
60 3965 1.58286
23 3966 1.60886
9 3967 1.62129
52 3968 1.63318
41 3970 1.65008
51 3971 1.66337
53 3972 1.66804
61 3973 1.67338
40 3974 1.70907
59 3975 1.73786
35 3977 1.82892
43 3979 1.86248
57 3980 1.88468
1 3981 1.88732
31 3982 1.89582
20 3983 1.94244
25 3985 1.96205
32 3986 1.98321
78 3987 1.98681
64 3988 1.99089
37 3989 2.00979
50 3991 2.05609
34 3992 2.09304
69 3994 2.14959
71 3995 2.16766
29 3996 2.19388
26 3997 2.2156
47 3998 2.23668
74 4000 2.28479
66 4001 2.34308
45 4003 2.3619
28 4004 2.39228
4 4005 2.41897
46 4006 2.44222
63 4008 2.45426
44 4009 2.46848
70 4010 2.47718
68 4011 2.48745
30 4012 2.51646
24 4013 2.52695
67 4014 2.54415
27 4016 2.56504
48 4017 2.58357
5 4018 2.61785
42 4020 2.67891
55 4021 2.70714
13 4022 2.7166
7 4024 2.75191
65 4025 2.75557
54 4026 2.78502
72 4027 2.79933
58 4028 2.80109
49 4029 2.8145
3 4030 2.83596
15 4032 2.85111
2 4033 2.85511
21 4034 2.89183
17 4035 2.90562
14 4036 2.93766
75 4038 2.97863
38 4039 2.98801
