0 4400
0 4401
0 4402
0 4403
0 4404
0 4405
0 4406
0 4407
0 4408
0 4409
0 4414
0 4422
14 4412
0 4432
0 4437
67 4434
0 4443
0 4446
0 4449
0 4454
0 4461
88 4459
0 4465
0 4471
57 4466
96 4469
0 4477
27 4430
0 4484
13 4428
0 4491
33 4439
0 4496
37 4495
0 4500
31 4442
30 4426
76 4494
26 4448
64 4460
0 4504
35 4485
0 4515
84 4498
56 4423
0 4519
0 4527
16 4514
0 4530
39 4521
99 4478
61 4497
0 4531
1 4492
0 4532
95 4529
73 4416
65 4435
1 4492
0 4533
92 4413
44 4447
48 4440
0 4534
72 4525
29 4429
77 4490
58 4510
0 4535
63 4512
0 4536
50 4445
38 4480
0 4537
68 4452
98 4420
41 4511
0 4538
21 4472
0 4539
59 4528
83 4424
75 4508
0 4540
0 4541
7 4516
54 4421
0 4542
60 4474
11 4501
0 4543
24 4438
74 4473
28 4425
0 4544
0 4545
93 4483
91 4410
4 4431
46 4524
0 4546
8 4506
0 4547
0 4548
40 4463
0 4549
45 4462
0 4550
0 4551
66 4427
0 4552
66 4427
0 4553
53 4455
87 4441
0 4554
10 4503
32 4411
62 4444
0 4555
15 4520
12 4523
0 4556
9 4453
5 4415
52 4433
0 4557
79 4475
0 4558
6 4476
0 4559
17 4419
47 4417
22 4418
0 4560
42 4451
0 4561
71 4486
82 4436
36 4456
0 4562
97 4509
89 4457
0 4563
34 4458
55 4522
25 4499
51 4464
0 4564
78 4513
0 4565
0 4566
86 4468
81 4450
0 4567
0 4568
2 4467
19 4482
85 4489
0 4569
69 4481
0 4570
23 4470
70 4493
0 4571
3 4488
80 4505
94 4487
0 4572
49 4479
0 4573
18 4517
20 4502
0 4574
90 4507
0 4575
0 4576
0 4577
43 4526
100 4518
0 4578
0 4579
0 4580
0 4581
0 4582
0 4583
0 4584
0 4585
0 4586
0 4587
0 4588
0 4589
0 4590
0 4591
0 4592
0 4593
0 4594
0 4595
0 4596
0 4597
0 4598
0 4599
0 4600
0 4601
0 4602
0 4603
0 4604
0 4605
0 4606
0 4607
0 4608
0 4609
0 4610
0 4611
0 4612
0 4613
0 4614
0 4615
0 4616
0 4617
0 4618
0 4619
0 4620
0 4621
0 4622
0 4623
0 4624
0 4625
0 4626
0 4627
0 4628
0 4629
0 4630
0 4631
0 4632
0 4633
0 4634
0 4635
0 4636
0 4637
0 4638
0 4639
0 4640
0 4641
0 4642
0 4643
0 4644
0 4645
0 4646
0 4647
0 4648
0 4649
