50 4171 1.01075
42 4172 1.0147
52 4173 1.02053
40 4174 1.07201
21 4176 1.1072
51 4177 1.11383
19 4178 1.11749
38 4179 1.15081
43 4181 1.22028
88 4182 1.24004
32 4184 1.31577
44 4185 1.31688
74 4186 1.35326
49 4187 1.38684
13 4188 1.39396
47 4190 1.46774
20 4191 1.47305
67 4192 1.4751
46 4194 1.55164
18 4195 1.55545
7 4197 1.61496
26 4198 1.62503
54 4199 1.64438
28 4200 1.64797
85 4201 1.66133
22 4203 1.73368
37 4204 1.77616
25 4205 1.78874
56 4207 1.80674
79 4208 1.81711
68 4210 1.90586
86 4211 1.93455
39 4212 1.94571
10 4213 1.97928
90 4215 2.02406
81 4216 2.04352
63 4217 2.0673
87 4218 2.07325
14 4220 2.14915
71 4221 2.16143
62 4222 2.19477
75 4223 2.19532
61 4225 2.22616
84 4226 2.23427
9 4227 2.24802
6 4228 2.27764
78 4229 2.28817
4 4230 2.29192
53 4231 2.29461
89 4233 2.31116
70 4234 2.31868
36 4235 2.34683
23 4236 2.36812
41 4238 2.40799
64 4239 2.44307
60 4240 2.49386
59 4242 2.53321
29 4243 2.54469
24 4244 2.54541
15 4245 2.56054
27 4246 2.56714
8 4247 2.56929
12 4248 2.57812
16 4249 2.58327
2 4250 2.59064
76 4252 2.68644
17 4253 2.68983
65 4254 2.69136
3 4255 2.70065
73 4257 2.70693
1 4258 2.73062
5 4259 2.73146
66 4260 2.74076
72 4261 2.74786
57 4262 2.75034
80 4263 2.75781
55 4264 2.7644
58 4265 2.77423
35 4266 2.77629
31 4267 2.78568
48 4268 2.79742
69 4270 2.82432
77 4271 2.84095
11 4272 2.84222
45 4273 2.84699
30 4274 2.87424
34 4275 2.89824
33 4277 2.93586
82 4278 2.96869
83 4279 2.99273
