22 0.8 0.016 0.784
22 0.784 0.16 0.624
2 0.8 0.16 0.64
31 0.8 0.16 0.64
2 0.717845 0.016 0.701845
31 0.71307 0.016 0.69707
31 0.69707 0.16 0.53707
2 0.701845 0.16 0.541845
2 0.541845 0.16 0.381845
21 0.8 0.016 0.784
21 0.784 0.16 0.624
4 0.8 0.016 0.784
18 0.8 0.016 0.784
4 0.784 0.16 0.624
18 0.784 0.16 0.624
18 0.624 0.16 0.464
14 0.8 0.016 0.784
14 0.784 0.16 0.624
12 0.8 0.016 0.784
12 0.784 0.16 0.624
23 0.8 0.016 0.784
46 0.8 0.016 0.784
60 0.8 0.016 0.784
60 0.784 0.16 0.624
46 0.784 0.16 0.624
46 0.624 0.16 0.464
23 0.784 0.16 0.624
23 0.624 0.16 0.464
25 0.8 0.16 0.64
25 0.719397 0.016 0.703397
25 0.703397 0.16 0.543397
11 0.8 0.16 0.64
11 0.716346 0.016 0.700346
11 0.700346 0.16 0.540346
50 0.8 0.16 0.64
50 0.719863 0.016 0.703863
50 0.703863 0.16 0.543863
56 0.8 0.16 0.64
56 0.712622 0.016 0.696622
56 0.696622 0.16 0.536622
8 0.8 0.16 0.64
39 0.8 0.16 0.64
8 0.716312 0.016 0.700312
39 0.713756 0.016 0.697756
53 0.8 0.016 0.784
55 0.8 0.016 0.784
39 0.697756 0.16 0.537756
53 0.784 0.16 0.624
8 0.700312 0.16 0.540312
55 0.784 0.16 0.624
26 0.8 0.16 0.64
55 0.624 0.16 0.464
26 0.64 0.16 0.48
55 0.464 0.16 0.304
55 0.304 0.16 0.144
26 0.48 0.16 0.32
26 0.390281 0.016 0.374281
26 0.374281 0.16 0.214281
15 0.8 0.16 0.64
15 0.717671 0.016 0.701671
15 0.701671 0.16 0.541671
57 0.8 0.16 0.64
57 0.714239 0.016 0.698239
57 0.698239 0.16 0.538239
6 0.8 0.016 0.784
6 0.784 0.16 0.624
20 0.8 0.016 0.784
20 0.784 0.16 0.624
30 0.8 0.16 0.64
51 0.8 0.16 0.64
30 0.717464 0.016 0.701464
51 0.711339 0.016 0.695339
30 0.701464 0.16 0.541464
51 0.695339 0.16 0.535339
51 0.535339 0.16 0.375339
34 0.8 0.16 0.64
45 0.8 0.16 0.64
34 0.710937 0.016 0.694937
34 0.694937 0.16 0.534937
45 0.711643 0.16 0.551643
45 0.624003 0.016 0.608003
45 0.608003 0.16 0.448003
37 0.8 0.016 0.784
37 0.784 0.16 0.624
29 0.8 0.16 0.64
44 0.8 0.16 0.64
29 0.710793 0.016 0.694793
44 0.713158 0.016 0.697158
49 0.8 0.016 0.784
29 0.694793 0.16 0.534793
44 0.697158 0.16 0.537158
49 0.784 0.16 0.624
49 0.624 0.16 0.464
49 0.464 0.16 0.304
47 0.8 0.016 0.784
47 0.784 0.16 0.624
5 0.8 0.016 0.784
48 0.8 0.016 0.784
5 0.784 0.16 0.624
48 0.784 0.16 0.624
10 0.8 0.016 0.784
54 0.8 0.016 0.784
10 0.784 0.16 0.624
54 0.784 0.16 0.624
19 0.8 0.16 0.64
19 0.64 0.16 0.48
19 0.554693 0.016 0.538693
19 0.538693 0.16 0.378693
9 0.8 0.16 0.64
9 0.716936 0.016 0.700936
36 0.8 0.016 0.784
9 0.700936 0.16 0.540936
36 0.784 0.16 0.624
33 0.8 0.16 0.64
7 0.8 0.16 0.64
33 0.64 0.16 0.48
38 0.8 0.16 0.64
7 0.712636 0.016 0.696636
33 0.550937 0.016 0.534937
38 0.710438 0.016 0.694438
33 0.534937 0.16 0.374937
38 0.694438 0.16 0.534438
7 0.696636 0.16 0.536636
41 0.8 0.16 0.64
7 0.536636 0.16 0.376636
41 0.64 0.16 0.48
7 0.376636 0.16 0.216636
24 0.8 0.16 0.64
41 0.48 0.16 0.32
24 0.716226 0.016 0.700226
41 0.393717 0.016 0.377717
41 0.377717 0.16 0.217717
24 0.700226 0.16 0.540226
58 0.8 0.16 0.64
28 0.8 0.16 0.64
58 0.64 0.16 0.48
28 0.719157 0.016 0.703157
58 0.551708 0.016 0.535708
58 0.535708 0.16 0.375708
28 0.703157 0.16 0.543157
28 0.543157 0.16 0.383157
13 0.8 0.016 0.784
43 0.8 0.016 0.784
13 0.784 0.16 0.624
43 0.784 0.16 0.624
43 0.624 0.16 0.464
1 0.8 0.016 0.784
40 0.8 0.016 0.784
40 0.784 0.16 0.624
1 0.784 0.16 0.624
1 0.624 0.16 0.464
32 0.8 0.016 0.784
32 0.784 0.16 0.624
3 0.8 0.16 0.64
35 0.8 0.16 0.64
52 0.8 0.16 0.64
3 0.718491 0.016 0.702491
35 0.719711 0.016 0.703711
52 0.714513 0.016 0.698513
35 0.703711 0.16 0.543711
52 0.698513 0.16 0.538513
3 0.702491 0.16 0.542491
3 0.542491 0.16 0.382491
3 0.382491 0.16 0.222491
27 0.8 0.016 0.784
59 0.8 0.016 0.784
27 0.784 0.16 0.624
42 0.8 0.16 0.64
59 0.784 0.16 0.624
59 0.624 0.16 0.464
42 0.64 0.16 0.48
42 0.551174 0.016 0.535174
42 0.535174 0.16 0.375174
16 0.8 0.016 0.784
16 0.784 0.16 0.624
17 0.8 0.16 0.64
17 0.712119 0.016 0.696119
17 0.696119 0.16 0.536119
