5 0.8 0.016 0.784
5 0.784 0.16 0.624
34 0.8 0.016 0.784
34 0.784 0.16 0.624
12 0.8 0.016 0.784
12 0.784 0.16 0.624
21 0.8 0.16 0.64
21 0.713407 0.016 0.697407
24 0.8 0.016 0.784
21 0.697407 0.16 0.537407
24 0.784 0.16 0.624
24 0.624 0.16 0.464
25 0.8 0.016 0.784
25 0.784 0.16 0.624
4 0.8 0.16 0.64
4 0.71872 0.016 0.70272
4 0.70272 0.16 0.54272
38 0.8 0.016 0.784
38 0.784 0.16 0.624
8 0.8 0.016 0.784
8 0.784 0.16 0.624
23 0.8 0.016 0.784
23 0.784 0.16 0.624
30 0.8 0.16 0.64
30 0.71808 0.016 0.70208
30 0.70208 0.16 0.54208
3 0.8 0.016 0.784
35 0.8 0.016 0.784
35 0.784 0.16 0.624
3 0.784 0.16 0.624
27 0.8 0.016 0.784
27 0.784 0.16 0.624
19 0.8 0.016 0.784
19 0.784 0.16 0.624
9 0.8 0.16 0.64
14 0.8 0.16 0.64
29 0.8 0.16 0.64
9 0.714252 0.016 0.698252
14 0.715393 0.016 0.699393
29 0.716263 0.016 0.700263
29 0.700263 0.16 0.540263
9 0.698252 0.16 0.538252
14 0.699393 0.16 0.539393
14 0.539393 0.16 0.379393
9 0.538252 0.16 0.378252
11 0.8 0.16 0.64
11 0.64 0.16 0.48
11 0.550396 0.016 0.534396
11 0.534396 0.16 0.374396
10 0.8 0.16 0.64
10 0.712215 0.016 0.696215
10 0.696215 0.16 0.536215
15 0.8 0.016 0.784
15 0.784 0.16 0.624
32 0.8 0.16 0.64
39 0.8 0.16 0.64
32 0.71075 0.016 0.69475
39 0.713893 0.016 0.697893
39 0.697893 0.16 0.537893
32 0.69475 0.16 0.53475
2 0.8 0.16 0.64
2 0.64 0.16 0.48
2 0.559676 0.016 0.543676
2 0.543676 0.16 0.383676
18 0.8 0.16 0.64
40 0.8 0.16 0.64
18 0.71152 0.016 0.69552
40 0.715155 0.016 0.699155
18 0.69552 0.16 0.53552
40 0.699155 0.16 0.539155
17 0.8 0.016 0.784
17 0.784 0.16 0.624
16 0.8 0.16 0.64
26 0.8 0.16 0.64
36 0.8 0.16 0.64
16 0.710192 0.016 0.694192
26 0.714323 0.016 0.698323
36 0.718404 0.016 0.702404
36 0.702404 0.16 0.542404
16 0.694192 0.16 0.534192
26 0.698323 0.16 0.538323
26 0.538323 0.16 0.378323
16 0.534192 0.16 0.374192
16 0.374192 0.16 0.214192
7 0.8 0.016 0.784
22 0.8 0.016 0.784
22 0.784 0.16 0.624
7 0.784 0.16 0.624
28 0.8 0.16 0.64
28 0.711408 0.016 0.695408
28 0.695408 0.16 0.535408
1 0.8 0.016 0.784
1 0.784 0.16 0.624
37 0.8 0.016 0.784
37 0.784 0.16 0.624
20 0.8 0.016 0.784
20 0.784 0.16 0.624
33 0.8 0.016 0.784
33 0.784 0.16 0.624
31 0.8 0.16 0.64
31 0.711669 0.016 0.695669
31 0.695669 0.16 0.535669
13 0.8 0.016 0.784
13 0.784 0.16 0.624
6 0.8 0.16 0.64
6 0.710094 0.016 0.694094
6 0.694094 0.16 0.534094
