2 0.8 0.016 0.784
10 0.8 0.016 0.784
2 0.784 0.16 0.624
10 0.784 0.16 0.624
10 0.624 0.16 0.464
16 0.8 0.016 0.784
16 0.784 0.16 0.624
7 0.8 0.16 0.64
7 0.718028 0.016 0.702028
7 0.702028 0.16 0.542028
64 0.8 0.16 0.64
64 0.712999 0.016 0.696999
64 0.696999 0.16 0.536999
15 0.8 0.16 0.64
15 0.710777 0.016 0.694777
15 0.694777 0.16 0.534777
19 0.8 0.016 0.784
52 0.8 0.016 0.784
19 0.784 0.16 0.624
9 0.8 0.16 0.64
24 0.8 0.16 0.64
52 0.784 0.16 0.624
52 0.624 0.16 0.464
9 0.64 0.16 0.48
24 0.64 0.16 0.48
9 0.551496 0.016 0.535496
24 0.557595 0.016 0.541595
9 0.535496 0.16 0.375496
24 0.541595 0.16 0.381595
11 0.8 0.16 0.64
11 0.64 0.16 0.48
11 0.558138 0.016 0.542138
11 0.542138 0.16 0.382138
22 0.8 0.016 0.784
22 0.784 0.16 0.624
57 0.8 0.16 0.64
57 0.714015 0.016 0.698015
57 0.698015 0.16 0.538015
41 0.8 0.016 0.784
53 0.8 0.016 0.784
41 0.784 0.16 0.624
53 0.784 0.16 0.624
18 0.8 0.16 0.64
3 0.8 0.16 0.64
8 0.8 0.16 0.64
18 0.64 0.16 0.48
3 0.711437 0.016 0.695437
8 0.719109 0.016 0.703109
18 0.551752 0.016 0.535752
18 0.535752 0.16 0.375752
8 0.703109 0.16 0.543109
3 0.695437 0.16 0.535437
68 0.8 0.016 0.784
68 0.784 0.16 0.624
58 0.8 0.16 0.64
58 0.718688 0.016 0.702688
58 0.702688 0.16 0.542688
40 0.8 0.016 0.784
63 0.8 0.016 0.784
63 0.784 0.16 0.624
40 0.784 0.16 0.624
40 0.624 0.16 0.464
42 0.8 0.016 0.784
46 0.8 0.016 0.784
42 0.784 0.16 0.624
21 0.8 0.16 0.64
46 0.784 0.16 0.624
46 0.624 0.16 0.464
21 0.64 0.16 0.48
21 0.555609 0.016 0.539609
21 0.539609 0.16 0.379609
4 0.8 0.016 0.784
44 0.8 0.016 0.784
44 0.784 0.16 0.624
4 0.784 0.16 0.624
4 0.624 0.16 0.464
55 0.8 0.016 0.784
55 0.784 0.16 0.624
32 0.8 0.016 0.784
32 0.784 0.16 0.624
43 0.8 0.16 0.64
50 0.8 0.16 0.64
43 0.712413 0.016 0.696413
50 0.711206 0.016 0.695206
43 0.696413 0.16 0.536413
50 0.695206 0.16 0.535206
61 0.8 0.016 0.784
61 0.784 0.16 0.624
26 0.8 0.16 0.64
56 0.8 0.16 0.64
26 0.718917 0.016 0.702917
56 0.719858 0.016 0.703858
26 0.702917 0.16 0.542917
56 0.703858 0.16 0.543858
56 0.543858 0.16 0.383858
17 0.8 0.16 0.64
33 0.8 0.16 0.64
17 0.711763 0.016 0.695763
20 0.8 0.016 0.784
33 0.710403 0.016 0.694403
17 0.695763 0.16 0.535763
20 0.784 0.16 0.624
33 0.694403 0.16 0.534403
51 0.8 0.16 0.64
60 0.8 0.16 0.64
33 0.534403 0.16 0.374403
20 0.624 0.16 0.464
51 0.64 0.16 0.48
60 0.64 0.16 0.48
51 0.48 0.16 0.32
60 0.48 0.16 0.32
51 0.395557 0.016 0.379557
60 0.398359 0.016 0.382359
51 0.379557 0.16 0.219557
60 0.382359 0.16 0.222359
60 0.222359 0.16 0.0623589
34 0.8 0.016 0.784
34 0.784 0.16 0.624
6 0.8 0.016 0.784
13 0.8 0.016 0.784
69 0.8 0.016 0.784
13 0.784 0.16 0.624
6 0.784 0.16 0.624
59 0.8 0.16 0.64
69 0.784 0.16 0.624
6 0.624 0.16 0.464
59 0.64 0.16 0.48
69 0.624 0.16 0.464
69 0.464 0.16 0.304
59 0.48 0.16 0.32
59 0.399028 0.016 0.383028
59 0.383028 0.16 0.223028
5 0.8 0.016 0.784
14 0.8 0.016 0.784
28 0.8 0.016 0.784
36 0.8 0.016 0.784
66 0.8 0.016 0.784
28 0.784 0.16 0.624
5 0.784 0.16 0.624
14 0.784 0.16 0.624
23 0.8 0.16 0.64
36 0.784 0.16 0.624
66 0.784 0.16 0.624
14 0.624 0.16 0.464
5 0.624 0.16 0.464
36 0.624 0.16 0.464
23 0.64 0.16 0.48
66 0.624 0.16 0.464
23 0.48 0.16 0.32
66 0.464 0.16 0.304
23 0.32 0.16 0.16
66 0.304 0.16 0.144
23 0.233373 0.016 0.217373
39 0.8 0.016 0.784
66 0.214105 0.016 0.198105
66 0.198105 0.16 0.0381051
23 0.217373 0.16 0.0573729
35 0.8 0.16 0.64
39 0.784 0.16 0.624
35 0.64 0.16 0.48
39 0.624 0.16 0.464
39 0.464 0.16 0.304
35 0.48 0.16 0.32
67 0.8 0.16 0.64
35 0.393918 0.016 0.377918
67 0.713661 0.016 0.697661
35 0.377918 0.16 0.217918
67 0.697661 0.16 0.537661
67 0.537661 0.16 0.377661
48 0.8 0.016 0.784
48 0.784 0.16 0.624
25 0.8 0.016 0.784
62 0.8 0.016 0.784
70 0.8 0.016 0.784
62 0.784 0.16 0.624
25 0.784 0.16 0.624
70 0.784 0.16 0.624
25 0.624 0.16 0.464
70 0.624 0.16 0.464
66 0.344578 0.16 0.184578
31 0.8 0.16 0.64
37 0.8 0.16 0.64
49 0.8 0.16 0.64
31 0.710537 0.016 0.694537
37 0.719187 0.016 0.703187
49 0.718809 0.016 0.702809
49 0.702809 0.16 0.542809
31 0.694537 0.16 0.534537
37 0.703187 0.16 0.543187
54 0.8 0.16 0.64
37 0.543187 0.16 0.383187
31 0.534537 0.16 0.374537
54 0.64 0.16 0.48
54 0.48 0.16 0.32
54 0.390938 0.016 0.374938
54 0.374938 0.16 0.214938
27 0.8 0.016 0.784
45 0.8 0.016 0.784
45 0.784 0.16 0.624
1 0.8 0.16 0.64
27 0.784 0.16 0.624
27 0.624 0.16 0.464
1 0.64 0.16 0.48
1 0.557593 0.016 0.541593
1 0.541593 0.16 0.381593
29 0.8 0.016 0.784
47 0.8 0.016 0.784
29 0.784 0.16 0.624
47 0.784 0.16 0.624
47 0.624 0.16 0.464
12 0.8 0.016 0.784
38 0.8 0.016 0.784
12 0.784 0.16 0.624
38 0.784 0.16 0.624
38 0.624 0.16 0.464
65 0.8 0.016 0.784
65 0.784 0.16 0.624
30 0.8 0.016 0.784
30 0.784 0.16 0.624
