0 2760
0 2761
0 2762
0 2763
0 2764
0 2765
0 2766
0 2767
0 2768
0 2769
0 2770
0 2771
0 2773
0 2776
0 2777
0 2778
0 2780
0 2781
0 2783
7 2775
0 2786
0 2788
0 2789
0 2792
0 2795
0 2799
0 2800
0 2803
8 2772
0 2805
0 2807
16 2798
0 2809
0 2810
0 2811
0 2812
0 2813
0 2814
0 2815
3 2779
0 2816
2 2787
5 2782
0 2817
11 2797
12 2804
0 2818
0 2819
0 2820
13 2774
0 2821
0 2822
0 2823
15 2791
14 2806
0 2824
0 2825
9 2790
0 2826
4 2793
0 2827
0 2828
0 2829
1 2801
0 2830
0 2831
0 2832
0 2833
10 2808
0 2834
17 2796
18 2785
0 2835
0 2836
0 2837
0 2838
19 2794
0 2839
20 2802
0 2840
6 2784
0 2841
0 2842
0 2843
0 2844
0 2845
0 2846
0 2847
0 2848
0 2849
0 2850
0 2851
0 2852
0 2853
0 2854
0 2855
0 2856
0 2857
0 2858
0 2859
0 2860
0 2861
0 2862
0 2863
0 2864
0 2865
0 2866
0 2867
0 2868
0 2869
0 2870
0 2871
0 2872
0 2873
0 2874
0 2875
0 2876
0 2877
0 2878
0 2879
0 2880
0 2881
0 2882
0 2883
0 2884
0 2885
0 2886
0 2887
0 2888
0 2889
0 2890
0 2891
0 2892
0 2893
0 2894
0 2895
0 2896
0 2897
0 2898
0 2899
0 2900
0 2901
0 2902
0 2903
0 2904
0 2905
0 2906
0 2907
0 2908
0 2909
0 2910
0 2911
0 2912
0 2913
0 2914
0 2915
0 2916
0 2917
0 2918
0 2919
0 2920
0 2921
0 2922
0 2923
0 2924
0 2925
0 2926
0 2927
0 2928
0 2929
