2 3758 0 100 56201524 1.7869 1.7869
10 3736 0 100 88853076 1.7869 1.7869
16 3738 0 100 121558424 1.8869 1.8869
7 3751 0 100 154267280 1.9869 1.9869
64 3759 0 100 88867196 2.0869 2.0869
15 3770 0 100 121556486 2.1869 2.1869
19 3764 0 100 121552418 2.3869 2.3869
52 3752 0 100 154304376 2.3869 2.3869
9 3761 0 100 121530590 2.4869 2.4869
24 3753 0 100 121547012 2.4869 2.4869
11 3743 0 100 56205446 2.5869 2.5869
22 3733 0 100 154290336 2.6869 2.6869
57 3720 0 100 56201044 2.7869 2.7869
41 3789 0 100 121536956 2.8869 2.8869
53 3787 0 100 121567106 2.8869 2.8869
18 3724 0 100 121529066 2.9869 2.9869
8 3741 0 100 121531514 2.9869 2.9869
3 3791 0 100 121553348 2.9869 2.9869
68 3797 0 100 154303032 3.0869 3.0869
58 3780 0 100 121535384 3.1869 3.1869
63 3767 0 100 121543310 3.2869 3.2869
40 3723 0 100 154274968 3.2869 3.2869
42 3721 0 100 88859676 3.4869 3.4869
46 3750 0 100 121557704 3.4869 3.4869
21 3742 0 100 121546304 3.5869 3.5869
44 3727 0 100 121534754 3.7869 3.7869
4 3763 0 100 154258504 3.7869 3.7869
55 3735 0 100 88847736 3.9869 3.9869
32 3740 0 100 121563206 4.1869 4.1869
43 3722 0 100 121529366 4.2869 4.2869
50 3734 0 100 121571426 4.2869 4.2869
61 3795 0 100 154290712 4.3869 4.3869
26 3805 0 100 121562306 4.4869 4.4869
56 3768 0 100 154259504 4.4869 4.4869
17 3747 0 100 121549256 4.5869 4.5869
33 3744 0 100 154280384 4.5869 4.5869
20 3737 0 100 154282104 4.5869 4.5869
51 3796 0 100 56204650 4.6869 4.6869
60 3748 0 100 121567838 4.6869 4.6869
34 3731 0 100 121562396 4.8869 4.8869
13 3806 0 100 88870804 4.9869 4.9869
6 3786 0 100 121548212 4.9869 4.9869
69 3800 0 100 154244584 4.9869 4.9869
59 3781 0 100 121542662 5.0869 5.0869
28 3788 0 100 88852484 5.6869 5.6869
14 3726 0 100 121528580 5.6869 5.6869
5 3783 0 100 121529414 5.6869 5.6869
36 3773 0 100 121547846 5.6869 5.6869
23 3729 0 100 121534088 5.7869 5.7869
66 3807 0 116 124116226 5.7869 5.7869
39 3765 0 100 154294176 5.7869 5.7869
35 3774 0 100 88864128 5.8869 5.8869
67 3757 0 100 121561208 5.8869 5.8869
48 3728 0 100 121539368 6.0869 6.0869
62 3732 0 100 121562834 6.1869 6.1869
25 3775 0 100 154258400 6.1869 6.1869
70 3804 0 100 154265544 6.1869 6.1869
49 3793 0 100 121553840 6.2869 6.2869
37 3754 0 100 154272024 6.2869 6.2869
31 3792 0 100 154289528 6.2869 6.2869
54 3755 0 100 121564220 6.3869 6.3869
45 3771 0 100 88874764 6.6869 6.6869
27 3777 0 100 121554590 6.6869 6.6869
1 3769 0 100 88847164 6.7869 6.7869
29 3801 0 100 88858520 6.9869 6.9869
47 3778 0 100 154265680 6.9869 6.9869
12 3779 0 100 121534328 7.2869 7.2869
38 3803 0 100 154267696 7.2869 7.2869
65 3798 0 100 88854512 7.4869 7.4869
30 3808 0 100 121530782 7.9869 7.9869
