0 3930
0 3931
0 3932
0 3933
0 3934
0 3935
0 3936
0 3937
0 3938
0 3939
0 3943
0 3945
0 3949
0 3952
0 3957
0 3961
0 3969
16 3963
0 3976
0 3978
0 3984
52 3968
0 3990
79 3940
0 3993
0 3999
36 3956
22 3944
0 4002
0 4007
0 4015
61 3973
60 3965
0 4019
24 4013
20 3983
0 4023
25 3985
31 3982
71 3995
0 4031
34 3992
0 4037
54 4026
37 3989
19 3946
0 4040
53 3972
26 3997
0 4041
40 3974
0 4042
58 4028
0 4043
65 4025
7 4024
0 4044
18 3958
0 4045
9 3967
68 4011
72 4027
0 4046
44 4009
32 3986
0 4047
0 4048
6 3942
8 3947
21 4034
0 4049
73 3964
35 3977
0 4050
0 4051
67 4014
0 4052
74 4000
80 3959
42 4020
66 4001
28 4004
0 4053
1 3981
14 4036
0 4054
43 3979
29 3996
3 4030
50 3991
51 3971
0 4055
78 3987
63 4008
23 3966
0 4056
15 4032
13 4022
55 4021
0 4057
0 4058
0 4059
33 3950
27 4016
0 4060
0 4061
0 4062
0 4063
0 4064
45 4003
64 3988
76 3962
0 4065
56 3951
0 4066
57 3980
10 3941
0 4067
0 4068
48 4017
0 4069
39 3948
62 3955
12 3954
0 4070
59 3975
0 4071
77 3960
0 4072
17 4035
4 4005
0 4073
2 4033
0 4074
0 4075
47 3998
11 3953
70 4010
69 3994
0 4076
30 4012
41 3970
11 3953
0 4077
0 4078
0 4079
75 4038
0 4080
0 4081
5 4018
0 4082
0 4083
0 4084
46 4006
38 4039
0 4085
0 4086
49 4029
0 4087
0 4088
0 4089
0 4090
0 4091
0 4092
0 4093
0 4094
0 4095
0 4096
0 4097
0 4098
0 4099
0 4100
0 4101
0 4102
0 4103
0 4104
0 4105
0 4106
0 4107
0 4108
0 4109
0 4110
0 4111
0 4112
0 4113
0 4114
0 4115
0 4116
0 4117
0 4118
0 4119
0 4120
0 4121
0 4122
0 4123
0 4124
0 4125
0 4126
0 4127
0 4128
0 4129
0 4130
0 4131
0 4132
0 4133
0 4134
0 4135
0 4136
0 4137
0 4138
0 4139
0 4140
0 4141
0 4142
0 4143
0 4144
0 4145
0 4146
0 4147
0 4148
0 4149
0 4150
0 4151
0 4152
0 4153
0 4154
0 4155
0 4156
0 4157
0 4158
0 4159
