7 0.8 0.016 0.784
7 0.784 0.16 0.624
8 0.8 0.016 0.784
8 0.784 0.16 0.624
16 0.8 0.016 0.784
16 0.784 0.16 0.624
3 0.8 0.016 0.784
3 0.784 0.16 0.624
2 0.8 0.16 0.64
2 0.717341 0.016 0.701341
5 0.8 0.016 0.784
2 0.701341 0.16 0.541341
5 0.784 0.16 0.624
5 0.624 0.16 0.464
11 0.8 0.16 0.64
12 0.8 0.16 0.64
11 0.714102 0.016 0.698102
12 0.719036 0.016 0.703036
11 0.698102 0.16 0.538102
12 0.703036 0.16 0.543036
13 0.8 0.016 0.784
13 0.784 0.16 0.624
14 0.8 0.016 0.784
15 0.8 0.016 0.784
15 0.784 0.16 0.624
14 0.784 0.16 0.624
14 0.624 0.16 0.464
9 0.8 0.016 0.784
9 0.784 0.16 0.624
4 0.8 0.16 0.64
4 0.714092 0.016 0.698092
4 0.698092 0.16 0.538092
1 0.8 0.016 0.784
1 0.784 0.16 0.624
10 0.8 0.016 0.784
10 0.784 0.16 0.624
17 0.8 0.16 0.64
17 0.711224 0.016 0.695224
18 0.8 0.016 0.784
17 0.695224 0.16 0.535224
18 0.784 0.16 0.624
19 0.8 0.016 0.784
19 0.784 0.16 0.624
20 0.8 0.16 0.64
20 0.711687 0.016 0.695687
20 0.695687 0.16 0.535687
6 0.8 0.016 0.784
6 0.784 0.16 0.624
