0 4160
0 4161
0 4162
0 4163
0 4164
0 4165
0 4166
0 4167
0 4168
0 4169
0 4170
0 4175
0 4180
0 4183
0 4189
0 4193
74 4186
0 4196
0 4202
19 4178
38 4179
0 4206
0 4209
0 4214
0 4219
0 4224
0 4232
0 4237
0 4241
0 4251
44 4185
67 4192
0 4256
25 4205
86 4211
56 4207
0 4269
6 4228
10 4213
0 4276
55 4264
47 4190
30 4274
43 4181
0 4280
0 4281
58 4265
54 4199
15 4245
0 4282
9 4227
41 4238
0 4283
29 4243
0 4284
75 4223
89 4233
0 4285
0 4286
0 4287
4 4230
68 4210
80 4263
0 4288
71 4221
57 4262
34 4275
0 4289
62 4222
0 4290
0 4291
63 4217
0 4292
31 4267
79 4208
0 4293
2 4250
0 4294
14 4220
81 4216
60 4240
13 4188
2 4250
0 4295
0 4296
11 4272
50 4171
27 4246
35 4266
0 4297
77 4271
51 4177
21 4176
87 4218
0 4298
32 4184
76 4252
72 4261
7 4197
0 4299
73 4257
0 4300
33 4277
0 4301
77 4271
0 4302
7 4197
0 4303
26 4198
66 4260
17 4253
0 4304
40 4174
0 4305
64 4239
42 4172
0 4306
24 4244
53 4231
28 4200
0 4307
49 4187
52 4173
88 4182
16 4249
0 4308
39 4212
0 4309
17 4253
59 4242
0 4310
23 4236
0 4311
70 4234
22 4203
0 4312
90 4215
8 4247
39 4212
0 4313
18 4195
0 4314
36 4235
46 4194
20 4191
0 4315
5 4259
85 4201
3 4255
0 4316
78 4229
82 4278
0 4317
48 4268
37 4204
61 4225
0 4318
0 4319
0 4320
0 4321
0 4322
12 4248
0 4323
69 4270
0 4324
84 4226
83 4279
0 4325
0 4326
45 4273
0 4327
65 4254
0 4328
1 4258
0 4329
0 4330
0 4331
0 4332
0 4333
0 4334
0 4335
0 4336
0 4337
0 4338
0 4339
0 4340
0 4341
0 4342
0 4343
0 4344
0 4345
0 4346
0 4347
0 4348
0 4349
0 4350
0 4351
0 4352
0 4353
0 4354
0 4355
0 4356
0 4357
0 4358
0 4359
0 4360
0 4361
0 4362
0 4363
0 4364
0 4365
0 4366
0 4367
0 4368
0 4369
0 4370
0 4371
0 4372
0 4373
0 4374
0 4375
0 4376
0 4377
0 4378
0 4379
0 4380
0 4381
0 4382
0 4383
0 4384
0 4385
0 4386
0 4387
0 4388
0 4389
0 4390
0 4391
0 4392
0 4393
0 4394
0 4395
0 4396
0 4397
0 4398
0 4399
