16 0.8 0.016 0.784
16 0.784 0.16 0.624
52 0.8 0.016 0.784
52 0.784 0.16 0.624
79 0.8 0.16 0.64
79 0.71296 0.016 0.69696
79 0.69696 0.16 0.53696
22 0.8 0.016 0.784
36 0.8 0.016 0.784
36 0.784 0.16 0.624
22 0.784 0.16 0.624
60 0.8 0.016 0.784
61 0.8 0.016 0.784
61 0.784 0.16 0.624
60 0.784 0.16 0.624
24 0.8 0.16 0.64
24 0.64 0.16 0.48
20 0.8 0.016 0.784
24 0.550214 0.016 0.534214
24 0.534214 0.16 0.374214
20 0.784 0.16 0.624
25 0.8 0.16 0.64
20 0.624 0.16 0.464
25 0.64 0.16 0.48
31 0.8 0.16 0.64
25 0.556829 0.016 0.540829
31 0.715324 0.016 0.699324
71 0.8 0.016 0.784
25 0.540829 0.16 0.380829
31 0.699324 0.16 0.539324
34 0.8 0.16 0.64
71 0.784 0.16 0.624
31 0.539324 0.16 0.379324
71 0.624 0.16 0.464
34 0.64 0.16 0.48
34 0.48 0.16 0.32
34 0.396207 0.016 0.380207
34 0.380207 0.16 0.220207
19 0.8 0.016 0.784
37 0.8 0.016 0.784
54 0.8 0.016 0.784
54 0.784 0.16 0.624
19 0.784 0.16 0.624
26 0.8 0.16 0.64
37 0.784 0.16 0.624
53 0.8 0.16 0.64
37 0.624 0.16 0.464
19 0.624 0.16 0.464
26 0.64 0.16 0.48
53 0.64 0.16 0.48
26 0.48 0.16 0.32
53 0.48 0.16 0.32
26 0.394115 0.016 0.378115
53 0.394809 0.016 0.378809
53 0.378809 0.16 0.218809
26 0.378115 0.16 0.218115
40 0.8 0.016 0.784
40 0.784 0.16 0.624
58 0.8 0.16 0.64
58 0.71628 0.016 0.70028
58 0.70028 0.16 0.54028
7 0.8 0.16 0.64
7 0.718892 0.016 0.702892
65 0.8 0.016 0.784
65 0.784 0.16 0.624
7 0.702892 0.16 0.542892
18 0.8 0.16 0.64
18 0.64 0.16 0.48
18 0.558097 0.016 0.542097
18 0.542097 0.16 0.382097
9 0.8 0.16 0.64
68 0.8 0.16 0.64
9 0.71741 0.016 0.70141
68 0.712058 0.016 0.696058
72 0.8 0.016 0.784
9 0.70141 0.16 0.54141
68 0.696058 0.16 0.536058
72 0.784 0.16 0.624
68 0.536058 0.16 0.376058
72 0.624 0.16 0.464
32 0.8 0.16 0.64
32 0.64 0.16 0.48
44 0.8 0.16 0.64
32 0.557879 0.016 0.541879
44 0.719326 0.016 0.703326
44 0.703326 0.16 0.543326
32 0.541879 0.16 0.381879
6 0.8 0.016 0.784
8 0.8 0.016 0.784
21 0.8 0.016 0.784
6 0.784 0.16 0.624
8 0.784 0.16 0.624
21 0.784 0.16 0.624
8 0.624 0.16 0.464
21 0.624 0.16 0.464
73 0.8 0.16 0.64
21 0.464 0.16 0.304
35 0.8 0.16 0.64
73 0.64 0.16 0.48
35 0.712012 0.016 0.696012
73 0.55215 0.016 0.53615
73 0.53615 0.16 0.37615
35 0.696012 0.16 0.536012
35 0.536012 0.16 0.376012
67 0.8 0.016 0.784
67 0.784 0.16 0.624
42 0.8 0.16 0.64
74 0.8 0.16 0.64
80 0.8 0.16 0.64
28 0.8 0.016 0.784
42 0.718733 0.016 0.702733
66 0.8 0.016 0.784
74 0.711453 0.016 0.695453
80 0.710312 0.016 0.694312
74 0.695453 0.16 0.535453
80 0.694312 0.16 0.534312
28 0.784 0.16 0.624
42 0.702733 0.16 0.542733
66 0.784 0.16 0.624
42 0.542733 0.16 0.382733
66 0.624 0.16 0.464
42 0.382733 0.16 0.222733
66 0.464 0.16 0.304
28 0.624 0.16 0.464
1 0.8 0.16 0.64
14 0.8 0.16 0.64
29 0.8 0.16 0.64
43 0.8 0.16 0.64
1 0.714645 0.016 0.698645
14 0.713108 0.016 0.697108
1 0.698645 0.16 0.538645
14 0.697108 0.16 0.537108
3 0.8 0.16 0.64
29 0.716929 0.16 0.556929
43 0.718217 0.16 0.558217
50 0.8 0.16 0.64
51 0.8 0.16 0.64
3 0.64 0.16 0.48
29 0.556929 0.16 0.396929
43 0.558217 0.16 0.398217
50 0.64 0.16 0.48
51 0.64 0.16 0.48
3 0.558984 0.016 0.542984
29 0.468679 0.016 0.452679
43 0.468776 0.016 0.452776
50 0.552833 0.016 0.536833
51 0.557656 0.016 0.541656
43 0.452776 0.16 0.292776
29 0.452679 0.16 0.292679
3 0.542984 0.16 0.382984
50 0.536833 0.16 0.376833
51 0.541656 0.16 0.381656
3 0.382984 0.16 0.222984
50 0.376833 0.16 0.216833
51 0.381656 0.16 0.221656
3 0.222984 0.16 0.0629841
50 0.216833 0.16 0.0568331
51 0.221656 0.16 0.0616562
23 0.8 0.16 0.64
63 0.8 0.16 0.64
78 0.8 0.16 0.64
23 0.64 0.16 0.48
63 0.64 0.16 0.48
78 0.64 0.16 0.48
23 0.48 0.16 0.32
23 0.399273 0.016 0.383273
63 0.55152 0.016 0.53552
78 0.557815 0.016 0.541815
78 0.541815 0.16 0.381815
13 0.8 0.16 0.64
15 0.8 0.16 0.64
23 0.383273 0.16 0.223273
55 0.8 0.16 0.64
63 0.53552 0.16 0.37552
63 0.37552 0.16 0.21552
23 0.223273 0.16 0.0632731
13 0.64 0.16 0.48
15 0.64 0.16 0.48
55 0.64 0.16 0.48
13 0.48 0.16 0.32
15 0.48 0.16 0.32
13 0.391566 0.016 0.375566
15 0.399199 0.016 0.383199
55 0.555301 0.016 0.539301
15 0.383199 0.16 0.223199
13 0.375566 0.16 0.215566
55 0.539301 0.16 0.379301
55 0.379301 0.16 0.219301
55 0.219301 0.16 0.0593012
27 0.8 0.016 0.784
33 0.8 0.016 0.784
33 0.784 0.16 0.624
27 0.784 0.16 0.624
45 0.8 0.016 0.784
64 0.8 0.016 0.784
76 0.8 0.016 0.784
45 0.784 0.16 0.624
56 0.8 0.16 0.64
64 0.784 0.16 0.624
76 0.784 0.16 0.624
64 0.624 0.16 0.464
76 0.624 0.16 0.464
56 0.64 0.16 0.48
56 0.48 0.16 0.32
56 0.399722 0.016 0.383722
56 0.383722 0.16 0.223722
10 0.8 0.016 0.784
57 0.8 0.016 0.784
57 0.784 0.16 0.624
10 0.784 0.16 0.624
48 0.8 0.016 0.784
48 0.784 0.16 0.624
11 0.8 0.16 0.64
12 0.8 0.16 0.64
39 0.8 0.16 0.64
62 0.8 0.16 0.64
12 0.711676 0.016 0.695676
39 0.713565 0.016 0.697565
62 0.713155 0.016 0.697155
39 0.697565 0.16 0.537565
62 0.697155 0.16 0.537155
12 0.695676 0.16 0.535676
11 0.717335 0.16 0.557335
11 0.557335 0.16 0.397335
11 0.397335 0.16 0.237335
59 0.8 0.16 0.64
11 0.310945 0.016 0.294945
59 0.712326 0.016 0.696326
59 0.696326 0.16 0.536326
11 0.294945 0.16 0.134945
77 0.8 0.16 0.64
11 0.207848 0.016 0.191848
77 0.710156 0.016 0.694156
77 0.694156 0.16 0.534156
11 0.191848 0.16 0.0318485
17 0.8 0.16 0.64
4 0.8 0.016 0.784
17 0.710161 0.016 0.694161
17 0.694161 0.16 0.534161
4 0.784 0.16 0.624
4 0.624 0.16 0.464
2 0.8 0.16 0.64
2 0.718536 0.016 0.702536
2 0.702536 0.16 0.542536
47 0.8 0.016 0.784
69 0.8 0.016 0.784
70 0.8 0.016 0.784
47 0.784 0.16 0.624
11 0.328602 0.16 0.168602
30 0.8 0.16 0.64
41 0.8 0.16 0.64
69 0.784 0.16 0.624
70 0.784 0.16 0.624
70 0.624 0.16 0.464
69 0.624 0.16 0.464
30 0.64 0.16 0.48
41 0.64 0.16 0.48
30 0.48 0.16 0.32
41 0.48 0.16 0.32
30 0.395367 0.016 0.379367
41 0.391821 0.016 0.375821
30 0.379367 0.16 0.219367
41 0.375821 0.16 0.215821
41 0.215821 0.16 0.0558213
11 0.247079 0.16 0.0870793
75 0.8 0.016 0.784
75 0.784 0.16 0.624
5 0.8 0.016 0.784
5 0.784 0.16 0.624
38 0.8 0.016 0.784
46 0.8 0.016 0.784
46 0.784 0.16 0.624
38 0.784 0.16 0.624
38 0.624 0.16 0.464
49 0.8 0.016 0.784
49 0.784 0.16 0.624
