5 0.8 0.016 0.784
5 0.784 0.16 0.624
26 0.8 0.016 0.784
26 0.784 0.16 0.624
25 0.8 0.016 0.784
25 0.784 0.16 0.624
3 0.8 0.16 0.64
3 0.715688 0.016 0.699688
3 0.699688 0.16 0.539688
8 0.8 0.016 0.784
8 0.784 0.16 0.624
4 0.8 0.016 0.784
4 0.784 0.16 0.624
19 0.8 0.16 0.64
19 0.712611 0.016 0.696611
19 0.696611 0.16 0.536611
18 0.8 0.16 0.64
18 0.715668 0.016 0.699668
18 0.699668 0.16 0.539668
23 0.8 0.016 0.784
23 0.784 0.16 0.624
13 0.8 0.16 0.64
13 0.716574 0.016 0.700574
13 0.700574 0.16 0.540574
11 0.8 0.016 0.784
11 0.784 0.16 0.624
9 0.8 0.016 0.784
9 0.784 0.16 0.624
30 0.8 0.016 0.784
30 0.784 0.16 0.624
16 0.8 0.16 0.64
27 0.8 0.16 0.64
16 0.714019 0.016 0.698019
27 0.711964 0.016 0.695964
27 0.695964 0.16 0.535964
16 0.698019 0.16 0.538019
29 0.8 0.016 0.784
29 0.784 0.16 0.624
6 0.8 0.16 0.64
17 0.8 0.16 0.64
6 0.712442 0.016 0.696442
17 0.716408 0.016 0.700408
6 0.696442 0.16 0.536442
17 0.700408 0.16 0.540408
7 0.8 0.16 0.64
7 0.715598 0.016 0.699598
7 0.699598 0.16 0.539598
20 0.8 0.16 0.64
20 0.717075 0.016 0.701075
20 0.701075 0.16 0.541075
14 0.8 0.016 0.784
14 0.784 0.16 0.624
15 0.8 0.016 0.784
15 0.784 0.16 0.624
28 0.8 0.016 0.784
28 0.784 0.16 0.624
12 0.8 0.16 0.64
24 0.8 0.16 0.64
12 0.710528 0.016 0.694528
24 0.719982 0.016 0.703982
24 0.703982 0.16 0.543982
12 0.694528 0.16 0.534528
12 0.534528 0.16 0.374528
10 0.8 0.016 0.784
21 0.8 0.016 0.784
21 0.784 0.16 0.624
10 0.784 0.16 0.624
22 0.8 0.016 0.784
22 0.784 0.16 0.624
2 0.8 0.016 0.784
2 0.784 0.16 0.624
1 0.8 0.16 0.64
1 0.711989 0.016 0.695989
1 0.695989 0.16 0.535989
