91 4410 1.00704
32 4411 1.00854
14 4412 1.02725
92 4413 1.02742
5 4415 1.04534
73 4416 1.06168
47 4417 1.07221
22 4418 1.09683
17 4419 1.12221
98 4420 1.13253
54 4421 1.13477
56 4423 1.15775
83 4424 1.16809
28 4425 1.17167
30 4426 1.17178
66 4427 1.18713
13 4428 1.19883
29 4429 1.20571
27 4430 1.22561
4 4431 1.22833
52 4433 1.24146
67 4434 1.25391
65 4435 1.28641
82 4436 1.28641
24 4438 1.37197
33 4439 1.38964
48 4440 1.41354
87 4441 1.42689
31 4442 1.43417
62 4444 1.44697
50 4445 1.45172
44 4447 1.55123
26 4448 1.57381
81 4450 1.65249
42 4451 1.65684
68 4452 1.67778
9 4453 1.71005
53 4455 1.74173
36 4456 1.75942
89 4457 1.7627
34 4458 1.77257
88 4459 1.77399
64 4460 1.79645
45 4462 1.87568
40 4463 1.89457
51 4464 1.90437
57 4466 1.94989
2 4467 1.95349
86 4468 1.97601
96 4469 1.989
23 4470 2.02664
21 4472 2.04052
74 4473 2.04848
60 4474 2.07436
79 4475 2.09387
6 4476 2.12196
99 4478 2.15777
49 4479 2.19668
38 4480 2.19912
69 4481 2.20481
19 4482 2.21052
93 4483 2.21539
35 4485 2.27563
71 4486 2.28102
94 4487 2.29376
3 4488 2.30679
85 4489 2.30831
77 4490 2.31151
1 4492 2.35589
70 4493 2.37514
76 4494 2.38474
37 4495 2.41394
61 4497 2.5019
84 4498 2.50988
25 4499 2.53883
11 4501 2.54911
20 4502 2.57035
10 4503 2.59066
80 4505 2.63974
8 4506 2.6435
90 4507 2.65701
75 4508 2.65903
97 4509 2.66486
58 4510 2.68212
41 4511 2.69341
63 4512 2.69895
78 4513 2.70778
16 4514 2.72846
7 4516 2.7774
18 4517 2.81689
100 4518 2.82696
15 4520 2.84753
39 4521 2.85827
55 4522 2.88707
12 4523 2.89217
46 4524 2.9002
72 4525 2.91795
43 4526 2.93262
59 4528 2.99797
95 4529 2.99954
