22 3510 0 100 154264984 1.47079 1.47079
31 3524 0 100 121542272 1.57079 1.57079
2 3521 0 100 154269640 1.57079 1.57079
21 3540 0 100 121547690 1.87079 1.87079
4 3538 0 100 88855356 2.17079 2.17079
18 3531 0 100 121544936 2.17079 2.17079
14 3560 0 100 154257208 2.37079 2.37079
12 3554 0 100 154261176 2.57079 2.57079
60 3583 0 100 88855296 2.97079 2.97079
46 3559 0 100 121564778 2.97079 2.97079
23 3549 0 100 154301408 2.97079 2.97079
25 3530 0 100 154273752 3.07079 3.07079
11 3562 0 100 154298560 3.17079 3.17079
50 3565 0 100 121546292 3.27079 3.27079
56 3528 0 100 121566344 3.37079 3.37079
39 3539 0 100 121554032 3.47079 3.47079
53 3534 0 100 121562516 3.47079 3.47079
8 3529 0 100 121562534 3.47079 3.47079
55 3551 0 100 154295720 3.47079 3.47079
26 3552 0 100 154246232 3.57079 3.57079
15 3548 0 100 121554422 3.67079 3.67079
57 3518 0 100 154259488 3.77079 3.77079
6 3532 0 100 121551950 4.17079 4.17079
20 3568 0 100 154304696 4.27079 4.27079
30 3563 0 100 56197960 4.37079 4.37079
51 3522 0 100 154279656 4.37079 4.37079
34 3515 0 100 154305608 4.47079 4.47079
45 3579 0 100 88859388 4.57079 4.57079
37 3555 0 100 121547840 4.67079 4.67079
29 3572 0 100 88847596 4.77079 4.77079
44 3556 0 100 88862228 4.77079 4.77079
49 3513 0 100 154303104 4.77079 4.77079
47 3558 0 100 121568246 5.07079 5.07079
5 3587 0 100 154245016 5.37079 5.37079
48 3516 0 100 154245808 5.37079 5.37079
10 3526 0 100 154279456 5.67079 5.67079
54 3576 0 100 154287864 5.67079 5.67079
19 3571 0 100 121543820 5.77079 5.77079
9 3543 0 100 154253704 5.87079 5.87079
36 3550 0 100 154264104 5.87079 5.87079
33 3519 0 100 88867344 5.97079 5.97079
38 3566 0 100 88872512 5.97079 5.97079
7 3511 0 100 121549124 5.97079 5.97079
41 3570 0 100 88850868 6.07079 6.07079
24 3514 0 100 88873348 6.07079 6.07079
58 3582 0 100 56202304 6.17079 6.17079
28 3537 0 100 88875244 6.17079 6.17079
13 3586 0 100 121527836 6.47079 6.47079
43 3545 0 100 154263088 6.47079 6.47079
40 3577 0 100 88848356 6.67079 6.67079
1 3584 0 100 121560062 6.67079 6.67079
32 3542 0 100 154274376 6.77079 6.77079
35 3574 0 100 88869956 6.87079 6.87079
52 3535 0 100 88875008 6.87079 6.87079
3 3546 0 100 154278248 6.87079 6.87079
27 3564 0 100 88870272 7.47079 7.47079
59 3589 0 100 121571024 7.47079 7.47079
42 3573 0 100 121533284 7.57079 7.57079
16 3585 0 100 154258168 7.67079 7.67079
17 3581 0 100 121562948 7.77079 7.77079
