14 0.8 0.016 0.784
14 0.784 0.16 0.624
67 0.8 0.016 0.784
67 0.784 0.16 0.624
88 0.8 0.016 0.784
88 0.784 0.16 0.624
57 0.8 0.016 0.784
96 0.8 0.016 0.784
57 0.784 0.16 0.624
96 0.784 0.16 0.624
96 0.624 0.16 0.464
23 0.8 0.16 0.64
27 0.8 0.016 0.784
27 0.784 0.16 0.624
13 0.8 0.16 0.64
13 0.711352 0.016 0.695352
13 0.695352 0.16 0.535352
33 0.8 0.016 0.784
33 0.784 0.16 0.624
37 0.8 0.016 0.784
37 0.784 0.16 0.624
26 0.8 0.016 0.784
30 0.8 0.016 0.784
31 0.8 0.016 0.784
64 0.8 0.016 0.784
76 0.8 0.016 0.784
31 0.784 0.16 0.624
30 0.784 0.16 0.624
76 0.784 0.16 0.624
1 0.8 0.16 0.64
26 0.784 0.16 0.624
64 0.784 0.16 0.624
1 0.64 0.16 0.48
26 0.624 0.16 0.464
35 0.8 0.16 0.64
64 0.624 0.16 0.464
1 0.48 0.16 0.32
26 0.464 0.16 0.304
64 0.464 0.16 0.304
26 0.304 0.16 0.144
64 0.304 0.16 0.144
1 0.32 0.16 0.16
35 0.64 0.16 0.48
84 0.8 0.16 0.64
1 0.16 0.16 -5.55112e-17
35 0.48 0.16 0.32
84 0.64 0.16 0.48
1 0.0773093 0.016 0.0613093
35 0.395706 0.016 0.379706
35 0.379706 0.16 0.219706
1 0.0613093 0.16 -0.0986907
84 0.556821 0.16 0.396821
1 0.0740022 0.016 0.0580022
56 0.8 0.016 0.784
84 0.470369 0.016 0.454369
84 0.454369 0.16 0.294369
1 0.0580022 0.16 -0.101998
56 0.784 0.16 0.624
56 0.624 0.16 0.464
16 0.8 0.16 0.64
16 0.792021 0.016 0.776021
16 0.776021 0.16 0.616021
39 0.8 0.016 0.784
61 0.8 0.016 0.784
99 0.8 0.016 0.784
39 0.784 0.16 0.624
99 0.784 0.16 0.624
61 0.784 0.16 0.624
61 0.624 0.16 0.464
61 0.464 0.16 0.304
95 0.8 0.16 0.64
1 0.303196 0.16 0.143196
43 0.8 0.16 0.64
100 0.8 0.16 0.64
65 0.8 0.016 0.784
73 0.8 0.016 0.784
95 0.787601 0.016 0.771601
95 0.771601 0.16 0.611601
65 0.784 0.16 0.624
73 0.784 0.16 0.624
92 0.8 0.16 0.64
73 0.624 0.16 0.464
48 0.8 0.16 0.64
65 0.624 0.16 0.464
92 0.64 0.16 0.48
65 0.464 0.16 0.304
1 0.22093 0.16 0.0609297
48 0.64 0.16 0.48
92 0.48 0.16 0.32
43 0.717387 0.16 0.557387
100 0.710458 0.16 0.550458
44 0.8 0.016 0.784
48 0.557116 0.016 0.541116
92 0.395886 0.016 0.379886
92 0.379886 0.16 0.219886
29 0.8 0.16 0.64
44 0.784 0.16 0.624
48 0.541116 0.16 0.381116
72 0.8 0.16 0.64
44 0.624 0.16 0.464
48 0.381116 0.16 0.221116
29 0.64 0.16 0.48
58 0.8 0.16 0.64
72 0.64 0.16 0.48
77 0.8 0.16 0.64
29 0.48 0.16 0.32
58 0.64 0.16 0.48
72 0.48 0.16 0.32
29 0.395064 0.016 0.379064
58 0.555877 0.016 0.539877
72 0.393391 0.016 0.377391
77 0.713759 0.016 0.697759
72 0.377391 0.16 0.217391
29 0.379064 0.16 0.219064
58 0.539877 0.16 0.379877
77 0.697759 0.16 0.537759
29 0.219064 0.16 0.0590639
77 0.537759 0.16 0.377759
58 0.379877 0.16 0.219877
63 0.8 0.16 0.64
63 0.64 0.16 0.48
63 0.553906 0.016 0.537906
63 0.537906 0.16 0.377906
38 0.8 0.016 0.784
50 0.8 0.016 0.784
50 0.784 0.16 0.624
38 0.784 0.16 0.624
41 0.8 0.16 0.64
68 0.8 0.16 0.64
98 0.8 0.16 0.64
68 0.64 0.16 0.48
98 0.64 0.16 0.48
41 0.71776 0.016 0.70176
68 0.558468 0.016 0.542468
98 0.555326 0.016 0.539326
68 0.542468 0.16 0.382468
41 0.70176 0.16 0.54176
98 0.539326 0.16 0.379326
98 0.379326 0.16 0.219326
41 0.54176 0.16 0.38176
21 0.8 0.016 0.784
21 0.784 0.16 0.624
59 0.8 0.16 0.64
75 0.8 0.16 0.64
83 0.8 0.16 0.64
59 0.713084 0.016 0.697084
75 0.710712 0.016 0.694712
83 0.719313 0.016 0.703313
59 0.697084 0.16 0.537084
75 0.694712 0.16 0.534712
83 0.703313 0.16 0.543313
83 0.543313 0.16 0.383313
75 0.534712 0.16 0.374712
7 0.8 0.016 0.784
54 0.8 0.016 0.784
7 0.784 0.16 0.624
11 0.8 0.16 0.64
54 0.784 0.16 0.624
54 0.624 0.16 0.464
11 0.64 0.16 0.48
60 0.8 0.16 0.64
11 0.559904 0.016 0.543904
60 0.713872 0.016 0.697872
60 0.697872 0.16 0.537872
11 0.543904 0.16 0.383904
24 0.8 0.16 0.64
24 0.715717 0.016 0.699717
28 0.8 0.016 0.784
74 0.8 0.016 0.784
24 0.699717 0.16 0.539717
74 0.784 0.16 0.624
28 0.784 0.16 0.624
28 0.624 0.16 0.464
28 0.464 0.16 0.304
4 0.8 0.016 0.784
46 0.8 0.016 0.784
91 0.8 0.016 0.784
93 0.8 0.016 0.784
93 0.784 0.16 0.624
91 0.784 0.16 0.624
4 0.784 0.16 0.624
8 0.8 0.16 0.64
46 0.784 0.16 0.624
66 0.8 0.16 0.64
8 0.64 0.16 0.48
46 0.624 0.16 0.464
66 0.64 0.16 0.48
8 0.48 0.16 0.32
46 0.464 0.16 0.304
66 0.48 0.16 0.32
46 0.304 0.16 0.144
8 0.32 0.16 0.16
66 0.32 0.16 0.16
8 0.235875 0.016 0.219875
66 0.237053 0.016 0.221053
8 0.219875 0.16 0.0598754
66 0.221053 0.16 0.0610533
66 0.131941 0.016 0.115941
40 0.8 0.016 0.784
40 0.784 0.16 0.624
45 0.8 0.016 0.784
45 0.784 0.16 0.624
66 0.419816 0.16 0.259816
66 0.33042 0.16 0.17042
53 0.8 0.016 0.784
87 0.8 0.016 0.784
53 0.784 0.16 0.624
10 0.8 0.16 0.64
87 0.784 0.16 0.624
87 0.624 0.16 0.464
10 0.64 0.16 0.48
32 0.8 0.16 0.64
62 0.8 0.16 0.64
10 0.551169 0.016 0.535169
32 0.715156 0.016 0.699156
62 0.717117 0.016 0.701117
10 0.535169 0.16 0.375169
32 0.699156 0.16 0.539156
62 0.701117 0.16 0.541117
32 0.539156 0.16 0.379156
62 0.541117 0.16 0.381117
62 0.381117 0.16 0.221117
12 0.8 0.16 0.64
12 0.717218 0.016 0.701218
15 0.8 0.016 0.784
15 0.784 0.16 0.624
12 0.701218 0.16 0.541218
5 0.8 0.16 0.64
9 0.8 0.16 0.64
52 0.8 0.16 0.64
5 0.64 0.16 0.48
9 0.64 0.16 0.48
52 0.64 0.16 0.48
5 0.552924 0.016 0.536924
9 0.550305 0.016 0.534305
52 0.55773 0.016 0.54173
9 0.534305 0.16 0.374305
5 0.536924 0.16 0.376924
52 0.54173 0.16 0.38173
52 0.38173 0.16 0.22173
52 0.22173 0.16 0.0617301
79 0.8 0.16 0.64
79 0.711956 0.016 0.695956
79 0.695956 0.16 0.535956
6 0.8 0.16 0.64
6 0.716013 0.016 0.700013
6 0.700013 0.16 0.540013
17 0.8 0.16 0.64
22 0.8 0.16 0.64
47 0.8 0.16 0.64
17 0.712825 0.016 0.696825
22 0.718406 0.016 0.702406
47 0.713575 0.016 0.697575
17 0.696825 0.16 0.536825
22 0.702406 0.16 0.542406
42 0.8 0.16 0.64
47 0.697575 0.16 0.537575
47 0.537575 0.16 0.377575
22 0.542406 0.16 0.382406
42 0.64 0.16 0.48
42 0.48 0.16 0.32
42 0.392741 0.016 0.376741
42 0.376741 0.16 0.216741
71 0.8 0.16 0.64
82 0.8 0.16 0.64
36 0.8 0.016 0.784
71 0.712555 0.016 0.696555
82 0.716211 0.016 0.700211
71 0.696555 0.16 0.536555
82 0.700211 0.16 0.540211
36 0.784 0.16 0.624
89 0.8 0.16 0.64
36 0.624 0.16 0.464
36 0.464 0.16 0.304
89 0.64 0.16 0.48
97 0.8 0.16 0.64
89 0.557664 0.016 0.541664
97 0.714101 0.016 0.698101
97 0.698101 0.16 0.538101
89 0.541664 0.16 0.381664
25 0.8 0.16 0.64
55 0.8 0.16 0.64
25 0.64 0.16 0.48
55 0.64 0.16 0.48
25 0.556526 0.016 0.540526
34 0.8 0.016 0.784
51 0.8 0.016 0.784
55 0.559081 0.016 0.543081
34 0.784 0.16 0.624
55 0.543081 0.16 0.383081
25 0.540526 0.16 0.380526
51 0.784 0.16 0.624
78 0.8 0.16 0.64
25 0.380526 0.16 0.220526
51 0.624 0.16 0.464
25 0.220526 0.16 0.0605259
51 0.464 0.16 0.304
78 0.64 0.16 0.48
78 0.554326 0.016 0.538326
78 0.538326 0.16 0.378326
81 0.8 0.016 0.784
86 0.8 0.016 0.784
86 0.784 0.16 0.624
81 0.784 0.16 0.624
81 0.624 0.16 0.464
2 0.8 0.016 0.784
19 0.8 0.016 0.784
85 0.8 0.016 0.784
2 0.784 0.16 0.624
19 0.784 0.16 0.624
69 0.8 0.16 0.64
85 0.784 0.16 0.624
19 0.624 0.16 0.464
85 0.624 0.16 0.464
69 0.64 0.16 0.48
69 0.48 0.16 0.32
69 0.393704 0.016 0.377704
69 0.377704 0.16 0.217704
23 0.8 0.16 0.64
23 0.714372 0.016 0.698372
70 0.8 0.016 0.784
23 0.698372 0.16 0.538372
70 0.784 0.16 0.624
70 0.624 0.16 0.464
3 0.8 0.16 0.64
80 0.8 0.16 0.64
94 0.8 0.16 0.64
3 0.711377 0.016 0.695377
80 0.719869 0.016 0.703869
94 0.710671 0.016 0.694671
3 0.695377 0.16 0.535377
80 0.703869 0.16 0.543869
49 0.8 0.16 0.64
94 0.694671 0.16 0.534671
49 0.64 0.16 0.48
94 0.534671 0.16 0.374671
94 0.374671 0.16 0.214671
49 0.48 0.16 0.32
49 0.397368 0.016 0.381368
49 0.381368 0.16 0.221368
18 0.8 0.016 0.784
20 0.8 0.016 0.784
18 0.784 0.16 0.624
20 0.784 0.16 0.624
90 0.8 0.16 0.64
20 0.624 0.16 0.464
90 0.64 0.16 0.48
90 0.558917 0.016 0.542917
90 0.542917 0.16 0.382917
43 0.8 0.016 0.784
100 0.8 0.016 0.784
43 0.784 0.16 0.624
100 0.784 0.16 0.624
100 0.624 0.16 0.464
