74 4186 0 100 154295168 1.50405 1.50405
19 4178 0 100 56202754 1.70405 1.70405
38 4179 0 100 121570328 1.70405 1.70405
44 4185 0 100 121540808 2.60405 2.60405
67 4192 0 100 121569248 2.60405 2.60405
25 4205 0 100 88862640 2.70405 2.70405
86 4211 0 100 121564832 2.70405 2.70405
56 4207 0 100 121569080 2.70405 2.70405
6 4228 0 100 88873656 2.80405 2.80405
10 4213 0 100 154275008 2.80405 2.80405
55 4264 0 100 88867476 2.90405 2.90405
47 4190 0 100 88872780 2.90405 2.90405
30 4274 0 100 121548896 2.90405 2.90405
43 4181 0 100 154288936 2.90405 2.90405
58 4265 0 100 121542998 3.10405 3.10405
54 4199 0 100 121569362 3.10405 3.10405
15 4245 0 100 154272176 3.10405 3.10405
9 4227 0 100 121574864 3.20405 3.20405
41 4238 0 100 154288264 3.20405 3.20405
29 4243 0 100 154305024 3.30405 3.30405
75 4223 0 100 88864680 3.40405 3.40405
89 4233 0 100 121535588 3.40405 3.40405
4 4230 0 100 56205216 3.70405 3.70405
68 4210 0 100 121551968 3.70405 3.70405
80 4263 0 100 154303312 3.70405 3.70405
71 4221 0 100 88846768 3.80405 3.80405
57 4262 0 100 88858780 3.80405 3.80405
34 4275 0 100 88859876 3.80405 3.80405
62 4222 0 100 88866540 3.90405 3.90405
63 4217 0 100 121545290 4.10405 4.10405
31 4267 0 100 121547312 4.20405 4.20405
79 4208 0 100 121555598 4.20405 4.20405
14 4220 0 100 56199078 4.40405 4.40405
81 4216 0 100 88846400 4.40405 4.40405
60 4240 0 100 88866944 4.40405 4.40405
13 4188 0 100 88869232 4.40405 4.40405
11 4272 0 100 88847620 4.60405 4.60405
50 4171 0 100 88856096 4.60405 4.60405
27 4246 0 100 121530536 4.60405 4.60405
35 4266 0 100 121532330 4.60405 4.60405
77 4271 0 116 58786172 4.70405 4.70405
51 4177 0 100 121550018 4.70405 4.70405
21 4176 0 100 121569692 4.70405 4.70405
87 4218 0 100 121570424 4.70405 4.70405
32 4184 0 100 121555598 4.80405 4.80405
76 4252 0 100 121563848 4.80405 4.80405
72 4261 0 100 121564160 4.80405 4.80405
7 4197 0 116 124125700 4.80405 4.80405
33 4277 0 100 88868728 5.00405 5.00405
26 4198 0 100 154247264 5.30405 5.30405
66 4260 0 100 154261160 5.30405 5.30405
40 4174 0 100 154282888 5.40405 5.40405
64 4239 0 100 88867168 5.50405 5.50405
42 4172 0 100 154245504 5.50405 5.50405
24 4244 0 100 88853292 5.60405 5.60405
53 4231 0 100 121536404 5.60405 5.60405
28 4200 0 100 154265376 5.60405 5.60405
49 4187 0 100 121546040 5.70405 5.70405
52 4173 0 100 121555442 5.70405 5.70405
88 4182 0 100 121560320 5.70405 5.70405
16 4249 0 100 121560386 5.70405 5.70405
39 4212 0 116 91444532 5.80405 5.80405
59 4242 0 100 154244496 5.90405 5.90405
23 4236 0 100 154248936 6.00405 6.00405
70 4234 0 100 121533218 6.10405 6.10405
22 4203 0 100 154291440 6.10405 6.10405
90 4215 0 100 88853412 6.20405 6.20405
8 4247 0 100 121533524 6.20405 6.20405
18 4195 0 100 121540304 6.30405 6.30405
36 4235 0 100 121540166 6.40405 6.40405
46 4194 0 100 121559774 6.40405 6.40405
20 4191 0 100 154304080 6.40405 6.40405
5 4259 0 100 88867904 6.50405 6.50405
85 4201 0 100 121564286 6.50405 6.50405
3 4255 0 100 154289920 6.50405 6.50405
78 4229 0 100 121551968 6.60405 6.60405
82 4278 0 100 154300160 6.60405 6.60405
48 4268 0 100 88870424 6.70405 6.70405
37 4204 0 100 121530932 6.70405 6.70405
61 4225 0 100 121571768 6.70405 6.70405
12 4248 0 100 88848944 7.20405 7.20405
69 4270 0 100 154296720 7.30405 7.30405
84 4226 0 100 88850720 7.40405 7.40405
83 4279 0 100 121559030 7.40405 7.40405
45 4273 0 100 154261328 7.60405 7.60405
65 4254 0 100 88855140 7.70405 7.70405
1 4258 0 100 154248064 7.80405 7.80405
