5 3126 0 100 88868012 1.65502 1.65502
34 3141 0 100 88866300 1.85502 1.85502
12 3133 0 100 154274616 2.15502 2.15502
21 3152 0 100 121543040 2.25502 2.25502
24 3122 0 100 154287720 2.25502 2.25502
25 3166 0 100 121538102 2.45502 2.45502
4 3159 0 100 121552106 2.55502 2.55502
38 3144 0 100 154260576 2.95502 2.95502
8 3174 0 100 154305400 3.05502 3.05502
23 3171 0 100 121533740 3.25502 3.25502
30 3121 0 100 121552778 3.35502 3.35502
35 3138 0 100 88845524 3.55502 3.55502
3 3149 0 100 88857264 3.55502 3.55502
27 3172 0 100 154249952 3.65502 3.65502
19 3158 0 100 154280888 3.85502 3.85502
29 3147 0 100 88875988 3.95502 3.95502
14 3142 0 100 154249368 3.95502 3.95502
9 3135 0 100 154250752 3.95502 3.95502
11 3155 0 100 121528496 4.05502 4.05502
10 3131 0 100 121545830 4.15502 4.15502
15 3178 0 100 154276712 4.45502 4.45502
39 3146 0 100 154275456 4.55502 4.55502
32 3154 0 100 154289920 4.55502 4.55502
2 3148 0 100 121574234 4.65502 4.65502
18 3123 0 100 121547180 4.75502 4.75502
40 3128 0 100 121558880 4.75502 4.75502
17 3143 0 100 154250256 4.85502 4.85502
36 3124 0 100 56202070 4.95502 4.95502
26 3136 0 100 88847484 4.95502 4.95502
16 3161 0 100 154290312 4.95502 4.95502
22 3169 0 100 154259536 5.45502 5.45502
7 3177 0 100 154262000 5.45502 5.45502
28 3156 0 100 121562852 5.55502 5.55502
1 3163 0 100 88847888 5.75502 5.75502
37 3139 0 100 154304344 5.85502 5.85502
20 3164 0 100 121541888 6.25502 6.25502
33 3129 0 100 56196736 6.45502 6.45502
31 3176 0 100 88856644 6.55502 6.55502
13 3160 0 100 121565966 7.15502 7.15502
6 3165 0 100 154277976 7.25502 7.25502
