0 3500
0 3501
0 3502
0 3503
0 3504
0 3505
0 3506
0 3507
0 3508
0 3509
0 3512
0 3517
0 3520
0 3523
0 3525
22 3510
0 3527
31 3524
2 3521
0 3533
0 3536
0 3541
21 3540
0 3544
0 3547
0 3553
4 3538
18 3531
0 3557
0 3561
14 3560
0 3567
0 3569
12 3554
0 3575
0 3578
0 3580
0 3588
60 3583
46 3559
23 3549
0 3590
25 3530
0 3591
11 3562
0 3592
50 3565
0 3593
56 3528
0 3594
39 3539
53 3534
8 3529
55 3551
0 3595
26 3552
0 3596
15 3548
0 3597
57 3518
0 3598
0 3599
0 3600
0 3601
6 3532
0 3602
20 3568
0 3603
30 3563
51 3522
0 3604
34 3515
0 3605
45 3579
0 3606
37 3555
0 3607
29 3572
44 3556
49 3513
0 3608
0 3609
0 3610
47 3558
0 3611
0 3612
0 3613
5 3587
48 3516
0 3614
0 3615
0 3616
10 3526
54 3576
0 3617
19 3571
0 3618
9 3543
36 3550
0 3619
33 3519
38 3566
7 3511
0 3620
41 3570
24 3514
0 3621
58 3582
28 3537
0 3622
0 3623
0 3624
13 3586
43 3545
0 3625
0 3626
40 3577
1 3584
0 3627
32 3542
0 3628
35 3574
52 3535
3 3546
0 3629
0 3630
0 3631
0 3632
0 3633
0 3634
27 3564
59 3589
0 3635
42 3573
0 3636
16 3585
0 3637
17 3581
0 3638
0 3639
0 3640
0 3641
0 3642
0 3643
0 3644
0 3645
0 3646
0 3647
0 3648
0 3649
0 3650
0 3651
0 3652
0 3653
0 3654
0 3655
0 3656
0 3657
0 3658
0 3659
0 3660
0 3661
0 3662
0 3663
0 3664
0 3665
0 3666
0 3667
0 3668
0 3669
0 3670
0 3671
0 3672
0 3673
0 3674
0 3675
0 3676
0 3677
0 3678
0 3679
0 3680
0 3681
0 3682
0 3683
0 3684
0 3685
0 3686
0 3687
0 3688
0 3689
0 3690
0 3691
0 3692
0 3693
0 3694
0 3695
0 3696
0 3697
0 3698
0 3699
0 3700
0 3701
0 3702
0 3703
0 3704
0 3705
0 3706
0 3707
0 3708
0 3709
