0 1880
0 1881
0 1882
0 1883
0 1884
0 1885
0 1886
0 1887
0 1888
0 1889
0 1891
0 1901
0 1908
1 1894
0 1916
51 1897
0 1920
13 1910
0 1927
66 1924
74 1903
0 1938
0 1943
11 1896
7 1926
0 1946
30 1895
61 1933
0 1951
0 1954
0 1957
73 1955
0 1961
3 1899
0 1964
0 1966
27 1905
35 1906
26 1915
0 1969
67 1952
0 1973
45 1958
0 1977
0 1983
0 1985
0 1990
6 1893
8 1936
0 1991
0 1992
15 1945
24 1982
0 1993
23 1971
14 1922
0 1994
0 1995
21 1892
20 1956
42 1911
0 1996
38 1970
80 1959
57 1984
0 1997
49 1913
75 1963
0 1998
41 1900
69 1929
0 1999
0 2000
55 1960
31 1909
59 1986
0 2001
19 1939
48 1976
0 2002
9 1953
29 1979
0 2003
71 1944
0 2004
0 2005
54 1987
0 2006
70 1972
0 2007
2 1965
58 1914
79 1898
0 2008
76 1902
53 1918
0 2009
56 1921
0 2010
25 1940
46 1974
0 2011
0 2012
0 2013
63 1919
0 2014
0 2015
37 1950
10 1890
0 2016
62 1904
18 1937
0 2017
77 1981
0 2018
50 1912
5 1917
0 2019
0 2020
34 1930
17 1932
60 1934
78 1942
52 1907
0 2021
0 2022
47 1948
0 2023
64 1923
0 2024
33 1931
65 1935
28 1962
0 2025
39 1941
16 1928
0 2026
44 1980
32 1925
0 2027
68 1967
36 1975
0 2028
72 1947
0 2029
22 1949
0 2030
0 2031
0 2032
0 2033
4 1968
12 1978
0 2034
0 2035
0 2036
43 1988
0 2037
0 2038
0 2039
0 2040
40 1989
0 2041
0 2042
0 2043
0 2044
0 2045
0 2046
0 2047
0 2048
0 2049
0 2050
0 2051
0 2052
0 2053
0 2054
0 2055
0 2056
0 2057
0 2058
0 2059
0 2060
0 2061
0 2062
0 2063
0 2064
0 2065
0 2066
0 2067
0 2068
0 2069
0 2070
0 2071
0 2072
0 2073
0 2074
0 2075
0 2076
0 2077
0 2078
0 2079
0 2080
0 2081
0 2082
0 2083
0 2084
0 2085
0 2086
0 2087
0 2088
0 2089
0 2090
0 2091
0 2092
0 2093
0 2094
0 2095
0 2096
0 2097
0 2098
0 2099
0 2100
0 2101
0 2102
0 2103
0 2104
0 2105
0 2106
0 2107
0 2108
0 2109
