36 1075 0 100 32656316 1.33135 1.33135
37 1074 0 100 32668708 1.63135 1.63135
39 1077 0 100 32675928 1.93135 1.93135
27 1086 0 100 32669922 2.13135 2.13135
23 1079 0 100 32673478 2.33135 2.33135
25 1112 0 100 32665646 2.53135 2.53135
22 1089 0 100 32652024 2.63135 2.63135
6 1119 0 100 32657442 2.83135 2.83135
32 1092 0 100 32644920 2.93135 2.93135
19 1100 0 100 32625710 3.33135 3.33135
20 1082 0 100 32641120 3.43135 3.43135
8 1106 0 100 32676622 3.43135 3.43135
21 1105 0 100 32680760 3.53135 3.53135
3 1125 0 100 32636614 3.63135 3.63135
40 1080 0 100 32637282 4.03135 4.03135
14 1081 0 100 32665544 4.23135 4.23135
11 1094 0 100 32664450 4.33135 4.33135
2 1111 0 100 32677722 4.43135 4.43135
10 1103 0 100 32665922 4.43135 4.43135
4 1098 0 100 32658780 4.43135 4.43135
31 1090 0 100 32661484 4.63135 4.63135
34 1093 0 100 32655502 5.03135 5.03135
12 1115 0 100 32660434 5.63135 5.63135
17 1087 0 100 32652986 5.73135 5.73135
16 1071 0 100 32650246 5.73135 5.73135
9 1116 0 100 32651932 5.73135 5.73135
35 1096 0 100 32677108 5.83135 5.83135
13 1107 0 100 32681202 6.13135 6.13135
18 1076 0 100 32658110 6.13135 6.13135
5 1113 0 100 32667774 6.13135 6.13135
30 1121 0 100 32649632 6.23135 6.23135
24 1129 0 100 32674098 6.23135 6.23135
29 1102 0 100 32664594 6.63135 6.63135
38 1109 0 100 32636722 6.93135 6.93135
7 1124 0 100 32647770 7.13135 7.13135
26 1128 0 100 32644310 7.13135 7.13135
15 1110 0 100 32657814 7.63135 7.63135
33 1126 0 100 32657850 7.63135 7.63135
1 1122 0 100 32631796 7.83135 7.83135
