10 1890 1.00181
21 1892 1.03366
6 1893 1.04796
1 1894 1.05982
30 1895 1.06377
11 1896 1.08034
51 1897 1.08777
79 1898 1.09567
3 1899 1.11141
41 1900 1.11314
76 1902 1.12621
74 1903 1.15394
62 1904 1.16111
27 1905 1.17693
35 1906 1.19828
52 1907 1.21428
31 1909 1.23261
13 1910 1.26427
42 1911 1.27972
50 1912 1.28564
49 1913 1.29474
58 1914 1.31384
26 1915 1.31491
5 1917 1.3266
53 1918 1.33182
63 1919 1.35542
56 1921 1.43604
14 1922 1.44886
64 1923 1.45547
66 1924 1.46294
32 1925 1.48026
7 1926 1.51657
16 1928 1.54544
69 1929 1.57557
34 1930 1.58802
33 1931 1.59512
17 1932 1.59602
61 1933 1.60573
60 1934 1.61025
65 1935 1.6114
8 1936 1.6187
18 1937 1.61927
19 1939 1.6369
25 1940 1.64102
39 1941 1.67351
78 1942 1.69015
71 1944 1.73681
15 1945 1.76269
72 1947 1.84253
47 1948 1.88368
22 1949 1.89589
37 1950 1.91752
67 1952 1.93268
9 1953 1.96809
73 1955 2.03412
20 1956 2.09173
45 1958 2.14167
80 1959 2.15044
55 1960 2.18182
28 1962 2.24861
75 1963 2.29843
2 1965 2.40131
68 1967 2.44196
4 1968 2.51246
38 1970 2.55127
23 1971 2.55155
70 1972 2.62254
46 1974 2.62448
36 1975 2.64771
48 1976 2.69828
12 1978 2.74905
29 1979 2.76365
44 1980 2.79293
77 1981 2.80352
24 1982 2.8144
57 1984 2.8954
59 1986 2.929
54 1987 2.94333
43 1988 2.95484
40 1989 2.99474
