0 1660
0 1661
0 1662
0 1663
0 1664
0 1665
0 1666
0 1667
0 1668
0 1669
0 1673
0 1676
0 1680
0 1685
34 1670
0 1692
14 1675
0 1698
32 1695
0 1705
20 1679
49 1703
0 1707
0 1710
53 1686
61 1708
0 1715
0 1718
3 1712
0 1721
51 1691
44 1713
0 1726
0 1728
30 1723
33 1688
0 1733
29 1690
69 1677
0 1740
0 1744
0 1747
37 1722
0 1752
2 1672
0 1758
0 1760
8 1743
0 1761
60 1750
0 1762
59 1738
0 1763
0 1764
54 1684
0 1765
58 1697
0 1766
0 1767
16 1753
68 1741
0 1768
62 1682
6 1716
0 1769
41 1700
0 1770
23 1702
0 1771
40 1701
11 1729
0 1772
45 1694
63 1704
0 1773
18 1742
64 1696
0 1774
15 1755
5 1737
0 1775
22 1732
0 1776
0 1777
25 1734
66 1720
0 1778
42 1730
70 1736
57 1689
0 1779
17 1671
0 1780
24 1719
0 1781
0 1782
0 1783
48 1683
39 1687
0 1784
46 1709
21 1751
0 1785
56 1759
0 1786
47 1711
12 1693
0 1787
1 1678
19 1699
0 1788
0 1789
38 1681
0 1790
35 1749
26 1748
28 1674
50 1746
0 1791
7 1706
0 1792
0 1793
52 1714
0 1794
31 1757
0 1795
27 1727
0 1796
10 1725
0 1797
0 1798
65 1724
43 1731
0 1799
36 1717
0 1800
67 1735
0 1801
0 1802
0 1803
4 1756
13 1739
0 1804
0 1805
0 1806
0 1807
9 1745
0 1808
0 1809
55 1754
0 1810
0 1811
0 1812
0 1813
0 1814
0 1815
0 1816
0 1817
0 1818
0 1819
0 1820
0 1821
0 1822
0 1823
0 1824
0 1825
0 1826
0 1827
0 1828
0 1829
0 1830
0 1831
0 1832
0 1833
0 1834
0 1835
0 1836
0 1837
0 1838
0 1839
0 1840
0 1841
0 1842
0 1843
0 1844
0 1845
0 1846
0 1847
0 1848
0 1849
0 1850
0 1851
0 1852
0 1853
0 1854
0 1855
0 1856
0 1857
0 1858
0 1859
0 1860
0 1861
0 1862
0 1863
0 1864
0 1865
0 1866
0 1867
0 1868
0 1869
0 1870
0 1871
0 1872
0 1873
0 1874
0 1875
0 1876
0 1877
0 1878
0 1879
