28 1271 0 100 32672758 1.47245 1.47245
31 1281 0 100 32675990 1.87245 1.87245
15 1268 0 100 32665878 2.47245 2.47245
14 1276 0 100 32651476 2.77245 2.77245
12 1320 0 100 32633298 2.87245 2.87245
37 1264 0 100 32667702 2.97245 2.97245
40 1311 0 100 32658388 3.07245 3.07245
13 1260 0 100 32657704 3.17245 3.17245
1 1284 0 100 32651470 3.27245 3.27245
5 1273 0 100 32682340 3.27245 3.27245
35 1325 0 100 32652342 3.67245 3.67245
24 1307 0 100 32674852 3.77245 3.77245
6 1262 0 100 32667758 4.07245 4.07245
38 1305 0 100 32669784 4.07245 4.07245
21 1289 0 100 32656454 4.17245 4.17245
41 1300 0 100 32666232 4.17245 4.17245
36 1277 0 100 32640586 4.27245 4.27245
30 1282 0 100 32635684 4.27245 4.27245
32 1270 0 100 32679034 4.27245 4.27245
26 1318 0 100 32668038 4.27245 4.27245
23 1304 0 100 32646822 4.47245 4.47245
27 1265 0 100 32678530 4.67245 4.67245
4 1322 0 100 32667834 4.97245 4.97245
46 1292 0 100 32654556 5.07245 5.07245
39 1319 0 100 32676104 5.37245 5.37245
47 1297 0 100 32655464 5.47245 5.47245
44 1314 0 100 32660224 5.47245 5.47245
29 1286 0 100 32658072 5.57245 5.57245
3 1263 0 100 32670548 5.57245 5.57245
33 1294 0 100 32634096 5.57245 5.57245
2 1279 0 100 32679212 5.77245 5.77245
7 1285 0 100 32678080 5.87245 5.87245
34 1287 0 100 32662564 5.87245 5.87245
11 1309 0 100 32656930 6.07245 6.07245
20 1275 0 100 32658406 6.07245 6.07245
49 1280 0 100 32682484 6.27245 6.27245
9 1290 0 100 32650808 6.37245 6.37245
45 1298 0 100 32678602 6.47245 6.47245
50 1327 0 100 32646170 6.47245 6.47245
25 1295 0 100 32635874 6.87245 6.87245
43 1302 0 100 32658106 6.87245 6.87245
18 1313 0 100 32678880 6.97245 6.97245
48 1317 0 100 32640424 7.07245 7.07245
17 1326 0 100 32642036 7.17245 7.17245
19 1315 0 100 32627596 7.27245 7.27245
16 1329 0 100 32675156 7.37245 7.37245
10 1323 0 100 32662598 7.57245 7.57245
