0 2350
0 2351
0 2352
0 2353
0 2354
0 2355
0 2356
0 2357
0 2358
0 2359
0 2360
0 2368
0 2374
38 2361
0 2379
69 2372
0 2382
0 2387
0 2390
0 2399
26 2391
0 2404
52 2386
80 2377
0 2412
49 2400
0 2416
0 2423
0 2431
6 2426
0 2437
94 2364
0 2443
0 2451
99 2413
0 2458
85 2450
59 2398
0 2464
0 2470
57 2375
30 2373
98 2440
0 2476
11 2419
0 2480
33 2405
48 2411
65 2396
96 2477
0 2481
63 2424
2 2441
67 2408
0 2482
19 2362
50 2402
0 2483
0 2484
44 2456
0 2485
60 2428
45 2420
0 2486
93 2457
86 2365
20 2397
95 2371
0 2487
55 2442
58 2409
23 2394
77 2444
0 2488
40 2376
41 2388
79 2370
92 2445
0 2489
70 2448
0 2490
36 2432
0 2491
0 2492
7 2395
25 2381
84 2468
0 2493
13 2427
14 2479
0 2494
88 2401
0 2495
35 2463
22 2383
62 2367
31 2449
0 2496
17 2389
1 2422
66 2421
71 2436
0 2497
3 2363
5 2369
32 2460
73 2473
0 2498
82 2366
0 2499
10 2425
28 2378
0 2500
0 2501
0 2502
0 2503
0 2504
39 2475
0 2505
91 2433
74 2418
0 2506
43 2466
4 2380
47 2454
0 2507
78 2455
8 2435
61 2403
0 2508
56 2439
90 2384
0 2509
0 2510
81 2478
100 2385
0 2511
34 2446
46 2453
54 2430
0 2512
18 2393
0 2513
51 2462
97 2447
9 2461
0 2514
37 2415
27 2407
0 2515
0 2516
29 2417
87 2474
15 2392
0 2517
16 2438
75 2465
76 2471
89 2472
0 2518
0 2519
53 2406
64 2410
0 2520
24 2414
12 2434
0 2521
68 2429
42 2469
0 2522
0 2523
0 2524
21 2452
0 2525
0 2526
83 2459
72 2467
0 2527
0 2528
0 2529
0 2530
0 2531
0 2532
0 2533
0 2534
0 2535
0 2536
0 2537
0 2538
0 2539
0 2540
0 2541
0 2542
0 2543
0 2544
0 2545
0 2546
0 2547
0 2548
0 2549
0 2550
0 2551
0 2552
0 2553
0 2554
0 2555
0 2556
0 2557
0 2558
0 2559
0 2560
0 2561
0 2562
0 2563
0 2564
0 2565
0 2566
0 2567
0 2568
0 2569
0 2570
0 2571
0 2572
0 2573
0 2574
0 2575
0 2576
0 2577
0 2578
0 2579
0 2580
0 2581
0 2582
0 2583
0 2584
0 2585
0 2586
0 2587
0 2588
0 2589
0 2590
0 2591
0 2592
0 2593
0 2594
0 2595
0 2596
0 2597
0 2598
0 2599
