3 1460 1.03681
7 1461 1.03917
52 1463 1.10657
1 1464 1.10913
60 1466 1.25546
48 1467 1.278
53 1469 1.31165
58 1470 1.31854
5 1471 1.37158
56 1472 1.39565
9 1474 1.40161
37 1475 1.40423
15 1476 1.41001
11 1477 1.48913
46 1479 1.51697
23 1481 1.59631
25 1482 1.67347
2 1484 1.73857
59 1485 1.74243
27 1486 1.74827
32 1487 1.79077
30 1489 1.82499
14 1490 1.83466
13 1491 1.87179
26 1493 1.92746
50 1494 1.95328
51 1496 2.07687
28 1497 2.0881
44 1499 2.10772
38 1500 2.10945
19 1501 2.13305
41 1502 2.1551
49 1503 2.16338
21 1504 2.18649
10 1505 2.19274
39 1508 2.29976
33 1509 2.33509
12 1510 2.36793
18 1511 2.37372
42 1512 2.39587
55 1514 2.44599
20 1515 2.45307
4 1516 2.45923
36 1518 2.54167
43 1519 2.54984
35 1521 2.59894
16 1522 2.6664
34 1523 2.67281
29 1524 2.68597
31 1526 2.71192
8 1527 2.71863
40 1528 2.73447
17 1529 2.77372
24 1530 2.781
57 1532 2.81223
22 1533 2.82329
6 1535 2.91976
54 1536 2.92683
45 1537 2.93373
47 1538 2.97455
