90 2120 1.04314
69 2121 1.04681
42 2123 1.15236
37 2124 1.16267
64 2125 1.17779
51 2127 1.18518
21 2128 1.19414
77 2129 1.21524
6 2130 1.24815
62 2131 1.24928
3 2132 1.26272
88 2134 1.29526
89 2135 1.32826
73 2136 1.32998
61 2137 1.34313
65 2138 1.36114
55 2140 1.38164
11 2141 1.41682
75 2142 1.41697
1 2143 1.42076
59 2144 1.43885
13 2146 1.54143
12 2147 1.54442
86 2149 1.65368
72 2151 1.71995
5 2152 1.72669
7 2153 1.75994
26 2155 1.78042
9 2156 1.81358
36 2157 1.86248
74 2158 1.87802
23 2160 1.89056
56 2161 1.89224
2 2162 1.89854
68 2163 1.92336
44 2164 1.92939
38 2165 1.94784
10 2166 1.96416
24 2168 1.9934
18 2169 2.00234
66 2170 2.01152
53 2171 2.02093
58 2172 2.02249
71 2173 2.03569
48 2174 2.04535
22 2176 2.11879
39 2177 2.16281
76 2178 2.17602
82 2180 2.20958
85 2181 2.21117
70 2182 2.2298
47 2183 2.26152
31 2185 2.28429
43 2186 2.35028
15 2187 2.3561
30 2188 2.37767
57 2190 2.37927
4 2191 2.39916
87 2192 2.40524
52 2193 2.40796
54 2194 2.43557
19 2195 2.43738
16 2196 2.43944
84 2197 2.44379
35 2198 2.45154
28 2199 2.45846
60 2200 2.47346
46 2202 2.52848
78 2203 2.57387
50 2204 2.57407
34 2206 2.58023
17 2207 2.59037
45 2208 2.60553
8 2209 2.64351
63 2210 2.65355
67 2212 2.71483
80 2213 2.73073
14 2214 2.74332
49 2215 2.77511
81 2217 2.78435
29 2218 2.7983
32 2219 2.84084
41 2220 2.86193
83 2221 2.86864
40 2222 2.87782
25 2224 2.91584
79 2225 2.9707
33 2227 2.98953
20 2228 2.99184
27 2229 2.99559
