38 2361 1.02466
19 2362 1.04973
3 2363 1.05499
94 2364 1.08623
86 2365 1.08997
82 2366 1.09349
62 2367 1.09724
5 2369 1.14164
79 2370 1.17295
95 2371 1.17612
69 2372 1.18045
30 2373 1.20059
57 2375 1.22168
40 2376 1.22509
80 2377 1.27242
28 2378 1.29916
4 2380 1.31513
25 2381 1.36801
22 2383 1.43408
90 2384 1.44957
100 2385 1.4504
52 2386 1.48838
41 2388 1.52209
17 2389 1.5375
26 2391 1.61043
15 2392 1.62045
18 2393 1.63815
23 2394 1.66358
7 2395 1.67305
65 2396 1.68605
20 2397 1.69531
59 2398 1.70459
49 2400 1.71528
88 2401 1.78151
50 2402 1.79743
61 2403 1.80144
33 2405 1.82948
53 2406 1.84812
27 2407 1.84987
67 2408 1.87345
58 2409 1.87424
64 2410 1.87429
48 2411 1.87965
99 2413 1.95342
24 2414 1.97671
37 2415 1.97711
29 2417 2.01201
74 2418 2.03183
11 2419 2.0441
45 2420 2.06426
66 2421 2.07966
1 2422 2.0995
63 2424 2.10972
10 2425 2.13068
6 2426 2.13449
13 2427 2.14038
60 2428 2.17088
68 2429 2.18982
54 2430 2.20291
36 2432 2.2292
91 2433 2.23309
12 2434 2.26406
8 2435 2.27801
71 2436 2.27805
16 2438 2.36331
56 2439 2.37746
98 2440 2.39445
2 2441 2.40448
55 2442 2.40846
77 2444 2.4122
92 2445 2.45149
34 2446 2.46814
97 2447 2.47655
70 2448 2.477
31 2449 2.49095
85 2450 2.49658
21 2452 2.52733
46 2453 2.56784
47 2454 2.57422
78 2455 2.57624
44 2456 2.59062
93 2457 2.60728
83 2459 2.62058
32 2460 2.66277
9 2461 2.67965
51 2462 2.69971
35 2463 2.7012
75 2465 2.71762
43 2466 2.72674
72 2467 2.72745
84 2468 2.76856
42 2469 2.79332
76 2471 2.85831
89 2472 2.87669
73 2473 2.88646
87 2474 2.88973
39 2475 2.90302
96 2477 2.92537
81 2478 2.95989
14 2479 2.99255
