60 0.8 0.016 0.784
60 0.784 0.16 0.624
3 0.8 0.016 0.784
3 0.784 0.16 0.624
1 0.8 0.16 0.64
1 0.71427 0.016 0.69827
1 0.69827 0.16 0.53827
37 0.8 0.016 0.784
37 0.784 0.16 0.624
48 0.8 0.016 0.784
48 0.784 0.16 0.624
49 0.8 0.16 0.64
52 0.8 0.16 0.64
33 0.8 0.016 0.784
49 0.717945 0.016 0.701945
52 0.716414 0.016 0.700414
49 0.701945 0.16 0.541945
33 0.784 0.16 0.624
52 0.700414 0.16 0.540414
58 0.8 0.16 0.64
58 0.64 0.16 0.48
58 0.556863 0.016 0.540863
58 0.540863 0.16 0.380863
11 0.8 0.016 0.784
13 0.8 0.016 0.784
16 0.8 0.016 0.784
13 0.784 0.16 0.624
11 0.784 0.16 0.624
16 0.784 0.16 0.624
4 0.8 0.016 0.784
15 0.8 0.016 0.784
43 0.8 0.016 0.784
43 0.784 0.16 0.624
4 0.784 0.16 0.624
15 0.784 0.16 0.624
12 0.8 0.016 0.784
57 0.8 0.016 0.784
12 0.784 0.16 0.624
57 0.784 0.16 0.624
23 0.8 0.016 0.784
44 0.8 0.016 0.784
44 0.784 0.16 0.624
23 0.784 0.16 0.624
51 0.8 0.16 0.64
18 0.8 0.16 0.64
47 0.8 0.16 0.64
51 0.64 0.16 0.48
18 0.718927 0.016 0.702927
47 0.714977 0.016 0.698977
51 0.556898 0.016 0.540898
18 0.702927 0.16 0.542927
51 0.540898 0.16 0.380898
47 0.698977 0.16 0.538977
39 0.8 0.016 0.784
39 0.784 0.16 0.624
14 0.8 0.016 0.784
14 0.784 0.16 0.624
55 0.8 0.16 0.64
45 0.8 0.016 0.784
55 0.717841 0.016 0.701841
45 0.784 0.16 0.624
55 0.701841 0.16 0.541841
56 0.8 0.016 0.784
56 0.784 0.16 0.624
10 0.8 0.16 0.64
10 0.713541 0.016 0.697541
10 0.697541 0.16 0.537541
36 0.8 0.016 0.784
36 0.784 0.16 0.624
9 0.8 0.16 0.64
20 0.8 0.16 0.64
28 0.8 0.16 0.64
9 0.717989 0.016 0.701989
20 0.711419 0.016 0.695419
28 0.71934 0.016 0.70334
9 0.701989 0.16 0.541989
20 0.695419 0.16 0.535419
28 0.70334 0.16 0.54334
27 0.8 0.16 0.64
27 0.64 0.16 0.48
27 0.558962 0.016 0.542962
27 0.542962 0.16 0.382962
7 0.8 0.016 0.784
24 0.8 0.016 0.784
7 0.784 0.16 0.624
24 0.784 0.16 0.624
5 0.8 0.016 0.784
5 0.784 0.16 0.624
50 0.8 0.16 0.64
50 0.718364 0.016 0.702364
50 0.702364 0.16 0.542364
25 0.8 0.016 0.784
25 0.784 0.16 0.624
31 0.8 0.16 0.64
31 0.713487 0.016 0.697487
31 0.697487 0.16 0.537487
6 0.8 0.016 0.784
26 0.8 0.016 0.784
40 0.8 0.016 0.784
40 0.784 0.16 0.624
26 0.784 0.16 0.624
6 0.784 0.16 0.624
53 0.8 0.16 0.64
53 0.64 0.16 0.48
53 0.48 0.16 0.32
53 0.394549 0.016 0.378549
53 0.378549 0.16 0.218549
2 0.8 0.016 0.784
38 0.8 0.016 0.784
2 0.784 0.16 0.624
38 0.784 0.16 0.624
17 0.8 0.16 0.64
17 0.64 0.16 0.48
17 0.55704 0.016 0.54104
17 0.54104 0.16 0.38104
32 0.8 0.016 0.784
41 0.8 0.016 0.784
41 0.784 0.16 0.624
32 0.784 0.16 0.624
46 0.8 0.16 0.64
46 0.64 0.16 0.48
46 0.557087 0.016 0.541087
46 0.541087 0.16 0.381087
59 0.8 0.16 0.64
59 0.716837 0.016 0.700837
59 0.700837 0.16 0.540837
19 0.8 0.016 0.784
19 0.784 0.16 0.624
30 0.8 0.016 0.784
30 0.784 0.16 0.624
8 0.8 0.016 0.784
8 0.784 0.16 0.624
21 0.8 0.16 0.64
34 0.8 0.16 0.64
21 0.710223 0.016 0.694223
34 0.717376 0.016 0.701376
21 0.694223 0.16 0.534223
34 0.701376 0.16 0.541376
42 0.8 0.016 0.784
42 0.784 0.16 0.624
29 0.8 0.16 0.64
54 0.8 0.16 0.64
29 0.710959 0.016 0.694959
54 0.712235 0.016 0.696235
29 0.694959 0.16 0.534959
54 0.696235 0.16 0.536235
35 0.8 0.16 0.64
35 0.64 0.16 0.48
35 0.555944 0.016 0.539944
35 0.539944 0.16 0.379944
22 0.8 0.016 0.784
22 0.784 0.16 0.624
