34 1670 1.00532
17 1671 1.01518
2 1672 1.03019
28 1674 1.11851
14 1675 1.14413
69 1677 1.15927
1 1678 1.19256
20 1679 1.24673
38 1681 1.2652
62 1682 1.26645
48 1683 1.3491
54 1684 1.35031
53 1686 1.36351
39 1687 1.38164
33 1688 1.38227
57 1689 1.39124
29 1690 1.4327
51 1691 1.44771
12 1693 1.46043
45 1694 1.48982
32 1695 1.50834
64 1696 1.51159
58 1697 1.53877
19 1699 1.55591
41 1700 1.56064
40 1701 1.56712
23 1702 1.58549
49 1703 1.59873
63 1704 1.60525
7 1706 1.70297
61 1708 1.75901
46 1709 1.78098
47 1711 1.88145
3 1712 1.88674
44 1713 1.92513
52 1714 1.94033
6 1716 2.02747
36 1717 2.02866
24 1719 2.14727
66 1720 2.15076
37 1722 2.18956
30 1723 2.19613
65 1724 2.23483
10 1725 2.2423
27 1727 2.3117
11 1729 2.36572
42 1730 2.41392
43 1731 2.44107
22 1732 2.44919
25 1734 2.47764
67 1735 2.48304
70 1736 2.50683
5 1737 2.51612
59 1738 2.53568
13 1739 2.54179
68 1741 2.56199
18 1742 2.61615
8 1743 2.64427
9 1745 2.71745
50 1746 2.74994
26 1748 2.80836
35 1749 2.81357
60 1750 2.8179
21 1751 2.85254
16 1753 2.88618
55 1754 2.89387
15 1755 2.91786
4 1756 2.93541
31 1757 2.9417
56 1759 2.97681
