77 2129 0 100 32675716 1.27876 1.27876
69 2121 0 100 32646106 1.47876 1.47876
11 2141 0 100 32661180 1.67876 1.67876
65 2138 0 100 32678344 1.87876 1.87876
42 2123 0 100 32677702 2.17876 2.17876
61 2137 0 100 32677524 2.37876 2.37876
12 2147 0 100 32658444 2.37876 2.37876
21 2128 0 100 32657710 2.37876 2.37876
54 2194 0 100 32655740 2.47876 2.47876
31 2185 0 100 32670656 2.57876 2.57876
45 2208 0 100 32652828 2.67876 2.67876
85 2181 0 100 32662156 2.77876 2.77876
57 2190 0 100 32670078 2.77876 2.77876
73 2136 0 100 32665148 2.77876 2.77876
44 2164 0 100 32661500 2.87876 2.87876
22 2176 0 100 32666526 2.87876 2.87876
89 2135 0 100 32644782 2.87876 2.87876
75 2142 0 100 32641232 2.87876 2.87876
86 2149 0 100 32675150 2.97876 2.97876
71 2173 0 100 32681234 2.97876 2.97876
76 2178 0 100 32646526 3.17876 3.17876
70 2182 0 100 32660430 3.27876 3.27876
90 2120 0 100 32677990 3.27876 3.27876
1 2143 0 100 32648940 3.37876 3.37876
15 2187 0 100 32648826 3.37876 3.37876
37 2124 0 100 32627322 3.37876 3.37876
17 2207 0 100 32682860 3.57876 3.57876
5 2152 0 100 32644476 3.57876 3.57876
88 2134 0 100 32645854 3.67876 3.67876
19 2195 0 100 32678520 3.67876 3.67876
63 2210 0 100 32669268 3.67876 3.67876
6 2130 0 100 32658634 3.87876 3.87876
53 2171 0 100 32649072 3.97876 3.97876
51 2127 0 100 32648820 4.07876 4.07876
49 2215 0 100 32679960 4.07876 4.07876
55 2140 0 100 32673478 4.07876 4.07876
7 2153 0 100 32671672 4.07876 4.07876
33 2227 0 100 32672574 4.17876 4.17876
84 2197 0 100 32649490 4.27876 4.27876
39 2177 0 100 32651648 4.37876 4.37876
64 2125 0 100 32648676 4.37876 4.37876
30 2188 0 100 32656994 4.57876 4.57876
52 2193 0 100 32638764 4.57876 4.57876
80 2213 0 100 32675902 4.67876 4.67876
83 2221 0 100 32671470 4.87876 4.87876
38 2165 0 100 32654354 4.97876 4.97876
48 2174 0 100 32673596 5.37876 5.37876
66 2170 0 100 32641494 5.37876 5.37876
56 2161 0 100 32674672 5.47876 5.47876
2 2162 0 100 32645772 5.77876 5.77876
41 2220 0 100 32667422 5.77876 5.77876
79 2225 0 100 32651468 5.87876 5.87876
34 2206 0 100 32667784 5.87876 5.87876
78 2203 0 100 32680908 5.87876 5.87876
24 2168 0 100 32648374 5.87876 5.87876
87 2192 0 100 32656828 5.97876 5.97876
74 2158 0 100 32665088 5.97876 5.97876
13 2146 0 100 32639082 6.07876 6.07876
60 2200 0 100 32651334 6.07876 6.07876
32 2219 0 100 32680254 6.07876 6.07876
47 2183 0 100 32639094 6.07876 6.07876
82 2180 0 100 32653866 6.17876 6.17876
9 2156 0 100 32654576 6.27876 6.27876
59 2144 0 100 32667856 6.27876 6.27876
43 2186 0 100 32645938 6.37876 6.37876
72 2151 0 100 32656058 6.37876 6.37876
68 2163 0 100 32659784 6.57876 6.57876
25 2224 0 100 32645768 6.57876 6.57876
8 2209 0 100 32638616 6.57876 6.57876
67 2212 0 100 32641722 6.77876 6.77876
18 2169 0 100 32674804 6.97876 6.97876
58 2172 0 100 32656022 6.97876 6.97876
20 2228 0 100 32648190 7.47876 7.47876
50 2204 0 100 32671196 7.67876 7.67876
29 2218 0 100 32656686 7.87876 7.87876
81 2217 0 100 32668438 7.97876 7.97876
