7 0.8 0.016 0.784
7 0.784 0.16 0.624
29 0.8 0.016 0.784
29 0.784 0.16 0.624
12 0.8 0.016 0.784
12 0.784 0.16 0.624
15 0.8 0.016 0.784
15 0.784 0.16 0.624
6 0.8 0.016 0.784
6 0.784 0.16 0.624
2 0.8 0.16 0.64
2 0.789871 0.016 0.773871
2 0.773871 0.16 0.613871
25 0.8 0.016 0.784
25 0.784 0.16 0.624
8 0.8 0.16 0.64
8 0.713169 0.016 0.697169
8 0.697169 0.16 0.537169
11 0.8 0.016 0.784
11 0.784 0.16 0.624
26 0.8 0.016 0.784
26 0.784 0.16 0.624
10 0.8 0.016 0.784
10 0.784 0.16 0.624
4 0.8 0.016 0.784
24 0.8 0.016 0.784
24 0.784 0.16 0.624
4 0.784 0.16 0.624
22 0.8 0.16 0.64
22 0.719996 0.016 0.703996
22 0.703996 0.16 0.543996
3 0.8 0.016 0.784
3 0.784 0.16 0.624
23 0.8 0.016 0.784
28 0.8 0.016 0.784
28 0.784 0.16 0.624
23 0.784 0.16 0.624
1 0.8 0.016 0.784
1 0.784 0.16 0.624
16 0.8 0.016 0.784
16 0.784 0.16 0.624
18 0.8 0.016 0.784
18 0.784 0.16 0.624
5 0.8 0.16 0.64
5 0.717164 0.016 0.701164
5 0.701164 0.16 0.541164
21 0.8 0.016 0.784
21 0.784 0.16 0.624
20 0.8 0.16 0.64
20 0.71802 0.016 0.70202
20 0.70202 0.16 0.54202
14 0.8 0.16 0.64
19 0.8 0.16 0.64
14 0.714933 0.016 0.698933
19 0.711892 0.016 0.695892
19 0.695892 0.16 0.535892
14 0.698933 0.16 0.538933
27 0.8 0.016 0.784
30 0.8 0.016 0.784
27 0.784 0.16 0.624
30 0.784 0.16 0.624
9 0.8 0.016 0.784
13 0.8 0.016 0.784
9 0.784 0.16 0.624
13 0.784 0.16 0.624
17 0.8 0.016 0.784
17 0.784 0.16 0.624
