38 0.8 0.016 0.784
38 0.784 0.16 0.624
69 0.8 0.16 0.64
69 0.715173 0.016 0.699173
69 0.699173 0.16 0.539173
26 0.8 0.016 0.784
26 0.784 0.16 0.624
52 0.8 0.16 0.64
80 0.8 0.16 0.64
52 0.716147 0.016 0.700147
80 0.715971 0.016 0.699971
52 0.700147 0.16 0.540147
80 0.699971 0.16 0.539971
49 0.8 0.16 0.64
49 0.718971 0.016 0.702971
49 0.702971 0.16 0.542971
6 0.8 0.016 0.784
6 0.784 0.16 0.624
94 0.8 0.16 0.64
94 0.712322 0.016 0.696322
94 0.696322 0.16 0.536322
99 0.8 0.016 0.784
99 0.784 0.16 0.624
59 0.8 0.016 0.784
85 0.8 0.016 0.784
85 0.784 0.16 0.624
59 0.784 0.16 0.624
30 0.8 0.016 0.784
57 0.8 0.016 0.784
98 0.8 0.016 0.784
57 0.784 0.16 0.624
30 0.784 0.16 0.624
98 0.784 0.16 0.624
48 0.8 0.16 0.64
48 0.64 0.16 0.48
11 0.8 0.016 0.784
11 0.784 0.16 0.624
33 0.8 0.16 0.64
48 0.551462 0.16 0.391462
63 0.8 0.16 0.64
65 0.8 0.16 0.64
33 0.718963 0.016 0.702963
48 0.469151 0.016 0.453151
65 0.714314 0.016 0.698314
96 0.8 0.016 0.784
33 0.702963 0.16 0.542963
48 0.453151 0.16 0.293151
65 0.698314 0.16 0.538314
96 0.784 0.16 0.624
2 0.8 0.16 0.64
63 0.718009 0.16 0.558009
63 0.558009 0.16 0.398009
63 0.398009 0.16 0.238009
2 0.712742 0.016 0.696742
63 0.313818 0.016 0.297818
67 0.8 0.016 0.784
63 0.297818 0.16 0.137818
2 0.696742 0.16 0.536742
67 0.784 0.16 0.624
50 0.8 0.16 0.64
50 0.64 0.16 0.48
19 0.8 0.16 0.64
50 0.48 0.16 0.32
19 0.717182 0.016 0.701182
50 0.39254 0.016 0.37654
19 0.701182 0.16 0.541182
50 0.37654 0.16 0.21654
44 0.8 0.016 0.784
44 0.784 0.16 0.624
45 0.8 0.16 0.64
60 0.8 0.16 0.64
45 0.713924 0.016 0.697924
60 0.713101 0.016 0.697101
60 0.697101 0.16 0.537101
45 0.697924 0.16 0.537924
20 0.8 0.16 0.64
86 0.8 0.16 0.64
93 0.8 0.16 0.64
20 0.64 0.16 0.48
93 0.64 0.16 0.48
20 0.553904 0.016 0.537904
86 0.71593 0.016 0.69993
93 0.550093 0.016 0.534093
95 0.8 0.016 0.784
93 0.534093 0.16 0.374093
86 0.69993 0.16 0.53993
20 0.537904 0.16 0.377904
95 0.784 0.16 0.624
23 0.8 0.16 0.64
55 0.8 0.16 0.64
58 0.8 0.16 0.64
23 0.64 0.16 0.48
55 0.64 0.16 0.48
58 0.64 0.16 0.48
77 0.8 0.16 0.64
23 0.48 0.16 0.32
55 0.48 0.16 0.32
58 0.48 0.16 0.32
77 0.64 0.16 0.48
79 0.8 0.16 0.64
23 0.398274 0.016 0.382274
55 0.393441 0.016 0.377441
58 0.39519 0.016 0.37919
77 0.555399 0.016 0.539399
55 0.377441 0.16 0.217441
58 0.37919 0.16 0.21919
23 0.382274 0.16 0.222274
77 0.539399 0.16 0.379399
92 0.8 0.16 0.64
41 0.8 0.16 0.64
79 0.711383 0.16 0.551383
41 0.64 0.16 0.48
79 0.551383 0.16 0.391383
92 0.64 0.16 0.48
40 0.8 0.016 0.784
41 0.557311 0.016 0.541311
79 0.46628 0.016 0.45028
92 0.550884 0.016 0.534884
40 0.784 0.16 0.624
41 0.541311 0.16 0.381311
79 0.45028 0.16 0.29028
92 0.534884 0.16 0.374884
70 0.8 0.16 0.64
70 0.710266 0.016 0.694266
70 0.694266 0.16 0.534266
36 0.8 0.016 0.784
36 0.784 0.16 0.624
7 0.8 0.016 0.784
25 0.8 0.016 0.784
84 0.8 0.016 0.784
7 0.784 0.16 0.624
25 0.784 0.16 0.624
84 0.784 0.16 0.624
13 0.8 0.16 0.64
14 0.8 0.16 0.64
13 0.64 0.16 0.48
14 0.64 0.16 0.48
13 0.5557 0.016 0.5397
14 0.552891 0.016 0.536891
13 0.5397 0.16 0.3797
14 0.536891 0.16 0.376891
88 0.8 0.016 0.784
88 0.784 0.16 0.624
22 0.8 0.16 0.64
31 0.8 0.16 0.64
35 0.8 0.16 0.64
62 0.8 0.16 0.64
22 0.710234 0.016 0.694234
31 0.711031 0.016 0.695031
35 0.719895 0.016 0.703895
62 0.714011 0.016 0.698011
35 0.703895 0.16 0.543895
22 0.694234 0.16 0.534234
62 0.698011 0.16 0.538011
31 0.695031 0.16 0.535031
1 0.8 0.16 0.64
17 0.8 0.16 0.64
66 0.8 0.16 0.64
71 0.8 0.16 0.64
1 0.64 0.16 0.48
17 0.64 0.16 0.48
66 0.64 0.16 0.48
71 0.64 0.16 0.48
1 0.48 0.16 0.32
1 0.396179 0.016 0.380179
17 0.551428 0.016 0.535428
66 0.5542 0.016 0.5382
71 0.552528 0.016 0.536528
17 0.535428 0.16 0.375428
1 0.380179 0.16 0.220179
66 0.5382 0.16 0.3782
71 0.536528 0.16 0.376528
3 0.8 0.16 0.64
5 0.8 0.16 0.64
32 0.8 0.16 0.64
73 0.8 0.16 0.64
3 0.64 0.16 0.48
32 0.64 0.16 0.48
3 0.48 0.16 0.32
5 0.64 0.16 0.48
32 0.48 0.16 0.32
73 0.64 0.16 0.48
3 0.32 0.16 0.16
5 0.48 0.16 0.32
32 0.32 0.16 0.16
73 0.48 0.16 0.32
3 0.236527 0.016 0.220527
5 0.391421 0.016 0.375421
32 0.238158 0.016 0.222158
73 0.399828 0.016 0.383828
3 0.220527 0.16 0.0605268
5 0.375421 0.16 0.215421
32 0.222158 0.16 0.0621578
73 0.383828 0.16 0.223828
82 0.8 0.16 0.64
82 0.64 0.16 0.48
82 0.48 0.16 0.32
82 0.397009 0.016 0.381009
82 0.381009 0.16 0.221009
10 0.8 0.016 0.784
28 0.8 0.016 0.784
10 0.784 0.16 0.624
28 0.784 0.16 0.624
39 0.8 0.016 0.784
39 0.784 0.16 0.624
74 0.8 0.016 0.784
91 0.8 0.016 0.784
91 0.784 0.16 0.624
74 0.784 0.16 0.624
43 0.8 0.16 0.64
47 0.8 0.16 0.64
47 0.64 0.16 0.48
4 0.8 0.016 0.784
43 0.715372 0.016 0.699372
47 0.557438 0.016 0.541438
43 0.699372 0.16 0.539372
4 0.784 0.16 0.624
47 0.541438 0.16 0.381438
8 0.8 0.16 0.64
61 0.8 0.16 0.64
78 0.8 0.16 0.64
8 0.64 0.16 0.48
56 0.8 0.16 0.64
61 0.64 0.16 0.48
78 0.64 0.16 0.48
8 0.48 0.16 0.32
78 0.48 0.16 0.32
8 0.397301 0.016 0.381301
61 0.553935 0.016 0.537935
78 0.397046 0.016 0.381046
78 0.381046 0.16 0.221046
8 0.381301 0.16 0.221301
61 0.537935 0.16 0.377935
56 0.716134 0.16 0.556134
90 0.8 0.16 0.64
56 0.556134 0.16 0.396134
90 0.64 0.16 0.48
56 0.396134 0.16 0.236134
90 0.48 0.16 0.32
56 0.308083 0.016 0.292083
90 0.395552 0.016 0.379552
56 0.292083 0.16 0.132083
90 0.379552 0.16 0.219552
81 0.8 0.016 0.784
100 0.8 0.016 0.784
81 0.784 0.16 0.624
100 0.784 0.16 0.624
34 0.8 0.16 0.64
46 0.8 0.16 0.64
54 0.8 0.16 0.64
34 0.64 0.16 0.48
46 0.64 0.16 0.48
54 0.64 0.16 0.48
34 0.557797 0.016 0.541797
46 0.550814 0.016 0.534814
54 0.558597 0.016 0.542597
34 0.541797 0.16 0.381797
46 0.534814 0.16 0.374814
54 0.542597 0.16 0.382597
18 0.8 0.16 0.64
18 0.718631 0.016 0.702631
18 0.702631 0.16 0.542631
9 0.8 0.16 0.64
51 0.8 0.16 0.64
97 0.8 0.16 0.64
9 0.712827 0.016 0.696827
51 0.715367 0.016 0.699367
97 0.714447 0.016 0.698447
51 0.699367 0.16 0.539367
97 0.698447 0.16 0.538447
9 0.696827 0.16 0.536827
27 0.8 0.16 0.64
27 0.64 0.16 0.48
27 0.48 0.16 0.32
37 0.8 0.16 0.64
27 0.39705 0.016 0.38105
37 0.718759 0.016 0.702759
37 0.702759 0.16 0.542759
27 0.38105 0.16 0.22105
15 0.8 0.16 0.64
15 0.792842 0.016 0.776842
29 0.8 0.016 0.784
87 0.8 0.016 0.784
29 0.784 0.16 0.624
87 0.784 0.16 0.624
15 0.776842 0.16 0.616842
16 0.8 0.16 0.64
76 0.8 0.16 0.64
16 0.719278 0.016 0.703278
75 0.8 0.016 0.784
76 0.711169 0.016 0.695169
89 0.8 0.016 0.784
16 0.703278 0.16 0.543278
75 0.784 0.16 0.624
76 0.695169 0.16 0.535169
89 0.784 0.16 0.624
64 0.8 0.16 0.64
53 0.8 0.016 0.784
64 0.790588 0.016 0.774588
53 0.784 0.16 0.624
64 0.774588 0.16 0.614588
12 0.8 0.16 0.64
24 0.8 0.16 0.64
12 0.714875 0.016 0.698875
24 0.715451 0.016 0.699451
24 0.699451 0.16 0.539451
12 0.698875 0.16 0.538875
42 0.8 0.16 0.64
42 0.64 0.16 0.48
68 0.8 0.16 0.64
42 0.556219 0.016 0.540219
68 0.713248 0.016 0.697248
68 0.697248 0.16 0.537248
42 0.540219 0.16 0.380219
21 0.8 0.016 0.784
21 0.784 0.16 0.624
72 0.8 0.016 0.784
83 0.8 0.016 0.784
83 0.784 0.16 0.624
72 0.784 0.16 0.624
