0 1250
0 1251
0 1252
0 1253
0 1254
0 1255
0 1256
0 1257
0 1258
0 1259
0 1261
0 1266
0 1267
0 1269
0 1272
28 1271
0 1274
0 1278
0 1283
0 1288
31 1281
0 1291
0 1296
0 1299
0 1301
0 1306
0 1310
15 1268
0 1312
0 1316
0 1321
14 1276
0 1324
12 1320
0 1328
37 1264
0 1330
40 1311
0 1331
13 1260
0 1332
1 1284
5 1273
0 1333
0 1334
0 1335
0 1336
35 1325
0 1337
24 1307
0 1338
0 1339
0 1340
6 1262
38 1305
0 1341
21 1289
41 1300
0 1342
36 1277
30 1282
32 1270
26 1318
0 1343
0 1344
23 1304
0 1345
0 1346
27 1265
0 1347
0 1348
0 1349
4 1322
0 1350
46 1292
0 1351
0 1352
0 1353
39 1319
0 1354
47 1297
44 1314
0 1355
29 1286
3 1263
22 1303
33 1294
0 1356
0 1357
2 1279
0 1358
7 1285
34 1287
0 1359
0 1360
11 1309
20 1275
0 1361
0 1362
49 1280
0 1363
9 1290
0 1364
45 1298
42 1293
50 1327
0 1365
0 1366
0 1367
0 1368
25 1295
43 1302
0 1369
18 1313
0 1370
48 1317
0 1371
17 1326
0 1372
8 1308
19 1315
0 1373
16 1329
0 1374
0 1375
10 1323
0 1376
0 1377
0 1378
0 1379
0 1380
0 1381
0 1382
0 1383
0 1384
0 1385
0 1386
0 1387
0 1388
0 1389
0 1390
0 1391
0 1392
0 1393
0 1394
0 1395
0 1396
0 1397
0 1398
0 1399
0 1400
0 1401
0 1402
0 1403
0 1404
0 1405
0 1406
0 1407
0 1408
0 1409
0 1410
0 1411
0 1412
0 1413
0 1414
0 1415
0 1416
0 1417
0 1418
0 1419
0 1420
0 1421
0 1422
0 1423
0 1424
0 1425
0 1426
0 1427
0 1428
0 1429
0 1430
0 1431
0 1432
0 1433
0 1434
0 1435
0 1436
0 1437
0 1438
0 1439
0 1440
0 1441
0 1442
0 1443
0 1444
0 1445
0 1446
0 1447
0 1448
0 1449
