34 1670 0 100 32680832 1.3541 1.3541
14 1675 0 100 32660816 1.4541 1.4541
32 1695 0 100 32638238 1.5541 1.5541
20 1679 0 100 32651502 1.6541 1.6541
49 1703 0 100 32671964 1.6541 1.6541
53 1686 0 100 32646170 1.8541 1.8541
61 1708 0 100 32642050 1.8541 1.8541
3 1712 0 100 32666650 2.0541 2.0541
51 1691 0 100 32644868 2.1541 2.1541
44 1713 0 100 32644422 2.1541 2.1541
33 1688 0 100 32668588 2.3541 2.3541
29 1690 0 100 32664356 2.4541 2.4541
69 1677 0 100 32658868 2.4541 2.4541
37 1722 0 100 32658536 2.7541 2.7541
2 1672 0 100 32658314 2.8541 2.8541
8 1743 0 100 32673906 3.0541 3.0541
60 1750 0 100 32635568 3.1541 3.1541
59 1738 0 100 32672116 3.2541 3.2541
54 1684 0 100 32658690 3.4541 3.4541
58 1697 0 100 32666692 3.5541 3.5541
16 1753 0 100 32648252 3.7541 3.7541
68 1741 0 100 32656822 3.7541 3.7541
62 1682 0 100 32665038 3.8541 3.8541
6 1716 0 100 32666846 3.8541 3.8541
41 1700 0 100 32653094 3.9541 3.9541
23 1702 0 100 32662834 4.0541 4.0541
40 1701 0 100 32639254 4.1541 4.1541
11 1729 0 100 32658214 4.1541 4.1541
45 1694 0 100 32641368 4.2541 4.2541
63 1704 0 100 32657084 4.2541 4.2541
18 1742 0 100 32659324 4.3541 4.3541
64 1696 0 100 32652626 4.3541 4.3541
15 1755 0 100 32660626 4.4541 4.4541
5 1737 0 100 32645668 4.4541 4.4541
22 1732 0 100 32644642 4.5541 4.5541
25 1734 0 100 32647138 4.7541 4.7541
66 1720 0 100 32659674 4.7541 4.7541
42 1730 0 100 32627750 4.8541 4.8541
70 1736 0 100 32641808 4.8541 4.8541
57 1689 0 100 32659832 4.8541 4.8541
17 1671 0 100 32661050 4.9541 4.9541
24 1719 0 100 32650568 5.0541 5.0541
48 1683 0 100 32656256 5.3541 5.3541
39 1687 0 100 32651874 5.3541 5.3541
46 1709 0 100 32681558 5.4541 5.4541
21 1751 0 100 32665534 5.4541 5.4541
56 1759 0 100 32631014 5.5541 5.5541
47 1711 0 100 32651928 5.6541 5.6541
12 1693 0 100 32632766 5.6541 5.6541
19 1699 0 100 32682422 5.7541 5.7541
38 1681 0 100 32649114 5.9541 5.9541
35 1749 0 100 32649988 6.0541 6.0541
26 1748 0 100 32677752 6.0541 6.0541
28 1674 0 100 32625138 6.0541 6.0541
50 1746 0 100 32673592 6.0541 6.0541
7 1706 0 100 32630886 6.1541 6.1541
52 1714 0 100 32660226 6.3541 6.3541
31 1757 0 100 32654688 6.4541 6.4541
27 1727 0 100 32653916 6.5541 6.5541
10 1725 0 100 32666242 6.6541 6.6541
65 1724 0 100 32660590 6.8541 6.8541
43 1731 0 100 32681638 6.8541 6.8541
36 1717 0 100 32670908 6.9541 6.9541
67 1735 0 100 32652736 7.0541 7.0541
13 1739 0 100 32640046 7.3541 7.3541
9 1745 0 100 32645710 7.7541 7.7541
55 1754 0 100 32663776 7.9541 7.9541
