34 0.8 0.016 0.784
34 0.784 0.16 0.624
14 0.8 0.16 0.64
14 0.719277 0.016 0.703277
14 0.703277 0.16 0.543277
32 0.8 0.016 0.784
32 0.784 0.16 0.624
20 0.8 0.016 0.784
49 0.8 0.016 0.784
20 0.784 0.16 0.624
49 0.784 0.16 0.624
53 0.8 0.016 0.784
61 0.8 0.016 0.784
53 0.784 0.16 0.624
61 0.784 0.16 0.624
3 0.8 0.016 0.784
3 0.784 0.16 0.624
44 0.8 0.16 0.64
51 0.8 0.16 0.64
44 0.713204 0.016 0.697204
51 0.716025 0.016 0.700025
51 0.700025 0.16 0.540025
44 0.697204 0.16 0.537204
30 0.8 0.016 0.784
33 0.8 0.016 0.784
30 0.784 0.16 0.624
33 0.784 0.16 0.624
29 0.8 0.16 0.64
29 0.717371 0.016 0.701371
69 0.8 0.016 0.784
29 0.701371 0.16 0.541371
69 0.784 0.16 0.624
37 0.8 0.016 0.784
37 0.784 0.16 0.624
2 0.8 0.16 0.64
2 0.711995 0.016 0.695995
2 0.695995 0.16 0.535995
8 0.8 0.016 0.784
8 0.784 0.16 0.624
60 0.8 0.16 0.64
60 0.711229 0.016 0.695229
60 0.695229 0.16 0.535229
59 0.8 0.016 0.784
59 0.784 0.16 0.624
54 0.8 0.016 0.784
54 0.784 0.16 0.624
58 0.8 0.016 0.784
58 0.784 0.16 0.624
68 0.8 0.16 0.64
16 0.8 0.016 0.784
68 0.789126 0.016 0.773126
16 0.784 0.16 0.624
68 0.773126 0.16 0.613126
6 0.8 0.16 0.64
6 0.64 0.16 0.48
6 0.557313 0.016 0.541313
62 0.8 0.016 0.784
62 0.784 0.16 0.624
6 0.541313 0.16 0.381313
41 0.8 0.16 0.64
41 0.717317 0.016 0.701317
41 0.701317 0.16 0.541317
23 0.8 0.16 0.64
23 0.710554 0.016 0.694554
23 0.694554 0.16 0.534554
11 0.8 0.16 0.64
11 0.713775 0.016 0.697775
40 0.8 0.016 0.784
40 0.784 0.16 0.624
11 0.697775 0.16 0.537775
45 0.8 0.16 0.64
63 0.8 0.16 0.64
45 0.715253 0.016 0.699253
63 0.71848 0.016 0.70248
45 0.699253 0.16 0.539253
63 0.70248 0.16 0.54248
18 0.8 0.16 0.64
64 0.8 0.16 0.64
18 0.64 0.16 0.48
64 0.64 0.16 0.48
18 0.554713 0.016 0.538713
64 0.556871 0.016 0.540871
18 0.538713 0.16 0.378713
64 0.540871 0.16 0.380871
5 0.8 0.16 0.64
5 0.64 0.16 0.48
5 0.551839 0.016 0.535839
15 0.8 0.016 0.784
15 0.784 0.16 0.624
5 0.535839 0.16 0.375839
22 0.8 0.16 0.64
22 0.715687 0.016 0.699687
22 0.699687 0.16 0.539687
25 0.8 0.016 0.784
66 0.8 0.016 0.784
25 0.784 0.16 0.624
66 0.784 0.16 0.624
42 0.8 0.16 0.64
57 0.8 0.16 0.64
42 0.64 0.16 0.48
57 0.64 0.16 0.48
70 0.8 0.16 0.64
42 0.554957 0.016 0.538957
57 0.556483 0.016 0.540483
70 0.712288 0.016 0.696288
42 0.538957 0.16 0.378957
70 0.696288 0.16 0.536288
57 0.540483 0.16 0.380483
17 0.8 0.16 0.64
17 0.712964 0.016 0.696964
17 0.696964 0.16 0.536964
24 0.8 0.016 0.784
24 0.784 0.16 0.624
39 0.8 0.016 0.784
48 0.8 0.016 0.784
48 0.784 0.16 0.624
39 0.784 0.16 0.624
21 0.8 0.16 0.64
21 0.712241 0.016 0.696241
46 0.8 0.016 0.784
46 0.784 0.16 0.624
21 0.696241 0.16 0.536241
12 0.8 0.16 0.64
56 0.8 0.16 0.64
56 0.64 0.16 0.48
56 0.556095 0.016 0.540095
56 0.540095 0.16 0.380095
12 0.716587 0.16 0.556587
12 0.634387 0.016 0.618387
47 0.8 0.016 0.784
47 0.784 0.16 0.624
12 0.618387 0.16 0.458387
1 0.8 0.16 0.64
1 0.64 0.16 0.48
1 0.552579 0.016 0.536579
19 0.8 0.016 0.784
1 0.536579 0.16 0.376579
19 0.784 0.16 0.624
38 0.8 0.016 0.784
38 0.784 0.16 0.624
28 0.8 0.16 0.64
35 0.8 0.16 0.64
50 0.8 0.16 0.64
26 0.8 0.016 0.784
28 0.715695 0.016 0.699695
35 0.71119 0.016 0.69519
50 0.712443 0.016 0.696443
35 0.69519 0.16 0.53519
26 0.784 0.16 0.624
28 0.699695 0.16 0.539695
50 0.696443 0.16 0.536443
7 0.8 0.16 0.64
7 0.64 0.16 0.48
7 0.48 0.16 0.32
7 0.393462 0.016 0.377462
7 0.377462 0.16 0.217462
52 0.8 0.016 0.784
52 0.784 0.16 0.624
31 0.8 0.016 0.784
31 0.784 0.16 0.624
27 0.8 0.16 0.64
27 0.719271 0.016 0.703271
27 0.703271 0.16 0.543271
10 0.8 0.16 0.64
10 0.714746 0.016 0.698746
10 0.698746 0.16 0.538746
43 0.8 0.016 0.784
65 0.8 0.016 0.784
65 0.784 0.16 0.624
43 0.784 0.16 0.624
36 0.8 0.16 0.64
36 0.64 0.16 0.48
36 0.556904 0.016 0.540904
36 0.540904 0.16 0.380904
67 0.8 0.16 0.64
67 0.718554 0.016 0.702554
67 0.702554 0.16 0.542554
4 0.8 0.016 0.784
13 0.8 0.016 0.784
4 0.784 0.16 0.624
13 0.784 0.16 0.624
9 0.8 0.016 0.784
9 0.784 0.16 0.624
55 0.8 0.016 0.784
55 0.784 0.16 0.624
