0 2110
0 2111
0 2112
0 2113
0 2114
0 2115
0 2116
0 2117
0 2118
0 2119
0 2122
0 2126
0 2133
77 2129
0 2139
0 2145
69 2121
0 2148
0 2150
11 2141
0 2154
0 2159
65 2138
0 2167
0 2175
0 2179
42 2123
0 2184
0 2189
61 2137
12 2147
21 2128
0 2201
4 2191
10 2166
54 2194
0 2205
31 2185
0 2211
45 2208
0 2216
85 2181
57 2190
73 2136
0 2223
44 2164
22 2176
89 2135
75 2142
0 2226
86 2149
71 2173
0 2230
0 2231
76 2178
0 2232
46 2202
70 2182
90 2120
0 2233
1 2143
15 2187
37 2124
0 2234
0 2235
17 2207
5 2152
0 2236
3 2132
88 2134
19 2195
62 2131
63 2210
0 2237
0 2238
6 2130
0 2239
53 2171
0 2240
51 2127
49 2215
28 2199
55 2140
7 2153
0 2241
33 2227
0 2242
27 2229
40 2222
84 2197
0 2243
39 2177
64 2125
0 2244
0 2245
30 2188
52 2193
0 2246
80 2213
0 2247
0 2248
83 2221
0 2249
38 2165
0 2250
0 2251
0 2252
0 2253
36 2157
48 2174
66 2170
0 2254
14 2214
26 2155
56 2161
0 2255
0 2256
0 2257
2 2162
41 2220
0 2258
16 2196
79 2225
34 2206
78 2203
24 2168
0 2259
87 2192
74 2158
0 2260
13 2146
60 2200
32 2219
47 2183
0 2261
82 2180
0 2262
9 2156
35 2198
59 2144
0 2263
43 2186
72 2151
0 2264
0 2265
68 2163
25 2224
8 2209
0 2266
0 2267
23 2160
67 2212
0 2268
0 2269
18 2169
58 2172
0 2270
0 2271
0 2272
0 2273
0 2274
20 2228
0 2275
0 2276
50 2204
0 2277
0 2278
29 2218
0 2279
81 2217
0 2280
0 2281
0 2282
0 2283
0 2284
0 2285
0 2286
0 2287
0 2288
0 2289
0 2290
0 2291
0 2292
0 2293
0 2294
0 2295
0 2296
0 2297
0 2298
0 2299
0 2300
0 2301
0 2302
0 2303
0 2304
0 2305
0 2306
0 2307
0 2308
0 2309
0 2310
0 2311
0 2312
0 2313
0 2314
0 2315
0 2316
0 2317
0 2318
0 2319
0 2320
0 2321
0 2322
0 2323
0 2324
0 2325
0 2326
0 2327
0 2328
0 2329
0 2330
0 2331
0 2332
0 2333
0 2334
0 2335
0 2336
0 2337
0 2338
0 2339
0 2340
0 2341
0 2342
0 2343
0 2344
0 2345
0 2346
0 2347
0 2348
0 2349
