16 0.8 0.016 0.784
16 0.784 0.16 0.624
18 0.8 0.016 0.784
18 0.784 0.16 0.624
13 0.8 0.016 0.784
13 0.784 0.16 0.624
4 0.8 0.016 0.784
4 0.784 0.16 0.624
7 0.8 0.016 0.784
7 0.784 0.16 0.624
2 0.8 0.016 0.784
2 0.784 0.16 0.624
8 0.8 0.16 0.64
8 0.717504 0.016 0.701504
8 0.701504 0.16 0.541504
15 0.8 0.016 0.784
15 0.784 0.16 0.624
3 0.8 0.016 0.784
3 0.784 0.16 0.624
5 0.8 0.16 0.64
5 0.71016 0.016 0.69416
5 0.69416 0.16 0.53416
1 0.8 0.016 0.784
20 0.8 0.016 0.784
20 0.784 0.16 0.624
1 0.784 0.16 0.624
12 0.8 0.016 0.784
14 0.8 0.016 0.784
14 0.784 0.16 0.624
12 0.784 0.16 0.624
11 0.8 0.016 0.784
11 0.784 0.16 0.624
19 0.8 0.016 0.784
19 0.784 0.16 0.624
9 0.8 0.016 0.784
9 0.784 0.16 0.624
10 0.8 0.16 0.64
10 0.713025 0.016 0.697025
10 0.697025 0.16 0.537025
6 0.8 0.016 0.784
6 0.784 0.16 0.624
17 0.8 0.016 0.784
17 0.784 0.16 0.624
