73 280 1.05854
70 281 1.07818
24 282 1.11941
72 283 1.14878
22 284 1.15052
33 285 1.16407
67 286 1.16864
69 287 1.23387
43 288 1.24188
28 289 1.25271
10 290 1.26562
39 291 1.29414
20 292 1.34392
71 293 1.35821
65 294 1.42257
59 295 1.43831
9 296 1.45371
11 297 1.46146
77 298 1.51626
47 299 1.52789
60 300 1.64387
52 301 1.64712
34 302 1.65245
48 303 1.66131
19 304 1.67236
42 305 1.69493
63 306 1.7221
61 307 1.74218
3 308 1.74545
2 309 1.74729
36 310 1.7501
12 311 1.75394
68 312 1.813
38 313 1.82329
32 314 1.83386
79 315 1.83775
66 316 1.85433
44 317 1.86036
29 318 1.86979
80 319 1.93511
16 320 1.93707
78 321 2.0269
7 322 2.06819
62 323 2.10318
31 324 2.14485
35 325 2.14497
26 326 2.16176
49 327 2.18781
18 328 2.18857
13 329 2.26734
21 330 2.28206
57 331 2.28654
76 332 2.31864
15 333 2.36418
30 334 2.4489
53 335 2.45154
4 336 2.46358
40 337 2.52128
51 338 2.54493
1 339 2.56125
55 340 2.56192
74 341 2.57302
6 342 2.59765
58 343 2.62967
25 344 2.63343
46 345 2.66965
27 346 2.67398
37 347 2.69624
50 348 2.69858
23 349 2.71082
8 350 2.74732
56 351 2.78298
14 352 2.85541
45 353 2.86533
17 354 2.93408
54 355 2.97399
5 356 2.97663
75 357 2.97785
41 358 2.99174
64 359 2.99783
