51 450 1.01047
83 451 1.0238
53 452 1.05225
56 453 1.06599
58 454 1.10629
17 455 1.12517
78 456 1.13739
49 457 1.14381
63 458 1.16244
1 459 1.2074
48 460 1.24504
14 461 1.25001
21 462 1.27786
20 463 1.34914
42 464 1.36776
81 465 1.37273
88 466 1.3855
19 467 1.40116
50 468 1.44553
94 469 1.46586
71 470 1.4721
27 471 1.47727
36 472 1.53627
11 473 1.58825
69 474 1.59608
74 475 1.59767
2 476 1.63589
75 477 1.68076
6 478 1.71619
60 479 1.72516
34 480 1.73672
7 481 1.73956
66 482 1.76989
46 483 1.7776
8 484 1.7909
24 485 1.81954
39 486 1.83878
95 487 1.8437
73 488 1.8552
33 489 1.85773
72 490 1.8741
44 491 1.87492
65 492 1.93552
100 493 1.93791
18 494 1.93996
59 495 1.94022
99 496 1.95115
76 497 1.95505
92 498 1.95579
98 499 1.96869
32 500 1.98472
38 501 2.02606
3 502 2.05271
70 503 2.0639
80 504 2.07795
23 505 2.09915
22 506 2.12822
31 507 2.1297
85 508 2.16529
13 509 2.19659
43 510 2.25991
97 511 2.28081
54 512 2.28827
26 513 2.31916
52 514 2.34034
15 515 2.34786
47 516 2.38169
16 517 2.38883
9 518 2.39137
84 519 2.42469
4 520 2.43855
37 521 2.46289
41 522 2.47333
40 523 2.48264
90 524 2.50613
96 525 2.50635
91 526 2.5136
35 527 2.52188
62 528 2.56266
67 529 2.57231
30 530 2.61307
64 531 2.62053
93 532 2.67921
87 533 2.69098
28 534 2.70607
55 535 2.72175
79 536 2.72925
86 537 2.73114
68 538 2.73743
12 539 2.75874
57 540 2.76375
82 541 2.76571
77 542 2.81299
10 543 2.81336
61 544 2.83111
25 545 2.86135
29 546 2.86485
45 547 2.91678
5 548 2.97885
89 549 2.99577
