5 150 1.00269
10 151 1.12411
58 152 1.15588
34 153 1.15917
56 154 1.1673
51 155 1.16731
60 156 1.18562
30 157 1.29513
23 158 1.32517
14 159 1.3367
12 160 1.36479
59 161 1.42751
54 162 1.45207
45 163 1.47637
24 164 1.48042
50 165 1.54062
38 166 1.57777
15 167 1.58598
7 168 1.5973
41 169 1.66296
39 170 1.66833
26 171 1.67555
4 172 1.70405
33 173 1.70495
19 174 1.7196
3 175 1.73523
47 176 1.76023
13 177 1.78126
11 178 1.78358
48 179 1.83872
43 180 1.89003
44 181 1.92917
2 182 1.93437
31 183 1.94966
9 184 1.98259
28 185 2.10322
16 186 2.1192
8 187 2.20054
32 188 2.24221
35 189 2.30582
17 190 2.31657
55 191 2.33714
27 192 2.34108
49 193 2.38971
29 194 2.43733
40 195 2.4457
46 196 2.50442
6 197 2.54841
57 198 2.56735
1 199 2.57793
20 200 2.65023
42 201 2.76296
53 202 2.77894
21 203 2.86273
52 204 2.86983
22 205 2.89077
25 206 2.91004
18 207 2.96835
36 208 2.97016
37 209 2.99363
