51 450
83 451
53 452
56 453
58 454
17 455
78 456
49 457
63 458
1 459
48 460
14 461
21 462
20 463
42 464
81 465
88 466
19 467
50 468
94 469
71 470
27 471
36 472
11 473
69 474
74 475
2 476
75 477
6 478
60 479
34 480
7 481
66 482
46 483
8 484
24 485
39 486
95 487
73 488
33 489
72 490
44 491
65 492
100 493
18 494
59 495
99 496
76 497
92 498
98 499
32 500
38 501
3 502
70 503
80 504
23 505
22 506
31 507
85 508
13 509
43 510
97 511
54 512
26 513
52 514
15 515
47 516
16 517
9 518
84 519
4 520
37 521
41 522
40 523
90 524
96 525
91 526
35 527
62 528
67 529
30 530
64 531
93 532
87 533
28 534
55 535
79 536
86 537
68 538
12 539
57 540
82 541
77 542
10 543
61 544
25 545
29 546
45 547
5 548
89 549
