36 60 1.00961
33 61 1.0356
35 62 1.08731
12 63 1.1056
17 64 1.11053
27 65 1.14206
16 66 1.16872
26 67 1.17487
10 68 1.20967
18 69 1.30305
1 70 1.38374
5 71 1.41386
19 72 1.43277
38 73 1.44338
39 74 1.4614
15 75 1.55581
7 76 1.74678
30 77 1.78907
4 78 1.8431
23 79 1.92643
21 80 1.92779
9 81 1.97682
6 82 2.00516
14 83 2.08535
11 84 2.12803
31 85 2.14097
22 86 2.30576
28 87 2.30931
34 88 2.38842
40 89 2.41665
29 90 2.44997
25 91 2.5777
2 92 2.58082
32 93 2.67454
8 94 2.69452
13 95 2.79345
3 96 2.79352
24 97 2.814
20 98 2.82539
37 99 2.82792
