22 360 1.04296
64 361 1.05773
82 362 1.0983
63 363 1.10524
42 364 1.10876
86 365 1.13329
40 366 1.2209
33 367 1.22899
49 368 1.24141
43 369 1.25349
51 370 1.26951
24 371 1.301
4 372 1.30966
53 373 1.37833
48 374 1.38925
76 375 1.4945
83 376 1.49966
28 377 1.51064
15 378 1.51429
68 379 1.52847
11 380 1.54317
73 381 1.54413
60 382 1.55846
47 383 1.57745
29 384 1.58016
36 385 1.60492
26 386 1.61204
65 387 1.65525
56 388 1.75983
14 389 1.78275
44 390 1.79463
27 391 1.79542
88 392 1.79864
35 393 1.82835
5 394 1.84411
55 395 1.85511
39 396 1.85536
85 397 1.97322
72 398 2.00574
59 399 2.01753
38 400 2.0375
57 401 2.0509
10 402 2.05943
75 403 2.06278
67 404 2.16981
12 405 2.1887
7 406 2.19015
13 407 2.19258
78 408 2.21352
74 409 2.21699
8 410 2.22732
37 411 2.23857
41 412 2.25384
16 413 2.27587
71 414 2.27693
66 415 2.28401
21 416 2.28572
50 417 2.30816
31 418 2.30848
25 419 2.32088
32 420 2.33588
58 421 2.33677
30 422 2.3372
17 423 2.34038
81 424 2.36616
23 425 2.37274
80 426 2.38991
45 427 2.42055
34 428 2.4214
6 429 2.43802
77 430 2.45396
87 431 2.50547
2 432 2.52259
84 433 2.52644
90 434 2.58259
52 435 2.61857
89 436 2.64466
62 437 2.65903
46 438 2.68655
1 439 2.73523
69 440 2.80024
61 441 2.80331
3 442 2.8306
9 443 2.84097
54 444 2.92805
19 445 2.94366
79 446 2.95707
20 447 2.96117
18 448 2.9647
70 449 2.97052
