73 280
70 281
24 282
72 283
22 284
33 285
67 286
69 287
43 288
28 289
10 290
39 291
20 292
71 293
65 294
59 295
9 296
11 297
77 298
47 299
60 300
52 301
34 302
48 303
19 304
42 305
63 306
61 307
3 308
2 309
36 310
12 311
68 312
38 313
32 314
79 315
66 316
44 317
29 318
80 319
16 320
78 321
7 322
62 323
31 324
35 325
26 326
49 327
18 328
13 329
21 330
57 331
76 332
15 333
30 334
53 335
4 336
40 337
51 338
1 339
55 340
74 341
6 342
58 343
25 344
46 345
27 346
37 347
50 348
23 349
8 350
56 351
14 352
45 353
17 354
54 355
5 356
75 357
41 358
64 359
