20 0.8 0.016 0.784
20 0.784 0.16 0.624
6 0.8 0.016 0.784
6 0.784 0.16 0.624
4 0.8 0.016 0.784
9 0.8 0.016 0.784
9 0.784 0.16 0.624
4 0.784 0.16 0.624
4 0.624 0.16 0.464
18 0.8 0.016 0.784
18 0.784 0.16 0.624
19 0.8 0.016 0.784
19 0.784 0.16 0.624
17 0.8 0.016 0.784
17 0.784 0.16 0.624
12 0.8 0.016 0.784
12 0.784 0.16 0.624
15 0.8 0.016 0.784
15 0.784 0.16 0.624
5 0.8 0.016 0.784
7 0.8 0.016 0.784
7 0.784 0.16 0.624
5 0.784 0.16 0.624
1 0.8 0.16 0.64
1 0.710413 0.016 0.694413
1 0.694413 0.16 0.534413
2 0.8 0.16 0.64
2 0.714668 0.016 0.698668
2 0.698668 0.16 0.538668
8 0.8 0.016 0.784
8 0.784 0.16 0.624
11 0.8 0.16 0.64
11 0.716159 0.016 0.700159
11 0.700159 0.16 0.540159
10 0.8 0.016 0.784
10 0.784 0.16 0.624
13 0.8 0.016 0.784
16 0.8 0.016 0.784
16 0.784 0.16 0.624
13 0.784 0.16 0.624
14 0.8 0.016 0.784
14 0.784 0.16 0.624
3 0.8 0.016 0.784
3 0.784 0.16 0.624
