36 4410 1.01338
35 4412 1.03876
85 4413 1.04033
33 4414 1.05622
18 4415 1.06875
38 4416 1.11748
12 4418 1.13986
53 4419 1.16221
82 4420 1.20104
68 4422 1.25441
30 4423 1.3266
15 4425 1.32935
69 4426 1.35153
3 4427 1.39385
86 4428 1.39735
14 4430 1.43472
13 4431 1.45511
67 4432 1.46264
73 4433 1.47878
31 4434 1.48456
24 4436 1.52979
72 4437 1.53801
66 4438 1.54921
84 4439 1.58127
27 4440 1.59248
78 4441 1.60293
98 4442 1.61254
93 4443 1.6276
60 4445 1.66612
29 4446 1.67443
65 4447 1.68892
56 4448 1.69668
42 4449 1.70212
58 4450 1.72367
99 4452 1.78631
43 4453 1.7917
74 4454 1.79888
9 4455 1.81006
22 4457 1.83079
8 4458 1.84465
79 4459 1.84708
54 4460 1.85471
16 4461 1.8581
80 4462 1.86156
81 4463 1.92478
100 4465 1.92973
62 4466 1.93611
91 4467 1.95463
32 4468 1.96011
76 4469 1.9785
40 4470 2.01778
25 4471 2.02265
2 4472 2.02706
39 4474 2.04499
45 4475 2.05204
90 4476 2.05324
34 4477 2.08324
70 4478 2.11186
89 4479 2.11944
23 4481 2.14829
97 4482 2.1536
50 4483 2.17179
48 4484 2.21429
59 4486 2.23103
28 4487 2.25501
10 4488 2.28472
5 4489 2.29404
20 4491 2.34749
71 4492 2.37276
19 4493 2.40711
37 4494 2.42322
83 4496 2.46318
55 4497 2.46969
1 4498 2.47067
6 4499 2.51333
92 4500 2.52375
17 4502 2.57409
11 4504 2.64404
75 4505 2.64822
4 4506 2.68396
94 4508 2.73469
61 4509 2.74517
41 4510 2.74721
7 4511 2.76378
26 4512 2.77114
52 4513 2.7887
51 4514 2.8016
57 4515 2.8026
47 4516 2.81433
49 4518 2.84344
88 4519 2.86569
96 4520 2.91309
95 4521 2.91343
21 4522 2.9261
77 4524 2.9326
44 4525 2.93386
63 4526 2.93565
87 4527 2.94781
64 4528 2.94783
46 4529 2.97129
