30 3120 1.01468
9 3122 1.07682
32 3123 1.08269
15 3124 1.08451
24 3126 1.18129
10 3127 1.19693
18 3128 1.23358
3 3130 1.33449
4 3132 1.36438
13 3133 1.39266
36 3135 1.50744
11 3136 1.51694
20 3139 1.67889
7 3140 1.72753
38 3144 1.96895
14 3145 2.01331
1 3146 2.02591
25 3148 2.07667
12 3149 2.12953
31 3150 2.13183
16 3151 2.13624
5 3153 2.16214
27 3154 2.20402
21 3156 2.24506
19 3157 2.26598
29 3158 2.32025
37 3159 2.32371
35 3161 2.35946
39 3162 2.40219
8 3163 2.4364
33 3165 2.50177
6 3166 2.51353
28 3168 2.56152
17 3169 2.57469
22 3170 2.62983
26 3174 2.84487
40 3175 2.88322
23 3176 2.90822
2 3177 2.93999
34 3179 2.95953
