24 3944 0 100 88861228 1.37026 1.37026
2 3977 0 100 121553552 1.87026 1.87026
13 3992 0 100 88874108 1.97026 1.97026
7 3971 0 100 154271888 2.17026 2.17026
43 3984 0 100 154295072 2.17026 2.17026
28 3975 0 100 121572938 2.27026 2.27026
48 4010 0 100 154267624 2.27026 2.27026
57 3970 0 100 88871192 2.37026 2.37026
73 3949 0 100 154242952 2.37026 2.37026
30 3966 0 100 88872236 2.57026 2.57026
80 4013 0 100 121573196 2.57026 2.57026
29 3953 0 100 154285832 2.57026 2.57026
35 3978 0 100 121541054 2.67026 2.67026
62 3987 0 100 154276096 2.67026 2.67026
69 3972 0 100 121571594 2.97026 2.97026
51 3959 0 100 154268376 2.97026 2.97026
19 3985 0 100 154271152 2.97026 2.97026
61 4009 0 100 121553840 3.07026 3.07026
10 4035 0 100 154278240 3.07026 3.07026
31 4038 0 100 154290688 3.07026 3.07026
12 3996 0 100 88860844 3.17026 3.17026
25 4018 0 100 121554620 3.27026 3.27026
8 3964 0 100 154277120 3.27026 3.27026
36 3943 0 100 121555334 3.37026 3.37026
45 3961 0 100 121568522 3.37026 3.37026
72 4019 0 100 121546340 3.77026 3.77026
11 3957 0 100 154271688 3.77026 3.77026
71 4027 0 100 88867764 3.87026 3.87026
77 3994 0 100 121533440 3.97026 3.97026
55 4034 0 100 154265672 3.97026 3.97026
23 4032 0 100 154288408 3.97026 3.97026
40 4037 0 100 154293496 4.17026 4.17026
70 3986 0 100 121566416 4.27026 4.27026
20 3946 0 100 121568798 4.27026 4.27026
79 4001 0 100 88866400 4.37026 4.37026
42 3998 0 100 121573514 4.37026 4.37026
4 3963 0 100 154283352 4.37026 4.37026
14 4014 0 100 154270432 4.47026 4.47026
65 3997 0 100 88873656 4.57026 4.57026
17 4003 0 100 154256384 4.57026 4.57026
5 4020 0 100 56194886 4.67026 4.67026
52 3962 0 100 88871904 4.67026 4.67026
22 3951 0 100 88874492 4.67026 4.67026
75 3973 0 100 88853988 4.87026 4.87026
46 3956 0 100 88857844 4.87026 4.87026
49 3942 0 100 121530350 4.87026 4.87026
56 3988 0 100 121540844 4.87026 4.87026
47 3954 0 100 121541468 4.87026 4.87026
64 4026 0 100 121558166 4.87026 4.87026
38 4011 0 100 154290064 4.97026 4.97026
32 3968 0 100 56198312 5.37026 5.37026
37 3976 0 100 88860692 5.37026 5.37026
54 3980 0 100 88871848 5.37026 5.37026
16 4008 0 100 121571468 5.37026 5.37026
15 4000 0 100 154266656 5.47026 5.47026
21 4021 0 100 154285088 5.47026 5.47026
66 3941 0 116 156870192 5.47026 5.47026
76 3967 0 100 88852504 5.67026 5.67026
63 3947 0 100 154256840 5.67026 5.67026
74 3945 0 100 88875692 5.77026 5.77026
26 4039 0 100 121546082 5.77026 5.77026
33 4004 0 100 121536926 5.87026 5.87026
9 3958 0 100 121564412 5.97026 5.97026
67 3995 0 100 56203552 6.07026 6.07026
60 3950 0 100 88859792 6.07026 6.07026
34 3991 0 100 121537328 6.07026 6.07026
50 4017 0 100 121548176 6.07026 6.07026
59 4002 0 100 121532348 6.17026 6.17026
44 4025 0 100 121564910 6.17026 6.17026
53 4005 0 100 121543658 6.27026 6.27026
3 3981 0 100 154257656 6.27026 6.27026
6 3979 0 100 88860404 6.37026 6.37026
27 4023 0 100 121566602 6.37026 6.37026
41 3990 0 100 88875064 6.97026 6.97026
58 4007 0 100 88855852 7.07026 7.07026
1 4030 0 100 88856532 7.17026 7.17026
78 4029 0 100 121535834 7.57026 7.57026
68 4033 0 100 121549976 7.97026 7.97026
