56 3519 0 100 154273832 1.35468 1.35468
57 3526 0 100 23573600 1.45468 1.45468
55 3527 0 100 121538498 1.45468 1.45468
22 3546 0 100 88853988 1.85468 1.85468
35 3534 0 100 56208728 2.05468 2.05468
4 3515 0 100 88857828 2.05468 2.05468
50 3518 0 100 121546310 2.05468 2.05468
8 3529 0 100 121567658 2.25468 2.25468
19 3523 0 100 154274184 2.25468 2.25468
30 3533 0 100 56199718 2.45468 2.45468
43 3571 0 100 88871968 2.55468 2.55468
27 3548 0 100 121553936 2.55468 2.55468
32 3530 0 100 154244232 2.55468 2.55468
5 3566 0 100 154272824 2.55468 2.55468
41 3569 0 100 154281432 2.55468 2.55468
42 3565 0 100 56195238 2.65468 2.65468
60 3576 0 100 88872420 2.65468 2.65468
3 3537 0 100 88861116 2.75468 2.75468
6 3531 0 100 121561334 3.15468 3.15468
44 3521 0 100 121562516 3.15468 3.15468
18 3539 0 100 154306328 3.15468 3.15468
16 3563 0 100 154283600 3.25468 3.25468
48 3575 0 100 154260464 3.45468 3.45468
33 3532 0 100 154265216 3.45468 3.45468
21 3553 0 100 154283072 3.45468 3.45468
23 3579 0 100 121566512 3.65468 3.65468
45 3589 0 100 56196154 3.75468 3.75468
9 3552 0 100 121571246 3.75468 3.75468
39 3578 0 100 88857660 3.85468 3.85468
31 3510 0 100 121554266 3.85468 3.85468
36 3583 0 100 88864772 4.05468 4.05468
58 3536 0 100 56202370 4.15468 4.15468
26 3560 0 100 154254072 4.15468 4.15468
7 3541 0 100 154292280 4.15468 4.15468
47 3586 0 100 154243608 4.25468 4.25468
29 3557 0 100 88867092 4.45468 4.45468
49 3587 0 100 121566356 4.45468 4.45468
24 3572 0 100 88847944 4.65468 4.65468
54 3520 0 100 88853424 4.65468 4.65468
15 3585 0 100 88875136 4.65468 4.65468
37 3549 0 100 121573124 4.65468 4.65468
11 3573 0 100 154291456 4.75468 4.75468
20 3516 0 100 88869040 4.85468 4.85468
25 3580 0 100 88845868 4.95468 4.95468
17 3513 0 100 121533776 5.05468 5.05468
40 3540 0 100 154259824 5.35468 5.35468
38 3554 0 100 121563686 5.55468 5.55468
52 3556 0 100 121569140 5.55468 5.55468
53 3550 0 100 154304416 5.85468 5.85468
59 3542 0 100 56207560 5.95468 5.95468
14 3562 0 100 121531400 5.95468 5.95468
34 3524 0 100 121530284 6.05468 6.05468
12 3568 0 100 88871512 6.25468 6.25468
46 3512 0 100 121568252 6.25468 6.25468
51 3545 0 100 154244448 6.35468 6.35468
13 3525 0 100 154275832 6.35468 6.35468
10 3558 0 100 88865096 6.85468 6.85468
2 3544 0 100 121549424 6.95468 6.95468
28 3582 0 100 121545092 7.25468 7.25468
