0 3710
0 3711
0 3712
0 3713
0 3714
0 3715
0 3716
0 3717
0 3718
0 3719
0 3721
0 3727
0 3734
0 3739
0 3746
0 3748
30 3747
0 3752
38 3735
0 3758
50 3724
0 3765
52 3759
0 3769
48 3728
20 3753
0 3772
0 3776
46 3756
1 3729
0 3782
11 3732
0 3786
51 3771
27 3764
54 3723
0 3789
16 3763
58 3757
0 3792
0 3793
28 3726
0 3797
47 3795
5 3787
0 3800
0 3806
69 3802
0 3810
3 3725
32 3743
0 3811
37 3781
0 3812
10 3751
0 3813
0 3814
12 3750
66 3805
55 3788
0 3815
40 3720
68 3742
39 3780
0 3816
67 3740
0 3817
44 3738
0 3818
0 3819
18 3779
33 3785
2 3762
59 3783
0 3820
8 3799
0 3821
24 3777
0 3822
7 3755
0 3823
25 3775
36 3767
0 3824
22 3745
62 3768
0 3825
0 3826
0 3827
41 3754
13 3791
65 3749
34 3770
0 3828
45 3761
57 3773
42 3733
0 3829
19 3784
31 3766
0 3830
14 3737
63 3790
0 3831
0 3832
0 3833
0 3834
4 3722
15 3774
0 3835
6 3760
29 3736
4 3722
0 3836
0 3837
0 3838
35 3741
0 3839
0 3840
26 3744
0 3841
49 3731
0 3842
21 3730
0 3843
0 3844
0 3845
60 3794
0 3846
0 3847
0 3848
43 3801
0 3849
0 3850
70 3808
17 3803
0 3851
9 3778
56 3798
0 3852
0 3853
0 3854
0 3855
61 3804
53 3796
0 3856
0 3857
0 3858
0 3859
0 3860
23 3807
64 3809
0 3861
0 3862
0 3863
0 3864
0 3865
0 3866
0 3867
0 3868
0 3869
0 3870
0 3871
0 3872
0 3873
0 3874
0 3875
0 3876
0 3877
0 3878
0 3879
0 3880
0 3881
0 3882
0 3883
0 3884
0 3885
0 3886
0 3887
0 3888
0 3889
0 3890
0 3891
0 3892
0 3893
0 3894
0 3895
0 3896
0 3897
0 3898
0 3899
0 3900
0 3901
0 3902
0 3903
0 3904
0 3905
0 3906
0 3907
0 3908
0 3909
0 3910
0 3911
0 3912
0 3913
0 3914
0 3915
0 3916
0 3917
0 3918
0 3919
0 3920
0 3921
0 3922
0 3923
0 3924
0 3925
0 3926
0 3927
0 3928
0 3929
