30 3747 0 100 121531400 1.51766 1.51766
38 3735 0 100 154294248 1.61766 1.61766
50 3724 0 100 88871372 1.71766 1.71766
52 3759 0 100 88845364 1.81766 1.81766
48 3728 0 100 154269984 1.91766 1.91766
20 3753 0 100 154288688 1.91766 1.91766
46 3756 0 100 121536176 2.11766 2.11766
1 3729 0 100 121546670 2.11766 2.11766
11 3732 0 100 154248656 2.21766 2.21766
51 3771 0 100 154243920 2.31766 2.31766
27 3764 0 100 154292704 2.31766 2.31766
54 3723 0 100 154302600 2.31766 2.31766
16 3763 0 100 88867440 2.41766 2.41766
58 3757 0 100 88872800 2.41766 2.41766
28 3726 0 100 88875760 2.61766 2.61766
47 3795 0 100 121545536 2.71766 2.71766
5 3787 0 100 121549076 2.71766 2.71766
69 3802 0 100 88869540 2.91766 2.91766
3 3725 0 100 88872620 3.01766 3.01766
32 3743 0 100 88875388 3.01766 3.01766
37 3781 0 100 121533134 3.11766 3.11766
10 3751 0 100 121569476 3.21766 3.21766
12 3750 0 100 88860936 3.41766 3.41766
66 3805 0 100 88869032 3.41766 3.41766
55 3788 0 100 121538834 3.41766 3.41766
40 3720 0 100 56203614 3.51766 3.51766
68 3742 0 100 121541702 3.51766 3.51766
39 3780 0 100 121567694 3.51766 3.51766
67 3740 0 100 88861688 3.61766 3.61766
44 3738 0 100 121541744 3.71766 3.71766
18 3779 0 100 56201498 3.91766 3.91766
33 3785 0 100 88866492 3.91766 3.91766
2 3762 0 100 121555052 3.91766 3.91766
59 3783 0 100 121564754 3.91766 3.91766
8 3799 0 100 121546466 4.01766 4.01766
24 3777 0 100 154269216 4.11766 4.11766
7 3755 0 100 154244416 4.21766 4.21766
25 3775 0 100 56206456 4.31766 4.31766
36 3767 0 100 154304272 4.31766 4.31766
22 3745 0 100 56195526 4.41766 4.41766
62 3768 0 100 154263896 4.41766 4.41766
41 3754 0 100 88871540 4.71766 4.71766
13 3791 0 100 121554500 4.71766 4.71766
65 3749 0 100 154275592 4.71766 4.71766
34 3770 0 100 154277696 4.71766 4.71766
45 3761 0 100 121574408 4.81766 4.81766
57 3773 0 100 154272000 4.81766 4.81766
42 3733 0 100 154282608 4.81766 4.81766
19 3784 0 100 88845848 4.91766 4.91766
31 3766 0 100 154262552 4.91766 4.91766
14 3737 0 100 88874540 5.01766 5.01766
63 3790 0 100 154267944 5.01766 5.01766
15 3774 0 100 154256848 5.41766 5.41766
6 3760 0 100 88869896 5.51766 5.51766
29 3736 0 100 121572050 5.51766 5.51766
35 3741 0 100 154276400 5.81766 5.81766
26 3744 0 100 88874280 6.01766 6.01766
49 3731 0 100 154290216 6.11766 6.11766
21 3730 0 100 121551056 6.21766 6.21766
60 3794 0 100 154262080 6.51766 6.51766
43 3801 0 100 88863092 6.81766 6.81766
70 3808 0 100 121540622 7.01766 7.01766
17 3803 0 100 154299616 7.01766 7.01766
9 3778 0 100 88869440 7.11766 7.11766
56 3798 0 100 154263728 7.11766 7.11766
61 3804 0 100 88872388 7.51766 7.51766
53 3796 0 100 121570736 7.51766 7.51766
23 3807 0 100 88862492 8.01766 8.01766
64 3809 0 100 121547564 8.01766 8.01766
