0 4400
0 4401
0 4402
0 4403
0 4404
0 4405
0 4406
0 4407
0 4408
0 4409
0 4411
0 4417
0 4421
0 4424
0 4429
3 4427
0 4435
0 4444
72 4437
0 4451
0 4456
69 4426
29 4446
0 4464
0 4473
0 4480
0 4485
0 4490
70 4478
67 4432
74 4454
93 4443
0 4495
16 4461
2 4472
0 4501
0 4503
81 4463
0 4507
0 4517
56 4448
10 4488
0 4523
9 4455
73 4433
37 4494
78 4441
0 4530
97 4482
28 4487
44 4525
0 4531
58 4450
68 4422
55 4497
0 4532
15 4425
0 4533
8 4458
89 4479
53 4419
0 4534
12 4418
21 4522
100 4465
0 4535
66 4438
36 4410
100 4465
42 4449
0 4536
0 4537
34 4477
0 4538
22 4457
86 4428
0 4539
18 4415
0 4540
0 4541
49 4518
77 4524
23 4481
0 4542
91 4467
98 4442
0 4543
43 4453
4 4506
61 4509
0 4544
39 4474
62 4466
0 4545
5 4489
54 4460
30 4423
0 4546
71 4492
0 4547
83 4496
35 4412
0 4548
65 4447
41 4510
0 4549
47 4516
94 4508
7 4511
26 4512
0 4550
27 4440
0 4551
0 4552
0 4553
20 4491
0 4554
46 4529
99 4452
92 4500
85 4413
0 4555
79 4459
24 4436
52 4513
88 4519
0 4556
76 4469
31 4434
0 4557
48 4484
38 4416
80 4462
33 4414
0 4558
11 4504
45 4475
0 4559
0 4560
82 4420
0 4561
84 4439
79 4459
0 4562
63 4526
60 4445
6 4499
32 4468
13 4431
11 4504
0 4563
40 4470
13 4431
32 4468
51 4514
0 4564
90 4476
0 4565
14 4430
0 4566
59 4486
0 4567
0 4568
0 4569
25 4471
50 4483
0 4570
0 4571
64 4528
95 4521
17 4502
0 4572
75 4505
0 4573
57 4515
0 4574
19 4493
0 4575
87 4527
1 4498
0 4576
0 4577
0 4578
0 4579
96 4520
0 4580
0 4581
0 4582
0 4583
0 4584
0 4585
0 4586
0 4587
0 4588
0 4589
0 4590
0 4591
0 4592
0 4593
0 4594
0 4595
0 4596
0 4597
0 4598
0 4599
0 4600
0 4601
0 4602
0 4603
0 4604
0 4605
0 4606
0 4607
0 4608
0 4609
0 4610
0 4611
0 4612
0 4613
0 4614
0 4615
0 4616
0 4617
0 4618
0 4619
0 4620
0 4621
0 4622
0 4623
0 4624
0 4625
0 4626
0 4627
0 4628
0 4629
0 4630
0 4631
0 4632
0 4633
0 4634
0 4635
0 4636
0 4637
0 4638
0 4639
0 4640
0 4641
0 4642
0 4643
0 4644
0 4645
0 4646
0 4647
0 4648
0 4649
