26 4174 0 100 121547492 1.1588 1.1588
50 4187 0 100 121542284 1.4588 1.4588
83 4181 0 100 154245800 1.4588 1.4588
46 4170 0 100 56195514 1.6588 1.6588
27 4185 0 100 121549082 1.6588 1.6588
87 4215 0 100 88847324 1.9588 1.9588
69 4214 0 100 88873148 1.9588 1.9588
52 4218 0 100 121560698 2.0588 2.0588
84 4193 0 100 154279352 2.2588 2.2588
28 4194 0 100 154260704 2.3588 2.3588
45 4183 0 100 154287448 2.3588 2.3588
38 4225 0 100 121573088 2.4588 2.4588
23 4243 0 100 121574318 2.4588 2.4588
82 4189 0 100 121545578 2.5588 2.5588
33 4246 0 100 154284064 2.5588 2.5588
55 4175 0 100 121537766 2.8588 2.8588
32 4206 0 100 154244112 2.8588 2.8588
31 4191 0 100 88846336 2.9588 2.9588
5 4186 0 100 88862212 2.9588 2.9588
62 4250 0 100 88867604 2.9588 2.9588
11 4201 0 100 88872120 2.9588 2.9588
30 4227 0 100 121536416 3.1588 3.1588
49 4241 0 100 56205306 3.2588 3.2588
3 4247 0 100 121550432 3.2588 3.2588
74 4240 0 100 121560674 3.2588 3.2588
42 4275 0 100 121561526 3.2588 3.2588
16 4210 0 100 88862132 3.3588 3.3588
41 4203 0 100 121534274 3.4588 3.4588
39 4234 0 100 154297928 3.4588 3.4588
22 4232 0 100 56207100 3.6588 3.6588
24 4192 0 100 56207606 3.6588 3.6588
20 4204 0 100 88871064 3.8588 3.8588
37 4176 0 100 121529426 3.8588 3.8588
68 4200 0 100 121574414 3.8588 3.8588
19 4233 0 100 154287864 3.8588 3.8588
75 4179 0 100 121553858 4.0588 4.0588
61 4259 0 100 88873536 4.1588 4.1588
4 4205 0 100 121561682 4.1588 4.1588
48 4235 0 100 154264904 4.1588 4.1588
40 4262 0 100 154301448 4.1588 4.1588
86 4236 0 100 121549106 4.2588 4.2588
72 4272 0 100 88867200 4.4588 4.4588
21 4222 0 100 154281152 4.5588 4.5588
57 4270 0 100 121538720 4.6588 4.6588
80 4226 0 100 154248920 4.6588 4.6588
1 4217 0 100 88863108 4.7588 4.7588
6 4172 0 100 154261328 4.7588 4.7588
73 4196 0 100 121533806 4.9588 4.9588
43 4180 0 100 121560284 4.9588 4.9588
76 4213 0 100 154288448 5.2588 5.2588
17 4264 0 100 88845416 5.3588 5.3588
29 4221 0 100 121560326 5.3588 5.3588
9 4251 0 100 154264776 5.3588 5.3588
47 4265 0 100 154271312 5.3588 5.3588
35 4208 0 100 121540760 5.4588 5.4588
88 4261 0 100 154244072 5.5588 5.5588
53 4257 0 100 121570226 5.6588 5.6588
25 4253 0 100 154265808 5.7588 5.7588
70 4228 0 100 154274312 5.7588 5.7588
66 4244 0 100 154292208 5.7588 5.7588
10 4211 0 100 121540328 5.8588 5.8588
60 4278 0 100 121548530 5.8588 5.8588
59 4198 0 100 121557044 5.8588 5.8588
78 4173 0 100 88850440 5.9588 5.9588
36 4219 0 100 88870020 6.0588 6.0588
81 4252 0 100 121568246 6.0588 6.0588
15 4178 0 100 154274824 6.1588 6.1588
44 4248 0 100 154300000 6.1588 6.1588
85 4188 0 100 154254824 6.2588 6.2588
79 4268 0 100 154280672 6.3588 6.3588
67 4209 0 100 88849064 6.4588 6.4588
51 4230 0 100 121552274 6.4588 6.4588
54 4224 0 100 154242816 6.4588 6.4588
2 4195 0 100 154255440 6.4588 6.4588
8 4271 0 100 121532672 6.5588 6.5588
63 4266 0 100 121543586 6.6588 6.6588
64 4220 0 100 121561322 6.6588 6.6588
71 4202 0 100 121535882 6.7588 6.7588
14 4256 0 100 154263008 6.7588 6.7588
90 4238 0 100 154273536 6.7588 6.7588
77 4237 0 100 88851128 6.8588 6.8588
12 4277 0 100 88870364 6.8588 6.8588
65 4258 0 100 121529648 6.9588 6.9588
34 4260 0 100 88866632 7.1588 7.1588
89 4267 0 100 154258616 7.2588 7.2588
18 4255 0 100 154254328 7.4588 7.4588
56 4273 0 100 121558412 7.9588 7.9588
7 4274 0 100 88862916 8.0588 8.0588
13 4279 0 100 154298544 8.0588 8.0588
