40 3720 1.00041
4 3722 1.03874
54 3723 1.04991
50 3724 1.05111
3 3725 1.08842
28 3726 1.11376
48 3728 1.11991
1 3729 1.15027
21 3730 1.16143
49 3731 1.17863
11 3732 1.17936
42 3733 1.19077
38 3735 1.22466
29 3736 1.25806
14 3737 1.30426
44 3738 1.31357
67 3740 1.35925
35 3741 1.36
68 3742 1.36604
32 3743 1.37847
26 3744 1.39769
22 3745 1.40574
30 3747 1.46481
65 3749 1.52633
12 3750 1.53315
10 3751 1.53974
20 3753 1.62797
41 3754 1.62968
7 3755 1.64642
46 3756 1.67344
58 3757 1.68691
52 3759 1.74556
6 3760 1.74921
45 3761 1.74997
2 3762 1.76087
16 3763 1.77795
27 3764 1.81085
31 3766 1.8293
36 3767 1.91518
62 3768 1.91523
34 3770 2.00632
51 3771 2.01354
57 3773 2.04281
15 3774 2.05758
25 3775 2.07438
24 3777 2.11976
9 3778 2.13032
18 3779 2.1313
39 3780 2.1405
37 3781 2.17206
59 3783 2.24099
19 3784 2.24329
33 3785 2.28922
5 3787 2.36127
55 3788 2.39959
63 3790 2.46568
13 3791 2.50695
60 3794 2.636
47 3795 2.67051
53 3796 2.68419
56 3798 2.72202
8 3799 2.78833
43 3801 2.86782
69 3802 2.87336
17 3803 2.88749
61 3804 2.89487
66 3805 2.9141
23 3807 2.9223
70 3808 2.98353
64 3809 2.98963
