3 4427 0 100 154274416 1.42844 1.42844
72 4437 0 100 56206012 1.62844 1.62844
69 4426 0 100 121536344 1.82844 1.82844
29 4446 0 100 154280760 1.82844 1.82844
70 4478 0 100 56203132 2.32844 2.32844
67 4432 0 100 88865912 2.32844 2.32844
74 4454 0 100 121570706 2.32844 2.32844
93 4443 0 100 154302208 2.32844 2.32844
16 4461 0 100 88874948 2.42844 2.42844
2 4472 0 100 121558460 2.42844 2.42844
81 4463 0 100 154260128 2.62844 2.62844
56 4448 0 100 56208632 2.82844 2.82844
10 4488 0 100 154275152 2.82844 2.82844
9 4455 0 100 88858560 2.92844 2.92844
73 4433 0 100 121543892 2.92844 2.92844
37 4494 0 100 121545680 2.92844 2.92844
78 4441 0 100 121552370 2.92844 2.92844
97 4482 0 100 88863296 3.02844 3.02844
28 4487 0 100 154250504 3.02844 3.02844
44 4525 0 100 154266240 3.02844 3.02844
58 4450 0 100 121534862 3.12844 3.12844
68 4422 0 100 121559348 3.12844 3.12844
55 4497 0 100 121563410 3.12844 3.12844
15 4425 0 100 121557902 3.22844 3.22844
8 4458 0 100 88868840 3.32844 3.32844
89 4479 0 100 121533884 3.32844 3.32844
53 4419 0 100 154245952 3.32844 3.32844
12 4418 0 100 121556870 3.42844 3.42844
21 4522 0 100 154243688 3.42844 3.42844
42 4449 0 100 154278192 3.52844 3.52844
34 4477 0 100 154246144 3.72844 3.72844
22 4457 0 100 121539128 3.82844 3.82844
86 4428 0 100 121569956 3.82844 3.82844
18 4415 0 100 88847612 3.92844 3.92844
49 4518 0 100 121548296 4.12844 4.12844
77 4524 0 100 121556126 4.12844 4.12844
23 4481 0 100 154273552 4.12844 4.12844
91 4467 0 100 56199562 4.22844 4.22844
98 4442 0 100 154284720 4.22844 4.22844
43 4453 0 100 56207740 4.32844 4.32844
4 4506 0 100 121542512 4.32844 4.32844
61 4509 0 100 121574030 4.32844 4.32844
39 4474 0 100 121548566 4.42844 4.42844
62 4466 0 100 154296056 4.42844 4.42844
5 4489 0 100 88853884 4.52844 4.52844
54 4460 0 100 121554776 4.52844 4.52844
30 4423 0 100 121574414 4.52844 4.52844
71 4492 0 100 121566410 4.62844 4.62844
83 4496 0 100 121543304 4.72844 4.72844
35 4412 0 100 154255640 4.72844 4.72844
65 4447 0 100 121539536 4.82844 4.82844
41 4510 0 100 154291136 4.82844 4.82844
47 4516 0 100 88862436 4.92844 4.92844
94 4508 0 100 121541528 4.92844 4.92844
7 4511 0 100 121541858 4.92844 4.92844
26 4512 0 100 121548992 4.92844 4.92844
27 4440 0 100 121540622 5.02844 5.02844
20 4491 0 100 121556648 5.32844 5.32844
46 4529 0 100 88850816 5.42844 5.42844
99 4452 0 100 121537910 5.42844 5.42844
85 4413 0 100 154247080 5.42844 5.42844
24 4436 0 100 121558724 5.52844 5.52844
52 4513 0 100 154274896 5.52844 5.52844
88 4519 0 100 154303528 5.52844 5.52844
76 4469 0 100 88854528 5.62844 5.62844
31 4434 0 100 154267968 5.62844 5.62844
48 4484 0 100 88865432 5.72844 5.72844
38 4416 0 100 121533596 5.72844 5.72844
80 4462 0 100 121550534 5.72844 5.72844
33 4414 0 100 121569698 5.72844 5.72844
11 4504 0 116 58790358 5.82844 5.82844
45 4475 0 100 154297328 5.82844 5.82844
82 4420 0 100 88851588 6.02844 6.02844
84 4439 0 100 56206346 6.12844 6.12844
63 4526 0 100 121545614 6.22844 6.22844
60 4445 0 100 121570058 6.22844 6.22844
6 4499 0 100 121571168 6.22844 6.22844
40 4470 0 100 121558796 6.32844 6.32844
51 4514 0 100 154277456 6.32844 6.32844
90 4476 0 100 88873772 6.42844 6.42844
14 4430 0 100 154281800 6.52844 6.52844
59 4486 0 100 88862392 6.62844 6.62844
25 4471 0 100 88863056 6.92844 6.92844
50 4483 0 100 121567550 6.92844 6.92844
64 4528 0 100 121535978 7.12844 7.12844
95 4521 0 100 121573496 7.12844 7.12844
17 4502 0 100 154304248 7.12844 7.12844
75 4505 0 100 121527650 7.22844 7.22844
57 4515 0 100 121571582 7.32844 7.32844
19 4493 0 100 88865484 7.42844 7.42844
87 4527 0 100 154263384 7.52844 7.52844
1 4498 0 100 154302784 7.52844 7.52844
96 4520 0 100 88859824 7.92844 7.92844
