26 0.8 0.016 0.784
26 0.784 0.16 0.624
50 0.8 0.016 0.784
83 0.8 0.016 0.784
50 0.784 0.16 0.624
83 0.784 0.16 0.624
83 0.624 0.16 0.464
27 0.8 0.016 0.784
46 0.8 0.016 0.784
46 0.784 0.16 0.624
27 0.784 0.16 0.624
27 0.624 0.16 0.464
69 0.8 0.016 0.784
87 0.8 0.016 0.784
87 0.784 0.16 0.624
69 0.784 0.16 0.624
52 0.8 0.016 0.784
52 0.784 0.16 0.624
84 0.8 0.016 0.784
84 0.784 0.16 0.624
28 0.8 0.16 0.64
28 0.716031 0.016 0.700031
45 0.8 0.016 0.784
28 0.700031 0.16 0.540031
45 0.784 0.16 0.624
38 0.8 0.16 0.64
38 0.64 0.16 0.48
23 0.8 0.016 0.784
38 0.557201 0.016 0.541201
38 0.541201 0.16 0.381201
23 0.784 0.16 0.624
82 0.8 0.16 0.64
82 0.64 0.16 0.48
33 0.8 0.016 0.784
82 0.552122 0.016 0.536122
82 0.536122 0.16 0.376122
33 0.784 0.16 0.624
32 0.8 0.016 0.784
55 0.8 0.016 0.784
55 0.784 0.16 0.624
5 0.8 0.16 0.64
31 0.8 0.16 0.64
32 0.784 0.16 0.624
62 0.8 0.16 0.64
32 0.624 0.16 0.464
5 0.64 0.16 0.48
31 0.64 0.16 0.48
62 0.64 0.16 0.48
5 0.556688 0.016 0.540688
11 0.8 0.016 0.784
31 0.556775 0.016 0.540775
62 0.556561 0.016 0.540561
31 0.540775 0.16 0.380775
5 0.540688 0.16 0.380688
62 0.540561 0.16 0.380561
11 0.784 0.16 0.624
30 0.8 0.016 0.784
30 0.784 0.16 0.624
3 0.8 0.16 0.64
42 0.8 0.16 0.64
49 0.8 0.16 0.64
74 0.8 0.16 0.64
3 0.714858 0.016 0.698858
42 0.719521 0.016 0.703521
49 0.714809 0.016 0.698809
74 0.718217 0.016 0.702217
49 0.698809 0.16 0.538809
3 0.698858 0.16 0.538858
42 0.703521 0.16 0.543521
74 0.702217 0.16 0.542217
3 0.538858 0.16 0.378858
74 0.542217 0.16 0.382217
42 0.543521 0.16 0.383521
16 0.8 0.16 0.64
16 0.64 0.16 0.48
16 0.559646 0.016 0.543646
16 0.543646 0.16 0.383646
39 0.8 0.016 0.784
41 0.8 0.016 0.784
41 0.784 0.16 0.624
39 0.784 0.16 0.624
39 0.624 0.16 0.464
24 0.8 0.16 0.64
22 0.8 0.016 0.784
24 0.787688 0.016 0.771688
22 0.784 0.16 0.624
24 0.771688 0.16 0.611688
19 0.8 0.016 0.784
20 0.8 0.016 0.784
37 0.8 0.016 0.784
68 0.8 0.016 0.784
20 0.784 0.16 0.624
19 0.784 0.16 0.624
37 0.784 0.16 0.624
68 0.784 0.16 0.624
37 0.624 0.16 0.464
68 0.624 0.16 0.464
19 0.624 0.16 0.464
19 0.464 0.16 0.304
19 0.304 0.16 0.144
75 0.8 0.016 0.784
75 0.784 0.16 0.624
4 0.8 0.16 0.64
48 0.8 0.16 0.64
61 0.8 0.16 0.64
4 0.719544 0.016 0.703544
40 0.8 0.016 0.784
48 0.711361 0.016 0.695361
61 0.715788 0.016 0.699788
61 0.699788 0.16 0.539788
4 0.703544 0.16 0.543544
40 0.784 0.16 0.624
48 0.695361 0.16 0.535361
4 0.543544 0.16 0.383544
40 0.624 0.16 0.464
48 0.535361 0.16 0.375361
48 0.375361 0.16 0.215361
40 0.464 0.16 0.304
86 0.8 0.16 0.64
86 0.64 0.16 0.48
86 0.552704 0.016 0.536704
86 0.536704 0.16 0.376704
72 0.8 0.016 0.784
72 0.784 0.16 0.624
21 0.8 0.016 0.784
21 0.784 0.16 0.624
6 0.8 0.16 0.64
57 0.8 0.16 0.64
80 0.8 0.16 0.64
57 0.710091 0.016 0.694091
80 0.714126 0.016 0.698126
57 0.694091 0.16 0.534091
6 0.714839 0.16 0.554839
80 0.698126 0.16 0.538126
80 0.538126 0.16 0.378126
1 0.8 0.16 0.64
6 0.554839 0.16 0.394839
1 0.710574 0.016 0.694574
6 0.471235 0.016 0.455235
1 0.694574 0.16 0.534574
6 0.455235 0.16 0.295235
6 0.295235 0.16 0.135235
43 0.8 0.016 0.784
73 0.8 0.016 0.784
73 0.784 0.16 0.624
43 0.784 0.16 0.624
76 0.8 0.016 0.784
76 0.784 0.16 0.624
9 0.8 0.16 0.64
17 0.8 0.16 0.64
29 0.8 0.16 0.64
47 0.8 0.16 0.64
9 0.717418 0.016 0.701418
17 0.716704 0.016 0.700704
29 0.714382 0.016 0.698382
47 0.711354 0.016 0.695354
17 0.700704 0.16 0.540704
9 0.701418 0.16 0.541418
29 0.698382 0.16 0.538382
35 0.8 0.16 0.64
47 0.695354 0.16 0.535354
29 0.538382 0.16 0.378382
9 0.541418 0.16 0.381418
35 0.64 0.16 0.48
47 0.535354 0.16 0.375354
9 0.381418 0.16 0.221418
47 0.375354 0.16 0.215354
35 0.48 0.16 0.32
35 0.32 0.16 0.16
35 0.230868 0.016 0.214868
35 0.214868 0.16 0.0548684
88 0.8 0.16 0.64
88 0.712834 0.016 0.696834
88 0.696834 0.16 0.536834
53 0.8 0.16 0.64
53 0.716256 0.016 0.700256
53 0.700256 0.16 0.540256
25 0.8 0.016 0.784
66 0.8 0.016 0.784
70 0.8 0.016 0.784
25 0.784 0.16 0.624
70 0.784 0.16 0.624
66 0.784 0.16 0.624
10 0.8 0.16 0.64
59 0.8 0.16 0.64
60 0.8 0.16 0.64
10 0.64 0.16 0.48
59 0.64 0.16 0.48
60 0.64 0.16 0.48
10 0.48 0.16 0.32
59 0.48 0.16 0.32
60 0.48 0.16 0.32
10 0.395034 0.016 0.379034
59 0.394041 0.016 0.378041
60 0.392313 0.016 0.376313
10 0.379034 0.16 0.219034
60 0.376313 0.16 0.216313
59 0.378041 0.16 0.218041
78 0.8 0.016 0.784
78 0.784 0.16 0.624
36 0.8 0.16 0.64
36 0.710891 0.016 0.694891
81 0.8 0.016 0.784
36 0.694891 0.16 0.534891
81 0.784 0.16 0.624
81 0.624 0.16 0.464
15 0.8 0.16 0.64
44 0.8 0.16 0.64
15 0.716327 0.016 0.700327
44 0.713763 0.016 0.697763
15 0.700327 0.16 0.540327
44 0.697763 0.16 0.537763
85 0.8 0.16 0.64
85 0.64 0.16 0.48
85 0.552363 0.016 0.536363
85 0.536363 0.16 0.376363
79 0.8 0.16 0.64
79 0.712166 0.016 0.696166
79 0.696166 0.16 0.536166
54 0.8 0.16 0.64
67 0.8 0.16 0.64
2 0.8 0.016 0.784
51 0.8 0.016 0.784
54 0.711079 0.016 0.695079
67 0.71614 0.016 0.70014
67 0.70014 0.16 0.54014
2 0.784 0.16 0.624
51 0.784 0.16 0.624
54 0.695079 0.16 0.535079
51 0.624 0.16 0.464
2 0.624 0.16 0.464
8 0.8 0.16 0.64
54 0.535079 0.16 0.375079
54 0.375079 0.16 0.215079
2 0.464 0.16 0.304
8 0.64 0.16 0.48
8 0.48 0.16 0.32
8 0.398688 0.016 0.382688
8 0.382688 0.16 0.222688
63 0.8 0.16 0.64
64 0.8 0.16 0.64
63 0.71596 0.016 0.69996
64 0.71125 0.016 0.69525
63 0.69996 0.16 0.53996
64 0.69525 0.16 0.53525
14 0.8 0.16 0.64
71 0.8 0.16 0.64
14 0.719903 0.016 0.703903
71 0.711571 0.016 0.695571
90 0.8 0.016 0.784
71 0.695571 0.16 0.535571
12 0.8 0.16 0.64
14 0.703903 0.16 0.543903
58 0.8 0.16 0.64
77 0.8 0.16 0.64
90 0.784 0.16 0.624
14 0.543903 0.16 0.383903
90 0.624 0.16 0.464
12 0.64 0.16 0.48
58 0.64 0.16 0.48
77 0.64 0.16 0.48
12 0.48 0.16 0.32
58 0.48 0.16 0.32
65 0.8 0.16 0.64
77 0.48 0.16 0.32
12 0.39904 0.016 0.38304
58 0.395097 0.016 0.379097
77 0.397423 0.016 0.381423
77 0.381423 0.16 0.221423
12 0.38304 0.16 0.22304
58 0.379097 0.16 0.219097
65 0.71125 0.16 0.55125
58 0.219097 0.16 0.0590969
65 0.55125 0.16 0.39125
58 0.133047 0.016 0.117047
65 0.469734 0.016 0.453734
65 0.453734 0.16 0.293734
58 0.117047 0.16 -0.0429532
34 0.8 0.016 0.784
34 0.784 0.16 0.624
89 0.8 0.016 0.784
89 0.784 0.16 0.624
58 0.30515 0.16 0.14515
18 0.8 0.016 0.784
58 0.219994 0.16 0.0599943
18 0.784 0.16 0.624
56 0.8 0.016 0.784
56 0.784 0.16 0.624
7 0.8 0.16 0.64
13 0.8 0.16 0.64
7 0.711794 0.016 0.695794
13 0.714798 0.016 0.698798
7 0.695794 0.16 0.535794
13 0.698798 0.16 0.538798
13 0.538798 0.16 0.378798
