3 0.8 0.016 0.784
3 0.784 0.16 0.624
72 0.8 0.016 0.784
72 0.784 0.16 0.624
29 0.8 0.016 0.784
69 0.8 0.016 0.784
69 0.784 0.16 0.624
29 0.784 0.16 0.624
29 0.624 0.16 0.464
67 0.8 0.016 0.784
70 0.8 0.016 0.784
74 0.8 0.016 0.784
93 0.8 0.016 0.784
70 0.784 0.16 0.624
16 0.8 0.16 0.64
67 0.784 0.16 0.624
74 0.784 0.16 0.624
93 0.784 0.16 0.624
67 0.624 0.16 0.464
2 0.8 0.16 0.64
16 0.64 0.16 0.48
74 0.624 0.16 0.464
93 0.624 0.16 0.464
74 0.464 0.16 0.304
2 0.64 0.16 0.48
16 0.48 0.16 0.32
93 0.464 0.16 0.304
93 0.304 0.16 0.144
2 0.48 0.16 0.32
16 0.32 0.16 0.16
2 0.394357 0.016 0.378357
16 0.233752 0.016 0.217752
16 0.217752 0.16 0.0577517
2 0.378357 0.16 0.218357
2 0.218357 0.16 0.058357
81 0.8 0.016 0.784
81 0.784 0.16 0.624
10 0.8 0.016 0.784
56 0.8 0.016 0.784
56 0.784 0.16 0.624
9 0.8 0.16 0.64
10 0.784 0.16 0.624
37 0.8 0.16 0.64
73 0.8 0.16 0.64
10 0.624 0.16 0.464
9 0.64 0.16 0.48
37 0.64 0.16 0.48
73 0.64 0.16 0.48
9 0.555842 0.016 0.539842
37 0.552542 0.016 0.536542
73 0.551 0.016 0.535
78 0.8 0.016 0.784
100 0.8 0.016 0.784
9 0.539842 0.16 0.379842
28 0.8 0.16 0.64
36 0.8 0.16 0.64
37 0.536542 0.16 0.376542
66 0.8 0.16 0.64
73 0.535 0.16 0.375
78 0.784 0.16 0.624
97 0.8 0.16 0.64
100 0.784 0.16 0.624
73 0.375 0.16 0.215
37 0.376542 0.16 0.216542
78 0.624 0.16 0.464
28 0.64 0.16 0.48
36 0.64 0.16 0.48
66 0.64 0.16 0.48
97 0.64 0.16 0.48
100 0.624 0.16 0.464
36 0.48 0.16 0.32
66 0.48 0.16 0.32
100 0.464 0.16 0.304
28 0.48 0.16 0.32
36 0.32 0.16 0.16
66 0.32 0.16 0.16
97 0.48 0.16 0.32
100 0.304 0.16 0.144
28 0.392781 0.016 0.376781
36 0.230696 0.016 0.214696
44 0.8 0.016 0.784
66 0.230138 0.016 0.214138
97 0.397955 0.016 0.381955
100 0.219525 0.016 0.203525
97 0.381955 0.16 0.221955
28 0.376781 0.16 0.216781
36 0.214696 0.16 0.0546961
44 0.784 0.16 0.624
55 0.8 0.16 0.64
58 0.8 0.16 0.64
66 0.214138 0.16 0.0541375
100 0.203525 0.16 0.0435251
28 0.216781 0.16 0.0567811
44 0.624 0.16 0.464
36 0.0546961 0.16 -0.105304
55 0.64 0.16 0.48
58 0.64 0.16 0.48
66 0.0541375 0.16 -0.105862
100 0.0435251 0.16 -0.116475
36 0 0.16 -0.16
55 0.48 0.16 0.32
58 0.48 0.16 0.32
68 0.8 0.16 0.64
55 0.392381 0.016 0.376381
58 0.396241 0.016 0.380241
68 0.719898 0.016 0.703898
58 0.380241 0.16 0.220241
68 0.703898 0.16 0.543898
55 0.376381 0.16 0.216381
15 0.8 0.16 0.64
15 0.717391 0.016 0.701391
15 0.701391 0.16 0.541391
8 0.8 0.16 0.64
53 0.8 0.16 0.64
89 0.8 0.16 0.64
8 0.717958 0.016 0.701958
53 0.711048 0.016 0.695048
89 0.717296 0.016 0.701296
8 0.701958 0.16 0.541958
53 0.695048 0.16 0.535048
89 0.701296 0.16 0.541296
89 0.541296 0.16 0.381296
12 0.8 0.16 0.64
21 0.8 0.16 0.64
53 0.535048 0.16 0.375048
53 0.375048 0.16 0.215048
12 0.64 0.16 0.48
21 0.64 0.16 0.48
12 0.557534 0.016 0.541534
21 0.552457 0.016 0.536457
12 0.541534 0.16 0.381534
21 0.536457 0.16 0.376457
21 0.376457 0.16 0.216457
100 0.300606 0.16 0.140606
36 0.300142 0.16 0.140142
66 0.303824 0.16 0.143824
42 0.8 0.016 0.784
66 0.216651 0.16 0.0566514
100 0.216427 0.16 0.056427
36 0.210903 0.16 0.0509033
42 0.784 0.16 0.624
34 0.8 0.016 0.784
34 0.784 0.16 0.624
22 0.8 0.16 0.64
22 0.715933 0.016 0.699933
86 0.8 0.016 0.784
22 0.699933 0.16 0.539933
86 0.784 0.16 0.624
18 0.8 0.16 0.64
18 0.713085 0.016 0.697085
18 0.697085 0.16 0.537085
23 0.8 0.016 0.784
49 0.8 0.016 0.784
77 0.8 0.016 0.784
49 0.784 0.16 0.624
77 0.784 0.16 0.624
23 0.784 0.16 0.624
91 0.8 0.16 0.64
23 0.624 0.16 0.464
91 0.64 0.16 0.48
23 0.464 0.16 0.304
91 0.48 0.16 0.32
91 0.399431 0.016 0.383431
98 0.8 0.016 0.784
91 0.383431 0.16 0.223431
43 0.8 0.16 0.64
98 0.784 0.16 0.624
98 0.624 0.16 0.464
4 0.8 0.16 0.64
43 0.64 0.16 0.48
61 0.8 0.16 0.64
4 0.710106 0.016 0.694106
43 0.550913 0.016 0.534913
61 0.716935 0.016 0.700935
43 0.534913 0.16 0.374913
4 0.694106 0.16 0.534106
39 0.8 0.16 0.64
61 0.700935 0.16 0.540935
4 0.534106 0.16 0.374106
61 0.540935 0.16 0.380935
39 0.64 0.16 0.48
39 0.48 0.16 0.32
39 0.399812 0.016 0.383812
62 0.8 0.016 0.784
39 0.383812 0.16 0.223812
5 0.8 0.16 0.64
62 0.784 0.16 0.624
62 0.624 0.16 0.464
5 0.64 0.16 0.48
30 0.8 0.16 0.64
54 0.8 0.16 0.64
5 0.555892 0.016 0.539892
30 0.715826 0.016 0.699826
54 0.711239 0.016 0.695239
5 0.539892 0.16 0.379892
30 0.699826 0.16 0.539826
54 0.695239 0.16 0.535239
54 0.535239 0.16 0.375239
30 0.539826 0.16 0.379826
71 0.8 0.16 0.64
71 0.64 0.16 0.48
71 0.555368 0.016 0.539368
71 0.539368 0.16 0.379368
35 0.8 0.16 0.64
83 0.8 0.16 0.64
35 0.714489 0.016 0.698489
83 0.715713 0.016 0.699713
83 0.699713 0.16 0.539713
35 0.698489 0.16 0.538489
65 0.8 0.16 0.64
35 0.538489 0.16 0.378489
65 0.64 0.16 0.48
41 0.8 0.016 0.784
65 0.554847 0.016 0.538847
65 0.538847 0.16 0.378847
41 0.784 0.16 0.624
92 0.8 0.16 0.64
41 0.624 0.16 0.464
7 0.8 0.16 0.64
26 0.8 0.16 0.64
47 0.8 0.16 0.64
79 0.8 0.16 0.64
92 0.64 0.16 0.48
94 0.8 0.16 0.64
7 0.717981 0.016 0.701981
26 0.712341 0.016 0.696341
47 0.710419 0.016 0.694419
92 0.552565 0.016 0.536565
94 0.71505 0.016 0.69905
47 0.694419 0.16 0.534419
7 0.701981 0.16 0.541981
26 0.696341 0.16 0.536341
79 0.715975 0.16 0.555975
92 0.536565 0.16 0.376565
94 0.69905 0.16 0.53905
94 0.53905 0.16 0.37905
7 0.541981 0.16 0.381981
26 0.536341 0.16 0.376341
79 0.555975 0.16 0.395975
92 0.376565 0.16 0.216565
27 0.8 0.16 0.64
79 0.395975 0.16 0.235975
92 0.216565 0.16 0.0565653
27 0.64 0.16 0.48
79 0.235975 0.16 0.0759747
92 0.0565653 0.16 -0.103435
27 0.552027 0.016 0.536027
79 0.155184 0.016 0.139184
27 0.536027 0.16 0.376027
79 0.139184 0.16 -0.0208156
79 0.0753416 0.016 0.0593416
20 0.8 0.016 0.784
20 0.784 0.16 0.624
46 0.8 0.16 0.64
99 0.8 0.16 0.64
46 0.714988 0.016 0.698988
85 0.8 0.016 0.784
99 0.718332 0.016 0.702332
46 0.698988 0.16 0.538988
24 0.8 0.16 0.64
85 0.784 0.16 0.624
99 0.702332 0.16 0.542332
99 0.542332 0.16 0.382332
24 0.64 0.16 0.48
85 0.624 0.16 0.464
92 0.369433 0.16 0.209433
85 0.464 0.16 0.304
79 0.284885 0.16 0.124885
24 0.48 0.16 0.32
52 0.8 0.16 0.64
76 0.8 0.16 0.64
88 0.8 0.16 0.64
24 0.393969 0.016 0.377969
52 0.716113 0.016 0.700113
88 0.716527 0.016 0.700527
79 0.20418 0.16 0.0441797
24 0.377969 0.16 0.217969
52 0.700113 0.16 0.540113
76 0.710265 0.16 0.550265
88 0.700527 0.16 0.540527
52 0.540113 0.16 0.380113
88 0.540527 0.16 0.380527
31 0.8 0.16 0.64
76 0.550265 0.16 0.390265
31 0.64 0.16 0.48
76 0.390265 0.16 0.230265
31 0.551197 0.016 0.535197
76 0.304011 0.016 0.288011
76 0.288011 0.16 0.128011
31 0.535197 0.16 0.375197
31 0.375197 0.16 0.215197
13 0.8 0.16 0.64
32 0.8 0.16 0.64
33 0.8 0.16 0.64
38 0.8 0.16 0.64
48 0.8 0.16 0.64
11 0.8 0.016 0.784
13 0.717301 0.016 0.701301
32 0.71031 0.016 0.69431
33 0.711006 0.016 0.695006
38 0.710162 0.016 0.694162
48 0.710487 0.016 0.694487
80 0.8 0.016 0.784
48 0.694487 0.16 0.534487
11 0.784 0.16 0.624
13 0.701301 0.16 0.541301
32 0.69431 0.16 0.53431
33 0.695006 0.16 0.535006
38 0.694162 0.16 0.534162
80 0.784 0.16 0.624
38 0.534162 0.16 0.374162
80 0.624 0.16 0.464
33 0.535006 0.16 0.375006
11 0.624 0.16 0.464
13 0.541301 0.16 0.381301
32 0.53431 0.16 0.37431
11 0.464 0.16 0.304
13 0.381301 0.16 0.221301
32 0.37431 0.16 0.21431
11 0.304 0.16 0.144
13 0.221301 0.16 0.0613013
32 0.21431 0.16 0.0543099
11 0.220979 0.016 0.204979
13 0.134148 0.016 0.118148
32 0.132094 0.016 0.116094
45 0.8 0.016 0.784
11 0.204979 0.16 0.0449794
13 0.118148 0.16 -0.0418516
32 0.116094 0.16 -0.0439061
45 0.784 0.16 0.624
82 0.8 0.016 0.784
82 0.784 0.16 0.624
84 0.8 0.16 0.64
84 0.710926 0.016 0.694926
84 0.694926 0.16 0.534926
6 0.8 0.16 0.64
79 0.493633 0.16 0.333633
6 0.716242 0.016 0.700242
60 0.8 0.016 0.784
63 0.8 0.016 0.784
63 0.784 0.16 0.624
60 0.784 0.16 0.624
6 0.700242 0.16 0.540242
40 0.8 0.16 0.64
51 0.8 0.16 0.64
40 0.64 0.16 0.48
51 0.64 0.16 0.48
32 0.2896 0.16 0.1296
11 0.350083 0.16 0.190083
13 0.299728 0.16 0.139728
40 0.558082 0.016 0.542082
51 0.555783 0.016 0.539783
13 0.217891 0.16 0.0578907
40 0.542082 0.16 0.382082
32 0.207285 0.16 0.0472851
51 0.539783 0.16 0.379783
90 0.8 0.16 0.64
51 0.379783 0.16 0.219783
90 0.64 0.16 0.48
90 0.554857 0.016 0.538857
90 0.538857 0.16 0.378857
14 0.8 0.016 0.784
14 0.784 0.16 0.624
59 0.8 0.16 0.64
59 0.711725 0.016 0.695725
59 0.695725 0.16 0.535725
25 0.8 0.016 0.784
50 0.8 0.016 0.784
25 0.784 0.16 0.624
50 0.784 0.16 0.624
50 0.624 0.16 0.464
17 0.8 0.016 0.784
64 0.8 0.016 0.784
95 0.8 0.016 0.784
64 0.784 0.16 0.624
95 0.784 0.16 0.624
17 0.784 0.16 0.624
75 0.8 0.16 0.64
17 0.624 0.16 0.464
75 0.64 0.16 0.48
17 0.464 0.16 0.304
57 0.8 0.16 0.64
75 0.48 0.16 0.32
75 0.399908 0.016 0.383908
75 0.383908 0.16 0.223908
57 0.792331 0.016 0.776331
57 0.776331 0.16 0.616331
19 0.8 0.016 0.784
19 0.784 0.16 0.624
87 0.8 0.16 0.64
1 0.8 0.016 0.784
87 0.712076 0.016 0.696076
87 0.696076 0.16 0.536076
1 0.784 0.16 0.624
96 0.8 0.016 0.784
96 0.784 0.16 0.624
