22 2944 0 100 121564262 1.45992 1.45992
19 2940 0 100 88855844 2.25992 2.25992
13 2952 0 100 121529630 2.35992 2.35992
21 2973 0 100 121527998 2.45992 2.45992
25 2954 0 100 121570298 2.55992 2.55992
4 2971 0 100 88871864 2.75992 2.75992
16 2986 0 100 154255688 2.85992 2.85992
8 2948 0 100 88850152 2.95992 2.95992
17 2951 0 100 121571762 2.95992 2.95992
6 2978 0 100 154277992 3.15992 3.15992
5 2969 0 100 121556288 3.45992 3.45992
7 2949 0 100 121543124 3.65992 3.65992
9 2964 0 100 121555184 3.95992 3.95992
10 2985 0 100 154255936 3.95992 3.95992
26 2962 0 100 154295840 4.25992 4.25992
29 2974 0 100 121546838 4.45992 4.45992
23 2947 0 100 154257312 4.45992 4.45992
11 2970 0 100 121565330 4.55992 4.55992
15 2965 0 100 121547486 5.35992 5.35992
12 2988 0 100 121567478 5.65992 5.65992
14 2942 0 100 154286384 5.65992 5.65992
2 2979 0 100 88864088 5.75992 5.75992
1 2960 0 100 121559552 5.75992 5.75992
18 2956 0 100 154246040 5.85992 5.85992
3 2957 0 100 121536320 6.45992 6.45992
28 2984 0 100 121564316 6.55992 6.55992
27 2982 0 100 121571000 6.65992 6.65992
30 2968 0 100 154267840 6.65992 6.65992
20 2975 0 100 121555652 7.15992 7.15992
24 2981 0 100 154267184 7.85992 7.85992
