20 2782 0 100 121554200 1.79235 1.79235
6 2788 0 100 154278640 1.99235 1.99235
9 2796 0 100 88859176 2.29235 2.29235
4 2789 0 100 121550420 2.29235 2.29235
18 2779 0 100 121551224 2.49235 2.49235
19 2807 0 100 154287224 3.29235 3.29235
17 2798 0 100 154257432 3.69235 3.69235
12 2783 0 100 121547648 3.99235 3.99235
15 2794 0 100 88873236 4.19235 4.19235
7 2781 0 100 121538672 4.49235 4.49235
5 2786 0 100 121552880 4.49235 4.49235
1 2800 0 100 121571888 4.59235 4.59235
2 2775 0 100 121552214 4.69235 4.69235
8 2793 0 100 121565666 5.49235 5.49235
11 2804 0 100 121560608 5.59235 5.59235
10 2771 0 100 88875652 5.99235 5.99235
16 2785 0 100 154253784 6.29235 6.29235
13 2773 0 100 154286288 6.29235 6.29235
14 2799 0 100 56207976 6.69235 6.69235
3 2791 0 100 88852436 7.09235 7.09235
