66 3941 1.08917
49 3942 1.09393
36 3943 1.09914
24 3944 1.10644
74 3945 1.10715
20 3946 1.13542
63 3947 1.16214
73 3949 1.17702
60 3950 1.19147
22 3951 1.24111
29 3953 1.29921
47 3954 1.30124
18 3955 1.30768
46 3956 1.3188
11 3957 1.33857
9 3958 1.34015
51 3959 1.34621
45 3961 1.37968
52 3962 1.38379
4 3963 1.40861
8 3964 1.42235
30 3966 1.48137
76 3967 1.49706
32 3968 1.55488
57 3970 1.57371
7 3971 1.6485
69 3972 1.65138
75 3973 1.65453
28 3975 1.68357
37 3976 1.68945
2 3977 1.7083
35 3978 1.72469
6 3979 1.73207
54 3980 1.7473
3 3981 1.7631
39 3983 1.77328
43 3984 1.78358
19 3985 1.78378
70 3986 1.80368
62 3987 1.81016
56 3988 1.86402
41 3990 1.91379
34 3991 1.92339
13 3992 1.93096
77 3994 1.97337
67 3995 2.02169
12 3996 2.0344
65 3997 2.04488
42 3998 2.06558
15 4000 2.07189
79 4001 2.07325
59 4002 2.09
17 4003 2.0926
33 4004 2.09753
53 4005 2.14113
58 4007 2.18186
16 4008 2.24393
61 4009 2.24646
48 4010 2.26764
38 4011 2.26794
80 4013 2.30896
14 4014 2.33191
50 4017 2.47279
25 4018 2.49682
72 4019 2.50931
5 4020 2.53989
21 4021 2.56281
27 4023 2.65302
44 4025 2.73357
64 4026 2.76083
71 4027 2.76252
78 4029 2.81807
1 4030 2.83034
23 4032 2.87168
68 4033 2.88078
55 4034 2.88716
10 4035 2.94548
40 4037 2.98669
31 4038 2.98993
26 4039 2.99291
