24 0.8 0.016 0.784
24 0.784 0.16 0.624
2 0.8 0.016 0.784
2 0.784 0.16 0.624
13 0.8 0.016 0.784
13 0.784 0.16 0.624
7 0.8 0.016 0.784
43 0.8 0.016 0.784
7 0.784 0.16 0.624
43 0.784 0.16 0.624
28 0.8 0.16 0.64
28 0.64 0.16 0.48
28 0.55979 0.016 0.54379
48 0.8 0.016 0.784
28 0.54379 0.16 0.38379
48 0.784 0.16 0.624
57 0.8 0.16 0.64
73 0.8 0.16 0.64
48 0.624 0.16 0.464
57 0.64 0.16 0.48
73 0.64 0.16 0.48
57 0.559718 0.016 0.543718
73 0.555957 0.016 0.539957
57 0.543718 0.16 0.383718
73 0.539957 0.16 0.379957
73 0.379957 0.16 0.219957
29 0.8 0.016 0.784
30 0.8 0.016 0.784
80 0.8 0.016 0.784
30 0.784 0.16 0.624
29 0.784 0.16 0.624
35 0.8 0.16 0.64
80 0.784 0.16 0.624
80 0.624 0.16 0.464
29 0.624 0.16 0.464
29 0.464 0.16 0.304
35 0.64 0.16 0.48
62 0.8 0.16 0.64
35 0.555549 0.016 0.539549
62 0.719404 0.016 0.703404
35 0.539549 0.16 0.379549
62 0.703404 0.16 0.543404
62 0.543404 0.16 0.383404
19 0.8 0.016 0.784
51 0.8 0.016 0.784
69 0.8 0.016 0.784
69 0.784 0.16 0.624
19 0.784 0.16 0.624
51 0.784 0.16 0.624
61 0.8 0.16 0.64
51 0.624 0.16 0.464
19 0.624 0.16 0.464
10 0.8 0.16 0.64
61 0.64 0.16 0.48
10 0.64 0.16 0.48
61 0.48 0.16 0.32
10 0.555975 0.016 0.539975
31 0.8 0.016 0.784
61 0.394685 0.016 0.378685
61 0.378685 0.16 0.218685
31 0.784 0.16 0.624
10 0.539975 0.16 0.379975
31 0.624 0.16 0.464
12 0.8 0.16 0.64
12 0.713573 0.016 0.697573
12 0.697573 0.16 0.537573
25 0.8 0.16 0.64
8 0.8 0.016 0.784
25 0.718396 0.016 0.702396
25 0.702396 0.16 0.542396
8 0.784 0.16 0.624
36 0.8 0.16 0.64
45 0.8 0.16 0.64
8 0.624 0.16 0.464
36 0.64 0.16 0.48
45 0.64 0.16 0.48
36 0.559766 0.016 0.543766
45 0.550937 0.016 0.534937
36 0.543766 0.16 0.383766
45 0.534937 0.16 0.374937
11 0.8 0.016 0.784
72 0.8 0.016 0.784
72 0.784 0.16 0.624
11 0.784 0.16 0.624
71 0.8 0.16 0.64
11 0.624 0.16 0.464
71 0.64 0.16 0.48
71 0.555491 0.016 0.539491
71 0.539491 0.16 0.379491
23 0.8 0.016 0.784
55 0.8 0.016 0.784
77 0.8 0.016 0.784
77 0.784 0.16 0.624
23 0.784 0.16 0.624
55 0.784 0.16 0.624
55 0.624 0.16 0.464
23 0.624 0.16 0.464
40 0.8 0.016 0.784
40 0.784 0.16 0.624
20 0.8 0.16 0.64
70 0.8 0.16 0.64
20 0.712881 0.016 0.696881
70 0.712112 0.016 0.696112
70 0.696112 0.16 0.536112
20 0.696881 0.16 0.536881
4 0.8 0.16 0.64
42 0.8 0.16 0.64
79 0.8 0.16 0.64
4 0.715362 0.016 0.699362
42 0.718081 0.016 0.702081
79 0.719803 0.016 0.703803
79 0.703803 0.16 0.543803
4 0.699362 0.16 0.539362
42 0.702081 0.16 0.542081
42 0.542081 0.16 0.382081
4 0.539362 0.16 0.379362
14 0.8 0.16 0.64
4 0.379362 0.16 0.219362
14 0.719989 0.016 0.703989
14 0.703989 0.16 0.543989
17 0.8 0.16 0.64
65 0.8 0.16 0.64
17 0.715003 0.016 0.699003
65 0.716518 0.016 0.700518
65 0.700518 0.16 0.540518
5 0.8 0.16 0.64
17 0.699003 0.16 0.539003
22 0.8 0.16 0.64
39 0.8 0.16 0.64
52 0.8 0.16 0.64
17 0.539003 0.16 0.379003
5 0.64 0.16 0.48
22 0.64 0.16 0.48
39 0.64 0.16 0.48
52 0.64 0.16 0.48
5 0.55357 0.016 0.53757
22 0.559288 0.016 0.543288
39 0.554786 0.016 0.538786
52 0.559702 0.016 0.543702
5 0.53757 0.16 0.37757
22 0.543288 0.16 0.383288
39 0.538786 0.16 0.378786
52 0.543702 0.16 0.383702
52 0.383702 0.16 0.223702
22 0.383288 0.16 0.223288
39 0.378786 0.16 0.218786
39 0.218786 0.16 0.0587859
39 0.138359 0.016 0.122359
46 0.8 0.016 0.784
47 0.8 0.016 0.784
49 0.8 0.016 0.784
56 0.8 0.016 0.784
64 0.8 0.016 0.784
75 0.8 0.016 0.784
75 0.784 0.16 0.624
46 0.784 0.16 0.624
18 0.8 0.16 0.64
47 0.784 0.16 0.624
49 0.784 0.16 0.624
56 0.784 0.16 0.624
64 0.784 0.16 0.624
18 0.64 0.16 0.48
47 0.624 0.16 0.464
49 0.624 0.16 0.464
56 0.624 0.16 0.464
64 0.624 0.16 0.464
49 0.464 0.16 0.304
56 0.464 0.16 0.304
47 0.464 0.16 0.304
64 0.464 0.16 0.304
18 0.48 0.16 0.32
18 0.32 0.16 0.16
18 0.16 0.16 -5.55112e-17
18 0 0.16 -0.16
39 0.194235 0.16 0.0342349
18 0.0768332 0.016 0.0608332
38 0.8 0.016 0.784
38 0.784 0.16 0.624
18 0.0608332 0.16 -0.0991668
39 0.265081 0.16 0.105081
39 0.183187 0.16 0.0231866
16 0.8 0.016 0.784
32 0.8 0.016 0.784
37 0.8 0.016 0.784
54 0.8 0.016 0.784
66 0.8 0.016 0.784
32 0.784 0.16 0.624
16 0.784 0.16 0.624
37 0.784 0.16 0.624
54 0.784 0.16 0.624
66 0.784 0.16 0.624
37 0.624 0.16 0.464
54 0.624 0.16 0.464
16 0.624 0.16 0.464
66 0.624 0.16 0.464
15 0.8 0.16 0.64
16 0.464 0.16 0.304
66 0.464 0.16 0.304
16 0.304 0.16 0.144
15 0.64 0.16 0.48
66 0.304 0.16 0.144
15 0.558379 0.016 0.542379
21 0.8 0.016 0.784
66 0.217658 0.016 0.201658
18 0.38025 0.16 0.22025
15 0.542379 0.16 0.382379
66 0.201658 0.16 0.041658
21 0.784 0.16 0.624
63 0.8 0.016 0.784
76 0.8 0.016 0.784
76 0.784 0.16 0.624
26 0.8 0.16 0.64
63 0.784 0.16 0.624
63 0.624 0.16 0.464
26 0.64 0.16 0.48
74 0.8 0.16 0.64
26 0.553671 0.016 0.537671
74 0.716942 0.016 0.700942
74 0.700942 0.16 0.540942
26 0.537671 0.16 0.377671
33 0.8 0.16 0.64
26 0.377671 0.16 0.217671
33 0.712073 0.016 0.696073
33 0.696073 0.16 0.536073
66 0.339122 0.16 0.179122
9 0.8 0.016 0.784
9 0.784 0.16 0.624
34 0.8 0.16 0.64
50 0.8 0.16 0.64
60 0.8 0.16 0.64
67 0.8 0.16 0.64
34 0.716691 0.016 0.700691
50 0.719741 0.016 0.703741
60 0.711357 0.016 0.695357
67 0.717383 0.016 0.701383
67 0.701383 0.16 0.541383
34 0.700691 0.16 0.540691
50 0.703741 0.16 0.543741
60 0.695357 0.16 0.535357
60 0.535357 0.16 0.375357
34 0.540691 0.16 0.380691
44 0.8 0.16 0.64
50 0.543741 0.16 0.383741
34 0.380691 0.16 0.220691
50 0.383741 0.16 0.223741
44 0.64 0.16 0.48
59 0.8 0.16 0.64
44 0.552031 0.016 0.536031
59 0.71144 0.016 0.69544
59 0.69544 0.16 0.53544
44 0.536031 0.16 0.376031
3 0.8 0.16 0.64
53 0.8 0.16 0.64
53 0.64 0.16 0.48
3 0.717481 0.016 0.701481
53 0.5566 0.016 0.5406
53 0.5406 0.16 0.3806
3 0.701481 0.16 0.541481
6 0.8 0.16 0.64
27 0.8 0.16 0.64
3 0.541481 0.16 0.381481
6 0.64 0.16 0.48
27 0.64 0.16 0.48
6 0.550821 0.016 0.534821
27 0.55165 0.016 0.53565
6 0.534821 0.16 0.374821
27 0.53565 0.16 0.37565
27 0.37565 0.16 0.21565
41 0.8 0.016 0.784
41 0.784 0.16 0.624
58 0.8 0.16 0.64
58 0.719977 0.016 0.703977
58 0.703977 0.16 0.543977
1 0.8 0.16 0.64
1 0.719862 0.016 0.703862
1 0.703862 0.16 0.543862
78 0.8 0.016 0.784
78 0.784 0.16 0.624
68 0.8 0.016 0.784
68 0.784 0.16 0.624
