22 0.8 0.016 0.784
22 0.784 0.16 0.624
19 0.8 0.016 0.784
19 0.784 0.16 0.624
13 0.8 0.16 0.64
13 0.718638 0.016 0.702638
13 0.702638 0.16 0.542638
21 0.8 0.016 0.784
21 0.784 0.16 0.624
25 0.8 0.16 0.64
25 0.713087 0.016 0.697087
25 0.697087 0.16 0.537087
4 0.8 0.016 0.784
4 0.784 0.16 0.624
16 0.8 0.016 0.784
16 0.784 0.16 0.624
8 0.8 0.16 0.64
17 0.8 0.16 0.64
8 0.710089 0.016 0.694089
17 0.716742 0.016 0.700742
8 0.694089 0.16 0.534089
17 0.700742 0.16 0.540742
17 0.540742 0.16 0.380742
6 0.8 0.016 0.784
6 0.784 0.16 0.624
5 0.8 0.016 0.784
5 0.784 0.16 0.624
7 0.8 0.16 0.64
7 0.791378 0.016 0.775378
7 0.775378 0.16 0.615378
9 0.8 0.016 0.784
10 0.8 0.016 0.784
9 0.784 0.16 0.624
10 0.784 0.16 0.624
10 0.624 0.16 0.464
26 0.8 0.016 0.784
26 0.784 0.16 0.624
23 0.8 0.016 0.784
29 0.8 0.016 0.784
29 0.784 0.16 0.624
11 0.8 0.16 0.64
23 0.784 0.16 0.624
23 0.624 0.16 0.464
11 0.64 0.16 0.48
11 0.55114 0.016 0.53514
11 0.53514 0.16 0.37514
15 0.8 0.016 0.784
15 0.784 0.16 0.624
12 0.8 0.016 0.784
14 0.8 0.016 0.784
12 0.784 0.16 0.624
2 0.8 0.16 0.64
14 0.784 0.16 0.624
14 0.624 0.16 0.464
1 0.8 0.16 0.64
2 0.64 0.16 0.48
1 0.710895 0.016 0.694895
2 0.551911 0.016 0.535911
2 0.535911 0.16 0.375911
1 0.694895 0.16 0.534895
1 0.534895 0.16 0.374895
18 0.8 0.016 0.784
18 0.784 0.16 0.624
3 0.8 0.016 0.784
3 0.784 0.16 0.624
28 0.8 0.16 0.64
28 0.719453 0.016 0.703453
28 0.703453 0.16 0.543453
27 0.8 0.16 0.64
27 0.710292 0.016 0.694292
30 0.8 0.016 0.784
27 0.694292 0.16 0.534292
30 0.784 0.16 0.624
30 0.624 0.16 0.464
20 0.8 0.016 0.784
20 0.784 0.16 0.624
24 0.8 0.016 0.784
24 0.784 0.16 0.624
