30 0.8 0.016 0.784
30 0.784 0.16 0.624
33 0.8 0.016 0.784
33 0.784 0.16 0.624
17 0.8 0.016 0.784
17 0.784 0.16 0.624
31 0.8 0.16 0.64
31 0.717263 0.016 0.701263
31 0.701263 0.16 0.541263
16 0.8 0.016 0.784
16 0.784 0.16 0.624
7 0.8 0.016 0.784
26 0.8 0.016 0.784
7 0.784 0.16 0.624
26 0.784 0.16 0.624
1 0.8 0.016 0.784
9 0.8 0.016 0.784
35 0.8 0.016 0.784
9 0.784 0.16 0.624
1 0.784 0.16 0.624
35 0.784 0.16 0.624
35 0.624 0.16 0.464
1 0.624 0.16 0.464
1 0.464 0.16 0.304
2 0.8 0.016 0.784
5 0.8 0.016 0.784
45 0.8 0.016 0.784
5 0.784 0.16 0.624
2 0.784 0.16 0.624
32 0.8 0.16 0.64
45 0.784 0.16 0.624
45 0.624 0.16 0.464
2 0.624 0.16 0.464
10 0.8 0.16 0.64
32 0.64 0.16 0.48
2 0.464 0.16 0.304
10 0.64 0.16 0.48
32 0.48 0.16 0.32
10 0.556247 0.016 0.540247
32 0.39337 0.016 0.37737
32 0.37737 0.16 0.21737
10 0.540247 0.16 0.380247
10 0.380247 0.16 0.220247
11 0.8 0.16 0.64
11 0.715938 0.016 0.699938
11 0.699938 0.16 0.539938
23 0.8 0.16 0.64
39 0.8 0.16 0.64
42 0.8 0.16 0.64
6 0.8 0.016 0.784
23 0.71018 0.016 0.69418
39 0.718197 0.016 0.702197
42 0.718826 0.016 0.702826
23 0.69418 0.16 0.53418
6 0.784 0.16 0.624
39 0.702197 0.16 0.542197
42 0.702826 0.16 0.542826
39 0.542197 0.16 0.382197
6 0.624 0.16 0.464
42 0.542826 0.16 0.382826
42 0.382826 0.16 0.222826
6 0.464 0.16 0.304
6 0.304 0.16 0.144
13 0.8 0.016 0.784
13 0.784 0.16 0.624
8 0.8 0.16 0.64
8 0.71298 0.016 0.69698
8 0.69698 0.16 0.53698
40 0.8 0.16 0.64
40 0.719454 0.016 0.703454
40 0.703454 0.16 0.543454
50 0.8 0.16 0.64
27 0.8 0.016 0.784
50 0.712299 0.016 0.696299
50 0.696299 0.16 0.536299
27 0.784 0.16 0.624
27 0.624 0.16 0.464
18 0.8 0.016 0.784
18 0.784 0.16 0.624
34 0.8 0.016 0.784
34 0.784 0.16 0.624
22 0.8 0.16 0.64
37 0.8 0.16 0.64
22 0.71357 0.016 0.69757
37 0.714384 0.016 0.698384
22 0.69757 0.16 0.53757
37 0.698384 0.16 0.538384
44 0.8 0.16 0.64
37 0.538384 0.16 0.378384
44 0.64 0.16 0.48
44 0.555642 0.016 0.539642
44 0.539642 0.16 0.379642
3 0.8 0.16 0.64
4 0.8 0.16 0.64
3 0.719073 0.016 0.703073
4 0.715823 0.016 0.699823
20 0.8 0.016 0.784
3 0.703073 0.16 0.543073
20 0.784 0.16 0.624
4 0.699823 0.16 0.539823
14 0.8 0.16 0.64
49 0.8 0.16 0.64
14 0.64 0.16 0.48
49 0.64 0.16 0.48
14 0.550971 0.016 0.534971
49 0.558333 0.016 0.542333
49 0.542333 0.16 0.382333
14 0.534971 0.16 0.374971
38 0.8 0.16 0.64
43 0.8 0.16 0.64
14 0.374971 0.16 0.214971
38 0.64 0.16 0.48
41 0.8 0.16 0.64
43 0.64 0.16 0.48
38 0.553198 0.016 0.537198
41 0.71328 0.016 0.69728
43 0.556556 0.016 0.540556
38 0.537198 0.16 0.377198
41 0.69728 0.16 0.53728
43 0.540556 0.16 0.380556
43 0.380556 0.16 0.220556
25 0.8 0.16 0.64
41 0.53728 0.16 0.37728
41 0.37728 0.16 0.21728
25 0.64 0.16 0.48
25 0.558296 0.016 0.542296
25 0.542296 0.16 0.382296
28 0.8 0.16 0.64
28 0.714356 0.016 0.698356
28 0.698356 0.16 0.538356
12 0.8 0.016 0.784
15 0.8 0.016 0.784
47 0.8 0.016 0.784
12 0.784 0.16 0.624
15 0.784 0.16 0.624
47 0.784 0.16 0.624
47 0.624 0.16 0.464
47 0.464 0.16 0.304
21 0.8 0.016 0.784
29 0.8 0.016 0.784
21 0.784 0.16 0.624
29 0.784 0.16 0.624
29 0.624 0.16 0.464
19 0.8 0.016 0.784
36 0.8 0.016 0.784
36 0.784 0.16 0.624
19 0.784 0.16 0.624
24 0.8 0.016 0.784
24 0.784 0.16 0.624
46 0.8 0.16 0.64
46 0.712179 0.016 0.696179
46 0.696179 0.16 0.536179
48 0.8 0.016 0.784
48 0.784 0.16 0.624
