30 0.8 0.016 0.784
30 0.784 0.16 0.624
38 0.8 0.016 0.784
38 0.784 0.16 0.624
50 0.8 0.16 0.64
50 0.71627 0.016 0.70027
50 0.70027 0.16 0.54027
52 0.8 0.016 0.784
52 0.784 0.16 0.624
20 0.8 0.016 0.784
48 0.8 0.016 0.784
48 0.784 0.16 0.624
20 0.784 0.16 0.624
1 0.8 0.016 0.784
46 0.8 0.016 0.784
46 0.784 0.16 0.624
1 0.784 0.16 0.624
11 0.8 0.16 0.64
11 0.64 0.16 0.48
11 0.552992 0.016 0.536992
11 0.536992 0.16 0.376992
27 0.8 0.16 0.64
51 0.8 0.16 0.64
27 0.71476 0.016 0.69876
51 0.713469 0.016 0.697469
54 0.8 0.016 0.784
51 0.697469 0.16 0.537469
27 0.69876 0.16 0.53876
54 0.784 0.16 0.624
16 0.8 0.16 0.64
58 0.8 0.16 0.64
16 0.64 0.16 0.48
58 0.64 0.16 0.48
16 0.48 0.16 0.32
58 0.48 0.16 0.32
16 0.392305 0.016 0.376305
58 0.39007 0.016 0.37407
16 0.376305 0.16 0.216305
58 0.37407 0.16 0.21407
28 0.8 0.016 0.784
28 0.784 0.16 0.624
5 0.8 0.016 0.784
47 0.8 0.016 0.784
47 0.784 0.16 0.624
5 0.784 0.16 0.624
69 0.8 0.016 0.784
69 0.784 0.16 0.624
3 0.8 0.016 0.784
32 0.8 0.016 0.784
3 0.784 0.16 0.624
32 0.784 0.16 0.624
37 0.8 0.016 0.784
37 0.784 0.16 0.624
10 0.8 0.016 0.784
10 0.784 0.16 0.624
66 0.8 0.16 0.64
12 0.8 0.016 0.784
55 0.8 0.016 0.784
66 0.786819 0.016 0.770819
12 0.784 0.16 0.624
66 0.770819 0.16 0.610819
39 0.8 0.16 0.64
40 0.8 0.16 0.64
55 0.784 0.16 0.624
68 0.8 0.16 0.64
39 0.64 0.16 0.48
40 0.64 0.16 0.48
55 0.624 0.16 0.464
55 0.464 0.16 0.304
39 0.48 0.16 0.32
40 0.48 0.16 0.32
39 0.390656 0.016 0.374656
40 0.397974 0.016 0.381974
68 0.714489 0.016 0.698489
40 0.381974 0.16 0.221974
39 0.374656 0.16 0.214656
68 0.698489 0.16 0.538489
68 0.538489 0.16 0.378489
39 0.214656 0.16 0.0546564
67 0.8 0.16 0.64
67 0.713543 0.016 0.697543
67 0.697543 0.16 0.537543
44 0.8 0.16 0.64
44 0.714869 0.016 0.698869
44 0.698869 0.16 0.538869
2 0.8 0.016 0.784
18 0.8 0.016 0.784
33 0.8 0.016 0.784
59 0.8 0.016 0.784
18 0.784 0.16 0.624
2 0.784 0.16 0.624
33 0.784 0.16 0.624
59 0.784 0.16 0.624
33 0.624 0.16 0.464
2 0.624 0.16 0.464
8 0.8 0.16 0.64
59 0.624 0.16 0.464
2 0.464 0.16 0.304
59 0.464 0.16 0.304
8 0.64 0.16 0.48
8 0.48 0.16 0.32
8 0.399738 0.016 0.383738
8 0.383738 0.16 0.223738
24 0.8 0.016 0.784
24 0.784 0.16 0.624
7 0.8 0.16 0.64
7 0.715844 0.016 0.699844
7 0.699844 0.16 0.539844
25 0.8 0.16 0.64
36 0.8 0.16 0.64
25 0.717858 0.016 0.701858
36 0.71282 0.016 0.69682
25 0.701858 0.16 0.541858
22 0.8 0.16 0.64
36 0.69682 0.16 0.53682
36 0.53682 0.16 0.37682
22 0.64 0.16 0.48
62 0.8 0.16 0.64
22 0.552184 0.016 0.536184
62 0.717243 0.016 0.701243
22 0.536184 0.16 0.376184
62 0.701243 0.16 0.541243
62 0.541243 0.16 0.381243
13 0.8 0.016 0.784
34 0.8 0.016 0.784
41 0.8 0.016 0.784
65 0.8 0.016 0.784
41 0.784 0.16 0.624
13 0.784 0.16 0.624
34 0.784 0.16 0.624
65 0.784 0.16 0.624
13 0.624 0.16 0.464
34 0.624 0.16 0.464
65 0.624 0.16 0.464
65 0.464 0.16 0.304
34 0.464 0.16 0.304
4 0.8 0.16 0.64
42 0.8 0.16 0.64
45 0.8 0.16 0.64
57 0.8 0.16 0.64
4 0.64 0.16 0.48
19 0.8 0.16 0.64
42 0.64 0.16 0.48
45 0.64 0.16 0.48
57 0.64 0.16 0.48
42 0.553014 0.016 0.537014
45 0.551484 0.016 0.535484
57 0.558997 0.016 0.542997
45 0.535484 0.16 0.375484
4 0.558337 0.16 0.398337
19 0.719342 0.16 0.559342
31 0.8 0.16 0.64
42 0.537014 0.16 0.377014
57 0.542997 0.16 0.382997
57 0.382997 0.16 0.222997
42 0.377014 0.16 0.217014
4 0.398337 0.16 0.238337
19 0.559342 0.16 0.399342
31 0.64 0.16 0.48
4 0.238337 0.16 0.0783374
19 0.399342 0.16 0.239342
31 0.48 0.16 0.32
4 0.149624 0.016 0.133624
19 0.31915 0.016 0.30315
31 0.392688 0.016 0.376688
19 0.30315 0.16 0.14315
4 0.133624 0.16 -0.0263763
31 0.376688 0.16 0.216688
31 0.216688 0.16 0.0566875
4 0 0.16 -0.16
14 0.8 0.16 0.64
63 0.8 0.16 0.64
4 0.0729245 0.016 0.0569245
14 0.71034 0.016 0.69434
63 0.716408 0.016 0.700408
14 0.69434 0.16 0.53434
4 0.0569245 0.16 -0.103075
63 0.700408 0.16 0.540408
63 0.540408 0.16 0.380408
15 0.8 0.016 0.784
4 0.297897 0.16 0.137897
15 0.784 0.16 0.624
6 0.8 0.16 0.64
29 0.8 0.16 0.64
6 0.714968 0.016 0.698968
29 0.711089 0.016 0.695089
6 0.698968 0.16 0.538968
29 0.695089 0.16 0.535089
4 0.217883 0.16 0.0578828
29 0.535089 0.16 0.375089
35 0.8 0.016 0.784
35 0.784 0.16 0.624
26 0.8 0.016 0.784
26 0.784 0.16 0.624
49 0.8 0.016 0.784
49 0.784 0.16 0.624
21 0.8 0.16 0.64
21 0.712378 0.016 0.696378
21 0.696378 0.16 0.536378
60 0.8 0.016 0.784
60 0.784 0.16 0.624
43 0.8 0.016 0.784
43 0.784 0.16 0.624
17 0.8 0.016 0.784
70 0.8 0.016 0.784
70 0.784 0.16 0.624
9 0.8 0.16 0.64
17 0.784 0.16 0.624
56 0.8 0.16 0.64
17 0.624 0.16 0.464
9 0.64 0.16 0.48
56 0.64 0.16 0.48
9 0.558415 0.016 0.542415
56 0.553768 0.016 0.537768
9 0.542415 0.16 0.382415
56 0.537768 0.16 0.377768
56 0.377768 0.16 0.217768
53 0.8 0.016 0.784
61 0.8 0.016 0.784
61 0.784 0.16 0.624
53 0.784 0.16 0.624
53 0.624 0.16 0.464
23 0.8 0.016 0.784
64 0.8 0.016 0.784
23 0.784 0.16 0.624
64 0.784 0.16 0.624
64 0.624 0.16 0.464
