30 3314 0 100 121528364 1.26923 1.26923
33 3318 0 100 88848828 1.46923 1.46923
17 3317 0 100 154277176 1.56923 1.56923
31 3327 0 100 88866532 1.66923 1.66923
16 3340 0 100 154289088 1.96923 1.96923
7 3335 0 100 88854340 2.56923 2.56923
26 3333 0 100 88870632 2.56923 2.56923
9 3358 0 100 56200150 2.86923 2.86923
35 3322 0 100 88849308 2.86923 2.86923
1 3316 0 100 154284720 2.86923 2.86923
5 3367 0 100 88852248 3.26923 3.26923
45 3346 0 100 121538792 3.26923 3.26923
2 3360 0 100 154267632 3.26923 3.26923
32 3353 0 100 56198756 3.36923 3.36923
10 3364 0 100 154257768 3.36923 3.36923
11 3354 0 100 88875376 3.46923 3.46923
23 3337 0 100 56206270 3.56923 3.56923
39 3370 0 100 88848380 3.56923 3.56923
42 3332 0 100 121532066 3.56923 3.56923
6 3365 0 100 154277592 3.56923 3.56923
13 3362 0 100 154267944 3.66923 3.66923
8 3351 0 100 121540634 3.76923 3.76923
40 3374 0 100 88864040 3.86923 3.86923
50 3339 0 100 88859700 3.96923 3.96923
27 3315 0 100 121546532 3.96923 3.96923
18 3361 0 100 154262520 4.16923 4.16923
34 3313 0 100 154245272 4.26923 4.26923
22 3310 0 100 88858168 4.36923 4.36923
37 3320 0 100 154247144 4.36923 4.36923
44 3334 0 100 88856532 4.46923 4.46923
3 3342 0 100 154249928 4.56923 4.56923
20 3372 0 100 154250944 4.56923 4.56923
4 3341 0 100 154268240 4.56923 4.56923
49 3323 0 100 121550174 4.66923 4.66923
14 3328 0 100 154260336 4.66923 4.66923
38 3363 0 100 88847944 4.76923 4.76923
43 3369 0 100 121533038 4.76923 4.76923
41 3329 0 100 154285328 4.76923 4.76923
25 3368 0 100 88869296 4.86923 4.86923
28 3330 0 100 121573958 4.96923 4.96923
12 3377 0 100 88852268 5.56923 5.56923
15 3326 0 100 88861296 5.56923 5.56923
47 3344 0 100 121551032 5.56923 5.56923
21 3375 0 100 121564694 5.96923 5.96923
29 3338 0 100 154293912 5.96923 5.96923
36 3379 0 100 121548740 6.46923 6.46923
19 3324 0 100 121549472 6.46923 6.46923
24 3348 0 100 121567448 6.96923 6.96923
46 3349 0 100 88859928 7.06923 7.06923
48 3357 0 100 154265432 7.46923 7.46923
