56 0.8 0.016 0.784
56 0.784 0.16 0.624
55 0.8 0.016 0.784
57 0.8 0.016 0.784
57 0.784 0.16 0.624
55 0.784 0.16 0.624
55 0.624 0.16 0.464
22 0.8 0.016 0.784
22 0.784 0.16 0.624
2 0.8 0.16 0.64
4 0.8 0.016 0.784
35 0.8 0.016 0.784
50 0.8 0.016 0.784
35 0.784 0.16 0.624
4 0.784 0.16 0.624
50 0.784 0.16 0.624
4 0.624 0.16 0.464
50 0.624 0.16 0.464
50 0.464 0.16 0.304
8 0.8 0.016 0.784
19 0.8 0.016 0.784
8 0.784 0.16 0.624
19 0.784 0.16 0.624
19 0.624 0.16 0.464
30 0.8 0.016 0.784
30 0.784 0.16 0.624
5 0.8 0.016 0.784
27 0.8 0.016 0.784
32 0.8 0.016 0.784
41 0.8 0.016 0.784
43 0.8 0.016 0.784
43 0.784 0.16 0.624
1 0.8 0.16 0.64
5 0.784 0.16 0.624
27 0.784 0.16 0.624
32 0.784 0.16 0.624
41 0.784 0.16 0.624
27 0.624 0.16 0.464
1 0.64 0.16 0.48
5 0.624 0.16 0.464
32 0.624 0.16 0.464
41 0.624 0.16 0.464
42 0.8 0.16 0.64
32 0.464 0.16 0.304
5 0.464 0.16 0.304
41 0.464 0.16 0.304
1 0.48 0.16 0.32
42 0.64 0.16 0.48
1 0.32 0.16 0.16
42 0.48 0.16 0.32
1 0.16 0.16 -5.55112e-17
42 0.32 0.16 0.16
1 0.0730983 0.016 0.0570983
42 0.232739 0.016 0.216739
60 0.8 0.016 0.784
42 0.216739 0.16 0.0567391
1 0.0570983 0.16 -0.102902
3 0.8 0.16 0.64
60 0.784 0.16 0.624
60 0.624 0.16 0.464
1 0 0.16 -0.16
1 0.0746333 0.016 0.0586333
3 0.717814 0.016 0.701814
3 0.701814 0.16 0.541814
6 0.8 0.016 0.784
18 0.8 0.016 0.784
44 0.8 0.016 0.784
1 0.366091 0.16 0.206091
6 0.784 0.16 0.624
44 0.784 0.16 0.624
18 0.784 0.16 0.624
18 0.624 0.16 0.464
18 0.464 0.16 0.304
16 0.8 0.16 0.64
16 0.7109 0.016 0.6949
16 0.6949 0.16 0.5349
1 0.280547 0.16 0.120547
21 0.8 0.016 0.784
33 0.8 0.016 0.784
48 0.8 0.016 0.784
48 0.784 0.16 0.624
33 0.784 0.16 0.624
21 0.784 0.16 0.624
23 0.8 0.016 0.784
23 0.784 0.16 0.624
9 0.8 0.16 0.64
45 0.8 0.16 0.64
9 0.71946 0.016 0.70346
45 0.711655 0.016 0.695655
45 0.695655 0.16 0.535655
9 0.70346 0.16 0.54346
39 0.8 0.16 0.64
9 0.54346 0.16 0.38346
31 0.8 0.16 0.64
39 0.64 0.16 0.48
31 0.713829 0.016 0.697829
39 0.554148 0.016 0.538148
39 0.538148 0.16 0.378148
31 0.697829 0.16 0.537829
31 0.537829 0.16 0.377829
36 0.8 0.016 0.784
36 0.784 0.16 0.624
7 0.8 0.016 0.784
26 0.8 0.016 0.784
58 0.8 0.016 0.784
58 0.784 0.16 0.624
7 0.784 0.16 0.624
26 0.784 0.16 0.624
26 0.624 0.16 0.464
7 0.624 0.16 0.464
47 0.8 0.16 0.64
47 0.64 0.16 0.48
47 0.552016 0.016 0.536016
47 0.536016 0.16 0.376016
29 0.8 0.016 0.784
49 0.8 0.016 0.784
29 0.784 0.16 0.624
49 0.784 0.16 0.624
49 0.624 0.16 0.464
15 0.8 0.016 0.784
24 0.8 0.016 0.784
37 0.8 0.016 0.784
54 0.8 0.016 0.784
24 0.784 0.16 0.624
54 0.784 0.16 0.624
15 0.784 0.16 0.624
37 0.784 0.16 0.624
37 0.624 0.16 0.464
37 0.464 0.16 0.304
37 0.304 0.16 0.144
11 0.8 0.016 0.784
11 0.784 0.16 0.624
20 0.8 0.16 0.64
25 0.8 0.16 0.64
20 0.71949 0.016 0.70349
20 0.70349 0.16 0.54349
25 0.714693 0.16 0.554693
25 0.631102 0.016 0.615102
25 0.615102 0.16 0.455102
17 0.8 0.016 0.784
17 0.784 0.16 0.624
40 0.8 0.016 0.784
40 0.784 0.16 0.624
38 0.8 0.016 0.784
52 0.8 0.016 0.784
38 0.784 0.16 0.624
52 0.784 0.16 0.624
53 0.8 0.016 0.784
53 0.784 0.16 0.624
14 0.8 0.16 0.64
59 0.8 0.16 0.64
14 0.716933 0.016 0.700933
59 0.718187 0.016 0.702187
59 0.702187 0.16 0.542187
14 0.700933 0.16 0.540933
14 0.540933 0.16 0.380933
34 0.8 0.016 0.784
34 0.784 0.16 0.624
12 0.8 0.016 0.784
46 0.8 0.016 0.784
12 0.784 0.16 0.624
46 0.784 0.16 0.624
46 0.624 0.16 0.464
13 0.8 0.016 0.784
51 0.8 0.016 0.784
51 0.784 0.16 0.624
13 0.784 0.16 0.624
10 0.8 0.016 0.784
10 0.784 0.16 0.624
2 0.8 0.016 0.784
2 0.784 0.16 0.624
28 0.8 0.016 0.784
28 0.784 0.16 0.624
