22 3310 1.05934
34 3313 1.18204
30 3314 1.22448
27 3315 1.22873
1 3316 1.255
17 3317 1.25644
33 3318 1.263
37 3320 1.31892
35 3322 1.39997
49 3323 1.44093
19 3324 1.46322
15 3326 1.50821
31 3327 1.51265
14 3328 1.51814
41 3329 1.52376
28 3330 1.56174
42 3332 1.56923
26 3333 1.60412
44 3334 1.61372
7 3335 1.6393
23 3337 1.68828
29 3338 1.69731
50 3339 1.70998
16 3340 1.71532
4 3341 1.71708
3 3342 1.73494
47 3344 1.84708
45 3346 1.88958
24 3348 1.99033
46 3349 2.03035
8 3351 2.12071
32 3353 2.1941
11 3354 2.25783
48 3357 2.38749
9 3358 2.42845
2 3360 2.4857
18 3361 2.49494
13 3362 2.50777
38 3363 2.50816
10 3364 2.55594
6 3365 2.56336
5 3367 2.5767
25 3368 2.58299
43 3369 2.62198
39 3370 2.64786
20 3372 2.75053
40 3374 2.80412
21 3375 2.84326
12 3377 2.89612
36 3379 2.98996
