43 0.8 0.016 0.784
43 0.784 0.16 0.624
15 0.8 0.016 0.784
69 0.8 0.016 0.784
15 0.784 0.16 0.624
69 0.784 0.16 0.624
38 0.8 0.016 0.784
38 0.784 0.16 0.624
64 0.8 0.16 0.64
64 0.716 0.016 0.7
64 0.7 0.16 0.54
30 0.8 0.016 0.784
31 0.8 0.016 0.784
30 0.784 0.16 0.624
31 0.784 0.16 0.624
28 0.8 0.16 0.64
28 0.64 0.16 0.48
28 0.551913 0.016 0.535913
28 0.535913 0.16 0.375913
65 0.8 0.016 0.784
65 0.784 0.16 0.624
75 0.8 0.16 0.64
75 0.715251 0.016 0.699251
75 0.699251 0.16 0.539251
59 0.8 0.16 0.64
59 0.711179 0.016 0.695179
59 0.695179 0.16 0.535179
60 0.8 0.16 0.64
62 0.8 0.16 0.64
60 0.710841 0.016 0.694841
62 0.710336 0.016 0.694336
60 0.694841 0.16 0.534841
62 0.694336 0.16 0.534336
53 0.8 0.016 0.784
53 0.784 0.16 0.624
20 0.8 0.016 0.784
76 0.8 0.016 0.784
76 0.784 0.16 0.624
20 0.784 0.16 0.624
19 0.8 0.16 0.64
19 0.716325 0.016 0.700325
19 0.700325 0.16 0.540325
18 0.8 0.16 0.64
47 0.8 0.16 0.64
18 0.715751 0.016 0.699751
47 0.717356 0.016 0.701356
61 0.8 0.016 0.784
18 0.699751 0.16 0.539751
47 0.701356 0.16 0.541356
61 0.784 0.16 0.624
68 0.8 0.16 0.64
21 0.8 0.16 0.64
55 0.8 0.16 0.64
68 0.64 0.16 0.48
21 0.711859 0.016 0.695859
55 0.713111 0.016 0.697111
68 0.556213 0.016 0.540213
68 0.540213 0.16 0.380213
55 0.697111 0.16 0.537111
21 0.695859 0.16 0.535859
17 0.8 0.016 0.784
27 0.8 0.016 0.784
17 0.784 0.16 0.624
27 0.784 0.16 0.624
6 0.8 0.16 0.64
6 0.64 0.16 0.48
6 0.550325 0.016 0.534325
6 0.534325 0.16 0.374325
66 0.8 0.16 0.64
74 0.8 0.16 0.64
45 0.8 0.016 0.784
66 0.710425 0.016 0.694425
74 0.718796 0.016 0.702796
66 0.694425 0.16 0.534425
45 0.784 0.16 0.624
74 0.702796 0.16 0.542796
22 0.8 0.16 0.64
22 0.64 0.16 0.48
46 0.8 0.16 0.64
22 0.48 0.16 0.32
22 0.391706 0.016 0.375706
46 0.712567 0.016 0.696567
22 0.375706 0.16 0.215706
46 0.696567 0.16 0.536567
50 0.8 0.16 0.64
7 0.8 0.16 0.64
50 0.64 0.16 0.48
78 0.8 0.16 0.64
7 0.715177 0.016 0.699177
50 0.559865 0.016 0.543865
78 0.711701 0.016 0.695701
50 0.543865 0.16 0.383865
78 0.695701 0.16 0.535701
7 0.699177 0.16 0.539177
16 0.8 0.16 0.64
11 0.8 0.16 0.64
16 0.64 0.16 0.48
11 0.64 0.16 0.48
16 0.48 0.16 0.32
11 0.55813 0.016 0.54213
16 0.39472 0.016 0.37872
16 0.37872 0.16 0.21872
11 0.54213 0.16 0.38213
48 0.8 0.16 0.64
48 0.64 0.16 0.48
73 0.8 0.16 0.64
48 0.559991 0.016 0.543991
73 0.717844 0.016 0.701844
48 0.543991 0.16 0.383991
73 0.701844 0.16 0.541844
67 0.8 0.016 0.784
67 0.784 0.16 0.624
35 0.8 0.16 0.64
35 0.715187 0.016 0.699187
35 0.699187 0.16 0.539187
23 0.8 0.016 0.784
57 0.8 0.016 0.784
79 0.8 0.016 0.784
79 0.784 0.16 0.624
23 0.784 0.16 0.624
57 0.784 0.16 0.624
10 0.8 0.16 0.64
36 0.8 0.16 0.64
51 0.8 0.16 0.64
63 0.8 0.16 0.64
10 0.64 0.16 0.48
36 0.64 0.16 0.48
51 0.64 0.16 0.48
63 0.64 0.16 0.48
10 0.552602 0.016 0.536602
36 0.553482 0.016 0.537482
51 0.553969 0.016 0.537969
63 0.559681 0.016 0.543681
51 0.537969 0.16 0.377969
10 0.536602 0.16 0.376602
36 0.537482 0.16 0.377482
63 0.543681 0.16 0.383681
1 0.8 0.16 0.64
5 0.8 0.16 0.64
5 0.64 0.16 0.48
1 0.64 0.16 0.48
5 0.48 0.16 0.32
1 0.48 0.16 0.32
5 0.32 0.16 0.16
1 0.399569 0.016 0.383569
5 0.234661 0.016 0.218661
1 0.383569 0.16 0.223569
5 0.218661 0.16 0.0586615
39 0.8 0.16 0.64
39 0.64 0.16 0.48
39 0.553949 0.016 0.537949
39 0.537949 0.16 0.377949
25 0.8 0.016 0.784
29 0.8 0.016 0.784
25 0.784 0.16 0.624
29 0.784 0.16 0.624
12 0.8 0.16 0.64
72 0.8 0.16 0.64
12 0.719584 0.016 0.703584
72 0.710271 0.016 0.694271
72 0.694271 0.16 0.534271
12 0.703584 0.16 0.543584
14 0.8 0.16 0.64
24 0.8 0.16 0.64
14 0.64 0.16 0.48
24 0.64 0.16 0.48
14 0.556359 0.016 0.540359
24 0.558033 0.016 0.542033
24 0.542033 0.16 0.382033
14 0.540359 0.16 0.380359
4 0.8 0.016 0.784
4 0.784 0.16 0.624
54 0.8 0.16 0.64
54 0.713921 0.016 0.697921
54 0.697921 0.16 0.537921
77 0.8 0.16 0.64
8 0.8 0.016 0.784
71 0.8 0.016 0.784
77 0.715303 0.016 0.699303
8 0.784 0.16 0.624
71 0.784 0.16 0.624
77 0.699303 0.16 0.539303
70 0.8 0.16 0.64
70 0.64 0.16 0.48
70 0.48 0.16 0.32
70 0.395401 0.016 0.379401
70 0.379401 0.16 0.219401
42 0.8 0.016 0.784
42 0.784 0.16 0.624
13 0.8 0.016 0.784
32 0.8 0.016 0.784
58 0.8 0.016 0.784
58 0.784 0.16 0.624
13 0.784 0.16 0.624
32 0.784 0.16 0.624
56 0.8 0.16 0.64
56 0.713557 0.016 0.697557
56 0.697557 0.16 0.537557
49 0.8 0.16 0.64
49 0.716006 0.016 0.700006
49 0.700006 0.16 0.540006
26 0.8 0.16 0.64
3 0.8 0.016 0.784
26 0.714331 0.016 0.698331
26 0.698331 0.16 0.538331
3 0.784 0.16 0.624
52 0.8 0.016 0.784
52 0.784 0.16 0.624
33 0.8 0.16 0.64
33 0.719503 0.016 0.703503
33 0.703503 0.16 0.543503
2 0.8 0.016 0.784
2 0.784 0.16 0.624
34 0.8 0.16 0.64
34 0.717227 0.016 0.701227
34 0.701227 0.16 0.541227
37 0.8 0.16 0.64
44 0.8 0.16 0.64
9 0.8 0.016 0.784
37 0.71965 0.016 0.70365
44 0.714602 0.016 0.698602
44 0.698602 0.16 0.538602
9 0.784 0.16 0.624
37 0.70365 0.16 0.54365
40 0.8 0.016 0.784
40 0.784 0.16 0.624
80 0.8 0.016 0.784
80 0.784 0.16 0.624
41 0.8 0.16 0.64
41 0.715651 0.016 0.699651
41 0.699651 0.16 0.539651
