41 2380 0 100 32628508 1.43035 1.43035
72 2394 0 100 32651856 1.73035 1.73035
42 2370 0 100 32652006 1.83035 1.83035
25 2374 0 100 32677156 2.03035 2.03035
46 2382 0 100 32651298 2.13035 2.13035
21 2385 0 100 32664714 2.23035 2.23035
68 2428 0 100 32664182 2.23035 2.23035
24 2434 0 100 32640266 2.33035 2.33035
49 2407 0 100 32672530 2.33035 2.33035
12 2449 0 100 32631572 2.63035 2.63035
48 2388 0 100 32652882 2.73035 2.73035
15 2398 0 100 32664280 2.73035 2.73035
94 2438 0 100 32680904 2.83035 2.83035
16 2368 0 100 32651626 2.93035 2.93035
81 2406 0 100 32668844 2.93035 2.93035
27 2373 0 100 32649902 3.03035 3.03035
5 2441 0 100 32656672 3.03035 3.03035
32 2363 0 100 32627780 3.13035 3.13035
67 2477 0 100 32642354 3.23035 3.23035
51 2408 0 100 32664260 3.23035 3.23035
70 2419 0 100 32657596 3.23035 3.23035
34 2415 0 100 32650410 3.23035 3.23035
77 2437 0 100 32670308 3.33035 3.33035
82 2361 0 100 32682394 3.33035 3.33035
88 2422 0 100 32645348 3.33035 3.33035
80 2427 0 100 32663630 3.33035 3.33035
6 2454 0 100 32660788 3.33035 3.33035
54 2412 0 100 32682798 3.43035 3.43035
39 2410 0 100 32650058 3.63035 3.63035
38 2365 0 100 32649202 3.63035 3.63035
1 2442 0 100 32652886 3.73035 3.73035
19 2383 0 100 32663046 3.73035 3.73035
89 2429 0 100 32679554 3.83035 3.83035
99 2400 0 100 32660970 3.83035 3.83035
100 2404 0 100 32670332 3.83035 3.83035
17 2360 0 100 32682816 3.93035 3.93035
55 2459 0 100 32643780 3.93035 3.93035
45 2397 0 100 32628872 3.93035 3.93035
26 2479 0 100 32679114 4.13035 4.13035
36 2367 0 100 32662772 4.13035 4.13035
23 2409 0 100 32681542 4.23035 4.23035
61 2448 0 100 32652408 4.23035 4.23035
92 2462 0 100 32668886 4.33035 4.33035
93 2376 0 100 32674780 4.33035 4.33035
11 2446 0 100 32669002 4.33035 4.33035
2 2396 0 100 32658610 4.43035 4.43035
13 2395 0 100 32651804 4.43035 4.43035
69 2461 0 100 32642266 4.43035 4.43035
76 2452 0 100 32656384 4.53035 4.53035
18 2384 0 100 32676244 4.63035 4.63035
60 2465 0 100 32642968 4.63035 4.63035
31 2399 0 100 32668336 4.73035 4.73035
87 2403 0 100 32652206 4.73035 4.73035
64 2451 0 100 32625578 4.83035 4.83035
29 2456 0 100 32649714 4.83035 4.83035
20 2466 0 100 32674614 4.83035 4.83035
91 2417 0 100 32640176 4.93035 4.93035
95 2460 0 100 32646482 5.03035 5.03035
44 2436 0 100 32675504 5.03035 5.03035
56 2393 0 100 32633086 5.33035 5.33035
83 2424 0 100 32664768 5.33035 5.33035
50 2366 0 100 32637502 5.43035 5.43035
86 2420 0 100 32635816 5.53035 5.53035
96 2386 0 100 32667642 5.63035 5.63035
90 2440 0 100 32670304 5.63035 5.63035
9 2418 0 100 32642192 5.63035 5.63035
47 2475 0 100 32675762 5.73035 5.73035
63 2458 0 100 32635776 5.83035 5.83035
66 2378 0 100 32633894 6.03035 6.03035
14 2455 0 100 32643566 6.13035 6.13035
3 2474 0 100 32672998 6.33035 6.33035
52 2371 0 100 32651748 6.33035 6.33035
59 2391 0 100 32641428 6.33035 6.33035
33 2423 0 100 32661918 6.43035 6.43035
53 2402 0 100 32681948 6.53035 6.53035
98 2468 0 100 32673958 6.53035 6.53035
40 2470 0 100 32664828 6.63035 6.63035
7 2426 0 100 32644600 6.63035 6.63035
73 2430 0 100 32640848 6.63035 6.63035
71 2443 0 100 32678346 6.73035 6.73035
28 2472 0 100 32647814 6.83035 6.83035
75 2463 0 100 32666804 6.83035 6.83035
74 2421 0 100 32654254 6.83035 6.83035
57 2445 0 100 32650556 6.93035 6.93035
78 2413 0 100 32655276 6.93035 6.93035
62 2453 0 100 32674576 7.13035 7.13035
37 2444 0 100 32672760 7.33035 7.33035
58 2432 0 100 32682196 7.33035 7.33035
79 2471 0 100 32658450 7.43035 7.43035
85 2478 0 100 32666002 7.63035 7.63035
84 2450 0 100 32645246 7.63035 7.63035
65 2467 0 100 32646052 7.83035 7.83035
