16 1890 1.00303
43 1891 1.01409
65 1893 1.14072
64 1894 1.15907
42 1895 1.16017
15 1897 1.19416
29 1898 1.20531
3 1899 1.22554
39 1901 1.31838
10 1902 1.36873
59 1904 1.3904
18 1905 1.46459
72 1906 1.46914
11 1908 1.50584
78 1909 1.5165
48 1910 1.52952
46 1911 1.53031
32 1912 1.53347
28 1913 1.53765
66 1914 1.54462
74 1915 1.54496
79 1916 1.56059
75 1917 1.56703
54 1919 1.5928
23 1920 1.60197
71 1921 1.61326
50 1922 1.64124
38 1923 1.66115
34 1924 1.66708
31 1925 1.6688
77 1927 1.69044
55 1928 1.7105
52 1929 1.71953
68 1930 1.7497
62 1931 1.75857
60 1932 1.77089
36 1934 1.80858
69 1935 1.86875
6 1937 1.89017
9 1938 1.8953
13 1939 1.92053
70 1940 1.9709
63 1941 1.97619
1 1943 2.00128
30 1945 2.10433
12 1946 2.1111
58 1947 2.13256
14 1948 2.14868
73 1950 2.21228
67 1951 2.23781
40 1952 2.24565
80 1954 2.28601
5 1955 2.28642
41 1956 2.29523
57 1957 2.30497
61 1958 2.36758
76 1960 2.39626
7 1961 2.46188
19 1962 2.47311
37 1963 2.47848
49 1965 2.51083
56 1966 2.53444
47 1968 2.60823
51 1969 2.64798
27 1970 2.66856
33 1971 2.6705
21 1972 2.67836
45 1974 2.68187
17 1975 2.70348
53 1976 2.77763
26 1978 2.79299
22 1979 2.81949
20 1980 2.82066
2 1981 2.82269
8 1982 2.82729
25 1983 2.84961
44 1985 2.89393
35 1986 2.94752
24 1987 2.95842
4 1989 2.99158
