0 1250
0 1251
0 1252
0 1253
0 1254
0 1255
0 1256
0 1257
0 1258
0 1259
0 1260
0 1262
0 1266
39 1264
0 1269
0 1270
32 1263
0 1274
0 1277
0 1282
0 1287
0 1289
0 1293
0 1302
12 1278
0 1303
0 1307
0 1310
44 1284
7 1267
0 1313
0 1316
43 1305
0 1321
0 1323
20 1279
0 1328
0 1330
0 1331
0 1332
37 1291
0 1333
22 1273
9 1329
0 1334
0 1335
0 1336
28 1290
0 1337
5 1325
0 1338
29 1317
30 1275
0 1339
21 1281
0 1340
36 1315
42 1261
1 1298
0 1341
40 1327
0 1342
34 1272
0 1343
11 1285
0 1344
33 1299
13 1314
0 1345
31 1286
46 1319
0 1346
0 1347
4 1308
0 1348
3 1312
0 1349
19 1268
0 1350
49 1320
2 1271
0 1351
0 1352
0 1353
0 1354
25 1294
0 1355
0 1356
0 1357
0 1358
0 1359
0 1360
0 1361
17 1304
38 1288
0 1362
35 1265
0 1363
6 1324
0 1364
47 1326
15 1297
48 1296
14 1276
0 1365
0 1366
41 1280
10 1306
0 1367
27 1301
0 1368
24 1283
0 1369
50 1311
16 1322
0 1370
45 1292
26 1295
0 1371
8 1309
0 1372
23 1300
0 1373
0 1374
18 1318
0 1375
0 1376
0 1377
0 1378
0 1379
0 1380
0 1381
0 1382
0 1383
0 1384
0 1385
0 1386
0 1387
0 1388
0 1389
0 1390
0 1391
0 1392
0 1393
0 1394
0 1395
0 1396
0 1397
0 1398
0 1399
0 1400
0 1401
0 1402
0 1403
0 1404
0 1405
0 1406
0 1407
0 1408
0 1409
0 1410
0 1411
0 1412
0 1413
0 1414
0 1415
0 1416
0 1417
0 1418
0 1419
0 1420
0 1421
0 1422
0 1423
0 1424
0 1425
0 1426
0 1427
0 1428
0 1429
0 1430
0 1431
0 1432
0 1433
0 1434
0 1435
0 1436
0 1437
0 1438
0 1439
0 1440
0 1441
0 1442
0 1443
0 1444
0 1445
0 1446
0 1447
0 1448
0 1449
