41 0.8 0.016 0.784
41 0.784 0.16 0.624
72 0.8 0.016 0.784
72 0.784 0.16 0.624
42 0.8 0.016 0.784
42 0.784 0.16 0.624
25 0.8 0.016 0.784
25 0.784 0.16 0.624
46 0.8 0.16 0.64
46 0.713192 0.016 0.697192
46 0.697192 0.16 0.537192
21 0.8 0.016 0.784
68 0.8 0.016 0.784
21 0.784 0.16 0.624
68 0.784 0.16 0.624
24 0.8 0.016 0.784
49 0.8 0.016 0.784
24 0.784 0.16 0.624
49 0.784 0.16 0.624
12 0.8 0.016 0.784
12 0.784 0.16 0.624
15 0.8 0.016 0.784
48 0.8 0.016 0.784
48 0.784 0.16 0.624
15 0.784 0.16 0.624
94 0.8 0.016 0.784
94 0.784 0.16 0.624
5 0.8 0.16 0.64
16 0.8 0.16 0.64
27 0.8 0.16 0.64
81 0.8 0.16 0.64
16 0.719124 0.016 0.703124
81 0.716721 0.016 0.700721
16 0.703124 0.16 0.543124
81 0.700721 0.16 0.540721
5 0.715588 0.16 0.555588
27 0.714671 0.16 0.554671
5 0.555588 0.16 0.395588
27 0.554671 0.16 0.394671
5 0.472374 0.016 0.456374
27 0.473648 0.016 0.457648
27 0.457648 0.16 0.297648
5 0.456374 0.16 0.296374
32 0.8 0.016 0.784
32 0.784 0.16 0.624
34 0.8 0.16 0.64
67 0.8 0.16 0.64
34 0.718375 0.016 0.702375
51 0.8 0.016 0.784
67 0.710263 0.016 0.694263
70 0.8 0.016 0.784
67 0.694263 0.16 0.534263
51 0.784 0.16 0.624
70 0.784 0.16 0.624
34 0.702375 0.16 0.542375
8 0.8 0.16 0.64
88 0.8 0.16 0.64
6 0.8 0.16 0.64
8 0.64 0.16 0.48
77 0.8 0.16 0.64
80 0.8 0.16 0.64
88 0.64 0.16 0.48
6 0.64 0.16 0.48
77 0.64 0.16 0.48
88 0.48 0.16 0.32
88 0.32 0.16 0.16
6 0.556938 0.016 0.540938
8 0.557534 0.016 0.541534
77 0.555581 0.016 0.539581
80 0.715973 0.016 0.699973
82 0.8 0.016 0.784
88 0.235909 0.016 0.219909
8 0.541534 0.16 0.381534
77 0.539581 0.16 0.379581
82 0.784 0.16 0.624
88 0.219909 0.16 0.0599091
80 0.699973 0.16 0.539973
6 0.540938 0.16 0.380938
54 0.8 0.16 0.64
97 0.8 0.16 0.64
54 0.64 0.16 0.48
97 0.64 0.16 0.48
97 0.48 0.16 0.32
54 0.48 0.16 0.32
97 0.32 0.16 0.16
97 0.16 0.16 -5.55112e-17
54 0.399625 0.016 0.383625
97 0.0735417 0.016 0.0575417
54 0.383625 0.16 0.223625
97 0.0575417 0.16 -0.102458
97 0.0715645 0.016 0.0555645
38 0.8 0.016 0.784
39 0.8 0.016 0.784
39 0.784 0.16 0.624
38 0.784 0.16 0.624
1 0.8 0.16 0.64
19 0.8 0.16 0.64
1 0.717439 0.016 0.701439
19 0.716196 0.016 0.700196
1 0.701439 0.16 0.541439
19 0.700196 0.16 0.540196
99 0.8 0.16 0.64
99 0.64 0.16 0.48
89 0.8 0.016 0.784
99 0.553645 0.016 0.537645
100 0.8 0.016 0.784
89 0.784 0.16 0.624
99 0.537645 0.16 0.377645
100 0.784 0.16 0.624
35 0.8 0.16 0.64
45 0.8 0.16 0.64
55 0.8 0.16 0.64
45 0.64 0.16 0.48
17 0.8 0.16 0.64
35 0.64 0.16 0.48
45 0.48 0.16 0.32
55 0.64 0.16 0.48
17 0.718099 0.016 0.702099
35 0.551802 0.016 0.535802
45 0.393531 0.016 0.377531
55 0.551753 0.016 0.535753
97 0.349247 0.16 0.189247
17 0.702099 0.16 0.542099
55 0.535753 0.16 0.375753
35 0.535802 0.16 0.375802
45 0.377531 0.16 0.217531
36 0.8 0.16 0.64
97 0.265464 0.16 0.105464
26 0.8 0.016 0.784
36 0.794427 0.016 0.778427
26 0.784 0.16 0.624
36 0.778427 0.16 0.618427
23 0.8 0.16 0.64
61 0.8 0.16 0.64
61 0.64 0.16 0.48
23 0.715634 0.016 0.699634
61 0.558836 0.016 0.542836
23 0.699634 0.16 0.539634
61 0.542836 0.16 0.382836
11 0.8 0.16 0.64
13 0.8 0.16 0.64
92 0.8 0.16 0.64
93 0.8 0.16 0.64
11 0.719662 0.016 0.703662
92 0.714642 0.016 0.698642
93 0.714925 0.016 0.698925
92 0.698642 0.16 0.538642
93 0.698925 0.16 0.538925
11 0.703662 0.16 0.543662
2 0.8 0.16 0.64
10 0.8 0.16 0.64
13 0.715469 0.16 0.555469
69 0.8 0.16 0.64
2 0.64 0.16 0.48
10 0.64 0.16 0.48
13 0.555469 0.16 0.395469
69 0.64 0.16 0.48
2 0.48 0.16 0.32
10 0.48 0.16 0.32
13 0.395469 0.16 0.235469
69 0.48 0.16 0.32
2 0.391048 0.016 0.375048
10 0.396986 0.016 0.380986
13 0.313593 0.016 0.297593
69 0.393965 0.016 0.377965
2 0.375048 0.16 0.215048
10 0.380986 0.16 0.220986
13 0.297593 0.16 0.137593
69 0.377965 0.16 0.217965
76 0.8 0.16 0.64
76 0.71424 0.016 0.69824
76 0.69824 0.16 0.53824
60 0.8 0.16 0.64
18 0.8 0.016 0.784
60 0.713415 0.016 0.697415
18 0.784 0.16 0.624
60 0.697415 0.16 0.537415
29 0.8 0.16 0.64
31 0.8 0.16 0.64
87 0.8 0.16 0.64
31 0.714081 0.016 0.698081
87 0.717469 0.016 0.701469
31 0.698081 0.16 0.538081
87 0.701469 0.16 0.541469
20 0.8 0.16 0.64
29 0.717075 0.16 0.557075
64 0.8 0.16 0.64
29 0.557075 0.16 0.397075
64 0.64 0.16 0.48
20 0.717301 0.016 0.701301
29 0.475336 0.016 0.459336
64 0.553326 0.016 0.537326
64 0.537326 0.16 0.377326
29 0.459336 0.16 0.299336
20 0.701301 0.16 0.541301
91 0.8 0.16 0.64
91 0.64 0.16 0.48
91 0.48 0.16 0.32
91 0.394578 0.016 0.378578
91 0.378578 0.16 0.218578
44 0.8 0.016 0.784
95 0.8 0.016 0.784
95 0.784 0.16 0.624
44 0.784 0.16 0.624
56 0.8 0.016 0.784
83 0.8 0.016 0.784
56 0.784 0.16 0.624
83 0.784 0.16 0.624
43 0.8 0.16 0.64
50 0.8 0.16 0.64
22 0.8 0.16 0.64
43 0.64 0.16 0.48
50 0.64 0.16 0.48
22 0.711418 0.016 0.695418
43 0.551055 0.016 0.535055
50 0.553721 0.016 0.537721
22 0.695418 0.16 0.535418
43 0.535055 0.16 0.375055
50 0.537721 0.16 0.377721
86 0.8 0.16 0.64
86 0.712724 0.016 0.696724
86 0.696724 0.16 0.536724
9 0.8 0.16 0.64
9 0.716712 0.016 0.700712
90 0.8 0.016 0.784
96 0.8 0.016 0.784
96 0.784 0.16 0.624
90 0.784 0.16 0.624
9 0.700712 0.16 0.540712
30 0.8 0.16 0.64
47 0.8 0.16 0.64
30 0.71562 0.016 0.69962
47 0.714776 0.016 0.698776
30 0.69962 0.16 0.53962
47 0.698776 0.16 0.538776
63 0.8 0.16 0.64
63 0.714019 0.016 0.698019
63 0.698019 0.16 0.538019
66 0.8 0.016 0.784
66 0.784 0.16 0.624
14 0.8 0.16 0.64
14 0.712683 0.016 0.696683
14 0.696683 0.16 0.536683
3 0.8 0.016 0.784
4 0.8 0.016 0.784
52 0.8 0.016 0.784
59 0.8 0.016 0.784
3 0.784 0.16 0.624
4 0.784 0.16 0.624
52 0.784 0.16 0.624
59 0.784 0.16 0.624
33 0.8 0.16 0.64
33 0.64 0.16 0.48
33 0.55099 0.016 0.53499
33 0.53499 0.16 0.37499
98 0.8 0.16 0.64
53 0.8 0.016 0.784
98 0.715937 0.016 0.699937
53 0.784 0.16 0.624
98 0.699937 0.16 0.539937
7 0.8 0.16 0.64
40 0.8 0.16 0.64
73 0.8 0.16 0.64
7 0.64 0.16 0.48
40 0.64 0.16 0.48
73 0.64 0.16 0.48
7 0.556026 0.016 0.540026
40 0.552109 0.016 0.536109
73 0.558815 0.016 0.542815
40 0.536109 0.16 0.376109
7 0.540026 0.16 0.380026
73 0.542815 0.16 0.382815
71 0.8 0.16 0.64
71 0.711024 0.016 0.695024
71 0.695024 0.16 0.535024
28 0.8 0.16 0.64
57 0.8 0.16 0.64
74 0.8 0.16 0.64
75 0.8 0.16 0.64
28 0.714403 0.016 0.698403
74 0.710569 0.016 0.694569
75 0.713797 0.016 0.697797
28 0.698403 0.16 0.538403
75 0.697797 0.16 0.537797
74 0.694569 0.16 0.534569
57 0.711599 0.16 0.551599
57 0.551599 0.16 0.391599
57 0.391599 0.16 0.231599
57 0.308401 0.016 0.292401
78 0.8 0.016 0.784
57 0.292401 0.16 0.132401
78 0.784 0.16 0.624
62 0.8 0.016 0.784
62 0.784 0.16 0.624
37 0.8 0.016 0.784
58 0.8 0.016 0.784
37 0.784 0.16 0.624
58 0.784 0.16 0.624
79 0.8 0.16 0.64
79 0.64 0.16 0.48
79 0.551378 0.016 0.535378
79 0.535378 0.16 0.375378
84 0.8 0.016 0.784
85 0.8 0.016 0.784
85 0.784 0.16 0.624
84 0.784 0.16 0.624
65 0.8 0.016 0.784
65 0.784 0.16 0.624
