0 1880
0 1881
0 1882
0 1883
0 1884
0 1885
0 1886
0 1887
0 1888
0 1889
0 1892
43 1891
0 1896
0 1900
0 1903
0 1907
0 1918
0 1926
0 1933
0 1936
15 1897
69 1935
0 1942
38 1923
0 1944
64 1894
0 1949
30 1945
31 1925
0 1953
28 1913
0 1959
65 1893
0 1964
75 1917
0 1967
59 1904
0 1973
60 1932
62 1931
0 1977
53 1976
0 1984
76 1960
20 1980
0 1988
19 1962
0 1990
18 1905
47 1968
61 1958
0 1991
68 1930
55 1928
21 1972
0 1992
0 1993
0 1994
17 1975
27 1970
0 1995
6 1937
0 1996
66 1914
45 1974
74 1915
0 1997
22 1979
46 1911
0 1998
50 1922
78 1909
7 1961
0 1999
16 1890
11 1908
0 2000
48 1910
73 1950
0 2001
67 1951
0 2002
35 1986
0 2003
0 2004
79 1916
23 1920
57 1957
0 2005
51 1969
10 1902
36 1934
63 1941
0 2006
1 1943
5 1955
0 2007
39 1901
0 2008
25 1983
29 1898
0 2009
72 1906
12 1946
0 2010
24 1987
14 1948
0 2011
0 2012
0 2013
4 1989
0 2014
54 1919
0 2015
8 1982
71 1921
77 1927
0 2016
70 1940
0 2017
42 1895
0 2018
0 2019
58 1947
13 1939
32 1912
0 2020
56 1966
0 2021
49 1965
0 2022
26 1978
3 1899
0 2023
52 1929
0 2024
33 1971
0 2025
2 1981
0 2026
34 1924
0 2027
44 1985
9 1938
37 1963
0 2028
0 2029
0 2030
40 1952
0 2031
0 2032
80 1954
0 2033
41 1956
0 2034
0 2035
0 2036
0 2037
0 2038
0 2039
0 2040
0 2041
0 2042
0 2043
0 2044
0 2045
0 2046
0 2047
0 2048
0 2049
0 2050
0 2051
0 2052
0 2053
0 2054
0 2055
0 2056
0 2057
0 2058
0 2059
0 2060
0 2061
0 2062
0 2063
0 2064
0 2065
0 2066
0 2067
0 2068
0 2069
0 2070
0 2071
0 2072
0 2073
0 2074
0 2075
0 2076
0 2077
0 2078
0 2079
0 2080
0 2081
0 2082
0 2083
0 2084
0 2085
0 2086
0 2087
0 2088
0 2089
0 2090
0 2091
0 2092
0 2093
0 2094
0 2095
0 2096
0 2097
0 2098
0 2099
0 2100
0 2101
0 2102
0 2103
0 2104
0 2105
0 2106
0 2107
0 2108
0 2109
