17 726 0 100 32670720 1.69996 1.69996
2 735 0 100 32645124 2.29996 2.29996
6 732 0 100 32647924 2.49996 2.49996
18 748 0 100 32652744 2.49996 2.49996
8 720 0 100 32668320 2.49996 2.49996
10 753 0 100 32616840 2.69996 2.69996
4 724 0 100 32640550 3.09996 3.09996
11 740 0 100 32661358 3.09996 3.09996
13 746 0 100 32661830 3.49996 3.49996
16 758 0 100 32665424 3.69996 3.69996
20 730 0 100 32674652 4.09996 4.09996
14 756 0 100 32645490 4.19996 4.19996
1 731 0 100 32631238 4.39996 4.39996
3 751 0 100 32644178 4.79996 4.79996
7 743 0 100 32623750 4.99996 4.99996
12 742 0 100 32681818 4.99996 4.99996
5 722 0 100 32661060 5.59996 5.59996
19 750 0 100 32665328 6.39996 6.39996
15 739 0 100 32647852 6.59996 6.59996
9 737 0 100 32654338 7.09996 7.09996
