42 1261 1.0613
32 1263 1.15925
39 1264 1.17319
35 1265 1.18614
7 1267 1.29903
19 1268 1.30626
2 1271 1.45959
34 1272 1.4701
22 1273 1.49755
30 1275 1.52581
14 1276 1.53959
12 1278 1.65778
20 1279 1.6685
41 1280 1.70283
21 1281 1.71118
24 1283 1.72603
44 1284 1.74495
11 1285 1.75061
31 1286 1.80439
38 1288 1.84782
28 1290 1.9234
37 1291 1.94774
45 1292 2.00615
25 1294 2.02186
26 1295 2.0579
48 1296 2.0614
15 1297 2.06553
1 1298 2.06573
33 1299 2.09806
23 1300 2.09916
27 1301 2.10975
17 1304 2.21312
43 1305 2.2258
10 1306 2.26269
4 1308 2.34747
8 1309 2.34831
50 1311 2.43251
3 1312 2.43941
13 1314 2.54245
36 1315 2.55996
29 1317 2.61299
18 1318 2.62605
46 1319 2.67459
49 1320 2.70173
16 1322 2.77604
6 1324 2.83378
5 1325 2.86293
47 1326 2.86451
40 1327 2.87443
9 1329 2.96961
