21 0.8 0.016 0.784
21 0.784 0.16 0.624
3 0.8 0.016 0.784
3 0.784 0.16 0.624
13 0.8 0.016 0.784
13 0.784 0.16 0.624
11 0.8 0.016 0.784
11 0.784 0.16 0.624
12 0.8 0.016 0.784
12 0.784 0.16 0.624
17 0.8 0.016 0.784
17 0.784 0.16 0.624
24 0.8 0.16 0.64
40 0.8 0.16 0.64
15 0.8 0.016 0.784
24 0.71541 0.016 0.69941
40 0.712233 0.016 0.696233
40 0.696233 0.16 0.536233
24 0.69941 0.16 0.53941
15 0.784 0.16 0.624
39 0.8 0.016 0.784
39 0.784 0.16 0.624
32 0.8 0.016 0.784
32 0.784 0.16 0.624
31 0.8 0.16 0.64
31 0.716537 0.016 0.700537
31 0.700537 0.16 0.540537
14 0.8 0.16 0.64
14 0.710303 0.016 0.694303
14 0.694303 0.16 0.534303
7 0.8 0.016 0.784
7 0.784 0.16 0.624
20 0.8 0.016 0.784
20 0.784 0.16 0.624
37 0.8 0.016 0.784
37 0.784 0.16 0.624
8 0.8 0.016 0.784
8 0.784 0.16 0.624
28 0.8 0.16 0.64
28 0.716242 0.016 0.700242
28 0.700242 0.16 0.540242
23 0.8 0.016 0.784
23 0.784 0.16 0.624
25 0.8 0.16 0.64
25 0.714485 0.016 0.698485
25 0.698485 0.16 0.538485
1 0.8 0.16 0.64
1 0.71769 0.016 0.70169
1 0.70169 0.16 0.54169
38 0.8 0.16 0.64
38 0.711176 0.016 0.695176
38 0.695176 0.16 0.535176
2 0.8 0.016 0.784
2 0.784 0.16 0.624
36 0.8 0.16 0.64
9 0.8 0.016 0.784
36 0.719339 0.016 0.703339
36 0.703339 0.16 0.543339
9 0.784 0.16 0.624
10 0.8 0.16 0.64
10 0.717484 0.016 0.701484
10 0.701484 0.16 0.541484
19 0.8 0.16 0.64
19 0.717589 0.016 0.701589
19 0.701589 0.16 0.541589
16 0.8 0.016 0.784
30 0.8 0.016 0.784
16 0.784 0.16 0.624
30 0.784 0.16 0.624
22 0.8 0.16 0.64
22 0.793858 0.016 0.777858
22 0.777858 0.16 0.617858
6 0.8 0.16 0.64
6 0.717521 0.016 0.701521
27 0.8 0.016 0.784
27 0.784 0.16 0.624
6 0.701521 0.16 0.541521
34 0.8 0.16 0.64
34 0.713232 0.016 0.697232
34 0.697232 0.16 0.537232
26 0.8 0.016 0.784
26 0.784 0.16 0.624
33 0.8 0.016 0.784
33 0.784 0.16 0.624
4 0.8 0.016 0.784
4 0.784 0.16 0.624
29 0.8 0.016 0.784
29 0.784 0.16 0.624
35 0.8 0.016 0.784
35 0.784 0.16 0.624
5 0.8 0.016 0.784
5 0.784 0.16 0.624
18 0.8 0.16 0.64
18 0.714596 0.016 0.698596
18 0.698596 0.16 0.538596
