40 0.8 0.016 0.784
40 0.784 0.16 0.624
61 0.8 0.016 0.784
61 0.784 0.16 0.624
74 0.8 0.016 0.784
74 0.784 0.16 0.624
86 0.8 0.016 0.784
86 0.784 0.16 0.624
15 0.8 0.016 0.784
20 0.8 0.016 0.784
20 0.784 0.16 0.624
15 0.784 0.16 0.624
11 0.8 0.16 0.64
11 0.64 0.16 0.48
23 0.8 0.16 0.64
11 0.554199 0.016 0.538199
23 0.717566 0.016 0.701566
33 0.8 0.016 0.784
11 0.538199 0.16 0.378199
23 0.701566 0.16 0.541566
33 0.784 0.16 0.624
56 0.8 0.16 0.64
56 0.64 0.16 0.48
56 0.552517 0.016 0.536517
56 0.536517 0.16 0.376517
70 0.8 0.16 0.64
70 0.719381 0.016 0.703381
70 0.703381 0.16 0.543381
67 0.8 0.16 0.64
1 0.8 0.016 0.784
67 0.717702 0.016 0.701702
71 0.8 0.016 0.784
71 0.784 0.16 0.624
1 0.784 0.16 0.624
67 0.701702 0.16 0.541702
78 0.8 0.16 0.64
78 0.64 0.16 0.48
59 0.8 0.016 0.784
78 0.559296 0.016 0.543296
78 0.543296 0.16 0.383296
59 0.784 0.16 0.624
4 0.8 0.016 0.784
39 0.8 0.016 0.784
68 0.8 0.016 0.784
4 0.784 0.16 0.624
39 0.784 0.16 0.624
68 0.784 0.16 0.624
25 0.8 0.16 0.64
16 0.8 0.016 0.784
25 0.717099 0.016 0.701099
25 0.701099 0.16 0.541099
16 0.784 0.16 0.624
28 0.8 0.16 0.64
51 0.8 0.16 0.64
28 0.64 0.16 0.48
50 0.8 0.16 0.64
51 0.64 0.16 0.48
28 0.550253 0.016 0.534253
51 0.556189 0.016 0.540189
51 0.540189 0.16 0.380189
28 0.534253 0.16 0.374253
50 0.715428 0.16 0.555428
50 0.555428 0.16 0.395428
77 0.8 0.16 0.64
50 0.475272 0.016 0.459272
77 0.716597 0.016 0.700597
50 0.459272 0.16 0.299272
77 0.700597 0.16 0.540597
85 0.8 0.16 0.64
2 0.8 0.016 0.784
85 0.710839 0.016 0.694839
85 0.694839 0.16 0.534839
2 0.784 0.16 0.624
47 0.8 0.16 0.64
47 0.64 0.16 0.48
47 0.55921 0.016 0.54321
47 0.54321 0.16 0.38321
21 0.8 0.16 0.64
83 0.8 0.16 0.64
21 0.716018 0.016 0.700018
83 0.717015 0.016 0.701015
83 0.701015 0.16 0.541015
21 0.700018 0.16 0.540018
60 0.8 0.016 0.784
60 0.784 0.16 0.624
8 0.8 0.16 0.64
41 0.8 0.16 0.64
63 0.8 0.16 0.64
76 0.8 0.16 0.64
82 0.8 0.16 0.64
8 0.716422 0.016 0.700422
41 0.71073 0.016 0.69473
58 0.8 0.016 0.784
63 0.717414 0.016 0.701414
76 0.716882 0.016 0.700882
82 0.710946 0.016 0.694946
63 0.701414 0.16 0.541414
8 0.700422 0.16 0.540422
76 0.700882 0.16 0.540882
41 0.69473 0.16 0.53473
58 0.784 0.16 0.624
82 0.694946 0.16 0.534946
10 0.8 0.16 0.64
10 0.64 0.16 0.48
10 0.550674 0.016 0.534674
10 0.534674 0.16 0.374674
79 0.8 0.16 0.64
79 0.714444 0.016 0.698444
79 0.698444 0.16 0.538444
12 0.8 0.016 0.784
42 0.8 0.016 0.784
12 0.784 0.16 0.624
42 0.784 0.16 0.624
9 0.8 0.16 0.64
52 0.8 0.16 0.64
69 0.8 0.16 0.64
87 0.8 0.16 0.64
9 0.716333 0.016 0.700333
52 0.716321 0.016 0.700321
69 0.714728 0.016 0.698728
87 0.719789 0.016 0.703789
69 0.698728 0.16 0.538728
9 0.700333 0.16 0.540333
52 0.700321 0.16 0.540321
87 0.703789 0.16 0.543789
3 0.8 0.16 0.64
3 0.64 0.16 0.48
3 0.551249 0.016 0.535249
3 0.535249 0.16 0.375249
43 0.8 0.16 0.64
43 0.716783 0.016 0.700783
43 0.700783 0.16 0.540783
30 0.8 0.016 0.784
30 0.784 0.16 0.624
53 0.8 0.16 0.64
89 0.8 0.16 0.64
90 0.8 0.16 0.64
24 0.8 0.016 0.784
53 0.711378 0.016 0.695378
89 0.718682 0.016 0.702682
90 0.719176 0.016 0.703176
90 0.703176 0.16 0.543176
89 0.702682 0.16 0.542682
53 0.695378 0.16 0.535378
24 0.784 0.16 0.624
29 0.8 0.16 0.64
5 0.8 0.16 0.64
29 0.64 0.16 0.48
5 0.64 0.16 0.48
29 0.48 0.16 0.32
5 0.553244 0.016 0.537244
29 0.393307 0.016 0.377307
29 0.377307 0.16 0.217307
5 0.537244 0.16 0.377244
31 0.8 0.016 0.784
38 0.8 0.016 0.784
72 0.8 0.016 0.784
72 0.784 0.16 0.624
31 0.784 0.16 0.624
38 0.784 0.16 0.624
48 0.8 0.16 0.64
48 0.717045 0.016 0.701045
48 0.701045 0.16 0.541045
32 0.8 0.016 0.784
49 0.8 0.016 0.784
66 0.8 0.016 0.784
73 0.8 0.016 0.784
88 0.8 0.016 0.784
49 0.784 0.16 0.624
73 0.784 0.16 0.624
32 0.784 0.16 0.624
88 0.784 0.16 0.624
66 0.784 0.16 0.624
36 0.8 0.016 0.784
54 0.8 0.016 0.784
57 0.8 0.016 0.784
36 0.784 0.16 0.624
54 0.784 0.16 0.624
57 0.784 0.16 0.624
45 0.8 0.16 0.64
35 0.8 0.16 0.64
45 0.64 0.16 0.48
45 0.48 0.16 0.32
35 0.711677 0.016 0.695677
45 0.395621 0.016 0.379621
35 0.695677 0.16 0.535677
45 0.379621 0.16 0.219621
19 0.8 0.16 0.64
19 0.71907 0.016 0.70307
75 0.8 0.016 0.784
19 0.70307 0.16 0.54307
75 0.784 0.16 0.624
37 0.8 0.016 0.784
37 0.784 0.16 0.624
44 0.8 0.16 0.64
44 0.712155 0.016 0.696155
65 0.8 0.016 0.784
44 0.696155 0.16 0.536155
65 0.784 0.16 0.624
81 0.8 0.16 0.64
81 0.64 0.16 0.48
81 0.557445 0.016 0.541445
81 0.541445 0.16 0.381445
7 0.8 0.016 0.784
17 0.8 0.016 0.784
18 0.8 0.016 0.784
17 0.784 0.16 0.624
18 0.784 0.16 0.624
7 0.784 0.16 0.624
27 0.8 0.16 0.64
13 0.8 0.16 0.64
26 0.8 0.16 0.64
27 0.64 0.16 0.48
84 0.8 0.16 0.64
13 0.713434 0.016 0.697434
26 0.71444 0.016 0.69844
27 0.552049 0.016 0.536049
13 0.697434 0.16 0.537434
26 0.69844 0.16 0.53844
27 0.536049 0.16 0.376049
84 0.711428 0.16 0.551428
84 0.551428 0.16 0.391428
84 0.462457 0.016 0.446457
84 0.446457 0.16 0.286457
46 0.8 0.016 0.784
80 0.8 0.016 0.784
46 0.784 0.16 0.624
80 0.784 0.16 0.624
55 0.8 0.16 0.64
55 0.717077 0.016 0.701077
55 0.701077 0.16 0.541077
14 0.8 0.16 0.64
14 0.71908 0.016 0.70308
14 0.70308 0.16 0.54308
34 0.8 0.16 0.64
34 0.711114 0.016 0.695114
62 0.8 0.016 0.784
34 0.695114 0.16 0.535114
62 0.784 0.16 0.624
64 0.8 0.16 0.64
64 0.64 0.16 0.48
64 0.559792 0.016 0.543792
64 0.543792 0.16 0.383792
6 0.8 0.16 0.64
6 0.711849 0.016 0.695849
6 0.695849 0.16 0.535849
22 0.8 0.16 0.64
22 0.713378 0.016 0.697378
22 0.697378 0.16 0.537378
