64 0.8 0.016 0.784
64 0.784 0.16 0.624
68 0.8 0.016 0.784
68 0.784 0.16 0.624
33 0.8 0.016 0.784
33 0.784 0.16 0.624
49 0.8 0.016 0.784
49 0.784 0.16 0.624
55 0.8 0.016 0.784
55 0.784 0.16 0.624
42 0.8 0.016 0.784
42 0.784 0.16 0.624
41 0.8 0.016 0.784
63 0.8 0.016 0.784
69 0.8 0.016 0.784
69 0.784 0.16 0.624
63 0.784 0.16 0.624
41 0.784 0.16 0.624
13 0.8 0.16 0.64
13 0.64 0.16 0.48
13 0.48 0.16 0.32
13 0.398398 0.016 0.382398
13 0.382398 0.16 0.222398
5 0.8 0.016 0.784
65 0.8 0.016 0.784
65 0.784 0.16 0.624
5 0.784 0.16 0.624
16 0.8 0.016 0.784
16 0.784 0.16 0.624
29 0.8 0.016 0.784
34 0.8 0.016 0.784
66 0.8 0.016 0.784
66 0.784 0.16 0.624
34 0.784 0.16 0.624
29 0.784 0.16 0.624
24 0.8 0.16 0.64
40 0.8 0.16 0.64
24 0.719363 0.016 0.703363
40 0.715966 0.016 0.699966
40 0.699966 0.16 0.539966
24 0.703363 0.16 0.543363
21 0.8 0.16 0.64
21 0.788364 0.016 0.772364
37 0.8 0.016 0.784
44 0.8 0.016 0.784
51 0.8 0.016 0.784
21 0.772364 0.16 0.612364
37 0.784 0.16 0.624
44 0.784 0.16 0.624
51 0.784 0.16 0.624
52 0.8 0.16 0.64
60 0.8 0.16 0.64
52 0.64 0.16 0.48
60 0.64 0.16 0.48
52 0.551519 0.016 0.535519
60 0.558086 0.016 0.542086
52 0.535519 0.16 0.375519
60 0.542086 0.16 0.382086
17 0.8 0.016 0.784
19 0.8 0.016 0.784
19 0.784 0.16 0.624
17 0.784 0.16 0.624
36 0.8 0.16 0.64
61 0.8 0.16 0.64
36 0.64 0.16 0.48
58 0.8 0.16 0.64
61 0.64 0.16 0.48
67 0.8 0.16 0.64
36 0.558847 0.016 0.542847
58 0.718913 0.016 0.702913
61 0.556519 0.016 0.540519
67 0.710616 0.016 0.694616
36 0.542847 0.16 0.382847
58 0.702913 0.16 0.542913
67 0.694616 0.16 0.534616
61 0.540519 0.16 0.380519
4 0.8 0.16 0.64
4 0.717589 0.016 0.701589
4 0.701589 0.16 0.541589
22 0.8 0.16 0.64
22 0.7158 0.016 0.6998
22 0.6998 0.16 0.5398
30 0.8 0.16 0.64
46 0.8 0.16 0.64
30 0.718775 0.016 0.702775
46 0.711819 0.016 0.695819
46 0.695819 0.16 0.535819
30 0.702775 0.16 0.542775
59 0.8 0.16 0.64
59 0.64 0.16 0.48
59 0.555008 0.016 0.539008
59 0.539008 0.16 0.379008
7 0.8 0.016 0.784
45 0.8 0.016 0.784
45 0.784 0.16 0.624
7 0.784 0.16 0.624
56 0.8 0.16 0.64
56 0.64 0.16 0.48
56 0.557634 0.016 0.541634
56 0.541634 0.16 0.381634
18 0.8 0.016 0.784
18 0.784 0.16 0.624
28 0.8 0.16 0.64
70 0.8 0.16 0.64
28 0.718944 0.016 0.702944
47 0.8 0.016 0.784
70 0.713667 0.016 0.697667
28 0.702944 0.16 0.542944
47 0.784 0.16 0.624
70 0.697667 0.16 0.537667
3 0.8 0.16 0.64
3 0.64 0.16 0.48
3 0.551479 0.016 0.535479
3 0.535479 0.16 0.375479
35 0.8 0.016 0.784
57 0.8 0.016 0.784
57 0.784 0.16 0.624
35 0.784 0.16 0.624
43 0.8 0.016 0.784
43 0.784 0.16 0.624
9 0.8 0.016 0.784
31 0.8 0.016 0.784
53 0.8 0.016 0.784
53 0.784 0.16 0.624
9 0.784 0.16 0.624
31 0.784 0.16 0.624
62 0.8 0.16 0.64
62 0.64 0.16 0.48
62 0.556313 0.016 0.540313
62 0.540313 0.16 0.380313
2 0.8 0.016 0.784
10 0.8 0.016 0.784
48 0.8 0.016 0.784
50 0.8 0.016 0.784
50 0.784 0.16 0.624
48 0.784 0.16 0.624
10 0.784 0.16 0.624
2 0.784 0.16 0.624
25 0.8 0.016 0.784
25 0.784 0.16 0.624
1 0.8 0.16 0.64
14 0.8 0.16 0.64
1 0.714137 0.016 0.698137
14 0.716556 0.016 0.700556
14 0.700556 0.16 0.540556
1 0.698137 0.16 0.538137
11 0.8 0.16 0.64
11 0.64 0.16 0.48
11 0.555321 0.016 0.539321
11 0.539321 0.16 0.379321
15 0.8 0.16 0.64
15 0.718808 0.016 0.702808
15 0.702808 0.16 0.542808
20 0.8 0.016 0.784
20 0.784 0.16 0.624
39 0.8 0.016 0.784
39 0.784 0.16 0.624
32 0.8 0.16 0.64
38 0.8 0.16 0.64
32 0.718324 0.016 0.702324
38 0.715394 0.016 0.699394
32 0.702324 0.16 0.542324
38 0.699394 0.16 0.539394
26 0.8 0.16 0.64
26 0.794164 0.016 0.778164
26 0.778164 0.16 0.618164
54 0.8 0.016 0.784
54 0.784 0.16 0.624
6 0.8 0.16 0.64
6 0.714229 0.016 0.698229
6 0.698229 0.16 0.538229
23 0.8 0.16 0.64
23 0.71583 0.016 0.69983
23 0.69983 0.16 0.53983
12 0.8 0.016 0.784
12 0.784 0.16 0.624
8 0.8 0.016 0.784
8 0.784 0.16 0.624
27 0.8 0.016 0.784
27 0.784 0.16 0.624
