13 895 0 100 32680194 1.60619 1.60619
14 907 0 100 32633606 1.80619 1.80619
4 901 0 100 32642978 2.70619 2.70619
16 892 0 100 32673470 2.80619 2.80619
15 897 0 100 32649732 2.90619 2.90619
11 914 0 100 32671560 3.20619 3.20619
5 918 0 100 32667540 3.40619 3.40619
19 924 0 100 32681222 3.50619 3.50619
27 929 0 100 32658704 3.60619 3.60619
10 931 0 100 32646732 3.60619 3.60619
29 891 0 100 32660210 3.70619 3.70619
2 934 0 100 32671282 3.70619 3.70619
3 910 0 100 32646598 3.80619 3.80619
28 896 0 100 32641842 4.00619 4.00619
26 906 0 100 32644848 4.00619 4.00619
6 939 0 100 32641276 4.70619 4.70619
12 936 0 100 32675342 4.80619 4.80619
30 927 0 100 32653238 5.00619 5.00619
21 903 0 100 32647598 5.70619 5.70619
9 908 0 100 32644442 5.70619 5.70619
22 922 0 100 32655868 5.90619 5.90619
8 900 0 100 32658652 6.10619 6.10619
23 913 0 100 32675396 6.10619 6.10619
7 909 0 100 32676070 6.30619 6.30619
1 933 0 100 32667650 6.60619 6.60619
24 935 0 100 32682228 7.00619 7.00619
25 919 0 100 32654608 7.20619 7.20619
18 930 0 100 32643296 7.50619 7.50619
17 938 0 100 32633364 8.10619 8.10619
