55 1460 1.01271
22 1461 1.04006
46 1462 1.04194
38 1463 1.05011
10 1464 1.06135
30 1465 1.06654
13 1467 1.10148
34 1468 1.10884
48 1469 1.11094
15 1470 1.14175
58 1472 1.22828
54 1473 1.25973
24 1474 1.28474
14 1475 1.28825
7 1476 1.29117
3 1478 1.29997
9 1479 1.34981
59 1481 1.39761
52 1482 1.46181
51 1484 1.55177
26 1485 1.56329
57 1487 1.60885
5 1488 1.67756
40 1490 1.69535
4 1491 1.70655
11 1492 1.71944
8 1493 1.73858
41 1494 1.76081
53 1495 1.76383
19 1497 1.84275
37 1498 1.87145
23 1499 1.88819
45 1501 1.90111
50 1502 1.93293
20 1503 1.98944
60 1505 2.06433
44 1506 2.06758
1 1508 2.0925
43 1509 2.17573
12 1510 2.18092
2 1512 2.24485
27 1513 2.2558
16 1515 2.29753
31 1516 2.3273
36 1517 2.33713
39 1518 2.38378
25 1520 2.40699
49 1521 2.47091
28 1522 2.47461
29 1524 2.54471
33 1525 2.56829
32 1527 2.59501
18 1528 2.68735
17 1530 2.71828
21 1531 2.72881
47 1532 2.78106
35 1534 2.83745
6 1535 2.85708
42 1537 2.89482
56 1539 2.99944
