0 1450
0 1451
0 1452
0 1453
0 1454
0 1455
0 1456
0 1457
0 1458
0 1459
0 1466
0 1471
0 1477
7 1476
0 1480
0 1483
9 1479
0 1486
15 1470
0 1489
0 1496
59 1481
0 1500
0 1504
53 1495
0 1507
24 1474
0 1511
5 1488
0 1514
0 1519
40 1490
0 1523
49 1521
0 1526
2 1512
3 1478
0 1529
0 1533
1 1508
0 1536
0 1538
0 1540
37 1498
0 1541
50 1502
0 1542
0 1543
0 1544
8 1493
0 1545
43 1509
23 1499
0 1546
30 1465
0 1547
0 1548
38 1463
0 1549
13 1467
0 1550
54 1473
31 1516
0 1551
20 1503
33 1525
0 1552
35 1534
29 1524
45 1501
0 1553
6 1535
0 1554
36 1517
14 1475
0 1555
12 1510
27 1513
0 1556
41 1494
0 1557
0 1558
52 1482
25 1520
0 1559
10 1464
55 1460
0 1560
0 1561
0 1562
0 1563
48 1469
0 1564
58 1472
28 1522
0 1565
46 1462
26 1485
34 1468
4 1491
0 1566
44 1506
0 1567
21 1531
56 1539
0 1568
0 1569
19 1497
60 1505
0 1570
51 1484
22 1461
0 1571
57 1487
0 1572
16 1515
32 1527
0 1573
0 1574
0 1575
11 1492
0 1576
0 1577
0 1578
0 1579
0 1580
39 1518
0 1581
0 1582
42 1537
0 1583
17 1530
0 1584
47 1532
0 1585
0 1586
18 1528
0 1587
0 1588
0 1589
0 1590
0 1591
0 1592
0 1593
0 1594
0 1595
0 1596
0 1597
0 1598
0 1599
0 1600
0 1601
0 1602
0 1603
0 1604
0 1605
0 1606
0 1607
0 1608
0 1609
0 1610
0 1611
0 1612
0 1613
0 1614
0 1615
0 1616
0 1617
0 1618
0 1619
0 1620
0 1621
0 1622
0 1623
0 1624
0 1625
0 1626
0 1627
0 1628
0 1629
0 1630
0 1631
0 1632
0 1633
0 1634
0 1635
0 1636
0 1637
0 1638
0 1639
0 1640
0 1641
0 1642
0 1643
0 1644
0 1645
0 1646
0 1647
0 1648
0 1649
0 1650
0 1651
0 1652
0 1653
0 1654
0 1655
0 1656
0 1657
0 1658
0 1659
