40 2125 0 100 32652334 1.24903 1.24903
61 2139 0 100 32670664 1.54903 1.54903
74 2132 0 100 32653178 1.74903 1.74903
86 2133 0 100 32647936 1.94903 1.94903
20 2181 0 100 32667820 2.14903 2.14903
15 2157 0 100 32678980 2.14903 2.14903
11 2171 0 100 32636390 2.24903 2.24903
33 2189 0 100 32665612 2.24903 2.24903
56 2170 0 100 32647676 2.34903 2.34903
70 2161 0 100 32653652 2.44903 2.44903
71 2184 0 100 32669344 2.54903 2.54903
67 2144 0 100 32663748 2.54903 2.54903
78 2155 0 100 32663210 2.64903 2.64903
59 2212 0 100 32649102 2.64903 2.64903
39 2215 0 100 32665646 2.94903 2.94903
68 2145 0 100 32649316 2.94903 2.94903
25 2121 0 100 32667550 3.04903 3.04903
16 2131 0 100 32680712 3.04903 3.04903
51 2207 0 100 32656490 3.14903 3.14903
28 2216 0 100 32678682 3.14903 3.14903
77 2168 0 100 32650552 3.24903 3.24903
85 2205 0 100 32666466 3.34903 3.34903
2 2211 0 100 32678126 3.34903 3.34903
47 2150 0 100 32676640 3.44903 3.44903
83 2195 0 100 32642628 3.54903 3.54903
21 2180 0 100 32643292 3.54903 3.54903
60 2204 0 100 32663818 3.64903 3.64903
63 2135 0 100 32648364 3.74903 3.74903
8 2148 0 100 32645952 3.74903 3.74903
76 2192 0 100 32660714 3.74903 3.74903
58 2213 0 100 32681422 3.74903 3.74903
82 2140 0 100 32662962 3.74903 3.74903
10 2151 0 100 32673890 3.84903 3.84903
79 2126 0 100 32642512 3.94903 3.94903
12 2173 0 100 32680360 4.14903 4.14903
42 2196 0 100 32660438 4.14903 4.14903
69 2122 0 100 32660768 4.24903 4.24903
52 2186 0 100 32674910 4.24903 4.24903
87 2219 0 100 32647010 4.24903 4.24903
3 2206 0 100 32652048 4.34903 4.34903
43 2222 0 100 32636556 4.44903 4.44903
30 2154 0 100 32673928 4.54903 4.54903
90 2167 0 100 32640696 4.64903 4.64903
89 2134 0 100 32628380 4.64903 4.64903
53 2165 0 100 32671890 4.64903 4.64903
24 2147 0 100 32681936 4.64903 4.64903
29 2129 0 100 32660826 4.74903 4.74903
5 2166 0 100 32645544 4.74903 4.74903
72 2183 0 100 32669290 4.94903 4.94903
31 2127 0 100 32634796 4.94903 4.94903
38 2162 0 100 32663828 4.94903 4.94903
48 2227 0 100 32670660 5.04903 5.04903
49 2160 0 100 32655152 5.44903 5.44903
73 2120 0 100 32634088 5.44903 5.44903
88 2224 0 100 32650108 5.44903 5.44903
66 2188 0 100 32679548 5.44903 5.44903
36 2159 0 100 32640220 5.64903 5.64903
54 2218 0 100 32659152 5.64903 5.64903
57 2153 0 100 32645648 5.64903 5.64903
45 2136 0 100 32636274 5.74903 5.74903
19 2138 0 100 32661650 5.84903 5.84903
75 2208 0 100 32680564 5.84903 5.84903
37 2175 0 100 32651216 6.14903 6.14903
44 2143 0 100 32656316 6.24903 6.24903
65 2174 0 100 32663710 6.24903 6.24903
81 2179 0 100 32641300 6.34903 6.34903
17 2176 0 100 32652326 6.54903 6.54903
18 2229 0 100 32653482 6.54903 6.54903
7 2152 0 100 32676358 6.54903 6.54903
13 2156 0 100 32668332 6.64903 6.64903
27 2199 0 100 32648742 6.64903 6.64903
84 2201 0 100 32660984 6.74903 6.74903
80 2172 0 100 32679870 6.84903 6.84903
55 2226 0 100 32633656 6.94903 6.94903
14 2203 0 100 32660678 7.04903 7.04903
34 2193 0 100 32625684 7.14903 7.14903
62 2217 0 100 32675226 7.14903 7.14903
64 2197 0 100 32639712 7.24903 7.24903
6 2220 0 100 32629548 7.34903 7.34903
22 2228 0 100 32657266 7.44903 7.44903
