64 1670 1.00053
68 1672 1.08016
65 1673 1.10079
49 1674 1.10209
52 1676 1.15391
33 1677 1.15784
28 1678 1.19813
13 1680 1.26588
40 1681 1.29396
48 1683 1.33766
31 1684 1.35195
55 1685 1.37332
42 1686 1.38471
51 1687 1.42992
25 1689 1.43577
21 1690 1.43842
63 1691 1.47512
10 1692 1.47985
36 1693 1.48768
50 1694 1.50118
58 1696 1.53875
7 1697 1.57219
69 1698 1.59606
43 1699 1.60528
70 1701 1.64652
14 1702 1.69635
66 1703 1.70888
41 1706 1.85486
37 1707 1.86877
45 1708 1.90572
44 1709 1.91529
53 1710 1.93181
47 1712 1.97819
61 1714 2.04711
4 1715 2.08174
19 1717 2.13337
17 1718 2.14983
32 1719 2.1934
30 1720 2.22419
35 1722 2.25461
54 1723 2.26312
18 1724 2.27634
11 1725 2.33063
1 1727 2.33596
24 1728 2.35203
34 1729 2.38453
6 1730 2.39301
26 1731 2.40064
20 1732 2.40201
46 1734 2.46335
5 1735 2.47849
56 1736 2.50372
23 1737 2.51156
62 1738 2.51313
16 1739 2.52318
59 1741 2.54938
60 1742 2.56031
29 1743 2.57036
67 1744 2.61307
2 1745 2.61689
57 1746 2.61913
39 1747 2.62587
15 1749 2.6468
8 1750 2.67435
3 1751 2.72606
38 1752 2.72879
22 1754 2.75825
12 1757 2.9445
9 1758 2.98104
27 1759 2.99384
