7 1476 0 100 32680294 1.29161 1.29161
9 1479 0 100 32668146 1.49161 1.49161
15 1470 0 100 32655540 1.59161 1.59161
59 1481 0 100 32647752 1.79161 1.79161
53 1495 0 100 32666846 1.99161 1.99161
24 1474 0 100 32676840 2.09161 2.09161
5 1488 0 100 32650510 2.19161 2.19161
40 1490 0 100 32668310 2.39161 2.39161
49 1521 0 100 32659300 2.49161 2.49161
2 1512 0 100 32646988 2.59161 2.59161
3 1478 0 100 32646380 2.59161 2.59161
1 1508 0 100 32651114 2.79161 2.79161
37 1498 0 100 32643232 3.09161 3.09161
50 1502 0 100 32622052 3.19161 3.19161
8 1493 0 100 32651098 3.49161 3.49161
43 1509 0 100 32658536 3.59161 3.59161
23 1499 0 100 32655590 3.59161 3.59161
30 1465 0 100 32671876 3.69161 3.69161
38 1463 0 100 32662138 3.89161 3.89161
13 1467 0 100 32657158 3.99161 3.99161
54 1473 0 100 32646886 4.09161 4.09161
31 1516 0 100 32671296 4.09161 4.09161
20 1503 0 100 32641036 4.19161 4.19161
33 1525 0 100 32634776 4.19161 4.19161
35 1534 0 100 32681010 4.29161 4.29161
29 1524 0 100 32638626 4.29161 4.29161
45 1501 0 100 32643382 4.29161 4.29161
6 1535 0 100 32633234 4.39161 4.39161
36 1517 0 100 32642548 4.49161 4.49161
14 1475 0 100 32644952 4.49161 4.49161
27 1513 0 100 32661278 4.59161 4.59161
41 1494 0 100 32658922 4.69161 4.69161
52 1482 0 100 32636540 4.89161 4.89161
25 1520 0 100 32663886 4.89161 4.89161
55 1460 0 100 32654134 4.99161 4.99161
48 1469 0 100 32652966 5.39161 5.39161
58 1472 0 100 32668026 5.49161 5.49161
28 1522 0 100 32668570 5.49161 5.49161
46 1462 0 100 32673076 5.59161 5.59161
34 1468 0 100 32630326 5.59161 5.59161
4 1491 0 100 32678670 5.59161 5.59161
44 1506 0 100 32653332 5.69161 5.69161
21 1531 0 100 32640006 5.79161 5.79161
56 1539 0 100 32675544 5.79161 5.79161
60 1505 0 100 32671158 5.99161 5.99161
51 1484 0 100 32649468 6.09161 6.09161
22 1461 0 100 32669322 6.09161 6.09161
57 1487 0 100 32646378 6.19161 6.19161
16 1515 0 100 32641486 6.29161 6.29161
32 1527 0 100 32661388 6.29161 6.29161
11 1492 0 100 32677732 6.59161 6.59161
39 1518 0 100 32656552 7.09161 7.09161
42 1537 0 100 32676290 7.29161 7.29161
17 1530 0 100 32653726 7.39161 7.39161
47 1532 0 100 32664074 7.49161 7.49161
18 1528 0 100 32653474 7.69161 7.69161
