13 0.8 0.016 0.784
13 0.784 0.16 0.624
14 0.8 0.016 0.784
14 0.784 0.16 0.624
4 0.8 0.016 0.784
4 0.784 0.16 0.624
16 0.8 0.016 0.784
16 0.784 0.16 0.624
15 0.8 0.16 0.64
15 0.710195 0.016 0.694195
15 0.694195 0.16 0.534195
11 0.8 0.016 0.784
11 0.784 0.16 0.624
5 0.8 0.016 0.784
5 0.784 0.16 0.624
19 0.8 0.016 0.784
19 0.784 0.16 0.624
10 0.8 0.16 0.64
27 0.8 0.16 0.64
10 0.711606 0.016 0.695606
27 0.712978 0.016 0.696978
27 0.696978 0.16 0.536978
10 0.695606 0.16 0.535606
29 0.8 0.16 0.64
2 0.8 0.016 0.784
29 0.715517 0.016 0.699517
29 0.699517 0.16 0.539517
2 0.784 0.16 0.624
3 0.8 0.16 0.64
3 0.64 0.16 0.48
3 0.557806 0.016 0.541806
3 0.541806 0.16 0.381806
26 0.8 0.016 0.784
28 0.8 0.016 0.784
28 0.784 0.16 0.624
26 0.784 0.16 0.624
6 0.8 0.016 0.784
6 0.784 0.16 0.624
12 0.8 0.016 0.784
12 0.784 0.16 0.624
30 0.8 0.016 0.784
30 0.784 0.16 0.624
9 0.8 0.016 0.784
21 0.8 0.016 0.784
21 0.784 0.16 0.624
9 0.784 0.16 0.624
22 0.8 0.016 0.784
22 0.784 0.16 0.624
8 0.8 0.016 0.784
20 0.8 0.016 0.784
23 0.8 0.016 0.784
8 0.784 0.16 0.624
20 0.784 0.16 0.624
23 0.784 0.16 0.624
7 0.8 0.016 0.784
7 0.784 0.16 0.624
1 0.8 0.016 0.784
1 0.784 0.16 0.624
24 0.8 0.016 0.784
24 0.784 0.16 0.624
25 0.8 0.016 0.784
25 0.784 0.16 0.624
18 0.8 0.016 0.784
18 0.784 0.16 0.624
17 0.8 0.016 0.784
17 0.784 0.16 0.624
