28 1071 1.03044
21 1072 1.1016
15 1074 1.11114
13 1075 1.15533
22 1076 1.18952
36 1078 1.21757
19 1079 1.25035
40 1081 1.31693
10 1082 1.3316
30 1084 1.42721
11 1085 1.439
3 1086 1.5013
33 1088 1.56379
34 1089 1.5837
27 1091 1.62185
23 1092 1.64259
17 1093 1.70814
31 1096 1.84831
37 1098 1.92172
1 1099 1.93599
32 1100 1.96764
9 1101 1.97002
35 1103 2.01525
7 1104 2.04271
38 1106 2.1859
12 1108 2.23237
29 1110 2.34785
2 1111 2.37116
25 1112 2.37471
5 1114 2.42219
16 1115 2.43748
24 1116 2.45501
4 1118 2.56151
8 1120 2.63994
14 1121 2.64196
18 1124 2.81295
20 1126 2.93043
26 1127 2.93088
39 1128 2.93634
6 1129 2.99741
