72 280 1.00007
69 281 1.01175
22 282 1.04245
28 283 1.05541
38 284 1.0716
78 285 1.08318
70 286 1.08445
71 287 1.23473
23 288 1.23561
51 289 1.24268
41 290 1.32612
75 291 1.32977
68 292 1.37819
57 293 1.46888
13 294 1.48233
52 295 1.53773
4 296 1.54033
66 297 1.54494
76 298 1.55357
37 299 1.56052
2 300 1.58196
21 301 1.59741
64 302 1.60805
65 303 1.65664
31 304 1.67452
63 305 1.69452
49 306 1.73294
61 307 1.8297
19 308 1.83344
3 309 1.86705
32 310 1.91043
58 311 1.97668
50 312 2.01174
73 313 2.022
40 314 2.04638
36 315 2.05302
25 316 2.05504
24 317 2.05757
39 318 2.07429
53 319 2.07697
1 320 2.0886
29 321 2.09697
79 322 2.10439
10 323 2.10503
47 324 2.13491
34 325 2.13524
20 326 2.13998
16 327 2.16695
14 328 2.18635
11 329 2.21091
43 330 2.2521
26 331 2.26552
67 332 2.274
35 333 2.29847
17 334 2.33287
6 335 2.41618
55 336 2.4299
54 337 2.44708
18 338 2.45104
30 339 2.47551
5 340 2.49924
15 341 2.53377
7 342 2.53979
27 343 2.55286
8 344 2.56171
12 345 2.65598
74 346 2.66951
9 347 2.67116
46 348 2.67505
33 349 2.71789
62 350 2.75261
56 351 2.75314
42 352 2.77142
48 353 2.8079
59 354 2.81786
77 355 2.84505
80 356 2.87663
44 357 2.8812
60 358 2.90988
45 359 2.94772
