57 210 1.00789
63 211 1.02958
22 212 1.06784
2 213 1.08343
18 214 1.11333
59 215 1.12537
68 216 1.15279
33 217 1.15577
54 218 1.20488
4 219 1.32115
44 220 1.33153
28 221 1.36201
70 222 1.37246
41 223 1.38098
65 224 1.38935
30 225 1.4501
1 226 1.54543
14 227 1.59298
24 228 1.62161
36 229 1.62601
26 230 1.65949
52 231 1.74351
48 232 1.76656
9 233 1.89198
34 234 1.89662
29 235 1.91451
12 236 1.94751
66 237 1.99584
61 238 2.0182
40 239 2.02412
10 240 2.02493
27 241 2.02731
20 242 2.0421
46 243 2.04382
45 244 2.06289
56 245 2.06591
31 246 2.1106
53 247 2.11925
64 248 2.12176
35 249 2.16449
32 250 2.18063
11 251 2.20958
38 252 2.21252
67 253 2.25579
50 254 2.29702
55 255 2.30955
37 256 2.31457
69 257 2.35339
58 258 2.35916
43 259 2.36104
62 260 2.39062
25 261 2.40153
49 262 2.43393
3 263 2.46152
16 264 2.52806
60 265 2.5496
47 266 2.59249
42 267 2.63564
7 268 2.67178
13 269 2.67506
8 270 2.70509
6 271 2.73447
39 272 2.73764
21 273 2.77912
51 274 2.83077
19 275 2.85257
17 276 2.8678
23 277 2.86829
5 278 2.87005
15 279 2.89749
