26 150 1.01455
2 151 1.08697
36 152 1.18472
47 153 1.25831
18 154 1.26673
58 155 1.2789
24 156 1.33637
6 157 1.44326
60 158 1.45395
45 159 1.49426
33 160 1.52802
37 161 1.55345
16 162 1.61469
49 163 1.62159
9 164 1.63035
53 165 1.63914
51 166 1.69284
44 167 1.70095
27 168 1.71533
21 169 1.78186
19 170 1.8
3 171 1.84186
10 172 1.86375
5 173 1.90815
43 174 1.92631
40 175 1.99907
8 176 2.00221
22 177 2.05381
52 178 2.05967
7 179 2.13078
23 180 2.14166
13 181 2.14875
32 182 2.16475
1 183 2.16573
17 184 2.23759
28 185 2.26921
12 186 2.31671
50 187 2.42491
20 188 2.46171
57 189 2.46732
41 190 2.47659
39 191 2.53272
34 192 2.53537
54 193 2.55082
4 194 2.61261
30 195 2.63137
15 196 2.64467
29 197 2.67275
31 198 2.75166
35 199 2.76153
14 200 2.78894
11 201 2.79384
46 202 2.87305
38 203 2.88998
48 204 2.89787
25 205 2.91006
59 206 2.92183
55 207 2.94385
42 208 2.98034
56 209 2.98681
