88 360
81 361
66 362
58 363
61 364
31 365
16 366
75 367
52 368
48 369
49 370
90 371
64 372
83 373
41 374
55 375
18 376
40 377
44 378
1 379
42 380
85 381
17 382
39 383
63 384
67 385
50 386
3 387
20 388
59 389
46 390
45 391
82 392
19 393
12 394
32 395
43 396
28 397
72 398
71 399
65 400
57 401
76 402
51 403
68 404
69 405
62 406
70 407
30 408
33 409
7 410
89 411
29 412
5 413
56 414
8 415
4 416
79 417
6 418
14 419
21 420
22 421
80 422
36 423
15 424
25 425
11 426
35 427
86 428
37 429
26 430
84 431
54 432
77 433
87 434
73 435
27 436
60 437
2 438
13 439
23 440
34 441
24 442
9 443
78 444
53 445
38 446
10 447
74 448
47 449
