13 100 1.00984
35 101 1.03194
36 102 1.12748
39 103 1.24077
27 104 1.38963
47 105 1.42561
50 106 1.45251
34 107 1.45287
10 108 1.46914
3 109 1.47157
21 110 1.50938
25 111 1.5164
49 112 1.53125
20 113 1.58836
48 114 1.61802
8 115 1.64174
41 116 1.64728
40 117 1.74299
26 118 1.74352
6 119 1.77828
45 120 1.80387
7 121 1.80535
12 122 1.86026
43 123 1.92432
46 124 1.95615
4 125 1.96683
38 126 2.0977
16 127 2.16379
15 128 2.19817
44 129 2.22165
32 130 2.26486
11 131 2.27453
19 132 2.28364
1 133 2.32307
33 134 2.34321
18 135 2.37369
17 136 2.40508
42 137 2.53095
30 138 2.64049
29 139 2.65083
31 140 2.65758
23 141 2.68767
14 142 2.70399
22 143 2.75744
2 144 2.77445
5 145 2.79771
24 146 2.93397
37 147 2.9353
28 148 2.99094
9 149 2.998
