51 450 1.00122
3 451 1.00566
40 452 1.01677
77 453 1.03427
47 454 1.04863
70 455 1.06065
57 456 1.09259
97 457 1.0978
61 458 1.10613
78 459 1.12431
14 460 1.14157
90 461 1.18144
44 462 1.2124
26 463 1.21254
87 464 1.23755
41 465 1.25316
23 466 1.26348
84 467 1.26677
49 468 1.27212
72 469 1.30863
75 470 1.32425
82 471 1.36227
58 472 1.36604
35 473 1.38894
95 474 1.39885
9 475 1.4598
79 476 1.47755
31 477 1.49283
1 478 1.52486
11 479 1.52988
27 480 1.55664
13 481 1.58128
60 482 1.59308
34 483 1.5946
69 484 1.60923
73 485 1.65303
67 486 1.71943
42 487 1.74214
81 488 1.74331
55 489 1.76896
66 490 1.8345
86 491 1.84473
18 492 1.84614
80 493 1.86783
17 494 1.90259
21 495 2.00034
99 496 2.01371
52 497 2.01507
24 498 2.02269
63 499 2.0262
33 500 2.0347
76 501 2.08576
15 502 2.09875
10 503 2.10244
53 504 2.119
83 505 2.12476
38 506 2.12669
54 507 2.12951
48 508 2.13446
91 509 2.17969
50 510 2.24107
45 511 2.24802
19 512 2.26458
56 513 2.29215
64 514 2.30236
29 515 2.30795
65 516 2.31612
5 517 2.38701
43 518 2.42475
28 519 2.4279
22 520 2.43042
74 521 2.49048
71 522 2.51107
36 523 2.54677
39 524 2.5677
68 525 2.56823
30 526 2.58614
4 527 2.5882
2 528 2.63622
88 529 2.63807
94 530 2.64175
7 531 2.64899
89 532 2.68
93 533 2.72737
62 534 2.76324
85 535 2.76444
46 536 2.76464
16 537 2.76757
32 538 2.78741
37 539 2.79132
98 540 2.79491
25 541 2.80065
100 542 2.83798
20 543 2.87839
8 544 2.88769
96 545 2.91855
6 546 2.95952
12 547 2.96327
92 548 2.97121
59 549 2.9946
