22 60 1.08687
2 61 1.10356
15 62 1.17493
24 63 1.18157
14 64 1.22321
37 65 1.24904
32 66 1.29779
1 67 1.43239
33 68 1.43598
35 69 1.47396
34 70 1.64132
18 71 1.66287
40 72 1.66956
11 73 1.72673
19 74 1.75797
39 75 1.85133
31 76 1.87862
26 77 1.99063
10 78 2.01415
7 79 2.07751
13 80 2.12134
6 81 2.1687
16 82 2.17105
27 83 2.23248
8 84 2.28826
38 85 2.34116
23 86 2.43115
5 87 2.47015
25 88 2.47184
17 89 2.47316
36 90 2.51745
21 91 2.5871
20 92 2.64129
3 93 2.66992
30 94 2.69288
4 95 2.71178
9 96 2.73324
29 97 2.93616
12 98 2.94296
28 99 2.97719
