51 450
3 451
40 452
77 453
47 454
70 455
57 456
97 457
61 458
78 459
14 460
90 461
44 462
26 463
87 464
41 465
23 466
84 467
49 468
72 469
75 470
82 471
58 472
35 473
95 474
9 475
79 476
31 477
1 478
11 479
27 480
13 481
60 482
34 483
69 484
73 485
67 486
42 487
81 488
55 489
66 490
86 491
18 492
80 493
17 494
21 495
99 496
52 497
24 498
63 499
33 500
76 501
15 502
10 503
53 504
83 505
38 506
54 507
48 508
91 509
50 510
45 511
19 512
56 513
64 514
29 515
65 516
5 517
43 518
28 519
22 520
74 521
71 522
36 523
39 524
68 525
30 526
4 527
2 528
88 529
94 530
7 531
89 532
93 533
62 534
85 535
46 536
16 537
32 538
37 539
98 540
25 541
100 542
20 543
8 544
96 545
6 546
12 547
92 548
59 549
