0 3710
0 3711
0 3712
0 3713
0 3714
0 3715
0 3716
0 3717
0 3718
0 3719
0 3722
0 3733
0 3742
27 3731
0 3744
53 3734
0 3748
0 3754
0 3759
30 3749
0 3764
0 3767
70 3757
61 3725
0 3771
0 3773
0 3778
34 3777
47 3723
0 3781
49 3762
56 3736
0 3784
58 3770
0 3786
0 3789
60 3756
29 3729
32 3755
0 3796
8 3792
0 3800
28 3799
39 3730
20 3741
0 3804
10 3740
2 3726
0 3807
65 3768
0 3810
50 3735
0 3811
45 3752
0 3812
41 3732
52 3774
0 3813
15 3720
54 3738
0 3814
23 3791
0 3815
0 3816
51 3751
0 3817
22 3780
0 3818
35 3724
0 3819
19 3782
9 3808
0 3820
0 3821
68 3798
0 3822
0 3823
0 3824
40 3721
0 3825
0 3826
43 3728
17 3750
0 3827
0 3828
42 3772
4 3747
13 3727
62 3769
0 3829
1 3802
0 3830
44 3783
0 3831
3 3737
0 3832
0 3833
33 3787
0 3834
57 3745
0 3835
31 3788
0 3836
26 3797
14 3795
0 3837
16 3806
0 3838
5 3739
0 3839
25 3765
0 3840
0 3841
67 3746
69 3760
18 3803
0 3842
64 3766
48 3753
0 3843
37 3743
24 3776
6 3758
0 3844
7 3763
36 3775
0 3845
0 3846
59 3761
0 3847
0 3848
55 3779
0 3849
0 3850
12 3790
0 3851
66 3794
46 3809
0 3852
0 3853
21 3801
0 3854
63 3785
11 3793
0 3855
38 3805
0 3856
0 3857
0 3858
0 3859
0 3860
0 3861
0 3862
0 3863
0 3864
0 3865
0 3866
0 3867
0 3868
0 3869
0 3870
0 3871
0 3872
0 3873
0 3874
0 3875
0 3876
0 3877
0 3878
0 3879
0 3880
0 3881
0 3882
0 3883
0 3884
0 3885
0 3886
0 3887
0 3888
0 3889
0 3890
0 3891
0 3892
0 3893
0 3894
0 3895
0 3896
0 3897
0 3898
0 3899
0 3900
0 3901
0 3902
0 3903
0 3904
0 3905
0 3906
0 3907
0 3908
0 3909
0 3910
0 3911
0 3912
0 3913
0 3914
0 3915
0 3916
0 3917
0 3918
0 3919
0 3920
0 3921
0 3922
0 3923
0 3924
0 3925
0 3926
0 3927
0 3928
0 3929
