0 4160
0 4161
0 4162
0 4163
0 4164
0 4165
0 4166
0 4167
0 4168
0 4169
0 4173
0 4183
28 4171
0 4186
30 4174
0 4195
38 4188
0 4202
10 4190
0 4208
0 4216
39 4197
0 4221
76 4219
41 4198
0 4227
0 4230
0 4233
77 4179
0 4240
0 4248
17 4206
0 4252
74 4181
0 4255
8 4177
0 4257
7 4175
66 4226
34 4205
0 4260
26 4258
0 4266
52 4225
12 4217
1 4246
45 4187
0 4272
68 4264
0 4278
54 4235
84 4185
67 4199
87 4251
14 4218
0 4280
0 4281
51 4204
0 4282
82 4232
47 4263
0 4283
22 4228
0 4284
5 4268
0 4285
57 4253
0 4286
81 4239
0 4287
40 4274
23 4191
0 4288
27 4243
73 4267
70 4213
63 4236
0 4289
50 4215
86 4256
0 4290
0 4291
69 4250
6 4224
2 4241
85 4214
0 4292
65 4273
0 4293
16 4261
49 4229
0 4294
89 4182
0 4295
55 4180
48 4222
4 4223
0 4296
59 4184
20 4271
64 4245
21 4189
0 4297
35 4200
75 4203
0 4298
37 4210
13 4209
32 4196
44 4170
35 4200
0 4299
61 4262
0 4300
19 4176
0 4301
0 4302
0 4303
0 4304
78 4231
0 4305
71 4193
0 4306
3 4270
79 4201
0 4307
83 4220
0 4308
24 4212
58 4172
0 4309
0 4310
18 4192
0 4311
72 4211
15 4194
0 4312
53 4178
36 4247
29 4237
0 4313
11 4277
25 4242
42 4254
46 4275
0 4314
0 4315
62 4265
0 4316
88 4207
0 4317
60 4259
90 4234
33 4238
0 4318
9 4279
0 4319
0 4320
0 4321
80 4244
56 4249
0 4322
0 4323
0 4324
43 4269
0 4325
0 4326
31 4276
0 4327
0 4328
0 4329
0 4330
0 4331
0 4332
0 4333
0 4334
0 4335
0 4336
0 4337
0 4338
0 4339
0 4340
0 4341
0 4342
0 4343
0 4344
0 4345
0 4346
0 4347
0 4348
0 4349
0 4350
0 4351
0 4352
0 4353
0 4354
0 4355
0 4356
0 4357
0 4358
0 4359
0 4360
0 4361
0 4362
0 4363
0 4364
0 4365
0 4366
0 4367
0 4368
0 4369
0 4370
0 4371
0 4372
0 4373
0 4374
0 4375
0 4376
0 4377
0 4378
0 4379
0 4380
0 4381
0 4382
0 4383
0 4384
0 4385
0 4386
0 4387
0 4388
0 4389
0 4390
0 4391
0 4392
0 4393
0 4394
0 4395
0 4396
0 4397
0 4398
0 4399
