9 0.8 0.016 0.784
9 0.784 0.16 0.624
4 0.8 0.016 0.784
4 0.784 0.16 0.624
15 0.8 0.016 0.784
18 0.8 0.016 0.784
15 0.784 0.16 0.624
18 0.784 0.16 0.624
18 0.624 0.16 0.464
8 0.8 0.016 0.784
8 0.784 0.16 0.624
1 0.8 0.016 0.784
1 0.784 0.16 0.624
17 0.8 0.16 0.64
17 0.710189 0.016 0.694189
17 0.694189 0.16 0.534189
20 0.8 0.016 0.784
20 0.784 0.16 0.624
14 0.8 0.016 0.784
14 0.784 0.16 0.624
7 0.8 0.16 0.64
7 0.716073 0.016 0.700073
7 0.700073 0.16 0.540073
5 0.8 0.016 0.784
5 0.784 0.16 0.624
2 0.8 0.016 0.784
2 0.784 0.16 0.624
12 0.8 0.016 0.784
19 0.8 0.016 0.784
19 0.784 0.16 0.624
12 0.784 0.16 0.624
12 0.624 0.16 0.464
3 0.8 0.016 0.784
3 0.784 0.16 0.624
11 0.8 0.016 0.784
11 0.784 0.16 0.624
13 0.8 0.16 0.64
13 0.711286 0.016 0.695286
13 0.695286 0.16 0.535286
16 0.8 0.016 0.784
16 0.784 0.16 0.624
10 0.8 0.016 0.784
10 0.784 0.16 0.624
6 0.8 0.016 0.784
6 0.784 0.16 0.624
