4 3311 1.03761
6 3312 1.04128
30 3314 1.12782
50 3315 1.18196
46 3317 1.27274
49 3318 1.28397
34 3319 1.31024
24 3320 1.31328
23 3322 1.34982
32 3323 1.40395
43 3324 1.40892
41 3326 1.46498
11 3327 1.46953
7 3329 1.58994
16 3331 1.69706
28 3333 1.72601
37 3334 1.72744
8 3335 1.7281
22 3337 1.84324
1 3338 1.90196
14 3340 1.92615
10 3341 1.98141
33 3342 2.00753
25 3344 2.02108
18 3345 2.07641
27 3346 2.10843
21 3348 2.14655
13 3349 2.16455
26 3350 2.18825
15 3351 2.19196
39 3352 2.20034
5 3353 2.2108
2 3355 2.22683
38 3356 2.23064
19 3357 2.29505
29 3359 2.34586
40 3361 2.43925
31 3362 2.43968
20 3363 2.44429
48 3364 2.45022
44 3366 2.53433
17 3368 2.67607
45 3370 2.73393
35 3371 2.7437
47 3372 2.79925
42 3374 2.86605
9 3375 2.87472
3 3376 2.88058
12 3377 2.88756
36 3379 2.9467
