28 0.8 0.016 0.784
28 0.784 0.16 0.624
30 0.8 0.016 0.784
30 0.784 0.16 0.624
38 0.8 0.016 0.784
38 0.784 0.16 0.624
10 0.8 0.016 0.784
10 0.784 0.16 0.624
39 0.8 0.016 0.784
39 0.784 0.16 0.624
41 0.8 0.16 0.64
41 0.711268 0.016 0.695268
76 0.8 0.016 0.784
76 0.784 0.16 0.624
41 0.695268 0.16 0.535268
41 0.535268 0.16 0.375268
77 0.8 0.016 0.784
77 0.784 0.16 0.624
17 0.8 0.016 0.784
17 0.784 0.16 0.624
74 0.8 0.16 0.64
74 0.711996 0.016 0.695996
74 0.695996 0.16 0.535996
8 0.8 0.016 0.784
8 0.784 0.16 0.624
7 0.8 0.16 0.64
66 0.8 0.16 0.64
7 0.717003 0.016 0.701003
34 0.8 0.016 0.784
66 0.711609 0.016 0.695609
7 0.701003 0.16 0.541003
66 0.695609 0.16 0.535609
34 0.784 0.16 0.624
34 0.624 0.16 0.464
34 0.464 0.16 0.304
26 0.8 0.016 0.784
26 0.784 0.16 0.624
1 0.8 0.016 0.784
12 0.8 0.016 0.784
45 0.8 0.016 0.784
52 0.8 0.016 0.784
52 0.784 0.16 0.624
1 0.784 0.16 0.624
12 0.784 0.16 0.624
45 0.784 0.16 0.624
12 0.624 0.16 0.464
1 0.624 0.16 0.464
45 0.624 0.16 0.464
45 0.464 0.16 0.304
68 0.8 0.16 0.64
45 0.304 0.16 0.144
68 0.64 0.16 0.48
68 0.552755 0.016 0.536755
68 0.536755 0.16 0.376755
54 0.8 0.16 0.64
67 0.8 0.16 0.64
84 0.8 0.16 0.64
14 0.8 0.016 0.784
54 0.71559 0.016 0.69959
67 0.713154 0.016 0.697154
84 0.713256 0.016 0.697256
87 0.8 0.016 0.784
54 0.69959 0.16 0.53959
14 0.784 0.16 0.624
67 0.697154 0.16 0.537154
84 0.697256 0.16 0.537256
87 0.784 0.16 0.624
84 0.537256 0.16 0.377256
67 0.537154 0.16 0.377154
14 0.624 0.16 0.464
87 0.624 0.16 0.464
14 0.464 0.16 0.304
87 0.464 0.16 0.304
87 0.304 0.16 0.144
14 0.304 0.16 0.144
51 0.8 0.016 0.784
51 0.784 0.16 0.624
47 0.8 0.16 0.64
82 0.8 0.16 0.64
47 0.713258 0.016 0.697258
82 0.713663 0.016 0.697663
82 0.697663 0.16 0.537663
47 0.697258 0.16 0.537258
47 0.537258 0.16 0.377258
22 0.8 0.016 0.784
22 0.784 0.16 0.624
5 0.8 0.16 0.64
5 0.711116 0.016 0.695116
5 0.695116 0.16 0.535116
57 0.8 0.16 0.64
57 0.715732 0.016 0.699732
57 0.699732 0.16 0.539732
81 0.8 0.16 0.64
81 0.717532 0.016 0.701532
81 0.701532 0.16 0.541532
23 0.8 0.016 0.784
40 0.8 0.016 0.784
40 0.784 0.16 0.624
23 0.784 0.16 0.624
27 0.8 0.16 0.64
63 0.8 0.16 0.64
70 0.8 0.16 0.64
73 0.8 0.16 0.64
23 0.624 0.16 0.464
27 0.64 0.16 0.48
70 0.64 0.16 0.48
73 0.64 0.16 0.48
27 0.553737 0.016 0.537737
63 0.710927 0.016 0.694927
70 0.550046 0.016 0.534046
73 0.558135 0.016 0.542135
27 0.537737 0.16 0.377737
73 0.542135 0.16 0.382135
50 0.8 0.16 0.64
63 0.694927 0.16 0.534927
70 0.534046 0.16 0.374046
50 0.64 0.16 0.48
63 0.534927 0.16 0.374927
70 0.374046 0.16 0.214046
70 0.214046 0.16 0.0540463
63 0.374927 0.16 0.214927
50 0.48 0.16 0.32
86 0.8 0.16 0.64
50 0.32 0.16 0.16
86 0.64 0.16 0.48
50 0.232728 0.016 0.216728
86 0.554477 0.016 0.538477
50 0.216728 0.16 0.0567277
86 0.538477 0.16 0.378477
86 0.378477 0.16 0.218477
2 0.8 0.016 0.784
6 0.8 0.016 0.784
69 0.8 0.016 0.784
85 0.8 0.016 0.784
69 0.784 0.16 0.624
6 0.784 0.16 0.624
2 0.784 0.16 0.624
35 0.8 0.16 0.64
65 0.8 0.16 0.64
85 0.784 0.16 0.624
2 0.624 0.16 0.464
35 0.64 0.16 0.48
85 0.624 0.16 0.464
2 0.464 0.16 0.304
35 0.48 0.16 0.32
65 0.64 0.16 0.48
85 0.464 0.16 0.304
85 0.304 0.16 0.144
35 0.32 0.16 0.16
65 0.48 0.16 0.32
35 0.239746 0.016 0.223746
65 0.392383 0.016 0.376383
65 0.376383 0.16 0.216383
35 0.223746 0.16 0.0637458
16 0.8 0.016 0.784
35 0.134941 0.016 0.118941
49 0.8 0.016 0.784
16 0.784 0.16 0.624
49 0.784 0.16 0.624
49 0.624 0.16 0.464
89 0.8 0.16 0.64
89 0.713178 0.016 0.697178
89 0.697178 0.16 0.537178
4 0.8 0.16 0.64
48 0.8 0.16 0.64
55 0.8 0.16 0.64
4 0.719712 0.016 0.703712
48 0.71952 0.016 0.70352
55 0.710614 0.016 0.694614
55 0.694614 0.16 0.534614
4 0.703712 0.16 0.543712
48 0.70352 0.16 0.54352
48 0.54352 0.16 0.38352
4 0.543712 0.16 0.383712
4 0.383712 0.16 0.223712
20 0.8 0.16 0.64
59 0.8 0.16 0.64
64 0.8 0.16 0.64
20 0.719372 0.016 0.703372
21 0.8 0.016 0.784
59 0.713954 0.016 0.697954
64 0.719231 0.016 0.703231
59 0.697954 0.16 0.537954
20 0.703372 0.16 0.543372
21 0.784 0.16 0.624
64 0.703231 0.16 0.543231
20 0.543372 0.16 0.383372
64 0.543231 0.16 0.383231
21 0.624 0.16 0.464
75 0.8 0.16 0.64
75 0.716028 0.016 0.700028
35 0.417749 0.16 0.257749
75 0.700028 0.16 0.540028
13 0.8 0.16 0.64
32 0.8 0.16 0.64
37 0.8 0.16 0.64
44 0.8 0.16 0.64
13 0.718081 0.016 0.702081
32 0.718998 0.016 0.702998
37 0.713163 0.016 0.697163
44 0.711931 0.016 0.695931
37 0.697163 0.16 0.537163
13 0.702081 0.16 0.542081
32 0.702998 0.16 0.542998
44 0.695931 0.16 0.535931
61 0.8 0.16 0.64
44 0.535931 0.16 0.375931
61 0.64 0.16 0.48
44 0.375931 0.16 0.215931
61 0.48 0.16 0.32
35 0.332569 0.16 0.172569
44 0.215931 0.16 0.0559313
61 0.32 0.16 0.16
61 0.235807 0.016 0.219807
61 0.219807 0.16 0.0598071
19 0.8 0.16 0.64
19 0.714477 0.016 0.698477
19 0.698477 0.16 0.538477
78 0.8 0.016 0.784
78 0.784 0.16 0.624
71 0.8 0.16 0.64
71 0.716257 0.016 0.700257
71 0.700257 0.16 0.540257
3 0.8 0.16 0.64
79 0.8 0.16 0.64
3 0.716143 0.016 0.700143
79 0.715197 0.016 0.699197
3 0.700143 0.16 0.540143
79 0.699197 0.16 0.539197
83 0.8 0.16 0.64
79 0.539197 0.16 0.379197
83 0.64 0.16 0.48
83 0.559372 0.016 0.543372
83 0.543372 0.16 0.383372
24 0.8 0.016 0.784
58 0.8 0.016 0.784
24 0.784 0.16 0.624
58 0.784 0.16 0.624
18 0.8 0.016 0.784
18 0.784 0.16 0.624
15 0.8 0.16 0.64
72 0.8 0.16 0.64
15 0.710366 0.016 0.694366
72 0.714053 0.016 0.698053
72 0.698053 0.16 0.538053
15 0.694366 0.16 0.534366
36 0.8 0.16 0.64
53 0.8 0.16 0.64
15 0.534366 0.16 0.374366
53 0.64 0.16 0.48
29 0.8 0.016 0.784
36 0.71913 0.016 0.70313
53 0.559345 0.016 0.543345
53 0.543345 0.16 0.383345
36 0.70313 0.16 0.54313
11 0.8 0.16 0.64
29 0.784 0.16 0.624
11 0.64 0.16 0.48
25 0.8 0.16 0.64
29 0.624 0.16 0.464
42 0.8 0.16 0.64
29 0.464 0.16 0.304
11 0.48 0.16 0.32
25 0.64 0.16 0.48
11 0.397646 0.016 0.381646
25 0.553888 0.016 0.537888
42 0.71803 0.016 0.70203
46 0.8 0.016 0.784
11 0.381646 0.16 0.221646
25 0.537888 0.16 0.377888
42 0.70203 0.16 0.54203
46 0.784 0.16 0.624
25 0.377888 0.16 0.217888
42 0.54203 0.16 0.38203
46 0.624 0.16 0.464
42 0.38203 0.16 0.22203
46 0.464 0.16 0.304
62 0.8 0.016 0.784
62 0.784 0.16 0.624
88 0.8 0.16 0.64
88 0.716828 0.016 0.700828
88 0.700828 0.16 0.540828
60 0.8 0.16 0.64
90 0.8 0.16 0.64
33 0.8 0.016 0.784
60 0.714047 0.016 0.698047
90 0.714758 0.016 0.698758
60 0.698047 0.16 0.538047
33 0.784 0.16 0.624
90 0.698758 0.16 0.538758
90 0.538758 0.16 0.378758
33 0.624 0.16 0.464
33 0.464 0.16 0.304
9 0.8 0.16 0.64
9 0.713268 0.016 0.697268
9 0.697268 0.16 0.537268
56 0.8 0.016 0.784
80 0.8 0.016 0.784
80 0.784 0.16 0.624
56 0.784 0.16 0.624
56 0.624 0.16 0.464
43 0.8 0.016 0.784
43 0.784 0.16 0.624
31 0.8 0.016 0.784
31 0.784 0.16 0.624
