27 0.8 0.016 0.784
27 0.784 0.16 0.624
53 0.8 0.16 0.64
53 0.717958 0.016 0.701958
53 0.701958 0.16 0.541958
30 0.8 0.016 0.784
30 0.784 0.16 0.624
61 0.8 0.016 0.784
70 0.8 0.016 0.784
70 0.784 0.16 0.624
61 0.784 0.16 0.624
61 0.624 0.16 0.464
34 0.8 0.016 0.784
47 0.8 0.016 0.784
34 0.784 0.16 0.624
47 0.784 0.16 0.624
47 0.624 0.16 0.464
49 0.8 0.16 0.64
56 0.8 0.16 0.64
49 0.711249 0.016 0.695249
56 0.711214 0.016 0.695214
49 0.695249 0.16 0.535249
56 0.695214 0.16 0.535214
58 0.8 0.016 0.784
58 0.784 0.16 0.624
29 0.8 0.016 0.784
32 0.8 0.016 0.784
60 0.8 0.016 0.784
60 0.784 0.16 0.624
29 0.784 0.16 0.624
32 0.784 0.16 0.624
29 0.624 0.16 0.464
32 0.624 0.16 0.464
8 0.8 0.016 0.784
8 0.784 0.16 0.624
20 0.8 0.016 0.784
28 0.8 0.016 0.784
39 0.8 0.016 0.784
28 0.784 0.16 0.624
39 0.784 0.16 0.624
20 0.784 0.16 0.624
10 0.8 0.16 0.64
10 0.64 0.16 0.48
2 0.8 0.016 0.784
10 0.559582 0.016 0.543582
10 0.543582 0.16 0.383582
2 0.784 0.16 0.624
65 0.8 0.16 0.64
2 0.624 0.16 0.464
65 0.64 0.16 0.48
65 0.559115 0.016 0.543115
65 0.543115 0.16 0.383115
50 0.8 0.016 0.784
50 0.784 0.16 0.624
45 0.8 0.16 0.64
45 0.713111 0.016 0.697111
45 0.697111 0.16 0.537111
41 0.8 0.16 0.64
52 0.8 0.16 0.64
41 0.713386 0.016 0.697386
52 0.710926 0.016 0.694926
41 0.697386 0.16 0.537386
52 0.694926 0.16 0.534926
15 0.8 0.16 0.64
54 0.8 0.16 0.64
15 0.718435 0.016 0.702435
54 0.717248 0.016 0.701248
15 0.702435 0.16 0.542435
54 0.701248 0.16 0.541248
23 0.8 0.16 0.64
23 0.64 0.16 0.48
23 0.553161 0.016 0.537161
23 0.537161 0.16 0.377161
51 0.8 0.016 0.784
51 0.784 0.16 0.624
22 0.8 0.16 0.64
35 0.8 0.16 0.64
22 0.713224 0.016 0.697224
22 0.697224 0.16 0.537224
35 0.715888 0.16 0.555888
35 0.628438 0.016 0.612438
35 0.612438 0.16 0.452438
9 0.8 0.016 0.784
19 0.8 0.016 0.784
19 0.784 0.16 0.624
9 0.784 0.16 0.624
9 0.624 0.16 0.464
68 0.8 0.016 0.784
68 0.784 0.16 0.624
40 0.8 0.016 0.784
40 0.784 0.16 0.624
17 0.8 0.016 0.784
43 0.8 0.016 0.784
43 0.784 0.16 0.624
17 0.784 0.16 0.624
4 0.8 0.016 0.784
13 0.8 0.016 0.784
42 0.8 0.016 0.784
62 0.8 0.016 0.784
42 0.784 0.16 0.624
4 0.784 0.16 0.624
13 0.784 0.16 0.624
62 0.784 0.16 0.624
4 0.624 0.16 0.464
13 0.624 0.16 0.464
62 0.624 0.16 0.464
13 0.464 0.16 0.304
62 0.464 0.16 0.304
1 0.8 0.16 0.64
1 0.64 0.16 0.48
1 0.555768 0.016 0.539768
1 0.539768 0.16 0.379768
3 0.8 0.16 0.64
44 0.8 0.16 0.64
44 0.714167 0.016 0.698167
44 0.698167 0.16 0.538167
3 0.715228 0.16 0.555228
3 0.625744 0.016 0.609744
3 0.609744 0.16 0.449744
33 0.8 0.016 0.784
33 0.784 0.16 0.624
57 0.8 0.16 0.64
57 0.711531 0.016 0.695531
57 0.695531 0.16 0.535531
31 0.8 0.016 0.784
31 0.784 0.16 0.624
14 0.8 0.16 0.64
26 0.8 0.16 0.64
14 0.71928 0.016 0.70328
26 0.711991 0.016 0.695991
26 0.695991 0.16 0.535991
14 0.70328 0.16 0.54328
14 0.54328 0.16 0.38328
16 0.8 0.16 0.64
16 0.71715 0.016 0.70115
16 0.70115 0.16 0.54115
5 0.8 0.16 0.64
5 0.712693 0.016 0.696693
5 0.696693 0.16 0.536693
25 0.8 0.016 0.784
25 0.784 0.16 0.624
18 0.8 0.016 0.784
67 0.8 0.016 0.784
69 0.8 0.016 0.784
67 0.784 0.16 0.624
18 0.784 0.16 0.624
64 0.8 0.16 0.64
69 0.784 0.16 0.624
69 0.624 0.16 0.464
18 0.624 0.16 0.464
48 0.8 0.16 0.64
64 0.64 0.16 0.48
48 0.64 0.16 0.48
64 0.48 0.16 0.32
48 0.55301 0.016 0.53701
64 0.399519 0.016 0.383519
64 0.383519 0.16 0.223519
48 0.53701 0.16 0.37701
37 0.8 0.16 0.64
24 0.8 0.16 0.64
37 0.64 0.16 0.48
6 0.8 0.016 0.784
24 0.717429 0.016 0.701429
37 0.551365 0.016 0.535365
37 0.535365 0.16 0.375365
6 0.784 0.16 0.624
24 0.701429 0.16 0.541429
24 0.541429 0.16 0.381429
6 0.624 0.16 0.464
7 0.8 0.16 0.64
36 0.8 0.16 0.64
7 0.64 0.16 0.48
36 0.64 0.16 0.48
7 0.55892 0.016 0.54292
36 0.559596 0.016 0.543596
7 0.54292 0.16 0.38292
36 0.543596 0.16 0.383596
59 0.8 0.016 0.784
59 0.784 0.16 0.624
55 0.8 0.016 0.784
55 0.784 0.16 0.624
12 0.8 0.016 0.784
12 0.784 0.16 0.624
66 0.8 0.16 0.64
46 0.8 0.016 0.784
66 0.716598 0.016 0.700598
66 0.700598 0.16 0.540598
46 0.784 0.16 0.624
46 0.624 0.16 0.464
21 0.8 0.016 0.784
21 0.784 0.16 0.624
11 0.8 0.16 0.64
63 0.8 0.16 0.64
11 0.715087 0.016 0.699087
63 0.711423 0.016 0.695423
63 0.695423 0.16 0.535423
11 0.699087 0.16 0.539087
38 0.8 0.16 0.64
38 0.64 0.16 0.48
38 0.559809 0.016 0.543809
38 0.543809 0.16 0.383809
