12 3511 1.04975
20 3512 1.05248
22 3513 1.06964
36 3514 1.07289
15 3515 1.08947
51 3516 1.09042
30 3518 1.11546
41 3519 1.13949
25 3520 1.17011
28 3521 1.1899
7 3523 1.23126
35 3524 1.23548
18 3525 1.24385
8 3526 1.2863
10 3527 1.29823
13 3529 1.3325
60 3530 1.33873
43 3531 1.33997
57 3532 1.34324
6 3535 1.56013
16 3536 1.56024
27 3538 1.62996
14 3540 1.72707
38 3541 1.77997
45 3542 1.78504
37 3543 1.79064
42 3545 1.87748
40 3546 1.8962
21 3548 1.93114
9 3549 1.94617
52 3550 1.98758
4 3551 1.99324
56 3553 2.01535
39 3554 2.06965
23 3555 2.07215
53 3556 2.07724
48 3558 2.1257
50 3560 2.20848
5 3562 2.33356
44 3563 2.34393
49 3564 2.35549
47 3565 2.35951
59 3566 2.37699
33 3568 2.40626
31 3569 2.42634
34 3570 2.44039
58 3571 2.48992
17 3573 2.51155
54 3575 2.60583
3 3576 2.62677
55 3577 2.67338
2 3579 2.71536
32 3580 2.76353
29 3581 2.7717
11 3582 2.80041
46 3584 2.80548
19 3585 2.88421
26 3586 2.88806
1 3588 2.92269
24 3589 2.93616
