17 2952 0 100 154244448 1.78299 1.78299
30 2959 0 100 121575188 1.88299 1.88299
14 2962 0 100 121542932 2.78299 2.78299
12 2966 0 100 154302768 2.78299 2.78299
1 2971 0 100 121541774 2.98299 2.98299
3 2984 0 100 56198962 3.08299 3.08299
16 2987 0 100 56203898 3.18299 3.18299
22 2975 0 100 121555778 3.18299 3.18299
19 2948 0 100 121570478 3.48299 3.48299
24 2969 0 100 121565924 3.58299 3.58299
11 2981 0 100 121550102 3.98299 3.98299
2 2945 0 100 121537316 4.28299 4.28299
6 2973 0 100 154281208 4.28299 4.28299
18 2957 0 100 88869368 4.38299 4.38299
29 2977 0 100 121553324 4.38299 4.38299
9 2979 0 100 154270184 4.48299 4.48299
7 2961 0 100 121527908 4.58299 4.58299
5 2955 0 100 121573106 4.58299 4.58299
13 2965 0 100 154305408 4.58299 4.58299
10 2985 0 100 88855528 4.78299 4.78299
8 2940 0 100 88861596 4.88299 4.88299
23 2944 0 100 154259448 4.88299 4.88299
28 2943 0 100 121573160 5.08299 5.08299
27 2982 0 100 154298264 5.38299 5.38299
20 2956 0 100 121568768 5.58299 5.58299
26 2972 0 100 154301400 5.58299 5.58299
15 2950 0 100 121569698 5.68299 5.68299
25 2949 0 100 121572476 5.98299 5.98299
21 2988 0 100 88868600 6.08299 6.08299
4 2964 0 100 154295376 6.48299 6.48299
