22 3513 0 100 121537016 1.10061 1.10061
8 3526 0 100 121560374 1.60061 1.60061
6 3535 0 100 88858736 1.90061 1.90061
43 3531 0 100 121564934 1.90061 1.90061
21 3548 0 100 88875948 2.00061 2.00061
20 3512 0 100 154279320 2.20061 2.20061
57 3532 0 100 154294656 2.30061 2.30061
51 3516 0 100 121536860 2.40061 2.40061
30 3518 0 100 56199000 2.50061 2.50061
23 3555 0 100 154296344 2.50061 2.50061
45 3542 0 100 121545266 2.70061 2.70061
50 3560 0 100 154265928 2.70061 2.70061
59 3566 0 100 56200216 2.80061 2.80061
4 3551 0 100 121527248 2.80061 2.80061
46 3584 0 100 121541084 2.90061 2.90061
13 3529 0 100 88858260 3.00061 3.00061
38 3541 0 100 121545584 3.00061 3.00061
36 3514 0 100 88856432 3.20061 3.20061
52 3550 0 100 88866788 3.20061 3.20061
15 3515 0 100 154300680 3.20061 3.20061
18 3525 0 100 121546970 3.40061 3.40061
29 3581 0 100 121557878 3.40061 3.40061
2 3579 0 100 88874016 3.70061 3.70061
16 3536 0 100 88859284 3.90061 3.90061
58 3571 0 100 88872604 4.00061 4.00061
56 3553 0 100 154268440 4.10061 4.10061
10 3527 0 100 154296752 4.10061 4.10061
55 3577 0 100 56208440 4.30061 4.30061
35 3524 0 100 88845820 4.30061 4.30061
33 3568 0 100 88861472 4.50061 4.50061
27 3538 0 100 121568624 4.50061 4.50061
49 3564 0 100 154270432 4.50061 4.50061
5 3562 0 100 56195350 4.80061 4.80061
11 3582 0 100 154249616 4.90061 4.90061
12 3511 0 100 88869508 5.00061 5.00061
44 3563 0 100 121559246 5.00061 5.00061
14 3540 0 100 121566164 5.00061 5.00061
7 3523 0 100 154283104 5.40061 5.40061
26 3586 0 100 88846156 5.50061 5.50061
47 3565 0 100 121571882 5.50061 5.50061
28 3521 0 100 121566488 5.60061 5.60061
9 3549 0 100 121534694 5.80061 5.80061
3 3576 0 100 154244648 5.90061 5.90061
25 3520 0 100 88868124 6.10061 6.10061
40 3546 0 100 88850496 6.20061 6.20061
60 3530 0 100 88850644 6.20061 6.20061
39 3554 0 100 121565708 6.20061 6.20061
41 3519 0 100 154249840 6.20061 6.20061
31 3569 0 100 88866108 6.60061 6.60061
53 3556 0 100 154261544 6.60061 6.60061
42 3545 0 100 121530686 6.70061 6.70061
17 3573 0 100 121536752 6.70061 6.70061
37 3543 0 100 121568690 6.80061 6.80061
48 3558 0 100 88867044 6.90061 6.90061
32 3580 0 100 154252880 7.10061 7.10061
24 3589 0 100 154281160 7.10061 7.10061
54 3575 0 100 154301560 7.30061 7.30061
34 3570 0 100 121554746 7.50061 7.50061
19 3585 0 100 88849204 7.80061 7.80061
1 3588 0 100 121544918 7.90061 7.90061
