44 4170 1.04302
28 4171 1.06301
58 4172 1.06956
30 4174 1.09473
7 4175 1.10327
19 4176 1.10399
8 4177 1.10995
53 4178 1.11251
77 4179 1.12205
55 4180 1.12308
74 4181 1.12871
89 4182 1.15713
59 4184 1.22818
84 4185 1.2331
45 4187 1.27379
38 4188 1.2767
21 4189 1.3006
10 4190 1.30399
23 4191 1.31465
18 4192 1.3303
71 4193 1.34436
15 4194 1.35931
32 4196 1.41371
39 4197 1.42002
41 4198 1.43621
67 4199 1.45421
35 4200 1.46496
79 4201 1.47246
75 4203 1.49782
51 4204 1.51525
34 4205 1.52615
17 4206 1.55003
88 4207 1.56814
13 4209 1.58145
37 4210 1.59438
72 4211 1.63027
24 4212 1.63512
70 4213 1.64375
85 4214 1.6467
50 4215 1.6701
12 4217 1.6989
14 4218 1.73085
76 4219 1.74847
83 4220 1.75308
48 4222 1.79474
4 4223 1.8082
6 4224 1.81318
52 4225 1.84465
66 4226 1.86047
22 4228 1.93753
49 4229 1.96814
78 4231 2.02814
82 4232 2.06419
90 4234 2.07309
54 4235 2.10995
63 4236 2.11353
29 4237 2.13957
33 4238 2.15901
81 4239 2.16428
2 4241 2.18518
25 4242 2.18588
27 4243 2.19242
80 4244 2.22403
64 4245 2.22462
1 4246 2.22505
36 4247 2.26979
56 4249 2.34165
69 4250 2.34248
87 4251 2.35319
57 4253 2.387
42 4254 2.44791
86 4256 2.54994
26 4258 2.59619
60 4259 2.62263
16 4261 2.67334
61 4262 2.71728
47 4263 2.72394
68 4264 2.72824
62 4265 2.75701
73 4267 2.79138
5 4268 2.81774
43 4269 2.82047
3 4270 2.85136
20 4271 2.85257
65 4273 2.88788
40 4274 2.89476
46 4275 2.91538
31 4276 2.92392
11 4277 2.95162
9 4279 2.99631
