49 0.8 0.016 0.784
49 0.784 0.16 0.624
11 0.8 0.016 0.784
11 0.784 0.16 0.624
7 0.8 0.016 0.784
23 0.8 0.016 0.784
23 0.784 0.16 0.624
7 0.784 0.16 0.624
7 0.624 0.16 0.464
8 0.8 0.016 0.784
8 0.784 0.16 0.624
46 0.8 0.016 0.784
46 0.784 0.16 0.624
14 0.8 0.16 0.64
14 0.712248 0.016 0.696248
27 0.8 0.016 0.784
14 0.696248 0.16 0.536248
27 0.784 0.16 0.624
27 0.624 0.16 0.464
34 0.8 0.016 0.784
34 0.784 0.16 0.624
33 0.8 0.16 0.64
3 0.8 0.016 0.784
22 0.8 0.016 0.784
33 0.715222 0.016 0.699222
33 0.699222 0.16 0.539222
3 0.784 0.16 0.624
18 0.8 0.16 0.64
22 0.784 0.16 0.624
3 0.624 0.16 0.464
22 0.624 0.16 0.464
18 0.64 0.16 0.48
18 0.48 0.16 0.32
18 0.39076 0.016 0.37476
18 0.37476 0.16 0.21476
26 0.8 0.16 0.64
9 0.8 0.016 0.784
26 0.719315 0.016 0.703315
26 0.703315 0.16 0.543315
9 0.784 0.16 0.624
9 0.624 0.16 0.464
41 0.8 0.16 0.64
41 0.712619 0.016 0.696619
41 0.696619 0.16 0.536619
45 0.8 0.16 0.64
17 0.8 0.016 0.784
45 0.718634 0.016 0.702634
45 0.702634 0.16 0.542634
17 0.784 0.16 0.624
17 0.624 0.16 0.464
28 0.8 0.016 0.784
28 0.784 0.16 0.624
38 0.8 0.16 0.64
38 0.717115 0.016 0.701115
38 0.701115 0.16 0.541115
36 0.8 0.16 0.64
36 0.719634 0.016 0.703634
36 0.703634 0.16 0.543634
47 0.8 0.16 0.64
37 0.8 0.016 0.784
47 0.717566 0.016 0.701566
47 0.701566 0.16 0.541566
21 0.8 0.16 0.64
37 0.784 0.16 0.624
37 0.624 0.16 0.464
13 0.8 0.16 0.64
20 0.8 0.16 0.64
21 0.64 0.16 0.48
31 0.8 0.16 0.64
13 0.711415 0.016 0.695415
20 0.718344 0.016 0.702344
21 0.554012 0.016 0.538012
31 0.716919 0.016 0.700919
20 0.702344 0.16 0.542344
21 0.538012 0.16 0.378012
31 0.700919 0.16 0.540919
13 0.695415 0.16 0.535415
2 0.8 0.16 0.64
2 0.64 0.16 0.48
2 0.48 0.16 0.32
2 0.32 0.16 0.16
2 0.232777 0.016 0.216777
2 0.216777 0.16 0.056777
44 0.8 0.16 0.64
35 0.8 0.016 0.784
44 0.715404 0.016 0.699404
44 0.699404 0.16 0.539404
35 0.784 0.16 0.624
35 0.624 0.16 0.464
1 0.8 0.16 0.64
1 0.710136 0.016 0.694136
1 0.694136 0.16 0.534136
30 0.8 0.016 0.784
43 0.8 0.016 0.784
30 0.784 0.16 0.624
43 0.784 0.16 0.624
43 0.624 0.16 0.464
5 0.8 0.16 0.64
5 0.790907 0.016 0.774907
16 0.8 0.016 0.784
24 0.8 0.016 0.784
16 0.784 0.16 0.624
5 0.774907 0.16 0.614907
24 0.784 0.16 0.624
32 0.8 0.16 0.64
5 0.614907 0.16 0.454907
24 0.624 0.16 0.464
32 0.64 0.16 0.48
32 0.558997 0.016 0.542997
32 0.542997 0.16 0.382997
12 0.8 0.16 0.64
12 0.710936 0.016 0.694936
12 0.694936 0.16 0.534936
15 0.8 0.016 0.784
15 0.784 0.16 0.624
4 0.8 0.016 0.784
39 0.8 0.016 0.784
4 0.784 0.16 0.624
39 0.784 0.16 0.624
39 0.624 0.16 0.464
6 0.8 0.016 0.784
6 0.784 0.16 0.624
19 0.8 0.16 0.64
50 0.8 0.16 0.64
19 0.712219 0.016 0.696219
50 0.712432 0.016 0.696432
50 0.696432 0.16 0.536432
19 0.696219 0.16 0.536219
19 0.536219 0.16 0.376219
42 0.8 0.016 0.784
42 0.784 0.16 0.624
40 0.8 0.016 0.784
40 0.784 0.16 0.624
10 0.8 0.016 0.784
29 0.8 0.016 0.784
10 0.784 0.16 0.624
29 0.784 0.16 0.624
29 0.624 0.16 0.464
25 0.8 0.016 0.784
25 0.784 0.16 0.624
48 0.8 0.016 0.784
48 0.784 0.16 0.624
