15 3720 1.00127
40 3721 1.0305
47 3723 1.04737
35 3724 1.05034
61 3725 1.06303
2 3726 1.07091
13 3727 1.09283
43 3728 1.12635
29 3729 1.13195
39 3730 1.13305
27 3731 1.13636
41 3732 1.13802
53 3734 1.16198
50 3735 1.18467
56 3736 1.20189
3 3737 1.2086
54 3738 1.21424
5 3739 1.2307
10 3740 1.23877
20 3741 1.2404
37 3743 1.26319
57 3745 1.3741
67 3746 1.38751
4 3747 1.39456
30 3749 1.47766
17 3750 1.49256
51 3751 1.50093
45 3752 1.5119
48 3753 1.53199
32 3755 1.55405
60 3756 1.58174
70 3757 1.62252
6 3758 1.63984
69 3760 1.66434
59 3761 1.70555
49 3762 1.71881
7 3763 1.73401
25 3765 1.76424
64 3766 1.81901
65 3768 1.85419
62 3769 1.89482
58 3770 1.90022
42 3772 1.97107
52 3774 2.0713
36 3775 2.07805
24 3776 2.12003
34 3777 2.12919
55 3779 2.22313
22 3780 2.24059
19 3782 2.30051
44 3783 2.3388
63 3785 2.35477
33 3787 2.45775
31 3788 2.47176
12 3790 2.54814
23 3791 2.55593
8 3792 2.56476
11 3793 2.58051
66 3794 2.60112
14 3795 2.63268
26 3797 2.64659
68 3798 2.72052
28 3799 2.72706
21 3801 2.7711
1 3802 2.77683
18 3803 2.79091
38 3805 2.88414
16 3806 2.8866
9 3808 2.94724
46 3809 2.981
