17 0.8 0.016 0.784
17 0.784 0.16 0.624
30 0.8 0.016 0.784
30 0.784 0.16 0.624
12 0.8 0.016 0.784
14 0.8 0.016 0.784
14 0.784 0.16 0.624
12 0.784 0.16 0.624
12 0.624 0.16 0.464
1 0.8 0.16 0.64
1 0.787281 0.016 0.771281
1 0.771281 0.16 0.611281
3 0.8 0.16 0.64
3 0.716477 0.016 0.700477
3 0.700477 0.16 0.540477
16 0.8 0.16 0.64
22 0.8 0.16 0.64
16 0.712078 0.016 0.696078
22 0.710803 0.016 0.694803
16 0.696078 0.16 0.536078
22 0.694803 0.16 0.534803
22 0.534803 0.16 0.374803
19 0.8 0.016 0.784
19 0.784 0.16 0.624
24 0.8 0.16 0.64
24 0.711493 0.016 0.695493
24 0.695493 0.16 0.535493
11 0.8 0.016 0.784
11 0.784 0.16 0.624
2 0.8 0.016 0.784
6 0.8 0.016 0.784
2 0.784 0.16 0.624
6 0.784 0.16 0.624
18 0.8 0.16 0.64
6 0.624 0.16 0.464
18 0.64 0.16 0.48
29 0.8 0.16 0.64
18 0.559666 0.016 0.543666
29 0.714844 0.016 0.698844
18 0.543666 0.16 0.383666
29 0.698844 0.16 0.538844
29 0.538844 0.16 0.378844
9 0.8 0.16 0.64
9 0.715187 0.016 0.699187
9 0.699187 0.16 0.539187
7 0.8 0.16 0.64
5 0.8 0.016 0.784
7 0.716503 0.016 0.700503
13 0.8 0.016 0.784
7 0.700503 0.16 0.540503
5 0.784 0.16 0.624
13 0.784 0.16 0.624
13 0.624 0.16 0.464
13 0.464 0.16 0.304
10 0.8 0.016 0.784
10 0.784 0.16 0.624
8 0.8 0.16 0.64
8 0.714818 0.016 0.698818
23 0.8 0.016 0.784
8 0.698818 0.16 0.538818
23 0.784 0.16 0.624
23 0.624 0.16 0.464
28 0.8 0.016 0.784
28 0.784 0.16 0.624
27 0.8 0.016 0.784
27 0.784 0.16 0.624
20 0.8 0.016 0.784
26 0.8 0.016 0.784
20 0.784 0.16 0.624
26 0.784 0.16 0.624
26 0.624 0.16 0.464
15 0.8 0.16 0.64
15 0.716502 0.016 0.700502
15 0.700502 0.16 0.540502
25 0.8 0.016 0.784
25 0.784 0.16 0.624
21 0.8 0.16 0.64
21 0.711916 0.016 0.695916
21 0.695916 0.16 0.535916
4 0.8 0.016 0.784
4 0.784 0.16 0.624
