49 3318 0 100 121566080 1.31659 1.31659
11 3327 0 100 121529426 1.51659 1.51659
23 3322 0 100 88875112 1.61659 1.61659
7 3329 0 100 154255536 1.61659 1.61659
8 3335 0 100 88853192 1.81659 1.81659
46 3317 0 100 56200012 2.31659 2.31659
14 3340 0 100 88863444 2.41659 2.41659
27 3346 0 100 154266600 2.41659 2.41659
34 3319 0 100 154277464 2.91659 2.91659
33 3342 0 100 88870072 3.01659 3.01659
3 3376 0 100 121565492 3.01659 3.01659
22 3337 0 100 121573856 3.01659 3.01659
18 3345 0 100 88872476 3.11659 3.11659
26 3350 0 100 88870568 3.21659 3.21659
9 3375 0 100 121573922 3.21659 3.21659
41 3326 0 100 121546628 3.31659 3.31659
45 3370 0 100 121538084 3.41659 3.41659
17 3368 0 100 154287688 3.41659 3.41659
28 3333 0 100 121555196 3.51659 3.51659
38 3356 0 100 121547768 3.61659 3.61659
36 3379 0 100 154243928 3.71659 3.71659
47 3372 0 100 88861444 3.81659 3.81659
37 3334 0 100 121562630 3.81659 3.81659
20 3363 0 100 154243832 3.91659 3.91659
21 3348 0 100 154259920 3.91659 3.91659
31 3362 0 100 154263248 3.91659 3.91659
13 3349 0 100 154269240 3.91659 3.91659
2 3355 0 100 88862444 4.01659 4.01659
44 3366 0 100 121542824 4.11659 4.11659
35 3371 0 100 154297440 4.11659 4.11659
1 3338 0 100 88869732 4.21659 4.21659
30 3314 0 100 88862220 4.41659 4.41659
43 3324 0 100 154304552 4.41659 4.41659
16 3331 0 100 88864180 4.61659 4.61659
5 3353 0 100 121528364 4.61659 4.61659
24 3320 0 100 121556888 4.61659 4.61659
32 3323 0 100 121534310 4.71659 4.71659
12 3377 0 100 121564112 4.81659 4.81659
15 3351 0 100 154263272 5.01659 5.01659
4 3311 0 100 88852584 5.41659 5.41659
39 3352 0 100 154247784 5.41659 5.41659
6 3312 0 100 154284080 5.61659 5.61659
50 3315 0 100 56208008 5.71659 5.71659
19 3357 0 100 154252896 5.71659 5.71659
42 3374 0 100 154293160 5.81659 5.81659
40 3361 0 100 121563524 6.21659 6.21659
10 3341 0 100 121544120 6.41659 6.41659
29 3359 0 100 154287536 6.41659 6.41659
25 3344 0 100 154283576 6.91659 6.91659
48 3364 0 100 121557596 7.11659 7.11659
