22 4411 0 100 88844024 1.0883 1.0883
82 4423 0 100 88851056 1.2883 1.2883
62 4433 0 100 88868124 1.6883 1.6883
58 4446 0 100 121574408 1.6883 1.6883
2 4437 0 100 154294072 1.6883 1.6883
31 4428 0 100 121558658 1.7883 1.7883
64 4421 0 100 121529714 1.8883 1.8883
45 4424 0 100 154244528 1.8883 1.8883
44 4413 0 100 56202450 1.9883 1.9883
19 4470 0 100 121543976 2.0883 2.0883
21 4471 0 100 121573730 2.0883 2.0883
42 4430 0 100 121539602 2.2883 2.2883
24 4434 0 100 121533446 2.3883 2.3883
12 4451 0 100 88860988 2.4883 2.4883
86 4418 0 100 154271536 2.4883 2.4883
78 4452 0 100 154285872 2.4883 2.4883
81 4500 0 100 88871952 2.6883 2.6883
97 4517 0 100 88861284 2.7883 2.7883
65 4420 0 100 121530074 2.7883 2.7883
70 4480 0 100 121535882 2.7883 2.7883
17 4481 0 100 154243240 2.8883 2.8883
6 4522 0 100 154301120 2.8883 2.8883
69 4483 0 100 56197938 2.9883 2.9883
53 4436 0 100 88869220 2.9883 2.9883
76 4486 0 100 121569422 2.9883 2.9883
56 4419 0 100 154249296 2.9883 2.9883
52 4431 0 100 154283744 2.9883 2.9883
18 4477 0 100 88873232 3.1883 3.1883
85 4447 0 100 88871668 3.2883 3.2883
39 4487 0 100 121566764 3.3883 3.3883
5 4506 0 100 154278744 3.3883 3.3883
54 4503 0 100 88858068 3.4883 3.4883
88 4499 0 100 88860464 3.4883 3.4883
1 4508 0 100 121532150 3.4883 3.4883
91 4457 0 100 121534766 3.4883 3.4883
96 4519 0 100 121565414 3.5883 3.5883
27 4523 0 100 88847916 3.7883 3.7883
7 4466 0 100 121572206 3.7883 3.7883
83 4455 0 100 154252504 3.7883 3.7883
10 4510 0 100 154272464 3.7883 3.7883
13 4502 0 100 154283944 3.7883 3.7883
61 4454 0 100 88867916 3.8883 3.8883
67 4469 0 100 88853576 3.9883 3.9883
49 4425 0 100 121537628 3.9883 3.9883
87 4495 0 100 121571300 4.0883 4.0883
37 4509 0 100 121570976 4.1883 4.1883
23 4467 0 100 88874256 4.2883 4.2883
46 4449 0 100 121532726 4.2883 4.2883
34 4504 0 100 121532882 4.2883 4.2883
92 4505 0 100 121543820 4.2883 4.2883
60 4438 0 100 88845108 4.3883 4.3883
73 4442 0 100 121535732 4.3883 4.3883
38 4512 0 100 121573370 4.4883 4.4883
72 4478 0 100 154268160 4.6883 4.6883
40 4445 0 100 154296368 4.6883 4.6883
32 4482 0 100 121539998 4.7883 4.7883
95 4511 0 100 121566290 4.7883 4.7883
29 4493 0 100 121572170 4.7883 4.7883
35 4520 0 100 154266600 4.8883 4.8883
14 4465 0 100 88857840 4.9883 4.9883
80 4410 0 100 121538720 4.9883 4.9883
63 4439 0 100 154289560 4.9883 4.9883
28 4416 0 100 121530608 5.0883 5.0883
66 4429 0 100 88873852 5.3883 5.3883
4 4426 0 100 121572260 5.3883 5.3883
47 4494 0 100 154293296 5.3883 5.3883
55 4412 0 100 88866984 5.4883 5.4883
79 4461 0 100 56203272 5.5883 5.5883
99 4498 0 100 88868268 5.5883 5.5883
30 4475 0 100 88853276 5.7883 5.7883
3 4518 0 100 154281040 5.7883 5.7883
100 4417 0 100 121551980 5.8883 5.8883
15 4485 0 100 154277656 5.8883 5.8883
16 4440 0 100 88855912 5.9883 5.9883
48 4489 0 100 56201544 6.0883 6.0883
84 4458 0 100 88870128 6.0883 6.0883
74 4415 0 100 154263976 6.0883 6.0883
71 4516 0 100 154281888 6.1883 6.1883
57 4448 0 100 154286024 6.1883 6.1883
93 4441 0 100 88866076 6.2883 6.2883
59 4453 0 100 154298568 6.2883 6.2883
26 4472 0 100 121541648 6.3883 6.3883
33 4529 0 100 88872924 6.4883 6.4883
36 4456 0 100 121557440 6.4883 6.4883
20 4444 0 100 121542506 6.5883 6.5883
50 4496 0 100 88864096 6.6883 6.6883
77 4527 0 100 88861824 6.7883 6.7883
94 4490 0 100 154244576 6.7883 6.7883
51 4476 0 100 154248744 6.7883 6.7883
8 4462 0 100 121549724 6.8883 6.8883
68 4473 0 100 121559438 6.8883 6.8883
98 4497 0 100 88866076 6.9883 6.9883
11 4488 0 100 154261920 6.9883 6.9883
89 4526 0 100 88859520 7.1883 7.1883
25 4515 0 100 121554686 7.6883 7.6883
