28 4171 0 100 121559276 1.17269 1.17269
30 4174 0 100 154250872 1.27269 1.27269
38 4188 0 100 121554392 1.37269 1.37269
10 4190 0 100 121558652 1.47269 1.47269
39 4197 0 100 154243584 1.67269 1.67269
76 4219 0 100 56198706 1.77269 1.77269
41 4198 0 100 154287912 1.77269 1.77269
77 4179 0 100 121529678 2.07269 2.07269
17 4206 0 100 121551602 2.27269 2.27269
74 4181 0 100 88847916 2.37269 2.37269
8 4177 0 100 121560950 2.47269 2.47269
7 4175 0 100 88855692 2.57269 2.57269
66 4226 0 100 88874980 2.57269 2.57269
34 4205 0 100 154283960 2.57269 2.57269
26 4258 0 100 154251664 2.67269 2.67269
52 4225 0 100 88848576 2.77269 2.77269
12 4217 0 100 121538714 2.77269 2.77269
1 4246 0 100 121565138 2.77269 2.77269
45 4187 0 100 154270424 2.77269 2.77269
68 4264 0 100 154247672 2.87269 2.87269
54 4235 0 100 56208440 2.97269 2.97269
84 4185 0 100 121527350 2.97269 2.97269
67 4199 0 100 121534298 2.97269 2.97269
87 4251 0 100 154243280 2.97269 2.97269
14 4218 0 100 154249440 2.97269 2.97269
51 4204 0 100 121565042 3.17269 3.17269
82 4232 0 100 121552646 3.27269 3.27269
47 4263 0 100 154278056 3.27269 3.27269
22 4228 0 100 154297896 3.37269 3.37269
5 4268 0 100 88856044 3.47269 3.47269
57 4253 0 100 121544066 3.57269 3.57269
81 4239 0 100 121529948 3.67269 3.67269
40 4274 0 100 121552280 3.77269 3.77269
23 4191 0 100 154277352 3.77269 3.77269
27 4243 0 100 88850088 3.87269 3.87269
73 4267 0 100 88863840 3.87269 3.87269
70 4213 0 100 154251240 3.87269 3.87269
63 4236 0 100 154260024 3.87269 3.87269
50 4215 0 100 56202784 3.97269 3.97269
86 4256 0 100 154248000 3.97269 3.97269
69 4250 0 100 88846688 4.17269 4.17269
6 4224 0 100 88854608 4.17269 4.17269
2 4241 0 100 121550990 4.17269 4.17269
85 4214 0 100 154275472 4.17269 4.17269
65 4273 0 100 56205012 4.27269 4.27269
16 4261 0 100 88874828 4.37269 4.37269
49 4229 0 100 121537730 4.37269 4.37269
89 4182 0 100 154279064 4.47269 4.47269
55 4180 0 100 56205814 4.57269 4.57269
48 4222 0 100 88851952 4.57269 4.57269
4 4223 0 100 121565990 4.57269 4.57269
59 4184 0 100 121554530 4.67269 4.67269
20 4271 0 100 154247976 4.67269 4.67269
64 4245 0 100 154293160 4.67269 4.67269
21 4189 0 100 154305800 4.67269 4.67269
75 4203 0 100 154291184 4.77269 4.77269
37 4210 0 100 121568606 4.87269 4.87269
13 4209 0 100 121570676 4.87269 4.87269
32 4196 0 100 121573304 4.87269 4.87269
44 4170 0 100 154273328 4.87269 4.87269
61 4262 0 100 154274352 4.97269 4.97269
19 4176 0 100 121533956 5.07269 5.07269
78 4231 0 100 121567238 5.47269 5.47269
71 4193 0 100 88867732 5.57269 5.57269
3 4270 0 100 56207196 5.67269 5.67269
79 4201 0 100 88848944 5.67269 5.67269
83 4220 0 100 121565396 5.77269 5.77269
24 4212 0 100 154244264 5.87269 5.87269
58 4172 0 100 154252344 5.87269 5.87269
18 4192 0 100 121529852 6.07269 6.07269
72 4211 0 100 88847680 6.17269 6.17269
15 4194 0 100 121569890 6.17269 6.17269
53 4178 0 100 121531526 6.27269 6.27269
36 4247 0 100 121563386 6.27269 6.27269
29 4237 0 100 154284904 6.27269 6.27269
11 4277 0 100 88864456 6.37269 6.37269
25 4242 0 100 121530386 6.37269 6.37269
42 4254 0 100 154274480 6.37269 6.37269
46 4275 0 100 154275952 6.37269 6.37269
62 4265 0 100 154252472 6.57269 6.57269
88 4207 0 100 121552190 6.67269 6.67269
60 4259 0 100 88861248 6.77269 6.77269
90 4234 0 100 121571060 6.77269 6.77269
33 4238 0 100 154248624 6.77269 6.77269
9 4279 0 100 154260000 6.87269 6.87269
80 4244 0 100 88863132 7.17269 7.17269
56 4249 0 100 121569806 7.17269 7.17269
43 4269 0 100 121534088 7.47269 7.47269
31 4276 0 100 121573646 7.67269 7.67269
