8 3958 0 100 88875116 1.58151 1.58151
21 3965 0 100 154267704 1.98151 1.98151
65 3955 0 100 121559036 2.08151 2.08151
3 3968 0 100 121569644 2.08151 2.08151
76 3999 0 100 154299328 2.38151 2.38151
25 3940 0 100 121542386 2.48151 2.48151
35 4008 0 100 154282624 2.48151 2.48151
69 4014 0 100 154248936 2.58151 2.58151
59 3975 0 100 121534364 2.68151 2.68151
24 3972 0 100 154301808 2.68151 2.68151
17 3947 0 100 121562168 2.78151 2.78151
18 4001 0 100 88855840 2.88151 2.88151
74 4023 0 100 88852688 2.98151 2.98151
32 3976 0 100 121532642 2.98151 2.98151
31 3941 0 100 121544282 2.98151 2.98151
47 4013 0 100 56200276 3.08151 3.08151
5 3988 0 100 88869904 3.08151 3.08151
73 3969 0 100 154289456 3.18151 3.18151
78 3942 0 100 88864708 3.28151 3.28151
7 4007 0 100 56206600 3.48151 3.48151
49 4009 0 100 121535228 3.48151 3.48151
52 4025 0 100 121538486 3.48151 3.48151
58 4034 0 100 121547942 3.48151 3.48151
40 4035 0 100 88860472 3.58151 3.58151
54 3961 0 100 88871264 3.58151 3.58151
4 3987 0 100 121565672 3.58151 3.58151
66 3971 0 100 121574996 3.58151 3.58151
61 3982 0 100 121533992 3.68151 3.68151
62 3997 0 100 121537022 3.68151 3.68151
77 3951 0 100 121562828 3.78151 3.78151
46 4017 0 100 121572686 3.78151 3.78151
64 3960 0 100 88869060 3.98151 3.98151
51 3985 0 100 88869408 4.08151 4.08151
15 3970 0 100 154245480 4.08151 4.08151
9 4026 0 100 154281848 4.08151 4.08151
63 3973 0 100 154299840 4.18151 4.18151
41 3953 0 100 121529726 4.28151 4.28151
71 3959 0 100 56203946 4.38151 4.38151
44 3980 0 100 88869156 4.38151 4.38151
10 4039 0 100 154292072 4.38151 4.38151
27 3948 0 100 88869364 4.48151 4.48151
55 4021 0 100 121539470 4.48151 4.48151
12 4033 0 100 121570886 4.48151 4.48151
42 3990 0 100 121542764 4.68151 4.68151
48 3978 0 100 88859900 4.88151 4.88151
56 3945 0 100 88870596 4.88151 4.88151
57 4011 0 100 154246952 4.88151 4.88151
36 3944 0 100 121544096 4.98151 4.98151
16 3949 0 100 121544198 5.48151 5.48151
26 3993 0 100 154286288 5.48151 5.48151
72 3981 0 100 88874168 5.58151 5.58151
80 4003 0 100 121532300 5.68151 5.68151
33 3952 0 100 121538450 5.68151 5.68151
34 3979 0 100 121559714 5.78151 5.78151
1 4027 0 100 154302624 5.78151 5.78151
14 4028 0 100 121571450 5.88151 5.88151
45 3998 0 100 88863420 5.98151 5.98151
11 4037 0 100 121557110 5.98151 5.98151
67 4019 0 100 121574324 6.08151 6.08151
50 4016 0 100 154249960 6.08151 6.08151
43 3986 0 100 121542404 6.18151 6.18151
2 4020 0 100 121551050 6.28151 6.28151
20 3956 0 100 154277392 6.38151 6.38151
68 3991 0 100 154277496 6.38151 6.38151
13 3957 0 100 154279688 6.38151 6.38151
22 3994 0 100 121553426 6.48151 6.48151
60 4038 0 100 121564274 6.48151 6.48151
19 3966 0 100 121565024 6.48151 6.48151
23 3984 0 100 121549502 6.58151 6.58151
37 3963 0 100 121568228 6.58151 6.58151
30 3989 0 100 121567310 6.68151 6.68151
29 4004 0 100 88872896 6.98151 6.98151
70 3995 0 100 121534676 6.98151 6.98151
75 4005 0 100 154305824 6.98151 6.98151
28 4031 0 100 88870364 7.18151 7.18151
6 4012 0 100 88872720 7.28151 7.28151
38 4018 0 100 88849880 7.38151 7.38151
53 4022 0 100 56205878 7.78151 7.78151
39 4029 0 100 121569590 7.88151 7.88151
