28 3120 1.00709
26 3121 1.01364
32 3122 1.03261
35 3124 1.0605
31 3125 1.07667
20 3126 1.09417
4 3127 1.12337
29 3130 1.26787
24 3131 1.31572
6 3133 1.37845
1 3134 1.38381
33 3135 1.40029
21 3136 1.43749
37 3138 1.47327
40 3139 1.51218
5 3140 1.52737
19 3142 1.61117
12 3144 1.67474
38 3146 1.73974
13 3147 1.8009
17 3149 1.87095
10 3151 1.94511
22 3152 1.95527
2 3153 2.02913
15 3155 2.047
36 3156 2.05873
18 3158 2.17379
7 3159 2.19504
14 3160 2.1993
34 3162 2.25984
25 3163 2.32605
8 3165 2.39197
3 3166 2.43
16 3168 2.48682
30 3170 2.5534
39 3171 2.58491
11 3172 2.62764
27 3174 2.69081
9 3177 2.90008
23 3178 2.91546
