0 4400
0 4401
0 4402
0 4403
0 4404
0 4405
0 4406
0 4407
0 4408
0 4409
0 4414
22 4411
0 4422
0 4427
82 4423
0 4432
0 4435
0 4443
0 4450
62 4433
58 4446
2 4437
0 4459
31 4428
0 4464
64 4421
45 4424
0 4468
44 4413
0 4474
19 4470
21 4471
0 4479
0 4484
42 4430
0 4492
24 4434
0 4501
12 4451
86 4418
78 4452
0 4507
0 4513
81 4500
0 4521
97 4517
65 4420
70 4480
0 4524
17 4481
6 4522
0 4528
69 4483
53 4436
76 4486
56 4419
52 4431
0 4530
0 4531
18 4477
0 4532
85 4447
0 4533
39 4487
5 4506
0 4534
54 4503
88 4499
1 4508
91 4457
0 4535
96 4519
0 4536
0 4537
27 4523
7 4466
83 4455
10 4510
13 4502
0 4538
61 4454
0 4539
67 4469
49 4425
41 4514
0 4540
87 4495
41 4514
0 4541
37 4509
0 4542
23 4467
46 4449
34 4504
92 4505
0 4543
60 4438
73 4442
0 4544
38 4512
0 4545
0 4546
72 4478
40 4445
0 4547
32 4482
95 4511
29 4493
75 4460
0 4548
75 4460
43 4525
35 4520
0 4549
14 4465
80 4410
63 4439
0 4550
28 4416
0 4551
0 4552
90 4491
0 4553
66 4429
9 4463
4 4426
90 4491
47 4494
0 4554
55 4412
43 4525
75 4460
0 4555
79 4461
99 4498
0 4556
0 4557
30 4475
3 4518
0 4558
100 4417
15 4485
0 4559
16 4440
0 4560
48 4489
84 4458
74 4415
0 4561
71 4516
57 4448
0 4562
93 4441
59 4453
0 4563
26 4472
0 4564
33 4529
36 4456
0 4565
20 4444
0 4566
50 4496
0 4567
77 4527
94 4490
51 4476
0 4568
8 4462
68 4473
0 4569
98 4497
11 4488
0 4570
0 4571
89 4526
0 4572
0 4573
0 4574
0 4575
0 4576
25 4515
0 4577
0 4578
0 4579
0 4580
0 4581
0 4582
0 4583
0 4584
0 4585
0 4586
0 4587
0 4588
0 4589
0 4590
0 4591
0 4592
0 4593
0 4594
0 4595
0 4596
0 4597
0 4598
0 4599
0 4600
0 4601
0 4602
0 4603
0 4604
0 4605
0 4606
0 4607
0 4608
0 4609
0 4610
0 4611
0 4612
0 4613
0 4614
0 4615
0 4616
0 4617
0 4618
0 4619
0 4620
0 4621
0 4622
0 4623
0 4624
0 4625
0 4626
0 4627
0 4628
0 4629
0 4630
0 4631
0 4632
0 4633
0 4634
0 4635
0 4636
0 4637
0 4638
0 4639
0 4640
0 4641
0 4642
0 4643
0 4644
0 4645
0 4646
0 4647
0 4648
0 4649
