0 2930
0 2931
0 2932
0 2933
0 2934
0 2935
0 2936
0 2937
0 2938
0 2939
0 2941
0 2942
0 2946
0 2947
0 2951
0 2953
0 2954
0 2958
17 2952
0 2960
30 2959
0 2963
0 2967
0 2968
0 2970
0 2974
0 2976
0 2978
0 2980
0 2983
14 2962
12 2966
0 2986
0 2989
1 2971
0 2990
3 2984
0 2991
16 2987
22 2975
0 2992
0 2993
0 2994
19 2948
0 2995
24 2969
0 2996
0 2997
0 2998
0 2999
11 2981
0 3000
0 3001
0 3002
2 2945
6 2973
0 3003
18 2957
29 2977
0 3004
9 2979
0 3005
7 2961
5 2955
13 2965
0 3006
0 3007
10 2985
0 3008
8 2940
23 2944
0 3009
0 3010
28 2943
0 3011
0 3012
0 3013
27 2982
0 3014
0 3015
20 2956
26 2972
0 3016
15 2950
0 3017
0 3018
0 3019
25 2949
0 3020
21 2988
0 3021
0 3022
0 3023
0 3024
4 2964
0 3025
0 3026
0 3027
0 3028
0 3029
0 3030
0 3031
0 3032
0 3033
0 3034
0 3035
0 3036
0 3037
0 3038
0 3039
0 3040
0 3041
0 3042
0 3043
0 3044
0 3045
0 3046
0 3047
0 3048
0 3049
0 3050
0 3051
0 3052
0 3053
0 3054
0 3055
0 3056
0 3057
0 3058
0 3059
0 3060
0 3061
0 3062
0 3063
0 3064
0 3065
0 3066
0 3067
0 3068
0 3069
0 3070
0 3071
0 3072
0 3073
0 3074
0 3075
0 3076
0 3077
0 3078
0 3079
0 3080
0 3081
0 3082
0 3083
0 3084
0 3085
0 3086
0 3087
0 3088
0 3089
0 3090
0 3091
0 3092
0 3093
0 3094
0 3095
0 3096
0 3097
0 3098
0 3099
0 3100
0 3101
0 3102
0 3103
0 3104
0 3105
0 3106
0 3107
0 3108
0 3109
