9 2783 0 100 154243560 1.73917 1.73917
4 2773 0 100 121536230 2.03917 2.03917
15 2786 0 100 56201966 2.23917 2.23917
18 2789 0 100 88857264 2.23917 2.23917
8 2804 0 100 88856780 2.73917 2.73917
1 2796 0 100 154304104 3.13917 3.13917
17 2770 0 100 88859000 3.23917 3.23917
20 2794 0 100 121565810 3.43917 3.43917
14 2772 0 100 56208434 3.63917 3.63917
7 2791 0 100 56197912 3.73917 3.73917
5 2788 0 100 121553948 3.93917 3.93917
2 2801 0 100 88871648 4.13917 4.13917
19 2782 0 100 88857928 4.23917 4.23917
12 2779 0 100 154302808 4.23917 4.23917
3 2774 0 100 154243656 4.43917 4.43917
11 2792 0 100 121551104 5.43917 5.43917
13 2798 0 100 154269680 5.53917 5.53917
16 2809 0 100 121550150 5.93917 5.93917
10 2806 0 100 121537556 6.03917 6.03917
6 2795 0 100 154279272 6.53917 6.53917
