6 3133 0 100 88845088 1.43866 1.43866
24 3131 0 100 121560434 1.43866 1.43866
28 3120 0 100 121537940 1.63866 1.63866
35 3124 0 100 121565114 1.93866 1.93866
12 3144 0 100 121565636 2.33866 2.33866
31 3125 0 100 121557674 2.53866 2.53866
10 3151 0 100 154265408 2.53866 2.53866
18 3158 0 100 121566668 2.93866 2.93866
32 3122 0 100 88872584 3.13866 3.13866
33 3135 0 100 154280400 3.13866 3.13866
19 3142 0 100 56207934 3.63866 3.63866
1 3134 0 100 121557776 3.83866 3.83866
23 3178 0 100 154268360 4.03866 4.03866
8 3165 0 100 88871304 4.13866 4.13866
22 3152 0 100 121561016 4.23866 4.23866
13 3147 0 100 121561568 4.23866 4.23866
16 3168 0 100 121548800 4.63866 4.63866
15 3155 0 100 88857952 4.73866 4.73866
20 3126 0 100 88858816 4.83866 4.83866
37 3138 0 100 88865604 4.83866 4.83866
21 3136 0 100 88872888 5.03866 5.03866
17 3149 0 100 121567124 5.33866 5.33866
36 3156 0 100 88875788 5.43866 5.43866
40 3139 0 100 154259552 5.43866 5.43866
29 3130 0 100 56204170 5.53866 5.53866
14 3160 0 100 88856092 5.53866 5.53866
4 3127 0 100 154294752 5.53866 5.53866
26 3121 0 100 88871032 5.63866 5.63866
5 3140 0 100 121553672 5.63866 5.63866
11 3172 0 100 88855720 5.73866 5.73866
3 3166 0 100 121543676 5.73866 5.73866
39 3171 0 100 154278120 5.73866 5.73866
30 3170 0 100 88863660 5.83866 5.83866
2 3153 0 100 154242824 6.13866 6.13866
25 3163 0 100 88851208 6.43866 6.43866
38 3146 0 100 121567892 6.53866 6.53866
27 3174 0 100 88851308 6.73866 6.73866
34 3162 0 100 121559996 6.73866 6.73866
7 3159 0 100 88865012 7.33866 7.33866
9 3177 0 100 154291048 7.73866 7.73866
