6 2131 0 100 32667994 1.26924 1.26924
12 2140 0 100 32681442 1.66924 1.66924
76 2155 0 100 32663902 1.76924 1.76924
30 2151 0 100 32656786 2.06924 2.06924
57 2145 0 100 32637156 2.16924 2.16924
4 2122 0 100 32677312 2.16924 2.16924
32 2171 0 100 32637100 2.26924 2.26924
46 2189 0 100 32670440 2.66924 2.66924
87 2172 0 100 32627026 2.76924 2.76924
27 2142 0 100 32674192 2.76924 2.76924
26 2191 0 100 32682864 2.86924 2.86924
89 2152 0 100 32661766 2.96924 2.96924
47 2168 0 100 32663146 2.96924 2.96924
55 2124 0 100 32666546 2.96924 2.96924
38 2167 0 100 32660348 2.96924 2.96924
28 2150 0 100 32654134 2.96924 2.96924
53 2126 0 100 32668066 3.06924 3.06924
1 2146 0 100 32682188 3.06924 3.06924
5 2211 0 100 32640578 3.16924 3.16924
52 2219 0 100 32673466 3.26924 3.26924
67 2137 0 100 32660200 3.36924 3.36924
18 2179 0 100 32657952 3.56924 3.56924
73 2225 0 100 32671840 3.56924 3.56924
86 2186 0 100 32625986 3.56924 3.56924
82 2169 0 100 32648032 3.56924 3.56924
13 2220 0 100 32659886 3.66924 3.66924
75 2134 0 100 32682406 3.66924 3.66924
7 2210 0 100 32673252 3.76924 3.76924
48 2127 0 100 32655146 3.86924 3.86924
40 2120 0 100 32650776 3.96924 3.96924
83 2209 0 100 32643006 3.96924 3.96924
24 2141 0 100 32661820 3.96924 3.96924
59 2213 0 100 32657678 3.96924 3.96924
61 2176 0 100 32679822 4.06924 4.06924
15 2207 0 100 32651436 4.06924 4.06924
79 2132 0 100 32660032 4.06924 4.06924
2 2198 0 100 32646270 4.26924 4.26924
85 2121 0 100 32651494 4.26924 4.26924
43 2197 0 100 32635192 4.26924 4.26924
88 2157 0 100 32647546 4.36924 4.36924
90 2123 0 100 32642266 4.36924 4.36924
36 2130 0 100 32649076 4.46924 4.46924
10 2153 0 100 32649628 4.46924 4.46924
58 2160 0 100 32647960 4.46924 4.46924
54 2203 0 100 32666150 4.56924 4.56924
3 2222 0 100 32650068 4.56924 4.56924
44 2166 0 100 32644020 4.66924 4.66924
68 2159 0 100 32656406 4.76924 4.76924
14 2226 0 100 32646864 4.76924 4.76924
21 2163 0 100 32665092 4.86924 4.86924
78 2149 0 100 32655888 4.86924 4.86924
17 2144 0 100 32671564 4.86924 4.86924
81 2181 0 100 32643074 5.06924 5.06924
11 2215 0 100 32672680 5.26924 5.26924
72 2164 0 100 32651260 5.36924 5.36924
66 2133 0 100 32680262 5.46924 5.46924
51 2216 0 100 32658488 5.56924 5.56924
45 2196 0 100 32662026 5.56924 5.56924
42 2177 0 100 32659696 5.66924 5.66924
19 2156 0 100 32639080 5.66924 5.66924
80 2193 0 100 32636578 5.66924 5.66924
34 2185 0 100 32649710 5.76924 5.76924
50 2138 0 100 32625926 5.86924 5.86924
41 2229 0 100 32677448 6.06924 6.06924
39 2208 0 100 32642742 6.06924 6.06924
16 2202 0 100 32652950 6.16924 6.16924
60 2128 0 100 32670542 6.16924 6.16924
65 2187 0 100 32648382 6.16924 6.16924
37 2178 0 100 32654774 6.26924 6.26924
62 2218 0 100 32655452 6.36924 6.36924
49 2206 0 100 32655342 6.46924 6.46924
63 2227 0 100 32636460 6.46924 6.46924
22 2201 0 100 32677030 6.46924 6.46924
20 2174 0 100 32661166 6.56924 6.56924
70 2190 0 100 32638976 6.56924 6.56924
8 2147 0 100 32653964 6.66924 6.66924
9 2205 0 100 32677136 6.66924 6.66924
64 2223 0 100 32654572 6.66924 6.66924
56 2182 0 100 32656268 6.86924 6.86924
29 2200 0 100 32677466 6.86924 6.86924
71 2194 0 100 32675550 6.96924 6.96924
69 2214 0 100 32656324 7.06924 7.06924
31 2165 0 100 32632526 7.06924 7.06924
25 2199 0 100 32668006 7.36924 7.36924
77 2184 0 100 32661120 7.36924 7.36924
84 2224 0 100 32644878 8.06924 8.06924
