38 1260 1.01383
5 1261 1.02195
48 1262 1.04958
46 1263 1.0505
28 1264 1.05843
40 1267 1.17781
13 1268 1.19473
9 1269 1.21367
26 1270 1.23707
6 1272 1.27264
17 1273 1.28783
43 1274 1.31314
18 1275 1.31379
49 1277 1.37291
37 1278 1.37417
50 1279 1.39167
32 1280 1.42491
27 1281 1.46644
22 1283 1.56517
10 1285 1.60053
33 1286 1.64846
2 1288 1.74942
29 1289 1.74961
20 1291 1.81412
15 1294 1.99459
4 1295 2.00397
1 1296 2.01009
45 1297 2.04544
21 1299 2.13161
16 1301 2.17456
25 1302 2.22691
39 1303 2.23458
42 1306 2.41274
14 1307 2.41761
44 1309 2.47358
8 1310 2.48616
41 1312 2.57825
3 1313 2.58397
19 1314 2.58993
24 1315 2.62238
30 1316 2.66008
34 1318 2.75704
35 1320 2.81723
31 1321 2.83403
11 1322 2.85752
23 1323 2.86421
36 1325 2.87943
12 1326 2.91575
47 1328 2.97386
7 1329 2.99561
