40 1688 0 100 32655646 1.63143 1.63143
66 1683 0 100 32661588 1.73143 1.73143
38 1689 0 100 32646348 2.03143 2.03143
39 1694 0 100 32670748 2.23143 2.23143
30 1672 0 100 32655776 2.23143 2.23143
62 1675 0 100 32666250 2.23143 2.23143
52 1727 0 100 32647140 2.53143 2.53143
44 1707 0 100 32654026 2.63143 2.63143
58 1713 0 100 32650672 2.63143 2.63143
6 1733 0 100 32681644 2.83143 2.83143
61 1673 0 100 32662016 2.83143 2.83143
13 1686 0 100 32680824 2.93143 2.93143
60 1721 0 100 32656202 2.93143 2.93143
53 1752 0 100 32681414 2.93143 2.93143
16 1711 0 100 32665828 3.13143 3.13143
70 1699 0 100 32676984 3.23143 3.23143
36 1734 0 100 32667374 3.33143 3.33143
20 1754 0 100 32665074 3.43143 3.43143
55 1739 0 100 32655722 3.43143 3.43143
5 1698 0 100 32640762 3.63143 3.63143
15 1747 0 100 32642218 3.63143 3.63143
26 1738 0 100 32670508 3.73143 3.73143
47 1708 0 100 32664480 3.83143 3.83143
25 1677 0 100 32649570 3.83143 3.83143
46 1684 0 100 32636654 3.83143 3.83143
69 1718 0 100 32650648 3.93143 3.93143
65 1757 0 100 32646602 3.93143 3.93143
35 1701 0 100 32657972 3.93143 3.93143
8 1671 0 100 32655498 3.93143 3.93143
1 1750 0 100 32647900 4.23143 4.23143
63 1691 0 100 32661138 4.23143 4.23143
11 1703 0 100 32676678 4.33143 4.33143
34 1722 0 100 32670728 4.33143 4.33143
14 1756 0 100 32680658 4.33143 4.33143
43 1706 0 100 32649880 4.43143 4.43143
33 1729 0 100 32665204 4.43143 4.43143
64 1695 0 100 32657356 4.53143 4.53143
29 1710 0 100 32644816 4.53143 4.53143
17 1753 0 100 32663794 4.53143 4.53143
54 1758 0 100 32645738 4.73143 4.73143
7 1737 0 100 32653544 4.73143 4.73143
27 1732 0 100 32633276 4.83143 4.83143
28 1704 0 100 32643776 4.83143 4.83143
56 1680 0 100 32642694 4.93143 4.93143
31 1717 0 100 32675050 5.63143 5.63143
42 1745 0 100 32669340 5.73143 5.73143
45 1700 0 100 32654780 5.83143 5.83143
49 1743 0 100 32653782 5.93143 5.93143
21 1696 0 100 32639470 5.93143 5.93143
59 1726 0 100 32658186 6.03143 6.03143
68 1678 0 100 32664980 6.03143 6.03143
50 1697 0 100 32666388 6.03143 6.03143
4 1690 0 100 32637486 6.13143 6.13143
2 1720 0 100 32662098 6.13143 6.13143
22 1724 0 100 32667686 6.43143 6.43143
51 1740 0 100 32664386 6.53143 6.53143
19 1730 0 100 32659872 6.63143 6.63143
10 1715 0 100 32662760 6.63143 6.63143
24 1741 0 100 32676098 6.63143 6.63143
67 1714 0 100 32678430 6.83143 6.83143
57 1749 0 100 32675246 7.03143 7.03143
48 1759 0 100 32645284 7.03143 7.03143
32 1735 0 100 32664240 7.43143 7.43143
23 1746 0 100 32664726 7.53143 7.53143
