0 1450
0 1451
0 1452
0 1453
0 1454
0 1455
0 1456
0 1457
0 1458
0 1459
0 1460
0 1463
0 1468
0 1471
36 1469
0 1474
0 1476
0 1481
0 1489
0 1493
13 1477
0 1495
0 1500
49 1498
0 1506
10 1478
0 1509
16 1470
0 1512
0 1515
60 1488
58 1514
0 1521
0 1524
15 1496
0 1532
0 1537
0 1538
19 1480
0 1540
38 1511
33 1507
34 1525
57 1461
0 1541
0 1542
0 1543
59 1517
37 1464
0 1544
48 1483
24 1484
26 1473
0 1545
17 1485
0 1546
25 1472
0 1547
31 1529
0 1548
0 1549
45 1494
0 1550
51 1535
55 1497
21 1490
43 1465
6 1516
0 1551
0 1552
47 1466
30 1467
0 1553
22 1475
0 1554
54 1528
28 1531
0 1555
5 1501
0 1556
29 1513
52 1492
0 1557
0 1558
0 1559
0 1560
44 1487
0 1561
0 1562
0 1563
11 1536
0 1564
8 1486
0 1565
56 1462
18 1482
0 1566
35 1491
46 1533
0 1567
53 1508
0 1568
12 1505
1 1539
0 1569
0 1570
27 1479
0 1571
42 1503
20 1530
0 1572
50 1502
0 1573
0 1574
32 1504
39 1520
40 1526
0 1575
41 1534
0 1576
2 1510
0 1577
0 1578
4 1499
14 1522
0 1579
0 1580
0 1581
0 1582
3 1518
0 1583
0 1584
0 1585
9 1519
23 1523
0 1586
7 1527
0 1587
0 1588
0 1589
0 1590
0 1591
0 1592
0 1593
0 1594
0 1595
0 1596
0 1597
0 1598
0 1599
0 1600
0 1601
0 1602
0 1603
0 1604
0 1605
0 1606
0 1607
0 1608
0 1609
0 1610
0 1611
0 1612
0 1613
0 1614
0 1615
0 1616
0 1617
0 1618
0 1619
0 1620
0 1621
0 1622
0 1623
0 1624
0 1625
0 1626
0 1627
0 1628
0 1629
0 1630
0 1631
0 1632
0 1633
0 1634
0 1635
0 1636
0 1637
0 1638
0 1639
0 1640
0 1641
0 1642
0 1643
0 1644
0 1645
0 1646
0 1647
0 1648
0 1649
0 1650
0 1651
0 1652
0 1653
0 1654
0 1655
0 1656
0 1657
0 1658
0 1659
