63 0.8 0.016 0.784
63 0.784 0.16 0.624
3 0.8 0.016 0.784
47 0.8 0.016 0.784
49 0.8 0.016 0.784
49 0.784 0.16 0.624
3 0.784 0.16 0.624
47 0.784 0.16 0.624
44 0.8 0.016 0.784
44 0.784 0.16 0.624
53 0.8 0.016 0.784
53 0.784 0.16 0.624
13 0.8 0.016 0.784
48 0.8 0.016 0.784
97 0.8 0.016 0.784
13 0.784 0.16 0.624
48 0.784 0.16 0.624
97 0.784 0.16 0.624
19 0.8 0.016 0.784
80 0.8 0.016 0.784
100 0.8 0.016 0.784
100 0.784 0.16 0.624
80 0.784 0.16 0.624
19 0.784 0.16 0.624
16 0.8 0.016 0.784
81 0.8 0.016 0.784
85 0.8 0.016 0.784
81 0.784 0.16 0.624
16 0.784 0.16 0.624
85 0.784 0.16 0.624
6 0.8 0.16 0.64
10 0.8 0.16 0.64
20 0.8 0.16 0.64
29 0.8 0.16 0.64
42 0.8 0.16 0.64
6 0.64 0.16 0.48
10 0.64 0.16 0.48
20 0.64 0.16 0.48
29 0.64 0.16 0.48
6 0.48 0.16 0.32
10 0.48 0.16 0.32
20 0.48 0.16 0.32
29 0.48 0.16 0.32
6 0.395096 0.016 0.379096
10 0.39308 0.016 0.37708
20 0.3958 0.016 0.3798
29 0.394352 0.016 0.378352
38 0.8 0.016 0.784
20 0.3798 0.16 0.2198
29 0.378352 0.16 0.218352
10 0.37708 0.16 0.21708
6 0.379096 0.16 0.219096
38 0.784 0.16 0.624
42 0.716298 0.16 0.556298
42 0.556298 0.16 0.396298
42 0.396298 0.16 0.236298
42 0.236298 0.16 0.0762983
42 0.0762983 0.16 -0.0837017
42 0.0708971 0.016 0.0548971
73 0.8 0.016 0.784
73 0.784 0.16 0.624
21 0.8 0.16 0.64
33 0.8 0.16 0.64
42 0.0548971 0.16 -0.105103
89 0.8 0.16 0.64
90 0.8 0.16 0.64
21 0.712452 0.016 0.696452
33 0.717799 0.016 0.701799
42 0.0709998 0.016 0.0549998
89 0.719014 0.016 0.703014
90 0.715228 0.016 0.699228
21 0.696452 0.16 0.536452
33 0.701799 0.16 0.541799
90 0.699228 0.16 0.539228
89 0.703014 0.16 0.543014
42 0.0549998 0.16 -0.105
42 0 0.16 -0.16
42 0 0.16 -0.16
50 0.8 0.016 0.784
56 0.8 0.016 0.784
50 0.784 0.16 0.624
56 0.784 0.16 0.624
2 0.8 0.16 0.64
12 0.8 0.16 0.64
2 0.719703 0.016 0.703703
2 0.703703 0.16 0.543703
12 0.718721 0.16 0.558721
30 0.8 0.16 0.64
59 0.8 0.16 0.64
77 0.8 0.16 0.64
99 0.8 0.16 0.64
12 0.636623 0.016 0.620623
30 0.715394 0.016 0.699394
59 0.713769 0.016 0.697769
77 0.717429 0.016 0.701429
99 0.719515 0.016 0.703515
59 0.697769 0.16 0.537769
99 0.703515 0.16 0.543515
42 0.300506 0.16 0.140506
77 0.701429 0.16 0.541429
12 0.620623 0.16 0.460623
30 0.699394 0.16 0.539394
7 0.8 0.016 0.784
42 0.220016 0.16 0.0600163
7 0.784 0.16 0.624
1 0.8 0.16 0.64
8 0.8 0.16 0.64
1 0.716621 0.016 0.700621
8 0.719232 0.016 0.703232
8 0.703232 0.16 0.543232
1 0.700621 0.16 0.540621
17 0.8 0.16 0.64
17 0.715727 0.016 0.699727
17 0.699727 0.16 0.539727
46 0.8 0.16 0.64
51 0.8 0.16 0.64
52 0.8 0.16 0.64
55 0.8 0.16 0.64
96 0.8 0.16 0.64
46 0.710771 0.016 0.694771
52 0.71541 0.016 0.69941
96 0.71796 0.016 0.70196
52 0.69941 0.16 0.53941
46 0.694771 0.16 0.534771
96 0.70196 0.16 0.54196
28 0.8 0.16 0.64
51 0.719401 0.16 0.559401
55 0.718925 0.16 0.558925
28 0.64 0.16 0.48
51 0.559401 0.16 0.399401
55 0.558925 0.16 0.398925
28 0.555434 0.016 0.539434
51 0.479346 0.016 0.463346
55 0.472505 0.016 0.456505
28 0.539434 0.16 0.379434
55 0.456505 0.16 0.296505
51 0.463346 0.16 0.303346
54 0.8 0.016 0.784
93 0.8 0.016 0.784
54 0.784 0.16 0.624
93 0.784 0.16 0.624
36 0.8 0.16 0.64
60 0.8 0.16 0.64
88 0.8 0.16 0.64
95 0.8 0.16 0.64
36 0.64 0.16 0.48
95 0.64 0.16 0.48
36 0.553951 0.016 0.537951
60 0.719466 0.016 0.703466
88 0.713085 0.016 0.697085
95 0.557702 0.016 0.541702
88 0.697085 0.16 0.537085
60 0.703466 0.16 0.543466
95 0.541702 0.16 0.381702
36 0.537951 0.16 0.377951
14 0.8 0.16 0.64
15 0.8 0.16 0.64
35 0.8 0.16 0.64
79 0.8 0.16 0.64
86 0.8 0.16 0.64
98 0.8 0.16 0.64
35 0.64 0.16 0.48
86 0.64 0.16 0.48
98 0.64 0.16 0.48
14 0.64 0.16 0.48
14 0.551422 0.016 0.535422
15 0.717214 0.016 0.701214
35 0.556659 0.016 0.540659
79 0.715741 0.016 0.699741
86 0.552896 0.016 0.536896
98 0.550217 0.016 0.534217
14 0.535422 0.16 0.375422
15 0.701214 0.16 0.541214
98 0.534217 0.16 0.374217
35 0.540659 0.16 0.380659
79 0.699741 0.16 0.539741
86 0.536896 0.16 0.376896
4 0.8 0.016 0.784
45 0.8 0.016 0.784
45 0.784 0.16 0.624
4 0.784 0.16 0.624
43 0.8 0.16 0.64
39 0.8 0.16 0.64
43 0.64 0.16 0.48
43 0.556542 0.016 0.540542
43 0.540542 0.16 0.380542
39 0.716098 0.16 0.556098
11 0.8 0.016 0.784
39 0.634454 0.016 0.618454
11 0.784 0.16 0.624
39 0.618454 0.16 0.458454
82 0.8 0.016 0.784
82 0.784 0.16 0.624
76 0.8 0.16 0.64
83 0.8 0.16 0.64
92 0.8 0.16 0.64
76 0.718786 0.016 0.702786
83 0.710124 0.016 0.694124
92 0.712989 0.016 0.696989
83 0.694124 0.16 0.534124
76 0.702786 0.16 0.542786
92 0.696989 0.16 0.536989
87 0.8 0.16 0.64
87 0.64 0.16 0.48
87 0.48 0.16 0.32
87 0.394585 0.016 0.378585
87 0.378585 0.16 0.218585
25 0.8 0.16 0.64
75 0.8 0.16 0.64
25 0.714984 0.016 0.698984
75 0.715609 0.016 0.699609
25 0.698984 0.16 0.538984
75 0.699609 0.16 0.539609
65 0.8 0.016 0.784
65 0.784 0.16 0.624
84 0.8 0.16 0.64
18 0.8 0.016 0.784
32 0.8 0.016 0.784
84 0.712818 0.016 0.696818
32 0.784 0.16 0.624
84 0.696818 0.16 0.536818
18 0.784 0.16 0.624
31 0.8 0.16 0.64
58 0.8 0.16 0.64
71 0.8 0.16 0.64
78 0.8 0.16 0.64
31 0.64 0.16 0.48
31 0.48 0.16 0.32
58 0.64 0.16 0.48
71 0.64 0.16 0.48
78 0.64 0.16 0.48
31 0.393116 0.016 0.377116
58 0.554754 0.016 0.538754
71 0.552793 0.016 0.536793
78 0.551527 0.016 0.535527
31 0.377116 0.16 0.217116
58 0.538754 0.16 0.378754
78 0.535527 0.16 0.375527
71 0.536793 0.16 0.376793
57 0.8 0.16 0.64
67 0.8 0.16 0.64
57 0.64 0.16 0.48
67 0.64 0.16 0.48
57 0.48 0.16 0.32
67 0.48 0.16 0.32
57 0.392958 0.016 0.376958
67 0.39145 0.016 0.37545
57 0.376958 0.16 0.216958
67 0.37545 0.16 0.21545
26 0.8 0.16 0.64
91 0.8 0.16 0.64
26 0.64 0.16 0.48
26 0.552203 0.016 0.536203
40 0.8 0.016 0.784
91 0.719539 0.016 0.703539
26 0.536203 0.16 0.376203
91 0.703539 0.16 0.543539
40 0.784 0.16 0.624
37 0.8 0.016 0.784
37 0.784 0.16 0.624
70 0.8 0.16 0.64
70 0.711634 0.016 0.695634
70 0.695634 0.16 0.535634
66 0.8 0.016 0.784
66 0.784 0.16 0.624
64 0.8 0.016 0.784
72 0.8 0.016 0.784
72 0.784 0.16 0.624
64 0.784 0.16 0.624
5 0.8 0.16 0.64
9 0.8 0.16 0.64
62 0.8 0.16 0.64
5 0.64 0.16 0.48
9 0.64 0.16 0.48
5 0.55045 0.016 0.53445
9 0.557902 0.016 0.541902
62 0.71197 0.016 0.69597
9 0.541902 0.16 0.381902
62 0.69597 0.16 0.53597
5 0.53445 0.16 0.37445
61 0.8 0.016 0.784
68 0.8 0.016 0.784
61 0.784 0.16 0.624
68 0.784 0.16 0.624
74 0.8 0.016 0.784
74 0.784 0.16 0.624
69 0.8 0.16 0.64
94 0.8 0.16 0.64
23 0.8 0.016 0.784
69 0.710022 0.016 0.694022
94 0.714083 0.016 0.698083
94 0.698083 0.16 0.538083
23 0.784 0.16 0.624
69 0.694022 0.16 0.534022
41 0.8 0.16 0.64
41 0.64 0.16 0.48
24 0.8 0.016 0.784
41 0.55174 0.016 0.53574
24 0.784 0.16 0.624
41 0.53574 0.16 0.37574
27 0.8 0.016 0.784
27 0.784 0.16 0.624
22 0.8 0.16 0.64
22 0.713651 0.016 0.697651
22 0.697651 0.16 0.537651
34 0.8 0.016 0.784
34 0.784 0.16 0.624
