63 2404 0 100 32630520 1.73793 1.73793
49 2376 0 100 32653240 1.83793 1.83793
3 2387 0 100 32675966 1.83793 1.83793
47 2393 0 100 32652406 1.83793 1.83793
44 2373 0 100 32636194 2.13793 2.13793
53 2442 0 100 32652874 2.33793 2.33793
48 2375 0 100 32672398 2.43793 2.43793
97 2431 0 100 32654818 2.43793 2.43793
100 2398 0 100 32673618 2.63793 2.63793
80 2426 0 100 32639710 2.63793 2.63793
19 2413 0 100 32668392 2.63793 2.63793
81 2364 0 100 32679792 2.73793 2.73793
16 2401 0 100 32673518 2.73793 2.73793
85 2444 0 100 32670434 2.73793 2.73793
20 2439 0 100 32661206 2.83793 2.83793
29 2360 0 100 32642646 2.83793 2.83793
10 2432 0 100 32653796 2.83793 2.83793
6 2402 0 100 32652304 2.83793 2.83793
38 2465 0 100 32639602 2.83793 2.83793
73 2474 0 100 32658786 2.93793 2.93793
21 2434 0 100 32652566 3.03793 3.03793
33 2450 0 100 32658548 3.03793 3.03793
90 2384 0 100 32666666 3.03793 3.03793
89 2379 0 100 32650710 3.03793 3.03793
50 2411 0 100 32681762 3.23793 3.23793
56 2478 0 100 32645502 3.23793 3.23793
2 2475 0 100 32673026 3.33793 3.33793
99 2374 0 100 32664138 3.43793 3.43793
77 2471 0 100 32669442 3.43793 3.43793
30 2388 0 100 32664602 3.43793 3.43793
7 2473 0 100 32680802 3.53793 3.53793
8 2390 0 100 32649776 3.63793 3.63793
1 2452 0 100 32658512 3.63793 3.63793
17 2385 0 100 32674774 3.73793 3.73793
52 2391 0 100 32638996 3.83793 3.83793
96 2421 0 100 32670154 3.83793 3.83793
28 2466 0 100 32654612 3.93793 3.93793
55 2448 0 100 32649584 3.93793 3.93793
51 2433 0 100 32636506 3.93793 3.93793
54 2407 0 100 32682702 4.03793 4.03793
93 2418 0 100 32662492 4.03793 4.03793
88 2472 0 100 32671136 4.13793 4.13793
95 2377 0 100 32657404 4.13793 4.13793
36 2380 0 100 32634400 4.13793 4.13793
14 2420 0 100 32665820 4.23793 4.23793
98 2454 0 100 32676368 4.23793 4.23793
35 2430 0 100 32678498 4.23793 4.23793
79 2436 0 100 32661186 4.23793 4.23793
86 2456 0 100 32653328 4.23793 4.23793
45 2419 0 100 32650426 4.43793 4.43793
4 2361 0 100 32681136 4.43793 4.43793
43 2470 0 100 32644132 4.53793 4.53793
11 2396 0 100 32656510 4.63793 4.63793
39 2405 0 100 32650296 4.63793 4.63793
82 2415 0 100 32661080 4.73793 4.73793
83 2461 0 100 32662922 4.83793 4.83793
76 2416 0 100 32659916 4.83793 4.83793
92 2366 0 100 32670660 4.83793 4.83793
87 2383 0 100 32663016 4.93793 4.93793
25 2395 0 100 32655828 5.03793 5.03793
75 2362 0 100 32669018 5.03793 5.03793
65 2447 0 100 32643612 5.33793 5.33793
32 2414 0 100 32670810 5.43793 5.43793
84 2368 0 100 32646650 5.43793 5.43793
18 2476 0 100 32660868 5.43793 5.43793
31 2423 0 100 32664656 5.53793 5.53793
58 2382 0 100 32653946 5.53793 5.53793
78 2422 0 100 32657372 5.53793 5.53793
71 2435 0 100 32665352 5.53793 5.53793
57 2370 0 100 32661736 5.63793 5.63793
67 2441 0 100 32640944 5.63793 5.63793
26 2455 0 100 32623102 5.73793 5.73793
91 2381 0 100 32657600 5.73793 5.73793
40 2371 0 100 32681980 5.73793 5.73793
37 2403 0 100 32674180 5.93793 5.93793
70 2406 0 100 32644608 6.03793 6.03793
66 2428 0 100 32629644 6.23793 6.23793
72 2392 0 100 32678010 6.33793 6.33793
64 2438 0 100 32653170 6.33793 6.33793
62 2457 0 100 32659228 6.43793 6.43793
5 2424 0 100 32675936 6.43793 6.43793
61 2440 0 100 32657152 6.63793 6.63793
68 2443 0 100 32649388 6.63793 6.63793
74 2469 0 100 32641070 6.83793 6.83793
94 2410 0 100 32661112 6.93793 6.93793
69 2458 0 100 32636004 6.93793 6.93793
24 2453 0 100 32674704 7.03793 7.03793
41 2427 0 100 32651316 7.03793 7.03793
27 2462 0 100 32658038 7.33793 7.33793
22 2449 0 100 32664876 7.43793 7.43793
34 2467 0 100 32637600 7.73793 7.73793
