6 0.8 0.016 0.784
6 0.784 0.16 0.624
12 0.8 0.016 0.784
12 0.784 0.16 0.624
76 0.8 0.016 0.784
76 0.784 0.16 0.624
30 0.8 0.016 0.784
30 0.784 0.16 0.624
57 0.8 0.16 0.64
4 0.8 0.016 0.784
57 0.714878 0.016 0.698878
57 0.698878 0.16 0.538878
4 0.784 0.16 0.624
32 0.8 0.16 0.64
32 0.64 0.16 0.48
32 0.55937 0.016 0.54337
32 0.54337 0.16 0.38337
46 0.8 0.016 0.784
46 0.784 0.16 0.624
27 0.8 0.16 0.64
87 0.8 0.16 0.64
27 0.712989 0.016 0.696989
87 0.714156 0.016 0.698156
87 0.698156 0.16 0.538156
27 0.696989 0.16 0.536989
26 0.8 0.016 0.784
26 0.784 0.16 0.624
28 0.8 0.16 0.64
38 0.8 0.16 0.64
47 0.8 0.16 0.64
55 0.8 0.16 0.64
74 0.8 0.16 0.64
89 0.8 0.16 0.64
28 0.712727 0.016 0.696727
38 0.717057 0.016 0.701057
47 0.715608 0.016 0.699608
55 0.710315 0.016 0.694315
89 0.713255 0.016 0.697255
89 0.697255 0.16 0.537255
47 0.699608 0.16 0.539608
55 0.694315 0.16 0.534315
38 0.701057 0.16 0.541057
28 0.696727 0.16 0.536727
74 0.719878 0.16 0.559878
53 0.8 0.16 0.64
74 0.559878 0.16 0.399878
53 0.64 0.16 0.48
74 0.399878 0.16 0.239878
53 0.48 0.16 0.32
74 0.239878 0.16 0.0798781
53 0.32 0.16 0.16
74 0.0798781 0.16 -0.0801219
1 0.8 0.016 0.784
53 0.239037 0.016 0.223037
74 0.0716153 0.016 0.0556153
53 0.223037 0.16 0.0630372
1 0.784 0.16 0.624
5 0.8 0.16 0.64
74 0.0556153 0.16 -0.104385
5 0.64 0.16 0.48
74 0 0.16 -0.16
5 0.558486 0.016 0.542486
74 0.0773185 0.016 0.0613185
5 0.542486 0.16 0.382486
52 0.8 0.016 0.784
52 0.784 0.16 0.624
35 0.8 0.16 0.64
67 0.8 0.16 0.64
35 0.71489 0.016 0.69889
67 0.719106 0.016 0.703106
35 0.69889 0.16 0.53889
67 0.703106 0.16 0.543106
18 0.8 0.016 0.784
73 0.8 0.016 0.784
82 0.8 0.016 0.784
86 0.8 0.016 0.784
18 0.784 0.16 0.624
73 0.784 0.16 0.624
86 0.784 0.16 0.624
74 0.358723 0.16 0.198723
82 0.784 0.16 0.624
13 0.8 0.16 0.64
13 0.64 0.16 0.48
13 0.48 0.16 0.32
13 0.398303 0.016 0.382303
75 0.8 0.016 0.784
13 0.382303 0.16 0.222303
74 0.278515 0.16 0.118515
75 0.784 0.16 0.624
7 0.8 0.16 0.64
7 0.64 0.16 0.48
7 0.553113 0.016 0.537113
7 0.537113 0.16 0.377113
48 0.8 0.16 0.64
48 0.711355 0.016 0.695355
48 0.695355 0.16 0.535355
24 0.8 0.16 0.64
59 0.8 0.16 0.64
24 0.716937 0.016 0.700937
40 0.8 0.016 0.784
59 0.713508 0.016 0.697508
83 0.8 0.016 0.784
40 0.784 0.16 0.624
83 0.784 0.16 0.624
24 0.700937 0.16 0.540937
59 0.697508 0.16 0.537508
15 0.8 0.16 0.64
15 0.64 0.16 0.48
15 0.48 0.16 0.32
15 0.32 0.16 0.16
15 0.237842 0.016 0.221842
61 0.8 0.016 0.784
79 0.8 0.016 0.784
61 0.784 0.16 0.624
15 0.221842 0.16 0.0618423
79 0.784 0.16 0.624
2 0.8 0.016 0.784
43 0.8 0.016 0.784
85 0.8 0.016 0.784
2 0.784 0.16 0.624
85 0.784 0.16 0.624
43 0.784 0.16 0.624
88 0.8 0.16 0.64
90 0.8 0.16 0.64
88 0.715697 0.016 0.699697
90 0.719739 0.016 0.703739
88 0.699697 0.16 0.539697
90 0.703739 0.16 0.543739
10 0.8 0.16 0.64
36 0.8 0.16 0.64
58 0.8 0.16 0.64
10 0.64 0.16 0.48
36 0.64 0.16 0.48
58 0.64 0.16 0.48
10 0.553845 0.016 0.537845
36 0.556491 0.016 0.540491
58 0.559231 0.016 0.543231
36 0.540491 0.16 0.380491
10 0.537845 0.16 0.377845
58 0.543231 0.16 0.383231
3 0.8 0.016 0.784
54 0.8 0.016 0.784
54 0.784 0.16 0.624
3 0.784 0.16 0.624
44 0.8 0.16 0.64
44 0.64 0.16 0.48
44 0.55525 0.016 0.53925
44 0.53925 0.16 0.37925
14 0.8 0.16 0.64
14 0.710401 0.016 0.694401
68 0.8 0.016 0.784
68 0.784 0.16 0.624
14 0.694401 0.16 0.534401
17 0.8 0.16 0.64
21 0.8 0.16 0.64
78 0.8 0.16 0.64
17 0.713675 0.016 0.697675
21 0.71675 0.016 0.70075
78 0.710031 0.016 0.694031
21 0.70075 0.16 0.54075
78 0.694031 0.16 0.534031
17 0.697675 0.16 0.537675
81 0.8 0.016 0.784
81 0.784 0.16 0.624
11 0.8 0.016 0.784
11 0.784 0.16 0.624
72 0.8 0.16 0.64
72 0.714317 0.016 0.698317
72 0.698317 0.16 0.538317
23 0.8 0.016 0.784
66 0.8 0.016 0.784
23 0.784 0.16 0.624
66 0.784 0.16 0.624
33 0.8 0.16 0.64
42 0.8 0.16 0.64
45 0.8 0.16 0.64
51 0.8 0.16 0.64
80 0.8 0.16 0.64
33 0.711385 0.016 0.695385
45 0.711655 0.016 0.695655
51 0.713652 0.016 0.697652
51 0.697652 0.16 0.537652
33 0.695385 0.16 0.535385
45 0.695655 0.16 0.535655
19 0.8 0.16 0.64
42 0.717594 0.16 0.557594
80 0.717073 0.16 0.557073
19 0.717047 0.016 0.701047
42 0.634243 0.016 0.618243
80 0.628209 0.016 0.612209
42 0.618243 0.16 0.458243
19 0.701047 0.16 0.541047
80 0.612209 0.16 0.452209
34 0.8 0.16 0.64
34 0.717137 0.016 0.701137
34 0.701137 0.16 0.541137
50 0.8 0.16 0.64
50 0.714846 0.016 0.698846
50 0.698846 0.16 0.538846
39 0.8 0.016 0.784
41 0.8 0.016 0.784
41 0.784 0.16 0.624
39 0.784 0.16 0.624
16 0.8 0.16 0.64
37 0.8 0.16 0.64
60 0.8 0.16 0.64
65 0.8 0.16 0.64
16 0.64 0.16 0.48
60 0.64 0.16 0.48
65 0.64 0.16 0.48
16 0.557952 0.016 0.541952
60 0.552423 0.016 0.536423
65 0.55937 0.016 0.54337
16 0.541952 0.16 0.381952
60 0.536423 0.16 0.376423
65 0.54337 0.16 0.38337
37 0.718417 0.16 0.558417
37 0.558417 0.16 0.398417
37 0.398417 0.16 0.238417
37 0.314005 0.016 0.298005
37 0.298005 0.16 0.138005
62 0.8 0.16 0.64
62 0.719911 0.016 0.703911
62 0.703911 0.16 0.543911
22 0.8 0.016 0.784
49 0.8 0.016 0.784
63 0.8 0.016 0.784
49 0.784 0.16 0.624
63 0.784 0.16 0.624
22 0.784 0.16 0.624
20 0.8 0.16 0.64
70 0.8 0.16 0.64
20 0.64 0.16 0.48
70 0.64 0.16 0.48
20 0.48 0.16 0.32
70 0.48 0.16 0.32
20 0.396145 0.016 0.380145
70 0.39048 0.016 0.37448
20 0.380145 0.16 0.220145
70 0.37448 0.16 0.21448
8 0.8 0.16 0.64
64 0.8 0.16 0.64
8 0.64 0.16 0.48
64 0.64 0.16 0.48
8 0.55458 0.016 0.53858
9 0.8 0.016 0.784
64 0.551634 0.016 0.535634
8 0.53858 0.16 0.37858
9 0.784 0.16 0.624
64 0.535634 0.16 0.375634
29 0.8 0.016 0.784
56 0.8 0.016 0.784
56 0.784 0.16 0.624
29 0.784 0.16 0.624
31 0.8 0.16 0.64
71 0.8 0.16 0.64
71 0.7159 0.016 0.6999
71 0.6999 0.16 0.5399
31 0.718604 0.16 0.558604
69 0.8 0.16 0.64
31 0.635585 0.016 0.619585
69 0.713343 0.016 0.697343
69 0.697343 0.16 0.537343
31 0.619585 0.16 0.459585
25 0.8 0.016 0.784
77 0.8 0.016 0.784
25 0.784 0.16 0.624
77 0.784 0.16 0.624
84 0.8 0.016 0.784
84 0.784 0.16 0.624
