40 0.8 0.016 0.784
40 0.784 0.16 0.624
66 0.8 0.016 0.784
66 0.784 0.16 0.624
38 0.8 0.016 0.784
38 0.784 0.16 0.624
30 0.8 0.016 0.784
39 0.8 0.016 0.784
62 0.8 0.016 0.784
39 0.784 0.16 0.624
30 0.784 0.16 0.624
62 0.784 0.16 0.624
52 0.8 0.016 0.784
52 0.784 0.16 0.624
44 0.8 0.16 0.64
58 0.8 0.16 0.64
44 0.712166 0.016 0.696166
58 0.713747 0.016 0.697747
44 0.696166 0.16 0.536166
58 0.697747 0.16 0.537747
6 0.8 0.016 0.784
61 0.8 0.016 0.784
6 0.784 0.16 0.624
61 0.784 0.16 0.624
13 0.8 0.16 0.64
41 0.8 0.16 0.64
60 0.8 0.16 0.64
41 0.64 0.16 0.48
60 0.64 0.16 0.48
13 0.711369 0.016 0.695369
41 0.554122 0.016 0.538122
53 0.8 0.016 0.784
60 0.554818 0.016 0.538818
13 0.695369 0.16 0.535369
41 0.538122 0.16 0.378122
60 0.538818 0.16 0.378818
53 0.784 0.16 0.624
16 0.8 0.016 0.784
16 0.784 0.16 0.624
70 0.8 0.016 0.784
70 0.784 0.16 0.624
36 0.8 0.16 0.64
36 0.713242 0.016 0.697242
36 0.697242 0.16 0.537242
20 0.8 0.16 0.64
55 0.8 0.16 0.64
20 0.713498 0.016 0.697498
55 0.714015 0.016 0.698015
20 0.697498 0.16 0.537498
55 0.698015 0.16 0.538015
5 0.8 0.016 0.784
15 0.8 0.016 0.784
5 0.784 0.16 0.624
15 0.784 0.16 0.624
26 0.8 0.016 0.784
26 0.784 0.16 0.624
25 0.8 0.16 0.64
37 0.8 0.16 0.64
46 0.8 0.16 0.64
47 0.8 0.16 0.64
69 0.8 0.16 0.64
25 0.715422 0.016 0.699422
37 0.717838 0.016 0.701838
46 0.714905 0.016 0.698905
47 0.719885 0.016 0.703885
37 0.701838 0.16 0.541838
47 0.703885 0.16 0.543885
25 0.699422 0.16 0.539422
46 0.698905 0.16 0.538905
8 0.8 0.16 0.64
35 0.8 0.16 0.64
65 0.8 0.16 0.64
69 0.713114 0.16 0.553114
8 0.64 0.16 0.48
35 0.64 0.16 0.48
65 0.64 0.16 0.48
69 0.553114 0.16 0.393114
65 0.48 0.16 0.32
69 0.393114 0.16 0.233114
8 0.557863 0.016 0.541863
35 0.557519 0.016 0.541519
65 0.398971 0.016 0.382971
69 0.311926 0.016 0.295926
69 0.295926 0.16 0.135926
65 0.382971 0.16 0.222971
35 0.541519 0.16 0.381519
8 0.541863 0.16 0.381863
1 0.8 0.016 0.784
63 0.8 0.016 0.784
1 0.784 0.16 0.624
63 0.784 0.16 0.624
11 0.8 0.16 0.64
11 0.713294 0.016 0.697294
14 0.8 0.016 0.784
34 0.8 0.016 0.784
11 0.697294 0.16 0.537294
34 0.784 0.16 0.624
14 0.784 0.16 0.624
33 0.8 0.16 0.64
43 0.8 0.16 0.64
33 0.64 0.16 0.48
43 0.64 0.16 0.48
12 0.8 0.16 0.64
29 0.8 0.16 0.64
33 0.48 0.16 0.32
43 0.48 0.16 0.32
33 0.391072 0.016 0.375072
43 0.397351 0.016 0.381351
43 0.381351 0.16 0.221351
33 0.375072 0.16 0.215072
12 0.71336 0.16 0.55336
29 0.711048 0.16 0.551048
12 0.55336 0.16 0.39336
3 0.8 0.016 0.784
12 0.464868 0.016 0.448868
17 0.8 0.016 0.784
29 0.630521 0.016 0.614521
64 0.8 0.016 0.784
3 0.784 0.16 0.624
64 0.784 0.16 0.624
12 0.448868 0.16 0.288868
29 0.614521 0.16 0.454521
17 0.784 0.16 0.624
54 0.8 0.16 0.64
54 0.64 0.16 0.48
7 0.8 0.016 0.784
54 0.62334 0.016 0.60734
54 0.60734 0.16 0.44734
7 0.784 0.16 0.624
27 0.8 0.16 0.64
9 0.8 0.016 0.784
27 0.711956 0.016 0.695956
28 0.8 0.016 0.784
27 0.695956 0.16 0.535956
9 0.784 0.16 0.624
28 0.784 0.16 0.624
56 0.8 0.16 0.64
56 0.64 0.16 0.48
56 0.559858 0.016 0.543858
56 0.543858 0.16 0.383858
31 0.8 0.016 0.784
31 0.784 0.16 0.624
42 0.8 0.16 0.64
42 0.718003 0.016 0.702003
42 0.702003 0.16 0.542003
45 0.8 0.016 0.784
45 0.784 0.16 0.624
21 0.8 0.16 0.64
49 0.8 0.16 0.64
21 0.715192 0.016 0.699192
49 0.711672 0.016 0.695672
49 0.695672 0.16 0.535672
21 0.699192 0.16 0.539192
18 0.8 0.16 0.64
50 0.8 0.16 0.64
59 0.8 0.16 0.64
68 0.8 0.16 0.64
50 0.64 0.16 0.48
59 0.64 0.16 0.48
68 0.64 0.16 0.48
18 0.710722 0.016 0.694722
50 0.559732 0.016 0.543732
59 0.555418 0.016 0.539418
68 0.556598 0.016 0.540598
59 0.539418 0.16 0.379418
68 0.540598 0.16 0.380598
18 0.694722 0.16 0.534722
50 0.543732 0.16 0.383732
2 0.8 0.16 0.64
2 0.64 0.16 0.48
4 0.8 0.16 0.64
2 0.555216 0.016 0.539216
4 0.712845 0.016 0.696845
4 0.696845 0.16 0.536845
2 0.539216 0.16 0.379216
22 0.8 0.016 0.784
22 0.784 0.16 0.624
51 0.8 0.016 0.784
51 0.784 0.16 0.624
10 0.8 0.16 0.64
19 0.8 0.16 0.64
24 0.8 0.16 0.64
10 0.71228 0.016 0.69628
19 0.715315 0.016 0.699315
24 0.717854 0.016 0.701854
19 0.699315 0.16 0.539315
10 0.69628 0.16 0.53628
24 0.701854 0.16 0.541854
67 0.8 0.016 0.784
67 0.784 0.16 0.624
48 0.8 0.016 0.784
57 0.8 0.016 0.784
57 0.784 0.16 0.624
48 0.784 0.16 0.624
32 0.8 0.016 0.784
32 0.784 0.16 0.624
23 0.8 0.016 0.784
23 0.784 0.16 0.624
