57 1461 1.06379
56 1462 1.14928
37 1464 1.17268
43 1465 1.18622
47 1466 1.18633
30 1467 1.21025
36 1469 1.29611
16 1470 1.34778
25 1472 1.39448
26 1473 1.43014
22 1475 1.47716
13 1477 1.56377
10 1478 1.58347
27 1479 1.61818
19 1480 1.64943
18 1482 1.65516
48 1483 1.66813
24 1484 1.67354
17 1485 1.68663
8 1486 1.68951
44 1487 1.73716
60 1488 1.73855
21 1490 1.78666
35 1491 1.79935
52 1492 1.81297
45 1494 1.90922
15 1496 1.98388
55 1497 1.9968
49 1498 2.00573
4 1499 2.0266
5 1501 2.05222
50 1502 2.08861
42 1503 2.13083
32 1504 2.13925
12 1505 2.14095
33 1507 2.1713
53 1508 2.1906
2 1510 2.25234
38 1511 2.31584
29 1513 2.39365
58 1514 2.43967
6 1516 2.4553
59 1517 2.46143
3 1518 2.49977
9 1519 2.51619
39 1520 2.5346
14 1522 2.57058
23 1523 2.6321
34 1525 2.65563
40 1526 2.67589
7 1527 2.67629
54 1528 2.69704
31 1529 2.69827
20 1530 2.7262
28 1531 2.74961
46 1533 2.76341
41 1534 2.76982
51 1535 2.83468
11 1536 2.84115
1 1539 2.9784
