8 1671 1.07308
30 1672 1.11402
61 1673 1.13122
62 1675 1.1493
25 1677 1.27175
68 1678 1.29797
56 1680 1.37313
37 1681 1.39459
66 1683 1.43343
46 1684 1.45198
18 1685 1.46165
13 1686 1.52183
40 1688 1.53578
38 1689 1.57938
4 1690 1.58038
63 1691 1.59684
12 1692 1.60491
39 1694 1.63179
64 1695 1.63768
21 1696 1.63998
50 1697 1.64745
5 1698 1.64807
70 1699 1.6512
45 1700 1.66525
35 1701 1.67745
9 1702 1.70952
11 1703 1.72192
28 1704 1.72991
43 1706 1.7404
44 1707 1.77196
47 1708 1.81248
29 1710 1.83874
16 1711 1.90136
58 1713 1.97606
67 1714 2.00143
10 1715 2.02271
31 1717 2.03899
69 1718 2.06226
2 1720 2.14058
60 1721 2.17183
34 1722 2.17779
22 1724 2.23866
3 1725 2.27677
59 1726 2.28892
52 1727 2.3279
33 1729 2.34429
19 1730 2.42806
27 1732 2.45455
6 1733 2.47488
36 1734 2.48879
32 1735 2.5241
7 1737 2.56424
26 1738 2.57237
55 1739 2.57572
51 1740 2.60913
24 1741 2.61469
49 1743 2.63974
41 1744 2.64468
42 1745 2.66945
23 1746 2.67856
15 1747 2.69382
57 1749 2.7334
1 1750 2.82212
53 1752 2.84267
17 1753 2.85904
20 1754 2.88385
14 1756 2.94823
65 1757 2.97821
54 1758 2.98436
48 1759 2.99834
