37 1072 1.25333
18 1073 1.2656
36 1075 1.3268
13 1076 1.35345
12 1077 1.37304
20 1079 1.41437
11 1080 1.42958
6 1082 1.47865
7 1083 1.51135
8 1084 1.57044
5 1086 1.59603
19 1087 1.61664
33 1089 1.71045
30 1090 1.71591
10 1091 1.77106
27 1093 1.77384
14 1094 1.78266
34 1095 1.85231
32 1097 1.88744
39 1098 1.90747
22 1099 1.91131
35 1100 1.93797
26 1101 1.96889
4 1103 2.03643
31 1104 2.05352
17 1105 2.05732
15 1106 2.06799
23 1110 2.29722
24 1111 2.30863
28 1113 2.42388
25 1114 2.43409
1 1116 2.52545
38 1117 2.56454
3 1119 2.59315
2 1120 2.60313
21 1121 2.64473
16 1123 2.69061
9 1124 2.76321
40 1127 2.95534
29 1128 2.95555
