9 0.8 0.016 0.784
9 0.784 0.16 0.624
8 0.8 0.016 0.784
8 0.784 0.16 0.624
19 0.8 0.016 0.784
19 0.784 0.16 0.624
20 0.8 0.016 0.784
20 0.784 0.16 0.624
4 0.8 0.016 0.784
4 0.784 0.16 0.624
11 0.8 0.016 0.784
11 0.784 0.16 0.624
3 0.8 0.016 0.784
3 0.784 0.16 0.624
15 0.8 0.016 0.784
15 0.784 0.16 0.624
5 0.8 0.016 0.784
16 0.8 0.016 0.784
16 0.784 0.16 0.624
5 0.784 0.16 0.624
1 0.8 0.016 0.784
2 0.8 0.016 0.784
2 0.784 0.16 0.624
1 0.784 0.16 0.624
10 0.8 0.16 0.64
10 0.64 0.16 0.48
10 0.559737 0.016 0.543737
10 0.543737 0.16 0.383737
14 0.8 0.16 0.64
14 0.717438 0.016 0.701438
14 0.701438 0.16 0.541438
13 0.8 0.016 0.784
13 0.784 0.16 0.624
12 0.8 0.016 0.784
12 0.784 0.16 0.624
18 0.8 0.016 0.784
18 0.784 0.16 0.624
7 0.8 0.016 0.784
17 0.8 0.016 0.784
7 0.784 0.16 0.624
17 0.784 0.16 0.624
6 0.8 0.16 0.64
6 0.714142 0.016 0.698142
6 0.698142 0.16 0.538142
