18 0.8 0.016 0.784
18 0.784 0.16 0.624
46 0.8 0.16 0.64
46 0.715202 0.016 0.699202
46 0.699202 0.16 0.539202
38 0.8 0.016 0.784
38 0.784 0.16 0.624
45 0.8 0.016 0.784
45 0.784 0.16 0.624
20 0.8 0.16 0.64
40 0.8 0.16 0.64
20 0.717667 0.016 0.701667
40 0.714992 0.016 0.698992
40 0.698992 0.16 0.538992
20 0.701667 0.16 0.541667
4 0.8 0.16 0.64
4 0.64 0.16 0.48
4 0.553892 0.016 0.537892
4 0.537892 0.16 0.377892
27 0.8 0.016 0.784
27 0.784 0.16 0.624
14 0.8 0.016 0.784
14 0.784 0.16 0.624
33 0.8 0.016 0.784
33 0.784 0.16 0.624
19 0.8 0.016 0.784
19 0.784 0.16 0.624
21 0.8 0.016 0.784
32 0.8 0.016 0.784
32 0.784 0.16 0.624
21 0.784 0.16 0.624
9 0.8 0.16 0.64
41 0.8 0.16 0.64
41 0.64 0.16 0.48
9 0.712882 0.016 0.696882
41 0.559688 0.016 0.543688
9 0.696882 0.16 0.536882
41 0.543688 0.16 0.383688
3 0.8 0.016 0.784
3 0.784 0.16 0.624
22 0.8 0.016 0.784
22 0.784 0.16 0.624
6 0.8 0.016 0.784
6 0.784 0.16 0.624
11 0.8 0.016 0.784
11 0.784 0.16 0.624
13 0.8 0.016 0.784
13 0.784 0.16 0.624
30 0.8 0.16 0.64
30 0.718062 0.016 0.702062
30 0.702062 0.16 0.542062
16 0.8 0.16 0.64
42 0.8 0.16 0.64
16 0.716985 0.016 0.700985
26 0.8 0.016 0.784
42 0.715757 0.016 0.699757
16 0.700985 0.16 0.540985
42 0.699757 0.16 0.539757
26 0.784 0.16 0.624
37 0.8 0.16 0.64
37 0.719888 0.016 0.703888
37 0.703888 0.16 0.543888
31 0.8 0.16 0.64
31 0.718206 0.016 0.702206
31 0.702206 0.16 0.542206
39 0.8 0.16 0.64
15 0.8 0.016 0.784
24 0.8 0.016 0.784
39 0.718279 0.016 0.702279
43 0.8 0.016 0.784
50 0.8 0.016 0.784
15 0.784 0.16 0.624
39 0.702279 0.16 0.542279
43 0.784 0.16 0.624
24 0.784 0.16 0.624
50 0.784 0.16 0.624
2 0.8 0.016 0.784
2 0.784 0.16 0.624
25 0.8 0.16 0.64
12 0.8 0.016 0.784
25 0.719893 0.016 0.703893
12 0.784 0.16 0.624
25 0.703893 0.16 0.543893
5 0.8 0.16 0.64
5 0.715084 0.016 0.699084
5 0.699084 0.16 0.539084
48 0.8 0.16 0.64
48 0.718712 0.016 0.702712
48 0.702712 0.16 0.542712
28 0.8 0.16 0.64
28 0.714987 0.016 0.698987
28 0.698987 0.16 0.538987
7 0.8 0.016 0.784
7 0.784 0.16 0.624
10 0.8 0.016 0.784
17 0.8 0.016 0.784
10 0.784 0.16 0.624
17 0.784 0.16 0.624
35 0.8 0.16 0.64
35 0.719666 0.016 0.703666
35 0.703666 0.16 0.543666
1 0.8 0.16 0.64
1 0.715941 0.016 0.699941
1 0.699941 0.16 0.539941
44 0.8 0.016 0.784
44 0.784 0.16 0.624
47 0.8 0.016 0.784
49 0.8 0.016 0.784
49 0.784 0.16 0.624
47 0.784 0.16 0.624
29 0.8 0.016 0.784
36 0.8 0.016 0.784
29 0.784 0.16 0.624
36 0.784 0.16 0.624
8 0.8 0.016 0.784
8 0.784 0.16 0.624
34 0.8 0.016 0.784
34 0.784 0.16 0.624
23 0.8 0.016 0.784
23 0.784 0.16 0.624
