0 1660
0 1661
0 1662
0 1663
0 1664
0 1665
0 1666
0 1667
0 1668
0 1669
0 1670
0 1674
0 1676
0 1679
0 1682
0 1687
0 1693
40 1688
0 1705
66 1683
0 1709
0 1712
0 1716
38 1689
0 1719
0 1723
39 1694
30 1672
62 1675
0 1728
0 1731
0 1736
52 1727
0 1742
44 1707
58 1713
0 1748
0 1751
6 1733
61 1673
0 1755
13 1686
41 1744
60 1721
53 1752
0 1760
0 1761
16 1711
0 1762
70 1699
0 1763
36 1734
0 1764
20 1754
55 1739
0 1765
0 1766
5 1698
15 1747
0 1767
26 1738
0 1768
37 1681
47 1708
25 1677
46 1684
0 1769
69 1718
65 1757
35 1701
8 1671
0 1770
0 1771
0 1772
1 1750
63 1691
0 1773
11 1703
34 1722
14 1756
0 1774
43 1706
33 1729
0 1775
3 1725
64 1695
12 1692
29 1710
17 1753
0 1776
0 1777
54 1758
7 1737
0 1778
27 1732
9 1702
28 1704
0 1779
56 1680
0 1780
0 1781
0 1782
0 1783
0 1784
0 1785
0 1786
31 1717
0 1787
42 1745
0 1788
45 1700
0 1789
49 1743
21 1696
0 1790
59 1726
68 1678
18 1685
50 1697
0 1791
4 1690
2 1720
0 1792
0 1793
0 1794
22 1724
0 1795
51 1740
0 1796
19 1730
10 1715
24 1741
0 1797
0 1798
67 1714
0 1799
0 1800
57 1749
48 1759
0 1801
0 1802
0 1803
0 1804
32 1735
0 1805
23 1746
0 1806
0 1807
0 1808
0 1809
0 1810
0 1811
0 1812
0 1813
0 1814
0 1815
0 1816
0 1817
0 1818
0 1819
0 1820
0 1821
0 1822
0 1823
0 1824
0 1825
0 1826
0 1827
0 1828
0 1829
0 1830
0 1831
0 1832
0 1833
0 1834
0 1835
0 1836
0 1837
0 1838
0 1839
0 1840
0 1841
0 1842
0 1843
0 1844
0 1845
0 1846
0 1847
0 1848
0 1849
0 1850
0 1851
0 1852
0 1853
0 1854
0 1855
0 1856
0 1857
0 1858
0 1859
0 1860
0 1861
0 1862
0 1863
0 1864
0 1865
0 1866
0 1867
0 1868
0 1869
0 1870
0 1871
0 1872
0 1873
0 1874
0 1875
0 1876
0 1877
0 1878
0 1879
