0 2350
0 2351
0 2352
0 2353
0 2354
0 2355
0 2356
0 2357
0 2358
0 2359
0 2365
0 2369
0 2378
0 2386
0 2394
0 2397
0 2400
0 2408
63 2404
0 2412
49 2376
3 2387
47 2393
0 2417
0 2425
0 2429
44 2373
0 2437
0 2445
53 2442
0 2446
13 2399
48 2375
97 2431
0 2451
0 2459
100 2398
80 2426
19 2413
0 2463
81 2364
16 2401
85 2444
0 2468
20 2439
29 2360
10 2432
6 2402
38 2465
0 2477
73 2474
0 2480
21 2434
33 2450
90 2384
89 2379
0 2481
0 2482
50 2411
56 2478
0 2483
2 2475
0 2484
59 2372
99 2374
42 2389
77 2471
12 2363
30 2388
0 2485
7 2473
42 2389
0 2486
8 2390
1 2452
0 2487
17 2385
0 2488
52 2391
46 2367
96 2421
0 2489
28 2466
55 2448
51 2433
0 2490
54 2407
93 2418
0 2491
88 2472
60 2479
95 2377
36 2380
0 2492
14 2420
15 2409
98 2454
35 2430
79 2436
86 2456
0 2493
0 2494
45 2419
4 2361
0 2495
43 2470
0 2496
11 2396
39 2405
0 2497
82 2415
0 2498
83 2461
76 2416
92 2366
0 2499
87 2383
0 2500
25 2395
75 2362
0 2501
0 2502
0 2503
65 2447
0 2504
32 2414
84 2368
18 2476
0 2505
31 2423
58 2382
78 2422
71 2435
0 2506
57 2370
67 2441
0 2507
26 2455
91 2381
40 2371
0 2508
0 2509
37 2403
0 2510
70 2406
0 2511
0 2512
66 2428
0 2513
72 2392
64 2438
0 2514
9 2464
62 2457
5 2424
0 2515
0 2516
61 2440
68 2443
0 2517
0 2518
74 2469
0 2519
94 2410
23 2460
69 2458
0 2520
24 2453
41 2427
0 2521
0 2522
0 2523
27 2462
0 2524
22 2449
0 2525
0 2526
0 2527
34 2467
0 2528
0 2529
0 2530
0 2531
0 2532
0 2533
0 2534
0 2535
0 2536
0 2537
0 2538
0 2539
0 2540
0 2541
0 2542
0 2543
0 2544
0 2545
0 2546
0 2547
0 2548
0 2549
0 2550
0 2551
0 2552
0 2553
0 2554
0 2555
0 2556
0 2557
0 2558
0 2559
0 2560
0 2561
0 2562
0 2563
0 2564
0 2565
0 2566
0 2567
0 2568
0 2569
0 2570
0 2571
0 2572
0 2573
0 2574
0 2575
0 2576
0 2577
0 2578
0 2579
0 2580
0 2581
0 2582
0 2583
0 2584
0 2585
0 2586
0 2587
0 2588
0 2589
0 2590
0 2591
0 2592
0 2593
0 2594
0 2595
0 2596
0 2597
0 2598
0 2599
