29 2360 1.00616
4 2361 1.01186
75 2362 1.01618
12 2363 1.0172
81 2364 1.03432
92 2366 1.05694
46 2367 1.13255
84 2368 1.13462
57 2370 1.15283
40 2371 1.15711
59 2372 1.15877
44 2373 1.1617
99 2374 1.18928
48 2375 1.19945
49 2376 1.21493
95 2377 1.22552
89 2379 1.25295
36 2380 1.27516
91 2381 1.2808
58 2382 1.30144
87 2383 1.31445
90 2384 1.31602
17 2385 1.3292
3 2387 1.3457
30 2388 1.35363
42 2389 1.35638
8 2390 1.37093
52 2391 1.41222
72 2392 1.42079
47 2393 1.43373
25 2395 1.47078
11 2396 1.53023
100 2398 1.57743
13 2399 1.60124
16 2401 1.66224
6 2402 1.68258
37 2403 1.70758
63 2404 1.71716
39 2405 1.72189
70 2406 1.72589
54 2407 1.72853
15 2409 1.76372
94 2410 1.80435
50 2411 1.81008
19 2413 1.84288
32 2414 1.89751
82 2415 1.92178
76 2416 1.93351
93 2418 1.98017
45 2419 1.99277
14 2420 2.00633
96 2421 2.00673
78 2422 2.00805
31 2423 2.01371
5 2424 2.0193
80 2426 2.04834
41 2427 2.07396
66 2428 2.09935
35 2430 2.1771
97 2431 2.17834
10 2432 2.18419
51 2433 2.1942
21 2434 2.20502
71 2435 2.21243
79 2436 2.22392
64 2438 2.24119
20 2439 2.26098
61 2440 2.26926
67 2441 2.29159
53 2442 2.30988
68 2443 2.33416
85 2444 2.33683
65 2447 2.45525
55 2448 2.48996
22 2449 2.49235
33 2450 2.49676
1 2452 2.55974
24 2453 2.57117
98 2454 2.5936
26 2455 2.6176
86 2456 2.61857
62 2457 2.62932
69 2458 2.63108
23 2460 2.6503
83 2461 2.65471
27 2462 2.66293
9 2464 2.73948
38 2465 2.74142
28 2466 2.75348
34 2467 2.82512
74 2469 2.84458
43 2470 2.85348
77 2471 2.8636
88 2472 2.87019
7 2473 2.87143
73 2474 2.87787
2 2475 2.88782
18 2476 2.93023
56 2478 2.9413
60 2479 2.9649
