19 1087 0 100 32663356 2.0735 2.0735
7 1083 0 100 32669358 2.0735 2.0735
25 1114 0 100 32661734 2.5735 2.5735
17 1105 0 100 32646624 2.6735 2.6735
18 1073 0 100 32654864 2.7735 2.7735
35 1100 0 100 32671654 2.7735 2.7735
16 1123 0 100 32673792 2.7735 2.7735
33 1089 0 100 32662032 2.8735 2.8735
32 1097 0 100 32672972 2.9735 2.9735
23 1110 0 100 32678612 3.6735 3.6735
37 1072 0 100 32636976 3.7735 3.7735
34 1095 0 100 32675182 3.9735 3.9735
15 1106 0 100 32647500 3.9735 3.9735
5 1086 0 100 32664692 4.0735 4.0735
22 1099 0 100 32670244 4.5735 4.5735
30 1090 0 100 32647120 4.7735 4.7735
38 1117 0 100 32661516 4.7735 4.7735
31 1104 0 100 32661012 4.8735 4.8735
11 1080 0 100 32672676 4.8735 4.8735
13 1076 0 100 32651990 4.8735 4.8735
12 1077 0 100 32664712 5.3735 5.3735
14 1094 0 100 32657284 5.3735 5.3735
8 1084 0 100 32674660 5.3735 5.3735
36 1075 0 100 32642226 5.3735 5.3735
26 1101 0 100 32664948 5.5735 5.5735
24 1111 0 100 32655516 5.6735 5.6735
6 1082 0 100 32655472 5.6735 5.6735
3 1119 0 100 32657786 6.1735 6.1735
9 1124 0 100 32667156 6.1735 6.1735
28 1113 0 100 32676376 6.2735 6.2735
2 1120 0 100 32675392 6.4735 6.4735
39 1098 0 100 32658462 6.4735 6.4735
27 1093 0 100 32646548 6.5735 6.5735
29 1128 0 100 32643998 6.7735 6.7735
4 1103 0 100 32677520 6.9735 6.9735
21 1121 0 100 32654346 7.4735 7.4735
40 1127 0 100 32678240 7.9735 7.9735
