7 0.8 0.016 0.784
19 0.8 0.016 0.784
19 0.784 0.16 0.624
7 0.784 0.16 0.624
20 0.8 0.016 0.784
25 0.8 0.016 0.784
20 0.784 0.16 0.624
25 0.784 0.16 0.624
17 0.8 0.16 0.64
18 0.8 0.16 0.64
17 0.71456 0.016 0.69856
17 0.69856 0.16 0.53856
18 0.712592 0.16 0.552592
35 0.8 0.16 0.64
16 0.8 0.016 0.784
18 0.630165 0.016 0.614165
35 0.716939 0.016 0.700939
18 0.614165 0.16 0.454165
35 0.700939 0.16 0.540939
16 0.784 0.16 0.624
33 0.8 0.16 0.64
33 0.64 0.16 0.48
33 0.555096 0.016 0.539096
33 0.539096 0.16 0.379096
32 0.8 0.016 0.784
32 0.784 0.16 0.624
23 0.8 0.016 0.784
23 0.784 0.16 0.624
37 0.8 0.16 0.64
37 0.714464 0.016 0.698464
37 0.698464 0.16 0.538464
10 0.8 0.016 0.784
15 0.8 0.016 0.784
34 0.8 0.016 0.784
10 0.784 0.16 0.624
34 0.784 0.16 0.624
15 0.784 0.16 0.624
5 0.8 0.16 0.64
5 0.71093 0.016 0.69493
5 0.69493 0.16 0.53493
22 0.8 0.016 0.784
22 0.784 0.16 0.624
30 0.8 0.16 0.64
30 0.798622 0.016 0.782622
38 0.8 0.016 0.784
30 0.782622 0.16 0.622622
38 0.784 0.16 0.624
11 0.8 0.016 0.784
13 0.8 0.016 0.784
31 0.8 0.016 0.784
31 0.784 0.16 0.624
11 0.784 0.16 0.624
13 0.784 0.16 0.624
8 0.8 0.016 0.784
12 0.8 0.016 0.784
14 0.8 0.016 0.784
36 0.8 0.016 0.784
12 0.784 0.16 0.624
14 0.784 0.16 0.624
8 0.784 0.16 0.624
36 0.784 0.16 0.624
26 0.8 0.016 0.784
26 0.784 0.16 0.624
6 0.8 0.16 0.64
24 0.8 0.16 0.64
6 0.710676 0.016 0.694676
24 0.718632 0.016 0.702632
24 0.702632 0.16 0.542632
6 0.694676 0.16 0.534676
3 0.8 0.016 0.784
9 0.8 0.016 0.784
3 0.784 0.16 0.624
9 0.784 0.16 0.624
28 0.8 0.16 0.64
28 0.64 0.16 0.48
28 0.555124 0.016 0.539124
28 0.539124 0.16 0.379124
2 0.8 0.016 0.784
39 0.8 0.016 0.784
2 0.784 0.16 0.624
39 0.784 0.16 0.624
1 0.8 0.16 0.64
27 0.8 0.16 0.64
27 0.64 0.16 0.48
1 0.716092 0.016 0.700092
27 0.553629 0.016 0.537629
1 0.700092 0.16 0.540092
27 0.537629 0.16 0.377629
29 0.8 0.016 0.784
29 0.784 0.16 0.624
4 0.8 0.016 0.784
4 0.784 0.16 0.624
21 0.8 0.016 0.784
21 0.784 0.16 0.624
40 0.8 0.016 0.784
40 0.784 0.16 0.624
