0 1880
0 1881
0 1882
0 1883
0 1884
0 1885
0 1886
0 1887
0 1888
0 1889
0 1892
0 1900
0 1904
0 1911
0 1916
0 1920
28 1893
0 1921
0 1926
0 1931
80 1925
0 1938
75 1899
0 1943
44 1937
0 1947
26 1945
54 1891
0 1952
46 1946
29 1897
0 1954
0 1961
19 1959
0 1966
0 1973
49 1969
1 1905
0 1975
15 1890
0 1981
0 1986
55 1934
50 1940
0 1990
78 1902
18 1939
51 1956
60 1987
0 1991
64 1985
0 1992
10 1971
0 1993
33 1908
21 1928
6 1989
57 1942
0 1994
0 1995
13 1909
20 1923
62 1941
0 1996
0 1997
22 1972
17 1907
0 1998
4 1955
14 1964
0 1999
9 1927
30 1948
69 1906
42 1982
71 1898
0 2000
58 1903
0 2001
0 2002
31 1951
0 2003
59 1936
0 2004
0 2005
52 1917
73 1967
0 2006
24 1914
47 1960
48 1913
72 1957
66 1976
0 2007
23 1910
12 1935
0 2008
16 1901
0 2009
79 1895
0 2010
8 1929
7 1944
0 2011
0 2012
0 2013
0 2014
5 1922
0 2015
43 1918
53 1912
0 2016
61 1915
27 1963
0 2017
0 2018
2 1894
0 2019
0 2020
76 1977
40 1984
0 2021
45 1968
25 1896
0 2022
0 2023
70 1962
68 1919
37 1924
0 2024
41 1949
0 2025
11 1932
32 1958
0 2026
39 1933
63 1974
3 1965
0 2027
36 1930
0 2028
74 1970
38 1953
0 2029
77 1950
0 2030
56 1978
35 1983
0 2031
0 2032
0 2033
0 2034
0 2035
34 1979
0 2036
0 2037
0 2038
65 1988
67 1980
0 2039
0 2040
0 2041
0 2042
0 2043
0 2044
0 2045
0 2046
0 2047
0 2048
0 2049
0 2050
0 2051
0 2052
0 2053
0 2054
0 2055
0 2056
0 2057
0 2058
0 2059
0 2060
0 2061
0 2062
0 2063
0 2064
0 2065
0 2066
0 2067
0 2068
0 2069
0 2070
0 2071
0 2072
0 2073
0 2074
0 2075
0 2076
0 2077
0 2078
0 2079
0 2080
0 2081
0 2082
0 2083
0 2084
0 2085
0 2086
0 2087
0 2088
0 2089
0 2090
0 2091
0 2092
0 2093
0 2094
0 2095
0 2096
0 2097
0 2098
0 2099
0 2100
0 2101
0 2102
0 2103
0 2104
0 2105
0 2106
0 2107
0 2108
0 2109
