18 1275 0 100 32654768 1.46917 1.46917
46 1263 0 100 32666418 1.56917 1.56917
38 1260 0 100 32656152 1.76917 1.76917
45 1297 0 100 32676600 2.06917 2.06917
40 1267 0 100 32668084 2.16917 2.16917
20 1291 0 100 32631680 2.16917 2.16917
4 1295 0 100 32640898 2.26917 2.26917
27 1281 0 100 32669324 2.36917 2.36917
14 1307 0 100 32644974 2.46917 2.46917
33 1286 0 100 32676898 2.56917 2.56917
19 1314 0 100 32674180 2.66917 2.66917
32 1280 0 100 32670462 2.86917 2.86917
21 1299 0 100 32664284 2.86917 2.86917
9 1269 0 100 32674532 2.96917 2.96917
41 1312 0 100 32664412 2.96917 2.96917
3 1313 0 100 32645838 3.16917 3.16917
22 1283 0 100 32651018 3.36917 3.36917
6 1272 0 100 32677738 3.56917 3.56917
11 1322 0 100 32641974 3.76917 3.76917
13 1268 0 100 32664298 3.96917 3.96917
30 1316 0 100 32666396 4.06917 4.06917
16 1301 0 100 32669442 4.16917 4.16917
42 1306 0 100 32667158 4.16917 4.16917
26 1270 0 100 32667636 4.16917 4.16917
37 1278 0 100 32663226 4.26917 4.26917
31 1321 0 100 32636468 4.36917 4.36917
15 1294 0 100 32676614 4.46917 4.46917
39 1303 0 100 32654458 4.46917 4.46917
43 1274 0 100 32655914 4.46917 4.46917
50 1279 0 100 32660468 4.46917 4.46917
2 1288 0 100 32655334 4.66917 4.66917
12 1326 0 100 32678914 4.76917 4.76917
25 1302 0 100 32656202 4.76917 4.76917
5 1261 0 100 32679902 4.86917 4.86917
48 1262 0 100 32659188 4.96917 4.96917
28 1264 0 100 32659424 5.06917 5.06917
7 1329 0 100 32652798 5.36917 5.36917
10 1285 0 100 32667304 5.56917 5.56917
17 1273 0 100 32680794 5.56917 5.56917
35 1320 0 100 32648232 5.66917 5.66917
1 1296 0 100 32644474 5.76917 5.76917
44 1309 0 100 32650088 5.96917 5.96917
49 1277 0 100 32666356 6.06917 6.06917
47 1328 0 100 32666910 6.06917 6.06917
29 1289 0 100 32665268 6.26917 6.26917
36 1325 0 100 32662766 6.26917 6.26917
8 1310 0 100 32674636 6.76917 6.76917
34 1318 0 100 32662266 7.16917 7.16917
23 1323 0 100 32655802 7.86917 7.86917
