0 2110
0 2111
0 2112
0 2113
0 2114
0 2115
0 2116
0 2117
0 2118
0 2119
0 2125
0 2129
0 2135
6 2131
0 2139
0 2143
0 2148
0 2154
12 2140
0 2158
76 2155
0 2162
0 2170
0 2175
30 2151
0 2180
57 2145
4 2122
0 2183
32 2171
0 2188
0 2192
0 2204
0 2212
46 2189
0 2217
87 2172
27 2142
0 2221
26 2191
0 2228
89 2152
47 2168
55 2124
38 2167
28 2150
0 2230
53 2126
1 2146
0 2231
5 2211
0 2232
52 2219
0 2233
35 2195
67 2137
0 2234
0 2235
18 2179
73 2225
86 2186
74 2161
82 2169
0 2236
13 2220
75 2134
74 2161
0 2237
7 2210
0 2238
48 2127
0 2239
40 2120
83 2209
24 2141
59 2213
0 2240
61 2176
15 2207
79 2132
0 2241
0 2242
2 2198
85 2121
43 2197
0 2243
88 2157
90 2123
0 2244
36 2130
10 2153
58 2160
0 2245
54 2203
3 2222
0 2246
44 2166
0 2247
68 2159
14 2226
0 2248
21 2163
78 2149
17 2144
0 2249
0 2250
81 2181
0 2251
0 2252
11 2215
0 2253
72 2164
0 2254
23 2173
66 2133
0 2255
51 2216
33 2136
45 2196
0 2256
42 2177
19 2156
80 2193
0 2257
34 2185
0 2258
50 2138
0 2259
0 2260
41 2229
39 2208
0 2261
16 2202
60 2128
65 2187
0 2262
37 2178
0 2263
62 2218
0 2264
49 2206
63 2227
22 2201
0 2265
20 2174
70 2190
0 2266
8 2147
9 2205
64 2223
0 2267
0 2268
56 2182
29 2200
0 2269
71 2194
0 2270
69 2214
31 2165
0 2271
0 2272
0 2273
25 2199
77 2184
0 2274
0 2275
0 2276
0 2277
0 2278
0 2279
0 2280
84 2224
0 2281
0 2282
0 2283
0 2284
0 2285
0 2286
0 2287
0 2288
0 2289
0 2290
0 2291
0 2292
0 2293
0 2294
0 2295
0 2296
0 2297
0 2298
0 2299
0 2300
0 2301
0 2302
0 2303
0 2304
0 2305
0 2306
0 2307
0 2308
0 2309
0 2310
0 2311
0 2312
0 2313
0 2314
0 2315
0 2316
0 2317
0 2318
0 2319
0 2320
0 2321
0 2322
0 2323
0 2324
0 2325
0 2326
0 2327
0 2328
0 2329
0 2330
0 2331
0 2332
0 2333
0 2334
0 2335
0 2336
0 2337
0 2338
0 2339
0 2340
0 2341
0 2342
0 2343
0 2344
0 2345
0 2346
0 2347
0 2348
0 2349
