28 1893 0 100 32671884 1.53285 1.53285
80 1925 0 100 32645938 1.83285 1.83285
75 1899 0 100 32661890 1.93285 1.93285
44 1937 0 100 32633058 2.03285 2.03285
26 1945 0 100 32627640 2.13285 2.13285
54 1891 0 100 32651916 2.13285 2.13285
46 1946 0 100 32663856 2.23285 2.23285
29 1897 0 100 32642302 2.23285 2.23285
19 1959 0 100 32651548 2.43285 2.43285
49 1969 0 100 32640838 2.63285 2.63285
1 1905 0 100 32652544 2.63285 2.63285
15 1890 0 100 32671476 2.73285 2.73285
55 1934 0 100 32667906 2.93285 2.93285
50 1940 0 100 32655514 2.93285 2.93285
78 1902 0 100 32668230 3.03285 3.03285
18 1939 0 100 32658678 3.03285 3.03285
60 1987 0 100 32668022 3.03285 3.03285
64 1985 0 100 32656648 3.13285 3.13285
10 1971 0 100 32681600 3.23285 3.23285
33 1908 0 100 32656962 3.33285 3.33285
21 1928 0 100 32649580 3.33285 3.33285
57 1942 0 100 32643282 3.33285 3.33285
20 1923 0 100 32650826 3.53285 3.53285
62 1941 0 100 32662108 3.53285 3.53285
22 1972 0 100 32651448 3.73285 3.73285
17 1907 0 100 32679794 3.73285 3.73285
4 1955 0 100 32652270 3.83285 3.83285
14 1964 0 100 32682846 3.83285 3.83285
9 1927 0 100 32660922 3.93285 3.93285
69 1906 0 100 32679820 3.93285 3.93285
71 1898 0 100 32669468 3.93285 3.93285
58 1903 0 100 32672592 4.03285 4.03285
31 1951 0 100 32646486 4.23285 4.23285
59 1936 0 100 32657370 4.33285 4.33285
52 1917 0 100 32658042 4.53285 4.53285
73 1967 0 100 32676360 4.53285 4.53285
72 1957 0 100 32677804 4.63285 4.63285
66 1976 0 100 32677344 4.63285 4.63285
23 1910 0 100 32656640 4.73285 4.73285
12 1935 0 100 32638818 4.73285 4.73285
16 1901 0 100 32646860 4.83285 4.83285
79 1895 0 100 32652904 4.93285 4.93285
8 1929 0 100 32642952 5.03285 5.03285
7 1944 0 100 32645294 5.03285 5.03285
5 1922 0 100 32677630 5.43285 5.43285
53 1912 0 100 32661656 5.53285 5.53285
61 1915 0 100 32676872 5.63285 5.63285
27 1963 0 100 32652760 5.63285 5.63285
2 1894 0 100 32658514 5.83285 5.83285
76 1977 0 100 32659068 6.03285 6.03285
40 1984 0 100 32626822 6.03285 6.03285
45 1968 0 100 32652098 6.13285 6.13285
25 1896 0 100 32654692 6.13285 6.13285
70 1962 0 100 32656548 6.33285 6.33285
68 1919 0 100 32664648 6.33285 6.33285
37 1924 0 100 32646492 6.33285 6.33285
41 1949 0 100 32653368 6.43285 6.43285
11 1932 0 100 32648058 6.53285 6.53285
32 1958 0 100 32671820 6.53285 6.53285
39 1933 0 100 32665504 6.63285 6.63285
63 1974 0 100 32647372 6.63285 6.63285
3 1965 0 100 32669026 6.63285 6.63285
36 1930 0 100 32634726 6.73285 6.73285
74 1970 0 100 32629234 6.83285 6.83285
38 1953 0 100 32680906 6.83285 6.83285
77 1950 0 100 32658300 6.93285 6.93285
56 1978 0 100 32670982 7.03285 7.03285
35 1983 0 100 32647148 7.03285 7.03285
34 1979 0 100 32657856 7.53285 7.53285
65 1988 0 100 32637048 7.83285 7.83285
67 1980 0 100 32678250 7.83285 7.83285
