36 0.8 0.016 0.784
36 0.784 0.16 0.624
13 0.8 0.016 0.784
13 0.784 0.16 0.624
49 0.8 0.016 0.784
49 0.784 0.16 0.624
10 0.8 0.016 0.784
10 0.784 0.16 0.624
16 0.8 0.16 0.64
16 0.715149 0.016 0.699149
16 0.699149 0.16 0.539149
58 0.8 0.016 0.784
60 0.8 0.016 0.784
60 0.784 0.16 0.624
58 0.784 0.16 0.624
15 0.8 0.016 0.784
15 0.784 0.16 0.624
19 0.8 0.016 0.784
19 0.784 0.16 0.624
34 0.8 0.16 0.64
57 0.8 0.16 0.64
33 0.8 0.016 0.784
34 0.717888 0.016 0.701888
38 0.8 0.016 0.784
57 0.714115 0.016 0.698115
38 0.784 0.16 0.624
33 0.784 0.16 0.624
34 0.701888 0.16 0.541888
57 0.698115 0.16 0.538115
37 0.8 0.016 0.784
59 0.8 0.016 0.784
59 0.784 0.16 0.624
37 0.784 0.16 0.624
24 0.8 0.16 0.64
24 0.64 0.16 0.48
26 0.8 0.16 0.64
48 0.8 0.16 0.64
24 0.551401 0.016 0.535401
26 0.714434 0.016 0.698434
48 0.711558 0.016 0.695558
48 0.695558 0.16 0.535558
24 0.535401 0.16 0.375401
26 0.698434 0.16 0.538434
17 0.8 0.16 0.64
17 0.64 0.16 0.48
17 0.557975 0.016 0.541975
17 0.541975 0.16 0.381975
25 0.8 0.16 0.64
25 0.712609 0.016 0.696609
25 0.696609 0.16 0.536609
31 0.8 0.016 0.784
31 0.784 0.16 0.624
45 0.8 0.016 0.784
45 0.784 0.16 0.624
6 0.8 0.16 0.64
21 0.8 0.16 0.64
43 0.8 0.16 0.64
51 0.8 0.16 0.64
55 0.8 0.16 0.64
6 0.711362 0.016 0.695362
21 0.719157 0.016 0.703157
43 0.711027 0.016 0.695027
51 0.714446 0.016 0.698446
55 0.71354 0.016 0.69754
51 0.698446 0.16 0.538446
55 0.69754 0.16 0.53754
21 0.703157 0.16 0.543157
43 0.695027 0.16 0.535027
6 0.695362 0.16 0.535362
30 0.8 0.016 0.784
47 0.8 0.016 0.784
47 0.784 0.16 0.624
30 0.784 0.16 0.624
22 0.8 0.16 0.64
22 0.71525 0.016 0.69925
22 0.69925 0.16 0.53925
28 0.8 0.16 0.64
54 0.8 0.16 0.64
28 0.712932 0.016 0.696932
54 0.716118 0.016 0.700118
54 0.700118 0.16 0.540118
28 0.696932 0.16 0.536932
5 0.8 0.16 0.64
5 0.64 0.16 0.48
5 0.553653 0.016 0.537653
5 0.537653 0.16 0.377653
29 0.8 0.016 0.784
52 0.8 0.016 0.784
29 0.784 0.16 0.624
52 0.784 0.16 0.624
44 0.8 0.016 0.784
44 0.784 0.16 0.624
11 0.8 0.016 0.784
11 0.784 0.16 0.624
8 0.8 0.16 0.64
8 0.713761 0.016 0.697761
8 0.697761 0.16 0.537761
18 0.8 0.16 0.64
56 0.8 0.16 0.64
18 0.714291 0.016 0.698291
56 0.717718 0.016 0.701718
56 0.701718 0.16 0.541718
18 0.698291 0.16 0.538291
46 0.8 0.16 0.64
46 0.64 0.16 0.48
35 0.8 0.016 0.784
46 0.555538 0.016 0.539538
35 0.784 0.16 0.624
46 0.539538 0.16 0.379538
53 0.8 0.016 0.784
53 0.784 0.16 0.624
1 0.8 0.16 0.64
12 0.8 0.16 0.64
1 0.711863 0.016 0.695863
12 0.712972 0.016 0.696972
12 0.696972 0.16 0.536972
1 0.695863 0.16 0.535863
27 0.8 0.016 0.784
27 0.784 0.16 0.624
20 0.8 0.016 0.784
42 0.8 0.016 0.784
42 0.784 0.16 0.624
20 0.784 0.16 0.624
50 0.8 0.16 0.64
50 0.64 0.16 0.48
50 0.550686 0.016 0.534686
50 0.534686 0.16 0.374686
32 0.8 0.016 0.784
39 0.8 0.016 0.784
40 0.8 0.016 0.784
32 0.784 0.16 0.624
39 0.784 0.16 0.624
40 0.784 0.16 0.624
41 0.8 0.16 0.64
41 0.710497 0.016 0.694497
41 0.694497 0.16 0.534497
2 0.8 0.16 0.64
2 0.712642 0.016 0.696642
2 0.696642 0.16 0.536642
4 0.8 0.016 0.784
14 0.8 0.016 0.784
4 0.784 0.16 0.624
14 0.784 0.16 0.624
3 0.8 0.016 0.784
3 0.784 0.16 0.624
9 0.8 0.016 0.784
23 0.8 0.016 0.784
9 0.784 0.16 0.624
23 0.784 0.16 0.624
7 0.8 0.16 0.64
7 0.710782 0.016 0.694782
7 0.694782 0.16 0.534782
