31 280 1.02362
33 281 1.04447
73 282 1.05057
43 283 1.09986
51 284 1.15535
40 285 1.17551
68 286 1.19015
46 287 1.20147
69 288 1.21843
44 289 1.23289
80 290 1.23829
57 291 1.26539
32 292 1.28631
60 293 1.3388
55 294 1.4074
52 295 1.45717
66 296 1.47261
37 297 1.49659
76 298 1.53198
59 299 1.55336
10 300 1.55978
35 301 1.59442
74 302 1.64185
14 303 1.66569
64 304 1.66916
15 305 1.67632
38 306 1.69882
6 307 1.70142
27 308 1.71541
30 309 1.79553
28 310 1.79894
53 311 1.8097
17 312 1.81254
41 313 1.86087
49 314 1.86211
24 315 1.89593
8 316 1.94685
4 317 1.96033
71 318 1.9845
63 319 1.9886
16 320 2.01273
19 321 2.05638
54 322 2.09997
42 323 2.12219
45 324 2.19157
79 325 2.26661
26 326 2.27717
48 327 2.29267
72 328 2.29688
12 329 2.301
78 330 2.32225
3 331 2.35178
2 332 2.35581
13 333 2.3717
65 334 2.39983
1 335 2.47307
50 336 2.48248
18 337 2.48425
5 338 2.49028
62 339 2.53119
7 340 2.54698
23 341 2.54829
20 342 2.56287
75 343 2.60585
9 344 2.61501
22 345 2.62809
11 346 2.63454
47 347 2.66446
70 348 2.67407
21 349 2.72673
61 350 2.7949
67 351 2.79492
56 352 2.80377
58 353 2.80766
25 354 2.82962
36 355 2.88263
77 356 2.94753
34 357 2.95759
29 358 2.97965
39 359 2.98664
