3 360 1.00324
52 361 1.03614
42 362 1.0482
90 363 1.2335
57 364 1.33886
79 365 1.35528
27 366 1.36014
10 367 1.36158
54 368 1.3731
26 369 1.3763
45 370 1.40672
59 371 1.41309
84 372 1.4206
74 373 1.53676
71 374 1.56778
72 375 1.58758
56 376 1.63509
13 377 1.64474
70 378 1.70816
76 379 1.71179
36 380 1.71304
21 381 1.71791
29 382 1.7244
60 383 1.73732
6 384 1.80988
81 385 1.8278
18 386 1.84955
4 387 1.86399
23 388 1.86525
8 389 1.87913
85 390 1.91764
64 391 1.92781
58 392 1.92928
68 393 1.9468
35 394 1.953
30 395 1.95943
28 396 1.98341
11 397 2.01064
14 398 2.01352
12 399 2.06362
19 400 2.06498
7 401 2.08163
33 402 2.11362
17 403 2.11549
66 404 2.12797
34 405 2.12989
83 406 2.14832
48 407 2.16599
73 408 2.19453
88 409 2.19462
16 410 2.21966
86 411 2.22552
5 412 2.23298
46 413 2.23409
49 414 2.24633
77 415 2.26519
75 416 2.27369
80 417 2.28479
43 418 2.33493
51 419 2.3374
25 420 2.34734
47 421 2.34899
24 422 2.34976
87 423 2.39397
62 424 2.43655
20 425 2.45857
32 426 2.46578
50 427 2.48329
1 428 2.51201
82 429 2.55117
67 430 2.56217
78 431 2.5624
69 432 2.58357
65 433 2.59872
61 434 2.60811
63 435 2.63476
15 436 2.65148
39 437 2.66862
38 438 2.72004
40 439 2.72859
37 440 2.73606
89 441 2.76737
44 442 2.82118
55 443 2.86761
2 444 2.89433
22 445 2.95999
41 446 2.96512
9 447 2.97403
31 448 2.98567
53 449 2.98691
