3 360
52 361
42 362
90 363
57 364
79 365
27 366
10 367
54 368
26 369
45 370
59 371
84 372
74 373
71 374
72 375
56 376
13 377
70 378
76 379
36 380
21 381
29 382
60 383
6 384
81 385
18 386
4 387
23 388
8 389
85 390
64 391
58 392
68 393
35 394
30 395
28 396
11 397
14 398
12 399
19 400
7 401
33 402
17 403
66 404
34 405
83 406
48 407
73 408
88 409
16 410
86 411
5 412
46 413
49 414
77 415
75 416
80 417
43 418
51 419
25 420
47 421
24 422
87 423
62 424
20 425
32 426
50 427
1 428
82 429
67 430
78 431
69 432
65 433
61 434
63 435
15 436
39 437
38 438
40 439
37 440
89 441
44 442
55 443
2 444
22 445
41 446
9 447
31 448
53 449
