62 450 1.02205
69 451 1.03266
24 452 1.03396
44 453 1.08833
40 454 1.0975
53 455 1.14898
28 456 1.15007
29 457 1.16459
90 458 1.17458
95 459 1.18107
99 460 1.22151
100 461 1.22167
13 462 1.22792
38 463 1.23435
73 464 1.30033
25 465 1.30757
46 466 1.31492
85 467 1.32461
21 468 1.3638
74 469 1.44706
61 470 1.45476
14 471 1.46351
45 472 1.48924
19 473 1.517
83 474 1.51719
12 475 1.54101
4 476 1.55737
72 477 1.57634
84 478 1.59284
98 479 1.59861
36 480 1.62295
66 481 1.65686
89 482 1.66674
97 483 1.68877
67 484 1.69972
47 485 1.7127
80 486 1.71644
27 487 1.7838
96 488 1.78887
55 489 1.8068
68 490 1.81416
5 491 1.82202
59 492 1.83642
50 493 1.88225
57 494 1.92699
22 495 1.94488
52 496 1.95931
82 497 1.96104
65 498 1.98451
43 499 2.03127
49 500 2.03477
9 501 2.04897
1 502 2.06759
58 503 2.07109
51 504 2.0723
11 505 2.08405
78 506 2.17737
33 507 2.18837
71 508 2.18868
18 509 2.19437
42 510 2.22526
31 511 2.24292
20 512 2.27489
60 513 2.27877
77 514 2.29487
63 515 2.30397
15 516 2.31981
88 517 2.35102
3 518 2.35427
56 519 2.36044
48 520 2.43427
76 521 2.43806
94 522 2.44449
64 523 2.45137
93 524 2.45419
75 525 2.52323
16 526 2.56351
79 527 2.57315
26 528 2.58112
54 529 2.5877
86 530 2.60004
17 531 2.73241
6 532 2.74266
81 533 2.75466
32 534 2.75477
7 535 2.7601
39 536 2.77369
10 537 2.78612
2 538 2.81381
37 539 2.81925
70 540 2.82986
23 541 2.84113
92 542 2.84298
34 543 2.87379
87 544 2.89596
30 545 2.9242
41 546 2.95282
91 547 2.96675
8 548 2.97244
35 549 2.98204
