31 280
33 281
73 282
43 283
51 284
40 285
68 286
46 287
69 288
44 289
80 290
57 291
32 292
60 293
55 294
52 295
66 296
37 297
76 298
59 299
10 300
35 301
74 302
14 303
64 304
15 305
38 306
6 307
27 308
30 309
28 310
53 311
17 312
41 313
49 314
24 315
8 316
4 317
71 318
63 319
16 320
19 321
54 322
42 323
45 324
79 325
26 326
48 327
72 328
12 329
78 330
3 331
2 332
13 333
65 334
1 335
50 336
18 337
5 338
62 339
7 340
23 341
20 342
75 343
9 344
22 345
11 346
47 347
70 348
21 349
61 350
67 351
56 352
58 353
25 354
36 355
77 356
34 357
29 358
39 359
