8 100 1.04118
6 101 1.15376
5 102 1.21592
30 103 1.22941
29 104 1.26658
31 105 1.27072
1 106 1.29808
13 107 1.3906
39 108 1.39967
23 109 1.43812
14 110 1.44586
36 111 1.46076
40 112 1.51386
9 113 1.52268
44 114 1.54245
20 115 1.54459
12 116 1.57486
33 117 1.58466
4 118 1.58606
48 119 1.58822
22 120 1.66312
7 121 1.68777
10 122 1.75309
11 123 1.7925
17 124 1.84921
37 125 1.94033
25 126 1.98513
46 127 2.00548
24 128 2.05356
38 129 2.07888
49 130 2.11458
16 131 2.11757
50 132 2.15318
28 133 2.16024
19 134 2.24836
45 135 2.30942
18 136 2.36052
3 137 2.39915
27 138 2.42738
32 139 2.42922
35 140 2.46979
42 141 2.48881
15 142 2.59683
41 143 2.60463
34 144 2.7181
21 145 2.75208
26 146 2.77946
2 147 2.80118
47 148 2.83715
43 149 2.95703
