0 3710
0 3711
0 3712
0 3713
0 3714
0 3715
0 3716
0 3717
0 3718
0 3719
0 3720
0 3723
0 3728
0 3734
0 3740
4 3724
0 3746
50 3737
0 3748
0 3751
0 3754
10 3730
6 3735
0 3759
0 3764
35 3736
0 3768
23 3749
0 3770
9 3727
39 3743
42 3741
0 3775
70 3761
55 3742
0 3779
59 3776
12 3721
0 3782
0 3785
68 3738
21 3784
8 3756
63 3745
0 3790
0 3795
0 3804
28 3802
27 3733
57 3798
64 3786
30 3801
0 3810
0 3811
53 3799
0 3812
18 3731
66 3781
47 3777
0 3813
0 3814
22 3755
0 3815
0 3816
58 3800
0 3817
17 3722
69 3788
54 3758
0 3818
0 3819
44 3767
51 3744
5 3760
0 3820
61 3750
67 3726
46 3757
0 3821
45 3772
0 3822
34 3762
0 3823
16 3783
0 3824
0 3825
11 3778
43 3791
0 3826
13 3732
3 3739
0 3827
0 3828
0 3829
65 3773
0 3830
0 3831
52 3765
0 3832
0 3833
0 3834
15 3752
26 3806
0 3835
0 3836
0 3837
31 3794
0 3838
41 3808
38 3787
33 3747
0 3839
29 3792
0 3840
0 3841
25 3780
36 3769
0 3842
0 3843
24 3807
2 3725
37 3753
32 3729
0 3844
20 3763
0 3845
1 3774
0 3846
56 3766
0 3847
0 3848
0 3849
0 3850
0 3851
48 3797
14 3789
0 3852
7 3803
0 3853
49 3771
0 3854
0 3855
0 3856
40 3796
0 3857
0 3858
0 3859
19 3793
0 3860
60 3805
62 3809
0 3861
0 3862
0 3863
0 3864
0 3865
0 3866
0 3867
0 3868
0 3869
0 3870
0 3871
0 3872
0 3873
0 3874
0 3875
0 3876
0 3877
0 3878
0 3879
0 3880
0 3881
0 3882
0 3883
0 3884
0 3885
0 3886
0 3887
0 3888
0 3889
0 3890
0 3891
0 3892
0 3893
0 3894
0 3895
0 3896
0 3897
0 3898
0 3899
0 3900
0 3901
0 3902
0 3903
0 3904
0 3905
0 3906
0 3907
0 3908
0 3909
0 3910
0 3911
0 3912
0 3913
0 3914
0 3915
0 3916
0 3917
0 3918
0 3919
0 3920
0 3921
0 3922
0 3923
0 3924
0 3925
0 3926
0 3927
0 3928
0 3929
