46 4425 0 100 88852176 1.34218 1.34218
59 4429 0 100 154257512 1.34218 1.34218
29 4455 0 100 88866640 1.74218 1.74218
20 4450 0 100 121528094 1.94218 1.94218
22 4463 0 100 154280184 2.04218 2.04218
16 4444 0 100 154246224 2.14218 2.14218
96 4426 0 100 154272416 2.14218 2.14218
35 4452 0 100 154280368 2.24218 2.24218
28 4424 0 100 121536284 2.34218 2.34218
27 4448 0 100 154250728 2.44218 2.44218
15 4497 0 100 88864372 2.54218 2.54218
2 4411 0 100 154263024 2.54218 2.54218
25 4496 0 100 154286448 2.54218 2.54218
73 4433 0 100 154300320 2.54218 2.54218
98 4477 0 100 88874440 2.64218 2.64218
50 4493 0 100 121537358 2.74218 2.74218
63 4468 0 100 121559576 2.74218 2.74218
95 4512 0 100 121567688 2.74218 2.74218
17 4508 0 100 121562324 2.94218 2.94218
51 4498 0 100 154268576 3.04218 3.04218
81 4516 0 100 121534670 3.14218 3.14218
32 4513 0 100 121567118 3.14218 3.14218
56 4422 0 100 154282920 3.14218 3.14218
68 4454 0 100 88870820 3.24218 3.24218
85 4490 0 100 88872440 3.24218 3.24218
54 4470 0 100 88873424 3.24218 3.24218
78 4414 0 100 121533866 3.34218 3.34218
18 4443 0 100 121531388 3.44218 3.44218
9 4437 0 100 121540358 3.44218 3.44218
83 4445 0 100 121551206 3.44218 3.44218
92 4473 0 100 121562396 3.44218 3.44218
65 4415 0 100 88864844 3.54218 3.54218
82 4413 0 100 121558718 3.54218 3.54218
5 4459 0 100 154301104 3.54218 3.54218
31 4475 0 100 56199236 3.64218 3.64218
80 4499 0 100 121534496 3.64218 3.64218
88 4410 0 100 121554152 3.64218 3.64218
24 4447 0 100 88872192 3.74218 3.74218
75 4457 0 100 88874320 3.84218 3.84218
3 4509 0 100 121554218 3.84218 3.84218
11 4510 0 116 156889752 3.84218 3.84218
67 4525 0 100 121542752 3.94218 3.94218
58 4419 0 100 121548650 3.94218 3.94218
71 4481 0 100 154298816 3.94218 3.94218
93 4528 0 100 88863720 4.04218 4.04218
69 4500 0 100 88872628 4.04218 4.04218
66 4431 0 100 121573208 4.14218 4.14218
49 4438 0 100 154267512 4.14218 4.14218
36 4458 0 100 88859088 4.24218 4.24218
91 4423 0 100 121550006 4.34218 4.34218
23 4474 0 100 121574762 4.34218 4.34218
94 4527 0 100 154293192 4.34218 4.34218
1 4476 0 100 56208084 4.44218 4.44218
40 4460 0 100 121534946 4.44218 4.44218
33 4469 0 100 88856208 4.54218 4.54218
74 4521 0 100 154286936 4.54218 4.54218
45 4418 0 100 88868696 4.64218 4.64218
37 4451 0 100 121572380 4.64218 4.64218
7 4504 0 100 121572626 4.64218 4.64218
61 4439 0 100 154268680 4.64218 4.64218
72 4417 0 100 154276752 4.64218 4.64218
89 4503 0 100 121545698 4.74218 4.74218
19 4518 0 100 154269240 4.74218 4.74218
48 4430 0 100 121559360 4.94218 4.94218
64 4421 0 100 121568198 5.04218 5.04218
21 4464 0 100 154243768 5.04218 5.04218
99 4506 0 100 154253800 5.04218 5.04218
79 4488 0 100 154261080 5.34218 5.34218
42 4515 0 100 56201800 5.54218 5.54218
70 4462 0 100 88851164 5.54218 5.54218
26 4480 0 100 88869744 5.54218 5.54218
87 4436 0 100 154266672 5.54218 5.54218
97 4420 0 100 154281504 5.84218 5.84218
43 4465 0 100 88873064 5.94218 5.94218
60 4487 0 100 121559786 5.94218 5.94218
12 4453 0 100 121565306 5.94218 5.94218
10 4484 0 100 88866296 6.04218 6.04218
84 4441 0 100 121532942 6.04218 6.04218
4 4507 0 100 154304552 6.04218 6.04218
44 4449 0 100 88862064 6.14218 6.14218
100 4519 0 100 154301448 6.14218 6.14218
8 4472 0 100 121533560 6.44218 6.44218
55 4502 0 100 121568768 6.44218 6.44218
14 4442 0 100 154268032 6.44218 6.44218
38 4466 0 100 121565978 6.54218 6.54218
62 4522 0 100 121535126 6.64218 6.64218
13 4523 0 100 121573982 6.74218 6.74218
6 4514 0 100 56200406 6.94218 6.94218
76 4486 0 100 88874804 6.94218 6.94218
57 4492 0 100 154305720 6.94218 6.94218
77 4495 0 100 88850956 7.14218 7.14218
30 4479 0 100 121533926 7.14218 7.14218
34 4482 0 100 56204514 7.24218 7.24218
52 4485 0 100 56206818 7.24218 7.24218
86 4505 0 100 154274808 7.24218 7.24218
39 4491 0 100 88864972 7.34218 7.34218
41 4529 0 100 88859288 7.64218 7.64218
47 4524 0 100 121545740 7.64218 7.64218
