18 0.8 0.016 0.784
18 0.784 0.16 0.624
11 0.8 0.016 0.784
11 0.784 0.16 0.624
31 0.8 0.016 0.784
31 0.784 0.16 0.624
60 0.8 0.16 0.64
30 0.8 0.016 0.784
60 0.714514 0.016 0.698514
30 0.784 0.16 0.624
60 0.698514 0.16 0.538514
36 0.8 0.016 0.784
36 0.784 0.16 0.624
1 0.8 0.016 0.784
33 0.8 0.016 0.784
33 0.784 0.16 0.624
1 0.784 0.16 0.624
56 0.8 0.016 0.784
56 0.784 0.16 0.624
41 0.8 0.016 0.784
41 0.784 0.16 0.624
25 0.8 0.016 0.784
26 0.8 0.016 0.784
26 0.784 0.16 0.624
25 0.784 0.16 0.624
25 0.624 0.16 0.464
23 0.8 0.16 0.64
23 0.714164 0.016 0.698164
23 0.698164 0.16 0.538164
38 0.8 0.016 0.784
38 0.784 0.16 0.624
49 0.8 0.016 0.784
49 0.784 0.16 0.624
5 0.8 0.16 0.64
32 0.8 0.16 0.64
57 0.8 0.16 0.64
5 0.712454 0.016 0.696454
32 0.71093 0.016 0.69493
57 0.714618 0.016 0.698618
57 0.698618 0.16 0.538618
5 0.696454 0.16 0.536454
22 0.8 0.16 0.64
32 0.69493 0.16 0.53493
32 0.53493 0.16 0.37493
5 0.536454 0.16 0.376454
22 0.64 0.16 0.48
5 0.376454 0.16 0.216454
22 0.48 0.16 0.32
22 0.395478 0.016 0.379478
22 0.379478 0.16 0.219478
4 0.8 0.16 0.64
4 0.714145 0.016 0.698145
47 0.8 0.016 0.784
4 0.698145 0.16 0.538145
47 0.784 0.16 0.624
47 0.624 0.16 0.464
14 0.8 0.016 0.784
14 0.784 0.16 0.624
6 0.8 0.016 0.784
45 0.8 0.016 0.784
6 0.784 0.16 0.624
3 0.8 0.16 0.64
45 0.784 0.16 0.624
45 0.624 0.16 0.464
3 0.64 0.16 0.48
3 0.556505 0.016 0.540505
3 0.540505 0.16 0.380505
7 0.8 0.016 0.784
27 0.8 0.016 0.784
43 0.8 0.016 0.784
27 0.784 0.16 0.624
43 0.784 0.16 0.624
7 0.784 0.16 0.624
9 0.8 0.16 0.64
39 0.8 0.16 0.64
7 0.624 0.16 0.464
9 0.64 0.16 0.48
39 0.64 0.16 0.48
7 0.464 0.16 0.304
9 0.48 0.16 0.32
39 0.48 0.16 0.32
9 0.399008 0.016 0.383008
39 0.394769 0.016 0.378769
9 0.383008 0.16 0.223008
39 0.378769 0.16 0.218769
46 0.8 0.16 0.64
46 0.719048 0.016 0.703048
46 0.703048 0.16 0.543048
34 0.8 0.016 0.784
34 0.784 0.16 0.624
35 0.8 0.016 0.784
35 0.784 0.16 0.624
59 0.8 0.16 0.64
37 0.8 0.016 0.784
59 0.713781 0.016 0.697781
59 0.697781 0.16 0.537781
37 0.784 0.16 0.624
37 0.624 0.16 0.464
16 0.8 0.16 0.64
51 0.8 0.16 0.64
51 0.717886 0.016 0.701886
51 0.701886 0.16 0.541886
8 0.8 0.16 0.64
15 0.8 0.16 0.64
16 0.713926 0.16 0.553926
8 0.710974 0.016 0.694974
15 0.718602 0.016 0.702602
16 0.631165 0.016 0.615165
8 0.694974 0.16 0.534974
15 0.702602 0.16 0.542602
16 0.615165 0.16 0.455165
15 0.542602 0.16 0.382602
16 0.455165 0.16 0.295165
16 0.295165 0.16 0.135165
24 0.8 0.016 0.784
24 0.784 0.16 0.624
2 0.8 0.016 0.784
44 0.8 0.016 0.784
44 0.784 0.16 0.624
2 0.784 0.16 0.624
2 0.624 0.16 0.464
10 0.8 0.016 0.784
10 0.784 0.16 0.624
28 0.8 0.16 0.64
29 0.8 0.16 0.64
28 0.719244 0.016 0.703244
29 0.718534 0.016 0.702534
28 0.703244 0.16 0.543244
29 0.702534 0.16 0.542534
58 0.8 0.16 0.64
58 0.64 0.16 0.48
13 0.8 0.016 0.784
54 0.8 0.016 0.784
58 0.552417 0.016 0.536417
58 0.536417 0.16 0.376417
13 0.784 0.16 0.624
54 0.784 0.16 0.624
54 0.624 0.16 0.464
13 0.624 0.16 0.464
19 0.8 0.16 0.64
53 0.8 0.16 0.64
19 0.64 0.16 0.48
53 0.64 0.16 0.48
19 0.550072 0.016 0.534072
53 0.558825 0.016 0.542825
19 0.534072 0.16 0.374072
53 0.542825 0.16 0.382825
50 0.8 0.16 0.64
50 0.64 0.16 0.48
50 0.557083 0.016 0.541083
50 0.541083 0.16 0.381083
12 0.8 0.016 0.784
12 0.784 0.16 0.624
17 0.8 0.016 0.784
17 0.784 0.16 0.624
42 0.8 0.16 0.64
48 0.8 0.16 0.64
42 0.715484 0.016 0.699484
48 0.71468 0.016 0.69868
42 0.699484 0.16 0.539484
48 0.69868 0.16 0.53868
48 0.53868 0.16 0.37868
55 0.8 0.016 0.784
55 0.784 0.16 0.624
20 0.8 0.016 0.784
20 0.784 0.16 0.624
52 0.8 0.16 0.64
52 0.71425 0.016 0.69825
52 0.69825 0.16 0.53825
40 0.8 0.016 0.784
40 0.784 0.16 0.624
21 0.8 0.16 0.64
21 0.719362 0.016 0.703362
21 0.703362 0.16 0.543362
