88 4170 1.00773
19 4171 1.0116
75 4172 1.01973
3 4173 1.05961
37 4174 1.06063
62 4175 1.07465
17 4176 1.07747
34 4177 1.07763
58 4179 1.10961
86 4180 1.12655
6 4181 1.14282
52 4182 1.15911
30 4183 1.16643
76 4185 1.2002
55 4186 1.21837
32 4187 1.22364
82 4188 1.23633
43 4189 1.23942
51 4190 1.24739
81 4191 1.25211
72 4192 1.27385
66 4194 1.28498
73 4195 1.31744
4 4196 1.32152
21 4197 1.33054
35 4199 1.39313
24 4200 1.39452
16 4201 1.40939
22 4202 1.42173
78 4203 1.42367
65 4204 1.43334
40 4205 1.44076
12 4206 1.46065
63 4207 1.4697
2 4209 1.48737
41 4210 1.49117
79 4211 1.54701
49 4212 1.56381
54 4214 1.58543
77 4215 1.60348
67 4216 1.61059
80 4217 1.61187
85 4218 1.62614
90 4219 1.63038
27 4220 1.6602
5 4221 1.66269
13 4223 1.69405
10 4224 1.732
48 4225 1.75089
29 4227 1.79009
23 4228 1.82406
61 4229 1.84768
71 4230 1.87522
53 4232 1.88667
74 4233 1.8905
84 4234 1.89919
69 4235 1.91776
45 4236 1.95478
26 4238 2.00401
36 4239 2.06662
44 4240 2.06719
59 4242 2.12839
64 4243 2.1775
1 4245 2.19282
9 4246 2.21335
38 4247 2.24283
28 4249 2.29654
39 4250 2.30146
20 4251 2.34721
70 4252 2.34905
18 4253 2.35011
68 4255 2.38453
83 4256 2.39957
14 4257 2.44341
47 4259 2.50157
25 4260 2.56413
87 4262 2.63649
46 4263 2.66158
57 4264 2.66471
7 4265 2.67641
56 4267 2.70032
60 4268 2.73553
42 4269 2.75563
31 4270 2.7615
11 4272 2.80703
89 4273 2.81135
50 4274 2.86272
8 4276 2.90049
15 4277 2.93162
33 4278 2.94856
