0 3930
0 3931
0 3932
0 3933
0 3934
0 3935
0 3936
0 3937
0 3938
0 3939
0 3942
0 3943
0 3948
0 3955
0 3965
49 3951
0 3971
0 3977
38 3945
0 3981
13 3949
0 3984
0 3989
0 3992
0 3999
0 4003
3 3960
33 3956
0 4004
31 3982
46 3983
78 3952
0 4007
60 3953
23 4000
0 4012
52 3954
0 4018
0 4024
0 4025
39 3980
0 4036
18 3991
50 3972
12 3964
29 3985
0 4040
2 4039
58 4027
0 4041
57 3957
0 4042
71 4011
0 4043
28 3973
0 4044
21 3994
45 3993
17 4030
0 4045
55 4013
0 4046
6 4019
14 3998
0 4047
22 3961
37 4005
54 3986
63 3944
0 4048
40 3959
70 3946
0 4049
5 4028
0 4050
20 3958
64 3950
61 4021
53 3988
0 4051
0 4052
75 3969
73 3963
40 3959
0 4053
30 3974
0 4054
59 4035
35 3967
66 4001
0 4055
42 4022
48 3968
0 4056
69 3947
44 4015
0 4057
24 4010
0 4058
43 4009
0 4059
51 3987
47 4016
0 4060
11 4034
0 4061
0 4062
0 4063
62 3941
8 3970
0 4064
0 4065
0 4066
0 4067
26 4026
34 3940
0 4068
76 4033
0 4069
7 3966
0 4070
10 3975
77 4038
0 4071
79 3996
56 3990
0 4072
9 4029
16 3978
15 3976
27 4020
74 3962
0 4073
41 3997
68 4017
67 4006
0 4074
32 4002
0 4075
0 4076
0 4077
72 4023
19 4008
36 3979
0 4078
0 4079
80 3995
25 4031
0 4080
0 4081
0 4082
0 4083
0 4084
0 4085
1 4032
0 4086
65 4014
0 4087
4 4037
0 4088
0 4089
0 4090
0 4091
0 4092
0 4093
0 4094
0 4095
0 4096
0 4097
0 4098
0 4099
0 4100
0 4101
0 4102
0 4103
0 4104
0 4105
0 4106
0 4107
0 4108
0 4109
0 4110
0 4111
0 4112
0 4113
0 4114
0 4115
0 4116
0 4117
0 4118
0 4119
0 4120
0 4121
0 4122
0 4123
0 4124
0 4125
0 4126
0 4127
0 4128
0 4129
0 4130
0 4131
0 4132
0 4133
0 4134
0 4135
0 4136
0 4137
0 4138
0 4139
0 4140
0 4141
0 4142
0 4143
0 4144
0 4145
0 4146
0 4147
0 4148
0 4149
0 4150
0 4151
0 4152
0 4153
0 4154
0 4155
0 4156
0 4157
0 4158
0 4159
