19 0.8 0.016 0.784
19 0.784 0.16 0.624
6 0.8 0.016 0.784
6 0.784 0.16 0.624
25 0.8 0.16 0.64
25 0.71867 0.016 0.70267
25 0.70267 0.16 0.54267
17 0.8 0.016 0.784
17 0.784 0.16 0.624
27 0.8 0.016 0.784
27 0.784 0.16 0.624
12 0.8 0.016 0.784
31 0.8 0.016 0.784
31 0.784 0.16 0.624
12 0.784 0.16 0.624
33 0.8 0.016 0.784
33 0.784 0.16 0.624
32 0.8 0.016 0.784
32 0.784 0.16 0.624
14 0.8 0.016 0.784
14 0.784 0.16 0.624
21 0.8 0.016 0.784
21 0.784 0.16 0.624
4 0.8 0.16 0.64
4 0.71007 0.016 0.69407
4 0.69407 0.16 0.53407
23 0.8 0.16 0.64
23 0.712284 0.016 0.696284
23 0.696284 0.16 0.536284
2 0.8 0.016 0.784
37 0.8 0.016 0.784
2 0.784 0.16 0.624
37 0.784 0.16 0.624
8 0.8 0.16 0.64
8 0.64 0.16 0.48
8 0.550792 0.016 0.534792
8 0.534792 0.16 0.374792
16 0.8 0.016 0.784
36 0.8 0.016 0.784
16 0.784 0.16 0.624
36 0.784 0.16 0.624
29 0.8 0.16 0.64
34 0.8 0.16 0.64
29 0.64 0.16 0.48
34 0.64 0.16 0.48
29 0.558991 0.016 0.542991
34 0.557639 0.016 0.541639
29 0.542991 0.16 0.382991
15 0.8 0.16 0.64
34 0.541639 0.16 0.381639
34 0.381639 0.16 0.221639
15 0.64 0.16 0.48
15 0.558069 0.016 0.542069
15 0.542069 0.16 0.382069
35 0.8 0.016 0.784
35 0.784 0.16 0.624
5 0.8 0.16 0.64
5 0.710562 0.016 0.694562
5 0.694562 0.16 0.534562
7 0.8 0.16 0.64
30 0.8 0.16 0.64
7 0.717745 0.016 0.701745
30 0.713514 0.016 0.697514
30 0.697514 0.16 0.537514
7 0.701745 0.16 0.541745
7 0.541745 0.16 0.381745
20 0.8 0.016 0.784
26 0.8 0.016 0.784
20 0.784 0.16 0.624
26 0.784 0.16 0.624
26 0.624 0.16 0.464
1 0.8 0.016 0.784
13 0.8 0.016 0.784
1 0.784 0.16 0.624
13 0.784 0.16 0.624
40 0.8 0.16 0.64
13 0.624 0.16 0.464
40 0.64 0.16 0.48
40 0.552149 0.016 0.536149
40 0.536149 0.16 0.376149
11 0.8 0.016 0.784
24 0.8 0.016 0.784
24 0.784 0.16 0.624
11 0.784 0.16 0.624
10 0.8 0.16 0.64
10 0.64 0.16 0.48
10 0.556659 0.016 0.540659
10 0.540659 0.16 0.380659
39 0.8 0.016 0.784
39 0.784 0.16 0.624
9 0.8 0.016 0.784
9 0.784 0.16 0.624
3 0.8 0.016 0.784
28 0.8 0.016 0.784
3 0.784 0.16 0.624
28 0.784 0.16 0.624
22 0.8 0.16 0.64
22 0.64 0.16 0.48
22 0.557377 0.016 0.541377
22 0.541377 0.16 0.381377
38 0.8 0.016 0.784
38 0.784 0.16 0.624
18 0.8 0.016 0.784
18 0.784 0.16 0.624
