0 4160
0 4161
0 4162
0 4163
0 4164
0 4165
0 4166
0 4167
0 4168
0 4169
0 4178
0 4184
0 4193
51 4190
82 4188
0 4198
0 4208
21 4197
0 4213
0 4222
0 4226
0 4231
76 4185
71 4230
17 4176
72 4192
58 4179
0 4237
12 4206
69 4235
19 4171
0 4241
65 4204
62 4175
0 4244
0 4248
0 4254
54 4214
78 4203
22 4202
36 4239
0 4258
1 4245
79 4211
0 4261
3 4173
47 4259
20 4251
37 4174
0 4266
85 4218
34 4177
16 4201
0 4271
0 4275
64 4243
59 4242
0 4279
75 4172
29 4227
27 4220
35 4199
0 4280
86 4180
43 4189
0 4281
77 4215
52 4182
32 4187
0 4282
38 4247
9 4246
13 4223
0 4283
73 4195
0 4284
44 4240
0 4285
0 4286
23 4228
0 4287
0 4288
68 4255
61 4229
2 4209
0 4289
24 4200
68 4255
25 4260
67 4216
0 4290
0 4291
63 4207
0 4292
66 4194
0 4293
26 4238
0 4294
41 4210
0 4295
55 4186
6 4181
0 4296
15 4277
84 4234
0 4297
4 4196
83 4256
0 4298
80 4217
70 4252
0 4299
39 4250
0 4300
0 4301
0 4302
0 4303
0 4304
48 4225
56 4267
0 4305
5 4221
7 4265
0 4306
74 4233
88 4170
10 4224
0 4307
0 4308
90 4219
0 4309
81 4191
45 4236
0 4310
30 4183
0 4311
33 4278
14 4257
18 4253
53 4232
0 4312
49 4212
0 4313
40 4205
0 4314
87 4262
0 4315
42 4269
0 4316
0 4317
46 4263
0 4318
0 4319
28 4249
0 4320
0 4321
0 4322
0 4323
8 4276
11 4272
0 4324
31 4270
0 4325
57 4264
60 4268
0 4326
50 4274
0 4327
0 4328
89 4273
0 4329
0 4330
0 4331
0 4332
0 4333
0 4334
0 4335
0 4336
0 4337
0 4338
0 4339
0 4340
0 4341
0 4342
0 4343
0 4344
0 4345
0 4346
0 4347
0 4348
0 4349
0 4350
0 4351
0 4352
0 4353
0 4354
0 4355
0 4356
0 4357
0 4358
0 4359
0 4360
0 4361
0 4362
0 4363
0 4364
0 4365
0 4366
0 4367
0 4368
0 4369
0 4370
0 4371
0 4372
0 4373
0 4374
0 4375
0 4376
0 4377
0 4378
0 4379
0 4380
0 4381
0 4382
0 4383
0 4384
0 4385
0 4386
0 4387
0 4388
0 4389
0 4390
0 4391
0 4392
0 4393
0 4394
0 4395
0 4396
0 4397
0 4398
0 4399
