30 2961 0 100 154253760 2.02702 2.02702
21 2949 0 100 88849532 2.12702 2.12702
1 2944 0 100 56207930 2.52702 2.52702
5 2948 0 100 88853544 2.52702 2.52702
2 2951 0 100 56205404 2.62702 2.62702
26 2962 0 100 121570676 2.62702 2.62702
16 2976 0 100 88854392 2.72702 2.72702
9 2989 0 100 121560176 3.12702 3.12702
27 2974 0 100 121573712 3.12702 3.12702
8 2957 0 100 154272320 3.12702 3.12702
17 2943 0 100 121552718 3.42702 3.42702
15 2945 0 100 121542350 3.52702 3.52702
29 2959 0 100 121540586 3.72702 3.72702
25 2980 0 100 121569374 3.72702 3.72702
14 2970 0 100 154272464 3.72702 3.72702
7 2965 0 100 154275104 3.82702 3.82702
19 2981 0 100 154283456 4.02702 4.02702
28 2979 0 100 121540592 4.12702 4.12702
3 2953 0 100 121555226 4.22702 4.22702
11 2941 0 100 121569542 4.32702 4.32702
23 2985 0 100 154264272 4.42702 4.42702
22 2963 0 100 88862572 4.52702 4.52702
18 2966 0 100 56207562 4.62702 4.62702
4 2987 0 100 121570880 5.02702 5.02702
12 2977 0 100 154278816 5.92702 5.92702
10 2984 0 100 154304912 6.22702 6.22702
20 2986 0 100 56201204 6.32702 6.32702
6 2968 0 100 121563200 6.42702 6.42702
24 2954 0 100 121546826 6.72702 6.72702
13 2973 0 100 88871340 7.42702 7.42702
