88 4410 1.01123
2 4411 1.03737
82 4413 1.10572
78 4414 1.10609
65 4415 1.1361
72 4417 1.14502
45 4418 1.1657
58 4419 1.16713
97 4420 1.17108
64 4421 1.20243
56 4422 1.21543
91 4423 1.21566
28 4424 1.21873
46 4425 1.23976
96 4426 1.24152
90 4428 1.26151
59 4429 1.28198
48 4430 1.29087
66 4431 1.31392
73 4433 1.36328
53 4434 1.37019
87 4436 1.48464
9 4437 1.50695
49 4438 1.53417
61 4439 1.53735
84 4441 1.54336
14 4442 1.55607
18 4443 1.58332
16 4444 1.59035
83 4445 1.61381
24 4447 1.64949
27 4448 1.65047
44 4449 1.66178
20 4450 1.68364
37 4451 1.69049
35 4452 1.69404
12 4453 1.69749
68 4454 1.72853
29 4455 1.72981
75 4457 1.76479
36 4458 1.79406
5 4459 1.828
40 4460 1.83226
70 4462 1.87405
22 4463 1.90376
21 4464 1.91329
43 4465 1.91369
38 4466 1.9155
63 4468 1.94255
33 4469 1.9746
54 4470 2.00205
8 4472 2.04853
92 4473 2.0574
23 4474 2.10995
31 4475 2.11479
1 4476 2.11987
98 4477 2.12594
30 4479 2.15253
26 4480 2.16192
71 4481 2.17454
34 4482 2.22801
10 4484 2.27845
52 4485 2.30952
76 4486 2.32009
60 4487 2.32063
79 4488 2.32611
85 4490 2.34788
39 4491 2.34962
57 4492 2.38753
50 4493 2.40088
77 4495 2.47441
25 4496 2.48465
15 4497 2.50649
51 4498 2.50833
80 4499 2.52252
69 4500 2.53977
55 4502 2.56177
89 4503 2.56691
7 4504 2.56948
86 4505 2.584
99 4506 2.58452
4 4507 2.58558
17 4508 2.60089
3 4509 2.62895
11 4510 2.63554
95 4512 2.67789
32 4513 2.69452
6 4514 2.69923
42 4515 2.70903
81 4516 2.72039
19 4518 2.76685
100 4519 2.81558
74 4521 2.84879
62 4522 2.87406
13 4523 2.87647
47 4524 2.90828
67 4525 2.92122
94 4527 2.94577
93 4528 2.97299
41 4529 2.99983
