51 4190 0 100 121552844 1.28063 1.28063
82 4188 0 100 154272752 1.28063 1.28063
21 4197 0 100 154269448 1.48063 1.48063
76 4185 0 100 121557392 1.88063 1.88063
71 4230 0 100 154250760 1.88063 1.88063
17 4176 0 100 154252768 1.88063 1.88063
72 4192 0 100 154255424 1.88063 1.88063
58 4179 0 100 154283352 1.88063 1.88063
12 4206 0 100 121533920 1.98063 1.98063
69 4235 0 100 121561130 1.98063 1.98063
19 4171 0 100 154283344 1.98063 1.98063
65 4204 0 100 154254216 2.08063 2.08063
62 4175 0 100 154264512 2.08063 2.08063
54 4214 0 100 88853580 2.38063 2.38063
78 4203 0 100 88855024 2.38063 2.38063
22 4202 0 100 121536800 2.38063 2.38063
36 4239 0 100 121551008 2.38063 2.38063
1 4245 0 100 88859076 2.48063 2.48063
79 4211 0 100 154253072 2.48063 2.48063
3 4173 0 100 88854184 2.58063 2.58063
47 4259 0 100 88861912 2.58063 2.58063
20 4251 0 100 121530242 2.58063 2.58063
37 4174 0 100 121551872 2.58063 2.58063
85 4218 0 100 56203714 2.68063 2.68063
34 4177 0 100 88855248 2.68063 2.68063
16 4201 0 100 121539416 2.68063 2.68063
64 4243 0 100 121533332 2.88063 2.88063
59 4242 0 100 154246552 2.88063 2.88063
75 4172 0 100 88862840 2.98063 2.98063
29 4227 0 100 88871500 2.98063 2.98063
27 4220 0 100 121565804 2.98063 2.98063
35 4199 0 100 154294048 2.98063 2.98063
86 4180 0 100 121559672 3.08063 3.08063
43 4189 0 100 121569074 3.08063 3.08063
77 4215 0 100 154279264 3.18063 3.18063
52 4182 0 100 154290016 3.18063 3.18063
32 4187 0 100 154295232 3.18063 3.18063
38 4247 0 100 88858460 3.28063 3.28063
9 4246 0 100 88864996 3.28063 3.28063
13 4223 0 100 154302960 3.28063 3.28063
73 4195 0 100 88865512 3.38063 3.38063
44 4240 0 100 121537448 3.48063 3.48063
23 4228 0 100 56205878 3.68063 3.68063
61 4229 0 100 121548638 3.88063 3.88063
2 4209 0 100 121572998 3.88063 3.88063
24 4200 0 100 121539434 3.98063 3.98063
25 4260 0 100 154265576 3.98063 3.98063
67 4216 0 100 154295312 3.98063 3.98063
63 4207 0 100 56206762 4.18063 4.18063
66 4194 0 100 88849768 4.28063 4.28063
26 4238 0 100 154258416 4.38063 4.38063
41 4210 0 100 121544600 4.48063 4.48063
55 4186 0 100 88847856 4.58063 4.58063
6 4181 0 100 121546148 4.58063 4.58063
15 4277 0 100 154260104 4.68063 4.68063
84 4234 0 100 154260984 4.68063 4.68063
4 4196 0 100 88864140 4.78063 4.78063
83 4256 0 100 121554806 4.78063 4.78063
80 4217 0 100 88861156 4.88063 4.88063
70 4252 0 100 154252640 4.88063 4.88063
39 4250 0 100 88859208 4.98063 4.98063
48 4225 0 100 121566134 5.48063 5.48063
56 4267 0 100 121575044 5.48063 5.48063
5 4221 0 100 88871752 5.58063 5.58063
7 4265 0 100 121541456 5.58063 5.58063
74 4233 0 100 88872076 5.68063 5.68063
88 4170 0 100 121538594 5.68063 5.68063
10 4224 0 100 154252272 5.68063 5.68063
90 4219 0 100 121559792 5.88063 5.88063
81 4191 0 100 121569062 5.98063 5.98063
45 4236 0 100 121571384 5.98063 5.98063
30 4183 0 100 154262656 6.08063 6.08063
33 4278 0 100 56206902 6.18063 6.18063
14 4257 0 100 121551266 6.18063 6.18063
18 4253 0 100 154272040 6.18063 6.18063
53 4232 0 100 154284008 6.18063 6.18063
49 4212 0 100 121553396 6.28063 6.28063
40 4205 0 100 154288672 6.38063 6.38063
87 4262 0 100 154270320 6.48063 6.48063
42 4269 0 100 88869172 6.58063 6.58063
46 4263 0 100 121554920 6.78063 6.78063
28 4249 0 100 154300312 6.98063 6.98063
8 4276 0 100 88852508 7.38063 7.38063
11 4272 0 100 121548758 7.38063 7.38063
31 4270 0 100 154242904 7.48063 7.48063
57 4264 0 100 88856100 7.58063 7.58063
60 4268 0 100 154242776 7.58063 7.58063
50 4274 0 100 121539584 7.68063 7.68063
89 4273 0 100 121538252 7.88063 7.88063
