18 3511 1.0668
29 3512 1.08489
44 3515 1.25808
47 3516 1.27361
58 3517 1.32939
57 3519 1.36636
41 3520 1.37831
4 3521 1.42044
34 3523 1.52636
38 3524 1.54377
51 3526 1.58773
10 3527 1.59098
53 3528 1.60605
5 3529 1.64284
19 3530 1.64921
17 3532 1.71438
60 3533 1.7218
49 3534 1.72676
11 3535 1.74622
1 3536 1.7491
31 3538 1.75758
16 3539 1.79989
39 3540 1.81026
42 3541 1.81716
27 3542 1.82313
54 3543 1.84634
33 3545 1.86305
36 3546 1.91567
55 3547 1.94618
32 3549 1.99289
45 3550 2.03217
30 3551 2.03985
9 3553 2.1013
8 3555 2.1583
28 3557 2.30732
56 3558 2.31764
23 3559 2.32759
6 3560 2.32943
13 3561 2.34032
37 3562 2.34956
22 3564 2.37597
24 3565 2.39116
2 3566 2.41669
59 3569 2.57698
50 3570 2.59629
20 3572 2.66299
7 3573 2.6665
26 3574 2.6758
52 3575 2.68535
46 3576 2.71699
25 3577 2.72902
12 3578 2.73058
14 3579 2.73627
40 3581 2.78129
43 3582 2.7853
21 3583 2.82793
35 3585 2.89399
3 3586 2.89456
48 3587 2.92334
15 3589 2.97818
