4 3724 0 100 121554284 1.41396 1.41396
50 3737 0 100 121563170 1.51396 1.51396
10 3730 0 100 154244144 1.81396 1.81396
6 3735 0 100 154300960 1.81396 1.81396
35 3736 0 100 154290464 2.01396 2.01396
23 3749 0 100 88846908 2.11396 2.11396
9 3727 0 100 121529600 2.21396 2.21396
39 3743 0 100 121554722 2.21396 2.21396
42 3741 0 100 121557278 2.21396 2.21396
70 3761 0 100 121561394 2.31396 2.31396
55 3742 0 100 154274800 2.31396 2.31396
59 3776 0 100 121562786 2.41396 2.41396
12 3721 0 100 121567838 2.41396 2.41396
68 3738 0 100 56205060 2.61396 2.61396
21 3784 0 100 88866316 2.61396 2.61396
8 3756 0 100 121529084 2.61396 2.61396
63 3745 0 100 154251592 2.61396 2.61396
28 3802 0 100 88863476 2.91396 2.91396
27 3733 0 100 154256592 2.91396 2.91396
57 3798 0 100 154259264 2.91396 2.91396
64 3786 0 100 154285008 2.91396 2.91396
30 3801 0 100 154299832 2.91396 2.91396
53 3799 0 100 88871864 3.11396 3.11396
18 3731 0 100 121538078 3.21396 3.21396
66 3781 0 100 121557194 3.21396 3.21396
47 3777 0 100 121558190 3.21396 3.21396
22 3755 0 100 121563530 3.41396 3.41396
58 3800 0 100 121538642 3.61396 3.61396
17 3722 0 100 121564820 3.71396 3.71396
69 3788 0 100 154262920 3.71396 3.71396
54 3758 0 100 154281776 3.71396 3.71396
44 3767 0 100 121543784 3.91396 3.91396
51 3744 0 100 121557752 3.91396 3.91396
5 3760 0 100 154261536 3.91396 3.91396
61 3750 0 100 88864512 4.01396 4.01396
67 3726 0 100 121540802 4.01396 4.01396
46 3757 0 100 121562894 4.01396 4.01396
45 3772 0 100 88867232 4.11396 4.11396
34 3762 0 100 88848908 4.21396 4.21396
16 3783 0 100 154277024 4.31396 4.31396
11 3778 0 100 121566800 4.51396 4.51396
43 3791 0 100 154286712 4.51396 4.51396
13 3732 0 100 88853240 4.61396 4.61396
3 3739 0 100 121558334 4.61396 4.61396
65 3773 0 100 121574054 4.91396 4.91396
52 3765 0 100 121529186 5.11396 5.11396
15 3752 0 100 56198840 5.41396 5.41396
26 3806 0 100 88870196 5.41396 5.41396
31 3794 0 100 154258368 5.71396 5.71396
41 3808 0 100 88873196 5.81396 5.81396
38 3787 0 100 121531718 5.81396 5.81396
33 3747 0 100 121570628 5.81396 5.81396
29 3792 0 100 88864152 5.91396 5.91396
25 3780 0 100 56208282 6.11396 6.11396
36 3769 0 100 154252088 6.11396 6.11396
24 3807 0 100 88849048 6.31396 6.31396
2 3725 0 100 88868712 6.31396 6.31396
37 3753 0 100 121539932 6.31396 6.31396
32 3729 0 100 121548752 6.31396 6.31396
20 3763 0 100 121573040 6.41396 6.41396
1 3774 0 100 88865088 6.51396 6.51396
56 3766 0 100 154251024 6.61396 6.61396
48 3797 0 100 88867760 7.11396 7.11396
14 3789 0 100 154305744 7.11396 7.11396
7 3803 0 100 121549226 7.21396 7.21396
49 3771 0 100 56205802 7.31396 7.31396
40 3796 0 100 121554680 7.61396 7.61396
19 3793 0 100 121573052 7.91396 7.91396
60 3805 0 100 88867384 8.01396 8.01396
62 3809 0 100 121561958 8.01396 8.01396
