15 0.8 0.016 0.784
15 0.784 0.16 0.624
3 0.8 0.016 0.784
3 0.784 0.16 0.624
17 0.8 0.16 0.64
41 0.8 0.16 0.64
41 0.712817 0.016 0.696817
41 0.696817 0.16 0.536817
17 0.716497 0.16 0.556497
13 0.8 0.016 0.784
17 0.627827 0.016 0.611827
17 0.611827 0.16 0.451827
31 0.8 0.16 0.64
13 0.784 0.16 0.624
31 0.715215 0.016 0.699215
31 0.699215 0.16 0.539215
36 0.8 0.16 0.64
36 0.714669 0.016 0.698669
36 0.698669 0.16 0.538669
16 0.8 0.016 0.784
16 0.784 0.16 0.624
28 0.8 0.016 0.784
39 0.8 0.016 0.784
49 0.8 0.016 0.784
49 0.784 0.16 0.624
28 0.784 0.16 0.624
33 0.8 0.16 0.64
39 0.784 0.16 0.624
39 0.624 0.16 0.464
28 0.624 0.16 0.464
33 0.64 0.16 0.48
28 0.464 0.16 0.304
33 0.48 0.16 0.32
19 0.8 0.016 0.784
33 0.392732 0.016 0.376732
33 0.376732 0.16 0.216732
19 0.784 0.16 0.624
10 0.8 0.16 0.64
27 0.8 0.16 0.64
34 0.8 0.16 0.64
46 0.8 0.16 0.64
10 0.717813 0.016 0.701813
27 0.712742 0.016 0.696742
34 0.712693 0.016 0.696693
34 0.696693 0.16 0.536693
27 0.696742 0.16 0.536742
6 0.8 0.16 0.64
10 0.701813 0.16 0.541813
46 0.713576 0.16 0.553576
6 0.64 0.16 0.48
10 0.541813 0.16 0.381813
46 0.553576 0.16 0.393576
10 0.381813 0.16 0.221813
6 0.48 0.16 0.32
46 0.393576 0.16 0.233576
6 0.39837 0.016 0.38237
46 0.306723 0.016 0.290723
46 0.290723 0.16 0.130723
6 0.38237 0.16 0.22237
50 0.8 0.16 0.64
6 0.22237 0.16 0.0623695
50 0.64 0.16 0.48
50 0.553787 0.016 0.537787
50 0.537787 0.16 0.377787
30 0.8 0.016 0.784
30 0.784 0.16 0.624
14 0.8 0.16 0.64
14 0.717091 0.016 0.701091
14 0.701091 0.16 0.541091
2 0.8 0.016 0.784
40 0.8 0.016 0.784
2 0.784 0.16 0.624
40 0.784 0.16 0.624
40 0.624 0.16 0.464
25 0.8 0.16 0.64
25 0.714756 0.016 0.698756
25 0.698756 0.16 0.538756
29 0.8 0.16 0.64
44 0.8 0.16 0.64
29 0.710194 0.016 0.694194
44 0.712771 0.016 0.696771
44 0.696771 0.16 0.536771
29 0.694194 0.16 0.534194
38 0.8 0.016 0.784
38 0.784 0.16 0.624
32 0.8 0.16 0.64
12 0.8 0.016 0.784
32 0.71726 0.016 0.70126
32 0.70126 0.16 0.54126
12 0.784 0.16 0.624
11 0.8 0.016 0.784
11 0.784 0.16 0.624
24 0.8 0.16 0.64
24 0.718461 0.016 0.702461
24 0.702461 0.16 0.542461
43 0.8 0.16 0.64
43 0.719858 0.016 0.703858
43 0.703858 0.16 0.543858
4 0.8 0.016 0.784
5 0.8 0.016 0.784
4 0.784 0.16 0.624
5 0.784 0.16 0.624
5 0.624 0.16 0.464
26 0.8 0.16 0.64
26 0.711829 0.016 0.695829
26 0.695829 0.16 0.535829
8 0.8 0.016 0.784
8 0.784 0.16 0.624
42 0.8 0.016 0.784
42 0.784 0.16 0.624
7 0.8 0.016 0.784
7 0.784 0.16 0.624
23 0.8 0.16 0.64
35 0.8 0.16 0.64
48 0.8 0.16 0.64
23 0.711823 0.016 0.695823
35 0.715385 0.016 0.699385
48 0.71306 0.016 0.69706
23 0.695823 0.16 0.535823
9 0.8 0.16 0.64
35 0.699385 0.16 0.539385
48 0.69706 0.16 0.53706
35 0.539385 0.16 0.379385
48 0.53706 0.16 0.37706
9 0.64 0.16 0.48
9 0.48 0.16 0.32
9 0.397754 0.016 0.381754
9 0.381754 0.16 0.221754
22 0.8 0.16 0.64
18 0.8 0.016 0.784
22 0.718158 0.016 0.702158
22 0.702158 0.16 0.542158
18 0.784 0.16 0.624
18 0.624 0.16 0.464
47 0.8 0.16 0.64
47 0.716672 0.016 0.700672
47 0.700672 0.16 0.540672
45 0.8 0.16 0.64
45 0.714229 0.016 0.698229
45 0.698229 0.16 0.538229
21 0.8 0.016 0.784
21 0.784 0.16 0.624
20 0.8 0.16 0.64
20 0.714577 0.016 0.698577
20 0.698577 0.16 0.538577
1 0.8 0.016 0.784
37 0.8 0.016 0.784
37 0.784 0.16 0.624
1 0.784 0.16 0.624
