4 0.8 0.016 0.784
4 0.784 0.16 0.624
50 0.8 0.16 0.64
50 0.711111 0.016 0.695111
50 0.695111 0.16 0.535111
6 0.8 0.016 0.784
10 0.8 0.016 0.784
10 0.784 0.16 0.624
6 0.784 0.16 0.624
35 0.8 0.016 0.784
35 0.784 0.16 0.624
9 0.8 0.16 0.64
23 0.8 0.16 0.64
23 0.716291 0.016 0.700291
23 0.700291 0.16 0.540291
9 0.711815 0.16 0.551815
42 0.8 0.16 0.64
9 0.625168 0.016 0.609168
39 0.8 0.016 0.784
42 0.7169 0.016 0.7009
9 0.609168 0.16 0.449168
39 0.784 0.16 0.624
42 0.7009 0.16 0.5409
70 0.8 0.16 0.64
55 0.8 0.016 0.784
70 0.714429 0.016 0.698429
70 0.698429 0.16 0.538429
12 0.8 0.16 0.64
55 0.784 0.16 0.624
55 0.624 0.16 0.464
12 0.64 0.16 0.48
12 0.559166 0.016 0.543166
59 0.8 0.016 0.784
59 0.784 0.16 0.624
12 0.543166 0.16 0.383166
8 0.8 0.016 0.784
21 0.8 0.016 0.784
63 0.8 0.016 0.784
68 0.8 0.016 0.784
68 0.784 0.16 0.624
8 0.784 0.16 0.624
21 0.784 0.16 0.624
63 0.784 0.16 0.624
21 0.624 0.16 0.464
8 0.624 0.16 0.464
63 0.624 0.16 0.464
8 0.464 0.16 0.304
63 0.464 0.16 0.304
63 0.304 0.16 0.144
27 0.8 0.016 0.784
28 0.8 0.016 0.784
30 0.8 0.016 0.784
57 0.8 0.016 0.784
64 0.8 0.016 0.784
28 0.784 0.16 0.624
57 0.784 0.16 0.624
27 0.784 0.16 0.624
57 0.624 0.16 0.464
64 0.784 0.16 0.624
30 0.784 0.16 0.624
53 0.8 0.16 0.64
53 0.64 0.16 0.48
53 0.630572 0.016 0.614572
53 0.614572 0.16 0.454572
18 0.8 0.016 0.784
47 0.8 0.016 0.784
66 0.8 0.016 0.784
18 0.784 0.16 0.624
66 0.784 0.16 0.624
47 0.784 0.16 0.624
22 0.8 0.016 0.784
22 0.784 0.16 0.624
58 0.8 0.016 0.784
58 0.784 0.16 0.624
17 0.8 0.016 0.784
54 0.8 0.016 0.784
69 0.8 0.016 0.784
17 0.784 0.16 0.624
54 0.784 0.16 0.624
69 0.784 0.16 0.624
69 0.624 0.16 0.464
54 0.624 0.16 0.464
5 0.8 0.016 0.784
44 0.8 0.016 0.784
51 0.8 0.016 0.784
44 0.784 0.16 0.624
51 0.784 0.16 0.624
5 0.784 0.16 0.624
67 0.8 0.16 0.64
5 0.624 0.16 0.464
46 0.8 0.16 0.64
61 0.8 0.16 0.64
67 0.64 0.16 0.48
5 0.464 0.16 0.304
45 0.8 0.16 0.64
46 0.64 0.16 0.48
61 0.64 0.16 0.48
67 0.48 0.16 0.32
46 0.552462 0.016 0.536462
61 0.551326 0.016 0.535326
67 0.391753 0.016 0.375753
61 0.535326 0.16 0.375326
45 0.714615 0.16 0.554615
46 0.536462 0.16 0.376462
67 0.375753 0.16 0.215753
67 0.215753 0.16 0.0557528
46 0.376462 0.16 0.216462
45 0.554615 0.16 0.394615
45 0.394615 0.16 0.234615
45 0.307194 0.016 0.291194
45 0.291194 0.16 0.131194
34 0.8 0.16 0.64
34 0.713338 0.016 0.697338
34 0.697338 0.16 0.537338
16 0.8 0.016 0.784
16 0.784 0.16 0.624
11 0.8 0.016 0.784
43 0.8 0.016 0.784
11 0.784 0.16 0.624
13 0.8 0.16 0.64
43 0.784 0.16 0.624
43 0.624 0.16 0.464
3 0.8 0.16 0.64
13 0.64 0.16 0.48
3 0.714921 0.016 0.698921
13 0.550895 0.016 0.534895
13 0.534895 0.16 0.374895
3 0.698921 0.16 0.538921
3 0.538921 0.16 0.378921
65 0.8 0.016 0.784
65 0.784 0.16 0.624
52 0.8 0.16 0.64
52 0.789171 0.016 0.773171
52 0.773171 0.16 0.613171
15 0.8 0.016 0.784
26 0.8 0.016 0.784
15 0.784 0.16 0.624
26 0.784 0.16 0.624
26 0.624 0.16 0.464
31 0.8 0.016 0.784
31 0.784 0.16 0.624
33 0.8 0.16 0.64
38 0.8 0.16 0.64
41 0.8 0.16 0.64
33 0.718663 0.016 0.702663
38 0.713906 0.016 0.697906
41 0.710766 0.016 0.694766
41 0.694766 0.16 0.534766
29 0.8 0.16 0.64
33 0.702663 0.16 0.542663
38 0.697906 0.16 0.537906
38 0.537906 0.16 0.377906
33 0.542663 0.16 0.382663
29 0.64 0.16 0.48
29 0.48 0.16 0.32
29 0.390464 0.016 0.374464
29 0.374464 0.16 0.214464
25 0.8 0.016 0.784
36 0.8 0.016 0.784
25 0.784 0.16 0.624
36 0.784 0.16 0.624
36 0.624 0.16 0.464
2 0.8 0.016 0.784
24 0.8 0.016 0.784
32 0.8 0.016 0.784
37 0.8 0.016 0.784
24 0.784 0.16 0.624
2 0.784 0.16 0.624
32 0.784 0.16 0.624
37 0.784 0.16 0.624
32 0.624 0.16 0.464
37 0.624 0.16 0.464
37 0.464 0.16 0.304
32 0.464 0.16 0.304
20 0.8 0.16 0.64
20 0.64 0.16 0.48
20 0.551646 0.016 0.535646
20 0.535646 0.16 0.375646
1 0.8 0.016 0.784
1 0.784 0.16 0.624
56 0.8 0.16 0.64
56 0.716759 0.016 0.700759
56 0.700759 0.16 0.540759
14 0.8 0.016 0.784
48 0.8 0.016 0.784
48 0.784 0.16 0.624
14 0.784 0.16 0.624
14 0.624 0.16 0.464
7 0.8 0.16 0.64
49 0.8 0.16 0.64
7 0.718884 0.016 0.702884
7 0.702884 0.16 0.542884
49 0.710391 0.16 0.550391
49 0.629119 0.016 0.613119
49 0.613119 0.16 0.453119
40 0.8 0.016 0.784
40 0.784 0.16 0.624
19 0.8 0.016 0.784
19 0.784 0.16 0.624
60 0.8 0.016 0.784
62 0.8 0.016 0.784
60 0.784 0.16 0.624
62 0.784 0.16 0.624
62 0.624 0.16 0.464
