3 2773 0 100 154289912 1.55424 1.55424
11 2781 0 100 121548344 1.65424 1.65424
10 2789 0 100 121537196 1.95424 1.95424
16 2779 0 100 88856820 2.25424 2.25424
18 2794 0 100 121559540 2.25424 2.25424
20 2785 0 100 154250408 2.25424 2.25424
4 2770 0 100 56208500 2.35424 2.35424
7 2800 0 100 154268736 2.75424 2.75424
9 2808 0 100 88859924 2.95424 2.95424
15 2803 0 100 154270008 2.95424 2.95424
1 2796 0 100 56207954 3.25424 3.25424
5 2782 0 100 121563758 3.25424 3.25424
14 2778 0 100 88872768 3.95424 3.95424
6 2790 0 100 121535234 3.95424 3.95424
13 2805 0 100 88846392 4.55424 4.55424
17 2772 0 100 154289368 4.85424 4.85424
2 2775 0 100 154283368 5.35424 5.35424
8 2777 0 100 154251792 5.55424 5.55424
12 2798 0 100 154277208 5.65424 5.65424
19 2806 0 100 121544768 7.15424 7.15424
