3 0.8 0.016 0.784
3 0.784 0.16 0.624
11 0.8 0.16 0.64
11 0.718192 0.016 0.702192
11 0.702192 0.16 0.542192
10 0.8 0.016 0.784
10 0.784 0.16 0.624
16 0.8 0.016 0.784
18 0.8 0.016 0.784
20 0.8 0.016 0.784
16 0.784 0.16 0.624
4 0.8 0.16 0.64
18 0.784 0.16 0.624
20 0.784 0.16 0.624
18 0.624 0.16 0.464
4 0.64 0.16 0.48
20 0.624 0.16 0.464
20 0.464 0.16 0.304
4 0.48 0.16 0.32
4 0.398365 0.016 0.382365
4 0.382365 0.16 0.222365
7 0.8 0.016 0.784
7 0.784 0.16 0.624
9 0.8 0.016 0.784
15 0.8 0.016 0.784
9 0.784 0.16 0.624
15 0.784 0.16 0.624
15 0.624 0.16 0.464
1 0.8 0.016 0.784
5 0.8 0.016 0.784
1 0.784 0.16 0.624
5 0.784 0.16 0.624
5 0.624 0.16 0.464
6 0.8 0.016 0.784
14 0.8 0.016 0.784
14 0.784 0.16 0.624
6 0.784 0.16 0.624
6 0.624 0.16 0.464
13 0.8 0.016 0.784
13 0.784 0.16 0.624
17 0.8 0.016 0.784
17 0.784 0.16 0.624
2 0.8 0.016 0.784
2 0.784 0.16 0.624
8 0.8 0.016 0.784
8 0.784 0.16 0.624
12 0.8 0.16 0.64
12 0.714419 0.016 0.698419
12 0.698419 0.16 0.538419
19 0.8 0.016 0.784
19 0.784 0.16 0.624
