51 0.8 0.016 0.784
82 0.8 0.016 0.784
51 0.784 0.16 0.624
82 0.784 0.16 0.624
21 0.8 0.016 0.784
21 0.784 0.16 0.624
17 0.8 0.016 0.784
58 0.8 0.016 0.784
71 0.8 0.016 0.784
72 0.8 0.016 0.784
76 0.8 0.016 0.784
76 0.784 0.16 0.624
12 0.8 0.16 0.64
17 0.784 0.16 0.624
19 0.8 0.16 0.64
58 0.784 0.16 0.624
72 0.784 0.16 0.624
71 0.784 0.16 0.624
17 0.624 0.16 0.464
72 0.624 0.16 0.464
58 0.624 0.16 0.464
12 0.64 0.16 0.48
19 0.64 0.16 0.48
12 0.48 0.16 0.32
12 0.32 0.16 0.16
19 0.48 0.16 0.32
12 0.239906 0.016 0.223906
19 0.390859 0.016 0.374859
69 0.8 0.016 0.784
12 0.223906 0.16 0.0639063
69 0.784 0.16 0.624
19 0.374859 0.16 0.214859
19 0.214859 0.16 0.054859
62 0.8 0.16 0.64
65 0.8 0.16 0.64
62 0.718479 0.016 0.702479
65 0.711356 0.016 0.695356
65 0.695356 0.16 0.535356
62 0.702479 0.16 0.542479
22 0.8 0.016 0.784
36 0.8 0.016 0.784
54 0.8 0.016 0.784
78 0.8 0.016 0.784
54 0.784 0.16 0.624
78 0.784 0.16 0.624
1 0.8 0.16 0.64
22 0.784 0.16 0.624
36 0.784 0.16 0.624
79 0.8 0.16 0.64
1 0.64 0.16 0.48
22 0.624 0.16 0.464
36 0.624 0.16 0.464
79 0.64 0.16 0.48
22 0.464 0.16 0.304
36 0.464 0.16 0.304
1 0.48 0.16 0.32
79 0.48 0.16 0.32
1 0.395455 0.016 0.379455
79 0.397478 0.016 0.381478
1 0.379455 0.16 0.219455
3 0.8 0.16 0.64
20 0.8 0.16 0.64
79 0.381478 0.16 0.221478
79 0.221478 0.16 0.0614781
3 0.64 0.16 0.48
20 0.64 0.16 0.48
3 0.559143 0.016 0.543143
20 0.553941 0.016 0.537941
37 0.8 0.016 0.784
47 0.8 0.016 0.784
3 0.543143 0.16 0.383143
47 0.784 0.16 0.624
20 0.537941 0.16 0.377941
37 0.784 0.16 0.624
85 0.8 0.16 0.64
16 0.8 0.16 0.64
20 0.377941 0.16 0.217941
34 0.8 0.16 0.64
37 0.624 0.16 0.464
85 0.64 0.16 0.48
20 0.217941 0.16 0.0579414
37 0.464 0.16 0.304
85 0.48 0.16 0.32
16 0.64 0.16 0.48
34 0.64 0.16 0.48
85 0.32 0.16 0.16
16 0.553393 0.016 0.537393
34 0.551344 0.016 0.535344
85 0.231453 0.016 0.215453
85 0.215453 0.16 0.0554527
16 0.537393 0.16 0.377393
34 0.535344 0.16 0.375344
34 0.375344 0.16 0.215344
16 0.377393 0.16 0.217393
16 0.217393 0.16 0.0573927
59 0.8 0.016 0.784
64 0.8 0.016 0.784
64 0.784 0.16 0.624
29 0.8 0.16 0.64
59 0.784 0.16 0.624
75 0.8 0.16 0.64
59 0.624 0.16 0.464
27 0.8 0.16 0.64
29 0.64 0.16 0.48
35 0.8 0.16 0.64
75 0.64 0.16 0.48
27 0.71111 0.016 0.69511
29 0.555446 0.016 0.539446
35 0.710554 0.016 0.694554
75 0.556124 0.016 0.540124
75 0.540124 0.16 0.380124
29 0.539446 0.16 0.379446
27 0.69511 0.16 0.53511
35 0.694554 0.16 0.534554
27 0.53511 0.16 0.37511
35 0.534554 0.16 0.374554
27 0.37511 0.16 0.21511
35 0.374554 0.16 0.214554
43 0.8 0.16 0.64
86 0.8 0.16 0.64
35 0.214554 0.16 0.0545536
43 0.64 0.16 0.48
86 0.64 0.16 0.48
43 0.5584 0.016 0.5424
86 0.553832 0.016 0.537832
86 0.537832 0.16 0.377832
43 0.5424 0.16 0.3824
77 0.8 0.16 0.64
32 0.8 0.016 0.784
52 0.8 0.016 0.784
77 0.717174 0.016 0.701174
77 0.701174 0.16 0.541174
52 0.784 0.16 0.624
32 0.784 0.16 0.624
9 0.8 0.16 0.64
38 0.8 0.16 0.64
9 0.64 0.16 0.48
13 0.8 0.16 0.64
38 0.64 0.16 0.48
68 0.8 0.16 0.64
9 0.48 0.16 0.32
13 0.64 0.16 0.48
38 0.48 0.16 0.32
68 0.64 0.16 0.48
9 0.39809 0.016 0.38209
13 0.556851 0.016 0.540851
38 0.393785 0.016 0.377785
38 0.377785 0.16 0.217785
9 0.38209 0.16 0.22209
13 0.540851 0.16 0.380851
68 0.555793 0.16 0.395793
73 0.8 0.16 0.64
13 0.380851 0.16 0.220851
68 0.395793 0.16 0.235793
13 0.220851 0.16 0.0608509
44 0.8 0.16 0.64
68 0.235793 0.16 0.0757932
73 0.64 0.16 0.48
68 0.145831 0.016 0.129831
73 0.558692 0.016 0.542692
73 0.542692 0.16 0.382692
44 0.716617 0.16 0.556617
68 0.129831 0.16 -0.0301692
44 0.635739 0.016 0.619739
68 0.0766247 0.016 0.0606247
44 0.619739 0.16 0.459739
68 0.0606247 0.16 -0.0993753
23 0.8 0.016 0.784
23 0.784 0.16 0.624
2 0.8 0.016 0.784
61 0.8 0.016 0.784
68 0.297916 0.16 0.137916
61 0.784 0.16 0.624
2 0.784 0.16 0.624
24 0.8 0.16 0.64
24 0.64 0.16 0.48
24 0.558674 0.016 0.542674
25 0.8 0.016 0.784
67 0.8 0.016 0.784
68 0.213055 0.16 0.0530547
24 0.542674 0.16 0.382674
25 0.784 0.16 0.624
67 0.784 0.16 0.624
25 0.624 0.16 0.464
67 0.624 0.16 0.464
63 0.8 0.016 0.784
63 0.784 0.16 0.624
66 0.8 0.16 0.64
66 0.712836 0.016 0.696836
66 0.696836 0.16 0.536836
26 0.8 0.16 0.64
26 0.711642 0.016 0.695642
26 0.695642 0.16 0.535642
41 0.8 0.016 0.784
41 0.784 0.16 0.624
55 0.8 0.16 0.64
6 0.8 0.016 0.784
55 0.717521 0.016 0.701521
55 0.701521 0.16 0.541521
6 0.784 0.16 0.624
6 0.624 0.16 0.464
15 0.8 0.16 0.64
83 0.8 0.16 0.64
84 0.8 0.16 0.64
15 0.714272 0.016 0.698272
84 0.713632 0.016 0.697632
15 0.698272 0.16 0.538272
84 0.697632 0.16 0.537632
4 0.8 0.16 0.64
80 0.8 0.16 0.64
83 0.712685 0.16 0.552685
4 0.64 0.16 0.48
83 0.552685 0.16 0.392685
4 0.553203 0.016 0.537203
83 0.466851 0.016 0.450851
4 0.537203 0.16 0.377203
80 0.710639 0.16 0.550639
83 0.450851 0.16 0.290851
83 0.290851 0.16 0.130851
70 0.8 0.016 0.784
80 0.628072 0.016 0.612072
80 0.612072 0.16 0.452072
70 0.784 0.16 0.624
70 0.624 0.16 0.464
39 0.8 0.16 0.64
39 0.719044 0.016 0.703044
39 0.703044 0.16 0.543044
48 0.8 0.016 0.784
56 0.8 0.016 0.784
48 0.784 0.16 0.624
56 0.784 0.16 0.624
5 0.8 0.16 0.64
7 0.8 0.16 0.64
5 0.711456 0.016 0.695456
7 0.715978 0.016 0.699978
5 0.695456 0.16 0.535456
7 0.699978 0.16 0.539978
74 0.8 0.16 0.64
88 0.8 0.16 0.64
7 0.539978 0.16 0.379978
74 0.64 0.16 0.48
10 0.8 0.016 0.784
74 0.559755 0.016 0.543755
88 0.713049 0.016 0.697049
74 0.543755 0.16 0.383755
10 0.784 0.16 0.624
88 0.697049 0.16 0.537049
88 0.537049 0.16 0.377049
10 0.624 0.16 0.464
10 0.464 0.16 0.304
90 0.8 0.016 0.784
90 0.784 0.16 0.624
45 0.8 0.16 0.64
81 0.8 0.16 0.64
45 0.713422 0.016 0.697422
81 0.717637 0.016 0.701637
81 0.701637 0.16 0.541637
45 0.697422 0.16 0.537422
30 0.8 0.16 0.64
30 0.717919 0.016 0.701919
30 0.701919 0.16 0.541919
14 0.8 0.16 0.64
18 0.8 0.16 0.64
33 0.8 0.16 0.64
53 0.8 0.16 0.64
14 0.713556 0.016 0.697556
18 0.719497 0.016 0.703497
33 0.715867 0.016 0.699867
53 0.714865 0.016 0.698865
33 0.699867 0.16 0.539867
14 0.697556 0.16 0.537556
18 0.703497 0.16 0.543497
53 0.698865 0.16 0.538865
14 0.537556 0.16 0.377556
18 0.543497 0.16 0.383497
49 0.8 0.16 0.64
53 0.538865 0.16 0.378865
18 0.383497 0.16 0.223497
53 0.378865 0.16 0.218865
49 0.64 0.16 0.48
49 0.48 0.16 0.32
49 0.398569 0.016 0.382569
49 0.382569 0.16 0.222569
40 0.8 0.016 0.784
40 0.784 0.16 0.624
87 0.8 0.16 0.64
87 0.717106 0.016 0.701106
87 0.701106 0.16 0.541106
42 0.8 0.16 0.64
42 0.719111 0.016 0.703111
42 0.703111 0.16 0.543111
46 0.8 0.016 0.784
46 0.784 0.16 0.624
28 0.8 0.016 0.784
28 0.784 0.16 0.624
8 0.8 0.016 0.784
11 0.8 0.016 0.784
8 0.784 0.16 0.624
11 0.784 0.16 0.624
11 0.624 0.16 0.464
31 0.8 0.016 0.784
31 0.784 0.16 0.624
57 0.8 0.16 0.64
60 0.8 0.16 0.64
57 0.711463 0.016 0.695463
60 0.713053 0.016 0.697053
57 0.695463 0.16 0.535463
50 0.8 0.16 0.64
60 0.697053 0.16 0.537053
60 0.537053 0.16 0.377053
50 0.64 0.16 0.48
50 0.557896 0.016 0.541896
50 0.541896 0.16 0.381896
89 0.8 0.016 0.784
89 0.784 0.16 0.624
