34 3940 1.01524
62 3941 1.0163
63 3944 1.16253
38 3945 1.18087
70 3946 1.19052
69 3947 1.21402
13 3949 1.27444
64 3950 1.29122
49 3951 1.30087
78 3952 1.30712
60 3953 1.32949
52 3954 1.35514
33 3956 1.37758
57 3957 1.3908
20 3958 1.39738
40 3959 1.42348
3 3960 1.42966
22 3961 1.43223
74 3962 1.43246
73 3963 1.43361
12 3964 1.45377
7 3966 1.47081
35 3967 1.47514
48 3968 1.49919
75 3969 1.51271
8 3970 1.53309
50 3972 1.56673
28 3973 1.57593
30 3974 1.58842
10 3975 1.60997
15 3976 1.61399
16 3978 1.68307
36 3979 1.69087
39 3980 1.7288
31 3982 1.80767
46 3983 1.84926
29 3985 1.88818
54 3986 1.90751
51 3987 1.92397
53 3988 1.94147
56 3990 2.00518
18 3991 2.04375
45 3993 2.07078
21 3994 2.07521
80 3995 2.07595
79 3996 2.09081
41 3997 2.09351
14 3998 2.10489
23 4000 2.20995
66 4001 2.24488
32 4002 2.25164
37 4005 2.394
67 4006 2.4589
19 4008 2.48576
43 4009 2.51267
24 4010 2.54946
71 4011 2.55492
55 4013 2.58555
65 4014 2.62201
44 4015 2.62584
47 4016 2.64389
68 4017 2.65606
6 4019 2.69169
27 4020 2.69374
61 4021 2.69508
42 4022 2.73788
72 4023 2.74461
26 4026 2.87083
58 4027 2.87437
5 4028 2.88798
9 4029 2.90257
17 4030 2.91835
25 4031 2.92378
1 4032 2.9365
76 4033 2.94034
11 4034 2.95113
59 4035 2.95705
4 4037 2.98888
77 4038 2.99171
2 4039 2.99579
