59 0.8 0.016 0.784
59 0.784 0.16 0.624
62 0.8 0.016 0.784
62 0.784 0.16 0.624
38 0.8 0.016 0.784
69 0.8 0.016 0.784
38 0.784 0.16 0.624
69 0.784 0.16 0.624
30 0.8 0.016 0.784
30 0.784 0.16 0.624
50 0.8 0.016 0.784
50 0.784 0.16 0.624
57 0.8 0.016 0.784
57 0.784 0.16 0.624
25 0.8 0.16 0.64
70 0.8 0.16 0.64
25 0.719545 0.016 0.703545
25 0.703545 0.16 0.543545
70 0.711046 0.16 0.551046
16 0.8 0.016 0.784
45 0.8 0.016 0.784
70 0.625509 0.016 0.609509
16 0.784 0.16 0.624
70 0.609509 0.16 0.449509
45 0.784 0.16 0.624
51 0.8 0.016 0.784
51 0.784 0.16 0.624
48 0.8 0.16 0.64
32 0.8 0.016 0.784
48 0.711102 0.016 0.695102
48 0.695102 0.16 0.535102
32 0.784 0.16 0.624
20 0.8 0.16 0.64
53 0.8 0.16 0.64
20 0.71877 0.016 0.70277
53 0.713615 0.016 0.697615
53 0.697615 0.16 0.537615
20 0.70277 0.16 0.54277
22 0.8 0.16 0.64
52 0.8 0.16 0.64
67 0.8 0.16 0.64
22 0.64 0.16 0.48
52 0.64 0.16 0.48
67 0.64 0.16 0.48
22 0.551915 0.016 0.535915
24 0.8 0.016 0.784
52 0.555693 0.016 0.539693
67 0.55875 0.016 0.54275
52 0.539693 0.16 0.379693
67 0.54275 0.16 0.38275
22 0.535915 0.16 0.375915
24 0.784 0.16 0.624
29 0.8 0.16 0.64
29 0.719001 0.016 0.703001
29 0.703001 0.16 0.543001
41 0.8 0.016 0.784
41 0.784 0.16 0.624
1 0.8 0.016 0.784
1 0.784 0.16 0.624
6 0.8 0.16 0.64
9 0.8 0.16 0.64
6 0.711379 0.016 0.695379
9 0.715656 0.016 0.699656
9 0.699656 0.16 0.539656
6 0.695379 0.16 0.535379
13 0.8 0.16 0.64
14 0.8 0.16 0.64
13 0.64 0.16 0.48
14 0.64 0.16 0.48
13 0.552739 0.016 0.536739
14 0.553999 0.016 0.537999
14 0.537999 0.16 0.377999
13 0.536739 0.16 0.376739
35 0.8 0.16 0.64
64 0.8 0.16 0.64
35 0.713705 0.016 0.697705
64 0.719628 0.016 0.703628
64 0.703628 0.16 0.543628
35 0.697705 0.16 0.537705
63 0.8 0.16 0.64
63 0.64 0.16 0.48
63 0.557051 0.016 0.541051
63 0.541051 0.16 0.381051
56 0.8 0.16 0.64
56 0.713785 0.016 0.697785
56 0.697785 0.16 0.537785
61 0.8 0.16 0.64
11 0.8 0.016 0.784
61 0.710817 0.016 0.694817
61 0.694817 0.16 0.534817
11 0.784 0.16 0.624
28 0.8 0.16 0.64
28 0.64 0.16 0.48
28 0.556769 0.016 0.540769
28 0.540769 0.16 0.380769
34 0.8 0.016 0.784
34 0.784 0.16 0.624
36 0.8 0.16 0.64
36 0.784778 0.016 0.768778
36 0.768778 0.16 0.608778
7 0.8 0.016 0.784
44 0.8 0.016 0.784
58 0.8 0.016 0.784
58 0.784 0.16 0.624
7 0.784 0.16 0.624
44 0.784 0.16 0.624
3 0.8 0.16 0.64
26 0.8 0.16 0.64
46 0.8 0.16 0.64
54 0.8 0.16 0.64
65 0.8 0.16 0.64
26 0.71647 0.016 0.70047
46 0.715961 0.016 0.699961
54 0.719621 0.016 0.703621
65 0.717487 0.016 0.701487
46 0.699961 0.16 0.539961
26 0.70047 0.16 0.54047
65 0.701487 0.16 0.541487
54 0.703621 0.16 0.543621
3 0.716265 0.16 0.556265
27 0.8 0.16 0.64
3 0.556265 0.16 0.396265
27 0.64 0.16 0.48
3 0.396265 0.16 0.236265
27 0.48 0.16 0.32
3 0.236265 0.16 0.0762647
27 0.32 0.16 0.16
49 0.8 0.16 0.64
3 0.151908 0.016 0.135908
27 0.239783 0.016 0.223783
49 0.711208 0.016 0.695208
49 0.695208 0.16 0.535208
27 0.223783 0.16 0.0637834
3 0.135908 0.16 -0.0240917
3 0 0.16 -0.16
3 0.0790463 0.016 0.0630463
8 0.8 0.016 0.784
12 0.8 0.016 0.784
21 0.8 0.016 0.784
21 0.784 0.16 0.624
8 0.784 0.16 0.624
12 0.784 0.16 0.624
17 0.8 0.16 0.64
43 0.8 0.16 0.64
17 0.64 0.16 0.48
43 0.64 0.16 0.48
17 0.55512 0.016 0.53912
43 0.55597 0.016 0.53997
43 0.53997 0.16 0.37997
17 0.53912 0.16 0.37912
3 0.358869 0.16 0.198869
3 0.276662 0.16 0.116662
31 0.8 0.016 0.784
42 0.8 0.016 0.784
31 0.784 0.16 0.624
42 0.784 0.16 0.624
4 0.8 0.016 0.784
37 0.8 0.016 0.784
39 0.8 0.016 0.784
37 0.784 0.16 0.624
39 0.784 0.16 0.624
4 0.784 0.16 0.624
33 0.8 0.16 0.64
47 0.8 0.16 0.64
55 0.8 0.16 0.64
33 0.64 0.16 0.48
47 0.64 0.16 0.48
55 0.64 0.16 0.48
47 0.48 0.16 0.32
55 0.48 0.16 0.32
33 0.558103 0.016 0.542103
47 0.397556 0.016 0.381556
55 0.39401 0.016 0.37801
55 0.37801 0.16 0.21801
33 0.542103 0.16 0.382103
47 0.381556 0.16 0.221556
23 0.8 0.16 0.64
23 0.64 0.16 0.48
23 0.48 0.16 0.32
23 0.397677 0.016 0.381677
23 0.381677 0.16 0.221677
40 0.8 0.16 0.64
40 0.713261 0.016 0.697261
40 0.697261 0.16 0.537261
10 0.8 0.016 0.784
66 0.8 0.016 0.784
66 0.784 0.16 0.624
10 0.784 0.16 0.624
18 0.8 0.16 0.64
19 0.8 0.16 0.64
60 0.8 0.16 0.64
18 0.711488 0.016 0.695488
19 0.718876 0.016 0.702876
60 0.713988 0.016 0.697988
60 0.697988 0.16 0.537988
18 0.695488 0.16 0.535488
19 0.702876 0.16 0.542876
68 0.8 0.016 0.784
68 0.784 0.16 0.624
5 0.8 0.016 0.784
15 0.8 0.016 0.784
5 0.784 0.16 0.624
15 0.784 0.16 0.624
2 0.8 0.016 0.784
2 0.784 0.16 0.624
