24 1271 0 100 32640232 1.80884 1.80884
48 1273 0 100 32636574 1.90884 1.90884
50 1275 0 100 32667050 1.90884 1.90884
16 1277 0 100 32637032 2.10884 2.10884
44 1281 0 100 32680920 2.30884 2.30884
1 1278 0 100 32632958 2.50884 2.50884
33 1286 0 100 32662432 2.60884 2.60884
12 1291 0 100 32656186 2.70884 2.70884
32 1276 0 100 32671916 2.80884 2.80884
5 1306 0 100 32644604 3.10884 3.10884
22 1314 0 100 32636106 3.30884 3.30884
49 1298 0 100 32659000 3.30884 3.30884
47 1287 0 100 32659030 3.50884 3.50884
38 1261 0 100 32631810 3.60884 3.60884
23 1318 0 100 32647548 3.70884 3.70884
21 1315 0 100 32651176 3.80884 3.80884
4 1301 0 100 32678920 3.90884 3.90884
3 1305 0 100 32664862 3.90884 3.90884
36 1263 0 100 32650224 4.00884 4.00884
29 1268 0 100 32663040 4.10884 4.10884
37 1292 0 100 32652524 4.30884 4.30884
41 1270 0 100 32661006 4.40884 4.40884
9 1300 0 100 32673226 4.40884 4.40884
46 1308 0 100 32669732 4.50884 4.50884
11 1303 0 100 32649118 4.70884 4.70884
27 1310 0 100 32677922 4.70884 4.70884
35 1324 0 100 32653546 4.70884 4.70884
6 1289 0 100 32626618 4.80884 4.80884
14 1267 0 100 32660948 4.90884 4.90884
26 1325 0 100 32653584 5.00884 5.00884
25 1283 0 100 32674902 5.00884 5.00884
43 1313 0 100 32676756 5.40884 5.40884
15 1302 0 100 32662916 5.40884 5.40884
17 1264 0 100 32670058 5.60884 5.60884
40 1327 0 100 32671654 5.60884 5.60884
30 1316 0 100 32661556 5.60884 5.60884
31 1323 0 100 32679940 5.70884 5.70884
42 1288 0 100 32669274 5.70884 5.70884
2 1274 0 100 32664250 5.80884 5.80884
28 1295 0 100 32657680 5.90884 5.90884
18 1280 0 100 32646926 6.00884 6.00884
39 1265 0 100 32676628 6.10884 6.10884
19 1311 0 100 32682126 6.10884 6.10884
13 1320 0 100 32682594 6.30884 6.30884
8 1307 0 100 32667056 6.50884 6.50884
10 1285 0 100 32655294 6.60884 6.60884
34 1293 0 100 32663388 6.60884 6.60884
20 1321 0 100 32639880 7.00884 7.00884
45 1326 0 100 32650150 7.50884 7.50884
7 1329 0 100 32658824 7.80884 7.80884
