70 2361 0 100 32645328 1.06315 1.06315
94 2377 0 100 32635062 1.36315 1.36315
46 2372 0 100 32675910 1.46315 1.46315
9 2385 0 100 32658442 1.46315 1.46315
22 2399 0 100 32667906 1.66315 1.66315
81 2414 0 100 32661028 1.86315 1.86315
96 2380 0 100 32674524 1.96315 1.96315
21 2391 0 100 32641862 2.16315 2.16315
64 2420 0 100 32661306 2.36315 2.36315
58 2406 0 100 32664566 2.36315 2.36315
19 2404 0 100 32682566 2.36315 2.36315
69 2398 0 100 32658814 2.46315 2.46315
38 2376 0 100 32680350 2.46315 2.46315
41 2444 0 100 32669108 2.56315 2.56315
25 2389 0 100 32662694 2.56315 2.56315
31 2427 0 100 32652746 2.66315 2.66315
87 2421 0 100 32666472 2.76315 2.76315
4 2461 0 100 32653104 2.76315 2.76315
56 2425 0 100 32651332 2.76315 2.76315
30 2431 0 100 32661044 2.96315 2.96315
26 2360 0 100 32681456 2.96315 2.96315
83 2373 0 100 32658416 3.06315 3.06315
98 2432 0 100 32649932 3.06315 3.06315
35 2479 0 100 32652534 3.06315 3.06315
72 2366 0 100 32667352 3.06315 3.06315
42 2411 0 100 32671750 3.16315 3.16315
13 2418 0 100 32682924 3.16315 3.16315
73 2455 0 100 32659168 3.26315 3.26315
34 2387 0 100 32645304 3.46315 3.46315
27 2370 0 100 32682184 3.46315 3.46315
84 2434 0 100 32670496 3.56315 3.56315
79 2416 0 100 32674754 3.56315 3.56315
57 2367 0 100 32646092 3.66315 3.66315
5 2412 0 100 32656236 3.66315 3.66315
54 2463 0 100 32659396 3.76315 3.76315
76 2426 0 100 32663412 3.86315 3.86315
28 2397 0 100 32673612 3.86315 3.86315
97 2466 0 100 32641416 3.96315 3.96315
91 2448 0 100 32682950 3.96315 3.96315
74 2441 0 100 32637708 3.96315 3.96315
71 2452 0 100 32674646 3.96315 3.96315
6 2362 0 100 32649552 4.06315 4.06315
8 2428 0 100 32660612 4.06315 4.06315
52 2368 0 100 32642408 4.06315 4.06315
33 2407 0 100 32666846 4.06315 4.06315
7 2393 0 100 32651842 4.06315 4.06315
67 2410 0 100 32670848 4.16315 4.16315
86 2423 0 100 32679524 4.26315 4.26315
15 2395 0 100 32666202 4.26315 4.26315
95 2440 0 100 32672174 4.36315 4.36315
99 2371 0 100 32651866 4.36315 4.36315
51 2379 0 100 32660646 4.36315 4.36315
16 2392 0 100 32648208 4.46315 4.46315
61 2390 0 100 32648458 4.46315 4.46315
40 2401 0 100 32654322 4.56315 4.56315
100 2422 0 100 32643356 4.56315 4.56315
55 2382 0 100 32656442 4.66315 4.66315
37 2468 0 100 32673592 4.96315 4.96315
59 2386 0 100 32652616 4.96315 4.96315
65 2477 0 100 32664846 4.96315 4.96315
11 2450 0 100 32649284 4.96315 4.96315
92 2405 0 100 32681512 5.26315 5.26315
82 2471 0 100 32651796 5.36315 5.36315
80 2473 0 100 32643764 5.46315 5.46315
85 2403 0 100 32645926 5.46315 5.46315
10 2453 0 100 32653060 5.56315 5.56315
63 2449 0 100 32668210 5.56315 5.56315
36 2433 0 100 32656364 5.86315 5.86315
77 2417 0 100 32661230 5.86315 5.86315
53 2378 0 100 32664590 5.96315 5.96315
14 2374 0 100 32681224 6.06315 6.06315
93 2436 0 100 32679082 6.16315 6.16315
88 2467 0 100 32642506 6.26315 6.26315
47 2402 0 100 32644698 6.26315 6.26315
50 2419 0 100 32664978 6.36315 6.36315
89 2443 0 100 32670834 6.46315 6.46315
60 2445 0 100 32657600 6.46315 6.46315
18 2394 0 100 32667428 6.46315 6.46315
66 2478 0 100 32655200 6.56315 6.56315
90 2460 0 100 32640512 6.66315 6.66315
45 2409 0 100 32665470 6.66315 6.66315
39 2458 0 100 32650060 6.76315 6.76315
32 2469 0 100 32683066 6.86315 6.86315
75 2451 0 100 32663966 6.96315 6.96315
44 2437 0 100 32655152 7.16315 7.16315
3 2457 0 100 32662624 7.46315 7.46315
2 2474 0 100 32642868 7.66315 7.66315
24 2476 0 100 32631290 7.76315 7.76315
