0 2110
0 2111
0 2112
0 2113
0 2114
0 2115
0 2116
0 2117
0 2118
0 2119
0 2124
51 2120
0 2129
37 2122
0 2133
0 2140
80 2137
0 2148
5 2126
0 2154
63 2153
0 2158
0 2166
77 2138
0 2171
0 2174
0 2177
79 2128
87 2142
0 2185
8 2184
0 2191
22 2144
33 2188
0 2198
7 2121
0 2200
0 2208
0 2218
50 2141
9 2212
0 2220
23 2134
3 2156
0 2225
12 2223
29 2207
49 2152
83 2222
0 2227
11 2192
0 2230
69 2136
0 2231
84 2189
66 2176
0 2232
0 2233
0 2234
81 2130
86 2182
78 2186
0 2235
40 2216
0 2236
74 2157
0 2237
18 2131
82 2179
0 2238
25 2168
90 2209
60 2172
0 2239
53 2197
0 2240
16 2190
0 2241
10 2145
0 2242
2 2161
76 2139
71 2183
42 2181
88 2228
0 2243
0 2244
14 2163
68 2213
67 2204
0 2245
24 2160
61 2196
0 2246
20 2155
0 2247
39 2194
0 2248
56 2165
47 2210
0 2249
15 2149
21 2206
0 2250
0 2251
0 2252
13 2202
0 2253
43 2170
30 2132
46 2135
0 2254
65 2229
70 2159
62 2219
19 2127
6 2125
0 2255
31 2162
0 2256
1 2143
0 2257
4 2150
38 2195
52 2147
0 2258
0 2259
32 2169
0 2260
57 2193
35 2180
27 2123
28 2151
58 2187
0 2261
75 2175
28 2151
0 2262
89 2164
73 2146
0 2263
0 2264
17 2173
0 2265
41 2203
0 2266
44 2214
0 2267
45 2221
55 2167
59 2201
48 2211
0 2268
85 2226
0 2269
0 2270
72 2178
64 2217
36 2224
0 2271
54 2199
0 2272
34 2205
0 2273
0 2274
0 2275
26 2215
0 2276
0 2277
0 2278
0 2279
0 2280
0 2281
0 2282
0 2283
0 2284
0 2285
0 2286
0 2287
0 2288
0 2289
0 2290
0 2291
0 2292
0 2293
0 2294
0 2295
0 2296
0 2297
0 2298
0 2299
0 2300
0 2301
0 2302
0 2303
0 2304
0 2305
0 2306
0 2307
0 2308
0 2309
0 2310
0 2311
0 2312
0 2313
0 2314
0 2315
0 2316
0 2317
0 2318
0 2319
0 2320
0 2321
0 2322
0 2323
0 2324
0 2325
0 2326
0 2327
0 2328
0 2329
0 2330
0 2331
0 2332
0 2333
0 2334
0 2335
0 2336
0 2337
0 2338
0 2339
0 2340
0 2341
0 2342
0 2343
0 2344
0 2345
0 2346
0 2347
0 2348
0 2349
