68 1891 1.03728
15 1892 1.10557
9 1894 1.11371
53 1895 1.1192
46 1896 1.14675
50 1897 1.17011
34 1899 1.22463
8 1900 1.26587
19 1901 1.30003
45 1903 1.34088
6 1904 1.36583
52 1906 1.42763
25 1907 1.42837
54 1908 1.43004
2 1909 1.45859
40 1910 1.46257
3 1911 1.46461
51 1912 1.46981
13 1913 1.48777
71 1915 1.51028
17 1916 1.52814
69 1917 1.54189
56 1918 1.5679
43 1919 1.60744
33 1921 1.62317
20 1922 1.62899
5 1923 1.65375
72 1924 1.67687
36 1926 1.70953
47 1927 1.71187
12 1928 1.72057
76 1929 1.72119
58 1930 1.73487
73 1931 1.79595
42 1933 1.82168
18 1934 1.8308
79 1935 1.83837
65 1936 1.87322
32 1937 1.88569
64 1939 1.91915
7 1940 1.94101
55 1941 1.95602
16 1942 1.95989
70 1943 1.97431
59 1945 2.02804
24 1946 2.02843
28 1947 2.0777
66 1948 2.0805
4 1949 2.08268
44 1951 2.14315
14 1952 2.15597
29 1953 2.17021
39 1955 2.21624
21 1956 2.23077
60 1957 2.26246
61 1959 2.36258
80 1960 2.36572
37 1961 2.40674
26 1963 2.43369
35 1964 2.44701
22 1965 2.45725
1 1966 2.46394
11 1967 2.48052
75 1969 2.51214
41 1970 2.51477
78 1971 2.54845
31 1972 2.55548
62 1973 2.57041
27 1974 2.57734
48 1976 2.63076
23 1977 2.67708
74 1979 2.71164
30 1980 2.74192
49 1981 2.76045
38 1982 2.76482
67 1983 2.76642
63 1984 2.77754
57 1985 2.78358
10 1987 2.81693
77 1989 2.97197
