33 1076 0 100 32634944 1.19443 1.19443
40 1072 0 100 32638634 1.29443 1.29443
2 1100 0 100 32659284 1.99443 1.99443
10 1102 0 100 32627288 2.09443 2.09443
20 1071 0 100 32661220 2.19443 2.19443
14 1106 0 100 32672686 2.39443 2.39443
13 1073 0 100 32639380 2.39443 2.39443
36 1085 0 100 32653306 2.49443 2.49443
18 1079 0 100 32681814 2.59443 2.59443
23 1096 0 100 32655760 2.89443 2.89443
24 1093 0 100 32643914 3.09443 3.09443
11 1090 0 100 32652616 3.09443 3.09443
21 1109 0 100 32666966 3.29443 3.29443
9 1123 0 100 32661896 3.29443 3.29443
17 1105 0 100 32651876 3.29443 3.29443
39 1070 0 100 32663302 3.39443 3.39443
28 1119 0 100 32644768 3.59443 3.59443
8 1120 0 100 32637898 3.59443 3.59443
38 1112 0 100 32646474 3.59443 3.59443
7 1082 0 100 32656776 3.79443 3.79443
25 1097 0 100 32641946 3.89443 3.89443
4 1075 0 100 32656396 4.19443 4.19443
27 1121 0 100 32654632 4.49443 4.49443
29 1099 0 100 32664584 4.69443 4.69443
30 1084 0 100 32644908 4.79443 4.79443
31 1080 0 100 32661816 4.89443 4.89443
5 1108 0 100 32678778 5.59443 5.59443
34 1117 0 100 32664702 5.79443 5.79443
22 1077 0 100 32670850 5.89443 5.89443
37 1126 0 100 32653766 6.09443 6.09443
32 1110 0 100 32646882 6.29443 6.29443
3 1113 0 100 32657220 6.69443 6.69443
26 1125 0 100 32641306 6.79443 6.79443
35 1122 0 100 32675950 7.29443 7.29443
19 1128 0 100 32674802 7.39443 7.39443
