39 1070 1.00418
20 1071 1.01234
40 1072 1.02769
13 1073 1.0564
4 1075 1.1583
33 1076 1.16673
22 1077 1.16762
18 1079 1.20327
31 1080 1.2907
7 1082 1.30401
16 1083 1.33652
30 1084 1.36835
36 1085 1.38644
1 1087 1.43704
11 1090 1.64384
15 1092 1.69674
24 1093 1.72349
6 1095 1.82244
23 1096 1.86251
25 1097 1.86443
29 1099 1.97681
2 1100 1.97982
10 1102 2.0362
12 1103 2.0606
17 1105 2.1075
14 1106 2.17832
5 1108 2.22174
21 1109 2.23787
32 1110 2.25327
38 1112 2.30007
3 1113 2.38376
34 1117 2.66654
28 1119 2.75906
8 1120 2.77328
27 1121 2.77835
35 1122 2.78192
9 1123 2.79132
26 1125 2.81934
37 1126 2.82653
19 1128 2.96357
