51 2120 0 100 32679346 1.08254 1.08254
37 2122 0 100 32648518 1.18254 1.18254
80 2137 0 100 32665040 1.38254 1.38254
5 2126 0 100 32663004 1.48254 1.48254
63 2153 0 100 32675888 1.58254 1.58254
77 2138 0 100 32644256 1.78254 1.78254
79 2128 0 100 32655988 2.08254 2.08254
87 2142 0 100 32670364 2.08254 2.08254
8 2184 0 100 32674848 2.18254 2.18254
22 2144 0 100 32642454 2.28254 2.28254
33 2188 0 100 32644436 2.28254 2.28254
7 2121 0 100 32631982 2.38254 2.38254
50 2141 0 100 32651846 2.68254 2.68254
9 2212 0 100 32650432 2.68254 2.68254
23 2134 0 100 32668106 2.78254 2.78254
3 2156 0 100 32658426 2.78254 2.78254
12 2223 0 100 32679518 2.88254 2.88254
29 2207 0 100 32661158 2.88254 2.88254
49 2152 0 100 32640704 2.88254 2.88254
83 2222 0 100 32650642 2.88254 2.88254
11 2192 0 100 32680974 2.98254 2.98254
69 2136 0 100 32682202 3.08254 3.08254
84 2189 0 100 32654658 3.18254 3.18254
66 2176 0 100 32678300 3.18254 3.18254
86 2182 0 100 32667270 3.48254 3.48254
78 2186 0 100 32641406 3.48254 3.48254
40 2216 0 100 32646518 3.58254 3.58254
74 2157 0 100 32666372 3.68254 3.68254
18 2131 0 100 32671988 3.78254 3.78254
82 2179 0 100 32653084 3.78254 3.78254
25 2168 0 100 32655714 3.88254 3.88254
90 2209 0 100 32678144 3.88254 3.88254
60 2172 0 100 32674528 3.88254 3.88254
53 2197 0 100 32649240 3.98254 3.98254
16 2190 0 100 32646870 4.08254 4.08254
10 2145 0 100 32659140 4.18254 4.18254
2 2161 0 100 32630238 4.28254 4.28254
76 2139 0 100 32641652 4.28254 4.28254
71 2183 0 100 32653260 4.28254 4.28254
88 2228 0 100 32667364 4.28254 4.28254
68 2213 0 100 32656730 4.48254 4.48254
67 2204 0 100 32676688 4.48254 4.48254
24 2160 0 100 32667422 4.58254 4.58254
61 2196 0 100 32647038 4.58254 4.58254
20 2155 0 100 32665778 4.68254 4.68254
39 2194 0 100 32674322 4.78254 4.78254
56 2165 0 100 32658420 4.88254 4.88254
47 2210 0 100 32675392 4.88254 4.88254
21 2206 0 100 32666060 4.98254 4.98254
13 2202 0 100 32671372 5.28254 5.28254
43 2170 0 100 32676612 5.38254 5.38254
30 2132 0 100 32669426 5.38254 5.38254
46 2135 0 100 32679258 5.38254 5.38254
65 2229 0 100 32672418 5.48254 5.48254
70 2159 0 100 32650884 5.48254 5.48254
62 2219 0 100 32664460 5.48254 5.48254
19 2127 0 100 32676780 5.48254 5.48254
6 2125 0 100 32650938 5.48254 5.48254
31 2162 0 100 32672688 5.58254 5.58254
1 2143 0 100 32648514 5.68254 5.68254
4 2150 0 100 32662252 5.78254 5.78254
38 2195 0 100 32670036 5.78254 5.78254
52 2147 0 100 32643558 5.78254 5.78254
32 2169 0 100 32632072 5.98254 5.98254
57 2193 0 100 32681720 6.08254 6.08254
35 2180 0 100 32651818 6.08254 6.08254
58 2187 0 100 32652854 6.08254 6.08254
75 2175 0 100 32659950 6.18254 6.18254
89 2164 0 100 32681556 6.28254 6.28254
73 2146 0 100 32644566 6.28254 6.28254
17 2173 0 100 32659816 6.48254 6.48254
41 2203 0 100 32657378 6.58254 6.58254
44 2214 0 100 32654568 6.68254 6.68254
45 2221 0 100 32676766 6.78254 6.78254
59 2201 0 100 32652074 6.78254 6.78254
48 2211 0 100 32642374 6.78254 6.78254
85 2226 0 100 32680648 6.88254 6.88254
72 2178 0 100 32656334 7.08254 7.08254
64 2217 0 100 32670050 7.08254 7.08254
36 2224 0 100 32653708 7.08254 7.08254
54 2199 0 100 32662082 7.18254 7.18254
34 2205 0 100 32669330 7.28254 7.28254
26 2215 0 100 32671254 7.58254 7.58254
