24 0.8 0.016 0.784
24 0.784 0.16 0.624
48 0.8 0.16 0.64
48 0.713039 0.016 0.697039
50 0.8 0.016 0.784
48 0.697039 0.16 0.537039
50 0.784 0.16 0.624
16 0.8 0.016 0.784
16 0.784 0.16 0.624
44 0.8 0.016 0.784
44 0.784 0.16 0.624
1 0.8 0.016 0.784
1 0.784 0.16 0.624
33 0.8 0.16 0.64
33 0.711866 0.016 0.695866
33 0.695866 0.16 0.535866
12 0.8 0.016 0.784
12 0.784 0.16 0.624
32 0.8 0.016 0.784
32 0.784 0.16 0.624
5 0.8 0.016 0.784
5 0.784 0.16 0.624
22 0.8 0.016 0.784
49 0.8 0.016 0.784
22 0.784 0.16 0.624
49 0.784 0.16 0.624
47 0.8 0.016 0.784
47 0.784 0.16 0.624
38 0.8 0.016 0.784
38 0.784 0.16 0.624
23 0.8 0.016 0.784
23 0.784 0.16 0.624
21 0.8 0.16 0.64
21 0.717119 0.016 0.701119
21 0.701119 0.16 0.541119
3 0.8 0.16 0.64
3 0.714022 0.016 0.698022
4 0.8 0.016 0.784
4 0.784 0.16 0.624
3 0.698022 0.16 0.538022
36 0.8 0.16 0.64
36 0.712528 0.016 0.696528
36 0.696528 0.16 0.536528
29 0.8 0.016 0.784
29 0.784 0.16 0.624
37 0.8 0.016 0.784
37 0.784 0.16 0.624
9 0.8 0.16 0.64
41 0.8 0.16 0.64
9 0.716909 0.016 0.700909
41 0.718336 0.016 0.702336
41 0.702336 0.16 0.542336
9 0.700909 0.16 0.540909
46 0.8 0.16 0.64
46 0.64 0.16 0.48
46 0.559283 0.016 0.543283
46 0.543283 0.16 0.383283
11 0.8 0.016 0.784
27 0.8 0.016 0.784
35 0.8 0.016 0.784
11 0.784 0.16 0.624
27 0.784 0.16 0.624
35 0.784 0.16 0.624
6 0.8 0.16 0.64
6 0.64 0.16 0.48
6 0.48 0.16 0.32
6 0.391056 0.016 0.375056
6 0.375056 0.16 0.215056
14 0.8 0.016 0.784
14 0.784 0.16 0.624
25 0.8 0.016 0.784
26 0.8 0.016 0.784
26 0.784 0.16 0.624
25 0.784 0.16 0.624
15 0.8 0.016 0.784
43 0.8 0.016 0.784
43 0.784 0.16 0.624
15 0.784 0.16 0.624
17 0.8 0.16 0.64
17 0.64 0.16 0.48
17 0.629169 0.016 0.613169
30 0.8 0.016 0.784
40 0.8 0.016 0.784
17 0.613169 0.16 0.453169
40 0.784 0.16 0.624
30 0.784 0.16 0.624
31 0.8 0.16 0.64
42 0.8 0.16 0.64
31 0.64 0.16 0.48
42 0.64 0.16 0.48
31 0.551721 0.016 0.535721
42 0.558895 0.016 0.542895
31 0.535721 0.16 0.375721
42 0.542895 0.16 0.382895
2 0.8 0.16 0.64
2 0.71092 0.016 0.69492
2 0.69492 0.16 0.53492
28 0.8 0.16 0.64
28 0.719023 0.016 0.703023
28 0.703023 0.16 0.543023
18 0.8 0.16 0.64
18 0.71083 0.016 0.69483
18 0.69483 0.16 0.53483
19 0.8 0.016 0.784
39 0.8 0.016 0.784
39 0.784 0.16 0.624
19 0.784 0.16 0.624
13 0.8 0.016 0.784
13 0.784 0.16 0.624
8 0.8 0.016 0.784
8 0.784 0.16 0.624
10 0.8 0.16 0.64
34 0.8 0.16 0.64
10 0.714416 0.016 0.698416
34 0.713777 0.016 0.697777
10 0.698416 0.16 0.538416
34 0.697777 0.16 0.537777
20 0.8 0.016 0.784
20 0.784 0.16 0.624
45 0.8 0.016 0.784
45 0.784 0.16 0.624
7 0.8 0.016 0.784
7 0.784 0.16 0.624
