0 1660
0 1661
0 1662
0 1663
0 1664
0 1665
0 1666
0 1667
0 1668
0 1669
0 1673
0 1676
59 1670
0 1681
0 1686
0 1688
0 1692
0 1698
62 1682
0 1703
0 1705
0 1710
0 1718
38 1687
69 1683
0 1721
30 1680
0 1725
0 1729
50 1685
0 1732
57 1701
0 1737
25 1691
0 1739
16 1690
70 1675
45 1736
0 1743
51 1742
0 1749
48 1695
32 1702
0 1758
53 1672
20 1713
0 1760
52 1700
67 1740
22 1689
24 1756
0 1761
29 1730
0 1762
0 1763
41 1757
0 1764
0 1765
1 1747
0 1766
9 1738
6 1744
0 1767
14 1716
13 1759
0 1768
64 1733
35 1707
0 1769
63 1674
0 1770
56 1731
0 1771
61 1755
11 1679
0 1772
28 1694
0 1773
34 1719
0 1774
0 1775
36 1722
0 1776
0 1777
58 1708
7 1697
44 1720
0 1778
46 1735
26 1741
65 1709
54 1750
0 1779
49 1704
27 1752
0 1780
0 1781
0 1782
0 1783
21 1677
8 1671
12 1746
0 1784
43 1726
17 1717
3 1728
0 1785
3 1728
0 1786
31 1678
42 1706
0 1787
0 1788
37 1751
39 1693
4 1696
0 1789
55 1723
33 1714
47 1699
0 1790
23 1684
0 1791
40 1734
0 1792
0 1793
0 1794
66 1754
10 1753
0 1795
60 1715
18 1711
19 1712
0 1796
0 1797
68 1724
0 1798
0 1799
0 1800
0 1801
0 1802
5 1727
15 1748
0 1803
2 1745
0 1804
0 1805
0 1806
0 1807
0 1808
0 1809
0 1810
0 1811
0 1812
0 1813
0 1814
0 1815
0 1816
0 1817
0 1818
0 1819
0 1820
0 1821
0 1822
0 1823
0 1824
0 1825
0 1826
0 1827
0 1828
0 1829
0 1830
0 1831
0 1832
0 1833
0 1834
0 1835
0 1836
0 1837
0 1838
0 1839
0 1840
0 1841
0 1842
0 1843
0 1844
0 1845
0 1846
0 1847
0 1848
0 1849
0 1850
0 1851
0 1852
0 1853
0 1854
0 1855
0 1856
0 1857
0 1858
0 1859
0 1860
0 1861
0 1862
0 1863
0 1864
0 1865
0 1866
0 1867
0 1868
0 1869
0 1870
0 1871
0 1872
0 1873
0 1874
0 1875
0 1876
0 1877
0 1878
0 1879
