38 1261 1.08373
36 1263 1.15939
17 1264 1.16652
39 1265 1.1935
14 1267 1.22632
29 1268 1.30801
41 1270 1.32549
24 1271 1.32787
48 1273 1.4279
2 1274 1.44485
50 1275 1.45809
32 1276 1.45915
16 1277 1.47279
1 1278 1.49862
18 1280 1.58442
44 1281 1.59045
25 1283 1.68522
10 1285 1.76163
33 1286 1.78162
47 1287 1.78871
42 1288 1.79162
6 1289 1.79933
12 1291 1.80889
37 1292 1.84156
34 1293 1.84824
28 1295 1.96967
49 1298 2.13872
9 1300 2.22711
4 1301 2.26974
15 1302 2.27173
11 1303 2.27599
3 1305 2.36161
5 1306 2.36618
8 1307 2.38095
46 1308 2.40745
27 1310 2.44555
19 1311 2.46858
43 1313 2.51629
22 1314 2.52347
21 1315 2.54219
30 1316 2.56788
23 1318 2.6342
13 1320 2.785
20 1321 2.79917
31 1323 2.82659
35 1324 2.85583
26 1325 2.85948
45 1326 2.86718
40 1327 2.87126
7 1329 2.92207
