8 902 0 100 32653296 1.52642 1.52642
29 916 0 100 32669164 2.02642 2.02642
25 922 0 100 32678282 2.32642 2.32642
12 915 0 100 32654464 2.52642 2.52642
1 913 0 100 32656056 2.62642 2.62642
15 934 0 100 32681272 2.72642 2.72642
10 929 0 100 32671102 2.72642 2.72642
13 917 0 100 32667380 2.82642 2.82642
17 924 0 100 32672656 2.92642 2.92642
14 933 0 100 32663224 3.02642 3.02642
22 894 0 100 32648440 3.12642 3.12642
20 897 0 100 32642598 3.12642 3.12642
6 927 0 100 32669128 3.92642 3.92642
28 906 0 100 32678440 4.12642 4.12642
3 910 0 100 32670244 4.22642 4.22642
27 901 0 100 32680256 4.42642 4.42642
11 903 0 100 32662860 5.02642 5.02642
5 892 0 100 32681838 5.32642 5.32642
23 931 0 100 32671280 5.42642 5.42642
9 896 0 100 32656810 5.42642 5.42642
4 918 0 100 32673500 5.82642 5.82642
26 898 0 100 32667990 6.02642 6.02642
2 925 0 100 32644970 6.12642 6.12642
21 936 0 100 32633510 6.12642 6.12642
24 905 0 100 32650278 6.12642 6.12642
16 900 0 100 32673306 6.32642 6.32642
30 908 0 100 32662756 6.42642 6.42642
18 921 0 100 32663736 6.82642 6.82642
7 939 0 100 32641382 7.42642 7.42642
