51 2120 1.01424
7 2121 1.01543
37 2122 1.05044
27 2123 1.05249
6 2125 1.09973
5 2126 1.11202
19 2127 1.14062
79 2128 1.16291
81 2130 1.22275
18 2131 1.25
30 2132 1.25551
23 2134 1.3221
46 2135 1.344
69 2136 1.35187
80 2137 1.36687
77 2138 1.36957
76 2139 1.37741
50 2141 1.41069
87 2142 1.42162
1 2143 1.43107
22 2144 1.44896
10 2145 1.45639
73 2146 1.46656
52 2147 1.47188
15 2149 1.50342
4 2150 1.54788
28 2151 1.57541
49 2152 1.57886
63 2153 1.58113
20 2155 1.59336
3 2156 1.59667
74 2157 1.60068
70 2159 1.69153
24 2160 1.70654
2 2161 1.73105
31 2162 1.73866
14 2163 1.75875
89 2164 1.76621
56 2165 1.77234
55 2167 1.8114
25 2168 1.83826
32 2169 1.8559
43 2170 1.87193
60 2172 1.9482
17 2173 1.97028
75 2175 2.01746
66 2176 2.07045
72 2178 2.08825
82 2179 2.11107
35 2180 2.11474
42 2181 2.13176
86 2182 2.13252
71 2183 2.16723
8 2184 2.17834
78 2186 2.20439
58 2187 2.21622
33 2188 2.22708
84 2189 2.25512
16 2190 2.28148
11 2192 2.28337
57 2193 2.31578
39 2194 2.33232
38 2195 2.34176
61 2196 2.35072
53 2197 2.37635
54 2199 2.3985
59 2201 2.48937
13 2202 2.49337
41 2203 2.51249
67 2204 2.53607
34 2205 2.55672
21 2206 2.56615
29 2207 2.56673
90 2209 2.58481
47 2210 2.60205
48 2211 2.61613
9 2212 2.62068
68 2213 2.63334
44 2214 2.63456
26 2215 2.64807
40 2216 2.6591
64 2217 2.66216
62 2219 2.6883
45 2221 2.81629
83 2222 2.84786
12 2223 2.84804
36 2224 2.86048
85 2226 2.88878
88 2228 2.98553
65 2229 2.98912
