36 1460 1.01724
42 1462 1.04902
46 1463 1.05238
30 1464 1.07375
38 1465 1.0904
15 1466 1.09215
59 1467 1.11435
6 1469 1.14238
13 1470 1.145
48 1471 1.16594
3 1472 1.18285
28 1474 1.30213
31 1476 1.37411
9 1478 1.48429
54 1480 1.60332
29 1482 1.67432
8 1483 1.70939
58 1485 1.74115
47 1486 1.75636
51 1487 1.75999
35 1488 1.77172
7 1489 1.78044
55 1491 1.83922
43 1492 1.90659
57 1494 1.93254
4 1495 1.93538
16 1496 1.93633
33 1497 1.94918
20 1498 1.95946
10 1500 2.04449
32 1501 2.07456
17 1502 2.08485
60 1503 2.10867
50 1505 2.14513
40 1506 2.20362
39 1508 2.26591
25 1510 2.33586
5 1511 2.37801
1 1512 2.3799
18 1514 2.42747
19 1515 2.4947
26 1516 2.50315
2 1517 2.50446
45 1519 2.56124
37 1520 2.57052
53 1521 2.57934
41 1523 2.6527
21 1524 2.68215
23 1525 2.6963
56 1526 2.70491
11 1528 2.76803
24 1529 2.77662
44 1530 2.77759
14 1532 2.85899
34 1533 2.9158
52 1534 2.91925
27 1535 2.92074
12 1537 2.95605
49 1538 2.96281
22 1539 2.96351
