59 1670 0 100 32636512 1.19259 1.19259
62 1682 0 100 32631262 1.69259 1.69259
38 1687 0 100 32660918 2.09259 2.09259
69 1683 0 100 32659410 2.09259 2.09259
30 1680 0 100 32665184 2.19259 2.19259
50 1685 0 100 32634088 2.39259 2.39259
57 1701 0 100 32668768 2.49259 2.49259
25 1691 0 100 32659292 2.59259 2.59259
70 1675 0 100 32650164 2.69259 2.69259
45 1736 0 100 32677534 2.69259 2.69259
51 1742 0 100 32641922 2.79259 2.79259
48 1695 0 100 32637334 2.89259 2.89259
32 1702 0 100 32673052 2.89259 2.89259
53 1672 0 100 32649462 2.99259 2.99259
20 1713 0 100 32660050 2.99259 2.99259
52 1700 0 100 32653560 3.09259 3.09259
67 1740 0 100 32660238 3.09259 3.09259
24 1756 0 100 32678452 3.09259 3.09259
29 1730 0 100 32680004 3.19259 3.19259
41 1757 0 100 32668528 3.39259 3.39259
1 1747 0 100 32666468 3.59259 3.59259
9 1738 0 100 32671398 3.69259 3.69259
6 1744 0 100 32647036 3.69259 3.69259
14 1716 0 100 32626966 3.79259 3.79259
13 1759 0 100 32659106 3.79259 3.79259
64 1733 0 100 32667444 3.89259 3.89259
35 1707 0 100 32669786 3.89259 3.89259
63 1674 0 100 32675314 3.99259 3.99259
56 1731 0 100 32659536 4.09259 4.09259
61 1755 0 100 32662988 4.19259 4.19259
11 1679 0 100 32674986 4.19259 4.19259
28 1694 0 100 32643436 4.29259 4.29259
34 1719 0 100 32680604 4.39259 4.39259
36 1722 0 100 32658924 4.59259 4.59259
58 1708 0 100 32644088 4.79259 4.79259
7 1697 0 100 32644284 4.79259 4.79259
44 1720 0 100 32682514 4.79259 4.79259
46 1735 0 100 32662562 4.89259 4.89259
26 1741 0 100 32651386 4.89259 4.89259
65 1709 0 100 32659714 4.89259 4.89259
54 1750 0 100 32668334 4.89259 4.89259
49 1704 0 100 32680172 4.99259 4.99259
27 1752 0 100 32672804 4.99259 4.99259
21 1677 0 100 32659590 5.39259 5.39259
8 1671 0 100 32663768 5.39259 5.39259
12 1746 0 100 32657208 5.39259 5.39259
43 1726 0 100 32674176 5.49259 5.49259
17 1717 0 100 32681984 5.49259 5.49259
31 1678 0 100 32657016 5.69259 5.69259
42 1706 0 100 32670684 5.69259 5.69259
37 1751 0 100 32670516 5.89259 5.89259
39 1693 0 100 32681372 5.89259 5.89259
4 1696 0 100 32677494 5.89259 5.89259
55 1723 0 100 32662090 5.99259 5.99259
33 1714 0 100 32681462 5.99259 5.99259
47 1699 0 100 32668564 5.99259 5.99259
23 1684 0 100 32646342 6.09259 6.09259
40 1734 0 100 32654438 6.19259 6.19259
66 1754 0 100 32661832 6.49259 6.49259
10 1753 0 100 32635968 6.49259 6.49259
60 1715 0 100 32672074 6.59259 6.59259
18 1711 0 100 32661916 6.59259 6.59259
19 1712 0 100 32653970 6.59259 6.59259
68 1724 0 100 32661128 6.79259 6.79259
5 1727 0 100 32637482 7.29259 7.29259
15 1748 0 100 32651010 7.29259 7.29259
2 1745 0 100 32682786 7.39259 7.39259
