0 1250
0 1251
0 1252
0 1253
0 1254
0 1255
0 1256
0 1257
0 1258
0 1259
0 1260
0 1262
0 1266
0 1269
0 1272
0 1279
0 1282
0 1284
0 1290
24 1271
0 1294
48 1273
50 1275
0 1296
0 1297
16 1277
0 1299
0 1304
44 1281
0 1309
0 1312
1 1278
0 1317
33 1286
0 1319
12 1291
0 1322
32 1276
0 1328
0 1330
0 1331
5 1306
0 1332
0 1333
22 1314
49 1298
0 1334
0 1335
47 1287
0 1336
38 1261
0 1337
23 1318
0 1338
21 1315
0 1339
4 1301
3 1305
0 1340
36 1263
0 1341
29 1268
0 1342
0 1343
37 1292
0 1344
41 1270
9 1300
0 1345
46 1308
0 1346
0 1347
11 1303
27 1310
35 1324
0 1348
6 1289
0 1349
14 1267
0 1350
26 1325
25 1283
0 1351
0 1352
0 1353
0 1354
43 1313
15 1302
0 1355
0 1356
17 1264
40 1327
30 1316
0 1357
31 1323
42 1288
0 1358
2 1274
0 1359
28 1295
0 1360
18 1280
0 1361
39 1265
19 1311
0 1362
0 1363
13 1320
0 1364
0 1365
8 1307
0 1366
10 1285
34 1293
0 1367
0 1368
0 1369
0 1370
20 1321
0 1371
0 1372
0 1373
0 1374
0 1375
45 1326
0 1376
0 1377
0 1378
7 1329
0 1379
0 1380
0 1381
0 1382
0 1383
0 1384
0 1385
0 1386
0 1387
0 1388
0 1389
0 1390
0 1391
0 1392
0 1393
0 1394
0 1395
0 1396
0 1397
0 1398
0 1399
0 1400
0 1401
0 1402
0 1403
0 1404
0 1405
0 1406
0 1407
0 1408
0 1409
0 1410
0 1411
0 1412
0 1413
0 1414
0 1415
0 1416
0 1417
0 1418
0 1419
0 1420
0 1421
0 1422
0 1423
0 1424
0 1425
0 1426
0 1427
0 1428
0 1429
0 1430
0 1431
0 1432
0 1433
0 1434
0 1435
0 1436
0 1437
0 1438
0 1439
0 1440
0 1441
0 1442
0 1443
0 1444
0 1445
0 1446
0 1447
0 1448
0 1449
