15 0.8 0.016 0.784
15 0.784 0.16 0.624
59 0.8 0.016 0.784
59 0.784 0.16 0.624
30 0.8 0.016 0.784
30 0.784 0.16 0.624
48 0.8 0.016 0.784
48 0.784 0.16 0.624
28 0.8 0.016 0.784
28 0.784 0.16 0.624
1 0.8 0.016 0.784
1 0.784 0.16 0.624
47 0.8 0.016 0.784
47 0.784 0.16 0.624
29 0.8 0.16 0.64
21 0.8 0.016 0.784
29 0.7156 0.016 0.6996
29 0.6996 0.16 0.5396
21 0.784 0.16 0.624
44 0.8 0.016 0.784
44 0.784 0.16 0.624
43 0.8 0.16 0.64
37 0.8 0.016 0.784
43 0.717851 0.016 0.701851
43 0.701851 0.16 0.541851
37 0.784 0.16 0.624
42 0.8 0.016 0.784
45 0.8 0.016 0.784
45 0.784 0.16 0.624
42 0.784 0.16 0.624
50 0.8 0.16 0.64
50 0.64 0.16 0.48
50 0.558316 0.016 0.542316
50 0.542316 0.16 0.382316
14 0.8 0.016 0.784
25 0.8 0.016 0.784
14 0.784 0.16 0.624
25 0.784 0.16 0.624
12 0.8 0.16 0.64
31 0.8 0.16 0.64
41 0.8 0.16 0.64
12 0.64 0.16 0.48
31 0.64 0.16 0.48
41 0.64 0.16 0.48
12 0.557224 0.016 0.541224
16 0.8 0.016 0.784
20 0.8 0.016 0.784
31 0.550378 0.016 0.534378
41 0.552798 0.016 0.536798
20 0.784 0.16 0.624
31 0.534378 0.16 0.374378
12 0.541224 0.16 0.381224
41 0.536798 0.16 0.376798
16 0.784 0.16 0.624
10 0.8 0.16 0.64
10 0.64 0.16 0.48
10 0.55736 0.016 0.54136
10 0.54136 0.16 0.38136
6 0.8 0.16 0.64
38 0.8 0.16 0.64
49 0.8 0.16 0.64
49 0.714239 0.016 0.698239
49 0.698239 0.16 0.538239
6 0.717951 0.16 0.557951
38 0.71103 0.16 0.55103
53 0.8 0.16 0.64
6 0.634766 0.016 0.618766
13 0.8 0.016 0.784
38 0.626968 0.016 0.610968
53 0.711756 0.016 0.695756
6 0.618766 0.16 0.458766
13 0.784 0.16 0.624
53 0.695756 0.16 0.535756
38 0.610968 0.16 0.450968
33 0.8 0.016 0.784
39 0.8 0.016 0.784
58 0.8 0.016 0.784
39 0.784 0.16 0.624
33 0.784 0.16 0.624
58 0.784 0.16 0.624
24 0.8 0.016 0.784
24 0.784 0.16 0.624
17 0.8 0.016 0.784
17 0.784 0.16 0.624
35 0.8 0.016 0.784
35 0.784 0.16 0.624
36 0.8 0.16 0.64
3 0.8 0.016 0.784
36 0.791127 0.016 0.775127
3 0.784 0.16 0.624
36 0.775127 0.16 0.615127
8 0.8 0.16 0.64
8 0.717109 0.016 0.701109
8 0.701109 0.16 0.541109
23 0.8 0.016 0.784
23 0.784 0.16 0.624
60 0.8 0.16 0.64
34 0.8 0.016 0.784
40 0.8 0.016 0.784
54 0.8 0.016 0.784
60 0.71579 0.016 0.69979
54 0.784 0.16 0.624
60 0.69979 0.16 0.53979
34 0.784 0.16 0.624
40 0.784 0.16 0.624
32 0.8 0.016 0.784
32 0.784 0.16 0.624
18 0.8 0.16 0.64
18 0.712886 0.016 0.696886
18 0.696886 0.16 0.536886
2 0.8 0.016 0.784
7 0.8 0.016 0.784
46 0.8 0.016 0.784
46 0.784 0.16 0.624
2 0.784 0.16 0.624
7 0.784 0.16 0.624
9 0.8 0.16 0.64
9 0.719937 0.016 0.703937
55 0.8 0.016 0.784
55 0.784 0.16 0.624
9 0.703937 0.16 0.543937
51 0.8 0.16 0.64
57 0.8 0.16 0.64
51 0.64 0.16 0.48
57 0.64 0.16 0.48
51 0.557235 0.016 0.541235
57 0.551613 0.016 0.535613
57 0.535613 0.16 0.375613
51 0.541235 0.16 0.381235
26 0.8 0.016 0.784
26 0.784 0.16 0.624
22 0.8 0.016 0.784
22 0.784 0.16 0.624
4 0.8 0.016 0.784
4 0.784 0.16 0.624
5 0.8 0.016 0.784
5 0.784 0.16 0.624
19 0.8 0.16 0.64
19 0.712399 0.016 0.696399
19 0.696399 0.16 0.536399
56 0.8 0.016 0.784
56 0.784 0.16 0.624
11 0.8 0.016 0.784
27 0.8 0.016 0.784
11 0.784 0.16 0.624
27 0.784 0.16 0.624
52 0.8 0.016 0.784
52 0.784 0.16 0.624
