34 1899 0 100 32651124 1.70781 1.70781
20 1922 0 100 32680284 1.80781 1.80781
46 1896 0 100 32650722 1.90781 1.90781
70 1943 0 100 32655604 2.00781 2.00781
28 1947 0 100 32668528 2.10781 2.10781
68 1891 0 100 32635732 2.30781 2.30781
55 1941 0 100 32679346 2.50781 2.50781
51 1912 0 100 32647388 2.60781 2.60781
7 1940 0 100 32636410 2.60781 2.60781
52 1906 0 100 32629694 2.70781 2.70781
73 1931 0 100 32657888 2.80781 2.80781
32 1937 0 100 32656630 2.80781 2.80781
58 1930 0 100 32648558 2.90781 2.90781
57 1985 0 100 32653826 3.00781 3.00781
18 1934 0 100 32653728 3.10781 3.10781
59 1945 0 100 32655042 3.10781 3.10781
16 1942 0 100 32631398 3.10781 3.10781
1 1966 0 100 32635722 3.10781 3.10781
24 1946 0 100 32656336 3.20781 3.20781
33 1921 0 100 32682144 3.30781 3.30781
50 1897 0 100 32654694 3.40781 3.40781
13 1913 0 100 32677742 3.40781 3.40781
2 1909 0 100 32649294 3.40781 3.40781
61 1959 0 100 32664436 3.70781 3.70781
27 1974 0 100 32671788 3.80781 3.80781
43 1919 0 100 32666120 3.80781 3.80781
65 1936 0 100 32682650 3.90781 3.90781
76 1929 0 100 32656678 4.00781 4.00781
75 1969 0 100 32661416 4.10781 4.10781
72 1924 0 100 32628736 4.10781 4.10781
62 1973 0 100 32645888 4.30781 4.30781
36 1926 0 100 32625872 4.40781 4.40781
17 1916 0 100 32663064 4.40781 4.40781
74 1979 0 100 32664356 4.50781 4.50781
78 1971 0 100 32643606 4.60781 4.60781
15 1892 0 100 32646170 4.60781 4.60781
31 1972 0 100 32667104 4.80781 4.80781
41 1970 0 100 32679512 4.90781 4.90781
79 1935 0 100 32648184 5.30781 5.30781
60 1957 0 100 32672920 5.40781 5.40781
37 1961 0 100 32626352 5.50781 5.50781
9 1894 0 100 32664028 5.50781 5.50781
10 1987 0 100 32662298 5.80781 5.80781
39 1955 0 100 32652354 5.80781 5.80781
42 1933 0 100 32680448 5.80781 5.80781
80 1960 0 100 32634584 5.80781 5.80781
45 1903 0 100 32635864 5.90781 5.90781
63 1984 0 100 32669836 5.90781 5.90781
56 1918 0 100 32649504 5.90781 5.90781
71 1915 0 100 32660532 5.90781 5.90781
6 1904 0 100 32624442 6.10781 6.10781
4 1949 0 100 32661864 6.10781 6.10781
19 1901 0 100 32672288 6.20781 6.20781
64 1939 0 100 32668120 6.20781 6.20781
47 1927 0 100 32666418 6.30781 6.30781
30 1980 0 100 32676390 6.30781 6.30781
25 1907 0 100 32654084 6.40781 6.40781
66 1948 0 100 32643476 6.40781 6.40781
40 1910 0 100 32638234 6.40781 6.40781
48 1976 0 100 32639668 6.40781 6.40781
69 1917 0 100 32683090 6.40781 6.40781
54 1908 0 100 32680324 6.50781 6.50781
23 1977 0 100 32644214 6.60781 6.60781
21 1956 0 100 32677948 6.70781 6.70781
5 1923 0 100 32641088 6.80781 6.80781
67 1983 0 100 32645200 6.90781 6.90781
22 1965 0 100 32629650 7.00781 7.00781
14 1952 0 100 32673572 7.10781 7.10781
26 1963 0 100 32650842 7.20781 7.20781
11 1967 0 100 32679018 7.20781 7.20781
29 1953 0 100 32636758 7.30781 7.30781
38 1982 0 100 32658170 7.70781 7.70781
77 1989 0 100 32666402 7.90781 7.90781
