70 0.8 0.016 0.784
70 0.784 0.16 0.624
94 0.8 0.016 0.784
94 0.784 0.16 0.624
9 0.8 0.016 0.784
29 0.8 0.016 0.784
46 0.8 0.016 0.784
29 0.784 0.16 0.624
46 0.784 0.16 0.624
9 0.784 0.16 0.624
22 0.8 0.016 0.784
22 0.784 0.16 0.624
81 0.8 0.016 0.784
81 0.784 0.16 0.624
96 0.8 0.016 0.784
96 0.784 0.16 0.624
21 0.8 0.16 0.64
21 0.791482 0.016 0.775482
21 0.775482 0.16 0.615482
19 0.8 0.016 0.784
58 0.8 0.016 0.784
64 0.8 0.016 0.784
64 0.784 0.16 0.624
58 0.784 0.16 0.624
19 0.784 0.16 0.624
38 0.8 0.16 0.64
69 0.8 0.16 0.64
38 0.712708 0.016 0.696708
69 0.710823 0.016 0.694823
69 0.694823 0.16 0.534823
38 0.696708 0.16 0.536708
25 0.8 0.16 0.64
41 0.8 0.16 0.64
25 0.64 0.16 0.48
25 0.551007 0.016 0.535007
41 0.712393 0.016 0.696393
41 0.696393 0.16 0.536393
25 0.535007 0.16 0.375007
31 0.8 0.16 0.64
31 0.64 0.16 0.48
31 0.555512 0.016 0.539512
31 0.539512 0.16 0.379512
56 0.8 0.16 0.64
4 0.8 0.016 0.784
56 0.712846 0.016 0.696846
87 0.8 0.016 0.784
87 0.784 0.16 0.624
4 0.784 0.16 0.624
56 0.696846 0.16 0.536846
26 0.8 0.016 0.784
30 0.8 0.016 0.784
30 0.784 0.16 0.624
26 0.784 0.16 0.624
48 0.8 0.16 0.64
62 0.8 0.16 0.64
68 0.8 0.16 0.64
72 0.8 0.16 0.64
83 0.8 0.16 0.64
98 0.8 0.16 0.64
48 0.64 0.16 0.48
62 0.64 0.16 0.48
68 0.64 0.16 0.48
72 0.64 0.16 0.48
83 0.64 0.16 0.48
98 0.64 0.16 0.48
35 0.8 0.016 0.784
48 0.555031 0.016 0.539031
62 0.554851 0.016 0.538851
68 0.552204 0.016 0.536204
72 0.556222 0.016 0.540222
83 0.559338 0.016 0.543338
98 0.55218 0.016 0.53618
83 0.543338 0.16 0.383338
48 0.539031 0.16 0.379031
98 0.53618 0.16 0.37618
35 0.784 0.16 0.624
62 0.538851 0.16 0.378851
68 0.536204 0.16 0.376204
72 0.540222 0.16 0.380222
13 0.8 0.16 0.64
13 0.716894 0.016 0.700894
42 0.8 0.016 0.784
42 0.784 0.16 0.624
13 0.700894 0.16 0.540894
43 0.8 0.16 0.64
73 0.8 0.16 0.64
43 0.64 0.16 0.48
73 0.64 0.16 0.48
43 0.558129 0.016 0.542129
73 0.558505 0.016 0.542505
43 0.542129 0.16 0.382129
73 0.542505 0.16 0.382505
27 0.8 0.016 0.784
34 0.8 0.016 0.784
34 0.784 0.16 0.624
27 0.784 0.16 0.624
84 0.8 0.16 0.64
84 0.64 0.16 0.48
79 0.8 0.016 0.784
84 0.557228 0.016 0.541228
84 0.541228 0.16 0.381228
79 0.784 0.16 0.624
5 0.8 0.16 0.64
12 0.8 0.16 0.64
57 0.8 0.16 0.64
5 0.64 0.16 0.48
12 0.64 0.16 0.48
57 0.64 0.16 0.48
5 0.553025 0.016 0.537025
12 0.559005 0.016 0.543005
57 0.554737 0.016 0.538737
12 0.543005 0.16 0.383005
57 0.538737 0.16 0.378737
5 0.537025 0.16 0.377025
1 0.8 0.16 0.64
54 0.8 0.16 0.64
1 0.71373 0.016 0.69773
54 0.712235 0.016 0.696235
1 0.69773 0.16 0.53773
54 0.696235 0.16 0.536235
76 0.8 0.16 0.64
28 0.8 0.016 0.784
76 0.713293 0.016 0.697293
76 0.697293 0.16 0.537293
28 0.784 0.16 0.624
71 0.8 0.16 0.64
74 0.8 0.16 0.64
97 0.8 0.16 0.64
71 0.64 0.16 0.48
74 0.64 0.16 0.48
97 0.64 0.16 0.48
71 0.556001 0.016 0.540001
74 0.555253 0.016 0.539253
91 0.8 0.016 0.784
97 0.552389 0.016 0.536389
97 0.536389 0.16 0.376389
91 0.784 0.16 0.624
74 0.539253 0.16 0.379253
71 0.540001 0.16 0.380001
7 0.8 0.16 0.64
52 0.8 0.16 0.64
6 0.8 0.16 0.64
7 0.64 0.16 0.48
8 0.8 0.16 0.64
23 0.8 0.16 0.64
33 0.8 0.16 0.64
52 0.64 0.16 0.48
7 0.48 0.16 0.32
6 0.64 0.16 0.48
7 0.32 0.16 0.16
8 0.64 0.16 0.48
23 0.64 0.16 0.48
33 0.64 0.16 0.48
52 0.48 0.16 0.32
6 0.552423 0.016 0.536423
7 0.231415 0.016 0.215415
8 0.550503 0.016 0.534503
23 0.559377 0.016 0.543377
33 0.559213 0.016 0.543213
52 0.397319 0.016 0.381319
6 0.536423 0.16 0.376423
8 0.534503 0.16 0.374503
52 0.381319 0.16 0.221319
23 0.543377 0.16 0.383377
33 0.543213 0.16 0.383213
7 0.215415 0.16 0.0554149
67 0.8 0.16 0.64
67 0.64 0.16 0.48
67 0.559648 0.016 0.543648
67 0.543648 0.16 0.383648
15 0.8 0.16 0.64
51 0.8 0.16 0.64
15 0.717435 0.016 0.701435
86 0.8 0.016 0.784
86 0.784 0.16 0.624
15 0.701435 0.16 0.541435
51 0.716163 0.16 0.556163
95 0.8 0.16 0.64
99 0.8 0.16 0.64
51 0.556163 0.16 0.396163
99 0.64 0.16 0.48
51 0.474028 0.016 0.458028
95 0.717238 0.016 0.701238
99 0.557449 0.016 0.541449
95 0.701238 0.16 0.541238
99 0.541449 0.16 0.381449
51 0.458028 0.16 0.298028
16 0.8 0.16 0.64
61 0.8 0.16 0.64
16 0.64 0.16 0.48
61 0.64 0.16 0.48
16 0.559176 0.016 0.543176
61 0.555491 0.016 0.539491
16 0.543176 0.16 0.383176
61 0.539491 0.16 0.379491
40 0.8 0.16 0.64
100 0.8 0.16 0.64
40 0.64 0.16 0.48
100 0.64 0.16 0.48
40 0.557168 0.016 0.541168
100 0.550757 0.016 0.534757
40 0.541168 0.16 0.381168
100 0.534757 0.16 0.374757
17 0.8 0.16 0.64
55 0.8 0.16 0.64
17 0.64 0.16 0.48
55 0.64 0.16 0.48
17 0.551279 0.016 0.535279
55 0.551697 0.016 0.535697
17 0.535279 0.16 0.375279
55 0.535697 0.16 0.375697
11 0.8 0.016 0.784
37 0.8 0.016 0.784
59 0.8 0.016 0.784
65 0.8 0.016 0.784
37 0.784 0.16 0.624
59 0.784 0.16 0.624
65 0.784 0.16 0.624
11 0.784 0.16 0.624
92 0.8 0.016 0.784
92 0.784 0.16 0.624
82 0.8 0.16 0.64
82 0.716255 0.016 0.700255
82 0.700255 0.16 0.540255
78 0.8 0.16 0.64
80 0.8 0.16 0.64
85 0.8 0.16 0.64
78 0.714588 0.016 0.698588
80 0.710048 0.016 0.694048
85 0.714972 0.016 0.698972
78 0.698588 0.16 0.538588
80 0.694048 0.16 0.534048
85 0.698972 0.16 0.538972
63 0.8 0.16 0.64
63 0.64 0.16 0.48
10 0.8 0.016 0.784
63 0.559242 0.016 0.543242
10 0.784 0.16 0.624
63 0.543242 0.16 0.383242
36 0.8 0.016 0.784
77 0.8 0.016 0.784
36 0.784 0.16 0.624
77 0.784 0.16 0.624
49 0.8 0.16 0.64
53 0.8 0.16 0.64
49 0.64 0.16 0.48
53 0.64 0.16 0.48
49 0.551293 0.016 0.535293
53 0.555884 0.016 0.539884
49 0.535293 0.16 0.375293
53 0.539884 0.16 0.379884
14 0.8 0.016 0.784
14 0.784 0.16 0.624
47 0.8 0.16 0.64
93 0.8 0.16 0.64
93 0.711782 0.016 0.695782
93 0.695782 0.16 0.535782
47 0.713232 0.16 0.553232
88 0.8 0.16 0.64
47 0.633015 0.016 0.617015
88 0.719004 0.016 0.703004
88 0.703004 0.16 0.543004
47 0.617015 0.16 0.457015
50 0.8 0.16 0.64
50 0.719206 0.016 0.703206
50 0.703206 0.16 0.543206
20 0.8 0.16 0.64
60 0.8 0.16 0.64
89 0.8 0.16 0.64
18 0.8 0.016 0.784
20 0.718047 0.016 0.702047
60 0.716616 0.016 0.700616
89 0.713195 0.016 0.697195
20 0.702047 0.16 0.542047
89 0.697195 0.16 0.537195
60 0.700616 0.16 0.540616
18 0.784 0.16 0.624
66 0.8 0.16 0.64
66 0.64 0.16 0.48
66 0.48 0.16 0.32
66 0.392838 0.016 0.376838
66 0.376838 0.16 0.216838
45 0.8 0.16 0.64
90 0.8 0.16 0.64
45 0.719487 0.016 0.703487
90 0.716525 0.016 0.700525
90 0.700525 0.16 0.540525
45 0.703487 0.16 0.543487
39 0.8 0.16 0.64
39 0.712112 0.016 0.696112
39 0.696112 0.16 0.536112
32 0.8 0.016 0.784
32 0.784 0.16 0.624
75 0.8 0.16 0.64
75 0.717777 0.016 0.701777
75 0.701777 0.16 0.541777
44 0.8 0.016 0.784
44 0.784 0.16 0.624
3 0.8 0.016 0.784
3 0.784 0.16 0.624
2 0.8 0.016 0.784
2 0.784 0.16 0.624
24 0.8 0.16 0.64
24 0.71334 0.016 0.69734
24 0.69734 0.16 0.53734
