26 2360 1.03022
70 2361 1.0313
6 2362 1.051
29 2364 1.06901
62 2365 1.09459
72 2366 1.09469
57 2367 1.10198
52 2368 1.13493
27 2370 1.1836
99 2371 1.2061
46 2372 1.20623
83 2373 1.20774
14 2374 1.25439
38 2376 1.30034
94 2377 1.30943
53 2378 1.31148
51 2379 1.3206
96 2380 1.34125
55 2382 1.36678
43 2383 1.40571
49 2384 1.41269
9 2385 1.42891
59 2386 1.45315
34 2387 1.45851
25 2389 1.46441
61 2390 1.48408
21 2391 1.48937
16 2392 1.5065
7 2393 1.51925
18 2394 1.54028
15 2395 1.55662
28 2397 1.63089
69 2398 1.63327
22 2399 1.64922
40 2401 1.67169
47 2402 1.67659
85 2403 1.67997
19 2404 1.68934
92 2405 1.72066
58 2406 1.74276
33 2407 1.76044
45 2409 1.77948
67 2410 1.79078
42 2411 1.82194
5 2412 1.82434
48 2413 1.84137
81 2414 1.84419
79 2416 1.89365
77 2417 1.89567
13 2418 1.89863
50 2419 1.92122
64 2420 1.9437
87 2421 1.94662
100 2422 1.9527
86 2423 1.96062
56 2425 1.96476
76 2426 1.98787
31 2427 2.02717
8 2428 2.0453
17 2430 2.07724
30 2431 2.07874
98 2432 2.11112
36 2433 2.14776
84 2434 2.16172
93 2436 2.16847
44 2437 2.22517
12 2438 2.23386
95 2440 2.31803
74 2441 2.32095
89 2443 2.38714
41 2444 2.39484
60 2445 2.44
23 2446 2.44254
91 2448 2.49498
63 2449 2.50441
11 2450 2.50582
75 2451 2.50716
71 2452 2.51389
10 2453 2.52727
73 2455 2.59087
78 2456 2.59675
3 2457 2.6028
39 2458 2.65702
90 2460 2.71269
4 2461 2.7172
1 2462 2.73436
54 2463 2.74076
20 2465 2.7634
97 2466 2.79391
88 2467 2.8142
37 2468 2.8174
32 2469 2.85779
82 2471 2.87564
68 2472 2.90647
80 2473 2.92671
2 2474 2.94751
24 2476 2.96926
65 2477 2.97129
66 2478 2.98758
35 2479 2.99824
