51 0.8 0.016 0.784
51 0.784 0.16 0.624
37 0.8 0.016 0.784
37 0.784 0.16 0.624
80 0.8 0.016 0.784
80 0.784 0.16 0.624
5 0.8 0.016 0.784
5 0.784 0.16 0.624
63 0.8 0.016 0.784
63 0.784 0.16 0.624
77 0.8 0.016 0.784
77 0.784 0.16 0.624
79 0.8 0.016 0.784
87 0.8 0.016 0.784
79 0.784 0.16 0.624
87 0.784 0.16 0.624
8 0.8 0.016 0.784
8 0.784 0.16 0.624
22 0.8 0.016 0.784
33 0.8 0.016 0.784
22 0.784 0.16 0.624
33 0.784 0.16 0.624
7 0.8 0.16 0.64
7 0.712121 0.016 0.696121
7 0.696121 0.16 0.536121
9 0.8 0.016 0.784
50 0.8 0.016 0.784
50 0.784 0.16 0.624
9 0.784 0.16 0.624
3 0.8 0.16 0.64
3 0.717546 0.016 0.701546
23 0.8 0.016 0.784
23 0.784 0.16 0.624
3 0.701546 0.16 0.541546
29 0.8 0.16 0.64
49 0.8 0.16 0.64
29 0.64 0.16 0.48
49 0.64 0.16 0.48
12 0.8 0.016 0.784
29 0.552361 0.016 0.536361
49 0.553502 0.016 0.537502
83 0.8 0.016 0.784
12 0.784 0.16 0.624
29 0.536361 0.16 0.376361
49 0.537502 0.16 0.377502
83 0.784 0.16 0.624
11 0.8 0.016 0.784
11 0.784 0.16 0.624
84 0.8 0.16 0.64
69 0.8 0.016 0.784
69 0.784 0.16 0.624
66 0.8 0.16 0.64
84 0.715618 0.16 0.555618
66 0.719375 0.016 0.703375
84 0.634528 0.016 0.618528
84 0.618528 0.16 0.458528
66 0.703375 0.16 0.543375
78 0.8 0.016 0.784
81 0.8 0.016 0.784
86 0.8 0.016 0.784
81 0.784 0.16 0.624
86 0.784 0.16 0.624
78 0.784 0.16 0.624
40 0.8 0.16 0.64
40 0.716495 0.016 0.700495
40 0.700495 0.16 0.540495
74 0.8 0.016 0.784
74 0.784 0.16 0.624
18 0.8 0.16 0.64
82 0.8 0.16 0.64
18 0.716509 0.016 0.700509
82 0.719491 0.016 0.703491
18 0.700509 0.16 0.540509
82 0.703491 0.16 0.543491
25 0.8 0.16 0.64
60 0.8 0.16 0.64
90 0.8 0.16 0.64
25 0.64 0.16 0.48
25 0.550627 0.016 0.534627
60 0.714949 0.016 0.698949
90 0.718828 0.016 0.702828
25 0.534627 0.16 0.374627
90 0.702828 0.16 0.542828
60 0.698949 0.16 0.538949
53 0.8 0.16 0.64
53 0.64 0.16 0.48
53 0.48 0.16 0.32
53 0.395618 0.016 0.379618
53 0.379618 0.16 0.219618
16 0.8 0.016 0.784
16 0.784 0.16 0.624
10 0.8 0.16 0.64
10 0.710359 0.016 0.694359
10 0.694359 0.16 0.534359
2 0.8 0.016 0.784
42 0.8 0.016 0.784
71 0.8 0.016 0.784
76 0.8 0.016 0.784
88 0.8 0.016 0.784
2 0.784 0.16 0.624
76 0.784 0.16 0.624
71 0.784 0.16 0.624
42 0.784 0.16 0.624
88 0.784 0.16 0.624
14 0.8 0.016 0.784
67 0.8 0.016 0.784
68 0.8 0.016 0.784
14 0.784 0.16 0.624
68 0.784 0.16 0.624
67 0.784 0.16 0.624
20 0.8 0.16 0.64
24 0.8 0.16 0.64
61 0.8 0.16 0.64
24 0.64 0.16 0.48
61 0.64 0.16 0.48
24 0.551014 0.016 0.535014
61 0.556976 0.016 0.540976
24 0.535014 0.16 0.375014
61 0.540976 0.16 0.380976
20 0.711632 0.16 0.551632
20 0.551632 0.16 0.391632
20 0.469102 0.016 0.453102
20 0.453102 0.16 0.293102
39 0.8 0.016 0.784
39 0.784 0.16 0.624
47 0.8 0.16 0.64
56 0.8 0.16 0.64
47 0.713988 0.016 0.697988
56 0.713154 0.016 0.697154
56 0.697154 0.16 0.537154
47 0.697988 0.16 0.537988
15 0.8 0.16 0.64
15 0.64 0.16 0.48
21 0.8 0.16 0.64
15 0.556028 0.016 0.540028
21 0.719781 0.016 0.703781
15 0.540028 0.16 0.380028
21 0.703781 0.16 0.543781
13 0.8 0.016 0.784
13 0.784 0.16 0.624
30 0.8 0.16 0.64
30 0.7126 0.016 0.6966
43 0.8 0.016 0.784
46 0.8 0.016 0.784
43 0.784 0.16 0.624
30 0.6966 0.16 0.5366
46 0.784 0.16 0.624
6 0.8 0.16 0.64
27 0.8 0.16 0.64
62 0.8 0.16 0.64
65 0.8 0.16 0.64
70 0.8 0.16 0.64
6 0.64 0.16 0.48
19 0.8 0.16 0.64
27 0.64 0.16 0.48
62 0.64 0.16 0.48
65 0.64 0.16 0.48
70 0.64 0.16 0.48
6 0.48 0.16 0.32
19 0.64 0.16 0.48
27 0.48 0.16 0.32
62 0.48 0.16 0.32
65 0.48 0.16 0.32
70 0.48 0.16 0.32
6 0.390785 0.016 0.374785
19 0.554127 0.016 0.538127
62 0.393619 0.016 0.377619
65 0.398738 0.016 0.382738
70 0.394583 0.016 0.378583
65 0.382738 0.16 0.222738
70 0.378583 0.16 0.218583
62 0.377619 0.16 0.217619
19 0.538127 0.16 0.378127
6 0.374785 0.16 0.214785
27 0.391166 0.16 0.231166
28 0.8 0.16 0.64
27 0.231166 0.16 0.0711658
28 0.64 0.16 0.48
27 0.0711658 0.16 -0.0888342
28 0.48 0.16 0.32
31 0.8 0.16 0.64
27 0 0.16 -0.16
28 0.32 0.16 0.16
31 0.64 0.16 0.48
27 0 0.16 -0.16
28 0.16 0.16 -5.55112e-17
27 0.0766309 0.016 0.0606309
28 0.0755156 0.016 0.0595156
31 0.555292 0.016 0.539292
31 0.539292 0.16 0.379292
1 0.8 0.16 0.64
27 0.0606309 0.16 -0.0993691
28 0.0595156 0.16 -0.100484
1 0.71052 0.016 0.69452
28 0.0704937 0.016 0.0544937
1 0.69452 0.16 0.53452
52 0.8 0.16 0.64
4 0.8 0.016 0.784
38 0.8 0.016 0.784
52 0.716496 0.016 0.700496
4 0.784 0.16 0.624
38 0.784 0.16 0.624
52 0.700496 0.16 0.540496
32 0.8 0.016 0.784
32 0.784 0.16 0.624
58 0.8 0.16 0.64
35 0.8 0.016 0.784
57 0.8 0.016 0.784
58 0.714398 0.016 0.698398
57 0.784 0.16 0.624
35 0.784 0.16 0.624
27 0.376403 0.16 0.216403
28 0.355585 0.16 0.195585
58 0.698398 0.16 0.538398
73 0.8 0.16 0.64
75 0.8 0.16 0.64
75 0.64 0.16 0.48
75 0.5572 0.016 0.5412
28 0.273858 0.16 0.113858
75 0.5412 0.16 0.3812
73 0.714816 0.16 0.554816
73 0.628281 0.016 0.612281
89 0.8 0.016 0.784
89 0.784 0.16 0.624
73 0.612281 0.16 0.452281
17 0.8 0.016 0.784
17 0.784 0.16 0.624
41 0.8 0.16 0.64
41 0.712827 0.016 0.696827
41 0.696827 0.16 0.536827
44 0.8 0.16 0.64
44 0.713837 0.016 0.697837
44 0.697837 0.16 0.537837
48 0.8 0.16 0.64
59 0.8 0.16 0.64
45 0.8 0.016 0.784
48 0.715057 0.016 0.699057
55 0.8 0.016 0.784
59 0.710826 0.016 0.694826
45 0.784 0.16 0.624
55 0.784 0.16 0.624
59 0.694826 0.16 0.534826
48 0.699057 0.16 0.539057
85 0.8 0.16 0.64
85 0.64 0.16 0.48
85 0.559712 0.016 0.543712
85 0.543712 0.16 0.383712
36 0.8 0.016 0.784
64 0.8 0.016 0.784
72 0.8 0.016 0.784
72 0.784 0.16 0.624
64 0.784 0.16 0.624
36 0.784 0.16 0.624
54 0.8 0.16 0.64
54 0.64 0.16 0.48
54 0.48 0.16 0.32
54 0.396553 0.016 0.380553
54 0.380553 0.16 0.220553
34 0.8 0.16 0.64
34 0.712043 0.016 0.696043
34 0.696043 0.16 0.536043
26 0.8 0.016 0.784
26 0.784 0.16 0.624
