34 0.8 0.016 0.784
34 0.784 0.16 0.624
20 0.8 0.016 0.784
20 0.784 0.16 0.624
46 0.8 0.16 0.64
46 0.717067 0.016 0.701067
46 0.701067 0.16 0.541067
70 0.8 0.016 0.784
70 0.784 0.16 0.624
28 0.8 0.016 0.784
28 0.784 0.16 0.624
68 0.8 0.016 0.784
68 0.784 0.16 0.624
55 0.8 0.016 0.784
55 0.784 0.16 0.624
7 0.8 0.16 0.64
51 0.8 0.16 0.64
7 0.717054 0.016 0.701054
51 0.710088 0.016 0.694088
51 0.694088 0.16 0.534088
7 0.701054 0.16 0.541054
52 0.8 0.16 0.64
52 0.64 0.16 0.48
52 0.554924 0.016 0.538924
52 0.538924 0.16 0.378924
32 0.8 0.16 0.64
73 0.8 0.16 0.64
32 0.718925 0.016 0.702925
73 0.716595 0.016 0.700595
73 0.700595 0.16 0.540595
32 0.702925 0.16 0.542925
58 0.8 0.16 0.64
58 0.64 0.16 0.48
58 0.550041 0.016 0.534041
58 0.534041 0.16 0.374041
57 0.8 0.16 0.64
57 0.711307 0.016 0.695307
57 0.695307 0.16 0.535307
1 0.8 0.16 0.64
3 0.8 0.16 0.64
16 0.8 0.16 0.64
18 0.8 0.16 0.64
59 0.8 0.16 0.64
1 0.713237 0.016 0.697237
3 0.718101 0.016 0.702101
8 0.8 0.016 0.784
16 0.711367 0.016 0.695367
18 0.718269 0.016 0.702269
59 0.718674 0.016 0.702674
18 0.702269 0.16 0.542269
59 0.702674 0.16 0.542674
3 0.702101 0.16 0.542101
8 0.784 0.16 0.624
16 0.695367 0.16 0.535367
1 0.697237 0.16 0.537237
24 0.8 0.16 0.64
24 0.64 0.16 0.48
24 0.48 0.16 0.32
24 0.390112 0.016 0.374112
24 0.374112 0.16 0.214112
33 0.8 0.016 0.784
33 0.784 0.16 0.624
2 0.8 0.16 0.64
13 0.8 0.16 0.64
50 0.8 0.16 0.64
2 0.716912 0.016 0.700912
13 0.712601 0.016 0.696601
50 0.717903 0.016 0.701903
50 0.701903 0.16 0.541903
13 0.696601 0.16 0.536601
2 0.700912 0.16 0.540912
61 0.8 0.016 0.784
61 0.784 0.16 0.624
27 0.8 0.16 0.64
43 0.8 0.16 0.64
27 0.710175 0.016 0.694175
43 0.717696 0.016 0.701696
27 0.694175 0.16 0.534175
43 0.701696 0.16 0.541696
65 0.8 0.16 0.64
65 0.710841 0.016 0.694841
65 0.694841 0.16 0.534841
76 0.8 0.16 0.64
76 0.713629 0.016 0.697629
76 0.697629 0.16 0.537629
72 0.8 0.16 0.64
75 0.8 0.16 0.64
72 0.716886 0.016 0.700886
75 0.718052 0.016 0.702052
75 0.702052 0.16 0.542052
72 0.700886 0.16 0.540886
62 0.8 0.016 0.784
62 0.784 0.16 0.624
36 0.8 0.16 0.64
17 0.8 0.016 0.784
36 0.716752 0.016 0.700752
36 0.700752 0.16 0.540752
17 0.784 0.16 0.624
74 0.8 0.16 0.64
53 0.8 0.016 0.784
74 0.716193 0.016 0.700193
53 0.784 0.16 0.624
74 0.700193 0.16 0.540193
15 0.8 0.16 0.64
78 0.8 0.16 0.64
15 0.717443 0.016 0.701443
78 0.716104 0.016 0.700104
78 0.700104 0.16 0.540104
15 0.701443 0.16 0.541443
31 0.8 0.016 0.784
31 0.784 0.16 0.624
41 0.8 0.16 0.64
41 0.716612 0.016 0.700612
41 0.700612 0.16 0.540612
79 0.8 0.016 0.784
79 0.784 0.16 0.624
60 0.8 0.016 0.784
60 0.784 0.16 0.624
9 0.8 0.16 0.64
37 0.8 0.16 0.64
9 0.719645 0.016 0.703645
37 0.719937 0.016 0.703937
37 0.703937 0.16 0.543937
9 0.703645 0.16 0.543645
10 0.8 0.016 0.784
12 0.8 0.016 0.784
39 0.8 0.016 0.784
42 0.8 0.016 0.784
80 0.8 0.016 0.784
10 0.784 0.16 0.624
39 0.784 0.16 0.624
42 0.784 0.16 0.624
12 0.784 0.16 0.624
80 0.784 0.16 0.624
45 0.8 0.16 0.64
56 0.8 0.16 0.64
71 0.8 0.16 0.64
45 0.64 0.16 0.48
56 0.64 0.16 0.48
71 0.64 0.16 0.48
45 0.48 0.16 0.32
49 0.8 0.16 0.64
56 0.48 0.16 0.32
71 0.48 0.16 0.32
49 0.64 0.16 0.48
71 0.32 0.16 0.16
45 0.32 0.16 0.16
56 0.32 0.16 0.16
45 0.238037 0.016 0.222037
56 0.233036 0.016 0.217036
63 0.8 0.016 0.784
71 0.23878 0.016 0.22278
45 0.222037 0.16 0.0620371
63 0.784 0.16 0.624
56 0.217036 0.16 0.0570364
71 0.22278 0.16 0.0627805
49 0.551061 0.16 0.391061
49 0.391061 0.16 0.231061
49 0.231061 0.16 0.0710612
49 0.0710612 0.16 -0.0889388
49 0.0771822 0.016 0.0611822
4 0.8 0.016 0.784
6 0.8 0.016 0.784
6 0.784 0.16 0.624
4 0.784 0.16 0.624
19 0.8 0.16 0.64
64 0.8 0.16 0.64
19 0.719946 0.016 0.703946
64 0.714733 0.016 0.698733
19 0.703946 0.16 0.543946
64 0.698733 0.16 0.538733
47 0.8 0.16 0.64
47 0.64 0.16 0.48
30 0.8 0.016 0.784
35 0.8 0.016 0.784
44 0.8 0.016 0.784
47 0.554158 0.016 0.538158
35 0.784 0.16 0.624
44 0.784 0.16 0.624
47 0.538158 0.16 0.378158
30 0.784 0.16 0.624
25 0.8 0.16 0.64
40 0.8 0.16 0.64
69 0.8 0.16 0.64
48 0.8 0.16 0.64
66 0.8 0.16 0.64
25 0.64 0.16 0.48
40 0.64 0.16 0.48
48 0.64 0.16 0.48
66 0.64 0.16 0.48
69 0.64 0.16 0.48
25 0.55512 0.016 0.53912
40 0.55708 0.016 0.54108
48 0.550537 0.016 0.534537
66 0.556509 0.016 0.540509
69 0.551176 0.016 0.535176
25 0.53912 0.16 0.37912
66 0.540509 0.16 0.380509
40 0.54108 0.16 0.38108
48 0.534537 0.16 0.374537
69 0.535176 0.16 0.375176
54 0.8 0.016 0.784
49 0.439473 0.16 0.279473
54 0.784 0.16 0.624
23 0.8 0.16 0.64
23 0.714756 0.016 0.698756
23 0.698756 0.16 0.538756
21 0.8 0.016 0.784
21 0.784 0.16 0.624
5 0.8 0.16 0.64
5 0.711856 0.016 0.695856
5 0.695856 0.16 0.535856
67 0.8 0.016 0.784
67 0.784 0.16 0.624
22 0.8 0.16 0.64
22 0.712911 0.016 0.696911
22 0.696911 0.16 0.536911
14 0.8 0.016 0.784
14 0.784 0.16 0.624
11 0.8 0.16 0.64
26 0.8 0.16 0.64
11 0.714506 0.016 0.698506
26 0.714529 0.016 0.698529
26 0.698529 0.16 0.538529
11 0.698506 0.16 0.538506
29 0.8 0.16 0.64
29 0.711317 0.016 0.695317
29 0.695317 0.16 0.535317
38 0.8 0.016 0.784
38 0.784 0.16 0.624
77 0.8 0.016 0.784
77 0.784 0.16 0.624
