12 100 1.01756
47 101 1.0273
27 102 1.04924
17 103 1.06392
37 104 1.12067
19 105 1.12622
40 106 1.14509
8 107 1.18869
46 108 1.21789
16 109 1.22699
39 110 1.23595
25 111 1.27612
5 112 1.37214
2 113 1.43104
34 114 1.45145
20 115 1.56197
35 116 1.57801
42 117 1.59883
22 118 1.62339
28 119 1.63307
36 120 1.65802
41 121 1.67222
33 122 1.68338
23 123 1.77646
21 124 1.77983
26 125 1.85147
24 126 1.87576
49 127 1.95454
6 128 1.96098
31 129 1.96292
1 130 1.96298
50 131 1.9846
10 132 2.01887
32 133 2.08148
4 134 2.18077
13 135 2.20224
18 136 2.24606
3 137 2.28943
38 138 2.36122
29 139 2.3647
45 140 2.38647
15 141 2.4121
14 142 2.50801
11 143 2.57001
48 144 2.70974
43 145 2.7387
44 146 2.84226
9 147 2.90548
7 148 2.91519
30 149 2.9654
