57 280
19 281
65 282
33 283
4 284
46 285
30 286
3 287
13 288
26 289
42 290
79 291
18 292
69 293
74 294
29 295
22 296
5 297
80 298
39 299
25 300
58 301
2 302
36 303
50 304
55 305
6 306
66 307
12 308
73 309
38 310
27 311
62 312
63 313
71 314
47 315
41 316
68 317
17 318
67 319
16 320
28 321
70 322
34 323
78 324
53 325
15 326
61 327
52 328
11 329
14 330
21 331
44 332
7 333
77 334
1 335
20 336
45 337
35 338
54 339
9 340
37 341
31 342
10 343
59 344
24 345
40 346
23 347
60 348
51 349
64 350
49 351
76 352
43 353
75 354
48 355
8 356
56 357
32 358
72 359
