70 450 1.00774
76 451 1.01452
59 452 1.0188
64 453 1.04554
74 454 1.07811
25 455 1.09278
33 456 1.09741
50 457 1.12005
57 458 1.1337
19 459 1.15676
42 460 1.1895
53 461 1.24355
100 462 1.24855
81 463 1.24922
83 464 1.26146
20 465 1.26426
63 466 1.27311
3 467 1.27497
93 468 1.28632
95 469 1.29297
17 470 1.32237
77 471 1.34212
9 472 1.42462
56 473 1.42737
12 474 1.43772
97 475 1.48912
8 476 1.49542
52 477 1.50142
40 478 1.50187
78 479 1.50328
55 480 1.52029
29 481 1.54545
90 482 1.55731
72 483 1.56737
94 484 1.57133
7 485 1.58644
99 486 1.5973
62 487 1.60099
13 488 1.60885
47 489 1.61827
14 490 1.62172
51 491 1.74749
18 492 1.74791
26 493 1.82008
92 494 1.83282
2 495 1.86879
54 496 1.87132
21 497 1.89589
67 498 1.91725
65 499 1.93353
1 500 1.96224
32 501 1.96291
48 502 1.98272
58 503 1.98449
84 504 1.9943
61 505 2.01965
45 506 2.03624
87 507 2.07045
96 508 2.11515
27 509 2.12011
30 510 2.12413
24 511 2.14624
15 512 2.15158
23 513 2.16993
86 514 2.19077
11 515 2.19225
73 516 2.1991
31 517 2.23705
28 518 2.24041
37 519 2.24773
69 520 2.27323
80 521 2.29585
16 522 2.33938
4 523 2.34595
89 524 2.34708
88 525 2.34788
98 526 2.3658
46 527 2.39546
41 528 2.40854
85 529 2.41844
68 530 2.5038
39 531 2.52371
10 532 2.53352
66 533 2.55336
71 534 2.62385
44 535 2.63754
36 536 2.68031
38 537 2.68153
43 538 2.74734
82 539 2.76546
6 540 2.77691
22 541 2.78092
79 542 2.81369
91 543 2.83494
60 544 2.87128
35 545 2.8914
5 546 2.89624
49 547 2.90439
75 548 2.91951
34 549 2.93003
