6 150 1.0044
10 151 1.05732
36 152 1.05914
14 153 1.12029
53 154 1.15363
16 155 1.18923
27 156 1.18935
55 157 1.20203
49 158 1.22084
37 159 1.28295
9 160 1.29258
54 161 1.32057
42 162 1.35027
19 163 1.44024
38 164 1.45094
39 165 1.47597
3 166 1.47648
56 167 1.53686
24 168 1.55232
20 169 1.61644
35 170 1.62884
52 171 1.64367
28 172 1.68605
51 173 1.715
8 174 1.72078
1 175 1.7546
47 176 1.80812
22 177 1.82029
12 178 1.84547
43 179 1.88505
40 180 1.9555
48 181 1.96731
41 182 2.00194
18 183 2.05947
29 184 2.10568
33 185 2.14303
50 186 2.1552
13 187 2.15977
30 188 2.2394
44 189 2.26279
32 190 2.27167
23 191 2.33579
5 192 2.3441
4 193 2.38773
25 194 2.3973
7 195 2.44515
59 196 2.46015
31 197 2.47696
45 198 2.51413
46 199 2.51827
34 200 2.5812
15 201 2.59774
21 202 2.63521
60 203 2.63622
58 204 2.71615
57 205 2.76399
26 206 2.77407
2 207 2.88536
17 208 2.89253
11 209 2.96425
