46 3310 0 100 88873836 1.2613 1.2613
26 3322 0 100 154297784 1.5613 1.5613
27 3325 0 100 88844396 1.6613 1.6613
39 3348 0 100 121564376 2.1613 2.1613
33 3345 0 100 56202894 2.2613 2.2613
42 3361 0 100 88868036 2.5613 2.5613
21 3321 0 100 121534004 2.6613 2.6613
41 3356 0 100 88854364 2.7613 2.7613
28 3342 0 100 88871272 2.7613 2.7613
35 3344 0 100 121564562 2.7613 2.7613
47 3326 0 100 154245440 2.7613 2.7613
12 3369 0 100 88859812 2.8613 2.8613
40 3367 0 100 154253808 3.3613 3.3613
1 3317 0 100 154264408 3.3613 3.3613
45 3319 0 100 88845456 3.4613 3.4613
23 3316 0 100 154245136 3.5613 3.5613
2 3335 0 100 56202842 3.6613 3.6613
9 3336 0 100 121535048 3.6613 3.6613
34 3314 0 100 88874280 3.8613 3.8613
8 3313 0 100 121563110 3.9613 3.9613
17 3324 0 100 154244176 3.9613 3.9613
16 3327 0 100 56200198 4.0613 4.0613
49 3337 0 100 121563014 4.0613 4.0613
6 3351 0 100 154254312 4.1613 4.1613
36 3330 0 100 121559438 4.3613 4.3613
29 3354 0 100 154303200 4.4613 4.4613
30 3364 0 100 154279208 4.5613 4.5613
10 3343 0 100 121530920 4.6613 4.6613
44 3332 0 100 154244064 4.6613 4.6613
37 3355 0 100 121564568 4.7613 4.7613
43 3312 0 100 154296440 5.3613 5.3613
7 3346 0 100 121541978 5.4613 5.4613
5 3366 0 100 121562774 5.4613 5.4613
15 3328 0 100 121574582 5.4613 5.4613
3 3370 0 100 154293680 5.5613 5.5613
48 3376 0 100 88875008 5.6613 5.6613
25 3371 0 100 154281744 5.6613 5.6613
14 3340 0 100 121527926 5.8613 5.8613
38 3359 0 100 88847500 6.0613 6.0613
24 3362 0 100 88853816 6.0613 6.0613
4 3334 0 100 121563986 6.2613 6.2613
22 3374 0 100 121568546 6.3613 6.3613
19 3375 0 100 154244080 6.3613 6.3613
11 3372 0 100 154250552 6.3613 6.3613
31 3338 0 100 88862600 6.7613 6.7613
20 3353 0 100 121544750 6.7613 6.7613
50 3349 0 100 154280472 6.9613 6.9613
32 3377 0 100 88860572 7.0613 7.0613
13 3363 0 100 154256224 7.4613 7.4613
18 3360 0 100 121555004 7.5613 7.5613
