55 3720 1.00004
65 3722 1.03058
3 3723 1.04558
70 3724 1.04567
43 3725 1.07542
27 3726 1.1216
19 3728 1.13842
47 3729 1.17905
49 3730 1.2087
60 3732 1.23868
57 3733 1.24087
52 3734 1.25289
18 3735 1.27458
21 3737 1.39829
10 3738 1.41243
1 3740 1.47465
59 3741 1.49021
24 3742 1.50109
9 3743 1.50444
8 3745 1.57241
2 3746 1.62453
37 3748 1.69493
66 3749 1.72075
69 3751 1.73863
25 3752 1.74008
61 3753 1.78197
28 3754 1.82681
40 3756 1.85633
6 3757 1.86136
17 3758 1.86965
38 3759 1.89041
46 3761 1.93083
4 3762 1.94123
13 3763 1.97695
44 3765 2.05463
22 3766 2.0753
48 3767 2.09177
41 3769 2.14181
64 3770 2.15879
20 3771 2.17703
45 3772 2.19153
54 3774 2.23738
35 3775 2.25567
31 3776 2.31235
36 3777 2.31733
50 3779 2.33987
51 3780 2.37328
23 3781 2.37637
30 3782 2.3776
5 3783 2.40979
62 3785 2.43646
15 3786 2.44186
63 3787 2.44281
34 3788 2.45504
16 3789 2.49777
68 3790 2.5223
42 3791 2.52417
26 3794 2.63751
7 3795 2.7094
14 3796 2.71217
12 3797 2.72137
32 3799 2.73742
56 3800 2.74183
11 3801 2.74813
29 3802 2.78206
58 3803 2.8088
53 3804 2.82978
67 3806 2.8371
39 3808 2.96556
33 3809 2.98983
