0 4160
0 4161
0 4162
0 4163
0 4164
0 4165
0 4166
0 4167
0 4168
0 4169
0 4173
0 4180
45 4177
0 4183
0 4189
20 4187
0 4192
0 4197
0 4201
0 4206
34 4204
0 4210
81 4209
0 4216
0 4221
84 4190
0 4228
33 4219
28 4217
79 4224
0 4233
65 4170
18 4215
0 4241
8 4227
51 4230
0 4243
0 4252
69 4246
73 4191
74 4199
0 4260
17 4202
0 4266
43 4195
0 4272
42 4212
89 4259
0 4276
5 4273
37 4270
0 4280
2 4248
41 4226
14 4257
67 4234
56 4236
64 4203
0 4281
44 4238
0 4282
87 4207
0 4283
19 4194
63 4213
0 4284
86 4242
70 4218
0 4285
80 4176
0 4286
49 4239
0 4287
26 4179
49 4239
57 4172
52 4200
0 4288
48 4232
53 4182
0 4289
59 4240
0 4290
39 4278
0 4291
58 4267
11 4222
12 4247
0 4292
0 4293
24 4184
78 4208
40 4231
0 4294
72 4225
61 4265
71 4193
68 4185
0 4295
55 4271
0 4296
3 4198
4 4244
88 4245
35 4258
0 4297
0 4298
22 4186
0 4299
9 4277
60 4275
30 4205
0 4300
13 4220
0 4301
0 4302
0 4303
23 4268
82 4188
0 4304
66 4171
0 4305
31 4211
6 4264
0 4306
77 4175
36 4250
27 4274
0 4307
0 4308
47 4174
0 4309
1 4235
83 4223
25 4214
0 4310
7 4262
50 4178
0 4311
76 4196
85 4181
0 4312
15 4279
0 4313
0 4314
0 4315
16 4263
62 4251
0 4316
10 4255
0 4317
0 4318
32 4237
0 4319
0 4320
0 4321
29 4261
0 4322
54 4249
0 4323
38 4254
75 4269
90 4229
0 4324
46 4253
0 4325
21 4256
0 4326
0 4327
0 4328
0 4329
0 4330
0 4331
0 4332
0 4333
0 4334
0 4335
0 4336
0 4337
0 4338
0 4339
0 4340
0 4341
0 4342
0 4343
0 4344
0 4345
0 4346
0 4347
0 4348
0 4349
0 4350
0 4351
0 4352
0 4353
0 4354
0 4355
0 4356
0 4357
0 4358
0 4359
0 4360
0 4361
0 4362
0 4363
0 4364
0 4365
0 4366
0 4367
0 4368
0 4369
0 4370
0 4371
0 4372
0 4373
0 4374
0 4375
0 4376
0 4377
0 4378
0 4379
0 4380
0 4381
0 4382
0 4383
0 4384
0 4385
0 4386
0 4387
0 4388
0 4389
0 4390
0 4391
0 4392
0 4393
0 4394
0 4395
0 4396
0 4397
0 4398
0 4399
