45 4177 0 100 88867828 1.15551 1.15551
20 4187 0 100 154254728 1.35551 1.35551
34 4204 0 100 121546892 1.75551 1.75551
81 4209 0 100 56207484 1.85551 1.85551
84 4190 0 100 154301536 2.05551 2.05551
33 4219 0 100 88874952 2.15551 2.15551
28 4217 0 100 121546514 2.15551 2.15551
79 4224 0 100 154246264 2.15551 2.15551
65 4170 0 100 121563680 2.25551 2.25551
18 4215 0 100 154246704 2.25551 2.25551
8 4227 0 100 88854600 2.35551 2.35551
51 4230 0 100 121557524 2.35551 2.35551
69 4246 0 100 56201606 2.55551 2.55551
73 4191 0 100 88867616 2.55551 2.55551
74 4199 0 100 154291976 2.55551 2.55551
17 4202 0 100 88857520 2.65551 2.65551
43 4195 0 100 154290272 2.75551 2.75551
42 4212 0 100 88857960 2.85551 2.85551
89 4259 0 100 154280224 2.85551 2.85551
5 4273 0 100 56197830 2.95551 2.95551
37 4270 0 100 88861864 2.95551 2.95551
2 4248 0 100 88863648 3.05551 3.05551
41 4226 0 100 121551098 3.05551 3.05551
14 4257 0 100 154247520 3.05551 3.05551
67 4234 0 100 154248840 3.05551 3.05551
56 4236 0 100 154260440 3.05551 3.05551
64 4203 0 100 154274488 3.05551 3.05551
44 4238 0 100 154273888 3.15551 3.15551
87 4207 0 100 88867772 3.25551 3.25551
19 4194 0 100 88867832 3.35551 3.35551
63 4213 0 100 121561928 3.35551 3.35551
86 4242 0 100 121545188 3.45551 3.45551
70 4218 0 100 154247664 3.45551 3.45551
80 4176 0 100 121565228 3.55551 3.55551
26 4179 0 100 121541660 3.75551 3.75551
57 4172 0 100 154248160 3.75551 3.75551
52 4200 0 100 154261960 3.75551 3.75551
48 4232 0 100 154269144 3.85551 3.85551
53 4182 0 100 154275376 3.85551 3.85551
59 4240 0 100 154305056 3.95551 3.95551
39 4278 0 100 154252040 4.05551 4.05551
58 4267 0 100 88853460 4.15551 4.15551
11 4222 0 100 121558184 4.15551 4.15551
12 4247 0 100 121562102 4.15551 4.15551
24 4184 0 100 88853848 4.35551 4.35551
78 4208 0 100 121552454 4.35551 4.35551
40 4231 0 100 121553396 4.35551 4.35551
72 4225 0 100 121543046 4.45551 4.45551
61 4265 0 100 121573196 4.45551 4.45551
71 4193 0 100 154265736 4.45551 4.45551
68 4185 0 100 154286560 4.45551 4.45551
55 4271 0 100 88844568 4.55551 4.55551
3 4198 0 100 121565432 4.65551 4.65551
4 4244 0 100 154242864 4.65551 4.65551
88 4245 0 100 154243856 4.65551 4.65551
35 4258 0 100 154300016 4.65551 4.65551
22 4186 0 100 88861300 4.85551 4.85551
9 4277 0 100 121543520 4.95551 4.95551
60 4275 0 100 121548560 4.95551 4.95551
30 4205 0 100 154282448 4.95551 4.95551
13 4220 0 100 121550078 5.05551 5.05551
23 4268 0 100 154289256 5.35551 5.35551
82 4188 0 100 154291712 5.35551 5.35551
66 4171 0 100 88863032 5.45551 5.45551
31 4211 0 100 154243280 5.55551 5.55551
6 4264 0 100 154292208 5.55551 5.55551
77 4175 0 100 121559594 5.65551 5.65551
36 4250 0 100 121559810 5.65551 5.65551
27 4274 0 100 154249176 5.65551 5.65551
47 4174 0 100 121568372 5.85551 5.85551
1 4235 0 100 121554590 5.95551 5.95551
83 4223 0 100 154303496 5.95551 5.95551
25 4214 0 100 154306296 5.95551 5.95551
7 4262 0 100 88848020 6.05551 6.05551
50 4178 0 100 88860024 6.05551 6.05551
76 4196 0 100 121547414 6.15551 6.15551
85 4181 0 100 154263896 6.15551 6.15551
16 4263 0 100 88872444 6.55551 6.55551
62 4251 0 100 121548542 6.55551 6.55551
10 4255 0 100 121548218 6.65551 6.65551
32 4237 0 100 154247344 6.85551 6.85551
29 4261 0 100 121535672 7.15551 7.15551
54 4249 0 100 154281944 7.25551 7.25551
38 4254 0 100 88871292 7.35551 7.35551
75 4269 0 100 121533596 7.35551 7.35551
90 4229 0 100 121535594 7.35551 7.35551
46 4253 0 100 154247072 7.45551 7.45551
21 4256 0 100 154296016 7.55551 7.55551
