0 3710
0 3711
0 3712
0 3713
0 3714
0 3715
0 3716
0 3717
0 3718
0 3719
0 3721
0 3727
43 3725
0 3731
0 3736
0 3739
52 3734
3 3723
0 3744
0 3747
24 3742
0 3750
19 3728
0 3755
0 3760
21 3737
0 3764
8 3745
60 3732
0 3768
59 3741
0 3773
49 3730
0 3778
57 3733
0 3784
41 3769
0 3792
42 3791
48 3767
0 3793
0 3798
37 3748
5 3783
0 3805
51 3780
64 3770
0 3807
61 3753
0 3810
55 3720
31 3776
0 3811
40 3756
9 3743
0 3812
28 3754
0 3813
0 3814
45 3772
0 3815
0 3816
17 3758
0 3817
0 3818
65 3722
18 3735
10 3738
22 3766
0 3819
23 3781
7 3795
0 3820
39 3808
0 3821
69 3751
0 3822
25 3752
0 3823
0 3824
16 3789
1 3740
0 3825
34 3788
1 3740
54 3774
13 3763
0 3826
58 3803
0 3827
50 3779
0 3828
15 3786
27 3726
56 3800
0 3829
0 3830
26 3794
0 3831
0 3832
0 3833
44 3765
0 3834
11 3801
0 3835
62 3785
32 3799
0 3836
14 3796
66 3749
0 3837
70 3724
35 3775
4 3762
0 3838
38 3759
2 3746
0 3839
33 3809
67 3806
0 3840
63 3787
0 3841
36 3777
0 3842
0 3843
47 3729
0 3844
0 3845
20 3771
0 3846
0 3847
0 3848
6 3757
0 3849
29 3802
0 3850
46 3761
0 3851
30 3782
68 3790
0 3852
12 3797
0 3853
0 3854
0 3855
53 3804
0 3856
0 3857
0 3858
0 3859
0 3860
0 3861
0 3862
0 3863
0 3864
0 3865
0 3866
0 3867
0 3868
0 3869
0 3870
0 3871
0 3872
0 3873
0 3874
0 3875
0 3876
0 3877
0 3878
0 3879
0 3880
0 3881
0 3882
0 3883
0 3884
0 3885
0 3886
0 3887
0 3888
0 3889
0 3890
0 3891
0 3892
0 3893
0 3894
0 3895
0 3896
0 3897
0 3898
0 3899
0 3900
0 3901
0 3902
0 3903
0 3904
0 3905
0 3906
0 3907
0 3908
0 3909
0 3910
0 3911
0 3912
0 3913
0 3914
0 3915
0 3916
0 3917
0 3918
0 3919
0 3920
0 3921
0 3922
0 3923
0 3924
0 3925
0 3926
0 3927
0 3928
0 3929
