0 3500
0 3501
0 3502
0 3503
0 3504
0 3505
0 3506
0 3507
0 3508
0 3509
0 3510
0 3512
0 3515
0 3521
41 3513
0 3525
0 3527
0 3534
0 3537
0 3540
0 3544
30 3542
0 3549
55 3548
0 3554
0 3557
0 3561
5 3559
0 3565
0 3571
0 3573
52 3546
0 3578
1 3575
0 3582
48 3541
16 3574
0 3587
6 3584
37 3567
0 3590
11 3550
0 3591
60 3556
13 3586
54 3562
0 3592
0 3593
0 3594
31 3523
0 3595
0 3596
0 3597
0 3598
0 3599
23 3522
14 3563
4 3516
0 3600
47 3545
0 3601
0 3602
0 3603
38 3577
36 3538
0 3604
21 3539
0 3605
42 3555
20 3564
0 3606
26 3533
0 3607
0 3608
17 3517
19 3531
0 3609
25 3583
0 3610
18 3514
46 3576
0 3611
0 3612
0 3613
24 3553
49 3589
0 3614
56 3529
0 3615
51 3535
10 3530
59 3519
0 3616
34 3536
8 3551
9 3526
0 3617
0 3618
39 3579
0 3619
53 3518
22 3524
0 3620
29 3520
33 3560
27 3588
15 3568
12 3558
0 3621
57 3511
0 3622
50 3532
0 3623
3 3552
2 3547
0 3624
35 3581
28 3580
0 3625
58 3566
0 3626
45 3569
40 3528
0 3627
43 3572
0 3628
0 3629
7 3585
32 3543
0 3630
0 3631
0 3632
0 3633
0 3634
0 3635
0 3636
44 3570
0 3637
0 3638
0 3639
0 3640
0 3641
0 3642
0 3643
0 3644
0 3645
0 3646
0 3647
0 3648
0 3649
0 3650
0 3651
0 3652
0 3653
0 3654
0 3655
0 3656
0 3657
0 3658
0 3659
0 3660
0 3661
0 3662
0 3663
0 3664
0 3665
0 3666
0 3667
0 3668
0 3669
0 3670
0 3671
0 3672
0 3673
0 3674
0 3675
0 3676
0 3677
0 3678
0 3679
0 3680
0 3681
0 3682
0 3683
0 3684
0 3685
0 3686
0 3687
0 3688
0 3689
0 3690
0 3691
0 3692
0 3693
0 3694
0 3695
0 3696
0 3697
0 3698
0 3699
0 3700
0 3701
0 3702
0 3703
0 3704
0 3705
0 3706
0 3707
0 3708
0 3709
