18 3958 0 100 154284768 1.40192 1.40192
63 3949 0 100 88860504 1.70192 1.70192
29 3981 0 100 154267368 2.10192 2.10192
49 3983 0 100 154287344 2.10192 2.10192
24 3965 0 100 154248208 2.20192 2.20192
19 3945 0 100 121542362 2.30192 2.30192
33 3956 0 100 154242536 2.30192 2.30192
51 4012 0 100 121545890 2.40192 2.40192
23 4007 0 100 88864052 2.50192 2.50192
56 3987 0 100 154270336 2.50192 2.50192
62 3969 0 100 88872948 2.60192 2.60192
55 3977 0 100 88859724 2.70192 2.70192
44 3997 0 100 121548890 2.80192 2.80192
17 3971 0 100 121574000 2.80192 2.80192
5 3972 0 100 121529408 2.90192 2.90192
2 3976 0 100 121533776 2.90192 2.90192
26 4028 0 100 121558922 3.10192 3.10192
46 4005 0 100 154246608 3.10192 3.10192
74 3968 0 100 154259312 3.10192 3.10192
71 3955 0 100 154301496 3.10192 3.10192
3 3950 0 100 121529714 3.20192 3.20192
40 3989 0 100 121539896 3.20192 3.20192
11 3990 0 100 154278248 3.20192 3.20192
67 3984 0 100 88871288 3.30192 3.30192
45 3978 0 100 121559516 3.40192 3.40192
13 4037 0 100 56196560 3.50192 3.50192
73 3946 0 100 121556222 3.50192 3.50192
57 4003 0 100 121558340 3.70192 3.70192
48 4039 0 100 121561724 3.70192 3.70192
31 3941 0 100 154251856 3.70192 3.70192
14 3951 0 100 154263816 3.70192 3.70192
12 3995 0 100 121535132 3.80192 3.80192
64 4029 0 100 121536788 3.80192 3.80192
79 3944 0 100 88874324 4.00192 4.00192
69 4002 0 100 154246560 4.00192 4.00192
39 4013 0 100 154249272 4.00192 4.00192
52 4022 0 100 121557998 4.10192 4.10192
58 4032 0 100 121569452 4.10192 4.10192
42 4011 0 100 56206922 4.20192 4.20192
43 3942 0 100 56207114 4.20192 4.20192
80 3960 0 100 88864484 4.20192 4.20192
68 3952 0 100 88871604 4.40192 4.40192
53 3967 0 100 154255360 4.40192 4.40192
4 4023 0 100 154275440 4.40192 4.40192
37 4018 0 100 121554350 4.50192 4.50192
54 3961 0 100 88847048 4.60192 4.60192
8 3996 0 100 88858504 4.90192 4.90192
34 4031 0 100 88872732 4.90192 4.90192
22 3947 0 100 121529558 4.90192 4.90192
30 4035 0 100 121570196 4.90192 4.90192
61 4016 0 116 58781382 5.00192 5.00192
47 3974 0 100 121554698 5.00192 5.00192
28 3998 0 100 88868356 5.40192 5.40192
66 3962 0 100 121535618 5.50192 5.50192
78 3993 0 100 121563194 5.60192 5.60192
50 3999 0 100 154245880 5.60192 5.60192
59 3957 0 100 88874700 5.70192 5.70192
21 3953 0 100 154290184 5.80192 5.80192
70 4006 0 100 88873652 6.10192 6.10192
32 4026 0 100 121571036 6.20192 6.20192
15 3980 0 100 154264712 6.20192 6.20192
6 3991 0 100 154268168 6.20192 6.20192
41 3985 0 100 121555748 6.60192 6.60192
16 4001 0 100 56206528 6.70192 6.70192
35 3994 0 100 154247744 6.70192 6.70192
1 4015 0 100 154304504 6.70192 6.70192
25 3982 0 100 121541078 6.80192 6.80192
7 3973 0 100 121550702 6.80192 6.80192
75 4024 0 100 121555748 6.80192 6.80192
9 4010 0 100 88861108 6.90192 6.90192
76 4008 0 100 121538726 7.00192 7.00192
72 4025 0 100 121570046 7.20192 7.20192
10 4017 0 100 154255480 7.30192 7.30192
36 4020 0 100 121536572 7.60192 7.60192
60 4034 0 100 121573640 7.60192 7.60192
38 4038 0 100 121529180 8.00192 8.00192
