0 3300
0 3301
0 3302
0 3303
0 3304
0 3305
0 3306
0 3307
0 3308
0 3309
0 3311
0 3315
0 3318
46 3310
0 3320
0 3323
0 3329
26 3322
0 3331
27 3325
0 3333
0 3339
0 3341
0 3347
0 3350
39 3348
0 3352
33 3345
0 3357
0 3358
0 3365
42 3361
0 3368
21 3321
0 3373
41 3356
28 3342
35 3344
47 3326
0 3378
12 3369
0 3379
0 3380
0 3381
0 3382
0 3383
40 3367
1 3317
0 3384
45 3319
0 3385
23 3316
0 3386
2 3335
9 3336
0 3387
0 3388
34 3314
0 3389
8 3313
17 3324
0 3390
16 3327
49 3337
0 3391
6 3351
0 3392
0 3393
36 3330
0 3394
29 3354
0 3395
30 3364
0 3396
10 3343
44 3332
0 3397
37 3355
0 3398
0 3399
0 3400
0 3401
0 3402
0 3403
43 3312
0 3404
7 3346
5 3366
15 3328
0 3405
3 3370
0 3406
48 3376
25 3371
0 3407
0 3408
14 3340
0 3409
0 3410
38 3359
24 3362
0 3411
0 3412
4 3334
0 3413
22 3374
19 3375
11 3372
0 3414
0 3415
0 3416
0 3417
31 3338
20 3353
0 3418
0 3419
50 3349
0 3420
32 3377
0 3421
0 3422
0 3423
0 3424
13 3363
0 3425
18 3360
0 3426
0 3427
0 3428
0 3429
0 3430
0 3431
0 3432
0 3433
0 3434
0 3435
0 3436
0 3437
0 3438
0 3439
0 3440
0 3441
0 3442
0 3443
0 3444
0 3445
0 3446
0 3447
0 3448
0 3449
0 3450
0 3451
0 3452
0 3453
0 3454
0 3455
0 3456
0 3457
0 3458
0 3459
0 3460
0 3461
0 3462
0 3463
0 3464
0 3465
0 3466
0 3467
0 3468
0 3469
0 3470
0 3471
0 3472
0 3473
0 3474
0 3475
0 3476
0 3477
0 3478
0 3479
0 3480
0 3481
0 3482
0 3483
0 3484
0 3485
0 3486
0 3487
0 3488
0 3489
0 3490
0 3491
0 3492
0 3493
0 3494
0 3495
0 3496
0 3497
0 3498
0 3499
