13 3126 0 100 121532216 1.81291 1.81291
39 3140 0 100 121543526 1.91291 1.91291
40 3142 0 100 154302560 2.41291 2.41291
18 3132 0 100 88851032 2.51291 2.51291
12 3169 0 100 88862304 2.71291 2.71291
31 3139 0 100 121527674 2.71291 2.71291
25 3128 0 100 121527926 2.81291 2.81291
2 3129 0 100 88871276 3.11291 3.11291
1 3159 0 100 121562756 3.21291 3.21291
10 3149 0 100 154243640 3.31291 3.31291
9 3143 0 100 121548338 3.41291 3.41291
16 3176 0 100 121558610 3.61291 3.61291
5 3179 0 100 88875148 3.81291 3.81291
36 3173 0 100 56206974 3.91291 3.91291
14 3161 0 100 88851408 3.91291 3.91291
37 3136 0 100 121549784 4.01291 4.01291
22 3153 0 100 121530404 4.21291 4.21291
28 3152 0 100 121555910 4.31291 4.31291
30 3124 0 100 121564538 4.31291 4.31291
23 3144 0 100 88861484 4.51291 4.51291
38 3164 0 100 154247224 4.61291 4.61291
32 3171 0 100 121540322 4.71291 4.71291
24 3155 0 100 154256496 4.91291 4.91291
33 3133 0 100 88848888 5.41291 5.41291
19 3154 0 100 88871540 5.41291 5.41291
17 3147 0 100 121530980 5.51291 5.51291
8 3135 0 100 88845812 5.71291 5.71291
4 3157 0 100 154262712 5.81291 5.81291
34 3146 0 100 121537274 5.91291 5.91291
29 3178 0 100 154280808 5.91291 5.91291
21 3121 0 100 121554476 6.11291 6.11291
6 3138 0 100 121536602 6.21291 6.21291
3 3127 0 100 154282976 6.21291 6.21291
15 3131 0 100 154255192 6.51291 6.51291
20 3150 0 100 154274312 6.71291 6.71291
7 3163 0 100 154291736 6.71291 6.71291
26 3162 0 100 121531652 6.91291 6.91291
27 3175 0 100 56204198 7.01291 7.01291
11 3166 0 100 154285544 7.41291 7.41291
35 3167 0 100 56207010 7.51291 7.51291
