0 4400
0 4401
0 4402
0 4403
0 4404
0 4405
0 4406
0 4407
0 4408
0 4409
0 4413
0 4419
0 4425
0 4431
0 4435
0 4441
35 4411
0 4445
0 4449
43 4414
0 4455
12 4437
4 4417
0 4462
81 4450
0 4468
0 4474
88 4439
0 4481
79 4475
0 4489
30 4484
73 4485
0 4491
47 4424
0 4497
85 4458
0 4504
9 4446
48 4415
0 4509
37 4442
82 4422
24 4444
7 4429
0 4519
62 4451
74 4443
0 4527
54 4459
45 4503
0 4530
39 4511
97 4480
0 4531
61 4515
0 4532
76 4467
0 4533
2 4499
25 4473
0 4534
92 4460
90 4472
95 4493
0 4535
91 4488
0 4536
31 4426
0 4537
6 4416
75 4522
21 4434
0 4538
28 4448
72 4508
93 4440
67 4514
0 4539
46 4477
86 4461
0 4540
0 4541
80 4526
87 4410
0 4542
40 4476
0 4543
71 4510
51 4482
0 4544
29 4421
42 4430
55 4507
100 4447
44 4427
0 4545
0 4546
96 4438
0 4547
11 4479
34 4454
52 4490
84 4529
27 4471
0 4548
20 4478
0 4549
19 4436
0 4550
16 4457
0 4551
0 4552
0 4553
66 4420
22 4517
59 4453
78 4464
0 4554
5 4498
57 4500
66 4420
0 4555
13 4495
15 4423
3 4520
0 4556
94 4418
83 4502
0 4557
41 4494
36 4433
10 4412
0 4558
53 4486
64 4466
63 4487
0 4559
0 4560
0 4561
58 4428
23 4512
0 4562
60 4432
38 4501
0 4563
18 4452
0 4564
1 4469
77 4456
70 4518
0 4565
0 4566
99 4465
56 4505
49 4463
0 4567
33 4513
0 4568
89 4506
0 4569
14 4516
98 4496
50 4524
0 4570
32 4528
0 4571
65 4492
68 4470
17 4483
0 4572
0 4573
0 4574
69 4521
26 4525
8 4523
0 4575
0 4576
0 4577
0 4578
0 4579
0 4580
0 4581
0 4582
0 4583
0 4584
0 4585
0 4586
0 4587
0 4588
0 4589
0 4590
0 4591
0 4592
0 4593
0 4594
0 4595
0 4596
0 4597
0 4598
0 4599
0 4600
0 4601
0 4602
0 4603
0 4604
0 4605
0 4606
0 4607
0 4608
0 4609
0 4610
0 4611
0 4612
0 4613
0 4614
0 4615
0 4616
0 4617
0 4618
0 4619
0 4620
0 4621
0 4622
0 4623
0 4624
0 4625
0 4626
0 4627
0 4628
0 4629
0 4630
0 4631
0 4632
0 4633
0 4634
0 4635
0 4636
0 4637
0 4638
0 4639
0 4640
0 4641
0 4642
0 4643
0 4644
0 4645
0 4646
0 4647
0 4648
0 4649
