13 0.8 0.016 0.784
13 0.784 0.16 0.624
39 0.8 0.16 0.64
39 0.716267 0.016 0.700267
39 0.700267 0.16 0.540267
40 0.8 0.016 0.784
40 0.784 0.16 0.624
18 0.8 0.16 0.64
18 0.717667 0.016 0.701667
18 0.701667 0.16 0.541667
12 0.8 0.016 0.784
31 0.8 0.016 0.784
12 0.784 0.16 0.624
31 0.784 0.16 0.624
31 0.624 0.16 0.464
25 0.8 0.016 0.784
25 0.784 0.16 0.624
2 0.8 0.016 0.784
2 0.784 0.16 0.624
1 0.8 0.016 0.784
1 0.784 0.16 0.624
10 0.8 0.16 0.64
10 0.712225 0.016 0.696225
10 0.696225 0.16 0.536225
9 0.8 0.16 0.64
9 0.717012 0.016 0.701012
9 0.701012 0.16 0.541012
16 0.8 0.016 0.784
16 0.784 0.16 0.624
5 0.8 0.016 0.784
5 0.784 0.16 0.624
14 0.8 0.16 0.64
36 0.8 0.16 0.64
14 0.717951 0.016 0.701951
36 0.713179 0.016 0.697179
36 0.697179 0.16 0.537179
14 0.701951 0.16 0.541951
37 0.8 0.16 0.64
14 0.541951 0.16 0.381951
37 0.713407 0.016 0.697407
37 0.697407 0.16 0.537407
22 0.8 0.016 0.784
22 0.784 0.16 0.624
28 0.8 0.016 0.784
30 0.8 0.016 0.784
28 0.784 0.16 0.624
30 0.784 0.16 0.624
23 0.8 0.016 0.784
23 0.784 0.16 0.624
38 0.8 0.16 0.64
38 0.711825 0.016 0.695825
38 0.695825 0.16 0.535825
32 0.8 0.16 0.64
32 0.718764 0.016 0.702764
32 0.702764 0.16 0.542764
24 0.8 0.016 0.784
24 0.784 0.16 0.624
19 0.8 0.016 0.784
33 0.8 0.016 0.784
33 0.784 0.16 0.624
19 0.784 0.16 0.624
17 0.8 0.16 0.64
17 0.64 0.16 0.48
17 0.554315 0.016 0.538315
17 0.538315 0.16 0.378315
8 0.8 0.016 0.784
8 0.784 0.16 0.624
4 0.8 0.016 0.784
4 0.784 0.16 0.624
29 0.8 0.16 0.64
34 0.8 0.16 0.64
29 0.717982 0.016 0.701982
34 0.710786 0.016 0.694786
34 0.694786 0.16 0.534786
29 0.701982 0.16 0.541982
29 0.541982 0.16 0.381982
21 0.8 0.016 0.784
21 0.784 0.16 0.624
3 0.8 0.16 0.64
6 0.8 0.16 0.64
3 0.718846 0.016 0.702846
6 0.719849 0.016 0.703849
6 0.703849 0.16 0.543849
3 0.702846 0.16 0.542846
3 0.542846 0.16 0.382846
15 0.8 0.016 0.784
15 0.784 0.16 0.624
7 0.8 0.016 0.784
20 0.8 0.016 0.784
20 0.784 0.16 0.624
7 0.784 0.16 0.624
26 0.8 0.016 0.784
26 0.784 0.16 0.624
27 0.8 0.16 0.64
27 0.713902 0.016 0.697902
27 0.697902 0.16 0.537902
11 0.8 0.016 0.784
11 0.784 0.16 0.624
35 0.8 0.16 0.64
35 0.716893 0.016 0.700893
35 0.700893 0.16 0.540893
