20 0.8 0.016 0.784
20 0.784 0.16 0.624
27 0.8 0.016 0.784
27 0.784 0.16 0.624
26 0.8 0.016 0.784
26 0.784 0.16 0.624
30 0.8 0.16 0.64
30 0.716458 0.016 0.700458
30 0.700458 0.16 0.540458
16 0.8 0.016 0.784
16 0.784 0.16 0.624
6 0.8 0.016 0.784
6 0.784 0.16 0.624
18 0.8 0.016 0.784
18 0.784 0.16 0.624
3 0.8 0.016 0.784
4 0.8 0.016 0.784
22 0.8 0.016 0.784
22 0.784 0.16 0.624
3 0.784 0.16 0.624
4 0.784 0.16 0.624
4 0.624 0.16 0.464
4 0.464 0.16 0.304
9 0.8 0.016 0.784
17 0.8 0.016 0.784
17 0.784 0.16 0.624
9 0.784 0.16 0.624
9 0.624 0.16 0.464
24 0.8 0.016 0.784
24 0.784 0.16 0.624
2 0.8 0.016 0.784
8 0.8 0.016 0.784
13 0.8 0.016 0.784
15 0.8 0.016 0.784
2 0.784 0.16 0.624
8 0.784 0.16 0.624
13 0.784 0.16 0.624
15 0.784 0.16 0.624
13 0.624 0.16 0.464
15 0.624 0.16 0.464
8 0.624 0.16 0.464
8 0.464 0.16 0.304
8 0.304 0.16 0.144
29 0.8 0.016 0.784
29 0.784 0.16 0.624
14 0.8 0.016 0.784
14 0.784 0.16 0.624
25 0.8 0.016 0.784
25 0.784 0.16 0.624
1 0.8 0.16 0.64
1 0.711656 0.016 0.695656
1 0.695656 0.16 0.535656
19 0.8 0.016 0.784
19 0.784 0.16 0.624
12 0.8 0.016 0.784
12 0.784 0.16 0.624
21 0.8 0.16 0.64
28 0.8 0.16 0.64
21 0.710057 0.016 0.694057
28 0.711423 0.016 0.695423
21 0.694057 0.16 0.534057
10 0.8 0.16 0.64
28 0.695423 0.16 0.535423
28 0.535423 0.16 0.375423
10 0.64 0.16 0.48
10 0.557684 0.016 0.541684
10 0.541684 0.16 0.381684
11 0.8 0.016 0.784
11 0.784 0.16 0.624
7 0.8 0.16 0.64
23 0.8 0.16 0.64
7 0.712522 0.016 0.696522
23 0.712562 0.016 0.696562
7 0.696522 0.16 0.536522
23 0.696562 0.16 0.536562
23 0.536562 0.16 0.376562
5 0.8 0.016 0.784
5 0.784 0.16 0.624
