65 4170 1.02852
66 4171 1.03544
57 4172 1.04974
47 4174 1.06332
77 4175 1.08225
80 4176 1.12024
45 4177 1.12628
50 4178 1.12664
26 4179 1.14158
85 4181 1.16958
53 4182 1.20058
24 4184 1.25963
68 4185 1.2839
22 4186 1.31818
20 4187 1.32519
82 4188 1.32969
84 4190 1.40679
73 4191 1.41812
71 4193 1.46951
19 4194 1.50528
43 4195 1.51667
76 4196 1.53565
3 4198 1.55882
74 4199 1.58481
52 4200 1.62774
17 4202 1.66108
64 4203 1.67538
34 4204 1.67995
30 4205 1.72585
87 4207 1.77975
78 4208 1.82426
81 4209 1.82878
31 4211 1.87729
42 4212 1.88703
63 4213 1.88787
25 4214 1.90928
18 4215 1.92185
28 4217 1.95594
70 4218 1.99341
33 4219 2.05102
13 4220 2.05355
11 4222 2.06807
83 4223 2.08065
79 4224 2.09913
72 4225 2.11557
41 4226 2.12197
8 4227 2.13765
90 4229 2.20841
51 4230 2.2192
40 4231 2.23865
48 4232 2.24464
67 4234 2.26217
1 4235 2.27178
56 4236 2.30518
32 4237 2.30737
44 4238 2.32012
49 4239 2.32298
59 4240 2.34133
86 4242 2.39691
4 4244 2.46847
88 4245 2.50695
69 4246 2.5182
12 4247 2.5233
2 4248 2.53961
54 4249 2.54437
36 4250 2.54525
62 4251 2.54554
46 4253 2.57888
38 4254 2.60935
10 4255 2.61242
21 4256 2.61664
14 4257 2.63332
35 4258 2.63884
89 4259 2.65036
29 4261 2.65708
7 4262 2.6572
16 4263 2.6809
6 4264 2.74696
61 4265 2.75511
58 4267 2.76482
23 4268 2.78289
75 4269 2.80208
37 4270 2.81641
55 4271 2.82346
5 4273 2.87071
27 4274 2.87093
60 4275 2.93345
9 4277 2.97386
39 4278 2.97704
15 4279 2.98958
