35 4411 0 100 88873636 1.54705 1.54705
43 4414 0 100 154247432 1.74705 1.74705
12 4437 0 100 121558298 1.84705 1.84705
4 4417 0 100 121573202 1.84705 1.84705
81 4450 0 100 88858624 1.94705 1.94705
88 4439 0 100 154296480 2.14705 2.14705
79 4475 0 100 121570844 2.24705 2.24705
30 4484 0 100 88849108 2.34705 2.34705
73 4485 0 100 88861900 2.34705 2.34705
47 4424 0 100 154304296 2.44705 2.44705
85 4458 0 100 154256056 2.54705 2.54705
9 4446 0 100 88863724 2.64705 2.64705
48 4415 0 100 121549088 2.64705 2.64705
37 4442 0 100 121535642 2.74705 2.74705
82 4422 0 100 121536662 2.74705 2.74705
24 4444 0 100 154251304 2.74705 2.74705
7 4429 0 100 154305464 2.74705 2.74705
62 4451 0 100 88873216 2.84705 2.84705
74 4443 0 100 121544672 2.84705 2.84705
54 4459 0 100 121562714 2.94705 2.94705
45 4503 0 100 154271080 2.94705 2.94705
39 4511 0 100 121557662 3.04705 3.04705
97 4480 0 100 154286736 3.04705 3.04705
61 4515 0 100 121540130 3.14705 3.14705
76 4467 0 100 121542284 3.24705 3.24705
2 4499 0 100 121567430 3.34705 3.34705
25 4473 0 100 121568582 3.34705 3.34705
92 4460 0 100 56200272 3.44705 3.44705
90 4472 0 100 88857768 3.44705 3.44705
95 4493 0 100 121555082 3.44705 3.44705
91 4488 0 100 88875468 3.54705 3.54705
31 4426 0 100 121549616 3.64705 3.64705
6 4416 0 100 88869120 3.74705 3.74705
75 4522 0 100 88873820 3.74705 3.74705
21 4434 0 100 154253912 3.74705 3.74705
28 4448 0 100 121532984 3.84705 3.84705
72 4508 0 100 121547108 3.84705 3.84705
93 4440 0 100 121550342 3.84705 3.84705
67 4514 0 100 121573664 3.84705 3.84705
46 4477 0 100 88846648 3.94705 3.94705
86 4461 0 100 88854100 3.94705 3.94705
80 4526 0 100 121560530 4.14705 4.14705
87 4410 0 100 154294560 4.14705 4.14705
40 4476 0 100 56206244 4.24705 4.24705
71 4510 0 100 88848196 4.34705 4.34705
51 4482 0 100 154291184 4.34705 4.34705
29 4421 0 100 56204228 4.44705 4.44705
42 4430 0 100 88865644 4.44705 4.44705
55 4507 0 100 154255832 4.44705 4.44705
100 4447 0 100 154279944 4.44705 4.44705
44 4427 0 100 154299632 4.44705 4.44705
96 4438 0 100 154273664 4.64705 4.64705
11 4479 0 100 121541480 4.74705 4.74705
34 4454 0 100 121542704 4.74705 4.74705
52 4490 0 100 121564172 4.74705 4.74705
84 4529 0 100 121572848 4.74705 4.74705
27 4471 0 100 121574276 4.74705 4.74705
20 4478 0 100 88871852 4.84705 4.84705
19 4436 0 100 121554002 4.94705 4.94705
16 4457 0 100 88875308 5.04705 5.04705
59 4453 0 100 121534652 5.34705 5.34705
78 4464 0 100 154285888 5.34705 5.34705
5 4498 0 100 121529876 5.44705 5.44705
57 4500 0 100 121549670 5.44705 5.44705
13 4495 0 100 56203682 5.54705 5.54705
15 4423 0 100 121574744 5.54705 5.54705
3 4520 0 100 154266840 5.54705 5.54705
94 4418 0 100 88864332 5.64705 5.64705
83 4502 0 100 121543544 5.64705 5.64705
41 4494 0 100 121561886 5.74705 5.74705
36 4433 0 100 154275832 5.74705 5.74705
10 4412 0 100 154293152 5.74705 5.74705
53 4486 0 100 121529516 5.84705 5.84705
64 4466 0 100 121572716 5.84705 5.84705
63 4487 0 100 154265032 5.84705 5.84705
58 4428 0 100 121528880 6.14705 6.14705
23 4512 0 100 154265112 6.14705 6.14705
60 4432 0 100 121556522 6.24705 6.24705
38 4501 0 100 154284944 6.24705 6.24705
18 4452 0 100 121546292 6.34705 6.34705
1 4469 0 100 121543178 6.44705 6.44705
77 4456 0 100 121564286 6.44705 6.44705
70 4518 0 100 154284776 6.44705 6.44705
99 4465 0 100 88858488 6.64705 6.64705
56 4505 0 100 121551764 6.64705 6.64705
49 4463 0 100 154293688 6.64705 6.64705
33 4513 0 100 154293808 6.74705 6.74705
89 4506 0 100 154243648 6.84705 6.84705
14 4516 0 100 56202230 6.94705 6.94705
98 4496 0 100 88859228 6.94705 6.94705
50 4524 0 100 121530134 6.94705 6.94705
32 4528 0 100 121532072 7.04705 7.04705
65 4492 0 100 88852968 7.14705 7.14705
68 4470 0 100 88873680 7.14705 7.14705
17 4483 0 100 154245104 7.14705 7.14705
69 4521 0 100 88860804 7.44705 7.44705
26 4525 0 100 88866340 7.44705 7.44705
8 4523 0 100 154284128 7.44705 7.44705
