46 0.8 0.016 0.784
46 0.784 0.16 0.624
26 0.8 0.016 0.784
26 0.784 0.16 0.624
27 0.8 0.16 0.64
27 0.712528 0.016 0.696528
27 0.696528 0.16 0.536528
39 0.8 0.016 0.784
39 0.784 0.16 0.624
33 0.8 0.016 0.784
33 0.784 0.16 0.624
42 0.8 0.016 0.784
42 0.784 0.16 0.624
21 0.8 0.016 0.784
21 0.784 0.16 0.624
28 0.8 0.16 0.64
41 0.8 0.16 0.64
47 0.8 0.16 0.64
28 0.719037 0.016 0.703037
35 0.8 0.016 0.784
41 0.713694 0.016 0.697694
47 0.71154 0.016 0.69554
41 0.697694 0.16 0.537694
28 0.703037 0.16 0.543037
12 0.8 0.16 0.64
35 0.784 0.16 0.624
47 0.69554 0.16 0.53554
12 0.64 0.16 0.48
35 0.624 0.16 0.464
47 0.53554 0.16 0.37554
35 0.464 0.16 0.304
12 0.48 0.16 0.32
47 0.37554 0.16 0.21554
47 0.21554 0.16 0.0555395
12 0.32 0.16 0.16
12 0.237046 0.016 0.221046
12 0.221046 0.16 0.0610458
1 0.8 0.016 0.784
40 0.8 0.016 0.784
40 0.784 0.16 0.624
1 0.784 0.16 0.624
45 0.8 0.16 0.64
45 0.64 0.16 0.48
45 0.559337 0.016 0.543337
45 0.543337 0.16 0.383337
23 0.8 0.16 0.64
23 0.718011 0.016 0.702011
23 0.702011 0.16 0.542011
2 0.8 0.16 0.64
9 0.8 0.16 0.64
2 0.715979 0.016 0.699979
9 0.712599 0.016 0.696599
2 0.699979 0.16 0.539979
9 0.696599 0.16 0.536599
9 0.536599 0.16 0.376599
34 0.8 0.016 0.784
34 0.784 0.16 0.624
8 0.8 0.016 0.784
17 0.8 0.016 0.784
8 0.784 0.16 0.624
16 0.8 0.16 0.64
17 0.784 0.16 0.624
49 0.8 0.16 0.64
17 0.624 0.16 0.464
16 0.64 0.16 0.48
49 0.64 0.16 0.48
16 0.550954 0.016 0.534954
49 0.558601 0.016 0.542601
16 0.534954 0.16 0.374954
49 0.542601 0.16 0.382601
49 0.382601 0.16 0.222601
6 0.8 0.16 0.64
6 0.715663 0.016 0.699663
6 0.699663 0.16 0.539663
36 0.8 0.016 0.784
36 0.784 0.16 0.624
29 0.8 0.016 0.784
29 0.784 0.16 0.624
30 0.8 0.16 0.64
30 0.717986 0.016 0.701986
30 0.701986 0.16 0.541986
10 0.8 0.16 0.64
44 0.8 0.16 0.64
10 0.718372 0.016 0.702372
44 0.715059 0.016 0.699059
10 0.702372 0.16 0.542372
44 0.699059 0.16 0.539059
44 0.539059 0.16 0.379059
37 0.8 0.016 0.784
37 0.784 0.16 0.624
43 0.8 0.016 0.784
43 0.784 0.16 0.624
5 0.8 0.16 0.64
7 0.8 0.16 0.64
15 0.8 0.16 0.64
5 0.713483 0.016 0.697483
7 0.710754 0.016 0.694754
15 0.717459 0.016 0.701459
7 0.694754 0.16 0.534754
5 0.697483 0.16 0.537483
15 0.701459 0.16 0.541459
3 0.8 0.016 0.784
3 0.784 0.16 0.624
25 0.8 0.16 0.64
48 0.8 0.16 0.64
25 0.714997 0.016 0.698997
48 0.717884 0.016 0.701884
48 0.701884 0.16 0.541884
25 0.698997 0.16 0.538997
25 0.538997 0.16 0.378997
14 0.8 0.016 0.784
14 0.784 0.16 0.624
24 0.8 0.016 0.784
38 0.8 0.016 0.784
38 0.784 0.16 0.624
24 0.784 0.16 0.624
4 0.8 0.016 0.784
4 0.784 0.16 0.624
11 0.8 0.16 0.64
19 0.8 0.16 0.64
22 0.8 0.16 0.64
11 0.717159 0.016 0.701159
19 0.715363 0.016 0.699363
22 0.719065 0.016 0.703065
22 0.703065 0.16 0.543065
11 0.701159 0.16 0.541159
19 0.699363 0.16 0.539363
19 0.539363 0.16 0.379363
11 0.541159 0.16 0.381159
20 0.8 0.016 0.784
31 0.8 0.016 0.784
31 0.784 0.16 0.624
20 0.784 0.16 0.624
20 0.624 0.16 0.464
50 0.8 0.016 0.784
50 0.784 0.16 0.624
32 0.8 0.16 0.64
32 0.717828 0.016 0.701828
32 0.701828 0.16 0.541828
13 0.8 0.016 0.784
13 0.784 0.16 0.624
18 0.8 0.016 0.784
18 0.784 0.16 0.624
