45 0.8 0.016 0.784
45 0.784 0.16 0.624
20 0.8 0.016 0.784
20 0.784 0.16 0.624
34 0.8 0.016 0.784
34 0.784 0.16 0.624
81 0.8 0.016 0.784
81 0.784 0.16 0.624
84 0.8 0.016 0.784
84 0.784 0.16 0.624
28 0.8 0.16 0.64
33 0.8 0.16 0.64
28 0.714298 0.016 0.698298
33 0.71346 0.016 0.69746
79 0.8 0.016 0.784
33 0.69746 0.16 0.53746
28 0.698298 0.16 0.538298
79 0.784 0.16 0.624
28 0.538298 0.16 0.378298
79 0.624 0.16 0.464
79 0.464 0.16 0.304
18 0.8 0.016 0.784
65 0.8 0.016 0.784
65 0.784 0.16 0.624
8 0.8 0.16 0.64
18 0.784 0.16 0.624
51 0.8 0.16 0.64
18 0.624 0.16 0.464
8 0.64 0.16 0.48
51 0.64 0.16 0.48
8 0.555976 0.016 0.539976
51 0.557558 0.016 0.541558
8 0.539976 0.16 0.379976
51 0.541558 0.16 0.381558
51 0.381558 0.16 0.221558
69 0.8 0.016 0.784
73 0.8 0.016 0.784
74 0.8 0.016 0.784
69 0.784 0.16 0.624
73 0.784 0.16 0.624
73 0.624 0.16 0.464
17 0.8 0.16 0.64
74 0.784 0.16 0.624
74 0.624 0.16 0.464
17 0.64 0.16 0.48
17 0.559988 0.016 0.543988
17 0.543988 0.16 0.383988
43 0.8 0.016 0.784
43 0.784 0.16 0.624
42 0.8 0.16 0.64
89 0.8 0.16 0.64
42 0.71255 0.016 0.69655
89 0.714695 0.016 0.698695
42 0.69655 0.16 0.53655
37 0.8 0.16 0.64
89 0.698695 0.16 0.538695
89 0.538695 0.16 0.378695
14 0.8 0.16 0.64
37 0.64 0.16 0.48
5 0.8 0.016 0.784
37 0.553033 0.016 0.537033
5 0.784 0.16 0.624
37 0.537033 0.16 0.377033
37 0.377033 0.16 0.217033
14 0.713451 0.16 0.553451
2 0.8 0.016 0.784
14 0.625347 0.016 0.609347
41 0.8 0.016 0.784
56 0.8 0.016 0.784
64 0.8 0.016 0.784
67 0.8 0.016 0.784
2 0.784 0.16 0.624
14 0.609347 0.16 0.449347
41 0.784 0.16 0.624
49 0.8 0.16 0.64
56 0.784 0.16 0.624
64 0.784 0.16 0.624
67 0.784 0.16 0.624
41 0.624 0.16 0.464
14 0.449347 0.16 0.289347
49 0.64 0.16 0.48
56 0.624 0.16 0.464
64 0.624 0.16 0.464
67 0.624 0.16 0.464
14 0.289347 0.16 0.129347
67 0.464 0.16 0.304
56 0.464 0.16 0.304
64 0.464 0.16 0.304
49 0.48 0.16 0.32
44 0.8 0.16 0.64
49 0.32 0.16 0.16
49 0.16 0.16 -5.55112e-17
44 0.717604 0.016 0.701604
49 0.079385 0.016 0.063385
44 0.701604 0.16 0.541604
49 0.063385 0.16 -0.096615
87 0.8 0.16 0.64
49 0.0738556 0.016 0.0578556
87 0.716917 0.016 0.700917
87 0.700917 0.16 0.540917
19 0.8 0.16 0.64
63 0.8 0.16 0.64
19 0.719518 0.016 0.703518
63 0.716188 0.016 0.700188
19 0.703518 0.16 0.543518
63 0.700188 0.16 0.540188
70 0.8 0.16 0.64
86 0.8 0.16 0.64
63 0.540188 0.16 0.380188
70 0.64 0.16 0.48
86 0.64 0.16 0.48
70 0.557033 0.016 0.541033
86 0.553522 0.016 0.537522
86 0.537522 0.16 0.377522
70 0.541033 0.16 0.381033
70 0.381033 0.16 0.221033
80 0.8 0.016 0.784
80 0.784 0.16 0.624
49 0.363273 0.16 0.203273
26 0.8 0.016 0.784
52 0.8 0.016 0.784
57 0.8 0.016 0.784
26 0.784 0.16 0.624
49 0.276785 0.16 0.116785
52 0.784 0.16 0.624
57 0.784 0.16 0.624
57 0.624 0.16 0.464
52 0.624 0.16 0.464
48 0.8 0.16 0.64
53 0.8 0.16 0.64
48 0.64 0.16 0.48
53 0.64 0.16 0.48
48 0.557089 0.016 0.541089
53 0.55765 0.016 0.54165
48 0.541089 0.16 0.381089
53 0.54165 0.16 0.38165
59 0.8 0.16 0.64
59 0.64 0.16 0.48
59 0.557533 0.016 0.541533
59 0.541533 0.16 0.381533
39 0.8 0.016 0.784
39 0.784 0.16 0.624
11 0.8 0.16 0.64
12 0.8 0.16 0.64
58 0.8 0.16 0.64
11 0.716086 0.016 0.700086
12 0.718314 0.016 0.702314
58 0.715253 0.016 0.699253
58 0.699253 0.16 0.539253
11 0.700086 0.16 0.540086
12 0.702314 0.16 0.542314
11 0.540086 0.16 0.380086
12 0.542314 0.16 0.382314
24 0.8 0.016 0.784
40 0.8 0.016 0.784
78 0.8 0.016 0.784
24 0.784 0.16 0.624
40 0.784 0.16 0.624
72 0.8 0.16 0.64
78 0.784 0.16 0.624
78 0.624 0.16 0.464
40 0.624 0.16 0.464
72 0.64 0.16 0.48
72 0.48 0.16 0.32
61 0.8 0.016 0.784
68 0.8 0.016 0.784
71 0.8 0.016 0.784
72 0.395297 0.016 0.379297
72 0.379297 0.16 0.219297
61 0.784 0.16 0.624
68 0.784 0.16 0.624
71 0.784 0.16 0.624
55 0.8 0.16 0.64
68 0.624 0.16 0.464
71 0.624 0.16 0.464
71 0.464 0.16 0.304
68 0.464 0.16 0.304
55 0.64 0.16 0.48
55 0.48 0.16 0.32
55 0.393565 0.016 0.377565
55 0.377565 0.16 0.217565
3 0.8 0.016 0.784
4 0.8 0.016 0.784
35 0.8 0.016 0.784
88 0.8 0.016 0.784
3 0.784 0.16 0.624
4 0.784 0.16 0.624
35 0.784 0.16 0.624
88 0.784 0.16 0.624
4 0.624 0.16 0.464
88 0.624 0.16 0.464
35 0.624 0.16 0.464
22 0.8 0.016 0.784
22 0.784 0.16 0.624
9 0.8 0.16 0.64
9 0.715399 0.016 0.699399
30 0.8 0.016 0.784
60 0.8 0.016 0.784
9 0.699399 0.16 0.539399
60 0.784 0.16 0.624
13 0.8 0.16 0.64
30 0.784 0.16 0.624
13 0.64 0.16 0.48
30 0.624 0.16 0.464
30 0.464 0.16 0.304
13 0.48 0.16 0.32
13 0.397827 0.016 0.381827
13 0.381827 0.16 0.221827
23 0.8 0.016 0.784
82 0.8 0.016 0.784
23 0.784 0.16 0.624
82 0.784 0.16 0.624
66 0.8 0.16 0.64
66 0.64 0.16 0.48
66 0.550221 0.016 0.534221
66 0.534221 0.16 0.374221
6 0.8 0.016 0.784
31 0.8 0.016 0.784
31 0.784 0.16 0.624
6 0.784 0.16 0.624
15 0.8 0.16 0.64
27 0.8 0.16 0.64
36 0.8 0.16 0.64
77 0.8 0.16 0.64
15 0.64 0.16 0.48
27 0.64 0.16 0.48
36 0.64 0.16 0.48
77 0.64 0.16 0.48
27 0.55679 0.016 0.54079
36 0.550808 0.016 0.534808
77 0.559067 0.016 0.543067
77 0.543067 0.16 0.383067
36 0.534808 0.16 0.374808
15 0.552426 0.16 0.392426
27 0.54079 0.16 0.38079
15 0.392426 0.16 0.232426
27 0.38079 0.16 0.22079
27 0.22079 0.16 0.0607901
15 0.232426 0.16 0.0724256
15 0.150664 0.016 0.134664
47 0.8 0.016 0.784
47 0.784 0.16 0.624
1 0.8 0.016 0.784
25 0.8 0.016 0.784
83 0.8 0.016 0.784
1 0.784 0.16 0.624
7 0.8 0.16 0.64
25 0.784 0.16 0.624
50 0.8 0.16 0.64
83 0.784 0.16 0.624
83 0.624 0.16 0.464
25 0.624 0.16 0.464
7 0.64 0.16 0.48
50 0.64 0.16 0.48
7 0.48 0.16 0.32
50 0.48 0.16 0.32
7 0.39367 0.016 0.37767
50 0.399149 0.016 0.383149
7 0.37767 0.16 0.21767
50 0.383149 0.16 0.223149
76 0.8 0.16 0.64
76 0.711469 0.016 0.695469
85 0.8 0.016 0.784
76 0.695469 0.16 0.535469
85 0.784 0.16 0.624
85 0.624 0.16 0.464
15 0.511186 0.16 0.351186
16 0.8 0.016 0.784
62 0.8 0.016 0.784
16 0.784 0.16 0.624
10 0.8 0.16 0.64
62 0.784 0.16 0.624
62 0.624 0.16 0.464
10 0.64 0.16 0.48
10 0.555881 0.016 0.539881
10 0.539881 0.16 0.379881
32 0.8 0.016 0.784
32 0.784 0.16 0.624
29 0.8 0.016 0.784
29 0.784 0.16 0.624
54 0.8 0.016 0.784
54 0.784 0.16 0.624
38 0.8 0.16 0.64
75 0.8 0.16 0.64
90 0.8 0.16 0.64
38 0.716839 0.016 0.700839
75 0.718679 0.016 0.702679
90 0.7199 0.016 0.7039
38 0.700839 0.16 0.540839
75 0.702679 0.16 0.542679
90 0.7039 0.16 0.5439
75 0.542679 0.16 0.382679
90 0.5439 0.16 0.3839
46 0.8 0.016 0.784
46 0.784 0.16 0.624
21 0.8 0.16 0.64
21 0.713422 0.016 0.697422
21 0.697422 0.16 0.537422
