41 3513 0 100 121552868 1.34091 1.34091
30 3542 0 100 154260960 1.94091 1.94091
55 3548 0 100 88857156 2.04091 2.04091
5 3559 0 100 56207038 2.34091 2.34091
52 3546 0 100 88857120 2.64091 2.64091
1 3575 0 100 154250832 2.74091 2.74091
48 3541 0 100 121553390 2.84091 2.84091
16 3574 0 100 154301592 2.84091 2.84091
6 3584 0 100 56207604 2.94091 2.94091
37 3567 0 100 121532450 2.94091 2.94091
11 3550 0 100 88873016 3.04091 3.04091
60 3556 0 100 121551110 3.14091 3.14091
13 3586 0 100 154243960 3.14091 3.14091
54 3562 0 100 154264456 3.14091 3.14091
31 3523 0 100 154251384 3.44091 3.44091
23 3522 0 100 88844104 3.94091 3.94091
14 3563 0 100 121527908 3.94091 3.94091
4 3516 0 100 154300096 3.94091 3.94091
47 3545 0 100 121565948 4.04091 4.04091
38 3577 0 100 121566704 4.34091 4.34091
36 3538 0 100 121570832 4.34091 4.34091
21 3539 0 100 154262328 4.44091 4.44091
42 3555 0 100 88875248 4.54091 4.54091
20 3564 0 100 154269080 4.54091 4.54091
26 3533 0 100 154259784 4.64091 4.64091
17 3517 0 100 88866004 4.84091 4.84091
19 3531 0 100 121558718 4.84091 4.84091
25 3583 0 100 154291504 4.94091 4.94091
18 3514 0 100 121558046 5.04091 5.04091
46 3576 0 100 121567592 5.04091 5.04091
24 3553 0 100 154271352 5.34091 5.34091
49 3589 0 100 154305792 5.34091 5.34091
56 3529 0 100 88850156 5.44091 5.44091
51 3535 0 100 121529330 5.54091 5.54091
10 3530 0 100 121539920 5.54091 5.54091
59 3519 0 100 121540784 5.54091 5.54091
34 3536 0 100 88865636 5.64091 5.64091
8 3551 0 100 121542356 5.64091 5.64091
9 3526 0 100 121549328 5.64091 5.64091
39 3579 0 100 88860080 5.84091 5.84091
53 3518 0 100 88847232 5.94091 5.94091
22 3524 0 100 121538228 5.94091 5.94091
29 3520 0 100 88857880 6.04091 6.04091
33 3560 0 100 121553360 6.04091 6.04091
27 3588 0 100 121563848 6.04091 6.04091
15 3568 0 100 154267584 6.04091 6.04091
12 3558 0 100 154284728 6.04091 6.04091
57 3511 0 100 154256280 6.14091 6.14091
50 3532 0 100 121558028 6.24091 6.24091
3 3552 0 100 88847528 6.34091 6.34091
2 3547 0 100 121553474 6.34091 6.34091
35 3581 0 100 121557524 6.44091 6.44091
28 3580 0 100 154259368 6.44091 6.44091
58 3566 0 100 154288616 6.54091 6.54091
45 3569 0 100 56207752 6.64091 6.64091
40 3528 0 100 154257576 6.64091 6.64091
43 3572 0 100 56207816 6.74091 6.74091
7 3585 0 100 88858504 6.94091 6.94091
32 3543 0 100 121545548 6.94091 6.94091
44 3570 0 100 121535618 7.64091 7.64091
