11 2775 0 100 121562894 1.32675 1.32675
19 2792 0 100 88865184 2.22675 2.22675
2 2789 0 100 121545218 2.52675 2.52675
15 2782 0 100 121546100 2.52675 2.52675
18 2773 0 100 121535384 2.82675 2.82675
14 2772 0 100 121564928 3.22675 3.22675
3 2803 0 100 154285864 3.72675 3.72675
6 2778 0 100 154256560 3.82675 3.82675
10 2770 0 100 88867664 4.12675 4.12675
7 2780 0 100 88854844 4.32675 4.32675
1 2807 0 100 121565534 4.32675 4.32675
8 2776 0 100 121550222 4.82675 4.82675
13 2802 0 100 154281072 5.72675 5.72675
16 2797 0 100 154262504 5.82675 5.82675
20 2805 0 100 121560776 5.92675 5.92675
9 2787 0 100 88864668 6.22675 6.22675
5 2788 0 100 121574930 6.82675 6.82675
4 2808 0 100 121548824 7.02675 7.02675
12 2800 0 100 88872540 7.42675 7.42675
17 2801 0 100 56203840 7.52675 7.52675
