87 4410 1.00246
35 4411 1.01271
10 4412 1.03524
43 4414 1.07264
48 4415 1.08794
6 4416 1.09735
4 4417 1.13162
94 4418 1.1406
66 4420 1.16724
29 4421 1.18145
82 4422 1.18607
15 4423 1.20084
47 4424 1.24035
31 4426 1.25745
44 4427 1.27402
58 4428 1.28426
7 4429 1.30714
42 4430 1.31496
60 4432 1.39151
36 4433 1.39178
21 4434 1.40423
19 4436 1.46599
12 4437 1.47814
96 4438 1.49086
88 4439 1.50335
93 4440 1.50858
37 4442 1.57488
74 4443 1.5993
24 4444 1.60814
9 4446 1.65244
100 4447 1.65969
28 4448 1.67352
81 4450 1.75548
62 4451 1.76688
18 4452 1.79242
59 4453 1.83319
34 4454 1.8442
77 4456 1.87116
16 4457 1.8771
85 4458 1.88668
54 4459 1.8886
92 4460 1.89348
86 4461 1.89534
49 4463 1.94785
78 4464 1.97311
99 4465 1.99561
64 4466 2.03696
76 4467 2.04637
1 4469 2.07018
68 4470 2.10426
27 4471 2.12973
90 4472 2.12995
25 4473 2.13675
79 4475 2.16976
40 4476 2.17184
46 4477 2.18151
20 4478 2.18837
11 4479 2.21134
97 4480 2.21445
51 4482 2.26872
17 4483 2.27296
30 4484 2.31547
73 4485 2.32371
53 4486 2.32616
63 4487 2.33364
91 4488 2.34026
52 4490 2.37578
65 4492 2.47388
95 4493 2.47676
41 4494 2.48038
13 4495 2.49236
98 4496 2.51087
5 4498 2.55733
2 4499 2.6019
57 4500 2.60224
38 4501 2.61783
83 4502 2.6317
45 4503 2.64341
56 4505 2.65498
89 4506 2.67691
55 4507 2.69542
72 4508 2.7447
71 4510 2.77513
39 4511 2.77555
23 4512 2.77884
33 4513 2.79539
67 4514 2.80231
61 4515 2.80435
14 4516 2.80778
22 4517 2.82848
70 4518 2.8439
3 4520 2.86294
69 4521 2.86594
75 4522 2.87376
8 4523 2.89568
50 4524 2.91441
26 4525 2.92386
80 4526 2.93638
32 4528 2.98449
84 4529 2.99339
