20 2943 0 100 154280776 1.33934 1.33934
27 2948 0 100 88846348 2.13934 2.13934
26 2954 0 100 154254576 2.33934 2.33934
30 2960 0 100 154253192 2.43934 2.43934
16 2949 0 100 154257336 2.53934 2.53934
6 2977 0 100 56206004 2.83934 2.83934
18 2980 0 100 154256064 3.13934 3.13934
22 2952 0 100 88861252 3.43934 3.43934
3 2961 0 100 88865892 3.43934 3.43934
4 2971 0 100 154273248 3.43934 3.43934
17 2968 0 100 121571048 3.73934 3.73934
9 2965 0 100 154257512 3.73934 3.73934
24 2982 0 100 121544150 4.03934 4.03934
2 2967 0 100 56206346 4.33934 4.33934
13 2986 0 100 121568486 4.33934 4.33934
15 2988 0 100 121569998 4.33934 4.33934
8 2951 0 100 154290728 4.33934 4.33934
29 2989 0 100 121530644 4.53934 4.53934
14 2962 0 100 56207898 5.03934 5.03934
25 2958 0 100 154298976 5.43934 5.43934
1 2974 0 100 88856640 5.53934 5.53934
19 2942 0 100 154244568 5.63934 5.63934
12 2972 0 100 154292312 6.23934 6.23934
21 2945 0 100 121550504 6.33934 6.33934
28 2956 0 100 154282512 6.33934 6.33934
10 2979 0 100 121539188 6.43934 6.43934
11 2964 0 100 154296216 6.83934 6.83934
7 2959 0 100 88857168 6.93934 6.93934
23 2970 0 100 154255360 6.93934 6.93934
5 2985 0 100 121542410 7.93934 7.93934
