46 3310 1.01461
43 3312 1.09781
8 3313 1.10407
34 3314 1.13437
23 3316 1.19588
1 3317 1.25654
45 3319 1.32733
21 3321 1.38816
26 3322 1.41859
17 3324 1.46919
27 3325 1.46978
47 3326 1.54289
16 3327 1.5582
15 3328 1.55927
36 3330 1.61666
44 3332 1.74067
4 3334 1.79212
2 3335 1.84274
9 3336 1.85293
49 3337 1.85315
31 3338 1.85708
14 3340 1.90522
28 3342 2.01417
10 3343 2.01879
35 3344 2.02909
33 3345 2.0523
7 3346 2.05437
39 3348 2.08766
50 3349 2.13354
6 3351 2.19661
20 3353 2.26993
29 3354 2.2868
37 3355 2.30533
41 3356 2.34552
38 3359 2.4682
18 3360 2.49098
42 3361 2.49952
24 3362 2.50076
13 3363 2.50962
30 3364 2.52306
5 3366 2.56951
40 3367 2.59056
12 3369 2.66898
3 3370 2.73958
25 3371 2.74878
11 3372 2.75034
22 3374 2.76833
19 3375 2.80358
48 3376 2.80434
32 3377 2.80928
