35 0.8 0.016 0.784
35 0.784 0.16 0.624
43 0.8 0.016 0.784
43 0.784 0.16 0.624
4 0.8 0.16 0.64
12 0.8 0.16 0.64
4 0.714806 0.016 0.698806
12 0.714399 0.016 0.698399
12 0.698399 0.16 0.538399
4 0.698806 0.16 0.538806
81 0.8 0.16 0.64
81 0.71555 0.016 0.69955
81 0.69955 0.16 0.53955
88 0.8 0.016 0.784
88 0.784 0.16 0.624
79 0.8 0.016 0.784
79 0.784 0.16 0.624
30 0.8 0.016 0.784
73 0.8 0.016 0.784
30 0.784 0.16 0.624
73 0.784 0.16 0.624
47 0.8 0.016 0.784
47 0.784 0.16 0.624
48 0.8 0.16 0.64
85 0.8 0.16 0.64
85 0.718827 0.016 0.702827
85 0.702827 0.16 0.542827
9 0.8 0.16 0.64
48 0.710027 0.16 0.550027
9 0.713537 0.016 0.697537
48 0.629209 0.016 0.613209
9 0.697537 0.16 0.537537
48 0.613209 0.16 0.453209
82 0.8 0.16 0.64
48 0.453209 0.16 0.293209
82 0.64 0.16 0.48
7 0.8 0.016 0.784
24 0.8 0.016 0.784
37 0.8 0.016 0.784
82 0.553372 0.016 0.537372
37 0.784 0.16 0.624
82 0.537372 0.16 0.377372
7 0.784 0.16 0.624
24 0.784 0.16 0.624
62 0.8 0.16 0.64
74 0.8 0.16 0.64
7 0.624 0.16 0.464
24 0.624 0.16 0.464
62 0.64 0.16 0.48
24 0.464 0.16 0.304
7 0.464 0.16 0.304
62 0.48 0.16 0.32
74 0.64 0.16 0.48
62 0.32 0.16 0.16
74 0.48 0.16 0.32
62 0.235037 0.016 0.219037
74 0.390268 0.016 0.374268
62 0.219037 0.16 0.0590367
74 0.374268 0.16 0.214268
74 0.214268 0.16 0.0542684
54 0.8 0.16 0.64
45 0.8 0.016 0.784
54 0.714101 0.016 0.698101
54 0.698101 0.16 0.538101
39 0.8 0.16 0.64
45 0.784 0.16 0.624
45 0.624 0.16 0.464
39 0.64 0.16 0.48
97 0.8 0.16 0.64
39 0.558422 0.016 0.542422
97 0.717365 0.016 0.701365
39 0.542422 0.16 0.382422
61 0.8 0.16 0.64
97 0.701365 0.16 0.541365
97 0.541365 0.16 0.381365
61 0.64 0.16 0.48
76 0.8 0.16 0.64
61 0.555944 0.016 0.539944
61 0.539944 0.16 0.379944
76 0.71876 0.16 0.55876
76 0.637847 0.016 0.621847
76 0.621847 0.16 0.461847
2 0.8 0.016 0.784
25 0.8 0.016 0.784
2 0.784 0.16 0.624
25 0.784 0.16 0.624
90 0.8 0.16 0.64
92 0.8 0.16 0.64
95 0.8 0.16 0.64
90 0.64 0.16 0.48
92 0.64 0.16 0.48
95 0.64 0.16 0.48
90 0.552537 0.016 0.536537
92 0.554174 0.016 0.538174
95 0.557276 0.016 0.541276
92 0.538174 0.16 0.378174
90 0.536537 0.16 0.376537
91 0.8 0.16 0.64
95 0.541276 0.16 0.381276
90 0.376537 0.16 0.216537
91 0.64 0.16 0.48
95 0.381276 0.16 0.221276
95 0.221276 0.16 0.061276
91 0.48 0.16 0.32
91 0.39248 0.016 0.37648
91 0.37648 0.16 0.21648
31 0.8 0.16 0.64
31 0.711689 0.016 0.695689
31 0.695689 0.16 0.535689
6 0.8 0.16 0.64
6 0.711321 0.016 0.695321
21 0.8 0.016 0.784
75 0.8 0.016 0.784
6 0.695321 0.16 0.535321
75 0.784 0.16 0.624
21 0.784 0.16 0.624
67 0.8 0.16 0.64
21 0.624 0.16 0.464
28 0.8 0.16 0.64
67 0.64 0.16 0.48
72 0.8 0.16 0.64
21 0.464 0.16 0.304
28 0.64 0.16 0.48
67 0.48 0.16 0.32
28 0.552755 0.016 0.536755
67 0.392313 0.016 0.376313
72 0.717317 0.016 0.701317
93 0.8 0.016 0.784
28 0.536755 0.16 0.376755
72 0.701317 0.16 0.541317
93 0.784 0.16 0.624
67 0.376313 0.16 0.216313
46 0.8 0.16 0.64
46 0.64 0.16 0.48
86 0.8 0.16 0.64
46 0.48 0.16 0.32
86 0.64 0.16 0.48
46 0.396432 0.016 0.380432
86 0.551965 0.016 0.535965
46 0.380432 0.16 0.220432
86 0.535965 0.16 0.375965
80 0.8 0.016 0.784
87 0.8 0.016 0.784
80 0.784 0.16 0.624
40 0.8 0.16 0.64
87 0.784 0.16 0.624
87 0.624 0.16 0.464
40 0.64 0.16 0.48
40 0.557151 0.016 0.541151
40 0.541151 0.16 0.381151
51 0.8 0.016 0.784
71 0.8 0.016 0.784
71 0.784 0.16 0.624
29 0.8 0.16 0.64
42 0.8 0.16 0.64
51 0.784 0.16 0.624
51 0.624 0.16 0.464
29 0.64 0.16 0.48
42 0.64 0.16 0.48
44 0.8 0.16 0.64
55 0.8 0.16 0.64
100 0.8 0.16 0.64
29 0.550937 0.016 0.534937
42 0.555829 0.016 0.539829
44 0.712556 0.016 0.696556
55 0.71177 0.016 0.69577
100 0.713686 0.016 0.697686
29 0.534937 0.16 0.374937
42 0.539829 0.16 0.379829
44 0.696556 0.16 0.536556
55 0.69577 0.16 0.53577
100 0.697686 0.16 0.537686
42 0.379829 0.16 0.219829
44 0.536556 0.16 0.376556
55 0.53577 0.16 0.37577
100 0.537686 0.16 0.377686
55 0.37577 0.16 0.21577
100 0.377686 0.16 0.217686
44 0.376556 0.16 0.216556
96 0.8 0.016 0.784
96 0.784 0.16 0.624
11 0.8 0.16 0.64
22 0.8 0.16 0.64
27 0.8 0.16 0.64
34 0.8 0.16 0.64
52 0.8 0.16 0.64
84 0.8 0.16 0.64
11 0.711209 0.016 0.695209
27 0.711262 0.016 0.695262
34 0.710991 0.016 0.694991
52 0.716632 0.016 0.700632
84 0.710614 0.016 0.694614
11 0.695209 0.16 0.535209
34 0.694991 0.16 0.534991
52 0.700632 0.16 0.540632
84 0.694614 0.16 0.534614
27 0.695262 0.16 0.535262
22 0.714948 0.16 0.554948
66 0.8 0.16 0.64
20 0.8 0.16 0.64
22 0.554948 0.16 0.394948
66 0.64 0.16 0.48
20 0.64 0.16 0.48
22 0.394948 0.16 0.234948
66 0.48 0.16 0.32
22 0.234948 0.16 0.0749484
66 0.32 0.16 0.16
20 0.48 0.16 0.32
22 0.0749484 0.16 -0.0850516
66 0.16 0.16 -5.55112e-17
20 0.394957 0.016 0.378957
22 0.0701805 0.016 0.0541805
66 0.0764123 0.016 0.0604123
20 0.378957 0.16 0.218957
19 0.8 0.16 0.64
22 0.0541805 0.16 -0.105819
66 0.0604123 0.16 -0.0995877
19 0.719939 0.016 0.703939
66 0.0784048 0.016 0.0624048
19 0.703939 0.16 0.543939
16 0.8 0.16 0.64
16 0.719693 0.016 0.703693
16 0.703693 0.16 0.543693
59 0.8 0.016 0.784
78 0.8 0.016 0.784
66 0.368163 0.16 0.208163
22 0.368988 0.16 0.208988
22 0.208988 0.16 0.0489883
59 0.784 0.16 0.624
5 0.8 0.16 0.64
57 0.8 0.16 0.64
78 0.784 0.16 0.624
78 0.624 0.16 0.464
5 0.64 0.16 0.48
13 0.8 0.16 0.64
57 0.64 0.16 0.48
5 0.55752 0.016 0.54152
57 0.551811 0.016 0.535811
5 0.54152 0.16 0.38152
66 0.287444 0.16 0.127444
57 0.535811 0.16 0.375811
3 0.8 0.16 0.64
13 0.714584 0.16 0.554584
15 0.8 0.16 0.64
3 0.64 0.16 0.48
13 0.554584 0.16 0.394584
15 0.64 0.16 0.48
3 0.559681 0.016 0.543681
13 0.466637 0.016 0.450637
15 0.551278 0.016 0.535278
13 0.450637 0.16 0.290637
3 0.543681 0.16 0.383681
15 0.535278 0.16 0.375278
94 0.8 0.16 0.64
15 0.375278 0.16 0.215278
3 0.383681 0.16 0.223681
41 0.8 0.16 0.64
83 0.8 0.16 0.64
94 0.64 0.16 0.48
3 0.223681 0.16 0.0636809
94 0.48 0.16 0.32
83 0.714192 0.016 0.698192
94 0.391001 0.016 0.375001
94 0.375001 0.16 0.215001
41 0.710527 0.16 0.550527
83 0.698192 0.16 0.538192
83 0.538192 0.16 0.378192
41 0.550527 0.16 0.390527
10 0.8 0.016 0.784
36 0.8 0.016 0.784
41 0.466338 0.016 0.450338
41 0.450338 0.16 0.290338
10 0.784 0.16 0.624
36 0.784 0.16 0.624
36 0.624 0.16 0.464
10 0.624 0.16 0.464
53 0.8 0.16 0.64
63 0.8 0.16 0.64
64 0.8 0.16 0.64
53 0.64 0.16 0.48
63 0.64 0.16 0.48
64 0.64 0.16 0.48
53 0.559331 0.016 0.543331
63 0.556022 0.016 0.540022
64 0.551612 0.016 0.535612
53 0.543331 0.16 0.383331
64 0.535612 0.16 0.375612
63 0.540022 0.16 0.380022
63 0.380022 0.16 0.220022
63 0.220022 0.16 0.0600222
23 0.8 0.016 0.784
58 0.8 0.016 0.784
58 0.784 0.16 0.624
23 0.784 0.16 0.624
60 0.8 0.16 0.64
23 0.624 0.16 0.464
38 0.8 0.16 0.64
60 0.64 0.16 0.48
38 0.710193 0.016 0.694193
60 0.553127 0.016 0.537127
60 0.537127 0.16 0.377127
18 0.8 0.16 0.64
38 0.694193 0.16 0.534193
38 0.534193 0.16 0.374193
18 0.64 0.16 0.48
18 0.55883 0.016 0.54283
18 0.54283 0.16 0.38283
1 0.8 0.016 0.784
70 0.8 0.016 0.784
77 0.8 0.016 0.784
1 0.784 0.16 0.624
77 0.784 0.16 0.624
70 0.784 0.16 0.624
70 0.624 0.16 0.464
70 0.464 0.16 0.304
99 0.8 0.16 0.64
49 0.8 0.016 0.784
56 0.8 0.016 0.784
99 0.78876 0.016 0.77276
99 0.77276 0.16 0.61276
49 0.784 0.16 0.624
56 0.784 0.16 0.624
56 0.624 0.16 0.464
49 0.624 0.16 0.464
89 0.8 0.16 0.64
49 0.464 0.16 0.304
33 0.8 0.16 0.64
89 0.64 0.16 0.48
33 0.719544 0.016 0.703544
33 0.703544 0.16 0.543544
14 0.8 0.16 0.64
89 0.55021 0.16 0.39021
98 0.8 0.16 0.64
89 0.464545 0.016 0.448545
89 0.448545 0.16 0.288545
14 0.786418 0.016 0.770418
50 0.8 0.016 0.784
98 0.795434 0.016 0.779434
14 0.770418 0.16 0.610418
50 0.784 0.16 0.624
98 0.779434 0.16 0.619434
98 0.619434 0.16 0.459434
50 0.624 0.16 0.464
50 0.464 0.16 0.304
32 0.8 0.16 0.64
32 0.715315 0.016 0.699315
32 0.699315 0.16 0.539315
65 0.8 0.16 0.64
68 0.8 0.16 0.64
17 0.8 0.016 0.784
65 0.714401 0.016 0.698401
68 0.719948 0.016 0.703948
65 0.698401 0.16 0.538401
68 0.703948 0.16 0.543948
17 0.784 0.16 0.624
17 0.624 0.16 0.464
17 0.464 0.16 0.304
8 0.8 0.016 0.784
26 0.8 0.016 0.784
69 0.8 0.016 0.784
69 0.784 0.16 0.624
26 0.784 0.16 0.624
8 0.784 0.16 0.624
8 0.624 0.16 0.464
8 0.464 0.16 0.304
