21 899 0 100 32654374 2.5199 2.5199
30 913 0 100 32669744 2.6199 2.6199
5 918 0 100 32649542 2.7199 2.7199
2 938 0 100 32681060 2.9199 2.9199
25 928 0 100 32675166 3.0199 3.0199
23 893 0 100 32682838 3.1199 3.1199
15 897 0 100 32681270 3.4199 3.4199
29 910 0 100 32668578 3.5199 3.5199
20 894 0 100 32656504 3.6199 3.6199
27 937 0 100 32643572 3.7199 3.7199
12 900 0 100 32666328 3.8199 3.8199
26 923 0 100 32672358 3.9199 3.9199
9 896 0 100 32678756 4.2199 4.2199
10 920 0 100 32658902 4.4199 4.4199
13 929 0 100 32671776 4.5199 4.5199
6 912 0 100 32637074 4.8199 4.8199
19 926 0 100 32666814 4.9199 4.9199
18 933 0 100 32682052 5.4199 5.4199
22 904 0 100 32676598 5.6199 5.6199
11 902 0 100 32642798 5.7199 5.7199
14 930 0 100 32663992 5.8199 5.8199
4 921 0 100 32642026 5.9199 5.9199
7 935 0 100 32650832 6.1199 6.1199
28 909 0 100 32656012 6.2199 6.2199
17 931 0 100 32679080 6.2199 6.2199
8 934 0 100 32672530 7.0199 7.0199
