44 1460 1.003
9 1461 1.02335
11 1462 1.02704
54 1464 1.16824
6 1466 1.19852
59 1467 1.19856
7 1468 1.22631
41 1469 1.22859
20 1470 1.24558
49 1472 1.30194
40 1473 1.30351
21 1474 1.3042
4 1475 1.32523
50 1476 1.37526
36 1477 1.37799
56 1479 1.39281
28 1480 1.43508
35 1481 1.46524
37 1483 1.54748
18 1485 1.65545
51 1486 1.67398
13 1488 1.73231
23 1489 1.74021
10 1490 1.78027
46 1492 1.86389
42 1495 1.99851
3 1496 2.02606
43 1498 2.11748
16 1499 2.11984
38 1500 2.14335
53 1501 2.14807
31 1503 2.19463
1 1504 2.20249
26 1505 2.28061
48 1507 2.30818
5 1508 2.3298
52 1510 2.38894
8 1511 2.40575
22 1512 2.42687
25 1513 2.47645
34 1515 2.5332
32 1516 2.54337
45 1517 2.57545
29 1519 2.62301
19 1520 2.63512
47 1521 2.63834
24 1522 2.66867
12 1523 2.67754
27 1524 2.67857
60 1526 2.6817
57 1527 2.74361
17 1528 2.74918
15 1529 2.78025
30 1531 2.84017
14 1532 2.844
33 1534 2.89888
2 1535 2.90653
55 1536 2.9096
58 1537 2.92967
39 1539 2.98654
