0 1250
0 1251
0 1252
0 1253
0 1254
0 1255
0 1256
0 1257
0 1258
0 1259
0 1262
0 1270
0 1273
22 1268
0 1274
0 1278
0 1280
0 1283
0 1287
0 1290
25 1285
0 1293
6 1260
0 1297
0 1298
44 1265
0 1302
26 1267
0 1304
14 1279
0 1311
0 1313
0 1317
0 1318
17 1301
0 1323
0 1329
50 1299
30 1277
45 1269
0 1330
24 1314
0 1331
27 1308
48 1292
0 1332
0 1333
0 1334
9 1315
4 1320
0 1335
21 1282
0 1336
15 1284
0 1337
0 1338
0 1339
23 1306
11 1305
0 1340
5 1291
8 1261
0 1341
12 1263
0 1342
39 1324
0 1343
0 1344
1 1303
0 1345
47 1264
0 1346
0 1347
38 1325
0 1348
13 1281
0 1349
33 1327
34 1319
0 1350
10 1266
0 1351
0 1352
0 1353
37 1312
0 1354
0 1355
20 1316
36 1289
0 1356
0 1357
49 1326
0 1358
3 1288
41 1309
0 1359
19 1322
0 1360
29 1275
31 1272
46 1328
0 1361
7 1271
0 1362
40 1307
16 1276
0 1363
0 1364
28 1294
32 1286
0 1365
0 1366
42 1300
0 1367
18 1295
0 1368
0 1369
2 1321
43 1296
0 1370
0 1371
0 1372
0 1373
0 1374
35 1310
0 1375
0 1376
0 1377
0 1378
0 1379
0 1380
0 1381
0 1382
0 1383
0 1384
0 1385
0 1386
0 1387
0 1388
0 1389
0 1390
0 1391
0 1392
0 1393
0 1394
0 1395
0 1396
0 1397
0 1398
0 1399
0 1400
0 1401
0 1402
0 1403
0 1404
0 1405
0 1406
0 1407
0 1408
0 1409
0 1410
0 1411
0 1412
0 1413
0 1414
0 1415
0 1416
0 1417
0 1418
0 1419
0 1420
0 1421
0 1422
0 1423
0 1424
0 1425
0 1426
0 1427
0 1428
0 1429
0 1430
0 1431
0 1432
0 1433
0 1434
0 1435
0 1436
0 1437
0 1438
0 1439
0 1440
0 1441
0 1442
0 1443
0 1444
0 1445
0 1446
0 1447
0 1448
0 1449
