0 1450
0 1451
0 1452
0 1453
0 1454
0 1455
0 1456
0 1457
0 1458
0 1459
0 1463
0 1465
0 1471
0 1478
0 1482
0 1484
0 1487
0 1491
0 1493
0 1494
20 1470
0 1497
10 1490
0 1502
0 1506
0 1509
31 1503
48 1507
0 1514
35 1481
3 1496
50 1476
52 1510
0 1518
49 1472
21 1474
0 1525
27 1524
41 1469
0 1530
7 1468
32 1516
17 1528
0 1533
44 1460
0 1538
37 1483
0 1540
9 1461
0 1541
33 1534
51 1486
0 1542
0 1543
8 1511
0 1544
22 1512
0 1545
23 1489
39 1539
0 1546
0 1547
42 1495
5 1508
24 1522
45 1517
0 1548
47 1521
0 1549
28 1480
29 1519
0 1550
43 1498
0 1551
26 1505
0 1552
30 1531
0 1553
2 1535
6 1466
0 1554
19 1520
0 1555
0 1556
53 1501
0 1557
18 1485
56 1479
34 1515
0 1558
25 1513
0 1559
0 1560
0 1561
0 1562
0 1563
40 1473
14 1532
0 1564
1 1504
16 1499
0 1565
0 1566
59 1467
0 1567
4 1475
0 1568
0 1569
11 1462
0 1570
54 1464
57 1527
13 1488
0 1571
0 1572
58 1537
0 1573
36 1477
60 1526
0 1574
46 1492
0 1575
0 1576
0 1577
0 1578
15 1529
0 1579
0 1580
0 1581
0 1582
12 1523
0 1583
38 1500
0 1584
0 1585
0 1586
55 1536
0 1587
0 1588
0 1589
0 1590
0 1591
0 1592
0 1593
0 1594
0 1595
0 1596
0 1597
0 1598
0 1599
0 1600
0 1601
0 1602
0 1603
0 1604
0 1605
0 1606
0 1607
0 1608
0 1609
0 1610
0 1611
0 1612
0 1613
0 1614
0 1615
0 1616
0 1617
0 1618
0 1619
0 1620
0 1621
0 1622
0 1623
0 1624
0 1625
0 1626
0 1627
0 1628
0 1629
0 1630
0 1631
0 1632
0 1633
0 1634
0 1635
0 1636
0 1637
0 1638
0 1639
0 1640
0 1641
0 1642
0 1643
0 1644
0 1645
0 1646
0 1647
0 1648
0 1649
0 1650
0 1651
0 1652
0 1653
0 1654
0 1655
0 1656
0 1657
0 1658
0 1659
