37 1670 0 100 32638406 1.11494 1.11494
44 1677 0 100 32632810 1.21494 1.21494
6 1685 0 100 32630322 1.41494 1.41494
20 1681 0 100 32666906 1.51494 1.51494
52 1690 0 100 32672254 1.61494 1.61494
18 1693 0 100 32669832 1.61494 1.61494
31 1679 0 100 32670692 1.71494 1.71494
25 1705 0 100 32678888 1.81494 1.81494
65 1706 0 100 32635930 1.91494 1.91494
49 1732 0 100 32636352 2.51494 2.51494
45 1700 0 100 32676294 2.61494 2.61494
51 1704 0 100 32649870 2.61494 2.61494
63 1695 0 100 32653314 2.61494 2.61494
35 1692 0 100 32681922 2.71494 2.71494
33 1687 0 100 32656980 3.01494 3.01494
24 1758 0 100 32668272 3.01494 3.01494
54 1674 0 100 32662302 3.11494 3.11494
68 1702 0 100 32671994 3.11494 3.11494
9 1673 0 100 32666544 3.21494 3.21494
47 1728 0 100 32652014 3.31494 3.31494
41 1754 0 100 32669530 3.41494 3.41494
23 1729 0 100 32651088 3.51494 3.51494
29 1713 0 100 32672766 3.61494 3.61494
64 1684 0 100 32660656 3.71494 3.71494
43 1730 0 100 32679328 3.71494 3.71494
48 1739 0 100 32638190 3.91494 3.91494
50 1672 0 100 32649714 3.91494 3.91494
11 1723 0 100 32669052 4.01494 4.01494
70 1689 0 100 32645734 4.11494 4.11494
1 1736 0 100 32676120 4.11494 4.11494
30 1726 0 100 32654978 4.31494 4.31494
19 1678 0 100 32678324 4.41494 4.41494
2 1720 0 100 32669450 4.51494 4.51494
10 1698 0 100 32636982 4.51494 4.51494
16 1731 0 100 32643538 4.71494 4.71494
14 1737 0 100 32682846 4.71494 4.71494
66 1709 0 100 32636768 5.01494 5.01494
8 1757 0 100 32654518 5.01494 5.01494
59 1716 0 100 32660352 5.41494 5.41494
62 1683 0 100 32660006 5.51494 5.51494
60 1725 0 100 32644716 5.51494 5.51494
17 1696 0 100 32653172 5.61494 5.61494
67 1752 0 100 32654404 5.71494 5.71494
28 1710 0 100 32672150 5.81494 5.81494
21 1740 0 100 32645848 5.91494 5.91494
56 1745 0 100 32625240 5.91494 5.91494
61 1717 0 100 32657196 5.91494 5.91494
39 1746 0 100 32672588 6.01494 6.01494
13 1749 0 100 32681582 6.01494 6.01494
57 1712 0 100 32678338 6.21494 6.21494
5 1748 0 100 32661256 6.31494 6.31494
58 1733 0 100 32651634 6.41494 6.41494
15 1722 0 100 32647830 6.41494 6.41494
4 1686 0 100 32657298 6.41494 6.41494
3 1759 0 100 32663132 6.61494 6.61494
46 1697 0 100 32680880 6.61494 6.61494
40 1724 0 100 32652064 6.81494 6.81494
34 1715 0 100 32660080 6.81494 6.81494
7 1719 0 100 32653676 7.11494 7.11494
69 1738 0 100 32657714 7.21494 7.21494
53 1744 0 100 32652992 7.61494 7.61494
32 1756 0 100 32677250 7.81494 7.81494
36 1750 0 100 32655014 7.91494 7.91494
55 1755 0 100 32665686 8.01494 8.01494
