0 1880
0 1881
0 1882
0 1883
0 1884
0 1885
0 1886
0 1887
0 1888
0 1889
0 1891
0 1895
0 1899
0 1904
0 1910
42 1909
0 1916
0 1925
44 1900
8 1894
0 1930
0 1938
33 1914
0 1941
59 1897
4 1903
0 1947
55 1942
0 1950
0 1954
12 1906
0 1961
61 1957
0 1967
27 1935
72 1964
0 1971
45 1928
56 1949
0 1977
34 1944
0 1981
46 1934
0 1985
18 1905
0 1986
25 1907
0 1990
16 1976
69 1892
0 1991
0 1992
41 1966
13 1960
11 1939
0 1993
19 1978
53 1929
0 1994
36 1955
28 1943
15 1940
0 1995
79 1926
23 1908
0 1996
22 1917
17 1915
64 1980
0 1997
50 1918
3 1948
73 1983
71 1927
35 1953
0 1998
7 1989
0 1999
58 1982
0 2000
2 1890
0 2001
76 1945
0 2002
57 1987
74 1975
0 2003
0 2004
14 1963
48 1911
32 1972
0 2005
6 1902
0 2006
60 1958
0 2007
5 1913
9 1924
30 1901
0 2008
77 1965
63 1959
0 2009
29 1898
39 1893
0 2010
20 1937
0 2011
0 2012
0 2013
0 2014
70 1922
1 1951
0 2015
0 2016
75 1936
51 1968
0 2017
65 1988
24 1979
0 2018
40 1946
37 1933
49 1956
80 1962
0 2019
26 1923
38 1931
0 2020
0 2021
66 1974
0 2022
54 1920
0 2023
68 1921
67 1896
52 1973
0 2024
0 2025
31 1932
21 1970
62 1912
0 2026
10 1952
43 1919
47 1984
0 2027
0 2028
0 2029
0 2030
0 2031
0 2032
0 2033
0 2034
0 2035
78 1969
0 2036
0 2037
0 2038
0 2039
0 2040
0 2041
0 2042
0 2043
0 2044
0 2045
0 2046
0 2047
0 2048
0 2049
0 2050
0 2051
0 2052
0 2053
0 2054
0 2055
0 2056
0 2057
0 2058
0 2059
0 2060
0 2061
0 2062
0 2063
0 2064
0 2065
0 2066
0 2067
0 2068
0 2069
0 2070
0 2071
0 2072
0 2073
0 2074
0 2075
0 2076
0 2077
0 2078
0 2079
0 2080
0 2081
0 2082
0 2083
0 2084
0 2085
0 2086
0 2087
0 2088
0 2089
0 2090
0 2091
0 2092
0 2093
0 2094
0 2095
0 2096
0 2097
0 2098
0 2099
0 2100
0 2101
0 2102
0 2103
0 2104
0 2105
0 2106
0 2107
0 2108
0 2109
