22 1268 0 100 32664230 1.28643 1.28643
25 1285 0 100 32675450 1.88643 1.88643
6 1260 0 100 32659804 1.98643 1.98643
44 1265 0 100 32664408 2.18643 2.18643
26 1267 0 100 32646952 2.28643 2.28643
14 1279 0 100 32660834 2.38643 2.38643
17 1301 0 100 32664008 2.78643 2.78643
50 1299 0 100 32642228 2.98643 2.98643
30 1277 0 100 32650790 2.98643 2.98643
45 1269 0 100 32648094 2.98643 2.98643
24 1314 0 100 32658268 3.08643 3.08643
27 1308 0 100 32652410 3.18643 3.18643
48 1292 0 100 32663392 3.18643 3.18643
9 1315 0 100 32670182 3.48643 3.48643
4 1320 0 100 32654220 3.48643 3.48643
21 1282 0 100 32661586 3.58643 3.58643
15 1284 0 100 32652590 3.68643 3.68643
23 1306 0 100 32650104 3.98643 3.98643
11 1305 0 100 32628654 3.98643 3.98643
8 1261 0 100 32633000 4.08643 4.08643
12 1263 0 100 32656538 4.18643 4.18643
39 1324 0 100 32645970 4.28643 4.28643
1 1303 0 100 32643324 4.48643 4.48643
47 1264 0 100 32640738 4.58643 4.58643
38 1325 0 100 32644190 4.78643 4.78643
13 1281 0 100 32661930 4.88643 4.88643
33 1327 0 100 32662112 4.98643 4.98643
34 1319 0 100 32671768 4.98643 4.98643
10 1266 0 100 32644712 5.08643 5.08643
37 1312 0 100 32646242 5.38643 5.38643
36 1289 0 100 32660836 5.58643 5.58643
49 1326 0 100 32668322 5.78643 5.78643
3 1288 0 100 32643612 5.88643 5.88643
41 1309 0 100 32655006 5.88643 5.88643
19 1322 0 100 32660740 5.98643 5.98643
31 1272 0 100 32666708 6.08643 6.08643
46 1328 0 100 32641184 6.08643 6.08643
7 1271 0 100 32661564 6.18643 6.18643
40 1307 0 100 32679920 6.28643 6.28643
16 1276 0 100 32654900 6.28643 6.28643
28 1294 0 100 32634038 6.48643 6.48643
32 1286 0 100 32660010 6.48643 6.48643
42 1300 0 100 32663960 6.68643 6.68643
18 1295 0 100 32675724 6.78643 6.78643
2 1321 0 100 32669374 6.98643 6.98643
43 1296 0 100 32634212 6.98643 6.98643
35 1310 0 100 32669294 7.48643 7.48643
