20 1078 0 100 32672100 1.37926 1.37926
5 1111 0 100 32629210 2.47926 2.47926
15 1080 0 100 32661476 2.67926 2.67926
19 1072 0 100 32680836 2.77926 2.77926
17 1084 0 100 32661506 2.87926 2.87926
28 1076 0 100 32661746 3.27926 3.27926
31 1106 0 100 32653238 3.37926 3.37926
33 1096 0 100 32666166 3.37926 3.37926
40 1093 0 100 32674848 3.47926 3.47926
37 1107 0 100 32643104 3.77926 3.77926
18 1118 0 100 32674178 3.77926 3.77926
12 1105 0 100 32651892 3.77926 3.77926
25 1095 0 100 32679856 3.77926 3.77926
26 1101 0 100 32657382 3.87926 3.87926
3 1128 0 100 32658814 4.07926 4.07926
24 1082 0 100 32668148 4.17926 4.17926
23 1074 0 100 32639474 4.17926 4.17926
1 1119 0 100 32680864 4.27926 4.27926
30 1123 0 100 32658118 4.37926 4.37926
36 1109 0 100 32678704 4.47926 4.47926
22 1090 0 100 32631130 4.77926 4.77926
10 1110 0 100 32648738 4.87926 4.87926
2 1079 0 100 32646728 5.07926 5.07926
39 1077 0 100 32678876 5.27926 5.27926
9 1071 0 100 32673440 5.27926 5.27926
6 1113 0 100 32678382 5.37926 5.37926
8 1087 0 100 32662704 5.67926 5.67926
21 1098 0 100 32665028 5.97926 5.97926
34 1091 0 100 32672502 5.97926 5.97926
16 1073 0 100 32662558 6.07926 6.07926
7 1099 0 100 32646768 6.27926 6.27926
27 1121 0 100 32665914 6.37926 6.37926
32 1124 0 100 32672024 6.37926 6.37926
35 1103 0 100 32649600 6.37926 6.37926
13 1114 0 100 32642016 6.57926 6.57926
38 1126 0 100 32635690 7.07926 7.07926
29 1116 0 100 32669990 7.47926 7.47926
