50 0.8 0.016 0.784
50 0.784 0.16 0.624
37 0.8 0.016 0.784
37 0.784 0.16 0.624
89 0.8 0.016 0.784
89 0.784 0.16 0.624
77 0.8 0.16 0.64
74 0.8 0.016 0.784
77 0.715467 0.016 0.699467
77 0.699467 0.16 0.539467
74 0.784 0.16 0.624
7 0.8 0.016 0.784
7 0.784 0.16 0.624
26 0.8 0.016 0.784
26 0.784 0.16 0.624
67 0.8 0.16 0.64
81 0.8 0.16 0.64
67 0.71971 0.016 0.70371
67 0.70371 0.16 0.54371
81 0.711039 0.16 0.551039
81 0.627755 0.016 0.611755
81 0.611755 0.16 0.451755
31 0.8 0.016 0.784
31 0.784 0.16 0.624
28 0.8 0.16 0.64
48 0.8 0.16 0.64
48 0.712327 0.016 0.696327
48 0.696327 0.16 0.536327
28 0.719782 0.16 0.559782
28 0.629805 0.016 0.613805
41 0.8 0.016 0.784
41 0.784 0.16 0.624
28 0.613805 0.16 0.453805
40 0.8 0.16 0.64
40 0.715302 0.016 0.699302
59 0.8 0.016 0.784
40 0.699302 0.16 0.539302
59 0.784 0.16 0.624
83 0.8 0.016 0.784
85 0.8 0.016 0.784
85 0.784 0.16 0.624
83 0.784 0.16 0.624
43 0.8 0.16 0.64
43 0.64 0.16 0.48
45 0.8 0.16 0.64
43 0.557408 0.016 0.541408
43 0.541408 0.16 0.381408
22 0.8 0.16 0.64
45 0.711994 0.16 0.551994
22 0.717689 0.016 0.701689
45 0.623466 0.016 0.607466
45 0.607466 0.16 0.447466
22 0.701689 0.16 0.541689
64 0.8 0.16 0.64
64 0.713587 0.016 0.697587
64 0.697587 0.16 0.537587
68 0.8 0.016 0.784
68 0.784 0.16 0.624
19 0.8 0.16 0.64
54 0.8 0.16 0.64
3 0.8 0.016 0.784
19 0.7113 0.016 0.6953
32 0.8 0.016 0.784
54 0.71014 0.016 0.69414
54 0.69414 0.16 0.53414
19 0.6953 0.16 0.5353
3 0.784 0.16 0.624
32 0.784 0.16 0.624
66 0.8 0.16 0.64
73 0.8 0.16 0.64
66 0.64 0.16 0.48
66 0.48 0.16 0.32
73 0.64 0.16 0.48
66 0.32 0.16 0.16
73 0.48 0.16 0.32
66 0.238663 0.016 0.222663
73 0.394124 0.016 0.378124
73 0.378124 0.16 0.218124
66 0.222663 0.16 0.0626629
47 0.8 0.16 0.64
47 0.64 0.16 0.48
47 0.558914 0.016 0.542914
47 0.542914 0.16 0.382914
61 0.8 0.16 0.64
87 0.8 0.16 0.64
61 0.714032 0.016 0.698032
87 0.710893 0.016 0.694893
87 0.694893 0.16 0.534893
61 0.698032 0.16 0.538032
58 0.8 0.16 0.64
29 0.8 0.16 0.64
58 0.64 0.16 0.48
29 0.718962 0.016 0.702962
58 0.557209 0.016 0.541209
70 0.8 0.016 0.784
58 0.541209 0.16 0.381209
29 0.702962 0.16 0.542962
70 0.784 0.16 0.624
1 0.8 0.16 0.64
17 0.8 0.16 0.64
1 0.64 0.16 0.48
17 0.64 0.16 0.48
1 0.551941 0.016 0.535941
17 0.557409 0.016 0.541409
55 0.8 0.016 0.784
55 0.784 0.16 0.624
1 0.535941 0.16 0.375941
17 0.541409 0.16 0.381409
34 0.8 0.16 0.64
39 0.8 0.16 0.64
34 0.64 0.16 0.48
34 0.552954 0.016 0.536954
39 0.719355 0.016 0.703355
39 0.703355 0.16 0.543355
34 0.536954 0.16 0.376954
5 0.8 0.16 0.64
5 0.714654 0.016 0.698654
5 0.698654 0.16 0.538654
62 0.8 0.016 0.784
62 0.784 0.16 0.624
10 0.8 0.16 0.64
18 0.8 0.16 0.64
75 0.8 0.16 0.64
10 0.71999 0.016 0.70399
75 0.714754 0.016 0.698754
10 0.70399 0.16 0.54399
75 0.698754 0.16 0.538754
18 0.714648 0.16 0.554648
18 0.554648 0.16 0.394648
65 0.8 0.16 0.64
18 0.473463 0.016 0.457463
35 0.8 0.016 0.784
65 0.717284 0.016 0.701284
82 0.8 0.016 0.784
35 0.784 0.16 0.624
65 0.701284 0.16 0.541284
82 0.784 0.16 0.624
18 0.457463 0.16 0.297463
46 0.8 0.16 0.64
49 0.8 0.16 0.64
57 0.8 0.16 0.64
88 0.8 0.16 0.64
49 0.64 0.16 0.48
57 0.64 0.16 0.48
88 0.64 0.16 0.48
46 0.64 0.16 0.48
49 0.48 0.16 0.32
57 0.48 0.16 0.32
88 0.48 0.16 0.32
46 0.554883 0.016 0.538883
49 0.395476 0.016 0.379476
57 0.393596 0.016 0.377596
88 0.392501 0.016 0.376501
88 0.376501 0.16 0.216501
49 0.379476 0.16 0.219476
57 0.377596 0.16 0.217596
46 0.538883 0.16 0.378883
13 0.8 0.16 0.64
60 0.8 0.16 0.64
13 0.64 0.16 0.48
60 0.64 0.16 0.48
72 0.8 0.16 0.64
13 0.48 0.16 0.32
60 0.48 0.16 0.32
72 0.64 0.16 0.48
13 0.32 0.16 0.16
21 0.8 0.16 0.64
60 0.32 0.16 0.16
72 0.48 0.16 0.32
13 0.233105 0.016 0.217105
21 0.715812 0.016 0.699812
60 0.232695 0.016 0.216695
72 0.396931 0.016 0.380931
13 0.217105 0.16 0.0571049
72 0.380931 0.16 0.220931
60 0.216695 0.16 0.056695
21 0.699812 0.16 0.539812
15 0.8 0.16 0.64
23 0.8 0.16 0.64
79 0.8 0.16 0.64
86 0.8 0.16 0.64
15 0.64 0.16 0.48
23 0.64 0.16 0.48
79 0.64 0.16 0.48
86 0.64 0.16 0.48
15 0.48 0.16 0.32
79 0.48 0.16 0.32
86 0.48 0.16 0.32
15 0.32 0.16 0.16
23 0.48 0.16 0.32
79 0.32 0.16 0.16
86 0.32 0.16 0.16
15 0.238569 0.016 0.222569
23 0.393775 0.016 0.377775
79 0.236693 0.016 0.220693
86 0.231587 0.016 0.215587
23 0.377775 0.16 0.217775
79 0.220693 0.16 0.0606934
86 0.215587 0.16 0.0555872
15 0.222569 0.16 0.0625689
56 0.8 0.16 0.64
56 0.64 0.16 0.48
56 0.553191 0.016 0.537191
56 0.537191 0.16 0.377191
6 0.8 0.16 0.64
25 0.8 0.16 0.64
6 0.710309 0.016 0.694309
25 0.714816 0.016 0.698816
51 0.8 0.016 0.784
25 0.698816 0.16 0.538816
6 0.694309 0.16 0.534309
51 0.784 0.16 0.624
14 0.8 0.16 0.64
14 0.64 0.16 0.48
14 0.48 0.16 0.32
14 0.398128 0.016 0.382128
14 0.382128 0.16 0.222128
12 0.8 0.016 0.784
44 0.8 0.016 0.784
44 0.784 0.16 0.624
12 0.784 0.16 0.624
16 0.8 0.016 0.784
36 0.8 0.016 0.784
76 0.8 0.016 0.784
90 0.8 0.016 0.784
36 0.784 0.16 0.624
16 0.784 0.16 0.624
76 0.784 0.16 0.624
90 0.784 0.16 0.624
20 0.8 0.016 0.784
20 0.784 0.16 0.624
27 0.8 0.16 0.64
84 0.8 0.16 0.64
27 0.71662 0.016 0.70062
84 0.712913 0.016 0.696913
27 0.70062 0.16 0.54062
84 0.696913 0.16 0.536913
4 0.8 0.016 0.784
63 0.8 0.016 0.784
63 0.784 0.16 0.624
4 0.784 0.16 0.624
9 0.8 0.16 0.64
11 0.8 0.16 0.64
69 0.8 0.16 0.64
78 0.8 0.16 0.64
11 0.64 0.16 0.48
9 0.711094 0.016 0.695094
11 0.553516 0.016 0.537516
69 0.715237 0.016 0.699237
78 0.712081 0.016 0.696081
9 0.695094 0.16 0.535094
11 0.537516 0.16 0.377516
69 0.699237 0.16 0.539237
78 0.696081 0.16 0.536081
30 0.8 0.16 0.64
53 0.8 0.16 0.64
30 0.64 0.16 0.48
53 0.64 0.16 0.48
30 0.48 0.16 0.32
53 0.48 0.16 0.32
30 0.32 0.16 0.16
53 0.32 0.16 0.16
30 0.237292 0.016 0.221292
53 0.234496 0.016 0.218496
30 0.221292 0.16 0.0612922
53 0.218496 0.16 0.0584958
52 0.8 0.16 0.64
52 0.64 0.16 0.48
42 0.8 0.016 0.784
52 0.557608 0.016 0.541608
42 0.784 0.16 0.624
52 0.541608 0.16 0.381608
71 0.8 0.016 0.784
71 0.784 0.16 0.624
38 0.8 0.016 0.784
38 0.784 0.16 0.624
2 0.8 0.16 0.64
2 0.710715 0.016 0.694715
2 0.694715 0.16 0.534715
24 0.8 0.016 0.784
24 0.784 0.16 0.624
8 0.8 0.16 0.64
8 0.718126 0.016 0.702126
8 0.702126 0.16 0.542126
33 0.8 0.016 0.784
80 0.8 0.016 0.784
33 0.784 0.16 0.624
80 0.784 0.16 0.624
