2 1890 1.00242
69 1892 1.05566
39 1893 1.06216
8 1894 1.11494
67 1896 1.1317
59 1897 1.14519
29 1898 1.1577
44 1900 1.22829
30 1901 1.26593
6 1902 1.28146
4 1903 1.31043
18 1905 1.36895
12 1906 1.38318
25 1907 1.38414
23 1908 1.39951
42 1909 1.42278
48 1911 1.43953
62 1912 1.47405
5 1913 1.47629
33 1914 1.47671
17 1915 1.49349
22 1917 1.52634
50 1918 1.52651
43 1919 1.52833
54 1920 1.53882
68 1921 1.55906
70 1922 1.57585
26 1923 1.59115
9 1924 1.60187
79 1926 1.66831
71 1927 1.70136
45 1928 1.71219
53 1929 1.71631
38 1931 1.72342
31 1932 1.75876
37 1933 1.77244
46 1934 1.77302
27 1935 1.77501
75 1936 1.80659
20 1937 1.81607
11 1939 1.88559
15 1940 1.91021
55 1942 1.97067
28 1943 1.988
34 1944 1.98999
76 1945 2.01465
40 1946 2.01956
3 1948 2.06669
56 1949 2.10992
1 1951 2.13108
10 1952 2.15001
35 1953 2.20113
36 1955 2.25734
49 1956 2.25784
61 1957 2.29785
60 1958 2.29942
63 1959 2.30496
13 1960 2.31877
80 1962 2.34658
14 1963 2.36348
72 1964 2.37865
77 1965 2.39629
41 1966 2.40519
51 1968 2.45755
78 1969 2.49786
21 1970 2.50263
32 1972 2.54971
52 1973 2.59411
66 1974 2.61159
74 1975 2.61503
16 1976 2.61622
19 1978 2.63631
24 1979 2.64901
64 1980 2.70394
58 1982 2.76906
73 1983 2.79386
47 1984 2.80083
57 1987 2.93852
65 1988 2.95574
7 1989 2.98711
