42 0.8 0.016 0.784
42 0.784 0.16 0.624
8 0.8 0.016 0.784
44 0.8 0.016 0.784
44 0.784 0.16 0.624
8 0.784 0.16 0.624
33 0.8 0.016 0.784
33 0.784 0.16 0.624
4 0.8 0.16 0.64
4 0.71486 0.016 0.69886
59 0.8 0.016 0.784
59 0.784 0.16 0.624
4 0.69886 0.16 0.53886
55 0.8 0.016 0.784
55 0.784 0.16 0.624
12 0.8 0.016 0.784
12 0.784 0.16 0.624
61 0.8 0.016 0.784
61 0.784 0.16 0.624
27 0.8 0.016 0.784
72 0.8 0.016 0.784
27 0.784 0.16 0.624
72 0.784 0.16 0.624
45 0.8 0.16 0.64
56 0.8 0.16 0.64
45 0.711788 0.016 0.695788
56 0.71481 0.016 0.69881
45 0.695788 0.16 0.535788
56 0.69881 0.16 0.53881
34 0.8 0.16 0.64
34 0.715102 0.016 0.699102
34 0.699102 0.16 0.539102
46 0.8 0.16 0.64
46 0.71641 0.016 0.70041
46 0.70041 0.16 0.54041
18 0.8 0.016 0.784
18 0.784 0.16 0.624
25 0.8 0.16 0.64
25 0.71017 0.016 0.69417
25 0.69417 0.16 0.53417
16 0.8 0.16 0.64
69 0.8 0.16 0.64
16 0.717013 0.016 0.701013
69 0.713596 0.016 0.697596
16 0.701013 0.16 0.541013
69 0.697596 0.16 0.537596
11 0.8 0.016 0.784
13 0.8 0.016 0.784
41 0.8 0.016 0.784
41 0.784 0.16 0.624
13 0.784 0.16 0.624
11 0.784 0.16 0.624
19 0.8 0.16 0.64
19 0.711696 0.016 0.695696
53 0.8 0.016 0.784
19 0.695696 0.16 0.535696
53 0.784 0.16 0.624
15 0.8 0.16 0.64
28 0.8 0.16 0.64
36 0.8 0.16 0.64
15 0.64 0.16 0.48
28 0.64 0.16 0.48
36 0.64 0.16 0.48
79 0.8 0.16 0.64
15 0.552552 0.016 0.536552
28 0.559136 0.016 0.543136
36 0.559796 0.016 0.543796
36 0.543796 0.16 0.383796
28 0.543136 0.16 0.383136
15 0.536552 0.16 0.376552
79 0.715996 0.16 0.555996
23 0.8 0.16 0.64
79 0.555996 0.16 0.395996
23 0.64 0.16 0.48
79 0.395996 0.16 0.235996
23 0.551508 0.016 0.535508
79 0.310619 0.016 0.294619
79 0.294619 0.16 0.134619
23 0.535508 0.16 0.375508
64 0.8 0.16 0.64
17 0.8 0.016 0.784
22 0.8 0.016 0.784
64 0.710492 0.016 0.694492
22 0.784 0.16 0.624
17 0.784 0.16 0.624
64 0.694492 0.16 0.534492
3 0.8 0.16 0.64
35 0.8 0.16 0.64
50 0.8 0.16 0.64
71 0.8 0.16 0.64
73 0.8 0.16 0.64
3 0.64 0.16 0.48
35 0.64 0.16 0.48
50 0.64 0.16 0.48
71 0.64 0.16 0.48
73 0.64 0.16 0.48
3 0.48 0.16 0.32
50 0.48 0.16 0.32
71 0.48 0.16 0.32
3 0.395066 0.016 0.379066
35 0.558331 0.016 0.542331
50 0.399964 0.016 0.383964
71 0.396571 0.016 0.380571
73 0.555171 0.016 0.539171
50 0.383964 0.16 0.223964
3 0.379066 0.16 0.219066
73 0.539171 0.16 0.379171
71 0.380571 0.16 0.220571
35 0.542331 0.16 0.382331
7 0.8 0.16 0.64
7 0.64 0.16 0.48
7 0.48 0.16 0.32
7 0.397983 0.016 0.381983
7 0.381983 0.16 0.221983
58 0.8 0.16 0.64
58 0.71921 0.016 0.70321
58 0.70321 0.16 0.54321
2 0.8 0.16 0.64
2 0.710287 0.016 0.694287
2 0.694287 0.16 0.534287
76 0.8 0.016 0.784
76 0.784 0.16 0.624
74 0.8 0.16 0.64
57 0.8 0.016 0.784
74 0.713267 0.016 0.697267
57 0.784 0.16 0.624
74 0.697267 0.16 0.537267
14 0.8 0.016 0.784
32 0.8 0.016 0.784
48 0.8 0.016 0.784
14 0.784 0.16 0.624
48 0.784 0.16 0.624
32 0.784 0.16 0.624
6 0.8 0.16 0.64
6 0.64 0.16 0.48
6 0.48 0.16 0.32
6 0.392599 0.016 0.376599
6 0.376599 0.16 0.216599
60 0.8 0.16 0.64
60 0.719112 0.016 0.703112
60 0.703112 0.16 0.543112
5 0.8 0.16 0.64
9 0.8 0.16 0.64
5 0.714402 0.016 0.698402
9 0.715957 0.016 0.699957
30 0.8 0.016 0.784
5 0.698402 0.16 0.538402
9 0.699957 0.16 0.539957
30 0.784 0.16 0.624
63 0.8 0.16 0.64
63 0.64 0.16 0.48
77 0.8 0.16 0.64
63 0.55301 0.016 0.53701
77 0.719389 0.016 0.703389
77 0.703389 0.16 0.543389
63 0.53701 0.16 0.37701
29 0.8 0.16 0.64
39 0.8 0.16 0.64
29 0.718975 0.016 0.702975
39 0.719001 0.016 0.703001
29 0.702975 0.16 0.542975
39 0.703001 0.16 0.543001
20 0.8 0.16 0.64
20 0.719622 0.016 0.703622
20 0.703622 0.16 0.543622
1 0.8 0.016 0.784
70 0.8 0.016 0.784
70 0.784 0.16 0.624
1 0.784 0.16 0.624
51 0.8 0.016 0.784
75 0.8 0.016 0.784
75 0.784 0.16 0.624
51 0.784 0.16 0.624
24 0.8 0.16 0.64
65 0.8 0.16 0.64
24 0.64 0.16 0.48
24 0.554903 0.016 0.538903
65 0.713986 0.016 0.697986
65 0.697986 0.16 0.537986
24 0.538903 0.16 0.378903
49 0.8 0.16 0.64
80 0.8 0.16 0.64
49 0.64 0.16 0.48
80 0.64 0.16 0.48
37 0.8 0.016 0.784
40 0.8 0.016 0.784
49 0.559556 0.016 0.543556
80 0.556754 0.016 0.540754
40 0.784 0.16 0.624
37 0.784 0.16 0.624
49 0.543556 0.16 0.383556
80 0.540754 0.16 0.380754
26 0.8 0.16 0.64
26 0.64 0.16 0.48
38 0.8 0.16 0.64
26 0.554049 0.016 0.538049
38 0.711612 0.016 0.695612
26 0.538049 0.16 0.378049
38 0.695612 0.16 0.535612
66 0.8 0.016 0.784
66 0.784 0.16 0.624
54 0.8 0.016 0.784
54 0.784 0.16 0.624
67 0.8 0.16 0.64
68 0.8 0.16 0.64
52 0.8 0.016 0.784
67 0.717839 0.016 0.701839
68 0.710759 0.016 0.694759
68 0.694759 0.16 0.534759
67 0.701839 0.16 0.541839
52 0.784 0.16 0.624
21 0.8 0.016 0.784
31 0.8 0.016 0.784
62 0.8 0.016 0.784
31 0.784 0.16 0.624
21 0.784 0.16 0.624
62 0.784 0.16 0.624
43 0.8 0.16 0.64
47 0.8 0.16 0.64
43 0.64 0.16 0.48
47 0.64 0.16 0.48
10 0.8 0.016 0.784
43 0.558794 0.016 0.542794
47 0.556887 0.016 0.540887
10 0.784 0.16 0.624
43 0.542794 0.16 0.382794
47 0.540887 0.16 0.380887
78 0.8 0.016 0.784
78 0.784 0.16 0.624
