25 2360 1.01706
55 2362 1.09286
95 2363 1.10434
43 2365 1.15529
15 2366 1.15742
77 2368 1.23106
78 2369 1.24495
22 2370 1.25387
35 2371 1.27017
40 2372 1.27217
17 2373 1.31073
6 2375 1.3583
9 2376 1.36791
29 2377 1.36905
7 2378 1.37961
41 2379 1.38528
82 2380 1.40349
5 2382 1.43364
21 2383 1.43402
99 2384 1.4612
32 2385 1.46816
4 2386 1.51394
87 2388 1.57295
47 2389 1.58715
66 2390 1.60716
51 2391 1.6183
50 2392 1.62992
72 2394 1.6406
85 2395 1.70925
39 2396 1.71097
93 2397 1.72223
75 2399 1.73933
60 2400 1.78513
12 2401 1.79475
24 2402 1.79637
37 2403 1.80263
13 2404 1.81165
48 2405 1.82834
14 2406 1.83062
79 2408 1.83277
11 2409 1.83497
81 2410 1.89352
18 2411 1.89398
100 2413 1.94757
90 2414 1.95466
27 2415 1.96506
91 2416 1.98255
63 2417 2.00555
54 2419 2.0481
30 2420 2.0488
57 2421 2.06612
80 2422 2.09683
92 2423 2.10517
8 2424 2.1128
59 2426 2.13141
76 2427 2.13571
33 2428 2.17973
31 2429 2.20265
61 2431 2.26088
38 2432 2.26959
23 2433 2.27625
98 2434 2.30976
19 2436 2.37095
26 2437 2.41861
1 2439 2.473
71 2440 2.49178
45 2441 2.50058
70 2442 2.50831
53 2443 2.51637
94 2445 2.54016
3 2446 2.54096
67 2447 2.54436
58 2448 2.57723
2 2449 2.59427
84 2450 2.6076
56 2451 2.62196
68 2453 2.63479
20 2454 2.64228
89 2455 2.64291
42 2456 2.64792
62 2457 2.65068
74 2458 2.66502
16 2459 2.66541
69 2460 2.68762
46 2461 2.68906
88 2462 2.69042
49 2463 2.69329
44 2464 2.69635
97 2465 2.70151
65 2467 2.74639
86 2468 2.76912
83 2469 2.77977
36 2470 2.79344
10 2472 2.83721
52 2473 2.84495
64 2474 2.84997
96 2475 2.92498
73 2477 2.94748
28 2478 2.95949
34 2479 2.97751
