0 2350
0 2351
0 2352
0 2353
0 2354
0 2355
0 2356
0 2357
0 2358
0 2359
0 2361
0 2364
0 2367
0 2374
0 2381
40 2372
0 2387
0 2393
0 2398
17 2373
0 2407
0 2412
82 2380
0 2418
90 2414
12 2401
0 2425
54 2419
0 2430
25 2360
48 2405
0 2435
23 2433
98 2434
37 2403
0 2438
0 2444
59 2426
43 2365
0 2452
39 2396
50 2392
0 2466
77 2368
80 2422
87 2388
0 2471
0 2476
11 2409
84 2450
19 2436
27 2415
0 2480
36 2470
97 2465
31 2429
0 2481
0 2482
69 2460
92 2423
93 2397
0 2483
0 2484
2 2449
28 2478
0 2485
52 2473
63 2417
10 2472
0 2486
21 2383
0 2487
6 2375
0 2488
0 2489
18 2411
73 2477
0 2490
56 2451
0 2491
0 2492
76 2427
94 2445
79 2408
68 2453
22 2370
0 2493
14 2406
89 2455
0 2494
32 2385
0 2495
83 2469
0 2496
70 2442
0 2497
4 2386
0 2498
62 2457
0 2499
44 2464
100 2413
0 2500
35 2371
0 2501
0 2502
0 2503
95 2363
61 2431
7 2378
0 2504
91 2416
55 2362
33 2428
72 2394
0 2505
0 2506
38 2432
0 2507
24 2402
67 2447
0 2508
9 2376
99 2384
0 2509
15 2366
26 2437
13 2404
0 2510
78 2369
47 2389
0 2511
41 2379
65 2467
74 2458
49 2463
0 2512
71 2440
51 2391
85 2395
0 2513
34 2479
8 2424
5 2382
29 2377
0 2514
0 2515
3 2446
30 2420
66 2390
60 2400
57 2421
0 2516
58 2448
75 2399
0 2517
42 2456
81 2410
0 2518
46 2461
88 2462
53 2443
0 2519
0 2520
1 2439
0 2521
86 2468
0 2522
20 2454
0 2523
0 2524
45 2441
0 2525
16 2459
64 2474
0 2526
96 2475
0 2527
0 2528
0 2529
0 2530
0 2531
0 2532
0 2533
0 2534
0 2535
0 2536
0 2537
0 2538
0 2539
0 2540
0 2541
0 2542
0 2543
0 2544
0 2545
0 2546
0 2547
0 2548
0 2549
0 2550
0 2551
0 2552
0 2553
0 2554
0 2555
0 2556
0 2557
0 2558
0 2559
0 2560
0 2561
0 2562
0 2563
0 2564
0 2565
0 2566
0 2567
0 2568
0 2569
0 2570
0 2571
0 2572
0 2573
0 2574
0 2575
0 2576
0 2577
0 2578
0 2579
0 2580
0 2581
0 2582
0 2583
0 2584
0 2585
0 2586
0 2587
0 2588
0 2589
0 2590
0 2591
0 2592
0 2593
0 2594
0 2595
0 2596
0 2597
0 2598
0 2599
