20 0.8 0.016 0.784
20 0.784 0.16 0.624
5 0.8 0.016 0.784
5 0.784 0.16 0.624
15 0.8 0.016 0.784
15 0.784 0.16 0.624
19 0.8 0.016 0.784
19 0.784 0.16 0.624
17 0.8 0.16 0.64
17 0.712678 0.016 0.696678
17 0.696678 0.16 0.536678
28 0.8 0.016 0.784
28 0.784 0.16 0.624
31 0.8 0.16 0.64
31 0.716056 0.016 0.700056
33 0.8 0.016 0.784
31 0.700056 0.16 0.540056
33 0.784 0.16 0.624
40 0.8 0.16 0.64
40 0.717496 0.016 0.701496
40 0.701496 0.16 0.541496
11 0.8 0.016 0.784
12 0.8 0.016 0.784
18 0.8 0.016 0.784
25 0.8 0.016 0.784
37 0.8 0.016 0.784
11 0.784 0.16 0.624
37 0.784 0.16 0.624
18 0.784 0.16 0.624
12 0.784 0.16 0.624
25 0.784 0.16 0.624
26 0.8 0.16 0.64
26 0.64 0.16 0.48
26 0.48 0.16 0.32
26 0.32 0.16 0.16
26 0.236515 0.016 0.220515
26 0.220515 0.16 0.0605145
3 0.8 0.016 0.784
3 0.784 0.16 0.624
14 0.8 0.016 0.784
23 0.8 0.016 0.784
24 0.8 0.016 0.784
14 0.784 0.16 0.624
24 0.784 0.16 0.624
23 0.784 0.16 0.624
1 0.8 0.016 0.784
1 0.784 0.16 0.624
30 0.8 0.16 0.64
30 0.714724 0.016 0.698724
30 0.698724 0.16 0.538724
36 0.8 0.016 0.784
36 0.784 0.16 0.624
22 0.8 0.016 0.784
22 0.784 0.16 0.624
10 0.8 0.16 0.64
10 0.717207 0.016 0.701207
10 0.701207 0.16 0.541207
2 0.8 0.016 0.784
2 0.784 0.16 0.624
9 0.8 0.016 0.784
39 0.8 0.016 0.784
39 0.784 0.16 0.624
9 0.784 0.16 0.624
6 0.8 0.16 0.64
6 0.64 0.16 0.48
6 0.554873 0.016 0.538873
6 0.538873 0.16 0.378873
8 0.8 0.016 0.784
8 0.784 0.16 0.624
21 0.8 0.016 0.784
34 0.8 0.016 0.784
21 0.784 0.16 0.624
34 0.784 0.16 0.624
16 0.8 0.16 0.64
16 0.64 0.16 0.48
16 0.555465 0.016 0.539465
16 0.539465 0.16 0.379465
7 0.8 0.016 0.784
7 0.784 0.16 0.624
35 0.8 0.16 0.64
4 0.8 0.016 0.784
27 0.8 0.016 0.784
32 0.8 0.016 0.784
35 0.713936 0.016 0.697936
27 0.784 0.16 0.624
4 0.784 0.16 0.624
32 0.784 0.16 0.624
35 0.697936 0.16 0.537936
13 0.8 0.016 0.784
13 0.784 0.16 0.624
38 0.8 0.016 0.784
38 0.784 0.16 0.624
29 0.8 0.016 0.784
29 0.784 0.16 0.624
