40 2372 0 100 32677902 1.43065 1.43065
17 2373 0 100 32637908 1.73065 1.73065
82 2380 0 100 32669702 1.93065 1.93065
90 2414 0 100 32645058 2.03065 2.03065
12 2401 0 100 32678246 2.03065 2.03065
54 2419 0 100 32652438 2.13065 2.13065
25 2360 0 100 32668676 2.23065 2.23065
48 2405 0 100 32649826 2.23065 2.23065
23 2433 0 100 32646526 2.33065 2.33065
98 2434 0 100 32666936 2.33065 2.33065
37 2403 0 100 32666268 2.33065 2.33065
59 2426 0 100 32649466 2.53065 2.53065
43 2365 0 100 32678132 2.53065 2.53065
50 2392 0 100 32662710 2.63065 2.63065
77 2368 0 100 32677808 2.73065 2.73065
80 2422 0 100 32645846 2.73065 2.73065
87 2388 0 100 32638726 2.73065 2.73065
11 2409 0 100 32645990 2.93065 2.93065
84 2450 0 100 32663222 2.93065 2.93065
27 2415 0 100 32664030 2.93065 2.93065
97 2465 0 100 32661842 3.03065 3.03065
31 2429 0 100 32663362 3.03065 3.03065
69 2460 0 100 32665464 3.23065 3.23065
92 2423 0 100 32654772 3.23065 3.23065
93 2397 0 100 32639588 3.23065 3.23065
2 2449 0 100 32645918 3.43065 3.43065
28 2478 0 100 32680076 3.43065 3.43065
52 2473 0 100 32629168 3.53065 3.53065
63 2417 0 100 32672722 3.53065 3.53065
10 2472 0 100 32682282 3.53065 3.53065
21 2383 0 100 32651906 3.63065 3.63065
6 2375 0 100 32654598 3.73065 3.73065
18 2411 0 100 32650086 3.93065 3.93065
73 2477 0 100 32651176 3.93065 3.93065
56 2451 0 100 32653356 4.03065 4.03065
94 2445 0 100 32660808 4.23065 4.23065
79 2408 0 100 32651566 4.23065 4.23065
68 2453 0 100 32666526 4.23065 4.23065
22 2370 0 100 32680690 4.23065 4.23065
14 2406 0 100 32628168 4.33065 4.33065
89 2455 0 100 32660450 4.33065 4.33065
32 2385 0 100 32647430 4.43065 4.43065
83 2469 0 100 32671062 4.53065 4.53065
70 2442 0 100 32641584 4.63065 4.63065
4 2386 0 100 32644856 4.73065 4.73065
62 2457 0 100 32670296 4.83065 4.83065
44 2464 0 100 32659302 4.93065 4.93065
100 2413 0 100 32675178 4.93065 4.93065
35 2371 0 100 32632960 5.03065 5.03065
95 2363 0 100 32677604 5.33065 5.33065
61 2431 0 100 32666350 5.33065 5.33065
7 2378 0 100 32658532 5.33065 5.33065
91 2416 0 100 32661518 5.43065 5.43065
55 2362 0 100 32677540 5.43065 5.43065
33 2428 0 100 32643418 5.43065 5.43065
72 2394 0 100 32661102 5.43065 5.43065
38 2432 0 100 32677672 5.63065 5.63065
24 2402 0 100 32678262 5.73065 5.73065
67 2447 0 100 32682604 5.73065 5.73065
9 2376 0 100 32653822 5.83065 5.83065
99 2384 0 100 32681620 5.83065 5.83065
26 2437 0 100 32647726 5.93065 5.93065
13 2404 0 100 32633074 5.93065 5.93065
78 2369 0 100 32650810 6.03065 6.03065
47 2389 0 100 32636244 6.03065 6.03065
41 2379 0 100 32663032 6.13065 6.13065
65 2467 0 100 32647086 6.13065 6.13065
74 2458 0 100 32648116 6.13065 6.13065
49 2463 0 100 32634554 6.13065 6.13065
71 2440 0 100 32643336 6.23065 6.23065
85 2395 0 100 32681948 6.23065 6.23065
34 2479 0 100 32647354 6.33065 6.33065
8 2424 0 100 32651386 6.33065 6.33065
29 2377 0 100 32671600 6.33065 6.33065
30 2420 0 100 32667138 6.53065 6.53065
66 2390 0 100 32645064 6.53065 6.53065
60 2400 0 100 32682022 6.53065 6.53065
57 2421 0 100 32648776 6.53065 6.53065
58 2448 0 100 32675150 6.63065 6.63065
75 2399 0 100 32660986 6.63065 6.63065
42 2456 0 100 32653430 6.73065 6.73065
81 2410 0 100 32677694 6.73065 6.73065
88 2462 0 100 32674104 6.83065 6.83065
53 2443 0 100 32657580 6.83065 6.83065
1 2439 0 100 32664642 7.03065 7.03065
86 2468 0 100 32628124 7.13065 7.13065
20 2454 0 100 32683050 7.23065 7.23065
45 2441 0 100 32636726 7.43065 7.43065
16 2459 0 100 32638208 7.53065 7.53065
64 2474 0 100 32665976 7.53065 7.53065
96 2475 0 100 32644838 7.63065 7.63065
