13 0.8 0.016 0.784
13 0.784 0.16 0.624
14 0.8 0.016 0.784
14 0.784 0.16 0.624
1 0.8 0.016 0.784
1 0.784 0.16 0.624
5 0.8 0.016 0.784
5 0.784 0.16 0.624
12 0.8 0.016 0.784
12 0.784 0.16 0.624
8 0.8 0.016 0.784
8 0.784 0.16 0.624
10 0.8 0.016 0.784
10 0.784 0.16 0.624
7 0.8 0.016 0.784
7 0.784 0.16 0.624
9 0.8 0.16 0.64
16 0.8 0.16 0.64
9 0.711336 0.016 0.695336
16 0.712565 0.016 0.696565
9 0.695336 0.16 0.535336
16 0.696565 0.16 0.536565
20 0.8 0.016 0.784
20 0.784 0.16 0.624
18 0.8 0.016 0.784
19 0.8 0.016 0.784
19 0.784 0.16 0.624
18 0.784 0.16 0.624
4 0.8 0.16 0.64
11 0.8 0.16 0.64
4 0.64 0.16 0.48
11 0.64 0.16 0.48
4 0.557324 0.016 0.541324
11 0.559689 0.016 0.543689
11 0.543689 0.16 0.383689
4 0.541324 0.16 0.381324
3 0.8 0.016 0.784
3 0.784 0.16 0.624
6 0.8 0.016 0.784
6 0.784 0.16 0.624
15 0.8 0.16 0.64
15 0.71299 0.016 0.69699
15 0.69699 0.16 0.53699
2 0.8 0.016 0.784
17 0.8 0.016 0.784
17 0.784 0.16 0.624
2 0.784 0.16 0.624
