6 1260 1.02836
8 1261 1.04483
12 1263 1.11046
47 1264 1.13078
44 1265 1.13181
10 1266 1.14698
26 1267 1.15069
22 1268 1.1832
45 1269 1.18368
7 1271 1.23213
31 1272 1.2613
29 1275 1.39865
16 1276 1.40355
30 1277 1.44485
14 1279 1.56242
13 1281 1.60654
21 1282 1.64008
15 1284 1.7409
25 1285 1.74162
32 1286 1.76475
3 1288 1.83425
36 1289 1.86666
5 1291 1.94753
48 1292 1.96009
28 1294 1.98877
18 1295 1.99787
43 1296 2.02426
50 1299 2.18818
42 1300 2.21409
17 1301 2.22112
1 1303 2.32824
11 1305 2.38975
23 1306 2.42394
40 1307 2.43939
27 1308 2.45013
41 1309 2.45811
35 1310 2.48148
37 1312 2.4982
24 1314 2.58691
9 1315 2.64832
20 1316 2.663
34 1319 2.81062
4 1320 2.83881
2 1321 2.84307
19 1322 2.87633
39 1324 2.89412
38 1325 2.8996
49 1326 2.92405
33 1327 2.94035
46 1328 2.97681
