13 735 0 100 32653580 2.42958 2.42958
14 739 0 100 32656066 2.82958 2.82958
1 734 0 100 32673934 2.92958 2.92958
5 727 0 100 32646636 3.22958 3.22958
12 754 0 100 32647614 4.72958 4.72958
8 758 0 100 32633874 5.42958 5.42958
10 743 0 100 32648342 5.62958 5.62958
7 740 0 100 32682640 5.82958 5.82958
9 731 0 100 32667510 5.92958 5.92958
16 748 0 100 32652176 5.92958 5.92958
20 730 0 100 32676526 6.02958 6.02958
19 745 0 100 32639116 6.32958 6.32958
18 723 0 100 32659366 6.32958 6.32958
11 755 0 100 32654352 6.42958 6.42958
4 732 0 100 32664160 6.42958 6.42958
3 746 0 100 32655036 6.72958 6.72958
6 750 0 100 32664536 7.02958 7.02958
15 759 0 100 32656404 7.12958 7.12958
17 757 0 100 32655978 7.62958 7.62958
2 752 0 100 32663432 7.62958 7.62958
