9 1071 1.1012
19 1072 1.10204
16 1073 1.12831
23 1074 1.13269
28 1076 1.18062
39 1077 1.1843
20 1078 1.18613
2 1079 1.2062
15 1080 1.21137
24 1082 1.34997
17 1084 1.39921
8 1087 1.64712
14 1089 1.73187
22 1090 1.7444
34 1091 1.7603
40 1093 1.80414
25 1095 1.88515
33 1096 1.915
21 1098 2.01525
7 1099 2.07711
26 1101 2.11008
35 1103 2.18761
11 1104 2.19652
12 1105 2.21126
31 1106 2.23951
37 1107 2.24098
36 1109 2.32508
10 1110 2.37455
5 1111 2.37789
6 1113 2.40141
13 1114 2.43387
29 1116 2.55402
18 1118 2.61101
1 1119 2.62413
4 1120 2.63281
27 1121 2.66637
30 1123 2.6932
32 1124 2.72968
38 1126 2.85624
3 1128 2.9128
