62 280 1.04318
42 281 1.08811
44 282 1.10707
24 283 1.14661
35 284 1.14676
47 285 1.1687
13 286 1.17949
32 287 1.30229
14 288 1.32887
18 289 1.36929
59 290 1.37491
2 291 1.37883
20 292 1.39652
56 293 1.42433
50 294 1.45097
36 295 1.51691
52 296 1.51938
26 297 1.56511
1 298 1.58087
79 299 1.59048
43 300 1.59608
33 301 1.60007
68 302 1.61736
73 303 1.66237
63 304 1.68241
55 305 1.68817
60 306 1.70468
65 307 1.71677
4 308 1.7373
10 309 1.75807
76 310 1.80556
22 311 1.85888
54 312 1.86863
3 313 1.88525
7 314 1.89966
39 315 1.90177
8 316 1.92651
6 317 1.9368
48 318 1.97428
49 319 2.02299
66 320 2.04054
77 321 2.04709
27 322 2.05488
53 323 2.06896
75 324 2.0743
69 325 2.10567
57 326 2.13828
74 327 2.15807
31 328 2.16302
23 329 2.18517
40 330 2.1899
25 331 2.25473
34 332 2.34109
51 333 2.34761
16 334 2.39346
9 335 2.39363
30 336 2.41362
28 337 2.43825
12 338 2.49076
38 339 2.52296
70 340 2.52741
67 341 2.52783
17 342 2.54556
29 343 2.57233
5 344 2.58353
11 345 2.58789
72 346 2.60371
15 347 2.60655
58 348 2.63333
45 349 2.64219
64 350 2.67607
37 351 2.69754
61 352 2.7129
80 353 2.75448
19 354 2.7929
46 355 2.83772
78 356 2.84371
21 357 2.86153
71 358 2.89138
41 359 2.97506
