62 280
42 281
44 282
24 283
35 284
47 285
13 286
32 287
14 288
18 289
59 290
2 291
20 292
56 293
50 294
36 295
52 296
26 297
1 298
79 299
43 300
33 301
68 302
73 303
63 304
55 305
60 306
65 307
4 308
10 309
76 310
22 311
54 312
3 313
7 314
39 315
8 316
6 317
48 318
49 319
66 320
77 321
27 322
53 323
75 324
69 325
57 326
74 327
31 328
23 329
40 330
25 331
34 332
51 333
16 334
9 335
30 336
28 337
12 338
38 339
70 340
67 341
17 342
29 343
5 344
11 345
72 346
15 347
58 348
45 349
64 350
37 351
61 352
80 353
19 354
46 355
78 356
21 357
71 358
41 359
