31 150 1.00807
13 151 1.05162
53 152 1.06189
38 153 1.07029
60 154 1.08095
21 155 1.10458
7 156 1.17608
58 157 1.27443
18 158 1.28067
5 159 1.42729
46 160 1.43127
43 161 1.45936
27 162 1.47831
42 163 1.50704
20 164 1.52098
57 165 1.55901
17 166 1.56429
54 167 1.59854
34 168 1.61543
30 169 1.62767
9 170 1.68155
28 171 1.73514
44 172 1.77465
10 173 1.80258
6 174 1.82058
22 175 1.93356
25 176 1.9497
56 177 1.957
48 178 2.00023
24 179 2.11688
55 180 2.16009
26 181 2.17485
19 182 2.20926
4 183 2.25943
40 184 2.26785
23 185 2.2947
37 186 2.32294
45 187 2.35978
16 188 2.39006
36 189 2.48824
12 190 2.50505
11 191 2.5585
15 192 2.57423
49 193 2.58188
59 194 2.63033
2 195 2.63441
14 196 2.66052
50 197 2.68045
33 198 2.68472
47 199 2.71024
1 200 2.81062
35 201 2.8118
41 202 2.81995
3 203 2.84894
32 204 2.85383
8 205 2.86026
29 206 2.86437
39 207 2.96442
52 208 2.98209
51 209 2.98595
