100 450
14 451
86 452
57 453
84 454
70 455
1 456
5 457
25 458
79 459
83 460
35 461
50 462
93 463
95 464
49 465
13 466
55 467
59 468
41 469
75 470
98 471
77 472
33 473
69 474
39 475
8 476
87 477
78 478
62 479
22 480
88 481
68 482
30 483
6 484
91 485
16 486
81 487
76 488
61 489
10 490
90 491
48 492
4 493
46 494
54 495
32 496
53 497
7 498
65 499
52 500
23 501
66 502
26 503
73 504
56 505
92 506
80 507
34 508
19 509
44 510
71 511
64 512
29 513
31 514
89 515
63 516
38 517
97 518
94 519
15 520
20 521
21 522
2 523
42 524
51 525
36 526
60 527
12 528
47 529
45 530
85 531
99 532
72 533
37 534
11 535
17 536
96 537
3 538
9 539
82 540
27 541
40 542
24 543
18 544
58 545
67 546
74 547
43 548
28 549
