16 60 1.02379
20 61 1.14001
27 62 1.16862
18 63 1.23929
10 64 1.28933
36 65 1.29728
25 66 1.31208
40 67 1.37432
28 68 1.39081
26 69 1.39213
12 70 1.43295
11 71 1.44517
35 72 1.51949
29 73 1.55866
14 74 1.58652
24 75 1.58981
8 76 1.62386
33 77 1.70732
17 78 1.79963
3 79 1.82501
38 80 1.89239
2 81 2.0017
13 82 2.00916
37 83 2.01552
21 84 2.15017
19 85 2.28861
15 86 2.35566
5 87 2.43868
32 88 2.52852
31 89 2.58722
34 90 2.60966
9 91 2.63168
1 92 2.66958
23 93 2.6861
30 94 2.7499
4 95 2.82285
22 96 2.82931
6 97 2.88574
7 98 2.92617
39 99 2.93863
