6 210 1.03762
45 211 1.1357
60 212 1.17975
52 213 1.19267
64 214 1.19549
56 215 1.19572
29 216 1.2122
31 217 1.21614
33 218 1.22447
16 219 1.3568
15 220 1.35935
10 221 1.37468
36 222 1.39477
35 223 1.40441
37 224 1.45774
48 225 1.50314
47 226 1.50317
57 227 1.51685
65 228 1.5335
19 229 1.61969
20 230 1.62379
70 231 1.65186
25 232 1.68697
7 233 1.69956
14 234 1.72947
32 235 1.79499
2 236 1.82173
27 237 1.88023
9 238 1.89876
41 239 1.9509
17 240 1.98188
61 241 2.0544
42 242 2.0699
13 243 2.08696
46 244 2.10208
18 245 2.11236
62 246 2.12907
40 247 2.13613
69 248 2.2653
39 249 2.31472
28 250 2.33068
11 251 2.33182
68 252 2.40826
1 253 2.4287
67 254 2.49082
34 255 2.49213
50 256 2.52071
63 257 2.5245
38 258 2.53233
26 259 2.53811
23 260 2.53897
30 261 2.53999
8 262 2.57439
21 263 2.60868
43 264 2.68137
55 265 2.73024
12 266 2.77584
22 267 2.78817
24 268 2.79098
4 269 2.80218
5 270 2.8347
58 271 2.84819
54 272 2.85239
66 273 2.86188
3 274 2.86266
44 275 2.91453
53 276 2.94306
59 277 2.95946
49 278 2.97914
51 279 2.98051
