4 0.8 0.016 0.784
4 0.784 0.16 0.624
19 0.8 0.016 0.784
19 0.784 0.16 0.624
17 0.8 0.016 0.784
17 0.784 0.16 0.624
14 0.8 0.016 0.784
14 0.784 0.16 0.624
15 0.8 0.016 0.784
15 0.784 0.16 0.624
20 0.8 0.016 0.784
20 0.784 0.16 0.624
2 0.8 0.16 0.64
2 0.715794 0.016 0.699794
2 0.699794 0.16 0.539794
3 0.8 0.016 0.784
3 0.784 0.16 0.624
9 0.8 0.016 0.784
12 0.8 0.016 0.784
9 0.784 0.16 0.624
7 0.8 0.16 0.64
12 0.784 0.16 0.624
12 0.624 0.16 0.464
7 0.64 0.16 0.48
7 0.552735 0.016 0.536735
7 0.536735 0.16 0.376735
10 0.8 0.016 0.784
10 0.784 0.16 0.624
5 0.8 0.016 0.784
5 0.784 0.16 0.624
8 0.8 0.016 0.784
8 0.784 0.16 0.624
16 0.8 0.16 0.64
16 0.717407 0.016 0.701407
16 0.701407 0.16 0.541407
11 0.8 0.016 0.784
11 0.784 0.16 0.624
13 0.8 0.016 0.784
13 0.784 0.16 0.624
1 0.8 0.016 0.784
1 0.784 0.16 0.624
6 0.8 0.016 0.784
6 0.784 0.16 0.624
18 0.8 0.16 0.64
18 0.713037 0.016 0.697037
18 0.697037 0.16 0.537037
