9 0.8 0.016 0.784
9 0.784 0.16 0.624
47 0.8 0.16 0.64
47 0.718794 0.016 0.702794
47 0.702794 0.16 0.542794
29 0.8 0.016 0.784
29 0.784 0.16 0.624
30 0.8 0.016 0.784
30 0.784 0.16 0.624
14 0.8 0.16 0.64
14 0.710516 0.016 0.694516
14 0.694516 0.16 0.534516
6 0.8 0.16 0.64
8 0.8 0.16 0.64
6 0.713458 0.016 0.697458
8 0.710942 0.016 0.694942
8 0.694942 0.16 0.534942
6 0.697458 0.16 0.537458
48 0.8 0.16 0.64
6 0.537458 0.16 0.377458
48 0.64 0.16 0.48
48 0.557127 0.016 0.541127
48 0.541127 0.16 0.381127
27 0.8 0.016 0.784
32 0.8 0.016 0.784
27 0.784 0.16 0.624
32 0.784 0.16 0.624
59 0.8 0.16 0.64
59 0.795726 0.016 0.779726
59 0.779726 0.16 0.619726
44 0.8 0.016 0.784
53 0.8 0.016 0.784
44 0.784 0.16 0.624
53 0.784 0.16 0.624
24 0.8 0.016 0.784
24 0.784 0.16 0.624
38 0.8 0.016 0.784
38 0.784 0.16 0.624
41 0.8 0.16 0.64
18 0.8 0.016 0.784
41 0.710671 0.016 0.694671
41 0.694671 0.16 0.534671
18 0.784 0.16 0.624
36 0.8 0.16 0.64
49 0.8 0.16 0.64
18 0.624 0.16 0.464
36 0.64 0.16 0.48
42 0.8 0.16 0.64
49 0.64 0.16 0.48
36 0.556579 0.016 0.540579
42 0.714469 0.016 0.698469
49 0.556567 0.016 0.540567
36 0.540579 0.16 0.380579
42 0.698469 0.16 0.538469
49 0.540567 0.16 0.380567
42 0.538469 0.16 0.378469
49 0.380567 0.16 0.220567
52 0.8 0.016 0.784
56 0.8 0.016 0.784
56 0.784 0.16 0.624
1 0.8 0.16 0.64
3 0.8 0.16 0.64
43 0.8 0.16 0.64
52 0.784 0.16 0.624
52 0.624 0.16 0.464
1 0.64 0.16 0.48
3 0.64 0.16 0.48
43 0.64 0.16 0.48
51 0.8 0.16 0.64
1 0.553221 0.016 0.537221
3 0.553837 0.016 0.537837
43 0.557186 0.016 0.541186
51 0.715007 0.016 0.699007
43 0.541186 0.16 0.381186
1 0.537221 0.16 0.377221
3 0.537837 0.16 0.377837
51 0.699007 0.16 0.539007
51 0.539007 0.16 0.379007
51 0.379007 0.16 0.219007
51 0.219007 0.16 0.0590071
13 0.8 0.016 0.784
13 0.784 0.16 0.624
37 0.8 0.16 0.64
37 0.710569 0.016 0.694569
37 0.694569 0.16 0.534569
34 0.8 0.16 0.64
34 0.7148 0.016 0.6988
34 0.6988 0.16 0.5388
4 0.8 0.16 0.64
50 0.8 0.16 0.64
4 0.714647 0.016 0.698647
50 0.718308 0.016 0.702308
50 0.702308 0.16 0.542308
4 0.698647 0.16 0.538647
4 0.538647 0.16 0.378647
23 0.8 0.16 0.64
23 0.715154 0.016 0.699154
23 0.699154 0.16 0.539154
19 0.8 0.16 0.64
19 0.711969 0.016 0.695969
19 0.695969 0.16 0.535969
54 0.8 0.016 0.784
54 0.784 0.16 0.624
58 0.8 0.016 0.784
58 0.784 0.16 0.624
17 0.8 0.016 0.784
28 0.8 0.016 0.784
28 0.784 0.16 0.624
17 0.784 0.16 0.624
39 0.8 0.016 0.784
39 0.784 0.16 0.624
5 0.8 0.16 0.64
57 0.8 0.16 0.64
5 0.719135 0.016 0.703135
57 0.711814 0.016 0.695814
5 0.703135 0.16 0.543135
57 0.695814 0.16 0.535814
57 0.535814 0.16 0.375814
46 0.8 0.016 0.784
60 0.8 0.016 0.784
46 0.784 0.16 0.624
60 0.784 0.16 0.624
12 0.8 0.16 0.64
26 0.8 0.16 0.64
12 0.64 0.16 0.48
26 0.64 0.16 0.48
12 0.55505 0.016 0.53905
26 0.553771 0.016 0.537771
12 0.53905 0.16 0.37905
26 0.537771 0.16 0.377771
26 0.377771 0.16 0.217771
31 0.8 0.016 0.784
33 0.8 0.016 0.784
33 0.784 0.16 0.624
11 0.8 0.16 0.64
31 0.784 0.16 0.624
31 0.624 0.16 0.464
11 0.714858 0.016 0.698858
11 0.698858 0.16 0.538858
21 0.8 0.16 0.64
21 0.714772 0.016 0.698772
21 0.698772 0.16 0.538772
15 0.8 0.016 0.784
15 0.784 0.16 0.624
35 0.8 0.16 0.64
16 0.8 0.016 0.784
35 0.717975 0.016 0.701975
35 0.701975 0.16 0.541975
16 0.784 0.16 0.624
16 0.624 0.16 0.464
2 0.8 0.16 0.64
2 0.71804 0.016 0.70204
2 0.70204 0.16 0.54204
55 0.8 0.16 0.64
55 0.712903 0.016 0.696903
55 0.696903 0.16 0.536903
40 0.8 0.16 0.64
40 0.714825 0.016 0.698825
40 0.698825 0.16 0.538825
7 0.8 0.016 0.784
10 0.8 0.016 0.784
10 0.784 0.16 0.624
7 0.784 0.16 0.624
7 0.624 0.16 0.464
45 0.8 0.016 0.784
45 0.784 0.16 0.624
20 0.8 0.016 0.784
22 0.8 0.016 0.784
25 0.8 0.016 0.784
22 0.784 0.16 0.624
20 0.784 0.16 0.624
25 0.784 0.16 0.624
25 0.624 0.16 0.464
20 0.624 0.16 0.464
