0 3710
0 3711
0 3712
0 3713
0 3714
0 3715
0 3716
0 3717
0 3718
0 3719
0 3721
0 3727
0 3733
0 3737
0 3741
0 3747
52 3743
0 3752
38 3742
0 3758
0 3763
68 3722
0 3766
0 3770
0 3773
0 3778
37 3765
0 3782
25 3738
30 3726
36 3762
0 3786
59 3776
0 3788
22 3732
3 3757
0 3792
58 3790
26 3739
23 3775
0 3796
19 3740
0 3800
0 3806
53 3798
0 3810
66 3783
0 3811
35 3764
63 3730
0 3812
56 3720
31 3780
0 3813
0 3814
0 3815
18 3723
0 3816
70 3784
0 3817
16 3777
47 3785
0 3818
11 3734
0 3819
6 3728
64 3755
0 3820
61 3794
0 3821
39 3754
21 3756
57 3729
0 3822
41 3804
13 3751
0 3823
51 3753
7 3791
8 3808
0 3824
33 3731
0 3825
54 3760
0 3826
20 3724
2 3805
46 3746
0 3827
28 3725
27 3789
14 3787
0 3828
45 3735
42 3748
0 3829
4 3768
0 3830
43 3793
0 3831
0 3832
0 3833
60 3736
65 3750
0 3834
62 3802
0 3835
17 3803
0 3836
24 3797
5 3759
0 3837
69 3761
0 3838
0 3839
0 3840
50 3745
34 3767
15 3769
0 3841
0 3842
1 3779
0 3843
55 3807
0 3844
0 3845
67 3749
0 3846
12 3744
49 3774
0 3847
0 3848
0 3849
9 3795
32 3772
0 3850
48 3771
0 3851
29 3781
0 3852
0 3853
44 3799
10 3809
0 3854
0 3855
0 3856
0 3857
0 3858
0 3859
40 3801
0 3860
0 3861
0 3862
0 3863
0 3864
0 3865
0 3866
0 3867
0 3868
0 3869
0 3870
0 3871
0 3872
0 3873
0 3874
0 3875
0 3876
0 3877
0 3878
0 3879
0 3880
0 3881
0 3882
0 3883
0 3884
0 3885
0 3886
0 3887
0 3888
0 3889
0 3890
0 3891
0 3892
0 3893
0 3894
0 3895
0 3896
0 3897
0 3898
0 3899
0 3900
0 3901
0 3902
0 3903
0 3904
0 3905
0 3906
0 3907
0 3908
0 3909
0 3910
0 3911
0 3912
0 3913
0 3914
0 3915
0 3916
0 3917
0 3918
0 3919
0 3920
0 3921
0 3922
0 3923
0 3924
0 3925
0 3926
0 3927
0 3928
0 3929
