56 3720 1.00918
68 3722 1.07021
18 3723 1.07091
20 3724 1.09867
28 3725 1.11315
30 3726 1.12653
6 3728 1.14289
57 3729 1.16211
63 3730 1.1792
33 3731 1.19036
22 3732 1.19667
11 3734 1.23276
45 3735 1.26495
60 3736 1.29951
25 3738 1.35001
26 3739 1.40352
19 3740 1.43169
38 3742 1.44156
52 3743 1.44779
12 3744 1.45829
50 3745 1.46762
46 3746 1.5065
42 3748 1.53649
67 3749 1.57597
65 3750 1.61062
13 3751 1.63026
51 3753 1.64886
39 3754 1.71369
64 3755 1.72052
21 3756 1.72305
3 3757 1.72425
5 3759 1.76969
54 3760 1.78808
69 3761 1.79306
36 3762 1.82132
35 3764 1.87843
37 3765 1.8815
34 3767 2.00289
4 3768 2.01575
15 3769 2.02565
48 3771 2.04668
32 3772 2.12143
49 3774 2.144
23 3775 2.14542
59 3776 2.18722
16 3777 2.19147
1 3779 2.25226
31 3780 2.26306
29 3781 2.29602
66 3783 2.3508
70 3784 2.36782
47 3785 2.36932
14 3787 2.45565
27 3789 2.54126
58 3790 2.57964
7 3791 2.60585
43 3793 2.63735
61 3794 2.64466
9 3795 2.66304
24 3797 2.74474
53 3798 2.74708
44 3799 2.77255
40 3801 2.85313
62 3802 2.85739
17 3803 2.86442
41 3804 2.87614
2 3805 2.92601
55 3807 2.96319
8 3808 2.96815
10 3809 2.99326
