23 2968 0 100 121539968 2.24125 2.24125
30 2940 0 100 154263648 2.34125 2.34125
13 2956 0 100 154296664 2.74125 2.74125
24 2983 0 100 154257544 2.84125 2.84125
14 2972 0 100 88859672 2.94125 2.94125
28 2977 0 100 121545272 2.94125 2.94125
27 2966 0 100 154301064 3.04125 3.04125
8 2974 0 100 121542440 3.44125 3.44125
26 2942 0 100 121573490 3.64125 3.64125
12 2986 0 100 121548968 3.84125 3.84125
3 2981 0 100 154270016 4.04125 4.04125
25 2946 0 100 121572944 4.34125 4.34125
21 2963 0 100 154294800 4.74125 4.74125
2 2969 0 100 121568456 4.84125 4.84125
4 2953 0 100 88870792 5.44125 5.44125
16 2955 0 100 88855660 5.64125 5.64125
7 2944 0 100 121556570 5.64125 5.64125
9 2960 0 100 154245024 5.64125 5.64125
10 2948 0 100 154244776 5.84125 5.84125
6 2985 0 100 88858752 5.94125 5.94125
18 2947 0 100 121540610 6.04125 6.04125
19 2954 0 100 154283224 6.04125 6.04125
29 2950 0 100 154253592 6.24125 6.24125
5 2958 0 100 121563128 6.64125 6.64125
20 2987 0 100 88866384 6.94125 6.94125
11 2975 0 100 121545164 6.94125 6.94125
22 2965 0 100 154268368 6.94125 6.94125
1 2978 0 100 121550534 7.04125 7.04125
17 2984 0 100 121558358 7.24125 7.24125
15 2971 0 100 88868592 7.44125 7.44125
