52 4178 0 100 88858536 1.20945 1.20945
33 4194 0 100 121565324 1.60945 1.60945
16 4172 0 100 56208342 1.70945 1.70945
15 4206 0 100 154301184 1.70945 1.70945
42 4174 0 100 154284376 1.80945 1.80945
66 4181 0 100 154278784 1.90945 1.90945
48 4234 0 100 154253320 2.20945 2.20945
83 4228 0 100 154300640 2.20945 2.20945
2 4229 0 100 121548344 2.40945 2.40945
76 4173 0 100 88854784 2.50945 2.50945
31 4186 0 100 88871960 2.60945 2.60945
51 4203 0 100 121551752 2.60945 2.60945
29 4176 0 100 88846524 2.70945 2.70945
77 4235 0 100 88864976 2.70945 2.70945
67 4184 0 100 88863888 2.80945 2.80945
86 4198 0 100 88866084 2.80945 2.80945
9 4236 0 100 121545872 2.80945 2.80945
54 4212 0 100 88859800 2.90945 2.90945
24 4243 0 100 88858912 3.00945 3.00945
74 4251 0 100 121529396 3.10945 3.10945
70 4264 0 100 56208264 3.20945 3.20945
80 4254 0 100 88853764 3.20945 3.20945
13 4204 0 100 121542338 3.20945 3.20945
27 4221 0 100 88852908 3.40945 3.40945
87 4261 0 100 121529822 3.40945 3.40945
39 4214 0 100 88849044 3.50945 3.50945
22 4255 0 100 154262592 3.50945 3.50945
85 4231 0 100 121548236 3.60945 3.60945
11 4192 0 100 154251304 3.70945 3.70945
35 4179 0 100 121537478 3.80945 3.80945
41 4262 0 100 154275256 3.80945 3.80945
21 4211 0 100 154302528 3.80945 3.80945
55 4170 0 100 121559732 3.90945 3.90945
49 4215 0 100 154246000 4.00945 4.00945
3 4177 0 100 154280632 4.00945 4.00945
14 4202 0 100 88856592 4.10945 4.10945
17 4257 0 100 121555298 4.10945 4.10945
5 4182 0 100 154245424 4.10945 4.10945
65 4195 0 100 154281144 4.10945 4.10945
58 4200 0 100 121538780 4.20945 4.20945
47 4252 0 100 88848736 4.50945 4.50945
57 4183 0 100 88868048 4.50945 4.50945
12 4218 0 100 154283168 4.50945 4.50945
32 4250 0 100 121562744 4.60945 4.60945
44 4197 0 100 154278992 4.60945 4.60945
82 4272 0 100 88863232 4.70945 4.70945
1 4187 0 100 154251464 4.70945 4.70945
60 4193 0 100 56208072 4.80945 4.80945
4 4216 0 100 154280856 4.90945 4.90945
59 4266 0 100 154298128 4.90945 4.90945
46 4278 0 100 88868820 5.00945 5.00945
36 4242 0 100 154263992 5.00945 5.00945
56 4253 0 100 121552640 5.10945 5.10945
6 4190 0 100 121531910 5.30945 5.30945
37 4222 0 100 88859524 5.40945 5.40945
23 4227 0 100 88860744 5.40945 5.40945
61 4239 0 100 88850768 5.50945 5.50945
72 4269 0 100 121552568 5.50945 5.50945
75 4247 0 100 154295488 5.50945 5.50945
64 4225 0 100 56207386 5.60945 5.60945
30 4188 0 100 121529042 5.60945 5.60945
68 4268 0 100 121566230 5.60945 5.60945
84 4189 0 100 56199360 5.70945 5.70945
20 4199 0 100 121547522 5.70945 5.70945
79 4224 0 100 56202016 5.80945 5.80945
50 4249 0 100 121540904 5.80945 5.80945
26 4205 0 100 56206666 5.90945 5.90945
8 4276 0 100 121556936 6.10945 6.10945
34 4210 0 100 88860636 6.20945 6.20945
62 4209 0 100 121562888 6.20945 6.20945
18 4230 0 100 154262024 6.20945 6.20945
78 4244 0 100 154287616 6.20945 6.20945
73 4219 0 100 121573736 6.30945 6.30945
38 4237 0 100 121555376 6.50945 6.50945
19 4223 0 100 121561310 6.50945 6.50945
45 4279 0 100 121542740 6.70945 6.70945
43 4275 0 100 154286376 6.70945 6.70945
40 4208 0 100 154305400 6.70945 6.70945
90 4245 0 100 88845724 6.90945 6.90945
25 4217 0 100 154294368 6.90945 6.90945
88 4267 0 100 121549280 7.00945 7.00945
63 4263 0 100 88860848 7.10945 7.10945
69 4258 0 100 121570478 7.10945 7.10945
89 4240 0 100 154285272 7.10945 7.10945
7 4232 0 100 121563824 7.20945 7.20945
28 4260 0 100 154292808 7.60945 7.60945
71 4270 0 100 154283912 7.70945 7.70945
53 4273 0 100 154258960 7.80945 7.80945
10 4274 0 100 88856908 8.00945 8.00945
