0 4160
0 4161
0 4162
0 4163
0 4164
0 4165
0 4166
0 4167
0 4168
0 4169
0 4171
0 4175
0 4180
52 4178
0 4185
0 4191
0 4196
0 4201
33 4194
0 4207
16 4172
15 4206
0 4213
42 4174
0 4220
66 4181
0 4226
0 4233
0 4238
48 4234
83 4228
0 4241
0 4246
2 4229
0 4248
76 4173
0 4256
31 4186
51 4203
0 4265
29 4176
77 4235
0 4271
67 4184
86 4198
9 4236
0 4277
54 4212
0 4280
24 4243
0 4281
74 4251
0 4282
70 4264
80 4254
13 4204
0 4283
0 4284
27 4221
87 4261
0 4285
39 4214
22 4255
0 4286
85 4231
0 4287
11 4192
0 4288
35 4179
41 4262
21 4211
0 4289
55 4170
0 4290
49 4215
3 4177
0 4291
14 4202
17 4257
5 4182
65 4195
0 4292
58 4200
0 4293
0 4294
0 4295
47 4252
57 4183
12 4218
0 4296
32 4250
44 4197
0 4297
82 4272
1 4187
0 4298
60 4193
0 4299
4 4216
59 4266
0 4300
46 4278
36 4242
0 4301
56 4253
0 4302
0 4303
6 4190
0 4304
37 4222
23 4227
0 4305
61 4239
72 4269
75 4247
0 4306
64 4225
30 4188
68 4268
0 4307
84 4189
20 4199
0 4308
79 4224
50 4249
0 4309
26 4205
0 4310
0 4311
8 4276
81 4259
0 4312
34 4210
62 4209
18 4230
78 4244
81 4259
0 4313
73 4219
0 4314
0 4315
38 4237
19 4223
0 4316
0 4317
45 4279
43 4275
40 4208
0 4318
0 4319
90 4245
25 4217
0 4320
88 4267
0 4321
63 4263
69 4258
89 4240
0 4322
7 4232
0 4323
0 4324
0 4325
0 4326
28 4260
0 4327
71 4270
0 4328
53 4273
0 4329
0 4330
10 4274
0 4331
0 4332
0 4333
0 4334
0 4335
0 4336
0 4337
0 4338
0 4339
0 4340
0 4341
0 4342
0 4343
0 4344
0 4345
0 4346
0 4347
0 4348
0 4349
0 4350
0 4351
0 4352
0 4353
0 4354
0 4355
0 4356
0 4357
0 4358
0 4359
0 4360
0 4361
0 4362
0 4363
0 4364
0 4365
0 4366
0 4367
0 4368
0 4369
0 4370
0 4371
0 4372
0 4373
0 4374
0 4375
0 4376
0 4377
0 4378
0 4379
0 4380
0 4381
0 4382
0 4383
0 4384
0 4385
0 4386
0 4387
0 4388
0 4389
0 4390
0 4391
0 4392
0 4393
0 4394
0 4395
0 4396
0 4397
0 4398
0 4399
