42 0.8 0.016 0.784
42 0.784 0.16 0.624
67 0.8 0.016 0.784
67 0.784 0.16 0.624
46 0.8 0.16 0.64
46 0.716008 0.016 0.700008
46 0.700008 0.16 0.540008
53 0.8 0.16 0.64
58 0.8 0.16 0.64
20 0.8 0.016 0.784
53 0.719476 0.016 0.703476
58 0.712416 0.016 0.696416
58 0.696416 0.16 0.536416
20 0.784 0.16 0.624
53 0.703476 0.16 0.543476
53 0.543476 0.16 0.383476
20 0.624 0.16 0.464
20 0.464 0.16 0.304
12 0.8 0.016 0.784
63 0.8 0.016 0.784
63 0.784 0.16 0.624
12 0.784 0.16 0.624
94 0.8 0.16 0.64
23 0.8 0.016 0.784
94 0.715199 0.016 0.699199
23 0.784 0.16 0.624
94 0.699199 0.16 0.539199
94 0.539199 0.16 0.379199
27 0.8 0.16 0.64
27 0.71059 0.016 0.69459
98 0.8 0.016 0.784
27 0.69459 0.16 0.53459
15 0.8 0.16 0.64
22 0.8 0.16 0.64
98 0.784 0.16 0.624
98 0.624 0.16 0.464
15 0.64 0.16 0.48
22 0.64 0.16 0.48
15 0.554291 0.016 0.538291
22 0.557685 0.016 0.541685
22 0.541685 0.16 0.381685
15 0.538291 0.16 0.378291
15 0.378291 0.16 0.218291
7 0.8 0.016 0.784
56 0.8 0.016 0.784
88 0.8 0.016 0.784
56 0.784 0.16 0.624
88 0.784 0.16 0.624
7 0.784 0.16 0.624
18 0.8 0.16 0.64
86 0.8 0.16 0.64
99 0.8 0.16 0.64
86 0.64 0.16 0.48
18 0.64 0.16 0.48
86 0.48 0.16 0.32
99 0.64 0.16 0.48
18 0.553799 0.016 0.537799
86 0.392211 0.016 0.376211
86 0.376211 0.16 0.216211
18 0.537799 0.16 0.377799
99 0.555772 0.16 0.395772
18 0.377799 0.16 0.217799
29 0.8 0.16 0.64
55 0.8 0.16 0.64
99 0.395772 0.16 0.235772
1 0.8 0.016 0.784
29 0.718064 0.016 0.702064
55 0.714942 0.016 0.698942
99 0.31352 0.016 0.29752
99 0.29752 0.16 0.13752
1 0.784 0.16 0.624
29 0.702064 0.16 0.542064
55 0.698942 0.16 0.538942
29 0.542064 0.16 0.382064
1 0.624 0.16 0.464
19 0.8 0.16 0.64
55 0.538942 0.16 0.378942
89 0.8 0.16 0.64
55 0.378942 0.16 0.218942
1 0.464 0.16 0.304
19 0.64 0.16 0.48
89 0.64 0.16 0.48
19 0.48 0.16 0.32
89 0.48 0.16 0.32
19 0.390235 0.016 0.374235
89 0.394899 0.016 0.378899
89 0.378899 0.16 0.218899
17 0.8 0.16 0.64
19 0.374235 0.16 0.214235
19 0.214235 0.16 0.0542354
17 0.64 0.16 0.48
17 0.557424 0.016 0.541424
17 0.541424 0.16 0.381424
48 0.8 0.016 0.784
48 0.784 0.16 0.624
66 0.8 0.016 0.784
68 0.8 0.016 0.784
72 0.8 0.016 0.784
66 0.784 0.16 0.624
68 0.784 0.16 0.624
72 0.784 0.16 0.624
72 0.624 0.16 0.464
68 0.624 0.16 0.464
38 0.8 0.016 0.784
38 0.784 0.16 0.624
76 0.8 0.16 0.64
93 0.8 0.16 0.64
76 0.716919 0.016 0.700919
93 0.716471 0.016 0.700471
93 0.700471 0.16 0.540471
76 0.700919 0.16 0.540919
26 0.8 0.16 0.64
26 0.64 0.16 0.48
26 0.557824 0.016 0.541824
26 0.541824 0.16 0.381824
34 0.8 0.016 0.784
34 0.784 0.16 0.624
52 0.8 0.16 0.64
52 0.716597 0.016 0.700597
82 0.8 0.016 0.784
82 0.784 0.16 0.624
8 0.8 0.16 0.64
49 0.8 0.16 0.64
52 0.700597 0.16 0.540597
62 0.8 0.16 0.64
52 0.540597 0.16 0.380597
8 0.717509 0.016 0.701509
49 0.712826 0.016 0.696826
62 0.718695 0.016 0.702695
62 0.702695 0.16 0.542695
8 0.701509 0.16 0.541509
16 0.8 0.16 0.64
49 0.696826 0.16 0.536826
8 0.541509 0.16 0.381509
49 0.536826 0.16 0.376826
16 0.64 0.16 0.48
44 0.8 0.16 0.64
16 0.48 0.16 0.32
44 0.64 0.16 0.48
16 0.395008 0.016 0.379008
44 0.556899 0.016 0.540899
44 0.540899 0.16 0.380899
16 0.379008 0.16 0.219008
28 0.8 0.16 0.64
28 0.719903 0.016 0.703903
77 0.8 0.016 0.784
28 0.703903 0.16 0.543903
77 0.784 0.16 0.624
80 0.8 0.16 0.64
95 0.8 0.16 0.64
77 0.624 0.16 0.464
80 0.64 0.16 0.48
95 0.64 0.16 0.48
80 0.554194 0.016 0.538194
95 0.559733 0.016 0.543733
95 0.543733 0.16 0.383733
80 0.538194 0.16 0.378194
11 0.8 0.16 0.64
32 0.8 0.16 0.64
11 0.64 0.16 0.48
32 0.64 0.16 0.48
59 0.8 0.16 0.64
11 0.552535 0.016 0.536535
32 0.55656 0.016 0.54056
59 0.719538 0.016 0.703538
32 0.54056 0.16 0.38056
11 0.536535 0.16 0.376535
59 0.703538 0.16 0.543538
84 0.8 0.16 0.64
11 0.376535 0.16 0.216535
59 0.543538 0.16 0.383538
84 0.64 0.16 0.48
9 0.8 0.16 0.64
79 0.8 0.16 0.64
84 0.48 0.16 0.32
9 0.712052 0.016 0.696052
84 0.399478 0.016 0.383478
84 0.383478 0.16 0.223478
9 0.696052 0.16 0.536052
37 0.8 0.16 0.64
79 0.710322 0.16 0.550322
9 0.536052 0.16 0.376052
37 0.64 0.16 0.48
79 0.550322 0.16 0.390322
37 0.558305 0.016 0.542305
79 0.461169 0.016 0.445169
37 0.542305 0.16 0.382305
79 0.445169 0.16 0.285169
79 0.285169 0.16 0.125169
81 0.8 0.016 0.784
81 0.784 0.16 0.624
64 0.8 0.16 0.64
13 0.8 0.016 0.784
64 0.714218 0.016 0.698218
64 0.698218 0.16 0.538218
13 0.784 0.16 0.624
21 0.8 0.16 0.64
87 0.8 0.16 0.64
13 0.624 0.16 0.464
21 0.64 0.16 0.48
74 0.8 0.16 0.64
87 0.64 0.16 0.48
21 0.55668 0.016 0.54068
74 0.710729 0.016 0.694729
87 0.555493 0.016 0.539493
87 0.539493 0.16 0.379493
21 0.54068 0.16 0.38068
74 0.694729 0.16 0.534729
21 0.38068 0.16 0.22068
74 0.534729 0.16 0.374729
74 0.374729 0.16 0.214729
4 0.8 0.016 0.784
14 0.8 0.016 0.784
24 0.8 0.016 0.784
14 0.784 0.16 0.624
4 0.784 0.16 0.624
24 0.784 0.16 0.624
35 0.8 0.16 0.64
24 0.624 0.16 0.464
4 0.624 0.16 0.464
35 0.64 0.16 0.48
4 0.464 0.16 0.304
35 0.48 0.16 0.32
35 0.396965 0.016 0.380965
35 0.380965 0.16 0.220965
36 0.8 0.16 0.64
6 0.8 0.016 0.784
33 0.8 0.016 0.784
36 0.716658 0.016 0.700658
36 0.700658 0.16 0.540658
6 0.784 0.16 0.624
33 0.784 0.16 0.624
6 0.624 0.16 0.464
33 0.624 0.16 0.464
90 0.8 0.16 0.64
33 0.464 0.16 0.304
10 0.8 0.16 0.64
40 0.8 0.16 0.64
90 0.64 0.16 0.48
10 0.713726 0.016 0.697726
40 0.715148 0.016 0.699148
90 0.559472 0.016 0.543472
10 0.697726 0.16 0.537726
90 0.543472 0.16 0.383472
40 0.699148 0.16 0.539148
60 0.8 0.16 0.64
60 0.64 0.16 0.48
60 0.48 0.16 0.32
60 0.392876 0.016 0.376876
60 0.376876 0.16 0.216876
45 0.8 0.16 0.64
65 0.8 0.16 0.64
45 0.713031 0.016 0.697031
65 0.715771 0.016 0.699771
65 0.699771 0.16 0.539771
45 0.697031 0.16 0.537031
47 0.8 0.16 0.64
45 0.537031 0.16 0.377031
47 0.719771 0.016 0.703771
47 0.703771 0.16 0.543771
3 0.8 0.16 0.64
69 0.8 0.16 0.64
3 0.711112 0.016 0.695112
69 0.718652 0.016 0.702652
69 0.702652 0.16 0.542652
3 0.695112 0.16 0.535112
39 0.8 0.16 0.64
3 0.535112 0.16 0.375112
39 0.64 0.16 0.48
39 0.559266 0.016 0.543266
39 0.543266 0.16 0.383266
30 0.8 0.016 0.784
71 0.8 0.016 0.784
78 0.8 0.016 0.784
92 0.8 0.016 0.784
30 0.784 0.16 0.624
92 0.784 0.16 0.624
5 0.8 0.16 0.64
71 0.784 0.16 0.624
78 0.784 0.16 0.624
5 0.64 0.16 0.48
71 0.624 0.16 0.464
78 0.624 0.16 0.464
71 0.464 0.16 0.304
78 0.464 0.16 0.304
5 0.48 0.16 0.32
5 0.32 0.16 0.16
5 0.234446 0.016 0.218446
5 0.218446 0.16 0.058446
57 0.8 0.016 0.784
57 0.784 0.16 0.624
54 0.8 0.16 0.64
61 0.8 0.16 0.64
85 0.8 0.16 0.64
54 0.712724 0.016 0.696724
61 0.719327 0.016 0.703327
85 0.71361 0.016 0.69761
61 0.703327 0.16 0.543327
54 0.696724 0.16 0.536724
73 0.8 0.16 0.64
85 0.69761 0.16 0.53761
85 0.53761 0.16 0.37761
54 0.536724 0.16 0.376724
54 0.376724 0.16 0.216724
73 0.64 0.16 0.48
73 0.551834 0.016 0.535834
73 0.535834 0.16 0.375834
41 0.8 0.16 0.64
96 0.8 0.16 0.64
100 0.8 0.16 0.64
41 0.717694 0.016 0.701694
75 0.8 0.016 0.784
96 0.71603 0.016 0.70003
100 0.712335 0.016 0.696335
41 0.701694 0.16 0.541694
50 0.8 0.16 0.64
75 0.784 0.16 0.624
96 0.70003 0.16 0.54003
100 0.696335 0.16 0.536335
96 0.54003 0.16 0.38003
100 0.536335 0.16 0.376335
50 0.64 0.16 0.48
75 0.624 0.16 0.464
50 0.48 0.16 0.32
75 0.464 0.16 0.304
75 0.304 0.16 0.144
50 0.32 0.16 0.16
50 0.234006 0.016 0.218006
50 0.218006 0.16 0.0580058
97 0.8 0.16 0.64
97 0.715405 0.016 0.699405
97 0.699405 0.16 0.539405
83 0.8 0.16 0.64
91 0.8 0.16 0.64
25 0.8 0.016 0.784
83 0.718501 0.016 0.702501
91 0.718309 0.016 0.702309
91 0.702309 0.16 0.542309
83 0.702501 0.16 0.542501
25 0.784 0.16 0.624
70 0.8 0.16 0.64
25 0.624 0.16 0.464
70 0.64 0.16 0.48
25 0.464 0.16 0.304
70 0.48 0.16 0.32
70 0.395624 0.016 0.379624
70 0.379624 0.16 0.219624
51 0.8 0.16 0.64
51 0.71878 0.016 0.70278
51 0.70278 0.16 0.54278
2 0.8 0.016 0.784
31 0.8 0.016 0.784
31 0.784 0.16 0.624
2 0.784 0.16 0.624
43 0.8 0.16 0.64
43 0.64 0.16 0.48
43 0.550715 0.016 0.534715
43 0.534715 0.16 0.374715
