0 3500
0 3501
0 3502
0 3503
0 3504
0 3505
0 3506
0 3507
0 3508
0 3509
0 3512
0 3514
0 3518
0 3521
9 3520
0 3524
47 3511
0 3526
0 3530
29 3527
0 3536
30 3531
0 3539
14 3533
0 3540
8 3513
6 3523
0 3545
48 3532
0 3549
0 3554
27 3552
32 3546
0 3560
0 3561
59 3551
0 3567
0 3570
44 3559
53 3535
0 3577
24 3571
0 3581
38 3537
0 3587
41 3548
18 3580
0 3590
36 3573
42 3568
49 3558
0 3591
0 3592
56 3510
52 3589
0 3593
43 3574
1 3529
3 3550
51 3578
0 3594
0 3595
0 3596
13 3557
0 3597
37 3585
0 3598
34 3563
0 3599
50 3575
4 3586
0 3600
23 3522
0 3601
19 3562
0 3602
0 3603
54 3572
0 3604
0 3605
58 3564
0 3606
0 3607
0 3608
28 3516
17 3555
0 3609
0 3610
0 3611
0 3612
0 3613
0 3614
39 3583
0 3615
5 3528
57 3515
0 3616
46 3538
60 3525
0 3617
12 3553
26 3517
0 3618
0 3619
33 3582
31 3542
0 3620
11 3565
0 3621
21 3519
0 3622
0 3623
15 3579
0 3624
35 3556
16 3534
0 3625
2 3576
0 3626
55 3544
0 3627
40 3541
0 3628
10 3547
7 3584
0 3629
0 3630
0 3631
45 3543
0 3632
0 3633
22 3569
25 3566
20 3588
0 3634
0 3635
0 3636
0 3637
0 3638
0 3639
0 3640
0 3641
0 3642
0 3643
0 3644
0 3645
0 3646
0 3647
0 3648
0 3649
0 3650
0 3651
0 3652
0 3653
0 3654
0 3655
0 3656
0 3657
0 3658
0 3659
0 3660
0 3661
0 3662
0 3663
0 3664
0 3665
0 3666
0 3667
0 3668
0 3669
0 3670
0 3671
0 3672
0 3673
0 3674
0 3675
0 3676
0 3677
0 3678
0 3679
0 3680
0 3681
0 3682
0 3683
0 3684
0 3685
0 3686
0 3687
0 3688
0 3689
0 3690
0 3691
0 3692
0 3693
0 3694
0 3695
0 3696
0 3697
0 3698
0 3699
0 3700
0 3701
0 3702
0 3703
0 3704
0 3705
0 3706
0 3707
0 3708
0 3709
