64 0.8 0.016 0.784
64 0.784 0.16 0.624
63 0.8 0.16 0.64
63 0.713597 0.016 0.697597
63 0.697597 0.16 0.537597
22 0.8 0.016 0.784
22 0.784 0.16 0.624
12 0.8 0.016 0.784
12 0.784 0.16 0.624
41 0.8 0.016 0.784
41 0.784 0.16 0.624
8 0.8 0.016 0.784
35 0.8 0.016 0.784
35 0.784 0.16 0.624
8 0.784 0.16 0.624
8 0.624 0.16 0.464
32 0.8 0.016 0.784
32 0.784 0.16 0.624
28 0.8 0.016 0.784
47 0.8 0.016 0.784
28 0.784 0.16 0.624
6 0.8 0.16 0.64
10 0.8 0.16 0.64
47 0.784 0.16 0.624
62 0.8 0.16 0.64
47 0.624 0.16 0.464
6 0.64 0.16 0.48
10 0.64 0.16 0.48
20 0.8 0.16 0.64
62 0.64 0.16 0.48
6 0.558312 0.016 0.542312
10 0.550237 0.016 0.534237
20 0.711112 0.016 0.695112
62 0.555059 0.016 0.539059
10 0.534237 0.16 0.374237
6 0.542312 0.16 0.382312
20 0.695112 0.16 0.535112
62 0.539059 0.16 0.379059
62 0.379059 0.16 0.219059
6 0.382312 0.16 0.222312
20 0.535112 0.16 0.375112
20 0.375112 0.16 0.215112
20 0.215112 0.16 0.0551115
1 0.8 0.016 0.784
55 0.8 0.016 0.784
55 0.784 0.16 0.624
1 0.784 0.16 0.624
75 0.8 0.16 0.64
1 0.624 0.16 0.464
75 0.64 0.16 0.48
75 0.551323 0.016 0.535323
75 0.535323 0.16 0.375323
17 0.8 0.016 0.784
18 0.8 0.016 0.784
52 0.8 0.016 0.784
70 0.8 0.016 0.784
18 0.784 0.16 0.624
17 0.784 0.16 0.624
52 0.784 0.16 0.624
70 0.784 0.16 0.624
70 0.624 0.16 0.464
17 0.624 0.16 0.464
52 0.624 0.16 0.464
52 0.464 0.16 0.304
17 0.464 0.16 0.304
16 0.8 0.016 0.784
77 0.8 0.016 0.784
77 0.784 0.16 0.624
16 0.784 0.16 0.624
19 0.8 0.16 0.64
16 0.624 0.16 0.464
19 0.64 0.16 0.48
36 0.8 0.16 0.64
19 0.556666 0.016 0.540666
36 0.717888 0.016 0.701888
36 0.701888 0.16 0.541888
19 0.540666 0.16 0.380666
59 0.8 0.16 0.64
19 0.380666 0.16 0.220666
59 0.713056 0.016 0.697056
59 0.697056 0.16 0.537056
78 0.8 0.16 0.64
78 0.716321 0.016 0.700321
78 0.700321 0.16 0.540321
25 0.8 0.16 0.64
25 0.716321 0.016 0.700321
25 0.700321 0.16 0.540321
5 0.8 0.16 0.64
23 0.8 0.16 0.64
30 0.8 0.16 0.64
42 0.8 0.16 0.64
48 0.8 0.16 0.64
5 0.711259 0.016 0.695259
23 0.717463 0.016 0.701463
30 0.712196 0.016 0.696196
42 0.713566 0.016 0.697566
48 0.718102 0.016 0.702102
48 0.702102 0.16 0.542102
5 0.695259 0.16 0.535259
23 0.701463 0.16 0.541463
30 0.696196 0.16 0.536196
37 0.8 0.16 0.64
42 0.697566 0.16 0.537566
23 0.541463 0.16 0.381463
5 0.535259 0.16 0.375259
30 0.536196 0.16 0.376196
37 0.64 0.16 0.48
42 0.537566 0.16 0.377566
29 0.8 0.16 0.64
37 0.48 0.16 0.32
42 0.377566 0.16 0.217566
37 0.32 0.16 0.16
42 0.217566 0.16 0.0575657
29 0.716695 0.016 0.700695
37 0.236822 0.016 0.220822
42 0.13121 0.016 0.11521
53 0.8 0.016 0.784
29 0.700695 0.16 0.540695
37 0.220822 0.16 0.0608218
42 0.11521 0.16 -0.0447904
53 0.784 0.16 0.624
54 0.8 0.16 0.64
57 0.8 0.16 0.64
53 0.624 0.16 0.464
37 0.0608218 0.16 -0.0991782
42 0 0.16 -0.16
54 0.64 0.16 0.48
57 0.64 0.16 0.48
74 0.8 0.16 0.64
54 0.550154 0.016 0.534154
57 0.555632 0.016 0.539632
74 0.71139 0.016 0.69539
54 0.534154 0.16 0.374154
57 0.539632 0.16 0.379632
74 0.69539 0.16 0.53539
76 0.8 0.16 0.64
57 0.379632 0.16 0.219632
74 0.53539 0.16 0.37539
76 0.64 0.16 0.48
80 0.8 0.16 0.64
74 0.37539 0.16 0.21539
76 0.48 0.16 0.32
80 0.64 0.16 0.48
76 0.393942 0.016 0.377942
80 0.559558 0.016 0.543558
76 0.377942 0.16 0.217942
80 0.543558 0.16 0.383558
80 0.383558 0.16 0.223558
42 0.303829 0.16 0.143829
37 0.301441 0.16 0.141441
51 0.8 0.016 0.784
42 0.214703 0.16 0.0547031
37 0.213996 0.16 0.0539962
51 0.784 0.16 0.624
2 0.8 0.16 0.64
27 0.8 0.16 0.64
2 0.719541 0.016 0.703541
27 0.719726 0.016 0.703726
27 0.703726 0.16 0.543726
2 0.703541 0.16 0.543541
40 0.8 0.16 0.64
44 0.8 0.16 0.64
40 0.715544 0.016 0.699544
44 0.71221 0.016 0.69621
44 0.69621 0.16 0.53621
40 0.699544 0.16 0.539544
43 0.8 0.16 0.64
43 0.64 0.16 0.48
43 0.556101 0.016 0.540101
43 0.540101 0.16 0.380101
67 0.8 0.016 0.784
67 0.784 0.16 0.624
37 0.421139 0.16 0.261139
31 0.8 0.016 0.784
58 0.8 0.016 0.784
68 0.8 0.016 0.784
31 0.784 0.16 0.624
68 0.784 0.16 0.624
58 0.784 0.16 0.624
58 0.624 0.16 0.464
58 0.464 0.16 0.304
13 0.8 0.16 0.64
38 0.8 0.16 0.64
13 0.716874 0.016 0.700874
38 0.718122 0.016 0.702122
13 0.700874 0.16 0.540874
38 0.702122 0.16 0.542122
38 0.542122 0.16 0.382122
79 0.8 0.016 0.784
79 0.784 0.16 0.624
60 0.8 0.16 0.64
4 0.8 0.016 0.784
11 0.8 0.016 0.784
60 0.713221 0.016 0.697221
71 0.8 0.016 0.784
60 0.697221 0.16 0.537221
4 0.784 0.16 0.624
11 0.784 0.16 0.624
21 0.8 0.16 0.64
71 0.784 0.16 0.624
71 0.624 0.16 0.464
11 0.624 0.16 0.464
4 0.624 0.16 0.464
21 0.64 0.16 0.48
21 0.48 0.16 0.32
21 0.32 0.16 0.16
21 0.230976 0.016 0.214976
21 0.214976 0.16 0.0549762
39 0.8 0.016 0.784
39 0.784 0.16 0.624
69 0.8 0.16 0.64
69 0.712272 0.016 0.696272
69 0.696272 0.16 0.536272
56 0.8 0.16 0.64
56 0.715888 0.016 0.699888
56 0.699888 0.16 0.539888
50 0.8 0.016 0.784
72 0.8 0.016 0.784
72 0.784 0.16 0.624
50 0.784 0.16 0.624
50 0.624 0.16 0.464
73 0.8 0.016 0.784
73 0.784 0.16 0.624
45 0.8 0.016 0.784
45 0.784 0.16 0.624
3 0.8 0.16 0.64
15 0.8 0.16 0.64
65 0.8 0.16 0.64
3 0.718588 0.016 0.702588
15 0.716294 0.016 0.700294
65 0.710847 0.016 0.694847
15 0.700294 0.16 0.540294
3 0.702588 0.16 0.542588
65 0.694847 0.16 0.534847
65 0.534847 0.16 0.374847
3 0.542588 0.16 0.382588
3 0.382588 0.16 0.222588
34 0.8 0.016 0.784
34 0.784 0.16 0.624
7 0.8 0.16 0.64
9 0.8 0.16 0.64
7 0.71234 0.016 0.69634
9 0.714904 0.016 0.698904
9 0.698904 0.16 0.538904
7 0.69634 0.16 0.53634
26 0.8 0.016 0.784
26 0.784 0.16 0.624
14 0.8 0.016 0.784
14 0.784 0.16 0.624
24 0.8 0.016 0.784
46 0.8 0.016 0.784
46 0.784 0.16 0.624
24 0.784 0.16 0.624
33 0.8 0.16 0.64
61 0.8 0.16 0.64
24 0.624 0.16 0.464
33 0.64 0.16 0.48
61 0.64 0.16 0.48
33 0.555567 0.016 0.539567
61 0.55657 0.016 0.54057
33 0.539567 0.16 0.379567
61 0.54057 0.16 0.38057
61 0.38057 0.16 0.22057
66 0.8 0.16 0.64
66 0.71609 0.016 0.70009
66 0.70009 0.16 0.54009
49 0.8 0.16 0.64
49 0.716768 0.016 0.700768
49 0.700768 0.16 0.540768
