34 0.8 0.016 0.784
34 0.784 0.16 0.624
17 0.8 0.016 0.784
17 0.784 0.16 0.624
29 0.8 0.016 0.784
29 0.784 0.16 0.624
26 0.8 0.16 0.64
22 0.8 0.016 0.784
26 0.710015 0.016 0.694015
22 0.784 0.16 0.624
26 0.694015 0.16 0.534015
26 0.534015 0.16 0.374015
2 0.8 0.016 0.784
39 0.8 0.016 0.784
2 0.784 0.16 0.624
39 0.784 0.16 0.624
7 0.8 0.016 0.784
7 0.784 0.16 0.624
19 0.8 0.016 0.784
19 0.784 0.16 0.624
24 0.8 0.016 0.784
24 0.784 0.16 0.624
1 0.8 0.016 0.784
36 0.8 0.016 0.784
1 0.784 0.16 0.624
36 0.784 0.16 0.624
36 0.624 0.16 0.464
21 0.8 0.16 0.64
21 0.710764 0.016 0.694764
21 0.694764 0.16 0.534764
12 0.8 0.016 0.784
16 0.8 0.016 0.784
16 0.784 0.16 0.624
12 0.784 0.16 0.624
12 0.624 0.16 0.464
9 0.8 0.16 0.64
9 0.713087 0.016 0.697087
15 0.8 0.016 0.784
9 0.697087 0.16 0.537087
15 0.784 0.16 0.624
30 0.8 0.016 0.784
30 0.784 0.16 0.624
25 0.8 0.16 0.64
25 0.713513 0.016 0.697513
25 0.697513 0.16 0.537513
14 0.8 0.016 0.784
23 0.8 0.016 0.784
23 0.784 0.16 0.624
14 0.784 0.16 0.624
40 0.8 0.16 0.64
40 0.716001 0.016 0.700001
40 0.700001 0.16 0.540001
4 0.8 0.16 0.64
4 0.71745 0.016 0.70145
4 0.70145 0.16 0.54145
37 0.8 0.16 0.64
3 0.8 0.016 0.784
37 0.714575 0.016 0.698575
37 0.698575 0.16 0.538575
3 0.784 0.16 0.624
3 0.624 0.16 0.464
10 0.8 0.16 0.64
38 0.8 0.16 0.64
10 0.711611 0.016 0.695611
38 0.719948 0.016 0.703948
10 0.695611 0.16 0.535611
38 0.703948 0.16 0.543948
27 0.8 0.16 0.64
27 0.717749 0.016 0.701749
27 0.701749 0.16 0.541749
8 0.8 0.16 0.64
13 0.8 0.16 0.64
8 0.719806 0.016 0.703806
13 0.710619 0.016 0.694619
13 0.694619 0.16 0.534619
8 0.703806 0.16 0.543806
6 0.8 0.16 0.64
6 0.712837 0.016 0.696837
6 0.696837 0.16 0.536837
18 0.8 0.16 0.64
18 0.717166 0.016 0.701166
18 0.701166 0.16 0.541166
33 0.8 0.16 0.64
32 0.8 0.016 0.784
33 0.71759 0.016 0.70159
35 0.8 0.016 0.784
33 0.70159 0.16 0.54159
32 0.784 0.16 0.624
35 0.784 0.16 0.624
32 0.624 0.16 0.464
35 0.624 0.16 0.464
11 0.8 0.016 0.784
11 0.784 0.16 0.624
28 0.8 0.016 0.784
28 0.784 0.16 0.624
20 0.8 0.16 0.64
20 0.712863 0.016 0.696863
20 0.696863 0.16 0.536863
5 0.8 0.016 0.784
5 0.784 0.16 0.624
31 0.8 0.16 0.64
31 0.712098 0.016 0.696098
31 0.696098 0.16 0.536098
