56 3510 1.02406
47 3511 1.0445
8 3513 1.06681
57 3515 1.1623
28 3516 1.19569
26 3517 1.22625
21 3519 1.2788
9 3520 1.30238
23 3522 1.40977
6 3523 1.4229
60 3525 1.47425
29 3527 1.63182
5 3528 1.64783
1 3529 1.65108
30 3531 1.69899
48 3532 1.70431
14 3533 1.72267
16 3534 1.72361
53 3535 1.75112
38 3537 1.78429
46 3538 1.82237
40 3541 1.97317
31 3542 1.97345
45 3543 2.04498
55 3544 2.05541
32 3546 2.10148
10 3547 2.11408
41 3548 2.1203
3 3550 2.1817
59 3551 2.22317
27 3552 2.22864
12 3553 2.231
17 3555 2.26695
35 3556 2.29369
13 3557 2.30819
49 3558 2.34309
44 3559 2.34413
19 3562 2.46934
34 3563 2.4911
58 3564 2.51598
11 3565 2.53294
25 3566 2.53384
42 3568 2.62305
22 3569 2.64352
24 3571 2.6927
54 3572 2.69596
36 3573 2.69759
43 3574 2.73204
50 3575 2.73496
2 3576 2.74115
51 3578 2.78079
15 3579 2.82583
18 3580 2.85524
33 3582 2.87267
39 3583 2.91796
7 3584 2.92255
37 3585 2.92917
4 3586 2.9559
20 3588 2.97442
52 3589 2.99469
