35 3311 1.04035
20 3312 1.10898
21 3313 1.11689
10 3315 1.14539
31 3316 1.15769
8 3317 1.17499
7 3319 1.26713
5 3321 1.37396
24 3322 1.39264
17 3323 1.41762
9 3324 1.42409
29 3326 1.46697
18 3327 1.48032
37 3328 1.48652
49 3329 1.48904
27 3331 1.57094
22 3332 1.57859
11 3334 1.72459
41 3335 1.73695
44 3337 1.76367
19 3338 1.7938
28 3339 1.83111
39 3341 1.896
3 3343 1.98875
34 3344 2.02332
40 3346 2.04685
47 3347 2.12567
48 3349 2.1884
30 3350 2.19278
16 3351 2.21632
38 3353 2.26063
13 3355 2.38771
25 3356 2.39236
46 3358 2.5272
14 3360 2.55784
4 3361 2.57894
15 3362 2.58514
26 3363 2.59842
32 3364 2.61948
6 3366 2.69638
43 3367 2.69809
33 3368 2.709
12 3369 2.72325
45 3370 2.72633
36 3372 2.82961
2 3374 2.84834
1 3375 2.91627
42 3376 2.9222
50 3378 2.97087
23 3379 2.97782
