23 0.8 0.016 0.784
23 0.784 0.16 0.624
30 0.8 0.016 0.784
30 0.784 0.16 0.624
13 0.8 0.016 0.784
13 0.784 0.16 0.624
24 0.8 0.016 0.784
24 0.784 0.16 0.624
14 0.8 0.016 0.784
28 0.8 0.016 0.784
14 0.784 0.16 0.624
28 0.784 0.16 0.624
28 0.624 0.16 0.464
27 0.8 0.016 0.784
27 0.784 0.16 0.624
8 0.8 0.016 0.784
8 0.784 0.16 0.624
26 0.8 0.016 0.784
26 0.784 0.16 0.624
12 0.8 0.016 0.784
12 0.784 0.16 0.624
3 0.8 0.016 0.784
3 0.784 0.16 0.624
25 0.8 0.016 0.784
25 0.784 0.16 0.624
21 0.8 0.016 0.784
21 0.784 0.16 0.624
2 0.8 0.16 0.64
2 0.710473 0.016 0.694473
2 0.694473 0.16 0.534473
4 0.8 0.016 0.784
4 0.784 0.16 0.624
7 0.8 0.016 0.784
9 0.8 0.016 0.784
16 0.8 0.016 0.784
16 0.784 0.16 0.624
7 0.784 0.16 0.624
9 0.784 0.16 0.624
7 0.624 0.16 0.464
9 0.624 0.16 0.464
9 0.464 0.16 0.304
10 0.8 0.016 0.784
10 0.784 0.16 0.624
6 0.8 0.16 0.64
6 0.713648 0.016 0.697648
6 0.697648 0.16 0.537648
18 0.8 0.16 0.64
18 0.713318 0.016 0.697318
19 0.8 0.016 0.784
18 0.697318 0.16 0.537318
19 0.784 0.16 0.624
19 0.624 0.16 0.464
29 0.8 0.016 0.784
29 0.784 0.16 0.624
5 0.8 0.016 0.784
5 0.784 0.16 0.624
11 0.8 0.016 0.784
20 0.8 0.016 0.784
22 0.8 0.016 0.784
20 0.784 0.16 0.624
11 0.784 0.16 0.624
22 0.784 0.16 0.624
11 0.624 0.16 0.464
22 0.624 0.16 0.464
22 0.464 0.16 0.304
1 0.8 0.16 0.64
1 0.713858 0.016 0.697858
1 0.697858 0.16 0.537858
17 0.8 0.016 0.784
17 0.784 0.16 0.624
15 0.8 0.016 0.784
15 0.784 0.16 0.624
