0 4400
0 4401
0 4402
0 4403
0 4404
0 4405
0 4406
0 4407
0 4408
0 4409
0 4413
0 4414
0 4424
0 4432
42 4421
0 4437
0 4442
0 4446
67 4444
0 4453
46 4411
0 4461
58 4452
53 4417
20 4412
0 4469
0 4473
63 4472
12 4448
0 4480
23 4479
94 4423
0 4487
27 4433
98 4455
0 4494
22 4477
15 4439
0 4499
56 4458
88 4498
7 4451
0 4504
86 4447
18 4419
0 4511
99 4443
29 4429
55 4464
1 4506
0 4516
89 4435
19 4425
0 4524
17 4471
0 4527
48 4478
0 4530
0 4531
0 4532
66 4489
72 4483
68 4415
0 4533
38 4488
0 4534
93 4465
76 4492
0 4535
26 4493
0 4536
0 4537
0 4538
34 4431
0 4539
82 4430
52 4416
0 4540
62 4515
8 4420
49 4427
0 4541
44 4475
16 4508
0 4542
28 4497
77 4495
0 4543
95 4517
80 4514
0 4544
32 4434
11 4529
59 4525
0 4545
84 4467
9 4521
0 4546
37 4520
79 4490
0 4547
81 4468
0 4548
64 4436
13 4486
0 4549
87 4457
21 4454
74 4445
0 4550
0 4551
0 4552
0 4553
14 4462
24 4428
4 4466
0 4554
35 4456
0 4555
36 4482
6 4441
33 4459
0 4556
10 4523
90 4426
40 4440
0 4557
60 4507
0 4558
65 4528
45 4512
0 4559
47 4422
0 4560
69 4449
3 4438
0 4561
39 4410
0 4562
30 4519
92 4496
71 4510
78 4418
0 4563
5 4505
0 4564
57 4463
0 4565
61 4474
85 4450
54 4526
0 4566
73 4509
0 4567
41 4485
96 4476
100 4460
75 4491
0 4568
50 4470
0 4569
97 4484
0 4570
91 4522
83 4501
25 4481
0 4571
70 4502
0 4572
51 4500
0 4573
31 4518
2 4513
0 4574
43 4503
0 4575
0 4576
0 4577
0 4578
0 4579
0 4580
0 4581
0 4582
0 4583
0 4584
0 4585
0 4586
0 4587
0 4588
0 4589
0 4590
0 4591
0 4592
0 4593
0 4594
0 4595
0 4596
0 4597
0 4598
0 4599
0 4600
0 4601
0 4602
0 4603
0 4604
0 4605
0 4606
0 4607
0 4608
0 4609
0 4610
0 4611
0 4612
0 4613
0 4614
0 4615
0 4616
0 4617
0 4618
0 4619
0 4620
0 4621
0 4622
0 4623
0 4624
0 4625
0 4626
0 4627
0 4628
0 4629
0 4630
0 4631
0 4632
0 4633
0 4634
0 4635
0 4636
0 4637
0 4638
0 4639
0 4640
0 4641
0 4642
0 4643
0 4644
0 4645
0 4646
0 4647
0 4648
0 4649
