55 4170 1.00605
16 4172 1.01436
76 4173 1.02866
42 4174 1.08821
29 4176 1.12857
3 4177 1.1343
52 4178 1.19463
35 4179 1.19906
66 4181 1.21598
5 4182 1.22527
57 4183 1.26983
67 4184 1.28207
31 4186 1.31527
1 4187 1.32105
30 4188 1.35694
84 4189 1.36543
6 4190 1.40797
11 4192 1.46705
60 4193 1.48884
33 4194 1.49812
65 4195 1.50596
44 4197 1.53638
86 4198 1.54135
20 4199 1.54802
58 4200 1.58073
14 4202 1.63687
51 4203 1.6372
13 4204 1.65881
26 4205 1.67265
15 4206 1.68272
40 4208 1.73884
62 4209 1.75785
34 4210 1.75812
21 4211 1.77245
54 4212 1.7781
39 4214 1.81875
49 4215 1.82566
4 4216 1.84494
25 4217 1.86628
12 4218 1.88887
73 4219 1.8918
27 4221 1.94088
37 4222 1.94131
19 4223 1.94574
79 4224 1.95483
64 4225 1.9762
23 4227 2.01979
83 4228 2.02759
2 4229 2.03666
18 4230 2.08885
85 4231 2.09368
7 4232 2.10454
48 4234 2.14545
77 4235 2.14809
9 4236 2.17258
38 4237 2.19204
61 4239 2.22563
89 4240 2.23797
36 4242 2.34832
24 4243 2.36317
78 4244 2.36573
90 4245 2.36859
75 4247 2.481
50 4249 2.51695
32 4250 2.51727
74 4251 2.56608
47 4252 2.57211
56 4253 2.57916
80 4254 2.58315
22 4255 2.5891
17 4257 2.61987
69 4258 2.63098
81 4259 2.66056
28 4260 2.66733
87 4261 2.67481
41 4262 2.67866
63 4263 2.68424
70 4264 2.68608
59 4266 2.71699
88 4267 2.75151
68 4268 2.76083
72 4269 2.76299
71 4270 2.78273
82 4272 2.82221
53 4273 2.8242
10 4274 2.83615
43 4275 2.86357
8 4276 2.89344
46 4278 2.93361
45 4279 2.94858
