47 1670 1.00357
42 1671 1.00379
21 1672 1.00492
30 1673 1.0406
43 1675 1.07548
69 1676 1.13453
58 1678 1.17244
22 1679 1.19776
28 1680 1.23889
13 1681 1.24023
52 1683 1.26201
31 1684 1.28709
34 1685 1.33461
25 1686 1.34112
36 1687 1.35151
1 1689 1.35464
16 1690 1.36081
9 1691 1.38928
46 1692 1.3926
45 1693 1.41727
50 1695 1.48794
18 1697 1.56304
7 1698 1.62869
57 1699 1.64559
55 1702 1.75977
51 1704 1.86466
10 1705 1.88168
56 1706 1.895
15 1707 1.9076
12 1708 1.91224
65 1709 1.92918
63 1710 1.93203
11 1712 2.00831
64 1713 2.0327
32 1715 2.08252
59 1716 2.08277
19 1717 2.10248
29 1718 2.11361
35 1720 2.16509
67 1721 2.18298
48 1722 2.18517
14 1723 2.20636
39 1724 2.22551
54 1725 2.22661
26 1726 2.24893
61 1728 2.32374
23 1729 2.33933
8 1730 2.34344
68 1731 2.3518
5 1733 2.37132
33 1734 2.43992
66 1735 2.45364
60 1737 2.46923
17 1739 2.58444
3 1740 2.59795
38 1741 2.6402
6 1742 2.64587
37 1744 2.70937
24 1745 2.75036
44 1747 2.76405
27 1748 2.81997
20 1749 2.82597
2 1750 2.84294
70 1752 2.85971
49 1753 2.88131
62 1754 2.89819
53 1755 2.90415
40 1757 2.96314
41 1758 2.97822
4 1759 2.99992
