55 1461 1.01601
48 1462 1.07384
46 1463 1.08893
60 1464 1.09258
27 1466 1.11569
35 1467 1.12097
23 1468 1.17735
43 1470 1.28167
34 1471 1.28818
37 1472 1.30755
10 1474 1.33977
12 1475 1.37318
17 1476 1.39883
28 1478 1.41214
7 1479 1.44721
15 1481 1.529
45 1483 1.62466
14 1485 1.71576
4 1486 1.7175
19 1487 1.76026
22 1489 1.81262
29 1490 1.81912
38 1491 1.8256
20 1492 1.84755
9 1493 1.85669
51 1495 1.92471
53 1496 1.94705
52 1497 1.98077
13 1498 1.99061
56 1499 2.00217
41 1501 2.07483
3 1502 2.09809
5 1504 2.12673
11 1505 2.1749
30 1507 2.21476
25 1508 2.25781
58 1509 2.2682
31 1511 2.35129
8 1512 2.39597
50 1514 2.41621
24 1515 2.45677
1 1516 2.4581
39 1517 2.46319
49 1518 2.48854
33 1519 2.49112
47 1520 2.50506
26 1522 2.59459
21 1524 2.61366
57 1525 2.61815
40 1526 2.64434
44 1527 2.69252
2 1529 2.72764
42 1530 2.78201
32 1532 2.81494
59 1533 2.87267
16 1535 2.92446
36 1536 2.93049
18 1537 2.95922
6 1538 2.96838
54 1539 2.98444
