0 1250
0 1251
0 1252
0 1253
0 1254
0 1255
0 1256
0 1257
0 1258
0 1259
0 1262
0 1264
0 1268
24 1263
0 1271
0 1273
0 1278
7 1274
0 1282
31 1276
0 1285
13 1261
0 1288
0 1290
0 1297
4 1281
1 1277
0 1300
0 1302
16 1291
19 1280
0 1309
8 1298
0 1313
28 1267
0 1316
12 1260
25 1303
0 1317
27 1279
0 1321
49 1320
35 1266
0 1326
0 1328
18 1315
47 1272
41 1287
0 1330
14 1329
36 1306
0 1331
33 1292
0 1332
0 1333
34 1323
3 1295
0 1334
0 1335
0 1336
6 1307
26 1319
0 1337
45 1299
0 1338
0 1339
38 1275
0 1340
29 1324
0 1341
0 1342
0 1343
0 1344
2 1318
0 1345
23 1269
0 1346
44 1265
5 1314
11 1294
0 1347
9 1296
0 1348
40 1293
10 1283
0 1349
50 1310
0 1350
0 1351
0 1352
0 1353
32 1327
0 1354
37 1308
48 1305
0 1355
43 1286
0 1356
0 1357
22 1270
0 1358
0 1359
0 1360
17 1312
0 1361
46 1289
0 1362
0 1363
0 1364
21 1322
0 1365
39 1304
30 1301
15 1284
0 1366
0 1367
0 1368
20 1311
0 1369
0 1370
42 1325
0 1371
0 1372
0 1373
0 1374
0 1375
0 1376
0 1377
0 1378
0 1379
0 1380
0 1381
0 1382
0 1383
0 1384
0 1385
0 1386
0 1387
0 1388
0 1389
0 1390
0 1391
0 1392
0 1393
0 1394
0 1395
0 1396
0 1397
0 1398
0 1399
0 1400
0 1401
0 1402
0 1403
0 1404
0 1405
0 1406
0 1407
0 1408
0 1409
0 1410
0 1411
0 1412
0 1413
0 1414
0 1415
0 1416
0 1417
0 1418
0 1419
0 1420
0 1421
0 1422
0 1423
0 1424
0 1425
0 1426
0 1427
0 1428
0 1429
0 1430
0 1431
0 1432
0 1433
0 1434
0 1435
0 1436
0 1437
0 1438
0 1439
0 1440
0 1441
0 1442
0 1443
0 1444
0 1445
0 1446
0 1447
0 1448
0 1449
