8 0.8 0.016 0.784
8 0.784 0.16 0.624
11 0.8 0.16 0.64
11 0.719782 0.016 0.703782
11 0.703782 0.16 0.543782
24 0.8 0.016 0.784
24 0.784 0.16 0.624
18 0.8 0.016 0.784
18 0.784 0.16 0.624
5 0.8 0.016 0.784
5 0.784 0.16 0.624
10 0.8 0.016 0.784
10 0.784 0.16 0.624
32 0.8 0.16 0.64
32 0.718129 0.016 0.702129
32 0.702129 0.16 0.542129
3 0.8 0.016 0.784
3 0.784 0.16 0.624
2 0.8 0.016 0.784
2 0.784 0.16 0.624
9 0.8 0.016 0.784
28 0.8 0.016 0.784
9 0.784 0.16 0.624
28 0.784 0.16 0.624
40 0.8 0.16 0.64
40 0.711004 0.016 0.695004
40 0.695004 0.16 0.535004
25 0.8 0.016 0.784
25 0.784 0.16 0.624
19 0.8 0.16 0.64
19 0.717696 0.016 0.701696
19 0.701696 0.16 0.541696
37 0.8 0.16 0.64
37 0.711374 0.016 0.695374
37 0.695374 0.16 0.535374
23 0.8 0.016 0.784
23 0.784 0.16 0.624
7 0.8 0.16 0.64
15 0.8 0.16 0.64
7 0.717703 0.016 0.701703
15 0.716202 0.016 0.700202
15 0.700202 0.16 0.540202
7 0.701703 0.16 0.541703
30 0.8 0.16 0.64
38 0.8 0.16 0.64
30 0.64 0.16 0.48
30 0.558537 0.016 0.542537
38 0.71791 0.016 0.70191
30 0.542537 0.16 0.382537
38 0.70191 0.16 0.54191
35 0.8 0.016 0.784
35 0.784 0.16 0.624
4 0.8 0.016 0.784
12 0.8 0.016 0.784
12 0.784 0.16 0.624
4 0.784 0.16 0.624
17 0.8 0.16 0.64
27 0.8 0.16 0.64
17 0.64 0.16 0.48
27 0.64 0.16 0.48
17 0.558916 0.016 0.542916
27 0.558807 0.016 0.542807
36 0.8 0.016 0.784
36 0.784 0.16 0.624
17 0.542916 0.16 0.382916
27 0.542807 0.16 0.382807
1 0.8 0.16 0.64
20 0.8 0.16 0.64
20 0.64 0.16 0.48
20 0.48 0.16 0.32
1 0.711815 0.016 0.695815
20 0.391193 0.016 0.375193
1 0.695815 0.16 0.535815
20 0.375193 0.16 0.215193
14 0.8 0.016 0.784
14 0.784 0.16 0.624
16 0.8 0.016 0.784
21 0.8 0.016 0.784
16 0.784 0.16 0.624
21 0.784 0.16 0.624
34 0.8 0.016 0.784
34 0.784 0.16 0.624
13 0.8 0.016 0.784
26 0.8 0.016 0.784
13 0.784 0.16 0.624
26 0.784 0.16 0.624
33 0.8 0.016 0.784
33 0.784 0.16 0.624
6 0.8 0.016 0.784
6 0.784 0.16 0.624
22 0.8 0.16 0.64
22 0.713833 0.016 0.697833
22 0.697833 0.16 0.537833
29 0.8 0.16 0.64
29 0.713531 0.016 0.697531
29 0.697531 0.16 0.537531
31 0.8 0.016 0.784
31 0.784 0.16 0.624
39 0.8 0.016 0.784
39 0.784 0.16 0.624
