7 2360 1.02321
67 2361 1.02589
69 2362 1.02591
26 2364 1.03804
48 2365 1.04868
10 2366 1.10303
27 2367 1.10578
55 2368 1.10932
16 2369 1.11316
28 2371 1.1267
56 2372 1.1564
96 2374 1.25047
32 2375 1.31012
97 2376 1.32597
74 2378 1.33847
34 2379 1.35412
66 2380 1.36767
49 2381 1.40745
39 2383 1.4271
77 2384 1.43955
8 2385 1.44139
12 2386 1.44844
3 2387 1.48135
92 2389 1.52658
47 2390 1.5462
24 2391 1.55167
98 2392 1.55281
29 2393 1.55519
94 2394 1.56358
71 2395 1.56611
5 2396 1.56719
70 2397 1.56926
82 2398 1.62229
86 2400 1.64547
68 2401 1.67037
4 2402 1.67895
42 2403 1.68191
60 2404 1.68613
54 2405 1.69749
36 2406 1.70924
11 2408 1.72895
63 2409 1.73258
57 2410 1.76547
91 2411 1.7677
59 2412 1.79489
80 2414 1.82836
83 2415 1.84259
62 2416 1.84735
38 2417 1.84818
45 2418 1.85164
6 2419 1.85547
90 2420 1.88014
64 2421 1.89981
35 2423 1.93646
100 2424 1.94933
51 2425 1.96755
40 2426 1.97436
79 2427 1.97663
87 2428 2.00232
21 2430 2.036
9 2431 2.05921
37 2432 2.07947
88 2433 2.12111
31 2435 2.13195
78 2436 2.13457
17 2437 2.13588
22 2438 2.14833
50 2439 2.15161
81 2440 2.18229
73 2441 2.22105
58 2443 2.22823
85 2444 2.25405
43 2445 2.28294
44 2446 2.32109
93 2448 2.33972
2 2449 2.3778
33 2450 2.41623
46 2451 2.42069
52 2453 2.50726
14 2455 2.52744
41 2456 2.59111
23 2457 2.6154
95 2459 2.64059
61 2460 2.66322
76 2461 2.67066
15 2462 2.70208
13 2463 2.72155
72 2465 2.74857
19 2466 2.75733
65 2467 2.76353
30 2468 2.7758
18 2469 2.78714
75 2470 2.79939
89 2471 2.81059
53 2473 2.8568
99 2474 2.89909
84 2475 2.90919
1 2476 2.91486
20 2478 2.95348
25 2479 2.98972
