68 2124 0 100 32671938 1.4686 1.4686
87 2120 0 100 32652610 1.6686 1.6686
10 2139 0 100 32679318 1.6686 1.6686
50 2149 0 100 32675512 1.7686 1.7686
79 2138 0 100 32633244 1.8686 1.8686
8 2135 0 100 32675442 1.9686 1.9686
18 2145 0 100 32673368 2.1686 2.1686
46 2150 0 100 32668806 2.4686 2.4686
88 2133 0 100 32682940 2.4686 2.4686
54 2173 0 100 32667570 2.5686 2.5686
38 2126 0 100 32655828 2.5686 2.5686
62 2175 0 100 32681676 2.5686 2.5686
31 2205 0 100 32660334 2.5686 2.5686
72 2190 0 100 32651520 2.6686 2.6686
25 2191 0 100 32675636 2.6686 2.6686
35 2215 0 100 32654110 2.7686 2.7686
60 2127 0 100 32649328 2.7686 2.7686
15 2129 0 100 32639664 2.7686 2.7686
82 2136 0 100 32673894 2.7686 2.7686
4 2151 0 100 32676496 2.8686 2.8686
9 2198 0 100 32666936 2.9686 2.9686
44 2192 0 100 32642218 3.0686 3.0686
45 2130 0 100 32654880 3.0686 3.0686
70 2193 0 100 32660880 3.1686 3.1686
78 2122 0 100 32673370 3.2686 3.2686
69 2164 0 100 32669814 3.2686 3.2686
71 2128 0 100 32681884 3.3686 3.3686
19 2184 0 100 32677820 3.3686 3.3686
81 2222 0 100 32652406 3.4686 3.4686
42 2210 0 100 32659648 3.4686 3.4686
26 2226 0 100 32658098 3.5686 3.5686
83 2202 0 100 32659446 3.6686 3.6686
5 2185 0 100 32641906 3.6686 3.6686
74 2160 0 100 32657944 3.7686 3.7686
51 2228 0 100 32648622 3.7686 3.7686
77 2143 0 100 32651092 4.0686 4.0686
76 2141 0 100 32651146 4.0686 4.0686
40 2187 0 100 32673582 4.0686 4.0686
22 2155 0 100 32647358 4.0686 4.0686
66 2125 0 100 32651754 4.1686 4.1686
48 2170 0 100 32676352 4.1686 4.1686
49 2181 0 100 32642482 4.2686 4.2686
85 2167 0 100 32640644 4.2686 4.2686
7 2140 0 100 32657022 4.3686 4.3686
30 2166 0 100 32625662 4.3686 4.3686
65 2199 0 100 32652830 4.4686 4.4686
16 2157 0 100 32650994 4.4686 4.4686
89 2156 0 100 32660270 4.4686 4.4686
1 2221 0 100 32669150 4.4686 4.4686
29 2229 0 100 32641812 4.5686 4.5686
14 2171 0 100 32662398 4.5686 4.5686
41 2132 0 100 32678742 4.5686 4.5686
6 2161 0 100 32650994 4.6686 4.6686
47 2168 0 100 32655390 4.7686 4.7686
3 2213 0 100 32677678 4.7686 4.7686
2 2177 0 100 32638136 4.7686 4.7686
58 2211 0 100 32661712 4.8686 4.8686
63 2165 0 100 32661256 4.9686 4.9686
90 2201 0 100 32633536 4.9686 4.9686
52 2218 0 100 32625246 5.0686 5.0686
34 2146 0 100 32655382 5.3686 5.3686
21 2162 0 100 32671642 5.5686 5.5686
61 2224 0 100 32672436 5.5686 5.5686
64 2176 0 100 32674758 5.6686 5.6686
55 2212 0 100 32645562 5.6686 5.6686
43 2223 0 100 32644832 5.6686 5.6686
17 2183 0 100 32653958 5.6686 5.6686
73 2209 0 100 32670428 5.7686 5.7686
59 2196 0 100 32645024 5.8686 5.8686
56 2207 0 100 32631196 5.9686 5.9686
86 2219 0 100 32681556 6.0686 6.0686
53 2204 0 100 32645412 6.1686 6.1686
24 2121 0 100 32642870 6.1686 6.1686
75 2142 0 100 32668166 6.4686 6.4686
23 2182 0 100 32656378 6.5686 6.5686
57 2172 0 100 32674536 6.6686 6.6686
84 2203 0 100 32657092 6.6686 6.6686
20 2225 0 100 32656486 6.8686 6.8686
80 2208 0 100 32633494 6.8686 6.8686
33 2186 0 100 32675378 7.1686 7.1686
12 2195 0 100 32642752 7.4686 7.4686
