51 1901 0 100 32671802 1.17511 1.17511
26 1917 0 100 32646452 1.67511 1.67511
47 1902 0 100 32647826 1.77511 1.77511
28 1890 0 100 32666648 1.77511 1.77511
45 1905 0 100 32655850 1.97511 1.97511
80 1893 0 100 32674990 1.97511 1.97511
67 1906 0 100 32640286 2.07511 2.07511
33 1894 0 100 32673838 2.17511 2.17511
23 1924 0 100 32678702 2.17511 2.17511
65 1900 0 100 32666552 2.27511 2.27511
77 1957 0 100 32680882 2.37511 2.37511
78 1910 0 100 32653794 2.47511 2.47511
46 1918 0 100 32669118 2.67511 2.67511
70 1926 0 100 32659576 2.77511 2.77511
76 1930 0 100 32655690 2.87511 2.87511
7 1952 0 100 32680766 2.97511 2.97511
68 1896 0 100 32676908 3.07511 3.07511
27 1973 0 100 32670212 3.07511 3.07511
54 1947 0 100 32651748 3.07511 3.07511
50 1899 0 100 32647720 3.17511 3.17511
15 1904 0 100 32659810 3.27511 3.27511
34 1988 0 100 32660810 3.27511 3.27511
73 1923 0 100 32682658 3.37511 3.37511
44 1955 0 100 32674344 3.37511 3.37511
10 1928 0 100 32651566 3.57511 3.57511
11 1927 0 100 32647342 3.57511 3.57511
29 1891 0 100 32675350 3.67511 3.67511
30 1975 0 100 32639302 3.77511 3.77511
53 1956 0 100 32628510 3.77511 3.77511
58 1911 0 100 32644844 3.87511 3.87511
79 1969 0 100 32658930 4.17511 4.17511
57 1944 0 100 32639556 4.17511 4.17511
20 1946 0 100 32637916 4.27511 4.27511
3 1986 0 100 32649058 4.27511 4.27511
63 1963 0 100 32660796 4.37511 4.37511
17 1931 0 100 32641384 4.57511 4.57511
16 1937 0 100 32662168 4.57511 4.57511
37 1964 0 100 32681362 4.57511 4.57511
22 1921 0 100 32653952 4.57511 4.57511
56 1943 0 100 32666588 4.57511 4.57511
64 1897 0 100 32675634 4.77511 4.77511
6 1892 0 100 32674508 4.77511 4.77511
25 1914 0 100 32619888 5.07511 5.07511
52 1982 0 100 32658474 5.37511 5.37511
12 1962 0 100 32628836 5.37511 5.37511
19 1989 0 100 32629162 5.57511 5.57511
38 1979 0 100 32675324 5.57511 5.57511
32 1907 0 100 32660654 5.57511 5.57511
5 1948 0 100 32673446 5.67511 5.67511
75 1976 0 100 32669644 5.67511 5.67511
55 1960 0 100 32675514 5.77511 5.77511
74 1898 0 100 32640564 5.87511 5.87511
61 1938 0 100 32665400 5.87511 5.87511
9 1932 0 100 32665730 5.97511 5.97511
4 1953 0 100 32663446 5.97511 5.97511
2 1912 0 100 32671586 5.97511 5.97511
48 1971 0 100 32643218 5.97511 5.97511
69 1941 0 100 32669462 6.07511 6.07511
42 1922 0 100 32640598 6.17511 6.17511
72 1942 0 100 32677522 6.17511 6.17511
41 1977 0 100 32648324 6.17511 6.17511
39 1950 0 100 32645700 6.17511 6.17511
14 1919 0 100 32651690 6.27511 6.27511
31 1935 0 100 32645876 6.47511 6.47511
71 1966 0 100 32654204 6.57511 6.57511
36 1984 0 100 32677740 6.77511 6.77511
18 1929 0 100 32653204 6.87511 6.87511
24 1980 0 100 32640516 6.87511 6.87511
43 1958 0 100 32665136 6.87511 6.87511
60 1949 0 100 32648868 6.97511 6.97511
66 1972 0 100 32670398 7.07511 7.07511
49 1981 0 100 32636354 7.27511 7.27511
59 1985 0 100 32677954 7.77511 7.77511
