24 1263 0 100 32666878 1.27101 1.27101
7 1274 0 100 32642450 1.57101 1.57101
31 1276 0 100 32670820 1.67101 1.67101
13 1261 0 100 32638850 1.77101 1.77101
4 1281 0 100 32660212 2.07101 2.07101
1 1277 0 100 32655420 2.07101 2.07101
16 1291 0 100 32655158 2.27101 2.27101
19 1280 0 100 32677156 2.27101 2.27101
8 1298 0 100 32677942 2.37101 2.37101
28 1267 0 100 32651226 2.47101 2.47101
12 1260 0 100 32675112 2.57101 2.57101
25 1303 0 100 32641934 2.57101 2.57101
27 1279 0 100 32672826 2.67101 2.67101
49 1320 0 100 32619502 2.77101 2.77101
35 1266 0 100 32661810 2.77101 2.77101
18 1315 0 100 32658790 2.97101 2.97101
47 1272 0 100 32665106 2.97101 2.97101
41 1287 0 100 32678206 2.97101 2.97101
14 1329 0 100 32647486 3.07101 3.07101
36 1306 0 100 32657168 3.07101 3.07101
33 1292 0 100 32680096 3.17101 3.17101
34 1323 0 100 32651254 3.37101 3.37101
3 1295 0 100 32632672 3.37101 3.37101
6 1307 0 100 32674772 3.67101 3.67101
26 1319 0 100 32673958 3.67101 3.67101
45 1299 0 100 32671860 3.77101 3.77101
38 1275 0 100 32674798 3.97101 3.97101
29 1324 0 100 32680770 4.07101 4.07101
2 1318 0 100 32676316 4.47101 4.47101
23 1269 0 100 32645664 4.57101 4.57101
44 1265 0 100 32642294 4.67101 4.67101
11 1294 0 100 32662536 4.67101 4.67101
9 1296 0 100 32657086 4.77101 4.77101
40 1293 0 100 32638612 4.87101 4.87101
10 1283 0 100 32651104 4.87101 4.87101
50 1310 0 100 32673056 4.97101 4.97101
32 1327 0 100 32662114 5.37101 5.37101
37 1308 0 100 32649692 5.47101 5.47101
48 1305 0 100 32646438 5.47101 5.47101
43 1286 0 100 32662814 5.57101 5.57101
22 1270 0 100 32676556 5.77101 5.77101
17 1312 0 100 32652256 6.07101 6.07101
46 1289 0 100 32649072 6.17101 6.17101
21 1322 0 100 32658102 6.47101 6.47101
39 1304 0 100 32673346 6.57101 6.57101
30 1301 0 100 32672774 6.57101 6.57101
15 1284 0 100 32663868 6.57101 6.57101
20 1311 0 100 32645398 6.87101 6.87101
42 1325 0 100 32644382 7.07101 7.07101
