0 2350
0 2351
0 2352
0 2353
0 2354
0 2355
0 2356
0 2357
0 2358
0 2359
0 2363
0 2370
0 2373
16 2369
0 2377
0 2382
66 2380
0 2388
26 2364
0 2399
77 2384
0 2407
0 2413
49 2381
32 2375
0 2422
48 2365
0 2429
0 2434
27 2367
0 2442
4 2402
0 2447
51 2425
3 2387
0 2452
87 2428
37 2432
29 2393
67 2361
0 2454
35 2423
0 2458
92 2389
0 2464
17 2437
40 2426
0 2472
18 2469
44 2446
57 2410
74 2378
10 2366
0 2477
96 2374
0 2480
31 2435
76 2461
82 2398
0 2481
15 2462
0 2482
2 2449
21 2430
0 2483
7 2360
61 2460
39 2383
0 2484
75 2470
0 2485
78 2436
0 2486
46 2451
0 2487
68 2401
33 2450
9 2431
45 2418
19 2466
0 2488
65 2467
81 2440
100 2424
24 2391
0 2489
85 2444
0 2490
0 2491
14 2455
30 2468
0 2492
95 2459
0 2493
73 2441
8 2385
55 2368
0 2494
6 2419
0 2495
69 2362
0 2496
97 2376
1 2476
0 2497
0 2498
25 2479
59 2412
0 2499
47 2390
58 2443
63 2409
11 2408
0 2500
0 2501
0 2502
0 2503
99 2474
64 2421
41 2456
83 2415
0 2504
23 2457
52 2453
70 2397
0 2505
71 2395
43 2445
60 2404
0 2506
72 2465
38 2417
36 2406
0 2507
0 2508
94 2394
91 2411
0 2509
34 2379
5 2396
50 2439
42 2403
0 2510
80 2414
28 2371
0 2511
88 2433
54 2405
56 2372
0 2512
22 2438
90 2420
93 2448
0 2513
79 2427
62 2416
0 2514
0 2515
12 2386
20 2478
0 2516
86 2400
98 2392
0 2517
0 2518
0 2519
13 2463
0 2520
0 2521
0 2522
0 2523
89 2471
0 2524
53 2473
0 2525
0 2526
0 2527
84 2475
0 2528
0 2529
0 2530
0 2531
0 2532
0 2533
0 2534
0 2535
0 2536
0 2537
0 2538
0 2539
0 2540
0 2541
0 2542
0 2543
0 2544
0 2545
0 2546
0 2547
0 2548
0 2549
0 2550
0 2551
0 2552
0 2553
0 2554
0 2555
0 2556
0 2557
0 2558
0 2559
0 2560
0 2561
0 2562
0 2563
0 2564
0 2565
0 2566
0 2567
0 2568
0 2569
0 2570
0 2571
0 2572
0 2573
0 2574
0 2575
0 2576
0 2577
0 2578
0 2579
0 2580
0 2581
0 2582
0 2583
0 2584
0 2585
0 2586
0 2587
0 2588
0 2589
0 2590
0 2591
0 2592
0 2593
0 2594
0 2595
0 2596
0 2597
0 2598
0 2599
