68 0.8 0.016 0.784
68 0.784 0.16 0.624
87 0.8 0.16 0.64
10 0.8 0.016 0.784
87 0.795004 0.016 0.779004
87 0.779004 0.16 0.619004
10 0.784 0.16 0.624
50 0.8 0.16 0.64
79 0.8 0.16 0.64
50 0.713087 0.016 0.697087
50 0.697087 0.16 0.537087
79 0.715657 0.16 0.555657
79 0.635352 0.016 0.619352
79 0.619352 0.16 0.459352
8 0.8 0.016 0.784
8 0.784 0.16 0.624
18 0.8 0.016 0.784
18 0.784 0.16 0.624
46 0.8 0.016 0.784
88 0.8 0.016 0.784
46 0.784 0.16 0.624
88 0.784 0.16 0.624
27 0.8 0.16 0.64
38 0.8 0.16 0.64
54 0.8 0.16 0.64
62 0.8 0.16 0.64
27 0.64 0.16 0.48
38 0.64 0.16 0.48
54 0.64 0.16 0.48
62 0.64 0.16 0.48
27 0.556449 0.016 0.540449
31 0.8 0.016 0.784
38 0.554099 0.016 0.538099
54 0.551543 0.016 0.535543
62 0.550669 0.016 0.534669
27 0.540449 0.16 0.380449
54 0.535543 0.16 0.375543
38 0.538099 0.16 0.378099
62 0.534669 0.16 0.374669
31 0.784 0.16 0.624
72 0.8 0.16 0.64
25 0.8 0.16 0.64
72 0.64 0.16 0.48
15 0.8 0.16 0.64
25 0.64 0.16 0.48
60 0.8 0.16 0.64
72 0.48 0.16 0.32
25 0.558536 0.016 0.542536
72 0.392495 0.016 0.376495
72 0.376495 0.16 0.216495
25 0.542536 0.16 0.382536
15 0.710066 0.16 0.550066
60 0.717084 0.16 0.557084
15 0.550066 0.16 0.390066
60 0.557084 0.16 0.397084
82 0.8 0.16 0.64
15 0.462661 0.016 0.446661
35 0.8 0.016 0.784
60 0.474103 0.016 0.458103
82 0.719051 0.016 0.703051
35 0.784 0.16 0.624
60 0.458103 0.16 0.298103
15 0.446661 0.16 0.286661
82 0.703051 0.16 0.543051
9 0.8 0.16 0.64
4 0.8 0.016 0.784
4 0.784 0.16 0.624
9 0.715278 0.16 0.555278
9 0.630885 0.016 0.614885
9 0.614885 0.16 0.454885
44 0.8 0.016 0.784
45 0.8 0.016 0.784
44 0.784 0.16 0.624
45 0.784 0.16 0.624
70 0.8 0.16 0.64
70 0.714789 0.016 0.698789
70 0.698789 0.16 0.538789
69 0.8 0.16 0.64
78 0.8 0.16 0.64
69 0.716859 0.016 0.700859
78 0.715017 0.016 0.699017
78 0.699017 0.16 0.539017
69 0.700859 0.16 0.540859
19 0.8 0.16 0.64
37 0.8 0.16 0.64
71 0.8 0.16 0.64
19 0.64 0.16 0.48
37 0.64 0.16 0.48
71 0.64 0.16 0.48
19 0.5581 0.016 0.5421
37 0.557359 0.016 0.541359
71 0.556095 0.016 0.540095
37 0.541359 0.16 0.381359
71 0.540095 0.16 0.380095
19 0.5421 0.16 0.3821
42 0.8 0.16 0.64
81 0.8 0.16 0.64
42 0.64 0.16 0.48
81 0.64 0.16 0.48
42 0.552492 0.016 0.536492
81 0.558374 0.016 0.542374
81 0.542374 0.16 0.382374
42 0.536492 0.16 0.376492
26 0.8 0.16 0.64
26 0.64 0.16 0.48
26 0.558263 0.016 0.542263
26 0.542263 0.16 0.382263
83 0.8 0.16 0.64
5 0.8 0.016 0.784
32 0.8 0.016 0.784
83 0.71564 0.016 0.69964
32 0.784 0.16 0.624
83 0.69964 0.16 0.53964
5 0.784 0.16 0.624
74 0.8 0.16 0.64
51 0.8 0.16 0.64
51 0.64 0.16 0.48
74 0.64 0.16 0.48
51 0.558382 0.016 0.542382
74 0.554631 0.016 0.538631
74 0.538631 0.16 0.378631
51 0.542382 0.16 0.382382
22 0.8 0.016 0.784
36 0.8 0.016 0.784
40 0.8 0.016 0.784
76 0.8 0.016 0.784
77 0.8 0.016 0.784
36 0.784 0.16 0.624
77 0.784 0.16 0.624
76 0.784 0.16 0.624
40 0.784 0.16 0.624
22 0.784 0.16 0.624
48 0.8 0.16 0.64
49 0.8 0.16 0.64
66 0.8 0.16 0.64
66 0.64 0.16 0.48
48 0.715129 0.016 0.699129
66 0.55403 0.016 0.53803
66 0.53803 0.16 0.37803
48 0.699129 0.16 0.539129
39 0.8 0.16 0.64
49 0.711202 0.16 0.551202
85 0.8 0.16 0.64
39 0.64 0.16 0.48
49 0.551202 0.16 0.391202
85 0.64 0.16 0.48
39 0.556201 0.016 0.540201
49 0.466649 0.016 0.450649
85 0.556048 0.016 0.540048
49 0.450649 0.16 0.290649
39 0.540201 0.16 0.380201
85 0.540048 0.16 0.380048
30 0.8 0.16 0.64
7 0.8 0.16 0.64
30 0.64 0.16 0.48
7 0.7143 0.016 0.6983
30 0.554057 0.016 0.538057
7 0.6983 0.16 0.5383
30 0.538057 0.16 0.378057
1 0.8 0.16 0.64
16 0.8 0.16 0.64
65 0.8 0.16 0.64
89 0.8 0.16 0.64
1 0.719601 0.016 0.703601
13 0.8 0.016 0.784
16 0.716545 0.016 0.700545
65 0.714522 0.016 0.698522
89 0.711131 0.016 0.695131
65 0.698522 0.16 0.538522
13 0.784 0.16 0.624
16 0.700545 0.16 0.540545
89 0.695131 0.16 0.535131
1 0.703601 0.16 0.543601
14 0.8 0.16 0.64
29 0.8 0.16 0.64
41 0.8 0.16 0.64
14 0.64 0.16 0.48
29 0.64 0.16 0.48
29 0.48 0.16 0.32
14 0.48 0.16 0.32
29 0.32 0.16 0.16
41 0.64 0.16 0.48
14 0.394291 0.016 0.378291
29 0.238746 0.016 0.222746
41 0.55047 0.016 0.53447
29 0.222746 0.16 0.0627461
14 0.378291 0.16 0.218291
41 0.53447 0.16 0.37447
6 0.8 0.16 0.64
6 0.64 0.16 0.48
6 0.48 0.16 0.32
47 0.8 0.16 0.64
6 0.39816 0.016 0.38216
6 0.38216 0.16 0.22216
47 0.711314 0.16 0.551314
2 0.8 0.016 0.784
3 0.8 0.016 0.784
47 0.626636 0.016 0.610636
47 0.610636 0.16 0.450636
3 0.784 0.16 0.624
2 0.784 0.16 0.624
28 0.8 0.16 0.64
58 0.8 0.16 0.64
28 0.64 0.16 0.48
58 0.64 0.16 0.48
28 0.557254 0.016 0.541254
58 0.552326 0.016 0.536326
28 0.541254 0.16 0.381254
58 0.536326 0.16 0.376326
63 0.8 0.16 0.64
67 0.8 0.16 0.64
90 0.8 0.16 0.64
63 0.710989 0.016 0.694989
67 0.716435 0.016 0.700435
90 0.719783 0.016 0.703783
63 0.694989 0.16 0.534989
67 0.700435 0.16 0.540435
90 0.703783 0.16 0.543783
52 0.8 0.16 0.64
52 0.64 0.16 0.48
52 0.552528 0.016 0.536528
52 0.536528 0.16 0.376528
34 0.8 0.016 0.784
34 0.784 0.16 0.624
11 0.8 0.016 0.784
21 0.8 0.016 0.784
61 0.8 0.016 0.784
11 0.784 0.16 0.624
21 0.784 0.16 0.624
61 0.784 0.16 0.624
17 0.8 0.16 0.64
43 0.8 0.16 0.64
55 0.8 0.16 0.64
64 0.8 0.16 0.64
17 0.64 0.16 0.48
43 0.64 0.16 0.48
55 0.64 0.16 0.48
64 0.64 0.16 0.48
17 0.557882 0.016 0.541882
43 0.554527 0.016 0.538527
55 0.557347 0.016 0.541347
64 0.552198 0.016 0.536198
64 0.536198 0.16 0.376198
55 0.541347 0.16 0.381347
43 0.538527 0.16 0.378527
17 0.541882 0.16 0.381882
73 0.8 0.016 0.784
73 0.784 0.16 0.624
59 0.8 0.16 0.64
59 0.714293 0.016 0.698293
59 0.698293 0.16 0.538293
56 0.8 0.16 0.64
56 0.712801 0.016 0.696801
56 0.696801 0.16 0.536801
86 0.8 0.016 0.784
86 0.784 0.16 0.624
24 0.8 0.16 0.64
53 0.8 0.16 0.64
24 0.718707 0.016 0.702707
53 0.718302 0.016 0.702302
53 0.702302 0.16 0.542302
24 0.702707 0.16 0.542707
75 0.8 0.016 0.784
75 0.784 0.16 0.624
23 0.8 0.16 0.64
23 0.717808 0.016 0.701808
23 0.701808 0.16 0.541808
57 0.8 0.016 0.784
84 0.8 0.016 0.784
57 0.784 0.16 0.624
84 0.784 0.16 0.624
20 0.8 0.016 0.784
80 0.8 0.016 0.784
20 0.784 0.16 0.624
80 0.784 0.16 0.624
33 0.8 0.016 0.784
33 0.784 0.16 0.624
12 0.8 0.016 0.784
12 0.784 0.16 0.624
