0 1880
0 1881
0 1882
0 1883
0 1884
0 1885
0 1886
0 1887
0 1888
0 1889
0 1895
0 1903
51 1901
0 1908
0 1913
0 1915
0 1920
0 1925
26 1917
0 1933
47 1902
28 1890
0 1936
0 1939
45 1905
80 1893
0 1945
67 1906
0 1951
33 1894
23 1924
0 1954
65 1900
0 1959
77 1957
0 1968
78 1910
0 1970
0 1974
46 1918
0 1978
70 1926
0 1983
76 1930
0 1987
7 1952
0 1990
68 1896
27 1973
54 1947
0 1991
50 1899
0 1992
15 1904
34 1988
0 1993
8 1934
73 1923
44 1955
0 1994
0 1995
10 1928
11 1927
0 1996
29 1891
0 1997
30 1975
35 1961
53 1956
0 1998
58 1911
0 1999
0 2000
0 2001
79 1969
57 1944
0 2002
20 1946
3 1986
0 2003
63 1963
0 2004
0 2005
17 1931
16 1937
13 1967
37 1964
22 1921
56 1943
0 2006
0 2007
64 1897
1 1965
6 1892
0 2008
0 2009
0 2010
25 1914
0 2011
62 1916
0 2012
62 1916
0 2013
52 1982
12 1962
0 2014
0 2015
19 1989
38 1979
32 1907
0 2016
5 1948
75 1976
0 2017
55 1960
0 2018
74 1898
61 1938
0 2019
9 1932
4 1953
2 1912
48 1971
0 2020
69 1941
0 2021
42 1922
40 1940
72 1942
41 1977
39 1950
0 2022
14 1919
0 2023
0 2024
21 1909
31 1935
0 2025
71 1966
0 2026
0 2027
36 1984
0 2028
18 1929
24 1980
43 1958
0 2029
60 1949
0 2030
66 1972
0 2031
0 2032
49 1981
0 2033
0 2034
0 2035
0 2036
0 2037
59 1985
0 2038
0 2039
0 2040
0 2041
0 2042
0 2043
0 2044
0 2045
0 2046
0 2047
0 2048
0 2049
0 2050
0 2051
0 2052
0 2053
0 2054
0 2055
0 2056
0 2057
0 2058
0 2059
0 2060
0 2061
0 2062
0 2063
0 2064
0 2065
0 2066
0 2067
0 2068
0 2069
0 2070
0 2071
0 2072
0 2073
0 2074
0 2075
0 2076
0 2077
0 2078
0 2079
0 2080
0 2081
0 2082
0 2083
0 2084
0 2085
0 2086
0 2087
0 2088
0 2089
0 2090
0 2091
0 2092
0 2093
0 2094
0 2095
0 2096
0 2097
0 2098
0 2099
0 2100
0 2101
0 2102
0 2103
0 2104
0 2105
0 2106
0 2107
0 2108
0 2109
