50 0.8 0.016 0.784
50 0.784 0.16 0.624
22 0.8 0.016 0.784
31 0.8 0.016 0.784
52 0.8 0.016 0.784
22 0.784 0.16 0.624
31 0.784 0.16 0.624
52 0.784 0.16 0.624
16 0.8 0.016 0.784
56 0.8 0.016 0.784
16 0.784 0.16 0.624
56 0.784 0.16 0.624
21 0.8 0.16 0.64
63 0.8 0.16 0.64
21 0.64 0.16 0.48
21 0.55593 0.016 0.53993
63 0.716437 0.016 0.700437
63 0.700437 0.16 0.540437
21 0.53993 0.16 0.37993
34 0.8 0.16 0.64
69 0.8 0.16 0.64
69 0.64 0.16 0.48
34 0.710765 0.016 0.694765
69 0.55984 0.016 0.54384
34 0.694765 0.16 0.534765
69 0.54384 0.16 0.38384
18 0.8 0.016 0.784
47 0.8 0.016 0.784
18 0.784 0.16 0.624
47 0.784 0.16 0.624
7 0.8 0.16 0.64
23 0.8 0.16 0.64
7 0.64 0.16 0.48
23 0.64 0.16 0.48
7 0.554648 0.016 0.538648
23 0.556593 0.016 0.540593
7 0.538648 0.16 0.378648
23 0.540593 0.16 0.380593
57 0.8 0.016 0.784
57 0.784 0.16 0.624
37 0.8 0.16 0.64
37 0.715708 0.016 0.699708
37 0.699708 0.16 0.539708
62 0.8 0.016 0.784
62 0.784 0.16 0.624
24 0.8 0.16 0.64
70 0.8 0.16 0.64
24 0.719191 0.016 0.703191
70 0.714488 0.016 0.698488
70 0.698488 0.16 0.538488
24 0.703191 0.16 0.543191
46 0.8 0.016 0.784
46 0.784 0.16 0.624
27 0.8 0.16 0.64
44 0.8 0.16 0.64
49 0.8 0.16 0.64
27 0.718575 0.016 0.702575
44 0.716562 0.016 0.700562
49 0.718283 0.016 0.702283
27 0.702575 0.16 0.542575
49 0.702283 0.16 0.542283
44 0.700562 0.16 0.540562
12 0.8 0.16 0.64
51 0.8 0.16 0.64
12 0.64 0.16 0.48
51 0.64 0.16 0.48
51 0.48 0.16 0.32
12 0.556032 0.016 0.540032
51 0.39753 0.016 0.38153
51 0.38153 0.16 0.22153
12 0.540032 0.16 0.380032
42 0.8 0.16 0.64
42 0.64 0.16 0.48
42 0.550119 0.016 0.534119
42 0.534119 0.16 0.374119
9 0.8 0.16 0.64
55 0.8 0.16 0.64
9 0.713177 0.016 0.697177
55 0.711232 0.016 0.695232
9 0.697177 0.16 0.537177
55 0.695232 0.16 0.535232
4 0.8 0.16 0.64
13 0.8 0.16 0.64
4 0.64 0.16 0.48
13 0.64 0.16 0.48
4 0.552457 0.016 0.536457
13 0.554832 0.016 0.538832
4 0.536457 0.16 0.376457
13 0.538832 0.16 0.378832
6 0.8 0.016 0.784
68 0.8 0.016 0.784
68 0.784 0.16 0.624
6 0.784 0.16 0.624
25 0.8 0.016 0.784
25 0.784 0.16 0.624
1 0.8 0.16 0.64
14 0.8 0.16 0.64
26 0.8 0.16 0.64
36 0.8 0.16 0.64
1 0.718179 0.016 0.702179
14 0.719393 0.016 0.703393
26 0.717461 0.016 0.701461
36 0.719054 0.016 0.703054
36 0.703054 0.16 0.543054
1 0.702179 0.16 0.542179
26 0.701461 0.16 0.541461
14 0.703393 0.16 0.543393
40 0.8 0.16 0.64
40 0.64 0.16 0.48
40 0.556401 0.016 0.540401
40 0.540401 0.16 0.380401
28 0.8 0.16 0.64
61 0.8 0.16 0.64
28 0.719107 0.016 0.703107
61 0.712057 0.016 0.696057
28 0.703107 0.16 0.543107
61 0.696057 0.16 0.536057
10 0.8 0.16 0.64
10 0.714175 0.016 0.698175
10 0.698175 0.16 0.538175
5 0.8 0.016 0.784
32 0.8 0.016 0.784
32 0.784 0.16 0.624
5 0.784 0.16 0.624
65 0.8 0.016 0.784
65 0.784 0.16 0.624
45 0.8 0.016 0.784
45 0.784 0.16 0.624
15 0.8 0.16 0.64
33 0.8 0.16 0.64
15 0.713476 0.016 0.697476
33 0.716944 0.016 0.700944
15 0.697476 0.16 0.537476
33 0.700944 0.16 0.540944
41 0.8 0.016 0.784
41 0.784 0.16 0.624
38 0.8 0.016 0.784
54 0.8 0.016 0.784
38 0.784 0.16 0.624
54 0.784 0.16 0.624
30 0.8 0.16 0.64
58 0.8 0.16 0.64
59 0.8 0.16 0.64
30 0.64 0.16 0.48
58 0.64 0.16 0.48
59 0.64 0.16 0.48
30 0.556819 0.016 0.540819
58 0.551726 0.016 0.535726
59 0.554467 0.016 0.538467
30 0.540819 0.16 0.380819
58 0.535726 0.16 0.375726
59 0.538467 0.16 0.378467
35 0.8 0.016 0.784
35 0.784 0.16 0.624
43 0.8 0.16 0.64
43 0.710502 0.016 0.694502
43 0.694502 0.16 0.534502
19 0.8 0.016 0.784
66 0.8 0.016 0.784
66 0.784 0.16 0.624
19 0.784 0.16 0.624
39 0.8 0.016 0.784
39 0.784 0.16 0.624
8 0.8 0.016 0.784
8 0.784 0.16 0.624
2 0.8 0.016 0.784
11 0.8 0.016 0.784
29 0.8 0.016 0.784
2 0.784 0.16 0.624
29 0.784 0.16 0.624
11 0.784 0.16 0.624
20 0.8 0.16 0.64
3 0.8 0.16 0.64
20 0.64 0.16 0.48
20 0.48 0.16 0.32
3 0.713666 0.016 0.697666
20 0.394899 0.016 0.378899
20 0.378899 0.16 0.218899
3 0.697666 0.16 0.537666
60 0.8 0.016 0.784
60 0.784 0.16 0.624
64 0.8 0.16 0.64
67 0.8 0.16 0.64
64 0.716068 0.016 0.700068
67 0.712764 0.016 0.696764
67 0.696764 0.16 0.536764
64 0.700068 0.16 0.540068
48 0.8 0.016 0.784
48 0.784 0.16 0.624
53 0.8 0.016 0.784
53 0.784 0.16 0.624
17 0.8 0.016 0.784
17 0.784 0.16 0.624
