0 1660
0 1661
0 1662
0 1663
0 1664
0 1665
0 1666
0 1667
0 1668
0 1669
0 1674
0 1677
0 1682
0 1688
0 1694
0 1696
50 1695
0 1700
0 1701
22 1679
31 1684
52 1683
0 1703
0 1711
0 1714
0 1719
16 1690
56 1706
0 1727
63 1710
21 1672
0 1732
34 1685
69 1676
0 1736
0 1738
18 1697
47 1670
0 1743
7 1698
23 1729
0 1746
57 1699
0 1751
37 1744
0 1756
62 1754
0 1760
70 1752
24 1745
0 1761
46 1692
0 1762
27 1748
49 1753
44 1747
0 1763
51 1704
12 1708
0 1764
42 1671
0 1765
9 1691
55 1702
0 1766
4 1759
13 1681
0 1767
0 1768
0 1769
68 1731
6 1742
0 1770
25 1686
0 1771
36 1687
1 1689
26 1726
14 1723
0 1772
40 1757
0 1773
28 1680
61 1728
0 1774
10 1705
0 1775
0 1776
0 1777
32 1715
5 1733
0 1778
65 1709
0 1779
45 1693
0 1780
15 1707
33 1734
0 1781
0 1782
0 1783
0 1784
41 1758
0 1785
38 1741
54 1725
0 1786
30 1673
58 1678
59 1716
0 1787
0 1788
0 1789
35 1720
0 1790
43 1675
0 1791
66 1735
19 1717
0 1792
0 1793
39 1724
0 1794
8 1730
0 1795
0 1796
2 1750
29 1718
11 1712
0 1797
20 1749
3 1740
0 1798
0 1799
60 1737
0 1800
67 1721
64 1713
0 1801
48 1722
0 1802
0 1803
53 1755
0 1804
0 1805
0 1806
17 1739
0 1807
0 1808
0 1809
0 1810
0 1811
0 1812
0 1813
0 1814
0 1815
0 1816
0 1817
0 1818
0 1819
0 1820
0 1821
0 1822
0 1823
0 1824
0 1825
0 1826
0 1827
0 1828
0 1829
0 1830
0 1831
0 1832
0 1833
0 1834
0 1835
0 1836
0 1837
0 1838
0 1839
0 1840
0 1841
0 1842
0 1843
0 1844
0 1845
0 1846
0 1847
0 1848
0 1849
0 1850
0 1851
0 1852
0 1853
0 1854
0 1855
0 1856
0 1857
0 1858
0 1859
0 1860
0 1861
0 1862
0 1863
0 1864
0 1865
0 1866
0 1867
0 1868
0 1869
0 1870
0 1871
0 1872
0 1873
0 1874
0 1875
0 1876
0 1877
0 1878
0 1879
