50 1695 0 100 32633584 1.55405 1.55405
22 1679 0 100 32659436 1.75405 1.75405
52 1683 0 100 32663046 1.75405 1.75405
16 1690 0 100 32647716 2.15405 2.15405
56 1706 0 100 32667918 2.15405 2.15405
63 1710 0 100 32643118 2.25405 2.25405
21 1672 0 100 32644282 2.25405 2.25405
34 1685 0 100 32659296 2.35405 2.35405
69 1676 0 100 32636950 2.35405 2.35405
18 1697 0 100 32671000 2.55405 2.55405
47 1670 0 100 32650416 2.55405 2.55405
23 1729 0 100 32639750 2.65405 2.65405
57 1699 0 100 32676532 2.75405 2.75405
37 1744 0 100 32679942 2.85405 2.85405
62 1754 0 100 32670290 2.95405 2.95405
70 1752 0 100 32664430 3.05405 3.05405
24 1745 0 100 32626988 3.05405 3.05405
46 1692 0 100 32663328 3.15405 3.15405
27 1748 0 100 32673418 3.25405 3.25405
49 1753 0 100 32670136 3.25405 3.25405
44 1747 0 100 32642296 3.25405 3.25405
51 1704 0 100 32662826 3.35405 3.35405
12 1708 0 100 32674484 3.35405 3.35405
42 1671 0 100 32658692 3.45405 3.45405
9 1691 0 100 32643292 3.55405 3.55405
55 1702 0 100 32649684 3.55405 3.55405
13 1681 0 100 32645818 3.65405 3.65405
68 1731 0 100 32635230 3.95405 3.95405
6 1742 0 100 32636344 3.95405 3.95405
25 1686 0 100 32661078 4.05405 4.05405
36 1687 0 100 32678118 4.15405 4.15405
1 1689 0 100 32671320 4.15405 4.15405
26 1726 0 100 32653334 4.15405 4.15405
14 1723 0 100 32637036 4.15405 4.15405
40 1757 0 100 32635906 4.25405 4.25405
28 1680 0 100 32643548 4.35405 4.35405
61 1728 0 100 32631904 4.35405 4.35405
10 1705 0 100 32657174 4.45405 4.45405
32 1715 0 100 32661746 4.75405 4.75405
5 1733 0 100 32658488 4.75405 4.75405
65 1709 0 100 32667816 4.85405 4.85405
45 1693 0 100 32677590 4.95405 4.95405
15 1707 0 100 32637428 5.05405 5.05405
33 1734 0 100 32644696 5.05405 5.05405
41 1758 0 100 32657056 5.45405 5.45405
38 1741 0 100 32674296 5.55405 5.55405
54 1725 0 100 32664390 5.55405 5.55405
58 1678 0 100 32650194 5.65405 5.65405
59 1716 0 100 32645500 5.65405 5.65405
35 1720 0 100 32666894 5.95405 5.95405
43 1675 0 100 32637794 6.05405 6.05405
66 1735 0 100 32655936 6.15405 6.15405
19 1717 0 100 32678132 6.15405 6.15405
39 1724 0 100 32661046 6.35405 6.35405
8 1730 0 100 32677854 6.45405 6.45405
2 1750 0 100 32648868 6.65405 6.65405
29 1718 0 100 32678806 6.65405 6.65405
11 1712 0 100 32657744 6.65405 6.65405
20 1749 0 100 32656170 6.75405 6.75405
3 1740 0 100 32654022 6.75405 6.75405
60 1737 0 100 32647868 6.95405 6.95405
67 1721 0 100 32658252 7.05405 7.05405
64 1713 0 100 32634814 7.05405 7.05405
48 1722 0 100 32658060 7.15405 7.15405
53 1755 0 100 32653024 7.35405 7.35405
17 1739 0 100 32653710 7.65405 7.65405
