0 2110
0 2111
0 2112
0 2113
0 2114
0 2115
0 2116
0 2117
0 2118
0 2119
0 2123
0 2131
0 2134
0 2137
0 2144
68 2124
0 2148
0 2154
87 2120
10 2139
0 2159
50 2149
0 2163
79 2138
0 2169
8 2135
0 2174
0 2178
18 2145
0 2188
0 2194
0 2200
46 2150
88 2133
0 2206
27 2153
54 2173
38 2126
62 2175
31 2205
0 2214
72 2190
25 2191
0 2217
35 2215
60 2127
15 2129
82 2136
0 2220
4 2151
0 2227
9 2198
0 2230
44 2192
45 2130
0 2231
70 2193
0 2232
78 2122
69 2164
0 2233
37 2216
71 2128
19 2184
0 2234
81 2222
42 2210
0 2235
26 2226
0 2236
32 2189
83 2202
5 2185
0 2237
74 2160
51 2228
0 2238
0 2239
0 2240
36 2179
77 2143
76 2141
40 2187
22 2155
0 2241
66 2125
48 2170
0 2242
49 2181
39 2152
85 2167
0 2243
7 2140
30 2166
0 2244
65 2199
13 2180
16 2157
89 2156
1 2221
0 2245
29 2229
14 2171
41 2132
0 2246
6 2161
0 2247
47 2168
3 2213
2 2177
0 2248
28 2158
58 2211
0 2249
63 2165
67 2197
90 2201
0 2250
52 2218
0 2251
0 2252
0 2253
34 2146
0 2254
0 2255
11 2147
21 2162
61 2224
0 2256
64 2176
55 2212
43 2223
17 2183
0 2257
73 2209
0 2258
59 2196
0 2259
56 2207
0 2260
86 2219
0 2261
53 2204
24 2121
0 2262
0 2263
0 2264
75 2142
0 2265
23 2182
0 2266
57 2172
84 2203
0 2267
0 2268
20 2225
80 2208
0 2269
0 2270
0 2271
33 2186
0 2272
0 2273
0 2274
12 2195
0 2275
0 2276
0 2277
0 2278
0 2279
0 2280
0 2281
0 2282
0 2283
0 2284
0 2285
0 2286
0 2287
0 2288
0 2289
0 2290
0 2291
0 2292
0 2293
0 2294
0 2295
0 2296
0 2297
0 2298
0 2299
0 2300
0 2301
0 2302
0 2303
0 2304
0 2305
0 2306
0 2307
0 2308
0 2309
0 2310
0 2311
0 2312
0 2313
0 2314
0 2315
0 2316
0 2317
0 2318
0 2319
0 2320
0 2321
0 2322
0 2323
0 2324
0 2325
0 2326
0 2327
0 2328
0 2329
0 2330
0 2331
0 2332
0 2333
0 2334
0 2335
0 2336
0 2337
0 2338
0 2339
0 2340
0 2341
0 2342
0 2343
0 2344
0 2345
0 2346
0 2347
0 2348
0 2349
