45 0.8 0.016 0.784
45 0.784 0.16 0.624
13 0.8 0.016 0.784
13 0.784 0.16 0.624
46 0.8 0.016 0.784
46 0.784 0.16 0.624
28 0.8 0.016 0.784
31 0.8 0.016 0.784
43 0.8 0.016 0.784
31 0.784 0.16 0.624
43 0.784 0.16 0.624
28 0.784 0.16 0.624
24 0.8 0.16 0.64
24 0.714933 0.016 0.698933
24 0.698933 0.16 0.538933
42 0.8 0.16 0.64
42 0.715539 0.016 0.699539
42 0.699539 0.16 0.539539
23 0.8 0.016 0.784
23 0.784 0.16 0.624
30 0.8 0.16 0.64
30 0.713555 0.016 0.697555
30 0.697555 0.16 0.537555
6 0.8 0.016 0.784
6 0.784 0.16 0.624
48 0.8 0.016 0.784
48 0.784 0.16 0.624
7 0.8 0.16 0.64
25 0.8 0.16 0.64
41 0.8 0.16 0.64
59 0.8 0.16 0.64
7 0.715869 0.016 0.699869
20 0.8 0.016 0.784
25 0.712111 0.016 0.696111
41 0.715841 0.016 0.699841
59 0.719423 0.016 0.703423
20 0.784 0.16 0.624
7 0.699869 0.16 0.539869
25 0.696111 0.16 0.536111
41 0.699841 0.16 0.539841
59 0.703423 0.16 0.543423
3 0.8 0.016 0.784
54 0.8 0.016 0.784
3 0.784 0.16 0.624
54 0.784 0.16 0.624
60 0.8 0.16 0.64
60 0.718348 0.016 0.702348
60 0.702348 0.16 0.542348
15 0.8 0.16 0.64
15 0.713891 0.016 0.697891
15 0.697891 0.16 0.537891
5 0.8 0.016 0.784
16 0.8 0.016 0.784
32 0.8 0.016 0.784
16 0.784 0.16 0.624
5 0.784 0.16 0.624
32 0.784 0.16 0.624
21 0.8 0.16 0.64
21 0.64 0.16 0.48
21 0.48 0.16 0.32
21 0.392251 0.016 0.376251
21 0.376251 0.16 0.216251
53 0.8 0.16 0.64
53 0.716426 0.016 0.700426
53 0.700426 0.16 0.540426
34 0.8 0.016 0.784
34 0.784 0.16 0.624
11 0.8 0.16 0.64
11 0.717698 0.016 0.701698
50 0.8 0.016 0.784
11 0.701698 0.16 0.541698
50 0.784 0.16 0.624
58 0.8 0.16 0.64
4 0.8 0.16 0.64
22 0.8 0.16 0.64
57 0.8 0.16 0.64
58 0.64 0.16 0.48
4 0.718362 0.016 0.702362
22 0.718399 0.016 0.702399
57 0.717188 0.016 0.701188
58 0.558871 0.016 0.542871
57 0.701188 0.16 0.541188
58 0.542871 0.16 0.382871
22 0.702399 0.16 0.542399
4 0.702362 0.16 0.542362
52 0.8 0.16 0.64
52 0.64 0.16 0.48
52 0.550116 0.016 0.534116
52 0.534116 0.16 0.374116
1 0.8 0.16 0.64
12 0.8 0.16 0.64
56 0.8 0.16 0.64
1 0.710928 0.016 0.694928
12 0.711511 0.016 0.695511
55 0.8 0.016 0.784
56 0.715321 0.016 0.699321
56 0.699321 0.16 0.539321
55 0.784 0.16 0.624
12 0.695511 0.16 0.535511
1 0.694928 0.16 0.534928
36 0.8 0.16 0.64
36 0.64 0.16 0.48
36 0.48 0.16 0.32
36 0.32 0.16 0.16
36 0.232486 0.016 0.216486
36 0.216486 0.16 0.0564857
17 0.8 0.016 0.784
37 0.8 0.016 0.784
37 0.784 0.16 0.624
17 0.784 0.16 0.624
8 0.8 0.016 0.784
9 0.8 0.016 0.784
27 0.8 0.016 0.784
49 0.8 0.016 0.784
49 0.784 0.16 0.624
9 0.784 0.16 0.624
8 0.784 0.16 0.624
27 0.784 0.16 0.624
38 0.8 0.016 0.784
38 0.784 0.16 0.624
35 0.8 0.16 0.64
35 0.715645 0.016 0.699645
35 0.699645 0.16 0.539645
14 0.8 0.016 0.784
51 0.8 0.016 0.784
51 0.784 0.16 0.624
14 0.784 0.16 0.624
10 0.8 0.16 0.64
10 0.712662 0.016 0.696662
10 0.696662 0.16 0.536662
2 0.8 0.16 0.64
2 0.712957 0.016 0.696957
2 0.696957 0.16 0.536957
19 0.8 0.16 0.64
26 0.8 0.16 0.64
47 0.8 0.16 0.64
19 0.717364 0.016 0.701364
26 0.714083 0.016 0.698083
47 0.719016 0.016 0.703016
26 0.698083 0.16 0.538083
47 0.703016 0.16 0.543016
19 0.701364 0.16 0.541364
18 0.8 0.016 0.784
33 0.8 0.016 0.784
33 0.784 0.16 0.624
18 0.784 0.16 0.624
39 0.8 0.16 0.64
40 0.8 0.16 0.64
39 0.715505 0.016 0.699505
39 0.699505 0.16 0.539505
40 0.711398 0.16 0.551398
40 0.625227 0.016 0.609227
40 0.609227 0.16 0.449227
29 0.8 0.016 0.784
29 0.784 0.16 0.624
44 0.8 0.016 0.784
44 0.784 0.16 0.624
