28 1890 1.00405
29 1891 1.03225
6 1892 1.03633
80 1893 1.03757
33 1894 1.05115
68 1896 1.07878
64 1897 1.09862
74 1898 1.13697
50 1899 1.14553
65 1900 1.15082
51 1901 1.16184
47 1902 1.16525
15 1904 1.17511
45 1905 1.17611
67 1906 1.23257
32 1907 1.23349
21 1909 1.28707
78 1910 1.29734
58 1911 1.3005
2 1912 1.31644
25 1914 1.40748
62 1916 1.4881
26 1917 1.4888
46 1918 1.53464
14 1919 1.55017
22 1921 1.57529
42 1922 1.59768
73 1923 1.64439
23 1924 1.65997
70 1926 1.68332
11 1927 1.69064
10 1928 1.70891
18 1929 1.72166
76 1930 1.73603
17 1931 1.76852
9 1932 1.76868
8 1934 1.86608
31 1935 1.87367
16 1937 1.88767
61 1938 1.97508
40 1940 1.98178
69 1941 2.00332
72 1942 2.02104
56 1943 2.0428
57 1944 2.05809
20 1946 2.08729
54 1947 2.09369
5 1948 2.09425
60 1949 2.09667
39 1950 2.16856
7 1952 2.21625
4 1953 2.27307
44 1955 2.28945
53 1956 2.29839
77 1957 2.30058
43 1958 2.35415
55 1960 2.40457
35 1961 2.40788
12 1962 2.42352
63 1963 2.43185
37 1964 2.436
1 1965 2.45176
71 1966 2.45756
13 1967 2.46598
79 1969 2.47813
48 1971 2.58933
66 1972 2.63527
27 1973 2.66047
30 1975 2.70847
75 1976 2.71008
41 1977 2.7409
38 1979 2.84626
24 1980 2.85965
49 1981 2.8639
52 1982 2.86714
36 1984 2.91527
59 1985 2.93495
3 1986 2.94042
34 1988 2.97751
19 1989 2.9943
