12 1260 1.00839
13 1261 1.01634
24 1263 1.15368
44 1265 1.17981
35 1266 1.1885
28 1267 1.22223
23 1269 1.27608
22 1270 1.36729
47 1272 1.39749
7 1274 1.48364
38 1275 1.51468
31 1276 1.53907
1 1277 1.55671
27 1279 1.57958
19 1280 1.65671
4 1281 1.66021
10 1283 1.69681
15 1284 1.75502
43 1286 1.77338
41 1287 1.81408
46 1289 1.96285
16 1291 1.98788
33 1292 1.99427
40 1293 2.0227
11 1294 2.04555
3 1295 2.06428
9 1296 2.068
8 1298 2.08721
45 1299 2.13942
30 1301 2.22396
25 1303 2.31015
39 1304 2.31135
48 1305 2.32149
36 1306 2.32186
6 1307 2.323
37 1308 2.35747
50 1310 2.38045
20 1311 2.38367
17 1312 2.43753
5 1314 2.49732
18 1315 2.53238
2 1318 2.67737
26 1319 2.70015
49 1320 2.75586
21 1322 2.79725
34 1323 2.82022
29 1324 2.84323
42 1325 2.86741
32 1327 2.88729
14 1329 2.98851
