17 1071 1.05312
38 1072 1.06688
9 1073 1.09653
8 1075 1.16222
11 1076 1.1931
18 1079 1.33665
26 1080 1.38531
33 1081 1.40133
24 1083 1.43979
21 1084 1.44988
10 1086 1.55957
36 1087 1.58488
15 1089 1.6648
22 1090 1.71708
1 1092 1.81888
13 1094 1.83978
2 1095 1.87793
35 1097 2.00153
25 1098 2.01939
32 1100 2.06142
5 1102 2.12632
29 1103 2.14781
14 1104 2.15341
7 1105 2.17496
28 1106 2.18291
23 1108 2.26052
20 1109 2.26828
30 1112 2.45789
34 1113 2.47061
40 1115 2.53183
27 1116 2.61271
37 1118 2.62952
16 1119 2.70886
19 1121 2.77197
31 1122 2.78589
3 1123 2.81028
6 1125 2.85885
39 1126 2.8774
12 1128 2.97644
4 1129 2.9842
