87 2120 1.00427
24 2121 1.01967
78 2122 1.02781
68 2124 1.11948
66 2125 1.12904
38 2126 1.14642
60 2127 1.1465
71 2128 1.15015
15 2129 1.15484
45 2130 1.1572
41 2132 1.24291
88 2133 1.24468
8 2135 1.29226
82 2136 1.34067
79 2138 1.37899
10 2139 1.38261
7 2140 1.38947
76 2141 1.39924
75 2142 1.40653
77 2143 1.45363
18 2145 1.4867
34 2146 1.49631
11 2147 1.52327
50 2149 1.56972
46 2150 1.57275
4 2151 1.58164
39 2152 1.59244
27 2153 1.62123
22 2155 1.71086
89 2156 1.7179
16 2157 1.73667
28 2158 1.75846
74 2160 1.77083
6 2161 1.8118
21 2162 1.81227
69 2164 1.87704
63 2165 1.88866
30 2166 1.92163
85 2167 1.92205
47 2168 1.93517
48 2170 1.99265
14 2171 2.0049
57 2172 2.02512
54 2173 2.03978
62 2175 2.09246
64 2176 2.11148
2 2177 2.12208
36 2179 2.17977
13 2180 2.1921
49 2181 2.19838
23 2182 2.20599
17 2183 2.23456
19 2184 2.23562
5 2185 2.24514
33 2186 2.2583
40 2187 2.26555
32 2189 2.30211
72 2190 2.30351
25 2191 2.31563
44 2192 2.32969
70 2193 2.36826
12 2195 2.38642
59 2196 2.40086
67 2197 2.40836
9 2198 2.41077
65 2199 2.46643
90 2201 2.48495
83 2202 2.4872
84 2203 2.48764
53 2204 2.48804
31 2205 2.49007
56 2207 2.58567
80 2208 2.60558
73 2209 2.60743
42 2210 2.63839
58 2211 2.63851
55 2212 2.64073
3 2213 2.65199
35 2215 2.68051
37 2216 2.70639
52 2218 2.80046
86 2219 2.8551
1 2221 2.87387
81 2222 2.90332
43 2223 2.91954
61 2224 2.94923
20 2225 2.95017
26 2226 2.9611
51 2228 2.96945
29 2229 2.97178
