11 450
96 451
45 452
99 453
4 454
1 455
93 456
97 457
54 458
13 459
18 460
43 461
75 462
33 463
87 464
42 465
26 466
83 467
34 468
98 469
76 470
46 471
49 472
21 473
53 474
73 475
22 476
100 477
80 478
81 479
31 480
63 481
74 482
7 483
24 484
51 485
5 486
48 487
72 488
37 489
28 490
19 491
3 492
56 493
64 494
78 495
66 496
86 497
20 498
47 499
32 500
79 501
65 502
39 503
16 504
57 505
55 506
91 507
89 508
10 509
58 510
38 511
17 512
88 513
50 514
36 515
68 516
12 517
95 518
85 519
40 520
41 521
71 522
59 523
94 524
6 525
92 526
9 527
23 528
60 529
27 530
52 531
2 532
35 533
82 534
62 535
8 536
84 537
61 538
77 539
30 540
29 541
14 542
67 543
69 544
25 545
15 546
90 547
70 548
44 549
