20 280
67 281
35 282
47 283
16 284
58 285
46 286
43 287
50 288
75 289
48 290
63 291
80 292
60 293
61 294
77 295
64 296
24 297
17 298
56 299
8 300
42 301
9 302
3 303
36 304
30 305
57 306
76 307
1 308
25 309
62 310
11 311
14 312
7 313
53 314
66 315
21 316
69 317
78 318
5 319
31 320
39 321
41 322
55 323
52 324
34 325
73 326
18 327
72 328
23 329
29 330
37 331
65 332
40 333
45 334
10 335
4 336
44 337
6 338
32 339
28 340
38 341
19 342
26 343
22 344
71 345
51 346
74 347
15 348
2 349
54 350
49 351
79 352
13 353
27 354
59 355
68 356
33 357
12 358
70 359
