25 100 1.06955
29 101 1.07776
50 102 1.16658
32 103 1.17518
49 104 1.20902
40 105 1.20953
47 106 1.26043
13 107 1.27211
15 108 1.38829
14 109 1.4015
8 110 1.4368
42 111 1.46641
10 112 1.47098
28 113 1.50601
5 114 1.52727
43 115 1.56697
33 116 1.58515
17 117 1.68898
2 118 1.75656
35 119 1.76502
31 120 1.77391
21 121 1.86958
37 122 1.89162
11 123 1.95469
9 124 1.97471
7 125 2.03276
24 126 2.04564
18 127 2.04756
34 128 2.11362
38 129 2.29821
4 130 2.34619
36 131 2.42625
27 132 2.4387
16 133 2.44868
45 134 2.56405
12 135 2.59243
26 136 2.59584
23 137 2.63997
44 138 2.69837
30 139 2.70281
39 140 2.71361
41 141 2.72442
19 142 2.73033
48 143 2.76125
22 144 2.84319
6 145 2.85587
3 146 2.8705
20 147 2.96172
1 148 2.97709
46 149 2.9988
