28 210 1.01957
45 211 1.02275
19 212 1.02481
10 213 1.03264
1 214 1.04886
8 215 1.08132
13 216 1.11321
29 217 1.11569
20 218 1.14477
55 219 1.14985
44 220 1.1735
31 221 1.17461
58 222 1.2137
17 223 1.25398
7 224 1.28672
37 225 1.35141
40 226 1.44682
34 227 1.52895
64 228 1.53178
11 229 1.53242
47 230 1.5484
35 231 1.56488
9 232 1.58211
65 233 1.68668
14 234 1.70734
48 235 1.72638
51 236 1.76157
33 237 1.78307
26 238 1.80224
56 239 1.81627
32 240 1.82912
39 241 1.84738
2 242 1.89183
15 243 1.89267
22 244 1.9035
70 245 1.91276
38 246 1.96058
68 247 2.11297
27 248 2.16988
59 249 2.28197
30 250 2.34187
57 251 2.36935
49 252 2.37171
5 253 2.43513
25 254 2.45078
54 255 2.46386
3 256 2.56308
6 257 2.56448
62 258 2.5943
41 259 2.59917
16 260 2.64672
42 261 2.64745
12 262 2.6542
21 263 2.65856
61 264 2.67535
67 265 2.70795
66 266 2.78141
4 267 2.79475
18 268 2.79521
43 269 2.8143
63 270 2.82959
60 271 2.84085
24 272 2.84449
46 273 2.84805
50 274 2.87796
69 275 2.89923
53 276 2.91186
23 277 2.92449
36 278 2.93098
52 279 2.99375
