41 150 1.04354
14 151 1.17766
51 152 1.19742
54 153 1.21238
53 154 1.29504
31 155 1.29944
40 156 1.33515
24 157 1.38241
38 158 1.40262
32 159 1.41504
55 160 1.46276
6 161 1.55421
8 162 1.66455
10 163 1.73713
19 164 1.78298
47 165 1.78503
49 166 1.84724
17 167 1.85552
46 168 1.86127
22 169 1.95747
3 170 1.96037
18 171 1.96751
60 172 1.97147
25 173 2.00872
57 174 2.05729
35 175 2.09035
7 176 2.09055
12 177 2.13494
42 178 2.15188
45 179 2.16493
11 180 2.17832
20 181 2.18458
30 182 2.20045
13 183 2.2365
9 184 2.31553
23 185 2.35731
59 186 2.3759
36 187 2.38372
39 188 2.38736
26 189 2.4044
16 190 2.40887
43 191 2.47794
37 192 2.47886
15 193 2.48176
56 194 2.50481
28 195 2.55772
34 196 2.61321
1 197 2.68148
29 198 2.70308
4 199 2.7077
5 200 2.82846
2 201 2.83873
58 202 2.84183
33 203 2.84444
52 204 2.86391
44 205 2.87379
48 206 2.87797
50 207 2.88104
21 208 2.94323
27 209 2.97768
