20 280 1.04595
67 281 1.09292
35 282 1.11219
47 283 1.13134
16 284 1.15866
58 285 1.16016
46 286 1.16842
43 287 1.17247
50 288 1.22446
75 289 1.2432
48 290 1.25681
63 291 1.29336
80 292 1.30157
60 293 1.30747
61 294 1.31035
77 295 1.32636
64 296 1.32732
24 297 1.33062
17 298 1.3401
56 299 1.36486
8 300 1.39458
42 301 1.39681
9 302 1.48956
3 303 1.52215
36 304 1.5476
30 305 1.56265
57 306 1.57381
76 307 1.67992
1 308 1.68344
25 309 1.73308
62 310 1.81754
11 311 1.8267
14 312 1.8453
7 313 1.85082
53 314 1.855
66 315 1.88668
21 316 1.93594
69 317 1.95968
78 318 1.96504
5 319 1.96718
31 320 2.00384
39 321 2.00803
41 322 2.02436
55 323 2.04704
52 324 2.07703
34 325 2.08572
73 326 2.18034
18 327 2.18097
72 328 2.18899
23 329 2.23305
29 330 2.2496
37 331 2.26774
65 332 2.26867
40 333 2.28174
45 334 2.28928
10 335 2.30552
4 336 2.33028
44 337 2.34359
6 338 2.37367
32 339 2.39483
28 340 2.42846
38 341 2.44751
19 342 2.45023
26 343 2.46663
22 344 2.47768
71 345 2.49496
51 346 2.49848
74 347 2.50401
15 348 2.51494
2 349 2.56294
54 350 2.6287
49 351 2.73086
79 352 2.7472
13 353 2.75496
27 354 2.79073
59 355 2.8288
68 356 2.8552
33 357 2.89887
12 358 2.91919
70 359 2.96372
