29 360
61 361
84 362
10 363
89 364
41 365
25 366
48 367
63 368
77 369
7 370
20 371
39 372
57 373
90 374
38 375
82 376
18 377
51 378
60 379
12 380
32 381
5 382
11 383
19 384
27 385
31 386
65 387
17 388
47 389
81 390
1 391
53 392
52 393
74 394
36 395
55 396
75 397
4 398
16 399
45 400
85 401
59 402
21 403
71 404
42 405
79 406
50 407
13 408
37 409
66 410
58 411
76 412
14 413
3 414
56 415
46 416
28 417
43 418
35 419
22 420
2 421
8 422
15 423
30 424
24 425
70 426
62 427
80 428
26 429
49 430
33 431
87 432
88 433
40 434
83 435
68 436
23 437
69 438
78 439
54 440
72 441
73 442
86 443
34 444
44 445
9 446
67 447
6 448
64 449
