11 450 1.02361
96 451 1.05549
45 452 1.07394
99 453 1.12506
4 454 1.15136
1 455 1.1896
93 456 1.21714
97 457 1.26703
54 458 1.28778
13 459 1.29572
18 460 1.34226
43 461 1.34511
75 462 1.38918
33 463 1.42844
87 464 1.45024
42 465 1.45518
26 466 1.45619
83 467 1.46599
34 468 1.47833
98 469 1.49366
76 470 1.49938
46 471 1.55148
49 472 1.57914
21 473 1.58793
53 474 1.60199
73 475 1.60429
22 476 1.63628
100 477 1.6473
80 478 1.67096
81 479 1.69256
31 480 1.69886
63 481 1.75505
74 482 1.76795
7 483 1.77528
24 484 1.79617
51 485 1.81204
5 486 1.8199
48 487 1.84697
72 488 1.85531
37 489 1.8706
28 490 1.93807
19 491 1.94355
3 492 1.95377
56 493 1.99803
64 494 2.00789
78 495 2.01302
66 496 2.02675
86 497 2.04638
20 498 2.06544
47 499 2.12045
32 500 2.12166
79 501 2.1317
65 502 2.15257
39 503 2.21017
16 504 2.2204
57 505 2.23262
55 506 2.23342
91 507 2.29169
89 508 2.30833
10 509 2.31226
58 510 2.31802
38 511 2.31832
17 512 2.33723
88 513 2.36581
50 514 2.3854
36 515 2.38718
68 516 2.43004
12 517 2.44031
95 518 2.44223
85 519 2.45744
40 520 2.45785
41 521 2.47998
71 522 2.49939
59 523 2.50225
94 524 2.50431
6 525 2.5423
92 526 2.56303
9 527 2.57148
23 528 2.5735
60 529 2.57728
27 530 2.63082
52 531 2.63884
2 532 2.64316
35 533 2.67902
82 534 2.68483
62 535 2.68614
8 536 2.70657
84 537 2.74118
61 538 2.79318
77 539 2.80982
30 540 2.82268
29 541 2.86886
14 542 2.87667
67 543 2.88642
69 544 2.89583
25 545 2.89961
15 546 2.9047
90 547 2.96423
70 548 2.96501
44 549 2.97473
