35 60 1.00105
31 61 1.03617
26 62 1.06396
36 63 1.16057
4 64 1.24207
13 65 1.25926
28 66 1.27735
16 67 1.30707
10 68 1.35655
23 69 1.41798
29 70 1.42981
8 71 1.46115
12 72 1.4858
38 73 1.64413
9 74 1.68576
30 75 1.6865
18 76 1.70733
5 77 1.75232
27 78 1.78719
37 79 1.83708
19 80 2.05456
2 81 2.09595
32 82 2.17242
1 83 2.27838
34 84 2.35429
21 85 2.38324
25 86 2.39333
39 87 2.40084
3 88 2.42387
20 89 2.5652
11 90 2.60011
40 91 2.67122
7 92 2.70579
22 93 2.71481
15 94 2.73769
33 95 2.7657
6 96 2.78349
14 97 2.79629
17 98 2.80291
24 99 2.95907
