8 3727 0 100 88875952 1.12549 1.12549
46 3726 0 100 88855900 1.82549 1.82549
62 3760 0 100 88866740 1.92549 1.92549
56 3729 0 100 88869588 2.02549 2.02549
22 3763 0 100 121559102 2.02549 2.02549
61 3768 0 100 56207054 2.12549 2.12549
58 3782 0 100 88844604 2.32549 2.32549
17 3751 0 100 154275768 2.32549 2.32549
37 3752 0 100 88866416 2.42549 2.42549
34 3765 0 100 88873988 2.42549 2.42549
39 3785 0 100 154255736 2.42549 2.42549
19 3723 0 100 154273768 2.42549 2.42549
59 3794 0 100 56198174 2.62549 2.62549
33 3780 0 100 88872356 2.72549 2.72549
11 3725 0 100 121568246 2.82549 2.82549
15 3746 0 100 154299672 2.82549 2.82549
4 3750 0 100 121557446 2.92549 2.92549
68 3803 0 100 154287648 2.92549 2.92549
43 3747 0 100 88848832 3.02549 3.02549
2 3732 0 100 88873648 3.02549 3.02549
70 3767 0 100 121563278 3.02549 3.02549
69 3735 0 100 121545620 3.12549 3.12549
28 3733 0 100 121570490 3.12549 3.12549
41 3781 0 100 154275808 3.12549 3.12549
35 3740 0 100 88866432 3.32549 3.32549
53 3798 0 100 121559906 3.32549 3.32549
25 3787 0 100 121563896 3.32549 3.32549
63 3779 0 100 154249800 3.42549 3.42549
57 3736 0 100 121542926 3.62549 3.62549
42 3802 0 100 154261568 3.62549 3.62549
36 3774 0 100 154303904 3.62549 3.62549
12 3724 0 100 121558688 3.82549 3.82549
31 3730 0 100 154289288 3.82549 3.82549
50 3801 0 100 121557782 3.92549 3.92549
6 3764 0 100 121544438 4.02549 4.02549
23 3745 0 100 121562324 4.02549 4.02549
32 3771 0 100 88857708 4.12549 4.12549
66 3762 0 100 56205652 4.22549 4.22549
65 3792 0 100 121536740 4.22549 4.22549
24 3754 0 100 121556306 4.22549 4.22549
14 3758 0 100 121564664 4.22549 4.22549
67 3775 0 100 121558376 4.32549 4.32549
55 3800 0 100 121536098 4.42549 4.42549
40 3805 0 100 88849016 4.52549 4.52549
5 3748 0 100 154245448 4.52549 4.52549
13 3784 0 100 121555058 5.42549 5.42549
47 3772 0 100 56207486 5.52549 5.52549
52 3806 0 100 88845000 5.52549 5.52549
16 3789 0 100 154275328 5.52549 5.52549
45 3776 0 100 88845540 5.62549 5.62549
54 3720 0 100 154256136 5.62549 5.62549
9 3742 0 100 121531070 5.72549 5.72549
30 3788 0 100 121559342 5.72549 5.72549
44 3796 0 100 154271784 5.72549 5.72549
18 3734 0 100 56208420 5.82549 5.82549
3 3793 0 100 121538132 5.82549 5.82549
27 3756 0 100 121568510 5.92549 5.92549
20 3722 0 100 88857080 6.12549 6.12549
26 3797 0 100 121568024 6.12549 6.12549
1 3741 0 100 154300000 6.22549 6.22549
21 3755 0 100 121552616 6.52549 6.52549
10 3791 0 100 154295888 6.52549 6.52549
7 3744 0 100 121531724 6.62549 6.62549
48 3808 0 100 121550852 6.72549 6.72549
38 3757 0 100 121564178 6.72549 6.72549
49 3753 0 100 121558634 6.82549 6.82549
64 3773 0 100 88874572 6.92549 6.92549
51 3769 0 100 121536368 6.92549 6.92549
60 3777 0 100 56207516 7.32549 7.32549
29 3809 0 100 121563638 7.82549 7.82549
