23 4170 1.02703
50 4172 1.06863
41 4173 1.07856
80 4174 1.08247
4 4175 1.1175
17 4176 1.12619
86 4177 1.13378
59 4178 1.13481
81 4180 1.18132
76 4181 1.1969
71 4182 1.19975
89 4183 1.20957
73 4184 1.21342
25 4185 1.22472
79 4187 1.2543
32 4188 1.26934
77 4189 1.33509
49 4190 1.34751
46 4192 1.35608
53 4193 1.4011
45 4195 1.46229
70 4196 1.48291
60 4197 1.48346
57 4198 1.48446
40 4199 1.49273
19 4200 1.49646
51 4201 1.49828
69 4202 1.50203
61 4203 1.54234
13 4204 1.54619
30 4206 1.55681
75 4207 1.55701
65 4208 1.56671
16 4209 1.57574
21 4210 1.57908
22 4211 1.58945
29 4212 1.59252
74 4213 1.59257
56 4214 1.59635
68 4216 1.65948
44 4217 1.71164
67 4219 1.7848
7 4220 1.82748
52 4222 1.85672
35 4223 1.87225
90 4224 1.87359
42 4225 1.90222
63 4226 1.91486
36 4227 1.92079
34 4229 1.96106
1 4230 1.99475
8 4231 2.02934
54 4233 2.07462
11 4234 2.07594
6 4235 2.11616
3 4236 2.13421
12 4238 2.17002
28 4239 2.20347
83 4240 2.22834
82 4241 2.25093
78 4243 2.27296
24 4244 2.28557
85 4245 2.31779
72 4246 2.32505
18 4247 2.33279
62 4248 2.33959
33 4250 2.36996
39 4251 2.3907
55 4252 2.40521
47 4253 2.40578
48 4254 2.40612
66 4255 2.43592
15 4257 2.49175
27 4258 2.51491
37 4260 2.57324
2 4261 2.59459
43 4262 2.60861
87 4263 2.65135
14 4265 2.75098
5 4267 2.76305
58 4268 2.7824
26 4269 2.78935
20 4270 2.79857
88 4271 2.81476
10 4272 2.83717
64 4273 2.84595
31 4274 2.84784
38 4276 2.94032
84 4277 2.94557
9 4278 2.94972
