22 0.8 0.016 0.784
45 0.8 0.016 0.784
22 0.784 0.16 0.624
45 0.784 0.16 0.624
45 0.624 0.16 0.464
39 0.8 0.016 0.784
39 0.784 0.16 0.624
32 0.8 0.016 0.784
32 0.784 0.16 0.624
31 0.8 0.016 0.784
36 0.8 0.016 0.784
31 0.784 0.16 0.624
36 0.784 0.16 0.624
20 0.8 0.16 0.64
20 0.64 0.16 0.48
20 0.558471 0.016 0.542471
30 0.8 0.016 0.784
20 0.542471 0.16 0.382471
30 0.784 0.16 0.624
30 0.624 0.16 0.464
17 0.8 0.16 0.64
17 0.711691 0.016 0.695691
17 0.695691 0.16 0.535691
8 0.8 0.16 0.64
8 0.716049 0.016 0.700049
8 0.700049 0.16 0.540049
7 0.8 0.016 0.784
44 0.8 0.016 0.784
44 0.784 0.16 0.624
7 0.784 0.16 0.624
9 0.8 0.16 0.64
33 0.8 0.16 0.64
7 0.624 0.16 0.464
9 0.64 0.16 0.48
25 0.8 0.16 0.64
33 0.64 0.16 0.48
50 0.8 0.16 0.64
9 0.551367 0.016 0.535367
25 0.713711 0.016 0.697711
33 0.558985 0.016 0.542985
9 0.535367 0.16 0.375367
25 0.697711 0.16 0.537711
33 0.542985 0.16 0.382985
50 0.717322 0.16 0.557322
33 0.382985 0.16 0.222985
25 0.537711 0.16 0.377711
50 0.557322 0.16 0.397322
25 0.377711 0.16 0.217711
50 0.397322 0.16 0.237322
50 0.317005 0.016 0.301005
50 0.301005 0.16 0.141005
43 0.8 0.016 0.784
48 0.8 0.016 0.784
43 0.784 0.16 0.624
1 0.8 0.16 0.64
48 0.784 0.16 0.624
48 0.624 0.16 0.464
1 0.64 0.16 0.48
12 0.8 0.16 0.64
23 0.8 0.16 0.64
1 0.557814 0.016 0.541814
23 0.715595 0.016 0.699595
1 0.541814 0.16 0.381814
12 0.715113 0.16 0.555113
23 0.699595 0.16 0.539595
23 0.539595 0.16 0.379595
12 0.555113 0.16 0.395113
21 0.8 0.16 0.64
12 0.472795 0.016 0.456795
21 0.712011 0.016 0.696011
21 0.696011 0.16 0.536011
12 0.456795 0.16 0.296795
27 0.8 0.16 0.64
27 0.719491 0.016 0.703491
27 0.703491 0.16 0.543491
3 0.8 0.16 0.64
14 0.8 0.16 0.64
3 0.715754 0.016 0.699754
14 0.719285 0.016 0.703285
3 0.699754 0.16 0.539754
14 0.703285 0.16 0.543285
10 0.8 0.016 0.784
10 0.784 0.16 0.624
26 0.8 0.016 0.784
26 0.784 0.16 0.624
41 0.8 0.16 0.64
42 0.8 0.16 0.64
24 0.8 0.016 0.784
41 0.795843 0.016 0.779843
42 0.794013 0.016 0.778013
41 0.779843 0.16 0.619843
24 0.784 0.16 0.624
42 0.778013 0.16 0.618013
42 0.618013 0.16 0.458013
24 0.624 0.16 0.464
24 0.464 0.16 0.304
16 0.8 0.016 0.784
29 0.8 0.016 0.784
29 0.784 0.16 0.624
16 0.784 0.16 0.624
16 0.624 0.16 0.464
28 0.8 0.016 0.784
28 0.784 0.16 0.624
37 0.8 0.16 0.64
37 0.784768 0.016 0.768768
37 0.768768 0.16 0.608768
46 0.8 0.016 0.784
47 0.8 0.016 0.784
46 0.784 0.16 0.624
15 0.8 0.16 0.64
47 0.784 0.16 0.624
47 0.624 0.16 0.464
15 0.64 0.16 0.48
15 0.551756 0.016 0.535756
15 0.535756 0.16 0.375756
49 0.8 0.016 0.784
49 0.784 0.16 0.624
19 0.8 0.16 0.64
19 0.718795 0.016 0.702795
19 0.702795 0.16 0.542795
6 0.8 0.016 0.784
6 0.784 0.16 0.624
2 0.8 0.16 0.64
11 0.8 0.16 0.64
2 0.715422 0.016 0.699422
2 0.699422 0.16 0.539422
11 0.717853 0.16 0.557853
13 0.8 0.16 0.64
11 0.635663 0.016 0.619663
13 0.715694 0.016 0.699694
34 0.8 0.016 0.784
40 0.8 0.016 0.784
11 0.619663 0.16 0.459663
40 0.784 0.16 0.624
13 0.699694 0.16 0.539694
34 0.784 0.16 0.624
4 0.8 0.016 0.784
18 0.8 0.016 0.784
18 0.784 0.16 0.624
4 0.784 0.16 0.624
4 0.624 0.16 0.464
5 0.8 0.016 0.784
35 0.8 0.016 0.784
5 0.784 0.16 0.624
35 0.784 0.16 0.624
35 0.624 0.16 0.464
38 0.8 0.016 0.784
38 0.784 0.16 0.624
