47 3310 1.06826
25 3312 1.12781
22 3313 1.14288
48 3314 1.16147
45 3315 1.16649
7 3317 1.22991
26 3318 1.26064
42 3320 1.31225
17 3321 1.3663
32 3323 1.4598
39 3324 1.46301
44 3325 1.4633
46 3326 1.46486
8 3328 1.55178
2 3330 1.58465
21 3331 1.58974
30 3332 1.63255
14 3333 1.66919
9 3335 1.69577
16 3338 1.89564
34 3339 1.90731
41 3340 1.965
20 3343 2.08856
4 3344 2.08936
18 3345 2.0981
15 3346 2.12257
1 3347 2.1288
43 3348 2.1373
19 3350 2.19024
23 3351 2.23462
24 3353 2.27564
40 3355 2.38389
29 3356 2.43283
27 3357 2.44717
49 3358 2.46547
6 3360 2.4867
35 3361 2.50722
31 3362 2.51491
28 3363 2.53046
36 3364 2.53154
33 3366 2.59654
38 3367 2.66814
11 3369 2.67718
3 3370 2.70119
5 3371 2.73642
37 3373 2.78166
10 3374 2.79646
13 3375 2.81966
50 3377 2.89999
12 3379 2.97791
