0 3710
0 3711
0 3712
0 3713
0 3714
0 3715
0 3716
0 3717
0 3718
0 3719
0 3721
0 3728
8 3727
0 3731
0 3737
0 3738
0 3739
0 3743
0 3749
0 3759
46 3726
0 3761
62 3760
0 3766
56 3729
22 3763
0 3770
61 3768
0 3778
0 3783
58 3782
17 3751
0 3786
37 3752
34 3765
39 3785
19 3723
0 3790
0 3795
59 3794
0 3799
33 3780
0 3804
11 3725
15 3746
0 3807
4 3750
68 3803
0 3810
43 3747
2 3732
70 3767
0 3811
69 3735
28 3733
41 3781
0 3812
0 3813
35 3740
53 3798
25 3787
0 3814
63 3779
0 3815
0 3816
57 3736
42 3802
36 3774
0 3817
0 3818
12 3724
31 3730
0 3819
50 3801
0 3820
6 3764
23 3745
0 3821
32 3771
0 3822
66 3762
65 3792
24 3754
14 3758
0 3823
67 3775
0 3824
55 3800
0 3825
40 3805
5 3748
0 3826
0 3827
0 3828
0 3829
0 3830
0 3831
0 3832
0 3833
0 3834
13 3784
0 3835
47 3772
52 3806
16 3789
0 3836
45 3776
54 3720
0 3837
9 3742
30 3788
44 3796
0 3838
18 3734
3 3793
0 3839
27 3756
0 3840
0 3841
20 3722
26 3797
0 3842
1 3741
0 3843
0 3844
0 3845
21 3755
10 3791
0 3846
7 3744
0 3847
48 3808
38 3757
0 3848
49 3753
0 3849
64 3773
51 3769
0 3850
0 3851
0 3852
0 3853
60 3777
0 3854
0 3855
0 3856
0 3857
0 3858
29 3809
0 3859
0 3860
0 3861
0 3862
0 3863
0 3864
0 3865
0 3866
0 3867
0 3868
0 3869
0 3870
0 3871
0 3872
0 3873
0 3874
0 3875
0 3876
0 3877
0 3878
0 3879
0 3880
0 3881
0 3882
0 3883
0 3884
0 3885
0 3886
0 3887
0 3888
0 3889
0 3890
0 3891
0 3892
0 3893
0 3894
0 3895
0 3896
0 3897
0 3898
0 3899
0 3900
0 3901
0 3902
0 3903
0 3904
0 3905
0 3906
0 3907
0 3908
0 3909
0 3910
0 3911
0 3912
0 3913
0 3914
0 3915
0 3916
0 3917
0 3918
0 3919
0 3920
0 3921
0 3922
0 3923
0 3924
0 3925
0 3926
0 3927
0 3928
0 3929
