8 0.8 0.016 0.784
8 0.784 0.16 0.624
46 0.8 0.016 0.784
46 0.784 0.16 0.624
62 0.8 0.016 0.784
62 0.784 0.16 0.624
56 0.8 0.16 0.64
22 0.8 0.016 0.784
56 0.719649 0.016 0.703649
56 0.703649 0.16 0.543649
22 0.784 0.16 0.624
22 0.624 0.16 0.464
61 0.8 0.016 0.784
61 0.784 0.16 0.624
17 0.8 0.016 0.784
58 0.8 0.016 0.784
58 0.784 0.16 0.624
17 0.784 0.16 0.624
37 0.8 0.16 0.64
17 0.624 0.16 0.464
19 0.8 0.16 0.64
34 0.8 0.16 0.64
37 0.64 0.16 0.48
19 0.71029 0.016 0.69429
34 0.715628 0.016 0.699628
37 0.555102 0.016 0.539102
39 0.8 0.016 0.784
37 0.539102 0.16 0.379102
34 0.699628 0.16 0.539628
19 0.69429 0.16 0.53429
39 0.784 0.16 0.624
19 0.53429 0.16 0.37429
39 0.624 0.16 0.464
39 0.464 0.16 0.304
19 0.37429 0.16 0.21429
59 0.8 0.016 0.784
59 0.784 0.16 0.624
33 0.8 0.016 0.784
33 0.784 0.16 0.624
11 0.8 0.16 0.64
11 0.715211 0.016 0.699211
15 0.8 0.016 0.784
11 0.699211 0.16 0.539211
15 0.784 0.16 0.624
15 0.624 0.16 0.464
4 0.8 0.16 0.64
4 0.710796 0.016 0.694796
68 0.8 0.016 0.784
4 0.694796 0.16 0.534796
2 0.8 0.16 0.64
43 0.8 0.16 0.64
68 0.784 0.16 0.624
70 0.8 0.16 0.64
68 0.624 0.16 0.464
2 0.64 0.16 0.48
43 0.64 0.16 0.48
70 0.64 0.16 0.48
2 0.553739 0.016 0.537739
43 0.555721 0.016 0.539721
70 0.553038 0.016 0.537038
43 0.539721 0.16 0.379721
2 0.537739 0.16 0.377739
70 0.537038 0.16 0.377038
69 0.8 0.16 0.64
70 0.377038 0.16 0.217038
70 0.217038 0.16 0.0570379
28 0.8 0.16 0.64
41 0.8 0.16 0.64
69 0.64 0.16 0.48
28 0.718061 0.016 0.702061
41 0.71524 0.016 0.69924
69 0.553598 0.016 0.537598
69 0.537598 0.16 0.377598
28 0.702061 0.16 0.542061
35 0.8 0.16 0.64
41 0.69924 0.16 0.53924
35 0.64 0.16 0.48
41 0.53924 0.16 0.37924
41 0.37924 0.16 0.21924
35 0.48 0.16 0.32
25 0.8 0.016 0.784
35 0.477016 0.016 0.461016
53 0.8 0.016 0.784
35 0.461016 0.16 0.301016
25 0.784 0.16 0.624
53 0.784 0.16 0.624
53 0.624 0.16 0.464
25 0.624 0.16 0.464
63 0.8 0.16 0.64
63 0.64 0.16 0.48
63 0.557365 0.016 0.541365
63 0.541365 0.16 0.381365
36 0.8 0.016 0.784
42 0.8 0.016 0.784
57 0.8 0.016 0.784
57 0.784 0.16 0.624
42 0.784 0.16 0.624
42 0.624 0.16 0.464
36 0.784 0.16 0.624
12 0.8 0.016 0.784
31 0.8 0.016 0.784
12 0.784 0.16 0.624
31 0.784 0.16 0.624
50 0.8 0.16 0.64
31 0.624 0.16 0.464
50 0.64 0.16 0.48
50 0.555839 0.016 0.539839
50 0.539839 0.16 0.379839
6 0.8 0.016 0.784
23 0.8 0.016 0.784
6 0.784 0.16 0.624
23 0.784 0.16 0.624
32 0.8 0.16 0.64
32 0.64 0.16 0.48
32 0.557316 0.016 0.541316
32 0.541316 0.16 0.381316
65 0.8 0.16 0.64
66 0.8 0.16 0.64
14 0.8 0.016 0.784
24 0.8 0.016 0.784
65 0.715828 0.016 0.699828
66 0.711925 0.016 0.695925
66 0.695925 0.16 0.535925
14 0.784 0.16 0.624
24 0.784 0.16 0.624
65 0.699828 0.16 0.539828
65 0.539828 0.16 0.379828
24 0.624 0.16 0.464
14 0.624 0.16 0.464
67 0.8 0.16 0.64
67 0.64 0.16 0.48
67 0.558582 0.016 0.542582
67 0.542582 0.16 0.382582
55 0.8 0.16 0.64
55 0.713834 0.016 0.697834
55 0.697834 0.16 0.537834
5 0.8 0.16 0.64
40 0.8 0.16 0.64
5 0.715908 0.016 0.699908
40 0.719597 0.016 0.703597
40 0.703597 0.16 0.543597
5 0.699908 0.16 0.539908
5 0.539908 0.16 0.379908
13 0.8 0.016 0.784
13 0.784 0.16 0.624
47 0.8 0.16 0.64
52 0.8 0.16 0.64
16 0.8 0.016 0.784
47 0.711594 0.016 0.695594
52 0.714231 0.016 0.698231
47 0.695594 0.16 0.535594
16 0.784 0.16 0.624
45 0.8 0.16 0.64
52 0.698231 0.16 0.538231
52 0.538231 0.16 0.378231
16 0.624 0.16 0.464
45 0.64 0.16 0.48
16 0.464 0.16 0.304
9 0.8 0.16 0.64
45 0.48 0.16 0.32
54 0.8 0.16 0.64
45 0.396024 0.016 0.380024
54 0.710859 0.016 0.694859
45 0.380024 0.16 0.220024
9 0.71925 0.16 0.55925
54 0.694859 0.16 0.534859
54 0.534859 0.16 0.374859
9 0.55925 0.16 0.39925
44 0.8 0.16 0.64
9 0.472423 0.016 0.456423
30 0.8 0.016 0.784
44 0.713866 0.016 0.697866
9 0.456423 0.16 0.296423
30 0.784 0.16 0.624
44 0.697866 0.16 0.537866
3 0.8 0.16 0.64
18 0.8 0.16 0.64
44 0.537866 0.16 0.377866
44 0.377866 0.16 0.217866
3 0.64 0.16 0.48
18 0.64 0.16 0.48
3 0.555605 0.016 0.539605
18 0.55575 0.016 0.53975
18 0.53975 0.16 0.37975
3 0.539605 0.16 0.379605
3 0.379605 0.16 0.219605
27 0.8 0.16 0.64
27 0.716969 0.016 0.700969
27 0.700969 0.16 0.540969
20 0.8 0.016 0.784
26 0.8 0.016 0.784
20 0.784 0.16 0.624
26 0.784 0.16 0.624
26 0.624 0.16 0.464
1 0.8 0.016 0.784
1 0.784 0.16 0.624
10 0.8 0.016 0.784
21 0.8 0.016 0.784
21 0.784 0.16 0.624
10 0.784 0.16 0.624
7 0.8 0.16 0.64
38 0.8 0.16 0.64
7 0.710871 0.016 0.694871
7 0.694871 0.16 0.534871
38 0.710048 0.16 0.550048
38 0.623863 0.016 0.607863
48 0.8 0.016 0.784
48 0.784 0.16 0.624
38 0.607863 0.16 0.447863
49 0.8 0.16 0.64
49 0.714346 0.016 0.698346
49 0.698346 0.16 0.538346
51 0.8 0.16 0.64
64 0.8 0.16 0.64
51 0.715114 0.016 0.699114
64 0.711122 0.016 0.695122
64 0.695122 0.16 0.535122
51 0.699114 0.16 0.539114
51 0.539114 0.16 0.379114
60 0.8 0.016 0.784
60 0.784 0.16 0.624
29 0.8 0.016 0.784
29 0.784 0.16 0.624
