81 4180 0 100 154244368 1.25268 1.25268
86 4177 0 100 154265272 1.25268 1.25268
73 4184 0 100 121537028 1.35268 1.35268
79 4187 0 100 121530068 1.55268 1.55268
61 4203 0 100 88854660 1.65268 1.65268
22 4211 0 100 154253464 1.65268 1.65268
36 4227 0 100 88854268 1.95268 1.95268
52 4222 0 100 154273704 1.95268 1.95268
8 4231 0 100 121551080 2.05268 2.05268
25 4185 0 100 154286208 2.05268 2.05268
50 4172 0 100 121532468 2.25268 2.25268
49 4190 0 100 88856064 2.35268 2.35268
34 4229 0 100 121529612 2.35268 2.35268
41 4173 0 100 121545986 2.35268 2.35268
89 4183 0 100 154285152 2.35268 2.35268
75 4207 0 100 88850560 2.65268 2.65268
19 4200 0 100 121556066 2.65268 2.65268
11 4234 0 100 154247456 2.65268 2.65268
35 4223 0 100 88869700 2.75268 2.75268
54 4233 0 100 88871416 2.75268 2.75268
74 4213 0 100 121567922 2.75268 2.75268
21 4210 0 100 154269816 2.75268 2.75268
40 4199 0 100 88850172 2.85268 2.85268
65 4208 0 100 88868640 2.85268 2.85268
14 4265 0 100 121552118 2.95268 2.95268
83 4240 0 100 121532480 3.05268 3.05268
5 4267 0 100 56203492 3.15268 3.15268
33 4250 0 100 88871748 3.25268 3.25268
47 4253 0 100 121546430 3.25268 3.25268
10 4272 0 100 56206234 3.35268 3.35268
58 4268 0 100 88867044 3.35268 3.35268
16 4209 0 100 154254048 3.35268 3.35268
53 4193 0 100 154243040 3.45268 3.45268
67 4219 0 100 154243968 3.45268 3.45268
57 4198 0 100 154292704 3.45268 3.45268
1 4230 0 100 88845944 3.55268 3.55268
77 4189 0 100 88861288 3.55268 3.55268
13 4204 0 100 88866784 3.55268 3.55268
30 4206 0 100 88872256 3.55268 3.55268
80 4174 0 100 121535816 3.65268 3.65268
46 4192 0 100 154294352 3.65268 3.65268
71 4182 0 100 121571324 3.85268 3.85268
59 4178 0 100 121563608 3.95268 3.95268
78 4243 0 100 121546652 4.05268 4.05268
64 4273 0 100 154261448 4.05268 4.05268
12 4238 0 100 88853048 4.25268 4.25268
43 4262 0 100 88856988 4.25268 4.25268
7 4220 0 100 154258176 4.25268 4.25268
76 4181 0 100 154264760 4.25268 4.25268
70 4196 0 100 121542176 4.45268 4.45268
42 4225 0 100 154304392 4.45268 4.45268
17 4176 0 100 121557398 4.55268 4.55268
29 4212 0 100 154265800 4.65268 4.65268
87 4263 0 100 88874328 4.75268 4.75268
24 4244 0 100 121554200 4.85268 4.85268
62 4248 0 100 154291048 4.95268 4.95268
45 4195 0 100 56198680 5.45268 5.45268
72 4246 0 100 56206938 5.55268 5.55268
56 4214 0 100 88866428 5.55268 5.55268
4 4175 0 100 88867216 5.55268 5.55268
37 4260 0 100 154277992 5.55268 5.55268
44 4217 0 100 121540160 5.65268 5.65268
27 4258 0 100 88854876 5.75268 5.75268
69 4202 0 100 88872364 5.85268 5.85268
32 4188 0 100 154289064 5.85268 5.85268
3 4236 0 100 121554542 5.95268 5.95268
60 4197 0 100 121571564 5.95268 5.95268
90 4224 0 100 88856796 6.15268 6.15268
9 4278 0 100 88866988 6.15268 6.15268
2 4261 0 100 154297368 6.15268 6.15268
39 4251 0 100 88864596 6.25268 6.25268
15 4257 0 100 88869336 6.25268 6.25268
48 4254 0 100 154293408 6.25268 6.25268
20 4270 0 100 121528682 6.45268 6.45268
68 4216 0 100 88870268 6.55268 6.55268
85 4245 0 100 88873680 6.55268 6.55268
31 4274 0 100 121567388 6.65268 6.65268
84 4277 0 100 121574084 6.75268 6.75268
88 4271 0 100 121530170 6.85268 6.85268
63 4226 0 100 121532354 6.95268 6.95268
28 4239 0 100 154303144 6.95268 6.95268
66 4255 0 100 121552292 7.15268 7.15268
82 4241 0 100 121561028 7.15268 7.15268
55 4252 0 100 154268144 7.25268 7.25268
38 4276 0 100 88870136 7.45268 7.45268
26 4269 0 100 121528784 7.95268 7.95268
