22 3120 1.0011
28 3121 1.00262
19 3122 1.01895
14 3123 1.02194
11 3124 1.04565
38 3126 1.07647
23 3128 1.19803
36 3129 1.20857
15 3131 1.30217
24 3132 1.32973
4 3133 1.35783
27 3135 1.40121
17 3136 1.43562
20 3137 1.45335
40 3139 1.57062
16 3142 1.7142
35 3144 1.77713
37 3145 1.79117
32 3146 1.79461
39 3147 1.86374
12 3149 1.91366
25 3151 2.02425
1 3153 2.13804
29 3154 2.15152
21 3156 2.25811
5 3157 2.26229
10 3159 2.33587
6 3161 2.40623
30 3162 2.46402
8 3164 2.48431
9 3165 2.56943
33 3167 2.60876
13 3168 2.62085
7 3169 2.66112
34 3170 2.66566
26 3172 2.68882
31 3173 2.6951
18 3174 2.69575
2 3176 2.85771
3 3178 2.92462
