55 0.8 0.016 0.784
55 0.784 0.16 0.624
7 0.8 0.016 0.784
7 0.784 0.16 0.624
5 0.8 0.16 0.64
56 0.8 0.16 0.64
5 0.712437 0.016 0.696437
56 0.710914 0.016 0.694914
56 0.694914 0.16 0.534914
5 0.696437 0.16 0.536437
5 0.536437 0.16 0.376437
17 0.8 0.016 0.784
17 0.784 0.16 0.624
33 0.8 0.016 0.784
33 0.784 0.16 0.624
27 0.8 0.16 0.64
27 0.711993 0.016 0.695993
27 0.695993 0.16 0.535993
4 0.8 0.016 0.784
4 0.784 0.16 0.624
42 0.8 0.016 0.784
42 0.784 0.16 0.624
41 0.8 0.16 0.64
41 0.714073 0.016 0.698073
41 0.698073 0.16 0.538073
2 0.8 0.16 0.64
2 0.714887 0.016 0.698887
20 0.8 0.016 0.784
20 0.784 0.16 0.624
2 0.698887 0.16 0.538887
2 0.538887 0.16 0.378887
30 0.8 0.016 0.784
30 0.784 0.16 0.624
40 0.8 0.16 0.64
46 0.8 0.16 0.64
40 0.719505 0.016 0.703505
46 0.710051 0.016 0.694051
40 0.703505 0.16 0.543505
46 0.694051 0.16 0.534051
46 0.534051 0.16 0.374051
1 0.8 0.016 0.784
1 0.784 0.16 0.624
25 0.8 0.016 0.784
35 0.8 0.016 0.784
53 0.8 0.016 0.784
35 0.784 0.16 0.624
25 0.784 0.16 0.624
28 0.8 0.16 0.64
34 0.8 0.16 0.64
53 0.784 0.16 0.624
53 0.624 0.16 0.464
25 0.624 0.16 0.464
28 0.64 0.16 0.48
34 0.64 0.16 0.48
25 0.464 0.16 0.304
28 0.48 0.16 0.32
34 0.48 0.16 0.32
28 0.395138 0.016 0.379138
34 0.392572 0.016 0.376572
34 0.376572 0.16 0.216572
28 0.379138 0.16 0.219138
18 0.8 0.16 0.64
18 0.64 0.16 0.48
18 0.556762 0.016 0.540762
29 0.8 0.016 0.784
18 0.540762 0.16 0.380762
29 0.784 0.16 0.624
29 0.624 0.16 0.464
14 0.8 0.16 0.64
14 0.715769 0.016 0.699769
14 0.699769 0.16 0.539769
16 0.8 0.16 0.64
21 0.8 0.16 0.64
31 0.8 0.16 0.64
6 0.8 0.016 0.784
16 0.717676 0.016 0.701676
21 0.716974 0.016 0.700974
16 0.701676 0.16 0.541676
6 0.784 0.16 0.624
19 0.8 0.16 0.64
21 0.700974 0.16 0.540974
26 0.8 0.16 0.64
31 0.716519 0.16 0.556519
6 0.624 0.16 0.464
21 0.540974 0.16 0.380974
19 0.64 0.16 0.48
26 0.64 0.16 0.48
31 0.556519 0.16 0.396519
19 0.48 0.16 0.32
26 0.48 0.16 0.32
31 0.396519 0.16 0.236519
19 0.39935 0.016 0.38335
26 0.393802 0.016 0.377802
31 0.313243 0.016 0.297243
26 0.377802 0.16 0.217802
19 0.38335 0.16 0.22335
31 0.297243 0.16 0.137243
19 0.22335 0.16 0.0633496
44 0.8 0.016 0.784
44 0.784 0.16 0.624
31 0.513817 0.16 0.353817
23 0.8 0.016 0.784
24 0.8 0.016 0.784
60 0.8 0.016 0.784
24 0.784 0.16 0.624
23 0.784 0.16 0.624
38 0.8 0.16 0.64
50 0.8 0.16 0.64
60 0.784 0.16 0.624
60 0.624 0.16 0.464
23 0.624 0.16 0.464
38 0.64 0.16 0.48
50 0.64 0.16 0.48
38 0.48 0.16 0.32
50 0.48 0.16 0.32
38 0.394103 0.016 0.378103
50 0.394355 0.016 0.378355
50 0.378355 0.16 0.218355
38 0.378103 0.16 0.218103
38 0.218103 0.16 0.0581025
13 0.8 0.016 0.784
13 0.784 0.16 0.624
11 0.8 0.16 0.64
45 0.8 0.16 0.64
51 0.8 0.16 0.64
45 0.717867 0.016 0.701867
51 0.710691 0.016 0.694691
45 0.701867 0.16 0.541867
11 0.716831 0.16 0.556831
51 0.694691 0.16 0.534691
51 0.534691 0.16 0.374691
11 0.556831 0.16 0.396831
11 0.475542 0.016 0.459542
11 0.459542 0.16 0.299542
49 0.8 0.016 0.784
49 0.784 0.16 0.624
3 0.8 0.16 0.64
3 0.715907 0.016 0.699907
3 0.699907 0.16 0.539907
36 0.8 0.016 0.784
48 0.8 0.016 0.784
52 0.8 0.016 0.784
48 0.784 0.16 0.624
52 0.784 0.16 0.624
15 0.8 0.16 0.64
36 0.784 0.16 0.624
15 0.64 0.16 0.48
36 0.624 0.16 0.464
36 0.464 0.16 0.304
12 0.8 0.16 0.64
15 0.48 0.16 0.32
12 0.717992 0.016 0.701992
15 0.396886 0.016 0.380886
15 0.380886 0.16 0.220886
12 0.701992 0.16 0.541992
12 0.541992 0.16 0.381992
43 0.8 0.016 0.784
43 0.784 0.16 0.624
39 0.8 0.16 0.64
39 0.712872 0.016 0.696872
39 0.696872 0.16 0.536872
32 0.8 0.16 0.64
32 0.718271 0.016 0.702271
32 0.702271 0.16 0.542271
37 0.8 0.16 0.64
37 0.71028 0.016 0.69428
37 0.69428 0.16 0.53428
10 0.8 0.16 0.64
59 0.8 0.16 0.64
10 0.718604 0.016 0.702604
59 0.712746 0.016 0.696746
59 0.696746 0.16 0.536746
10 0.702604 0.16 0.542604
8 0.8 0.16 0.64
8 0.64 0.16 0.48
8 0.558466 0.016 0.542466
8 0.542466 0.16 0.382466
47 0.8 0.016 0.784
57 0.8 0.016 0.784
58 0.8 0.016 0.784
47 0.784 0.16 0.624
57 0.784 0.16 0.624
58 0.784 0.16 0.624
9 0.8 0.16 0.64
9 0.710345 0.016 0.694345
9 0.694345 0.16 0.534345
22 0.8 0.016 0.784
22 0.784 0.16 0.624
54 0.8 0.016 0.784
54 0.784 0.16 0.624
