81 4410 1.00547
56 4411 1.02117
23 4412 1.02332
42 4413 1.03675
18 4414 1.04582
85 4415 1.05041
35 4417 1.08484
24 4418 1.08999
21 4419 1.10055
47 4420 1.11198
40 4421 1.11967
51 4423 1.17231
57 4424 1.19256
88 4425 1.21384
75 4427 1.28628
73 4428 1.331
55 4429 1.33523
45 4430 1.34832
11 4432 1.42192
67 4433 1.45881
74 4435 1.47693
79 4436 1.48554
91 4437 1.51176
90 4438 1.51494
69 4439 1.52088
30 4440 1.52092
93 4442 1.61186
9 4443 1.61896
41 4444 1.62798
84 4445 1.63075
52 4446 1.63237
92 4448 1.67255
64 4449 1.69067
61 4450 1.69506
22 4451 1.7384
65 4453 1.79128
70 4454 1.80447
14 4455 1.84695
33 4457 1.88026
80 4458 1.90157
62 4459 1.91217
32 4460 1.91853
27 4461 1.92314
3 4462 1.94946
6 4464 1.9722
43 4465 1.99522
26 4466 2.00222
17 4467 2.01934
25 4468 2.02656
2 4469 2.0448
76 4471 2.06651
98 4472 2.06968
78 4473 2.08544
97 4474 2.08638
5 4475 2.08876
20 4476 2.09955
49 4477 2.12503
36 4478 2.15532
94 4479 2.15706
63 4480 2.15775
95 4482 2.1633
99 4483 2.20332
60 4484 2.20417
66 4485 2.2044
28 4486 2.21848
100 4487 2.23241
31 4489 2.27915
19 4490 2.30992
7 4491 2.3122
34 4492 2.34169
58 4493 2.35236
48 4494 2.35573
4 4496 2.36151
82 4497 2.36372
72 4498 2.37657
50 4499 2.4246
59 4500 2.44648
15 4502 2.46453
46 4503 2.47599
54 4504 2.49654
89 4505 2.52243
1 4506 2.54608
44 4508 2.61829
37 4509 2.6291
39 4510 2.6447
83 4511 2.65649
86 4513 2.6782
68 4514 2.70793
96 4515 2.74873
8 4517 2.76217
12 4518 2.76958
10 4519 2.84527
53 4520 2.84678
71 4521 2.85806
38 4523 2.87257
29 4524 2.89307
16 4525 2.92543
13 4527 2.97853
87 4528 2.98068
77 4529 2.99096
