0 3300
0 3301
0 3302
0 3303
0 3304
0 3305
0 3306
0 3307
0 3308
0 3309
0 3311
0 3316
0 3319
0 3322
22 3313
45 3315
0 3327
0 3329
0 3334
0 3336
39 3324
0 3337
0 3341
0 3342
32 3323
0 3349
0 3352
0 3354
0 3359
0 3365
31 3362
36 3364
0 3368
20 3343
30 3332
0 3372
17 3321
0 3376
8 3328
0 3378
0 3380
0 3381
44 3325
7 3317
0 3382
9 3335
33 3366
25 3312
0 3383
50 3377
0 3384
43 3348
48 3314
0 3385
1 3347
23 3351
0 3386
21 3331
12 3379
0 3387
27 3357
0 3388
3 3370
14 3333
0 3389
0 3390
10 3374
0 3391
0 3392
0 3393
0 3394
26 3318
0 3395
0 3396
41 3340
42 3320
24 3353
0 3397
0 3398
0 3399
29 3356
16 3338
0 3400
0 3401
0 3402
0 3403
0 3404
0 3405
28 3363
0 3406
0 3407
37 3373
0 3408
46 3326
47 3310
0 3409
15 3346
0 3410
49 3358
0 3411
19 3350
0 3412
6 3360
0 3413
2 3330
0 3414
11 3369
40 3355
13 3375
34 3339
0 3415
18 3345
4 3344
0 3416
0 3417
0 3418
0 3419
0 3420
5 3371
35 3361
0 3421
0 3422
0 3423
0 3424
38 3367
0 3425
0 3426
0 3427
0 3428
0 3429
0 3430
0 3431
0 3432
0 3433
0 3434
0 3435
0 3436
0 3437
0 3438
0 3439
0 3440
0 3441
0 3442
0 3443
0 3444
0 3445
0 3446
0 3447
0 3448
0 3449
0 3450
0 3451
0 3452
0 3453
0 3454
0 3455
0 3456
0 3457
0 3458
0 3459
0 3460
0 3461
0 3462
0 3463
0 3464
0 3465
0 3466
0 3467
0 3468
0 3469
0 3470
0 3471
0 3472
0 3473
0 3474
0 3475
0 3476
0 3477
0 3478
0 3479
0 3480
0 3481
0 3482
0 3483
0 3484
0 3485
0 3486
0 3487
0 3488
0 3489
0 3490
0 3491
0 3492
0 3493
0 3494
0 3495
0 3496
0 3497
0 3498
0 3499
