81 0.8 0.016 0.784
86 0.8 0.016 0.784
81 0.784 0.16 0.624
86 0.784 0.16 0.624
73 0.8 0.16 0.64
73 0.71529 0.016 0.69929
73 0.69929 0.16 0.53929
79 0.8 0.016 0.784
79 0.784 0.16 0.624
22 0.8 0.016 0.784
61 0.8 0.016 0.784
61 0.784 0.16 0.624
22 0.784 0.16 0.624
22 0.624 0.16 0.464
36 0.8 0.016 0.784
52 0.8 0.016 0.784
36 0.784 0.16 0.624
52 0.784 0.16 0.624
52 0.624 0.16 0.464
63 0.8 0.16 0.64
8 0.8 0.016 0.784
25 0.8 0.016 0.784
8 0.784 0.16 0.624
25 0.784 0.16 0.624
50 0.8 0.16 0.64
50 0.785944 0.016 0.769944
50 0.769944 0.16 0.609944
34 0.8 0.016 0.784
41 0.8 0.016 0.784
49 0.8 0.016 0.784
89 0.8 0.016 0.784
49 0.784 0.16 0.624
34 0.784 0.16 0.624
41 0.784 0.16 0.624
89 0.784 0.16 0.624
34 0.624 0.16 0.464
41 0.624 0.16 0.464
89 0.624 0.16 0.464
89 0.464 0.16 0.304
89 0.304 0.16 0.144
11 0.8 0.016 0.784
19 0.8 0.016 0.784
75 0.8 0.016 0.784
75 0.784 0.16 0.624
11 0.784 0.16 0.624
19 0.784 0.16 0.624
51 0.8 0.16 0.64
54 0.8 0.16 0.64
19 0.624 0.16 0.464
11 0.624 0.16 0.464
35 0.8 0.16 0.64
51 0.64 0.16 0.48
54 0.64 0.16 0.48
74 0.8 0.16 0.64
11 0.464 0.16 0.304
21 0.8 0.16 0.64
35 0.64 0.16 0.48
51 0.48 0.16 0.32
54 0.48 0.16 0.32
74 0.64 0.16 0.48
21 0.710871 0.016 0.694871
35 0.557899 0.016 0.541899
51 0.397759 0.016 0.381759
54 0.398154 0.016 0.382154
74 0.550591 0.016 0.534591
35 0.541899 0.16 0.381899
54 0.382154 0.16 0.222154
18 0.8 0.16 0.64
21 0.694871 0.16 0.534871
23 0.8 0.16 0.64
40 0.8 0.16 0.64
51 0.381759 0.16 0.221759
65 0.8 0.16 0.64
74 0.534591 0.16 0.374591
18 0.64 0.16 0.48
21 0.534871 0.16 0.374871
23 0.64 0.16 0.48
40 0.64 0.16 0.48
51 0.221759 0.16 0.0617587
65 0.64 0.16 0.48
74 0.374591 0.16 0.214591
74 0.214591 0.16 0.0545912
18 0.48 0.16 0.32
21 0.374871 0.16 0.214871
23 0.48 0.16 0.32
40 0.48 0.16 0.32
51 0.0617587 0.16 -0.0982413
65 0.48 0.16 0.32
21 0.214871 0.16 0.0548708
18 0.32 0.16 0.16
23 0.32 0.16 0.16
40 0.32 0.16 0.16
51 0 0.16 -0.16
65 0.32 0.16 0.16
18 0.234188 0.016 0.218188
23 0.237313 0.016 0.221313
40 0.239478 0.016 0.223478
51 0.0748619 0.016 0.0588619
65 0.236688 0.016 0.220688
40 0.223478 0.16 0.0634776
65 0.220688 0.16 0.060688
18 0.218188 0.16 0.0581883
23 0.221313 0.16 0.0613126
14 0.8 0.16 0.64
18 0.0581883 0.16 -0.101812
23 0.0613126 0.16 -0.0986874
14 0.718508 0.016 0.702508
18 0.0740428 0.016 0.0580428
23 0.0736294 0.016 0.0576294
14 0.702508 0.16 0.542508
23 0.0576294 0.16 -0.102371
83 0.8 0.16 0.64
83 0.714902 0.016 0.698902
83 0.698902 0.16 0.538902
5 0.8 0.016 0.784
5 0.784 0.16 0.624
47 0.8 0.16 0.64
33 0.8 0.016 0.784
47 0.71185 0.016 0.69585
33 0.784 0.16 0.624
10 0.8 0.16 0.64
47 0.69585 0.16 0.53585
47 0.53585 0.16 0.37585
51 0.35584 0.16 0.19584
10 0.64 0.16 0.48
26 0.8 0.16 0.64
10 0.559048 0.016 0.543048
16 0.8 0.016 0.784
58 0.8 0.016 0.784
10 0.543048 0.16 0.383048
16 0.784 0.16 0.624
58 0.784 0.16 0.624
58 0.624 0.16 0.464
16 0.624 0.16 0.464
53 0.8 0.16 0.64
23 0.29472 0.16 0.13472
18 0.358574 0.16 0.198574
18 0.198574 0.16 0.0385743
16 0.464 0.16 0.304
51 0.269307 0.16 0.109307
53 0.64 0.16 0.48
26 0.716368 0.16 0.556368
53 0.551812 0.016 0.535812
57 0.8 0.016 0.784
67 0.8 0.016 0.784
23 0.211938 0.16 0.0519377
53 0.535812 0.16 0.375812
67 0.784 0.16 0.624
57 0.784 0.16 0.624
1 0.8 0.16 0.64
13 0.8 0.16 0.64
77 0.8 0.16 0.64
1 0.64 0.16 0.48
6 0.8 0.16 0.64
13 0.64 0.16 0.48
30 0.8 0.16 0.64
77 0.64 0.16 0.48
1 0.48 0.16 0.32
6 0.64 0.16 0.48
13 0.48 0.16 0.32
30 0.64 0.16 0.48
77 0.48 0.16 0.32
1 0.393696 0.016 0.377696
6 0.552802 0.016 0.536802
13 0.398003 0.016 0.382003
30 0.557545 0.016 0.541545
77 0.391777 0.016 0.375777
1 0.377696 0.16 0.217696
77 0.375777 0.16 0.215777
13 0.382003 0.16 0.222003
30 0.541545 0.16 0.381545
6 0.536802 0.16 0.376802
80 0.8 0.16 0.64
6 0.376802 0.16 0.216802
80 0.64 0.16 0.48
6 0.216802 0.16 0.0568023
6 0.0568023 0.16 -0.103198
80 0.48 0.16 0.32
6 0.0780697 0.016 0.0620697
46 0.8 0.016 0.784
80 0.398241 0.016 0.382241
80 0.382241 0.16 0.222241
6 0.0620697 0.16 -0.0979303
46 0.784 0.16 0.624
46 0.624 0.16 0.464
71 0.8 0.16 0.64
71 0.787892 0.016 0.771892
71 0.771892 0.16 0.611892
59 0.8 0.016 0.784
18 0.480855 0.16 0.320855
59 0.784 0.16 0.624
64 0.8 0.016 0.784
78 0.8 0.016 0.784
78 0.784 0.16 0.624
64 0.784 0.16 0.624
64 0.624 0.16 0.464
6 0.296591 0.16 0.136591
12 0.8 0.16 0.64
6 0.216576 0.16 0.0565761
7 0.8 0.016 0.784
12 0.790859 0.016 0.774859
43 0.8 0.016 0.784
76 0.8 0.016 0.784
12 0.774859 0.16 0.614859
43 0.784 0.16 0.624
7 0.784 0.16 0.624
76 0.784 0.16 0.624
7 0.624 0.16 0.464
76 0.624 0.16 0.464
7 0.464 0.16 0.304
76 0.464 0.16 0.304
42 0.8 0.016 0.784
70 0.8 0.016 0.784
70 0.784 0.16 0.624
17 0.8 0.16 0.64
42 0.784 0.16 0.624
42 0.624 0.16 0.464
17 0.64 0.16 0.48
17 0.553118 0.016 0.537118
17 0.537118 0.16 0.377118
29 0.8 0.16 0.64
29 0.71027 0.016 0.69427
29 0.69427 0.16 0.53427
87 0.8 0.16 0.64
87 0.715165 0.016 0.699165
87 0.699165 0.16 0.539165
24 0.8 0.016 0.784
24 0.784 0.16 0.624
62 0.8 0.16 0.64
62 0.714306 0.016 0.698306
62 0.698306 0.16 0.538306
45 0.8 0.016 0.784
45 0.784 0.16 0.624
4 0.8 0.16 0.64
56 0.8 0.16 0.64
72 0.8 0.16 0.64
4 0.714795 0.016 0.698795
37 0.8 0.016 0.784
56 0.718729 0.016 0.702729
72 0.710129 0.016 0.694129
72 0.694129 0.16 0.534129
4 0.698795 0.16 0.538795
37 0.784 0.16 0.624
44 0.8 0.16 0.64
56 0.702729 0.16 0.542729
56 0.542729 0.16 0.382729
4 0.538795 0.16 0.378795
37 0.624 0.16 0.464
44 0.64 0.16 0.48
37 0.464 0.16 0.304
37 0.304 0.16 0.144
27 0.8 0.16 0.64
44 0.48 0.16 0.32
44 0.396673 0.016 0.380673
44 0.380673 0.16 0.220673
27 0.715815 0.16 0.555815
27 0.629813 0.016 0.613813
27 0.613813 0.16 0.453813
32 0.8 0.016 0.784
69 0.8 0.016 0.784
69 0.784 0.16 0.624
3 0.8 0.16 0.64
32 0.784 0.16 0.624
60 0.8 0.16 0.64
32 0.624 0.16 0.464
3 0.64 0.16 0.48
60 0.64 0.16 0.48
3 0.554148 0.016 0.538148
60 0.5582 0.016 0.5422
3 0.538148 0.16 0.378148
60 0.5422 0.16 0.3822
2 0.8 0.016 0.784
9 0.8 0.016 0.784
90 0.8 0.016 0.784
90 0.784 0.16 0.624
9 0.784 0.16 0.624
2 0.784 0.16 0.624
15 0.8 0.16 0.64
39 0.8 0.16 0.64
2 0.624 0.16 0.464
15 0.64 0.16 0.48
39 0.64 0.16 0.48
2 0.464 0.16 0.304
15 0.48 0.16 0.32
39 0.48 0.16 0.32
48 0.8 0.16 0.64
15 0.39546 0.016 0.37946
39 0.390155 0.016 0.374155
48 0.715136 0.016 0.699136
39 0.374155 0.16 0.214155
15 0.37946 0.16 0.21946
48 0.699136 0.16 0.539136
48 0.539136 0.16 0.379136
48 0.379136 0.16 0.219136
20 0.8 0.016 0.784
20 0.784 0.16 0.624
85 0.8 0.16 0.64
68 0.8 0.016 0.784
85 0.719756 0.016 0.703756
68 0.784 0.16 0.624
85 0.703756 0.16 0.543756
31 0.8 0.016 0.784
31 0.784 0.16 0.624
84 0.8 0.16 0.64
84 0.718774 0.016 0.702774
84 0.702774 0.16 0.542774
88 0.8 0.16 0.64
88 0.71328 0.016 0.69728
88 0.69728 0.16 0.53728
63 0.8 0.16 0.64
28 0.8 0.016 0.784
63 0.714157 0.016 0.698157
63 0.698157 0.16 0.538157
28 0.784 0.16 0.624
28 0.624 0.16 0.464
66 0.8 0.16 0.64
82 0.8 0.16 0.64
66 0.792899 0.016 0.776899
82 0.794313 0.016 0.778313
66 0.776899 0.16 0.616899
82 0.778313 0.16 0.618313
55 0.8 0.016 0.784
55 0.784 0.16 0.624
38 0.8 0.016 0.784
38 0.784 0.16 0.624
26 0.8 0.016 0.784
26 0.784 0.16 0.624
