42 3940 0 100 121548392 1.38628 1.38628
48 3952 0 100 121549430 1.48628 1.48628
36 3994 0 100 88847968 1.98628 1.98628
41 3991 0 100 121574420 1.98628 1.98628
17 3977 0 100 121558616 2.08628 2.08628
3 4001 0 100 154245720 2.18628 2.18628
13 3945 0 100 56200444 2.58628 2.58628
66 3997 0 100 56203420 2.68628 2.68628
68 4003 0 100 121574924 2.68628 2.68628
38 3984 0 100 88862760 2.78628 2.78628
25 4029 0 100 88865684 2.78628 2.78628
12 3973 0 100 121539524 2.78628 2.78628
27 3980 0 100 121533632 2.88628 2.88628
62 4006 0 100 121551872 2.88628 2.88628
74 4020 0 100 121554158 2.88628 2.88628
16 3978 0 100 121556234 2.88628 2.88628
67 4017 0 100 121563224 2.88628 2.88628
58 3999 0 100 121532396 2.98628 2.98628
32 4036 0 100 121548434 2.98628 2.98628
40 3975 0 100 88872120 3.08628 3.08628
28 3970 0 100 154249920 3.08628 3.08628
8 3995 0 100 154255456 3.08628 3.08628
47 3992 0 100 88859988 3.18628 3.18628
4 3964 0 100 88874508 3.28628 3.28628
9 3962 0 100 121529414 3.28628 3.28628
52 4021 0 100 121550720 3.28628 3.28628
44 3979 0 100 154283368 3.28628 3.28628
46 4028 0 100 88867984 3.48628 3.48628
21 4027 0 100 88868168 3.48628 3.48628
18 3944 0 100 56204196 3.68628 3.68628
5 3963 0 100 121556816 3.68628 3.68628
37 3985 0 100 121563356 3.68628 3.68628
26 3957 0 100 121544132 3.78628 3.78628
43 3967 0 100 154244800 3.78628 3.78628
54 4016 0 100 154247248 3.78628 3.78628
35 3976 0 100 121575086 3.88628 3.88628
51 3988 0 100 88874112 4.08628 4.08628
24 3942 0 100 121529072 4.08628 4.08628
73 4026 0 100 121533740 4.08628 4.08628
1 3946 0 100 154286552 4.08628 4.08628
80 4010 0 100 121543058 4.28628 4.28628
50 3990 0 100 121533254 4.38628 4.38628
2 3972 0 100 121553918 4.38628 4.38628
72 3996 0 100 154283528 4.38628 4.38628
6 3953 0 100 154269488 4.48628 4.48628
55 3965 0 100 88862036 4.68628 4.68628
53 4005 0 100 88854508 4.88628 4.88628
77 3958 0 100 88866504 4.88628 4.88628
79 3969 0 100 154251384 4.88628 4.88628
57 4025 0 100 88853264 4.98628 4.98628
33 3951 0 100 154281072 4.98628 4.98628
45 3993 0 100 121569704 5.08628 5.08628
69 4032 0 100 121571864 5.38628 5.38628
15 3947 0 100 154297664 5.38628 5.38628
65 3950 0 100 88871264 5.58628 5.58628
11 4012 0 100 88872536 5.58628 5.58628
34 3955 0 100 154248840 5.58628 5.58628
71 3941 0 100 154297632 5.58628 5.58628
75 4030 0 100 88873204 5.78628 5.78628
39 3968 0 100 121541558 5.78628 5.78628
76 3971 0 100 88873900 5.88628 5.88628
30 4038 0 100 154297296 5.88628 5.88628
59 4008 0 100 56202478 5.98628 5.98628
70 4002 0 100 121534682 5.98628 5.98628
29 4014 0 100 154257768 5.98628 5.98628
7 4023 0 100 121539764 6.08628 6.08628
56 3959 0 100 154273632 6.08628 6.08628
20 3949 0 100 88852136 6.18628 6.18628
23 4033 0 100 154292848 6.38628 6.38628
31 3987 0 100 121562414 6.48628 6.48628
64 3981 0 100 154299456 6.48628 6.48628
49 4004 0 100 154302824 6.58628 6.58628
22 3986 0 100 121543454 6.68628 6.68628
14 4018 0 100 88848692 6.88628 6.88628
61 3982 0 100 121536914 6.88628 6.88628
60 4022 0 100 88856616 7.18628 7.18628
78 4035 0 100 121549136 7.28628 7.28628
10 4013 0 100 121563566 7.48628 7.48628
63 4037 0 100 88866072 7.68628 7.68628
