0 4160
0 4161
0 4162
0 4163
0 4164
0 4165
0 4166
0 4167
0 4168
0 4169
0 4171
0 4179
0 4186
81 4180
86 4177
0 4191
73 4184
0 4194
0 4205
79 4187
0 4215
61 4203
22 4211
0 4218
0 4221
0 4228
36 4227
52 4222
0 4232
8 4231
25 4185
0 4237
0 4242
50 4172
0 4249
49 4190
34 4229
41 4173
89 4183
0 4256
0 4259
0 4264
75 4207
19 4200
11 4234
0 4266
35 4223
54 4233
74 4213
21 4210
0 4275
40 4199
65 4208
0 4279
14 4265
0 4280
83 4240
0 4281
5 4267
0 4282
33 4250
47 4253
51 4201
0 4283
10 4272
58 4268
23 4170
16 4209
18 4247
51 4201
0 4284
23 4170
53 4193
67 4219
57 4198
0 4285
1 4230
77 4189
13 4204
30 4206
0 4286
80 4174
46 4192
0 4287
0 4288
71 4182
0 4289
59 4178
18 4247
0 4290
78 4243
64 4273
6 4235
0 4291
6 4235
0 4292
12 4238
43 4262
7 4220
76 4181
0 4293
0 4294
70 4196
42 4225
0 4295
17 4176
0 4296
29 4212
0 4297
87 4263
0 4298
24 4244
0 4299
62 4248
0 4300
0 4301
0 4302
0 4303
0 4304
45 4195
0 4305
72 4246
56 4214
4 4175
37 4260
0 4306
44 4217
0 4307
27 4258
0 4308
69 4202
32 4188
0 4309
3 4236
60 4197
0 4310
0 4311
90 4224
9 4278
2 4261
0 4312
39 4251
15 4257
48 4254
0 4313
0 4314
20 4270
0 4315
68 4216
85 4245
0 4316
31 4274
0 4317
84 4277
0 4318
88 4271
0 4319
63 4226
28 4239
0 4320
0 4321
66 4255
82 4241
0 4322
55 4252
0 4323
0 4324
38 4276
0 4325
0 4326
0 4327
0 4328
0 4329
26 4269
0 4330
0 4331
0 4332
0 4333
0 4334
0 4335
0 4336
0 4337
0 4338
0 4339
0 4340
0 4341
0 4342
0 4343
0 4344
0 4345
0 4346
0 4347
0 4348
0 4349
0 4350
0 4351
0 4352
0 4353
0 4354
0 4355
0 4356
0 4357
0 4358
0 4359
0 4360
0 4361
0 4362
0 4363
0 4364
0 4365
0 4366
0 4367
0 4368
0 4369
0 4370
0 4371
0 4372
0 4373
0 4374
0 4375
0 4376
0 4377
0 4378
0 4379
0 4380
0 4381
0 4382
0 4383
0 4384
0 4385
0 4386
0 4387
0 4388
0 4389
0 4390
0 4391
0 4392
0 4393
0 4394
0 4395
0 4396
0 4397
0 4398
0 4399
