18 0.8 0.016 0.784
18 0.784 0.16 0.624
51 0.8 0.016 0.784
51 0.784 0.16 0.624
47 0.8 0.016 0.784
47 0.784 0.16 0.624
11 0.8 0.16 0.64
11 0.712863 0.016 0.696863
11 0.696863 0.16 0.536863
61 0.8 0.016 0.784
64 0.8 0.016 0.784
64 0.784 0.16 0.624
61 0.784 0.16 0.624
61 0.624 0.16 0.464
3 0.8 0.016 0.784
3 0.784 0.16 0.624
43 0.8 0.16 0.64
43 0.712456 0.016 0.696456
43 0.696456 0.16 0.536456
62 0.8 0.016 0.784
62 0.784 0.16 0.624
26 0.8 0.16 0.64
26 0.712561 0.016 0.696561
65 0.8 0.016 0.784
26 0.696561 0.16 0.536561
65 0.784 0.16 0.624
65 0.624 0.16 0.464
28 0.8 0.016 0.784
45 0.8 0.016 0.784
58 0.8 0.016 0.784
58 0.784 0.16 0.624
14 0.8 0.16 0.64
28 0.784 0.16 0.624
45 0.784 0.16 0.624
45 0.624 0.16 0.464
28 0.624 0.16 0.464
28 0.464 0.16 0.304
14 0.64 0.16 0.48
63 0.8 0.16 0.64
14 0.552661 0.016 0.536661
63 0.710161 0.016 0.694161
14 0.536661 0.16 0.376661
32 0.8 0.16 0.64
63 0.694161 0.16 0.534161
63 0.534161 0.16 0.374161
32 0.64 0.16 0.48
32 0.559292 0.016 0.543292
32 0.543292 0.16 0.383292
21 0.8 0.16 0.64
75 0.8 0.16 0.64
4 0.8 0.016 0.784
9 0.8 0.016 0.784
21 0.717423 0.016 0.701423
75 0.716612 0.016 0.700612
75 0.700612 0.16 0.540612
21 0.701423 0.16 0.541423
4 0.784 0.16 0.624
9 0.784 0.16 0.624
33 0.8 0.16 0.64
4 0.624 0.16 0.464
9 0.624 0.16 0.464
33 0.64 0.16 0.48
9 0.464 0.16 0.304
4 0.464 0.16 0.304
33 0.48 0.16 0.32
4 0.304 0.16 0.144
33 0.32 0.16 0.16
33 0.232946 0.016 0.216946
33 0.216946 0.16 0.0569463
10 0.8 0.016 0.784
25 0.8 0.016 0.784
82 0.8 0.016 0.784
82 0.784 0.16 0.624
10 0.784 0.16 0.624
25 0.784 0.16 0.624
81 0.8 0.16 0.64
10 0.624 0.16 0.464
25 0.624 0.16 0.464
81 0.64 0.16 0.48
81 0.48 0.16 0.32
81 0.396302 0.016 0.380302
81 0.380302 0.16 0.220302
91 0.8 0.16 0.64
12 0.8 0.016 0.784
50 0.8 0.016 0.784
91 0.712396 0.016 0.696396
91 0.696396 0.16 0.536396
12 0.784 0.16 0.624
38 0.8 0.16 0.64
50 0.784 0.16 0.624
12 0.624 0.16 0.464
50 0.624 0.16 0.464
38 0.64 0.16 0.48
48 0.8 0.16 0.64
52 0.8 0.16 0.64
38 0.48 0.16 0.32
48 0.64 0.16 0.48
52 0.64 0.16 0.48
38 0.398124 0.016 0.382124
48 0.559048 0.016 0.543048
52 0.550529 0.016 0.534529
38 0.382124 0.16 0.222124
48 0.543048 0.16 0.383048
5 0.8 0.16 0.64
52 0.534529 0.16 0.374529
5 0.64 0.16 0.48
52 0.374529 0.16 0.214529
52 0.214529 0.16 0.0545292
5 0.48 0.16 0.32
5 0.392923 0.016 0.376923
5 0.376923 0.16 0.216923
71 0.8 0.16 0.64
71 0.715037 0.016 0.699037
71 0.699037 0.16 0.539037
40 0.8 0.16 0.64
57 0.8 0.16 0.64
40 0.714732 0.016 0.698732
57 0.71852 0.016 0.70252
40 0.698732 0.16 0.538732
57 0.70252 0.16 0.54252
85 0.8 0.16 0.64
57 0.54252 0.16 0.38252
44 0.8 0.16 0.64
85 0.64 0.16 0.48
44 0.717707 0.016 0.701707
85 0.554267 0.016 0.538267
90 0.8 0.016 0.784
85 0.538267 0.16 0.378267
44 0.701707 0.16 0.541707
74 0.8 0.16 0.64
90 0.784 0.16 0.624
95 0.8 0.16 0.64
44 0.541707 0.16 0.381707
74 0.64 0.16 0.48
90 0.624 0.16 0.464
95 0.64 0.16 0.48
90 0.464 0.16 0.304
74 0.48 0.16 0.32
95 0.48 0.16 0.32
74 0.399543 0.016 0.383543
95 0.397938 0.016 0.381938
95 0.381938 0.16 0.221938
74 0.383543 0.16 0.223543
74 0.223543 0.16 0.0635429
7 0.8 0.16 0.64
7 0.713523 0.016 0.697523
22 0.8 0.016 0.784
54 0.8 0.016 0.784
7 0.697523 0.16 0.537523
22 0.784 0.16 0.624
54 0.784 0.16 0.624
54 0.624 0.16 0.464
22 0.624 0.16 0.464
31 0.8 0.16 0.64
31 0.64 0.16 0.48
31 0.559038 0.016 0.543038
31 0.543038 0.16 0.383038
42 0.8 0.16 0.64
80 0.8 0.16 0.64
100 0.8 0.16 0.64
42 0.711378 0.016 0.695378
80 0.715482 0.016 0.699482
100 0.713391 0.016 0.697391
80 0.699482 0.16 0.539482
42 0.695378 0.16 0.535378
23 0.8 0.16 0.64
88 0.8 0.16 0.64
100 0.697391 0.16 0.537391
23 0.64 0.16 0.48
88 0.64 0.16 0.48
100 0.537391 0.16 0.377391
100 0.377391 0.16 0.217391
23 0.48 0.16 0.32
88 0.48 0.16 0.32
23 0.396406 0.016 0.380406
88 0.397541 0.016 0.381541
88 0.381541 0.16 0.221541
15 0.8 0.16 0.64
23 0.380406 0.16 0.220406
83 0.8 0.16 0.64
23 0.220406 0.16 0.0604065
15 0.64 0.16 0.48
83 0.64 0.16 0.48
93 0.8 0.16 0.64
15 0.556065 0.016 0.540065
83 0.555506 0.016 0.539506
93 0.716885 0.016 0.700885
15 0.540065 0.16 0.380065
83 0.539506 0.16 0.379506
93 0.700885 0.16 0.540885
83 0.379506 0.16 0.219506
93 0.540885 0.16 0.380885
93 0.380885 0.16 0.220885
99 0.8 0.016 0.784
99 0.784 0.16 0.624
78 0.8 0.16 0.64
87 0.8 0.16 0.64
78 0.714863 0.016 0.698863
87 0.71346 0.016 0.69746
87 0.69746 0.16 0.53746
30 0.8 0.16 0.64
78 0.698863 0.16 0.538863
78 0.538863 0.16 0.378863
30 0.64 0.16 0.48
30 0.557587 0.016 0.541587
30 0.541587 0.16 0.381587
69 0.8 0.16 0.64
96 0.8 0.16 0.64
24 0.8 0.016 0.784
69 0.715649 0.016 0.699649
86 0.8 0.016 0.784
96 0.710033 0.016 0.694033
69 0.699649 0.16 0.539649
24 0.784 0.16 0.624
35 0.8 0.16 0.64
73 0.8 0.16 0.64
86 0.784 0.16 0.624
96 0.694033 0.16 0.534033
24 0.624 0.16 0.464
96 0.534033 0.16 0.374033
35 0.64 0.16 0.48
73 0.64 0.16 0.48
86 0.624 0.16 0.464
35 0.48 0.16 0.32
73 0.48 0.16 0.32
86 0.464 0.16 0.304
86 0.304 0.16 0.144
35 0.32 0.16 0.16
73 0.32 0.16 0.16
35 0.237701 0.016 0.221701
73 0.239649 0.016 0.223649
73 0.223649 0.16 0.0636491
35 0.221701 0.16 0.0617005
59 0.8 0.16 0.64
59 0.716257 0.016 0.700257
59 0.700257 0.16 0.540257
35 0.140476 0.16 -0.0195236
19 0.8 0.016 0.784
19 0.784 0.16 0.624
2 0.8 0.16 0.64
56 0.8 0.16 0.64
72 0.8 0.16 0.64
98 0.8 0.16 0.64
2 0.71012 0.016 0.69412
20 0.8 0.016 0.784
36 0.8 0.016 0.784
56 0.715551 0.016 0.699551
72 0.713429 0.016 0.697429
98 0.718409 0.016 0.702409
72 0.697429 0.16 0.537429
98 0.702409 0.16 0.542409
56 0.699551 0.16 0.539551
2 0.69412 0.16 0.53412
20 0.784 0.16 0.624
27 0.8 0.16 0.64
29 0.8 0.16 0.64
36 0.784 0.16 0.624
55 0.8 0.16 0.64
89 0.8 0.16 0.64
2 0.53412 0.16 0.37412
20 0.624 0.16 0.464
27 0.64 0.16 0.48
36 0.624 0.16 0.464
55 0.64 0.16 0.48
89 0.64 0.16 0.48
2 0.37412 0.16 0.21412
20 0.464 0.16 0.304
27 0.48 0.16 0.32
36 0.464 0.16 0.304
55 0.48 0.16 0.32
89 0.48 0.16 0.32
2 0.21412 0.16 0.0541204
35 0.288897 0.16 0.128897
20 0.304 0.16 0.144
27 0.32 0.16 0.16
36 0.304 0.16 0.144
55 0.32 0.16 0.16
89 0.32 0.16 0.16
20 0.220378 0.016 0.204378
27 0.231182 0.016 0.215182
29 0.717272 0.016 0.701272
36 0.216892 0.016 0.200892
55 0.238537 0.016 0.222537
89 0.236279 0.016 0.220279
20 0.204378 0.16 0.0443781
36 0.200892 0.16 0.0408919
55 0.222537 0.16 0.0625375
27 0.215182 0.16 0.0551816
29 0.701272 0.16 0.541272
89 0.220279 0.16 0.0602793
27 0.0551816 0.16 -0.104818
29 0.541272 0.16 0.381272
89 0.0602793 0.16 -0.0997207
27 0 0.16 -0.16
29 0.381272 0.16 0.221272
89 0 0.16 -0.16
29 0.221272 0.16 0.0612716
27 0 0.16 -0.16
89 0 0.16 -0.16
27 0.0785172 0.016 0.0625172
89 0.0710643 0.016 0.0550643
94 0.8 0.016 0.784
94 0.784 0.16 0.624
39 0.8 0.16 0.64
39 0.716942 0.016 0.700942
39 0.700942 0.16 0.540942
34 0.8 0.16 0.64
41 0.8 0.16 0.64
46 0.8 0.16 0.64
34 0.712283 0.016 0.696283
41 0.718598 0.016 0.702598
46 0.714275 0.016 0.698275
70 0.8 0.016 0.784
41 0.702598 0.16 0.542598
46 0.698275 0.16 0.538275
34 0.696283 0.16 0.536283
60 0.8 0.16 0.64
70 0.784 0.16 0.624
60 0.64 0.16 0.48
70 0.624 0.16 0.464
79 0.8 0.16 0.64
60 0.48 0.16 0.32
70 0.464 0.16 0.304
70 0.304 0.16 0.144
60 0.32 0.16 0.16
79 0.64 0.16 0.48
84 0.8 0.16 0.64
60 0.230393 0.016 0.214393
79 0.558269 0.016 0.542269
84 0.718043 0.016 0.702043
60 0.214393 0.16 0.0543926
79 0.542269 0.16 0.382269
84 0.702043 0.16 0.542043
79 0.382269 0.16 0.222269
84 0.542043 0.16 0.382043
20 0.34215 0.16 0.18215
36 0.328601 0.16 0.168601
84 0.382043 0.16 0.222043
27 0.2837 0.16 0.1237
89 0.270373 0.16 0.110373
27 0.1237 0.16 -0.0362998
89 0.110373 0.16 -0.0496267
92 0.8 0.016 0.784
92 0.784 0.16 0.624
6 0.8 0.16 0.64
6 0.711756 0.016 0.695756
6 0.695756 0.16 0.535756
17 0.8 0.16 0.64
16 0.8 0.016 0.784
17 0.718717 0.016 0.702717
17 0.702717 0.16 0.542717
16 0.784 0.16 0.624
16 0.624 0.16 0.464
67 0.8 0.016 0.784
67 0.784 0.16 0.624
27 0.454762 0.16 0.294762
89 0.452795 0.16 0.292795
89 0.292795 0.16 0.132795
27 0.366352 0.16 0.206352
89 0.203684 0.16 0.0436839
68 0.8 0.016 0.784
68 0.784 0.16 0.624
97 0.8 0.16 0.64
97 0.717224 0.016 0.701224
97 0.701224 0.16 0.541224
1 0.8 0.16 0.64
1 0.718781 0.016 0.702781
1 0.702781 0.16 0.542781
8 0.8 0.16 0.64
8 0.710162 0.016 0.694162
8 0.694162 0.16 0.534162
49 0.8 0.16 0.64
49 0.711268 0.016 0.695268
76 0.8 0.016 0.784
49 0.695268 0.16 0.535268
76 0.784 0.16 0.624
76 0.624 0.16 0.464
37 0.8 0.16 0.64
66 0.8 0.16 0.64
77 0.8 0.16 0.64
37 0.715679 0.016 0.699679
66 0.718598 0.016 0.702598
66 0.702598 0.16 0.542598
37 0.699679 0.16 0.539679
77 0.711311 0.16 0.551311
37 0.539679 0.16 0.379679
77 0.551311 0.16 0.391311
77 0.462832 0.016 0.446832
77 0.446832 0.16 0.286832
53 0.8 0.016 0.784
53 0.784 0.16 0.624
13 0.8 0.016 0.784
13 0.784 0.16 0.624
