0 4400
0 4401
0 4402
0 4403
0 4404
0 4405
0 4406
0 4407
0 4408
0 4409
0 4416
0 4422
0 4426
18 4414
0 4431
51 4423
0 4434
0 4441
47 4420
0 4447
11 4432
0 4452
64 4449
61 4450
0 4456
0 4463
0 4470
0 4481
3 4462
0 4488
43 4465
0 4495
62 4459
0 4501
26 4466
65 4453
0 4507
0 4512
58 4493
45 4430
28 4486
0 4516
14 4455
63 4480
0 4522
32 4460
0 4526
75 4427
21 4419
9 4443
4 4496
0 4530
33 4457
0 4531
82 4497
10 4519
25 4468
0 4532
81 4410
0 4533
91 4437
12 4518
50 4499
0 4534
38 4523
48 4494
52 4446
0 4535
5 4475
0 4536
71 4521
0 4537
40 4421
57 4424
0 4538
85 4415
44 4508
90 4438
0 4539
95 4482
74 4435
0 4540
7 4491
54 4504
22 4451
0 4541
31 4489
0 4542
80 4458
42 4413
100 4487
0 4543
88 4425
23 4412
0 4544
15 4502
83 4511
93 4442
0 4545
99 4483
0 4546
87 4528
78 4473
0 4547
30 4440
0 4548
69 4439
24 4418
96 4515
86 4513
0 4549
73 4428
0 4550
59 4500
0 4551
0 4552
0 4553
19 4490
0 4554
72 4498
98 4472
56 4411
2 4469
35 4417
0 4555
55 4429
20 4476
36 4478
29 4524
0 4556
94 4479
0 4557
39 4510
0 4558
41 4444
46 4503
34 4492
70 4454
0 4559
60 4484
79 4436
84 4445
20 4476
36 4478
0 4560
92 4448
0 4561
6 4464
0 4562
17 4467
16 4525
0 4563
0 4564
67 4433
0 4565
27 4461
89 4505
0 4566
27 4461
89 4505
0 4567
68 4514
0 4568
97 4474
0 4569
1 4506
0 4570
8 4517
0 4571
49 4477
76 4471
0 4572
66 4485
37 4509
0 4573
77 4529
0 4574
0 4575
0 4576
0 4577
0 4578
0 4579
53 4520
0 4580
13 4527
0 4581
0 4582
0 4583
0 4584
0 4585
0 4586
0 4587
0 4588
0 4589
0 4590
0 4591
0 4592
0 4593
0 4594
0 4595
0 4596
0 4597
0 4598
0 4599
0 4600
0 4601
0 4602
0 4603
0 4604
0 4605
0 4606
0 4607
0 4608
0 4609
0 4610
0 4611
0 4612
0 4613
0 4614
0 4615
0 4616
0 4617
0 4618
0 4619
0 4620
0 4621
0 4622
0 4623
0 4624
0 4625
0 4626
0 4627
0 4628
0 4629
0 4630
0 4631
0 4632
0 4633
0 4634
0 4635
0 4636
0 4637
0 4638
0 4639
0 4640
0 4641
0 4642
0 4643
0 4644
0 4645
0 4646
0 4647
0 4648
0 4649
