38 3126 0 100 88861952 1.77273 1.77273
4 3133 0 100 56206408 1.97273 1.97273
15 3131 0 100 121567346 2.17273 2.17273
1 3153 0 100 154256904 2.17273 2.17273
28 3121 0 100 56203062 2.27273 2.27273
37 3145 0 100 154298560 2.37273 2.37273
22 3120 0 100 88858236 2.47273 2.47273
11 3124 0 100 121541078 2.47273 2.47273
24 3132 0 100 121569122 2.67273 2.67273
20 3137 0 100 88867080 2.87273 2.87273
31 3173 0 100 88871624 2.97273 2.97273
14 3123 0 100 121541786 3.07273 3.07273
39 3147 0 100 154276744 3.37273 3.37273
35 3144 0 100 88875200 3.57273 3.57273
34 3170 0 100 121549244 3.57273 3.57273
40 3139 0 100 121566464 3.67273 3.67273
16 3142 0 100 154257816 3.67273 3.67273
33 3167 0 100 121546112 3.77273 3.77273
12 3149 0 100 121561694 3.77273 3.77273
17 3136 0 100 56203016 3.87273 3.87273
10 3159 0 100 121549526 3.87273 3.87273
6 3161 0 100 154256976 3.87273 3.87273
3 3178 0 100 88858808 4.67273 4.67273
27 3135 0 100 88847172 4.77273 4.77273
23 3128 0 100 121528136 4.87273 4.87273
32 3146 0 100 121548776 4.87273 4.87273
13 3168 0 100 121560908 4.97273 4.97273
9 3165 0 100 121545512 5.07273 5.07273
7 3169 0 100 88867740 5.47273 5.47273
36 3129 0 100 88874036 5.47273 5.47273
21 3156 0 100 121557056 5.57273 5.57273
18 3174 0 100 88848972 5.77273 5.77273
5 3157 0 100 154282776 5.77273 5.77273
19 3122 0 100 121547030 5.87273 5.87273
29 3154 0 100 88874576 5.97273 5.97273
26 3172 0 100 88844868 6.37273 6.37273
2 3176 0 100 154268664 6.77273 6.77273
25 3151 0 100 154246712 6.97273 6.97273
30 3162 0 100 154265992 7.17273 7.17273
8 3164 0 100 56198742 7.27273 7.27273
