54 3720 1.02013
20 3722 1.02847
19 3723 1.03108
12 3724 1.0509
11 3725 1.0909
46 3726 1.09697
8 3727 1.10784
56 3729 1.14832
31 3730 1.20774
2 3732 1.22832
28 3733 1.25082
18 3734 1.26414
69 3735 1.31988
57 3736 1.32267
35 3740 1.54387
1 3741 1.60274
9 3742 1.60731
7 3744 1.64733
23 3745 1.65096
15 3746 1.65188
43 3747 1.68922
5 3748 1.71675
4 3750 1.73841
17 3751 1.74981
37 3752 1.75277
49 3753 1.7657
24 3754 1.77306
21 3755 1.77922
27 3756 1.80398
38 3757 1.81469
14 3758 1.82077
62 3760 1.90393
66 3762 1.93055
22 3763 1.9611
6 3764 1.97332
34 3765 2.00644
70 3767 2.02619
61 3768 2.11414
51 3769 2.12545
32 3771 2.13162
47 3772 2.15347
64 3773 2.15926
36 3774 2.16445
67 3775 2.19656
45 3776 2.20388
60 3777 2.2164
63 3779 2.23014
33 3780 2.2446
41 3781 2.31385
58 3782 2.31588
13 3784 2.41019
39 3785 2.42292
25 3787 2.43893
30 3788 2.50416
16 3789 2.50701
10 3791 2.52717
65 3792 2.55704
3 3793 2.6201
59 3794 2.62269
44 3796 2.66469
26 3797 2.67318
53 3798 2.71477
55 3800 2.73089
50 3801 2.77122
42 3802 2.78603
68 3803 2.80575
40 3805 2.87276
52 3806 2.92146
48 3808 2.93381
29 3809 2.94848
