24 3510 1.01459
42 3511 1.06387
21 3513 1.08426
49 3514 1.09903
16 3515 1.11638
2 3516 1.15966
12 3518 1.17939
55 3519 1.20552
43 3520 1.2676
41 3522 1.31929
3 3523 1.33997
5 3525 1.38618
56 3526 1.41602
33 3527 1.42144
23 3528 1.42263
7 3529 1.4267
19 3530 1.46064
26 3532 1.55602
32 3534 1.59965
52 3535 1.66107
4 3537 1.6949
44 3538 1.71968
53 3539 1.74074
38 3541 1.81913
17 3542 1.82056
18 3543 1.86401
59 3545 1.89781
27 3546 1.90215
60 3548 1.98319
31 3549 1.99234
11 3550 1.99492
8 3551 2.00594
14 3552 2.0294
10 3553 2.05551
37 3555 2.07919
25 3556 2.11596
45 3557 2.12285
9 3558 2.14094
22 3559 2.1552
50 3561 2.19274
58 3563 2.34126
46 3565 2.42338
28 3566 2.42571
15 3567 2.42969
36 3568 2.45331
35 3570 2.51822
51 3571 2.52882
13 3572 2.55359
57 3573 2.5536
48 3574 2.56542
54 3576 2.58329
30 3577 2.62228
29 3578 2.65199
47 3580 2.70073
1 3581 2.74764
20 3582 2.7599
34 3583 2.76216
39 3585 2.7964
6 3586 2.84636
40 3588 2.89731
