38 0.8 0.016 0.784
38 0.784 0.16 0.624
4 0.8 0.016 0.784
4 0.784 0.16 0.624
1 0.8 0.016 0.784
15 0.8 0.016 0.784
15 0.784 0.16 0.624
1 0.784 0.16 0.624
1 0.624 0.16 0.464
28 0.8 0.16 0.64
28 0.713993 0.016 0.697993
28 0.697993 0.16 0.537993
37 0.8 0.016 0.784
37 0.784 0.16 0.624
11 0.8 0.16 0.64
22 0.8 0.16 0.64
11 0.719873 0.016 0.703873
22 0.711563 0.016 0.695563
22 0.695563 0.16 0.535563
11 0.703873 0.16 0.543873
11 0.543873 0.16 0.383873
24 0.8 0.016 0.784
24 0.784 0.16 0.624
20 0.8 0.016 0.784
20 0.784 0.16 0.624
31 0.8 0.016 0.784
31 0.784 0.16 0.624
14 0.8 0.16 0.64
14 0.71671 0.016 0.70071
14 0.70071 0.16 0.54071
39 0.8 0.016 0.784
39 0.784 0.16 0.624
34 0.8 0.016 0.784
35 0.8 0.016 0.784
35 0.784 0.16 0.624
34 0.784 0.16 0.624
40 0.8 0.16 0.64
34 0.624 0.16 0.464
40 0.64 0.16 0.48
16 0.8 0.016 0.784
40 0.550779 0.016 0.534779
40 0.534779 0.16 0.374779
12 0.8 0.16 0.64
16 0.784 0.16 0.624
33 0.8 0.16 0.64
16 0.624 0.16 0.464
12 0.64 0.16 0.48
33 0.64 0.16 0.48
12 0.55161 0.016 0.53561
33 0.559789 0.016 0.543789
33 0.543789 0.16 0.383789
12 0.53561 0.16 0.37561
10 0.8 0.16 0.64
17 0.8 0.16 0.64
6 0.8 0.016 0.784
10 0.717164 0.016 0.701164
17 0.714866 0.016 0.698866
17 0.698866 0.16 0.538866
6 0.784 0.16 0.624
10 0.701164 0.16 0.541164
10 0.541164 0.16 0.381164
6 0.624 0.16 0.464
6 0.464 0.16 0.304
3 0.8 0.016 0.784
3 0.784 0.16 0.624
27 0.8 0.16 0.64
27 0.712573 0.016 0.696573
27 0.696573 0.16 0.536573
23 0.8 0.16 0.64
32 0.8 0.16 0.64
23 0.712128 0.016 0.696128
32 0.718994 0.016 0.702994
23 0.696128 0.16 0.536128
32 0.702994 0.16 0.542994
13 0.8 0.016 0.784
13 0.784 0.16 0.624
9 0.8 0.16 0.64
9 0.71422 0.016 0.69822
9 0.69822 0.16 0.53822
7 0.8 0.016 0.784
36 0.8 0.016 0.784
7 0.784 0.16 0.624
36 0.784 0.16 0.624
21 0.8 0.16 0.64
21 0.64 0.16 0.48
21 0.552616 0.016 0.536616
21 0.536616 0.16 0.376616
5 0.8 0.016 0.784
18 0.8 0.016 0.784
18 0.784 0.16 0.624
5 0.784 0.16 0.624
19 0.8 0.16 0.64
5 0.624 0.16 0.464
19 0.64 0.16 0.48
19 0.559698 0.016 0.543698
19 0.543698 0.16 0.383698
29 0.8 0.016 0.784
29 0.784 0.16 0.624
26 0.8 0.016 0.784
26 0.784 0.16 0.624
2 0.8 0.016 0.784
2 0.784 0.16 0.624
25 0.8 0.016 0.784
25 0.784 0.16 0.624
30 0.8 0.016 0.784
30 0.784 0.16 0.624
8 0.8 0.16 0.64
8 0.713922 0.016 0.697922
8 0.697922 0.16 0.537922
