0 3930
0 3931
0 3932
0 3933
0 3934
0 3935
0 3936
0 3937
0 3938
0 3939
0 3943
0 3948
0 3954
0 3956
42 3940
0 3960
48 3952
0 3966
0 3974
0 3983
0 3989
0 3998
36 3994
41 3991
0 4000
17 3977
0 4007
3 4001
0 4009
0 4011
0 4015
0 4019
13 3945
0 4024
66 3997
68 4003
0 4031
38 3984
25 4029
12 3973
0 4034
27 3980
62 4006
74 4020
16 3978
67 4017
0 4039
58 3999
32 4036
0 4040
40 3975
28 3970
8 3995
0 4041
47 3992
0 4042
4 3964
9 3962
52 4021
44 3979
0 4043
0 4044
46 4028
21 4027
19 3961
0 4045
19 3961
0 4046
18 3944
5 3963
37 3985
0 4047
26 3957
43 3967
54 4016
0 4048
35 3976
0 4049
0 4050
51 3988
24 3942
73 4026
1 3946
0 4051
0 4052
80 4010
0 4053
50 3990
2 3972
72 3996
0 4054
6 3953
0 4055
0 4056
55 3965
0 4057
0 4058
53 4005
77 3958
79 3969
0 4059
57 4025
33 3951
0 4060
45 3993
0 4061
0 4062
0 4063
69 4032
15 3947
0 4064
0 4065
65 3950
11 4012
34 3955
71 3941
0 4066
0 4067
75 4030
39 3968
0 4068
76 3971
30 4038
0 4069
59 4008
70 4002
29 4014
0 4070
7 4023
56 3959
0 4071
20 3949
0 4072
0 4073
23 4033
0 4074
31 3987
64 3981
0 4075
49 4004
0 4076
22 3986
0 4077
0 4078
14 4018
61 3982
0 4079
0 4080
0 4081
60 4022
0 4082
78 4035
0 4083
0 4084
10 4013
0 4085
0 4086
63 4037
0 4087
0 4088
0 4089
0 4090
0 4091
0 4092
0 4093
0 4094
0 4095
0 4096
0 4097
0 4098
0 4099
0 4100
0 4101
0 4102
0 4103
0 4104
0 4105
0 4106
0 4107
0 4108
0 4109
0 4110
0 4111
0 4112
0 4113
0 4114
0 4115
0 4116
0 4117
0 4118
0 4119
0 4120
0 4121
0 4122
0 4123
0 4124
0 4125
0 4126
0 4127
0 4128
0 4129
0 4130
0 4131
0 4132
0 4133
0 4134
0 4135
0 4136
0 4137
0 4138
0 4139
0 4140
0 4141
0 4142
0 4143
0 4144
0 4145
0 4146
0 4147
0 4148
0 4149
0 4150
0 4151
0 4152
0 4153
0 4154
0 4155
0 4156
0 4157
0 4158
0 4159
