42 1670 1.0003
61 1671 1.01994
27 1672 1.02
30 1674 1.09121
25 1675 1.11315
53 1676 1.14669
40 1678 1.21568
23 1679 1.22419
43 1680 1.23238
14 1681 1.23959
68 1683 1.36502
46 1684 1.37109
6 1686 1.40138
39 1687 1.42538
67 1688 1.45731
52 1689 1.47442
4 1691 1.50278
31 1693 1.63032
3 1694 1.63232
47 1695 1.63485
60 1696 1.66387
54 1698 1.7328
59 1699 1.73947
37 1700 1.787
45 1702 1.80883
49 1703 1.81262
57 1704 1.84998
63 1705 1.85964
13 1706 1.86158
70 1707 1.86167
38 1709 1.90301
36 1710 1.93982
21 1711 1.9438
22 1712 1.94795
34 1714 1.99184
28 1715 1.99979
7 1716 2.00313
58 1717 2.03243
5 1718 2.04069
12 1719 2.0667
56 1721 2.10783
17 1722 2.11043
10 1723 2.14816
64 1725 2.23634
48 1726 2.26556
9 1727 2.27305
2 1729 2.30282
18 1730 2.334
11 1731 2.34904
26 1732 2.35201
65 1733 2.35359
8 1734 2.35922
35 1735 2.38398
55 1737 2.47127
19 1739 2.49912
24 1740 2.50572
66 1742 2.60598
41 1743 2.63079
15 1744 2.6453
44 1745 2.67101
33 1746 2.67623
51 1747 2.67947
50 1749 2.71186
69 1750 2.73711
16 1752 2.82547
32 1753 2.87144
62 1754 2.88223
20 1756 2.89023
1 1757 2.92733
29 1758 2.95035
