88 2121 1.06449
83 2122 1.06969
16 2123 1.07747
77 2124 1.09993
86 2125 1.13702
29 2127 1.1734
69 2128 1.19572
34 2129 1.20767
68 2130 1.24736
28 2132 1.27073
23 2133 1.27723
40 2134 1.28127
22 2135 1.28465
38 2136 1.28506
45 2137 1.29021
1 2138 1.31863
82 2139 1.32298
21 2140 1.33695
72 2142 1.37338
81 2143 1.39861
7 2144 1.45206
49 2145 1.4624
26 2147 1.4658
19 2148 1.49128
57 2149 1.52745
79 2150 1.5471
13 2152 1.59066
15 2153 1.65563
46 2155 1.69701
80 2156 1.72554
50 2157 1.73286
10 2159 1.78413
53 2160 1.81979
51 2162 1.88225
37 2163 1.92057
42 2164 1.93028
89 2166 1.99379
56 2168 2.06577
87 2169 2.08619
32 2170 2.13622
84 2171 2.15917
24 2173 2.17965
18 2174 2.1801
30 2175 2.20364
74 2176 2.21852
41 2177 2.22533
85 2178 2.23064
36 2179 2.23827
3 2180 2.2492
17 2181 2.25971
66 2183 2.27374
31 2184 2.2907
39 2185 2.29444
70 2186 2.34454
4 2188 2.37621
44 2189 2.40495
8 2191 2.48411
90 2192 2.50455
6 2193 2.50931
55 2194 2.51325
67 2195 2.5222
75 2196 2.53175
47 2198 2.56807
65 2199 2.56865
60 2200 2.57417
9 2201 2.58001
25 2202 2.63446
20 2203 2.64493
62 2204 2.65716
78 2206 2.69167
54 2207 2.6968
58 2208 2.70992
12 2209 2.72036
71 2210 2.75575
5 2212 2.7734
14 2213 2.77508
64 2214 2.78616
48 2215 2.78964
27 2216 2.84596
35 2218 2.88966
52 2219 2.89899
43 2220 2.91311
11 2221 2.91738
63 2222 2.9316
33 2223 2.94371
2 2224 2.96189
76 2226 2.96835
73 2227 2.97833
59 2228 2.98238
61 2229 2.99099
