17 0.8 0.016 0.784
17 0.784 0.16 0.624
33 0.8 0.016 0.784
33 0.784 0.16 0.624
12 0.8 0.016 0.784
44 0.8 0.016 0.784
44 0.784 0.16 0.624
12 0.784 0.16 0.624
2 0.8 0.16 0.64
21 0.8 0.16 0.64
42 0.8 0.16 0.64
2 0.64 0.16 0.48
21 0.64 0.16 0.48
42 0.64 0.16 0.48
1 0.8 0.016 0.784
2 0.555649 0.016 0.539649
21 0.554168 0.016 0.538168
42 0.551648 0.016 0.535648
21 0.538168 0.16 0.378168
1 0.784 0.16 0.624
2 0.539649 0.16 0.379649
42 0.535648 0.16 0.375648
20 0.8 0.16 0.64
20 0.64 0.16 0.48
20 0.555974 0.016 0.539974
20 0.539974 0.16 0.379974
11 0.8 0.016 0.784
18 0.8 0.016 0.784
28 0.8 0.016 0.784
18 0.784 0.16 0.624
28 0.784 0.16 0.624
11 0.784 0.16 0.624
19 0.8 0.016 0.784
45 0.8 0.016 0.784
19 0.784 0.16 0.624
45 0.784 0.16 0.624
22 0.8 0.16 0.64
22 0.719691 0.016 0.703691
22 0.703691 0.16 0.543691
3 0.8 0.016 0.784
14 0.8 0.016 0.784
14 0.784 0.16 0.624
3 0.784 0.16 0.624
31 0.8 0.16 0.64
37 0.8 0.16 0.64
48 0.8 0.16 0.64
25 0.8 0.16 0.64
31 0.64 0.16 0.48
37 0.64 0.16 0.48
39 0.8 0.16 0.64
48 0.64 0.16 0.48
25 0.712616 0.016 0.696616
31 0.554828 0.016 0.538828
37 0.554462 0.016 0.538462
39 0.711491 0.016 0.695491
48 0.558062 0.016 0.542062
25 0.696616 0.16 0.536616
31 0.538828 0.16 0.378828
48 0.542062 0.16 0.382062
37 0.538462 0.16 0.378462
39 0.695491 0.16 0.535491
36 0.8 0.16 0.64
50 0.8 0.16 0.64
50 0.64 0.16 0.48
36 0.64 0.16 0.48
50 0.48 0.16 0.32
50 0.397983 0.016 0.381983
50 0.381983 0.16 0.221983
36 0.557526 0.16 0.397526
36 0.469156 0.016 0.453156
36 0.453156 0.16 0.293156
29 0.8 0.016 0.784
47 0.8 0.016 0.784
29 0.784 0.16 0.624
47 0.784 0.16 0.624
35 0.8 0.16 0.64
35 0.64 0.16 0.48
35 0.553095 0.016 0.537095
35 0.537095 0.16 0.377095
41 0.8 0.016 0.784
43 0.8 0.016 0.784
41 0.784 0.16 0.624
43 0.784 0.16 0.624
26 0.8 0.016 0.784
38 0.8 0.016 0.784
38 0.784 0.16 0.624
26 0.784 0.16 0.624
27 0.8 0.016 0.784
27 0.784 0.16 0.624
7 0.8 0.016 0.784
15 0.8 0.016 0.784
7 0.784 0.16 0.624
15 0.784 0.16 0.624
4 0.8 0.016 0.784
4 0.784 0.16 0.624
23 0.8 0.16 0.64
23 0.713953 0.016 0.697953
23 0.697953 0.16 0.537953
5 0.8 0.016 0.784
5 0.784 0.16 0.624
30 0.8 0.16 0.64
16 0.8 0.016 0.784
30 0.712737 0.016 0.696737
30 0.696737 0.16 0.536737
16 0.784 0.16 0.624
10 0.8 0.016 0.784
10 0.784 0.16 0.624
13 0.8 0.16 0.64
40 0.8 0.16 0.64
13 0.719847 0.016 0.703847
40 0.719966 0.016 0.703966
49 0.8 0.016 0.784
49 0.784 0.16 0.624
13 0.703847 0.16 0.543847
40 0.703966 0.16 0.543966
24 0.8 0.16 0.64
24 0.711201 0.016 0.695201
24 0.695201 0.16 0.535201
32 0.8 0.16 0.64
32 0.7185 0.016 0.7025
32 0.7025 0.16 0.5425
6 0.8 0.16 0.64
46 0.8 0.16 0.64
6 0.717677 0.016 0.701677
46 0.719635 0.016 0.703635
6 0.701677 0.16 0.541677
46 0.703635 0.16 0.543635
9 0.8 0.016 0.784
9 0.784 0.16 0.624
8 0.8 0.016 0.784
8 0.784 0.16 0.624
34 0.8 0.16 0.64
34 0.716128 0.016 0.700128
34 0.700128 0.16 0.540128
