28 0.8 0.016 0.784
28 0.784 0.16 0.624
15 0.8 0.016 0.784
15 0.784 0.16 0.624
20 0.8 0.016 0.784
20 0.784 0.16 0.624
4 0.8 0.016 0.784
10 0.8 0.016 0.784
10 0.784 0.16 0.624
4 0.784 0.16 0.624
9 0.8 0.016 0.784
9 0.784 0.16 0.624
8 0.8 0.016 0.784
21 0.8 0.016 0.784
26 0.8 0.016 0.784
8 0.784 0.16 0.624
26 0.784 0.16 0.624
21 0.784 0.16 0.624
2 0.8 0.016 0.784
22 0.8 0.016 0.784
22 0.784 0.16 0.624
2 0.784 0.16 0.624
5 0.8 0.016 0.784
23 0.8 0.016 0.784
23 0.784 0.16 0.624
5 0.784 0.16 0.624
1 0.8 0.016 0.784
12 0.8 0.016 0.784
1 0.784 0.16 0.624
12 0.784 0.16 0.624
25 0.8 0.016 0.784
25 0.784 0.16 0.624
3 0.8 0.016 0.784
3 0.784 0.16 0.624
18 0.8 0.016 0.784
18 0.784 0.16 0.624
11 0.8 0.16 0.64
13 0.8 0.16 0.64
11 0.718173 0.016 0.702173
13 0.711853 0.016 0.695853
11 0.702173 0.16 0.542173
13 0.695853 0.16 0.535853
6 0.8 0.16 0.64
19 0.8 0.16 0.64
6 0.64 0.16 0.48
19 0.64 0.16 0.48
6 0.552574 0.016 0.536574
19 0.557059 0.016 0.541059
6 0.536574 0.16 0.376574
19 0.541059 0.16 0.381059
24 0.8 0.16 0.64
24 0.719137 0.016 0.703137
24 0.703137 0.16 0.543137
29 0.8 0.016 0.784
29 0.784 0.16 0.624
16 0.8 0.16 0.64
27 0.8 0.16 0.64
30 0.8 0.16 0.64
16 0.715952 0.016 0.699952
27 0.712631 0.016 0.696631
30 0.711179 0.016 0.695179
27 0.696631 0.16 0.536631
30 0.695179 0.16 0.535179
16 0.699952 0.16 0.539952
7 0.8 0.016 0.784
7 0.784 0.16 0.624
14 0.8 0.016 0.784
14 0.784 0.16 0.624
17 0.8 0.016 0.784
17 0.784 0.16 0.624
