10 0.8 0.016 0.784
10 0.784 0.16 0.624
12 0.8 0.016 0.784
12 0.784 0.16 0.624
14 0.8 0.016 0.784
14 0.784 0.16 0.624
6 0.8 0.016 0.784
6 0.784 0.16 0.624
20 0.8 0.016 0.784
20 0.784 0.16 0.624
13 0.8 0.016 0.784
13 0.784 0.16 0.624
7 0.8 0.016 0.784
7 0.784 0.16 0.624
1 0.8 0.016 0.784
1 0.784 0.16 0.624
17 0.8 0.016 0.784
17 0.784 0.16 0.624
2 0.8 0.016 0.784
2 0.784 0.16 0.624
3 0.8 0.016 0.784
3 0.784 0.16 0.624
11 0.8 0.016 0.784
11 0.784 0.16 0.624
15 0.8 0.016 0.784
15 0.784 0.16 0.624
19 0.8 0.016 0.784
19 0.784 0.16 0.624
18 0.8 0.016 0.784
18 0.784 0.16 0.624
9 0.8 0.16 0.64
9 0.716265 0.016 0.700265
9 0.700265 0.16 0.540265
16 0.8 0.016 0.784
16 0.784 0.16 0.624
5 0.8 0.16 0.64
8 0.8 0.16 0.64
5 0.713519 0.016 0.697519
5 0.697519 0.16 0.537519
8 0.717591 0.16 0.557591
8 0.63623 0.016 0.62023
8 0.62023 0.16 0.46023
4 0.8 0.016 0.784
4 0.784 0.16 0.624
