40 1078 0 100 32629548 1.35245 1.35245
13 1077 0 100 32650726 1.75245 1.75245
27 1087 0 100 32644638 2.05245 2.05245
21 1093 0 100 32678970 2.05245 2.05245
9 1070 0 100 32681784 2.25245 2.25245
15 1092 0 100 32656698 2.55245 2.55245
25 1080 0 100 32682336 2.55245 2.55245
8 1103 0 100 32669190 2.75245 2.75245
23 1124 0 100 32680076 2.95245 2.95245
33 1109 0 100 32652640 3.05245 3.05245
22 1098 0 100 32656658 3.15245 3.15245
11 1120 0 100 32682806 3.15245 3.15245
7 1082 0 100 32677108 3.25245 3.25245
35 1111 0 100 32681482 3.35245 3.35245
30 1090 0 100 32646284 3.45245 3.45245
5 1115 0 100 32645596 3.45245 3.45245
36 1088 0 100 32671034 3.55245 3.55245
18 1126 0 100 32669102 3.55245 3.55245
19 1085 0 100 32638582 3.65245 3.65245
20 1081 0 100 32628878 3.85245 3.85245
12 1104 0 100 32670570 3.85245 3.85245
6 1095 0 100 32657432 3.85245 3.85245
38 1102 0 100 32663814 3.85245 3.85245
10 1113 0 100 32622966 4.15245 4.15245
32 1117 0 100 32666218 4.25245 4.25245
17 1075 0 100 32677848 4.25245 4.25245
31 1125 0 100 32681450 4.45245 4.45245
34 1129 0 100 32646286 4.45245 4.45245
26 1073 0 100 32637818 4.85245 4.85245
4 1106 0 100 32657032 4.85245 4.85245
3 1114 0 100 32675236 5.35245 5.35245
24 1096 0 100 32632992 5.45245 5.45245
14 1112 0 100 32629856 5.85245 5.85245
39 1074 0 100 32635126 6.15245 6.15245
28 1100 0 100 32651466 6.15245 6.15245
29 1108 0 100 32667410 6.35245 6.35245
37 1127 0 100 32669962 6.85245 6.85245
1 1122 0 100 32668182 7.25245 7.25245
16 1119 0 100 32630732 7.65245 7.65245
