45 1460 1.0017
60 1461 1.00343
50 1463 1.08541
38 1464 1.0938
17 1465 1.11894
57 1467 1.17895
36 1469 1.32448
42 1470 1.36356
52 1473 1.52451
30 1474 1.54581
33 1476 1.60279
48 1477 1.61263
1 1478 1.61733
47 1480 1.68804
9 1481 1.71302
51 1482 1.71647
18 1483 1.72823
59 1484 1.72861
37 1486 1.77989
2 1487 1.79231
3 1488 1.79286
44 1489 1.83923
35 1490 1.84049
25 1491 1.84169
8 1493 1.87666
14 1494 1.88172
4 1495 1.90951
58 1496 1.93985
54 1497 1.95068
19 1498 1.95461
41 1500 1.99743
55 1501 2.06934
16 1503 2.09265
46 1504 2.12682
13 1505 2.15804
22 1507 2.17551
53 1508 2.19717
29 1510 2.30938
32 1512 2.38663
28 1513 2.40063
31 1514 2.41751
27 1515 2.41761
24 1517 2.50773
20 1518 2.52978
12 1519 2.55914
26 1520 2.56078
56 1521 2.56109
11 1523 2.57302
15 1524 2.57931
21 1525 2.61059
40 1527 2.73433
7 1528 2.73458
6 1530 2.84096
23 1532 2.88084
10 1533 2.88663
43 1534 2.90953
5 1535 2.93603
49 1536 2.9474
39 1537 2.96358
34 1538 2.97074
