0 1660
0 1661
0 1662
0 1663
0 1664
0 1665
0 1666
0 1667
0 1668
0 1669
0 1673
0 1677
0 1682
0 1685
0 1690
30 1674
0 1692
0 1697
0 1701
0 1708
53 1676
0 1713
21 1711
38 1709
3 1694
0 1720
0 1724
7 1716
0 1728
6 1686
43 1680
0 1736
68 1683
0 1738
40 1678
0 1741
0 1748
17 1722
0 1751
12 1719
0 1755
26 1732
0 1759
47 1695
22 1712
0 1760
15 1744
67 1688
33 1746
0 1761
34 1714
69 1750
35 1735
36 1710
2 1729
0 1762
24 1740
61 1671
55 1737
0 1763
0 1764
46 1684
0 1765
0 1766
54 1698
10 1723
0 1767
32 1753
18 1730
49 1703
52 1689
0 1768
0 1769
0 1770
0 1771
20 1756
0 1772
9 1727
23 1679
25 1675
0 1773
0 1774
31 1693
50 1749
0 1775
48 1726
0 1776
14 1681
0 1777
16 1752
8 1734
4 1691
0 1778
58 1717
0 1779
42 1670
0 1780
0 1781
0 1782
0 1783
39 1687
0 1784
65 1733
44 1745
63 1705
0 1785
0 1786
59 1699
0 1787
27 1672
29 1758
0 1788
0 1789
0 1790
45 1702
0 1791
0 1792
5 1718
56 1721
70 1707
0 1793
11 1731
51 1747
0 1794
57 1704
0 1795
13 1706
60 1696
0 1796
37 1700
41 1743
0 1797
0 1798
19 1739
1 1757
0 1799
28 1715
0 1800
0 1801
0 1802
66 1742
64 1725
0 1803
0 1804
0 1805
0 1806
62 1754
0 1807
0 1808
0 1809
0 1810
0 1811
0 1812
0 1813
0 1814
0 1815
0 1816
0 1817
0 1818
0 1819
0 1820
0 1821
0 1822
0 1823
0 1824
0 1825
0 1826
0 1827
0 1828
0 1829
0 1830
0 1831
0 1832
0 1833
0 1834
0 1835
0 1836
0 1837
0 1838
0 1839
0 1840
0 1841
0 1842
0 1843
0 1844
0 1845
0 1846
0 1847
0 1848
0 1849
0 1850
0 1851
0 1852
0 1853
0 1854
0 1855
0 1856
0 1857
0 1858
0 1859
0 1860
0 1861
0 1862
0 1863
0 1864
0 1865
0 1866
0 1867
0 1868
0 1869
0 1870
0 1871
0 1872
0 1873
0 1874
0 1875
0 1876
0 1877
0 1878
0 1879
