45 2137 0 100 32666914 1.36293 1.36293
23 2133 0 100 32663044 1.36293 1.36293
16 2123 0 100 32646384 1.46293 1.46293
49 2145 0 100 32648108 1.46293 1.46293
37 2163 0 100 32640634 1.96293 1.96293
19 2148 0 100 32645426 1.96293 1.96293
89 2166 0 100 32650546 2.16293 2.16293
42 2164 0 100 32644530 2.16293 2.16293
13 2152 0 100 32664894 2.16293 2.16293
29 2127 0 100 32670270 2.16293 2.16293
80 2156 0 100 32652626 2.26293 2.26293
83 2122 0 100 32661010 2.36293 2.36293
15 2153 0 100 32650666 2.46293 2.46293
53 2160 0 100 32673386 2.56293 2.56293
50 2157 0 100 32671870 2.56293 2.56293
77 2124 0 100 32648190 2.56293 2.56293
34 2129 0 100 32653222 2.56293 2.56293
18 2174 0 100 32654550 2.66293 2.66293
51 2162 0 100 32650766 2.66293 2.66293
66 2183 0 100 32648088 2.76293 2.76293
1 2138 0 100 32662004 2.86293 2.86293
17 2181 0 100 32660228 2.86293 2.86293
72 2142 0 100 32672826 3.06293 3.06293
87 2169 0 100 32676072 3.06293 3.06293
30 2175 0 100 32670824 3.36293 3.36293
39 2185 0 100 32657686 3.36293 3.36293
5 2212 0 100 32650728 3.36293 3.36293
73 2227 0 100 32656698 3.46293 3.46293
25 2202 0 100 32663298 3.56293 3.56293
58 2208 0 100 32667276 3.66293 3.66293
74 2176 0 100 32658070 3.66293 3.66293
43 2220 0 100 32655410 3.76293 3.76293
64 2214 0 100 32645110 3.76293 3.76293
22 2135 0 100 32652806 3.76293 3.76293
52 2219 0 100 32659358 3.86293 3.86293
28 2132 0 100 32668598 3.86293 3.86293
56 2168 0 100 32657000 3.96293 3.96293
8 2191 0 100 32651142 3.96293 3.96293
41 2177 0 100 32674666 4.06293 4.06293
79 2150 0 100 32661268 4.16293 4.16293
76 2226 0 100 32648902 4.16293 4.16293
24 2173 0 100 32671916 4.26293 4.26293
75 2196 0 100 32680458 4.26293 4.26293
14 2213 0 100 32654586 4.36293 4.36293
57 2149 0 100 32650554 4.36293 4.36293
47 2198 0 100 32642090 4.46293 4.46293
62 2204 0 100 32668828 4.56293 4.56293
61 2229 0 100 32653660 4.56293 4.56293
69 2128 0 100 32641202 4.66293 4.66293
32 2170 0 100 32675608 4.66293 4.66293
10 2159 0 100 32669034 4.76293 4.76293
71 2210 0 100 32680780 4.86293 4.86293
20 2203 0 100 32639310 4.96293 4.96293
90 2192 0 100 32667916 5.06293 5.06293
82 2139 0 100 32658868 5.06293 5.06293
59 2228 0 100 32663422 5.46293 5.46293
68 2130 0 100 32669748 5.46293 5.46293
88 2121 0 100 32638034 5.56293 5.56293
81 2143 0 100 32642136 5.56293 5.56293
46 2155 0 100 32632284 5.66293 5.66293
36 2179 0 100 32679020 5.76293 5.76293
63 2222 0 100 32658978 5.76293 5.76293
54 2207 0 100 32675254 5.76293 5.76293
7 2144 0 100 32636476 5.86293 5.86293
86 2125 0 100 32635632 5.86293 5.86293
31 2184 0 100 32650406 5.96293 5.96293
65 2199 0 100 32672054 6.06293 6.06293
2 2224 0 100 32647726 6.16293 6.16293
9 2201 0 100 32640924 6.26293 6.26293
3 2180 0 100 32660488 6.26293 6.26293
4 2188 0 100 32662020 6.26293 6.26293
70 2186 0 100 32667168 6.36293 6.36293
48 2215 0 100 32670298 6.46293 6.46293
55 2194 0 100 32640244 6.46293 6.46293
26 2147 0 100 32640402 6.56293 6.56293
12 2209 0 100 32658316 6.56293 6.56293
44 2189 0 100 32665048 6.56293 6.56293
27 2216 0 100 32648016 6.66293 6.66293
35 2218 0 100 32662944 6.66293 6.66293
6 2193 0 100 32668944 6.96293 6.96293
85 2178 0 100 32658184 6.96293 6.96293
60 2200 0 100 32648226 7.06293 7.06293
84 2171 0 100 32646654 7.06293 7.06293
78 2206 0 100 32640608 7.66293 7.66293
