28 900 0 100 32630780 2.30419 2.30419
15 919 0 100 32674178 2.40419 2.40419
20 918 0 100 32657656 2.50419 2.50419
10 902 0 100 32659844 2.70419 2.70419
4 910 0 100 32668322 2.70419 2.70419
9 936 0 100 32661414 2.90419 2.90419
26 929 0 100 32660484 3.10419 3.10419
21 891 0 100 32644244 3.10419 3.10419
22 912 0 100 32664898 3.40419 3.40419
2 925 0 100 32659976 3.40419 3.40419
23 915 0 100 32661484 3.80419 3.80419
5 930 0 100 32669116 3.80419 3.80419
1 909 0 100 32653318 4.30419 4.30419
12 924 0 100 32653664 4.30419 4.30419
25 911 0 100 32630236 4.50419 4.50419
3 932 0 100 32660740 4.60419 4.60419
18 939 0 100 32669510 5.40419 5.40419
11 927 0 100 32667512 5.50419 5.50419
13 905 0 100 32656834 5.50419 5.50419
6 904 0 100 32670372 5.60419 5.60419
19 906 0 100 32668246 5.60419 5.60419
24 896 0 100 32649520 5.70419 5.70419
29 938 0 100 32682016 6.00419 6.00419
30 923 0 100 32665282 6.10419 6.10419
16 917 0 100 32679674 6.10419 6.10419
7 921 0 100 32647890 6.90419 6.90419
14 933 0 100 32653064 7.20419 7.20419
17 920 0 100 32668168 7.30419 7.30419
