39 1890 1.08192
69 1892 1.11724
1 1893 1.12941
15 1894 1.15385
11 1895 1.17057
49 1897 1.19692
65 1898 1.23745
74 1900 1.31884
20 1901 1.34935
59 1902 1.36087
27 1903 1.37465
57 1905 1.40563
38 1906 1.41432
9 1907 1.4404
58 1908 1.44833
16 1909 1.44857
21 1911 1.51543
55 1912 1.51644
64 1913 1.54183
76 1914 1.55083
61 1915 1.5559
19 1916 1.56301
71 1917 1.56989
7 1919 1.5995
72 1920 1.61365
17 1921 1.63496
54 1923 1.69509
36 1925 1.79877
48 1926 1.80039
46 1927 1.82737
34 1928 1.8442
80 1929 1.84888
67 1930 1.85304
73 1931 1.88809
31 1933 1.89971
8 1934 1.90514
44 1935 1.92494
78 1936 1.95265
42 1938 2.02798
10 1939 2.03181
4 1940 2.06101
51 1941 2.08979
79 1943 2.10186
24 1944 2.10225
37 1945 2.11655
63 1946 2.14107
41 1947 2.16148
47 1948 2.1686
66 1950 2.19589
35 1951 2.20726
5 1952 2.21359
23 1953 2.29085
70 1955 2.29409
50 1956 2.3106
68 1957 2.3363
33 1958 2.33828
62 1959 2.35358
25 1960 2.35937
30 1961 2.36617
14 1962 2.38888
77 1964 2.40589
3 1965 2.4346
18 1966 2.48275
45 1968 2.51489
40 1969 2.53279
52 1970 2.57969
6 1971 2.58274
29 1973 2.61217
22 1974 2.61612
13 1975 2.64721
26 1976 2.67411
60 1977 2.68016
75 1978 2.69189
2 1980 2.71204
32 1981 2.72922
12 1982 2.74497
56 1984 2.82336
43 1985 2.84642
53 1986 2.84707
28 1988 2.91005
