60 1461 0 100 32667078 1.07087 1.07087
50 1463 0 100 32672614 1.77087 1.77087
47 1480 0 100 32675342 2.07087 2.07087
57 1467 0 100 32659072 2.17087 2.17087
1 1478 0 100 32681442 2.17087 2.17087
36 1469 0 100 32645984 2.17087 2.17087
22 1507 0 100 32665022 2.27087 2.27087
32 1512 0 100 32639594 2.47087 2.47087
14 1494 0 100 32670098 2.47087 2.47087
24 1517 0 100 32636850 2.57087 2.57087
28 1513 0 100 32667684 2.57087 2.57087
58 1496 0 100 32653496 2.67087 2.67087
20 1518 0 100 32657840 2.67087 2.67087
26 1520 0 100 32662266 2.77087 2.77087
16 1503 0 100 32678976 2.77087 2.77087
19 1498 0 100 32669092 2.87087 2.87087
55 1501 0 100 32638302 2.87087 2.87087
37 1486 0 100 32646238 2.97087 2.97087
45 1460 0 100 32665570 3.07087 3.07087
5 1535 0 100 32680654 3.07087 3.07087
27 1515 0 100 32675636 3.27087 3.27087
15 1524 0 100 32678130 3.37087 3.37087
10 1533 0 100 32648604 3.57087 3.57087
8 1493 0 100 32682122 3.57087 3.57087
17 1465 0 100 32678000 3.67087 3.67087
31 1514 0 100 32661884 3.67087 3.67087
48 1477 0 100 32655636 3.77087 3.77087
21 1525 0 100 32645708 3.87087 3.87087
12 1519 0 100 32670778 4.17087 4.17087
34 1538 0 100 32672214 4.17087 4.17087
59 1484 0 100 32636312 4.17087 4.17087
51 1482 0 100 32639718 4.27087 4.27087
33 1476 0 100 32680742 4.27087 4.27087
4 1495 0 100 32660980 4.27087 4.27087
9 1481 0 100 32658688 4.37087 4.37087
38 1464 0 100 32681694 4.47087 4.47087
35 1490 0 100 32651796 4.47087 4.47087
53 1508 0 100 32655048 4.57087 4.57087
25 1491 0 100 32653984 4.67087 4.67087
46 1504 0 100 32679484 5.37087 5.37087
52 1473 0 100 32667224 5.37087 5.37087
3 1488 0 100 32658674 5.57087 5.57087
42 1470 0 100 32680730 5.67087 5.67087
44 1489 0 100 32668942 5.67087 5.67087
7 1528 0 100 32646472 5.67087 5.67087
39 1537 0 100 32657656 5.67087 5.67087
30 1474 0 100 32658438 5.77087 5.77087
18 1483 0 100 32659870 6.17087 6.17087
54 1497 0 100 32674854 6.17087 6.17087
49 1536 0 100 32643080 6.37087 6.37087
13 1505 0 100 32645428 7.07087 7.07087
6 1530 0 100 32639370 7.07087 7.07087
40 1527 0 100 32678310 7.47087 7.47087
56 1521 0 100 32655854 7.57087 7.57087
43 1534 0 100 32664790 7.97087 7.97087
