0 2110
0 2111
0 2112
0 2113
0 2114
0 2115
0 2116
0 2117
0 2118
0 2119
0 2120
0 2126
0 2131
0 2141
45 2137
23 2133
0 2146
16 2123
49 2145
0 2151
0 2154
0 2158
0 2161
0 2165
37 2163
19 2148
0 2167
0 2172
89 2166
42 2164
13 2152
29 2127
0 2182
80 2156
0 2187
83 2122
0 2190
15 2153
0 2197
53 2160
50 2157
77 2124
34 2129
0 2205
18 2174
51 2162
0 2211
66 2183
0 2217
1 2138
17 2181
0 2225
0 2230
72 2142
87 2169
0 2231
0 2232
0 2233
30 2175
39 2185
5 2212
0 2234
73 2227
0 2235
25 2202
0 2236
33 2223
58 2208
74 2176
0 2237
43 2220
64 2214
22 2135
0 2238
52 2219
28 2132
0 2239
56 2168
8 2191
0 2240
11 2221
38 2136
41 2177
0 2241
79 2150
76 2226
0 2242
24 2173
75 2196
0 2243
14 2213
57 2149
0 2244
47 2198
0 2245
62 2204
61 2229
0 2246
69 2128
32 2170
0 2247
10 2159
0 2248
71 2210
0 2249
20 2203
0 2250
67 2195
90 2192
82 2139
0 2251
0 2252
0 2253
0 2254
59 2228
68 2130
0 2255
88 2121
81 2143
0 2256
40 2134
46 2155
0 2257
36 2179
63 2222
54 2207
0 2258
7 2144
86 2125
0 2259
31 2184
0 2260
65 2199
0 2261
2 2224
0 2262
9 2201
3 2180
4 2188
0 2263
70 2186
0 2264
21 2140
48 2215
55 2194
0 2265
26 2147
12 2209
44 2189
0 2266
27 2216
35 2218
0 2267
0 2268
0 2269
6 2193
85 2178
0 2270
60 2200
84 2171
0 2271
0 2272
0 2273
0 2274
0 2275
0 2276
78 2206
0 2277
0 2278
0 2279
0 2280
0 2281
0 2282
0 2283
0 2284
0 2285
0 2286
0 2287
0 2288
0 2289
0 2290
0 2291
0 2292
0 2293
0 2294
0 2295
0 2296
0 2297
0 2298
0 2299
0 2300
0 2301
0 2302
0 2303
0 2304
0 2305
0 2306
0 2307
0 2308
0 2309
0 2310
0 2311
0 2312
0 2313
0 2314
0 2315
0 2316
0 2317
0 2318
0 2319
0 2320
0 2321
0 2322
0 2323
0 2324
0 2325
0 2326
0 2327
0 2328
0 2329
0 2330
0 2331
0 2332
0 2333
0 2334
0 2335
0 2336
0 2337
0 2338
0 2339
0 2340
0 2341
0 2342
0 2343
0 2344
0 2345
0 2346
0 2347
0 2348
0 2349
