30 1674 0 100 32666454 1.48713 1.48713
53 1676 0 100 32655708 1.88713 1.88713
21 1711 0 100 32659108 1.98713 1.98713
38 1709 0 100 32673446 1.98713 1.98713
3 1694 0 100 32645146 1.98713 1.98713
7 1716 0 100 32641564 2.18713 2.18713
6 1686 0 100 32643084 2.28713 2.28713
43 1680 0 100 32645992 2.28713 2.28713
68 1683 0 100 32668014 2.38713 2.38713
40 1678 0 100 32662396 2.48713 2.48713
17 1722 0 100 32669938 2.68713 2.68713
12 1719 0 100 32673204 2.78713 2.78713
26 1732 0 100 32628430 2.88713 2.88713
47 1695 0 100 32653318 2.98713 2.98713
22 1712 0 100 32653994 2.98713 2.98713
15 1744 0 100 32675848 3.08713 3.08713
67 1688 0 100 32653892 3.08713 3.08713
33 1746 0 100 32646820 3.08713 3.08713
69 1750 0 100 32650558 3.18713 3.18713
35 1735 0 100 32654416 3.18713 3.18713
36 1710 0 100 32639872 3.18713 3.18713
2 1729 0 100 32663864 3.18713 3.18713
61 1671 0 100 32667474 3.28713 3.28713
55 1737 0 100 32640054 3.28713 3.28713
46 1684 0 100 32657860 3.48713 3.48713
54 1698 0 100 32660928 3.68713 3.68713
10 1723 0 100 32680818 3.68713 3.68713
32 1753 0 100 32656742 3.78713 3.78713
18 1730 0 100 32654478 3.78713 3.78713
49 1703 0 100 32673934 3.78713 3.78713
52 1689 0 100 32673384 3.78713 3.78713
20 1756 0 100 32654196 4.18713 4.18713
9 1727 0 100 32647592 4.28713 4.28713
23 1679 0 100 32663240 4.28713 4.28713
25 1675 0 100 32676602 4.28713 4.28713
31 1693 0 100 32635980 4.48713 4.48713
50 1749 0 100 32676540 4.48713 4.48713
48 1726 0 100 32673162 4.58713 4.58713
14 1681 0 100 32649284 4.68713 4.68713
16 1752 0 100 32637614 4.78713 4.78713
8 1734 0 100 32658542 4.78713 4.78713
4 1691 0 100 32672504 4.78713 4.78713
58 1717 0 100 32672466 4.88713 4.88713
42 1670 0 100 32666980 4.98713 4.98713
39 1687 0 100 32655952 5.38713 5.38713
65 1733 0 100 32650482 5.48713 5.48713
44 1745 0 100 32683058 5.48713 5.48713
63 1705 0 100 32662166 5.48713 5.48713
59 1699 0 100 32656494 5.68713 5.68713
29 1758 0 100 32665986 5.78713 5.78713
45 1702 0 100 32665840 6.08713 6.08713
5 1718 0 100 32677146 6.28713 6.28713
56 1721 0 100 32659232 6.28713 6.28713
70 1707 0 100 32674186 6.28713 6.28713
11 1731 0 100 32676724 6.38713 6.38713
51 1747 0 100 32629648 6.38713 6.38713
57 1704 0 100 32665964 6.48713 6.48713
60 1696 0 100 32643886 6.58713 6.58713
37 1700 0 100 32655922 6.68713 6.68713
41 1743 0 100 32659122 6.68713 6.68713
19 1739 0 100 32640156 6.88713 6.88713
1 1757 0 100 32666400 6.88713 6.88713
28 1715 0 100 32668346 6.98713 6.98713
66 1742 0 100 32661570 7.28713 7.28713
64 1725 0 100 32679038 7.28713 7.28713
62 1754 0 100 32653906 7.68713 7.68713
