65 1898 0 100 32650686 1.59336 1.59336
55 1912 0 100 32635292 1.59336 1.59336
20 1901 0 100 32651092 1.79336 1.79336
8 1934 0 100 32667846 2.09336 2.09336
67 1930 0 100 32682722 2.19336 2.19336
39 1890 0 100 32678280 2.29336 2.29336
25 1960 0 100 32629744 2.39336 2.39336
15 1894 0 100 32646062 2.39336 2.39336
64 1913 0 100 32664880 2.59336 2.59336
41 1947 0 100 32631770 2.79336 2.79336
61 1915 0 100 32671148 2.79336 2.79336
14 1962 0 100 32671962 2.79336 2.79336
2 1980 0 100 32649068 2.89336 2.89336
34 1928 0 100 32660544 2.89336 2.89336
42 1938 0 100 32670052 2.89336 2.89336
74 1900 0 100 32667662 3.09336 3.09336
31 1933 0 100 32662228 3.29336 3.29336
75 1978 0 100 32644286 3.29336 3.29336
51 1941 0 100 32657410 3.29336 3.29336
32 1981 0 100 32649496 3.39336 3.39336
79 1943 0 100 32647956 3.39336 3.39336
22 1974 0 100 32654260 3.59336 3.59336
1 1893 0 100 32647588 3.59336 3.59336
52 1970 0 100 32674952 3.69336 3.69336
53 1986 0 100 32648936 3.69336 3.69336
63 1946 0 100 32647516 3.79336 3.79336
46 1927 0 100 32682994 3.89336 3.89336
26 1976 0 100 32661116 3.89336 3.89336
66 1950 0 100 32644616 3.89336 3.89336
69 1892 0 100 32661776 3.99336 3.99336
73 1931 0 100 32664316 4.09336 4.09336
54 1923 0 100 32650448 4.19336 4.19336
72 1920 0 100 32660230 4.19336 4.19336
77 1964 0 100 32664050 4.19336 4.19336
68 1957 0 100 32645582 4.19336 4.19336
47 1948 0 100 32653592 4.29336 4.29336
49 1897 0 100 32658388 4.29336 4.29336
56 1984 0 100 32676566 4.29336 4.29336
30 1961 0 100 32664708 4.39336 4.39336
38 1906 0 100 32675808 4.49336 4.49336
11 1895 0 100 32656060 4.49336 4.49336
33 1958 0 100 32649694 4.49336 4.49336
70 1955 0 100 32666042 4.59336 4.59336
57 1905 0 100 32645010 4.59336 4.59336
28 1988 0 100 32658576 4.59336 4.59336
45 1968 0 100 32649708 4.89336 4.89336
23 1953 0 100 32662294 4.99336 4.99336
16 1909 0 100 32647338 5.09336 5.09336
44 1935 0 100 32648462 5.39336 5.39336
71 1917 0 100 32640002 5.49336 5.49336
21 1911 0 100 32680514 5.59336 5.59336
59 1902 0 100 32678038 5.69336 5.69336
29 1973 0 100 32647524 5.79336 5.79336
58 1908 0 100 32670828 5.79336 5.79336
3 1965 0 100 32640024 5.89336 5.89336
27 1903 0 100 32665646 5.99336 5.99336
9 1907 0 100 32661250 6.09336 6.09336
76 1914 0 100 32659784 6.09336 6.09336
80 1929 0 100 32674776 6.29336 6.29336
50 1956 0 100 32672672 6.49336 6.49336
36 1925 0 100 32626986 6.49336 6.49336
10 1939 0 100 32635132 6.49336 6.49336
4 1940 0 100 32623468 6.59336 6.59336
17 1921 0 100 32644476 6.59336 6.59336
78 1936 0 100 32653168 6.69336 6.69336
48 1926 0 100 32662122 6.79336 6.79336
60 1977 0 100 32683022 6.99336 6.99336
24 1944 0 100 32673742 7.09336 7.09336
12 1982 0 100 32646676 7.19336 7.19336
62 1959 0 100 32668162 7.29336 7.29336
40 1969 0 100 32669830 7.39336 7.39336
