0 1880
0 1881
0 1882
0 1883
0 1884
0 1885
0 1886
0 1887
0 1888
0 1889
0 1891
0 1896
0 1899
0 1904
0 1910
0 1918
65 1898
55 1912
0 1922
0 1924
20 1901
0 1932
0 1937
0 1942
8 1934
0 1949
67 1930
0 1954
39 1890
0 1963
25 1960
15 1894
0 1967
0 1972
64 1913
0 1979
0 1983
41 1947
61 1915
14 1962
0 1987
2 1980
34 1928
42 1938
0 1989
0 1990
74 1900
0 1991
0 1992
31 1933
75 1978
51 1941
0 1993
32 1981
79 1943
0 1994
0 1995
22 1974
1 1893
0 1996
52 1970
53 1986
0 1997
63 1946
0 1998
46 1927
26 1976
18 1966
66 1950
0 1999
69 1892
0 2000
19 1916
73 1931
0 2001
5 1952
54 1923
72 1920
35 1951
77 1964
68 1957
0 2002
47 1948
49 1897
56 1984
0 2003
30 1961
0 2004
38 1906
7 1919
11 1895
33 1958
0 2005
70 1955
43 1985
57 1905
28 1988
0 2006
0 2007
0 2008
45 1968
0 2009
23 1953
0 2010
16 1909
0 2011
0 2012
0 2013
44 1935
0 2014
71 1917
0 2015
21 1911
0 2016
59 1902
0 2017
29 1973
58 1908
0 2018
3 1965
0 2019
27 1903
0 2020
9 1907
37 1945
76 1914
0 2021
0 2022
80 1929
0 2023
0 2024
13 1975
50 1956
36 1925
10 1939
0 2025
4 1940
17 1921
0 2026
78 1936
0 2027
48 1926
0 2028
0 2029
60 1977
0 2030
24 1944
0 2031
12 1982
0 2032
62 1959
0 2033
6 1971
40 1969
0 2034
0 2035
0 2036
0 2037
0 2038
0 2039
0 2040
0 2041
0 2042
0 2043
0 2044
0 2045
0 2046
0 2047
0 2048
0 2049
0 2050
0 2051
0 2052
0 2053
0 2054
0 2055
0 2056
0 2057
0 2058
0 2059
0 2060
0 2061
0 2062
0 2063
0 2064
0 2065
0 2066
0 2067
0 2068
0 2069
0 2070
0 2071
0 2072
0 2073
0 2074
0 2075
0 2076
0 2077
0 2078
0 2079
0 2080
0 2081
0 2082
0 2083
0 2084
0 2085
0 2086
0 2087
0 2088
0 2089
0 2090
0 2091
0 2092
0 2093
0 2094
0 2095
0 2096
0 2097
0 2098
0 2099
0 2100
0 2101
0 2102
0 2103
0 2104
0 2105
0 2106
0 2107
0 2108
0 2109
