17 1276 0 100 32646478 1.63069 1.63069
33 1275 0 100 32674388 2.23069 2.23069
44 1302 0 100 32655070 2.43069 2.43069
12 1270 0 100 32665838 2.43069 2.43069
21 1281 0 100 32635706 2.53069 2.53069
1 1260 0 100 32669728 2.53069 2.53069
2 1298 0 100 32644742 2.53069 2.53069
42 1297 0 100 32668804 2.53069 2.53069
20 1288 0 100 32665452 2.63069 2.63069
18 1316 0 100 32632046 2.73069 2.73069
28 1299 0 100 32661306 2.73069 2.73069
11 1283 0 100 32662794 2.73069 2.73069
19 1284 0 100 32658948 3.23069 3.23069
45 1269 0 100 32676634 3.23069 3.23069
22 1265 0 100 32664014 3.33069 3.33069
14 1317 0 100 32646248 3.43069 3.43069
3 1324 0 100 32674150 3.43069 3.43069
25 1313 0 100 32680130 3.53069 3.53069
31 1287 0 100 32646476 3.53069 3.53069
48 1320 0 100 32649268 3.53069 3.53069
39 1295 0 100 32672848 3.53069 3.53069
50 1311 0 100 32659590 3.63069 3.63069
36 1329 0 100 32645632 3.73069 3.73069
29 1279 0 100 32659876 4.03069 4.03069
47 1322 0 100 32672402 4.03069 4.03069
35 1286 0 100 32637374 4.13069 4.13069
41 1280 0 100 32679972 4.43069 4.43069
43 1264 0 100 32632664 4.43069 4.43069
38 1308 0 100 32642456 4.83069 4.83069
26 1262 0 100 32657276 4.83069 4.83069
27 1267 0 100 32676794 5.03069 5.03069
7 1310 0 100 32638166 5.43069 5.43069
15 1272 0 100 32665482 5.43069 5.43069
4 1293 0 100 32665584 5.53069 5.53069
23 1278 0 100 32653804 5.63069 5.63069
5 1312 0 100 32658004 5.93069 5.93069
30 1290 0 100 32653844 6.03069 6.03069
16 1307 0 100 32679010 6.03069 6.03069
10 1303 0 100 32625092 6.23069 6.23069
49 1292 0 100 32668542 6.33069 6.33069
13 1274 0 100 32642954 6.33069 6.33069
40 1305 0 100 32645744 6.33069 6.33069
24 1318 0 100 32665602 6.43069 6.43069
32 1323 0 100 32660726 6.53069 6.53069
6 1304 0 100 32651858 6.63069 6.63069
46 1327 0 100 32676620 6.63069 6.63069
9 1301 0 100 32651912 7.03069 7.03069
8 1326 0 100 32672512 7.63069 7.63069
34 1319 0 100 32649844 7.73069 7.73069
