23 0.8 0.016 0.784
45 0.8 0.016 0.784
45 0.784 0.16 0.624
23 0.784 0.16 0.624
16 0.8 0.16 0.64
21 0.8 0.16 0.64
16 0.716332 0.016 0.700332
49 0.8 0.016 0.784
16 0.700332 0.16 0.540332
49 0.784 0.16 0.624
19 0.8 0.016 0.784
37 0.8 0.016 0.784
37 0.784 0.16 0.624
19 0.784 0.16 0.624
13 0.8 0.016 0.784
29 0.8 0.016 0.784
42 0.8 0.016 0.784
89 0.8 0.016 0.784
89 0.784 0.16 0.624
42 0.784 0.16 0.624
13 0.784 0.16 0.624
29 0.784 0.16 0.624
80 0.8 0.16 0.64
80 0.711949 0.016 0.695949
80 0.695949 0.16 0.535949
83 0.8 0.16 0.64
83 0.710689 0.016 0.694689
83 0.694689 0.16 0.534689
15 0.8 0.16 0.64
15 0.710064 0.016 0.694064
15 0.694064 0.16 0.534064
77 0.8 0.16 0.64
34 0.8 0.016 0.784
50 0.8 0.016 0.784
53 0.8 0.016 0.784
77 0.719619 0.016 0.703619
53 0.784 0.16 0.624
50 0.784 0.16 0.624
77 0.703619 0.16 0.543619
34 0.784 0.16 0.624
18 0.8 0.16 0.64
51 0.8 0.16 0.64
18 0.64 0.16 0.48
51 0.64 0.16 0.48
51 0.48 0.16 0.32
18 0.48 0.16 0.32
51 0.32 0.16 0.16
18 0.394774 0.016 0.378774
51 0.231769 0.016 0.215769
18 0.378774 0.16 0.218774
51 0.215769 0.16 0.0557687
66 0.8 0.16 0.64
66 0.64 0.16 0.48
66 0.556899 0.016 0.540899
66 0.540899 0.16 0.380899
1 0.8 0.16 0.64
17 0.8 0.16 0.64
1 0.717954 0.016 0.701954
17 0.715256 0.016 0.699256
1 0.701954 0.16 0.541954
17 0.699256 0.16 0.539256
72 0.8 0.016 0.784
87 0.8 0.016 0.784
72 0.784 0.16 0.624
87 0.784 0.16 0.624
5 0.8 0.016 0.784
30 0.8 0.016 0.784
39 0.8 0.016 0.784
30 0.784 0.16 0.624
39 0.784 0.16 0.624
5 0.784 0.16 0.624
73 0.8 0.16 0.64
73 0.64 0.16 0.48
73 0.48 0.16 0.32
73 0.392837 0.016 0.376837
73 0.376837 0.16 0.216837
25 0.8 0.016 0.784
25 0.784 0.16 0.624
33 0.8 0.16 0.64
58 0.8 0.16 0.64
74 0.8 0.16 0.64
33 0.718881 0.016 0.702881
58 0.715303 0.016 0.699303
74 0.719987 0.016 0.703987
33 0.702881 0.16 0.542881
58 0.699303 0.16 0.539303
74 0.703987 0.16 0.543987
22 0.8 0.16 0.64
64 0.8 0.16 0.64
22 0.64 0.16 0.48
64 0.64 0.16 0.48
22 0.554134 0.016 0.538134
43 0.8 0.016 0.784
64 0.555662 0.016 0.539662
43 0.784 0.16 0.624
64 0.539662 0.16 0.379662
22 0.538134 0.16 0.378134
28 0.8 0.16 0.64
52 0.8 0.16 0.64
28 0.64 0.16 0.48
28 0.55029 0.016 0.53429
52 0.7162 0.016 0.7002
52 0.7002 0.16 0.5402
28 0.53429 0.16 0.37429
8 0.8 0.16 0.64
56 0.8 0.16 0.64
8 0.64 0.16 0.48
8 0.556545 0.016 0.540545
56 0.715758 0.016 0.699758
56 0.699758 0.16 0.539758
8 0.540545 0.16 0.380545
11 0.8 0.16 0.64
38 0.8 0.16 0.64
38 0.64 0.16 0.48
11 0.717222 0.016 0.701222
38 0.551987 0.016 0.535987
41 0.8 0.016 0.784
11 0.701222 0.16 0.541222
38 0.535987 0.16 0.375987
41 0.784 0.16 0.624
76 0.8 0.16 0.64
79 0.8 0.16 0.64
76 0.710069 0.016 0.694069
79 0.710811 0.016 0.694811
79 0.694811 0.16 0.534811
76 0.694069 0.16 0.534069
24 0.8 0.016 0.784
75 0.8 0.016 0.784
24 0.784 0.16 0.624
75 0.784 0.16 0.624
14 0.8 0.16 0.64
57 0.8 0.16 0.64
14 0.64 0.16 0.48
57 0.64 0.16 0.48
14 0.551615 0.016 0.535615
57 0.551821 0.016 0.535821
14 0.535615 0.16 0.375615
57 0.535821 0.16 0.375821
47 0.8 0.16 0.64
47 0.64 0.16 0.48
47 0.553562 0.016 0.537562
47 0.537562 0.16 0.377562
61 0.8 0.16 0.64
61 0.712416 0.016 0.696416
62 0.8 0.016 0.784
62 0.784 0.16 0.624
61 0.696416 0.16 0.536416
32 0.8 0.16 0.64
69 0.8 0.16 0.64
69 0.64 0.16 0.48
32 0.716859 0.016 0.700859
69 0.558605 0.016 0.542605
69 0.542605 0.16 0.382605
32 0.700859 0.16 0.540859
10 0.8 0.16 0.64
10 0.71745 0.016 0.70145
10 0.70145 0.16 0.54145
71 0.8 0.016 0.784
71 0.784 0.16 0.624
20 0.8 0.16 0.64
20 0.717836 0.016 0.701836
20 0.701836 0.16 0.541836
67 0.8 0.16 0.64
82 0.8 0.16 0.64
67 0.711274 0.016 0.695274
82 0.71741 0.016 0.70141
90 0.8 0.016 0.784
67 0.695274 0.16 0.535274
90 0.784 0.16 0.624
82 0.70141 0.16 0.54141
59 0.8 0.016 0.784
68 0.8 0.016 0.784
59 0.784 0.16 0.624
68 0.784 0.16 0.624
81 0.8 0.16 0.64
88 0.8 0.16 0.64
81 0.713297 0.016 0.697297
88 0.717789 0.016 0.701789
88 0.701789 0.16 0.541789
81 0.697297 0.16 0.537297
46 0.8 0.16 0.64
46 0.64 0.16 0.48
40 0.8 0.016 0.784
46 0.558062 0.016 0.542062
40 0.784 0.16 0.624
46 0.542062 0.16 0.382062
63 0.8 0.16 0.64
36 0.8 0.016 0.784
54 0.8 0.016 0.784
63 0.71469 0.016 0.69869
36 0.784 0.16 0.624
63 0.69869 0.16 0.53869
54 0.784 0.16 0.624
7 0.8 0.16 0.64
86 0.8 0.16 0.64
7 0.64 0.16 0.48
86 0.64 0.16 0.48
7 0.48 0.16 0.32
86 0.48 0.16 0.32
7 0.390353 0.016 0.374353
86 0.390353 0.016 0.374353
7 0.374353 0.16 0.214353
86 0.374353 0.16 0.214353
31 0.8 0.16 0.64
31 0.712307 0.016 0.696307
31 0.696307 0.16 0.536307
65 0.8 0.016 0.784
65 0.784 0.16 0.624
2 0.8 0.16 0.64
2 0.716334 0.016 0.700334
2 0.700334 0.16 0.540334
3 0.8 0.16 0.64
4 0.8 0.16 0.64
9 0.8 0.16 0.64
3 0.719192 0.016 0.703192
4 0.710359 0.016 0.694359
9 0.713773 0.016 0.697773
9 0.697773 0.16 0.537773
3 0.703192 0.16 0.543192
4 0.694359 0.16 0.534359
70 0.8 0.16 0.64
70 0.64 0.16 0.48
70 0.553231 0.016 0.537231
70 0.537231 0.16 0.377231
21 0.8 0.16 0.64
48 0.8 0.16 0.64
55 0.8 0.16 0.64
21 0.718051 0.016 0.702051
48 0.710395 0.016 0.694395
55 0.710302 0.016 0.694302
21 0.702051 0.16 0.542051
48 0.694395 0.16 0.534395
55 0.694302 0.16 0.534302
12 0.8 0.16 0.64
26 0.8 0.16 0.64
44 0.8 0.16 0.64
12 0.64 0.16 0.48
26 0.64 0.16 0.48
12 0.555111 0.016 0.539111
26 0.551968 0.016 0.535968
44 0.71204 0.016 0.69604
26 0.535968 0.16 0.375968
12 0.539111 0.16 0.379111
44 0.69604 0.16 0.53604
27 0.8 0.16 0.64
27 0.64 0.16 0.48
35 0.8 0.16 0.64
27 0.48 0.16 0.32
35 0.64 0.16 0.48
27 0.395347 0.016 0.379347
35 0.55064 0.016 0.53464
27 0.379347 0.16 0.219347
35 0.53464 0.16 0.37464
6 0.8 0.016 0.784
85 0.8 0.016 0.784
6 0.784 0.16 0.624
85 0.784 0.16 0.624
60 0.8 0.16 0.64
84 0.8 0.16 0.64
60 0.64 0.16 0.48
84 0.64 0.16 0.48
60 0.554047 0.016 0.538047
84 0.555512 0.016 0.539512
60 0.538047 0.16 0.378047
84 0.539512 0.16 0.379512
78 0.8 0.016 0.784
78 0.784 0.16 0.624
