24 0.8 0.016 0.784
25 0.8 0.016 0.784
24 0.784 0.16 0.624
25 0.784 0.16 0.624
69 0.8 0.016 0.784
69 0.784 0.16 0.624
71 0.8 0.16 0.64
71 0.713531 0.016 0.697531
71 0.697531 0.16 0.537531
97 0.8 0.016 0.784
97 0.784 0.16 0.624
4 0.8 0.16 0.64
4 0.712308 0.016 0.696308
4 0.696308 0.16 0.536308
36 0.8 0.16 0.64
84 0.8 0.16 0.64
36 0.710224 0.016 0.694224
84 0.710535 0.016 0.694535
84 0.694535 0.16 0.534535
36 0.694224 0.16 0.534224
50 0.8 0.16 0.64
50 0.64 0.16 0.48
50 0.556241 0.016 0.540241
50 0.540241 0.16 0.380241
77 0.8 0.16 0.64
40 0.8 0.016 0.784
77 0.71683 0.016 0.70083
40 0.784 0.16 0.624
77 0.70083 0.16 0.54083
62 0.8 0.16 0.64
62 0.64 0.16 0.48
62 0.550992 0.016 0.534992
81 0.8 0.016 0.784
81 0.784 0.16 0.624
62 0.534992 0.16 0.374992
65 0.8 0.16 0.64
73 0.8 0.16 0.64
74 0.8 0.16 0.64
79 0.8 0.16 0.64
65 0.712128 0.016 0.696128
73 0.712185 0.016 0.696185
74 0.713632 0.016 0.697632
79 0.715685 0.016 0.699685
95 0.8 0.016 0.784
74 0.697632 0.16 0.537632
79 0.699685 0.16 0.539685
95 0.784 0.16 0.624
73 0.696185 0.16 0.536185
65 0.696128 0.16 0.536128
29 0.8 0.16 0.64
29 0.64 0.16 0.48
29 0.48 0.16 0.32
29 0.397112 0.016 0.381112
29 0.381112 0.16 0.221112
26 0.8 0.016 0.784
26 0.784 0.16 0.624
43 0.8 0.016 0.784
98 0.8 0.016 0.784
43 0.784 0.16 0.624
98 0.784 0.16 0.624
27 0.8 0.16 0.64
51 0.8 0.16 0.64
87 0.8 0.16 0.64
27 0.64 0.16 0.48
51 0.64 0.16 0.48
87 0.64 0.16 0.48
90 0.8 0.16 0.64
27 0.550991 0.016 0.534991
51 0.554852 0.016 0.538852
87 0.557692 0.016 0.541692
87 0.541692 0.16 0.381692
51 0.538852 0.16 0.378852
27 0.534991 0.16 0.374991
90 0.718454 0.16 0.558454
90 0.558454 0.16 0.398454
90 0.398454 0.16 0.238454
90 0.311959 0.016 0.295959
90 0.295959 0.16 0.135959
31 0.8 0.016 0.784
60 0.8 0.016 0.784
60 0.784 0.16 0.624
31 0.784 0.16 0.624
39 0.8 0.16 0.64
47 0.8 0.16 0.64
49 0.8 0.16 0.64
34 0.8 0.16 0.64
39 0.64 0.16 0.48
47 0.64 0.16 0.48
49 0.64 0.16 0.48
34 0.71006 0.016 0.69406
39 0.551936 0.016 0.535936
47 0.552443 0.016 0.536443
49 0.556128 0.016 0.540128
49 0.540128 0.16 0.380128
39 0.535936 0.16 0.375936
34 0.69406 0.16 0.53406
47 0.536443 0.16 0.376443
68 0.8 0.016 0.784
83 0.8 0.016 0.784
68 0.784 0.16 0.624
83 0.784 0.16 0.624
32 0.8 0.16 0.64
32 0.64 0.16 0.48
21 0.8 0.016 0.784
32 0.552969 0.016 0.536969
21 0.784 0.16 0.624
32 0.536969 0.16 0.376969
3 0.8 0.16 0.64
16 0.8 0.16 0.64
44 0.8 0.16 0.64
57 0.8 0.16 0.64
64 0.8 0.16 0.64
88 0.8 0.16 0.64
3 0.719133 0.016 0.703133
44 0.714361 0.016 0.698361
57 0.719529 0.016 0.703529
64 0.716645 0.016 0.700645
88 0.718624 0.016 0.702624
64 0.700645 0.16 0.540645
88 0.702624 0.16 0.542624
57 0.703529 0.16 0.543529
3 0.703133 0.16 0.543133
44 0.698361 0.16 0.538361
16 0.718384 0.16 0.558384
16 0.558384 0.16 0.398384
16 0.398384 0.16 0.238384
16 0.310388 0.016 0.294388
16 0.294388 0.16 0.134388
13 0.8 0.16 0.64
13 0.711947 0.016 0.695947
13 0.695947 0.16 0.535947
37 0.8 0.016 0.784
100 0.8 0.016 0.784
37 0.784 0.16 0.624
100 0.784 0.16 0.624
76 0.8 0.16 0.64
76 0.712037 0.016 0.696037
76 0.696037 0.16 0.536037
38 0.8 0.16 0.64
89 0.8 0.16 0.64
38 0.713843 0.016 0.697843
59 0.8 0.016 0.784
75 0.8 0.016 0.784
89 0.717006 0.016 0.701006
38 0.697843 0.16 0.537843
59 0.784 0.16 0.624
89 0.701006 0.16 0.541006
75 0.784 0.16 0.624
12 0.8 0.16 0.64
12 0.64 0.16 0.48
93 0.8 0.16 0.64
12 0.48 0.16 0.32
93 0.64 0.16 0.48
12 0.391364 0.016 0.375364
93 0.555897 0.016 0.539897
93 0.539897 0.16 0.379897
12 0.375364 0.16 0.215364
54 0.8 0.016 0.784
55 0.8 0.016 0.784
55 0.784 0.16 0.624
54 0.784 0.16 0.624
30 0.8 0.16 0.64
30 0.64 0.16 0.48
30 0.558962 0.016 0.542962
30 0.542962 0.16 0.382962
11 0.8 0.16 0.64
11 0.713253 0.016 0.697253
35 0.8 0.016 0.784
35 0.784 0.16 0.624
11 0.697253 0.16 0.537253
10 0.8 0.16 0.64
28 0.8 0.16 0.64
53 0.8 0.16 0.64
10 0.64 0.16 0.48
10 0.557846 0.016 0.541846
28 0.719787 0.016 0.703787
53 0.719807 0.016 0.703807
10 0.541846 0.16 0.381846
53 0.703807 0.16 0.543807
28 0.703787 0.16 0.543787
94 0.8 0.16 0.64
94 0.64 0.16 0.48
94 0.48 0.16 0.32
94 0.396845 0.016 0.380845
94 0.380845 0.16 0.220845
18 0.8 0.016 0.784
20 0.8 0.016 0.784
20 0.784 0.16 0.624
18 0.784 0.16 0.624
42 0.8 0.016 0.784
46 0.8 0.016 0.784
58 0.8 0.016 0.784
46 0.784 0.16 0.624
58 0.784 0.16 0.624
42 0.784 0.16 0.624
48 0.8 0.016 0.784
48 0.784 0.16 0.624
7 0.8 0.16 0.64
7 0.713898 0.016 0.697898
78 0.8 0.016 0.784
7 0.697898 0.16 0.537898
78 0.784 0.16 0.624
80 0.8 0.16 0.64
96 0.8 0.16 0.64
80 0.712744 0.016 0.696744
96 0.719416 0.016 0.703416
96 0.703416 0.16 0.543416
80 0.696744 0.16 0.536744
70 0.8 0.16 0.64
70 0.715367 0.016 0.699367
70 0.699367 0.16 0.539367
22 0.8 0.16 0.64
22 0.714508 0.016 0.698508
33 0.8 0.016 0.784
33 0.784 0.16 0.624
22 0.698508 0.16 0.538508
99 0.8 0.16 0.64
99 0.717661 0.016 0.701661
99 0.701661 0.16 0.541661
63 0.8 0.16 0.64
63 0.71791 0.016 0.70191
63 0.70191 0.16 0.54191
82 0.8 0.016 0.784
82 0.784 0.16 0.624
66 0.8 0.16 0.64
66 0.717899 0.016 0.701899
66 0.701899 0.16 0.541899
5 0.8 0.016 0.784
9 0.8 0.016 0.784
56 0.8 0.016 0.784
9 0.784 0.16 0.624
56 0.784 0.16 0.624
5 0.784 0.16 0.624
52 0.8 0.16 0.64
52 0.64 0.16 0.48
85 0.8 0.16 0.64
52 0.555587 0.016 0.539587
85 0.719871 0.016 0.703871
85 0.703871 0.16 0.543871
52 0.539587 0.16 0.379587
17 0.8 0.16 0.64
41 0.8 0.16 0.64
41 0.64 0.16 0.48
6 0.8 0.016 0.784
17 0.71132 0.016 0.69532
41 0.553958 0.016 0.537958
92 0.8 0.016 0.784
41 0.537958 0.16 0.377958
6 0.784 0.16 0.624
92 0.784 0.16 0.624
17 0.69532 0.16 0.53532
1 0.8 0.16 0.64
1 0.64 0.16 0.48
19 0.8 0.16 0.64
91 0.8 0.16 0.64
1 0.48 0.16 0.32
1 0.392498 0.016 0.376498
1 0.376498 0.16 0.216498
19 0.711706 0.16 0.551706
45 0.8 0.16 0.64
91 0.716496 0.16 0.556496
19 0.621852 0.016 0.605852
45 0.711307 0.016 0.695307
61 0.8 0.016 0.784
91 0.631123 0.016 0.615123
61 0.784 0.16 0.624
91 0.615123 0.16 0.455123
45 0.695307 0.16 0.535307
19 0.605852 0.16 0.445852
72 0.8 0.16 0.64
72 0.64 0.16 0.48
72 0.48 0.16 0.32
72 0.32 0.16 0.16
15 0.8 0.016 0.784
72 0.232072 0.016 0.216072
15 0.784 0.16 0.624
72 0.216072 0.16 0.0560725
2 0.8 0.16 0.64
2 0.718496 0.016 0.702496
2 0.702496 0.16 0.542496
8 0.8 0.16 0.64
86 0.8 0.16 0.64
86 0.71008 0.016 0.69408
86 0.69408 0.16 0.53408
8 0.716075 0.16 0.556075
8 0.634019 0.016 0.618019
8 0.618019 0.16 0.458019
14 0.8 0.016 0.784
23 0.8 0.016 0.784
67 0.8 0.016 0.784
23 0.784 0.16 0.624
14 0.784 0.16 0.624
67 0.784 0.16 0.624
