40 0.8 0.016 0.784
40 0.784 0.16 0.624
13 0.8 0.016 0.784
13 0.784 0.16 0.624
21 0.8 0.016 0.784
27 0.8 0.016 0.784
27 0.784 0.16 0.624
21 0.784 0.16 0.624
2 0.8 0.016 0.784
9 0.8 0.016 0.784
2 0.784 0.16 0.624
9 0.784 0.16 0.624
15 0.8 0.016 0.784
25 0.8 0.016 0.784
15 0.784 0.16 0.624
25 0.784 0.16 0.624
8 0.8 0.016 0.784
8 0.784 0.16 0.624
23 0.8 0.016 0.784
23 0.784 0.16 0.624
33 0.8 0.16 0.64
33 0.716811 0.016 0.700811
33 0.700811 0.16 0.540811
22 0.8 0.16 0.64
11 0.8 0.016 0.784
22 0.716775 0.016 0.700775
22 0.700775 0.16 0.540775
11 0.784 0.16 0.624
7 0.8 0.16 0.64
7 0.718326 0.016 0.702326
7 0.702326 0.16 0.542326
35 0.8 0.16 0.64
35 0.711768 0.016 0.695768
35 0.695768 0.16 0.535768
5 0.8 0.16 0.64
30 0.8 0.16 0.64
5 0.718328 0.016 0.702328
30 0.717157 0.016 0.701157
30 0.701157 0.16 0.541157
5 0.702328 0.16 0.542328
18 0.8 0.016 0.784
36 0.8 0.016 0.784
36 0.784 0.16 0.624
18 0.784 0.16 0.624
19 0.8 0.16 0.64
19 0.64 0.16 0.48
19 0.558514 0.016 0.542514
19 0.542514 0.16 0.382514
6 0.8 0.016 0.784
12 0.8 0.016 0.784
20 0.8 0.016 0.784
38 0.8 0.016 0.784
20 0.784 0.16 0.624
12 0.784 0.16 0.624
6 0.784 0.16 0.624
38 0.784 0.16 0.624
10 0.8 0.016 0.784
10 0.784 0.16 0.624
17 0.8 0.016 0.784
32 0.8 0.016 0.784
32 0.784 0.16 0.624
17 0.784 0.16 0.624
31 0.8 0.016 0.784
34 0.8 0.016 0.784
31 0.784 0.16 0.624
34 0.784 0.16 0.624
4 0.8 0.016 0.784
26 0.8 0.016 0.784
26 0.784 0.16 0.624
4 0.784 0.16 0.624
3 0.8 0.016 0.784
3 0.784 0.16 0.624
24 0.8 0.16 0.64
24 0.712175 0.016 0.696175
24 0.696175 0.16 0.536175
14 0.8 0.016 0.784
14 0.784 0.16 0.624
28 0.8 0.016 0.784
39 0.8 0.016 0.784
39 0.784 0.16 0.624
28 0.784 0.16 0.624
29 0.8 0.016 0.784
29 0.784 0.16 0.624
37 0.8 0.016 0.784
37 0.784 0.16 0.624
1 0.8 0.016 0.784
1 0.784 0.16 0.624
16 0.8 0.016 0.784
16 0.784 0.16 0.624
