50 150 1.03125
4 151 1.04072
17 152 1.07322
9 153 1.07606
60 154 1.09738
54 155 1.11437
52 156 1.11501
1 157 1.11615
55 158 1.25916
12 159 1.26277
25 160 1.26958
40 161 1.28488
49 162 1.28789
43 163 1.31392
59 164 1.32684
29 165 1.34533
33 166 1.35503
27 167 1.42924
36 168 1.44128
13 169 1.44774
21 170 1.45509
19 171 1.49159
2 172 1.59848
35 173 1.71082
45 174 1.76811
23 175 1.81294
20 176 1.82656
11 177 1.86281
57 178 1.86746
26 179 1.93922
14 180 1.96071
10 181 2.02837
5 182 2.03191
18 183 2.08979
37 184 2.11734
22 185 2.16786
48 186 2.17662
46 187 2.20262
39 188 2.21594
34 189 2.25087
38 190 2.29866
31 191 2.31053
7 192 2.33054
6 193 2.35761
51 194 2.42323
24 195 2.45971
30 196 2.4918
47 197 2.52461
56 198 2.52639
58 199 2.64338
53 200 2.65562
28 201 2.68104
41 202 2.69783
32 203 2.70845
42 204 2.71091
16 205 2.85226
8 206 2.90727
3 207 2.91414
15 208 2.92216
44 209 2.98534
