21 450 1.02187
23 451 1.03611
78 452 1.06453
80 453 1.09096
8 454 1.1638
12 455 1.18453
83 456 1.22391
40 457 1.2249
1 458 1.27138
13 459 1.27449
45 460 1.31239
100 461 1.36518
89 462 1.37635
54 463 1.48399
19 464 1.50408
35 465 1.50958
24 466 1.51909
25 467 1.53334
77 468 1.57184
97 469 1.61309
66 470 1.62562
65 471 1.62706
79 472 1.63158
39 473 1.63564
9 474 1.65165
95 475 1.67737
57 476 1.68265
63 477 1.68737
68 478 1.69304
32 479 1.71653
20 480 1.73025
84 481 1.73709
49 482 1.7587
86 483 1.76913
37 484 1.78149
41 485 1.78282
59 486 1.8003
85 487 1.82679
3 488 1.84812
67 489 1.90298
58 490 1.93069
88 491 1.9861
38 492 2.00345
31 493 2.00714
10 494 2.01095
16 495 2.02663
96 496 2.10457
98 497 2.1277
90 498 2.13831
72 499 2.16801
91 500 2.19358
48 501 2.22331
61 502 2.25381
47 503 2.25524
70 504 2.26579
43 505 2.29414
51 506 2.31532
94 507 2.33954
69 508 2.34989
14 509 2.36795
46 510 2.36817
36 511 2.38028
92 512 2.39707
27 513 2.39954
53 514 2.42169
73 515 2.43159
22 516 2.5157
15 517 2.52186
60 518 2.5229
99 519 2.5424
74 520 2.54923
71 521 2.56794
44 522 2.57537
55 523 2.57737
30 524 2.5787
5 525 2.58214
50 526 2.59683
29 527 2.60527
64 528 2.608
81 529 2.61522
82 530 2.69278
42 531 2.72722
18 532 2.75689
33 533 2.78073
93 534 2.78483
17 535 2.79533
34 536 2.82468
6 537 2.83348
76 538 2.83873
87 539 2.83889
4 540 2.88155
52 541 2.89252
75 542 2.89391
7 543 2.89703
28 544 2.90318
26 545 2.90779
11 546 2.92039
62 547 2.94895
56 548 2.96366
2 549 2.97711
