6 60 1.01144
23 61 1.13747
35 62 1.22108
34 63 1.23219
21 64 1.23676
1 65 1.46326
14 66 1.46649
17 67 1.47385
8 68 1.47798
24 69 1.48431
27 70 1.53233
28 71 1.57292
4 72 1.6912
13 73 1.69924
40 74 1.74069
19 75 1.74858
30 76 1.8065
33 77 1.86501
39 78 1.8937
18 79 1.95219
25 80 2.06545
20 81 2.23953
7 82 2.27424
10 83 2.27623
9 84 2.3019
3 85 2.33018
15 86 2.45254
2 87 2.4648
22 88 2.46607
16 89 2.49126
36 90 2.50836
11 91 2.51591
12 92 2.5266
31 93 2.6114
26 94 2.64689
29 95 2.65822
37 96 2.70213
5 97 2.73459
32 98 2.76599
38 99 2.89196
