21 450
23 451
78 452
80 453
8 454
12 455
83 456
40 457
1 458
13 459
45 460
100 461
89 462
54 463
19 464
35 465
24 466
25 467
77 468
97 469
66 470
65 471
79 472
39 473
9 474
95 475
57 476
63 477
68 478
32 479
20 480
84 481
49 482
86 483
37 484
41 485
59 486
85 487
3 488
67 489
58 490
88 491
38 492
31 493
10 494
16 495
96 496
98 497
90 498
72 499
91 500
48 501
61 502
47 503
70 504
43 505
51 506
94 507
69 508
14 509
46 510
36 511
92 512
27 513
53 514
73 515
22 516
15 517
60 518
99 519
74 520
71 521
44 522
55 523
30 524
5 525
50 526
29 527
64 528
81 529
82 530
42 531
18 532
33 533
93 534
17 535
34 536
6 537
76 538
87 539
4 540
52 541
75 542
7 543
28 544
26 545
11 546
62 547
56 548
2 549
