56 360
71 361
24 362
48 363
20 364
57 365
36 366
90 367
50 368
15 369
87 370
75 371
14 372
30 373
66 374
81 375
5 376
23 377
6 378
25 379
43 380
53 381
37 382
7 383
35 384
68 385
58 386
22 387
85 388
65 389
51 390
59 391
61 392
11 393
64 394
38 395
4 396
1 397
74 398
67 399
21 400
44 401
10 402
3 403
34 404
2 405
31 406
84 407
12 408
16 409
52 410
42 411
76 412
82 413
9 414
27 415
72 416
49 417
70 418
46 419
73 420
60 421
29 422
89 423
8 424
79 425
80 426
63 427
45 428
18 429
62 430
86 431
83 432
69 433
17 434
40 435
47 436
13 437
26 438
28 439
54 440
19 441
78 442
33 443
55 444
88 445
39 446
32 447
41 448
77 449
