1 100 1.03088
17 101 1.06849
10 102 1.26151
49 103 1.30782
28 104 1.3146
30 105 1.31716
27 106 1.34551
34 107 1.4381
48 108 1.48012
37 109 1.48305
11 110 1.52893
40 111 1.59351
22 112 1.66029
26 113 1.66935
50 114 1.76945
5 115 1.84158
43 116 1.84688
4 117 1.86867
3 118 1.88951
2 119 1.88991
33 120 1.92285
24 121 1.96007
36 122 1.9625
31 123 1.98112
19 124 2.0047
9 125 2.0402
25 126 2.11828
41 127 2.14335
23 128 2.16506
6 129 2.18311
42 130 2.2133
18 131 2.21656
32 132 2.22274
39 133 2.36017
14 134 2.38891
7 135 2.39679
15 136 2.42019
35 137 2.44133
46 138 2.46502
12 139 2.59375
44 140 2.59734
13 141 2.64677
45 142 2.71937
20 143 2.77565
16 144 2.80798
38 145 2.86575
47 146 2.87733
21 147 2.87814
8 148 2.87901
29 149 2.98413
