2 280 1.00452
19 281 1.01505
74 282 1.06179
78 283 1.10387
28 284 1.11735
64 285 1.18165
33 286 1.23031
42 287 1.24086
4 288 1.25372
31 289 1.2773
29 290 1.3154
50 291 1.31557
8 292 1.31576
44 293 1.33576
13 294 1.35052
55 295 1.38818
57 296 1.41339
11 297 1.46744
51 298 1.47078
56 299 1.49925
46 300 1.54323
49 301 1.55608
15 302 1.64103
12 303 1.64182
53 304 1.66315
22 305 1.68679
26 306 1.77286
1 307 1.77654
65 308 1.79491
38 309 1.80029
35 310 1.8087
5 311 1.8604
58 312 1.86561
27 313 1.87502
25 314 1.92766
80 315 1.9343
14 316 1.93852
54 317 1.96184
63 318 1.97557
71 319 2.01073
77 320 2.05975
67 321 2.06771
37 322 2.12401
9 323 2.1322
10 324 2.19761
18 325 2.20651
34 326 2.23574
6 327 2.2361
23 328 2.32378
32 329 2.32394
39 330 2.34323
69 331 2.34874
41 332 2.39772
70 333 2.40015
68 334 2.42329
76 335 2.4747
48 336 2.50254
36 337 2.5647
59 338 2.56952
3 339 2.5901
61 340 2.6365
73 341 2.6657
43 342 2.71923
62 343 2.72232
40 344 2.76828
66 345 2.82556
47 346 2.83833
72 347 2.85798
45 348 2.86668
16 349 2.87435
79 350 2.9167
20 351 2.91924
7 352 2.91984
24 353 2.92165
52 354 2.93201
60 355 2.95603
75 356 2.96617
17 357 2.96674
21 358 2.98398
30 359 2.99276
