56 360 1.01123
71 361 1.03486
24 362 1.06283
48 363 1.11478
20 364 1.12119
57 365 1.18132
36 366 1.20757
90 367 1.21835
50 368 1.23878
15 369 1.2932
87 370 1.30143
75 371 1.33686
14 372 1.3539
30 373 1.37087
66 374 1.37831
81 375 1.41544
5 376 1.42356
23 377 1.44828
6 378 1.47864
25 379 1.53058
43 380 1.57716
53 381 1.58218
37 382 1.58667
7 383 1.62926
35 384 1.65611
68 385 1.67395
58 386 1.71796
22 387 1.72
85 388 1.7298
65 389 1.75641
51 390 1.80463
59 391 1.82132
61 392 1.83658
11 393 1.8627
64 394 1.89091
38 395 1.91457
4 396 1.91914
1 397 1.95608
74 398 1.99178
67 399 2.08102
21 400 2.11628
44 401 2.15249
10 402 2.16585
3 403 2.16957
34 404 2.19735
2 405 2.20377
31 406 2.20747
84 407 2.2257
12 408 2.25283
16 409 2.2673
52 410 2.27178
42 411 2.27501
76 412 2.28487
82 413 2.30747
9 414 2.36041
27 415 2.37776
72 416 2.39029
49 417 2.3909
70 418 2.4145
46 419 2.4421
73 420 2.44649
60 421 2.48252
29 422 2.50677
89 423 2.52559
8 424 2.53834
79 425 2.54602
80 426 2.575
63 427 2.62799
45 428 2.67406
18 429 2.68617
62 430 2.71164
86 431 2.71528
83 432 2.75301
69 433 2.75357
17 434 2.76028
40 435 2.7694
47 436 2.79303
13 437 2.81978
26 438 2.84044
28 439 2.84119
54 440 2.85038
19 441 2.87215
78 442 2.87466
33 443 2.913
55 444 2.9376
88 445 2.93922
39 446 2.9614
32 447 2.98235
41 448 2.98341
77 449 2.98768
