2 280
19 281
74 282
78 283
28 284
64 285
33 286
42 287
4 288
31 289
29 290
50 291
8 292
44 293
13 294
55 295
57 296
11 297
51 298
56 299
46 300
49 301
15 302
12 303
53 304
22 305
26 306
1 307
65 308
38 309
35 310
5 311
58 312
27 313
25 314
80 315
14 316
54 317
63 318
71 319
77 320
67 321
37 322
9 323
10 324
18 325
34 326
6 327
23 328
32 329
39 330
69 331
41 332
70 333
68 334
76 335
48 336
36 337
59 338
3 339
61 340
73 341
43 342
62 343
40 344
66 345
47 346
72 347
45 348
16 349
79 350
20 351
7 352
24 353
52 354
60 355
75 356
17 357
21 358
30 359
