0 3500
0 3501
0 3502
0 3503
0 3504
0 3505
0 3506
0 3507
0 3508
0 3509
0 3511
0 3515
0 3521
0 3526
0 3533
0 3535
0 3537
48 3523
0 3541
53 3540
0 3546
60 3532
0 3550
39 3530
0 3552
0 3556
0 3557
16 3529
0 3563
0 3567
0 3572
0 3575
0 3579
0 3582
41 3581
0 3586
59 3571
0 3590
0 3591
46 3517
1 3516
28 3512
27 3548
0 3592
20 3551
4 3569
0 3593
19 3558
54 3510
0 3594
42 3578
0 3595
12 3587
0 3596
31 3559
0 3597
51 3528
29 3544
6 3549
0 3598
0 3599
25 3538
0 3600
33 3560
0 3601
7 3570
50 3584
2 3588
0 3602
32 3518
17 3554
0 3603
43 3527
0 3604
13 3589
30 3519
23 3565
0 3605
0 3606
10 3568
14 3513
0 3607
57 3543
0 3608
47 3522
0 3609
0 3610
49 3542
0 3611
0 3612
0 3613
0 3614
0 3615
24 3580
11 3583
0 3616
0 3617
21 3576
26 3545
0 3618
0 3619
3 3539
9 3555
0 3620
0 3621
18 3531
40 3520
44 3534
37 3514
0 3622
58 3566
8 3524
22 3525
0 3623
56 3547
0 3624
35 3536
0 3625
0 3626
0 3627
34 3561
36 3577
0 3628
0 3629
0 3630
0 3631
5 3574
0 3632
45 3553
15 3562
0 3633
0 3634
38 3564
52 3573
0 3635
55 3585
0 3636
0 3637
0 3638
0 3639
0 3640
0 3641
0 3642
0 3643
0 3644
0 3645
0 3646
0 3647
0 3648
0 3649
0 3650
0 3651
0 3652
0 3653
0 3654
0 3655
0 3656
0 3657
0 3658
0 3659
0 3660
0 3661
0 3662
0 3663
0 3664
0 3665
0 3666
0 3667
0 3668
0 3669
0 3670
0 3671
0 3672
0 3673
0 3674
0 3675
0 3676
0 3677
0 3678
0 3679
0 3680
0 3681
0 3682
0 3683
0 3684
0 3685
0 3686
0 3687
0 3688
0 3689
0 3690
0 3691
0 3692
0 3693
0 3694
0 3695
0 3696
0 3697
0 3698
0 3699
0 3700
0 3701
0 3702
0 3703
0 3704
0 3705
0 3706
0 3707
0 3708
0 3709
