54 3510 1.01251
28 3512 1.10286
14 3513 1.12376
37 3514 1.13096
1 3516 1.16507
46 3517 1.17192
32 3518 1.2024
30 3519 1.22416
40 3520 1.23447
47 3522 1.2924
48 3523 1.32127
8 3524 1.32445
22 3525 1.32852
43 3527 1.37669
51 3528 1.38622
16 3529 1.43464
39 3530 1.43632
18 3531 1.4399
60 3532 1.45735
44 3534 1.52004
35 3536 1.57036
25 3538 1.6669
3 3539 1.67926
53 3540 1.68915
49 3542 1.76684
57 3543 1.77594
29 3544 1.80973
26 3545 1.80991
56 3547 1.88494
27 3548 1.93701
6 3549 1.95865
20 3551 1.96446
45 3553 2.11975
17 3554 2.133
9 3555 2.1437
19 3558 2.28726
31 3559 2.30201
33 3560 2.30428
34 3561 2.34012
15 3562 2.3549
38 3564 2.38171
23 3565 2.44003
58 3566 2.45612
10 3568 2.53269
4 3569 2.53447
7 3570 2.54116
59 3571 2.55656
52 3573 2.57965
5 3574 2.60268
21 3576 2.67901
36 3577 2.6974
42 3578 2.75655
24 3580 2.77751
41 3581 2.83168
11 3583 2.87778
50 3584 2.92452
55 3585 2.9485
12 3587 2.97571
2 3588 2.98915
13 3589 2.99836
