24 2941 0 100 121559912 1.18048 1.18048
29 2953 0 100 121548752 1.78048 1.78048
11 2948 0 100 121553984 2.08048 2.08048
30 2961 0 100 121546244 2.28048 2.28048
14 2970 0 100 88875428 2.68048 2.68048
8 2985 0 100 56202848 2.88048 2.88048
10 2949 0 100 88846660 2.88048 2.88048
21 2951 0 100 154299456 2.88048 2.88048
27 2956 0 100 88859108 3.08048 3.08048
4 2943 0 100 154280864 3.38048 3.38048
17 2976 0 100 121554884 3.48048 3.48048
1 2945 0 100 154243016 3.48048 3.48048
12 2964 0 100 121570934 3.68048 3.68048
15 2973 0 100 121574714 3.98048 3.98048
16 2958 0 100 121572020 4.28048 4.28048
18 2980 0 100 154301680 4.28048 4.28048
9 2972 0 100 154270360 4.48048 4.48048
28 2959 0 100 121528016 4.58048 4.58048
23 2963 0 100 154247904 4.68048 4.68048
25 2974 0 100 88849360 4.88048 4.88048
13 2979 0 100 121536440 5.48048 5.48048
2 2952 0 100 121548464 5.68048 5.68048
26 2966 0 100 154282720 5.68048 5.68048
7 2969 0 100 154265632 5.78048 5.78048
5 2977 0 100 121575044 5.88048 5.88048
20 2982 0 100 154245136 6.28048 6.28048
19 2955 0 100 88871000 6.58048 6.58048
22 2968 0 100 88860736 6.78048 6.78048
6 2981 0 100 121539920 6.88048 6.88048
3 2965 0 100 154291336 6.98048 6.98048
