0 3930
0 3931
0 3932
0 3933
0 3934
0 3935
0 3936
0 3937
0 3938
0 3939
0 3943
0 3946
0 3950
0 3956
27 3953
0 3959
0 3964
75 3961
0 3967
0 3971
0 3979
48 3977
0 3984
0 3995
49 3975
24 3990
0 3998
74 3997
77 3966
0 4001
54 3951
46 3972
35 3945
60 3942
0 4007
67 3996
0 4013
73 4012
0 4017
7 4008
0 4026
12 3948
16 3992
0 4031
64 4002
40 3987
79 3969
0 4036
2 3986
0 4039
0 4040
58 4038
0 4041
17 3940
62 3974
0 4042
0 4043
3 4014
0 4044
38 4003
78 3955
41 3957
0 4045
25 4009
0 4046
59 3947
0 4047
61 4021
0 4048
63 4033
28 3993
0 4049
6 3965
31 3960
22 3968
10 3949
0 4050
14 3978
70 3989
0 4051
47 3991
21 3944
26 3981
0 4052
33 4004
44 4011
0 4053
68 3983
69 3954
0 4054
43 4000
29 4037
5 3970
0 4055
50 3941
0 4056
15 3980
39 3982
0 4057
0 4058
34 4010
66 3952
52 3988
30 3994
0 4059
0 4060
42 4023
0 4061
0 4062
0 4063
0 4064
65 3999
0 4065
19 4005
0 4066
0 4067
0 4068
11 3962
8 4015
0 4069
53 4006
18 4019
0 4070
13 4030
0 4071
0 4072
76 3973
71 3958
0 4073
1 3963
0 4074
72 4022
57 4020
0 4075
0 4076
80 4018
20 4024
0 4077
0 4078
4 3976
56 4025
9 4034
0 4079
23 4032
55 3985
0 4080
45 4035
0 4081
32 4016
0 4082
0 4083
51 4028
0 4084
36 4027
0 4085
0 4086
37 4029
0 4087
0 4088
0 4089
0 4090
0 4091
0 4092
0 4093
0 4094
0 4095
0 4096
0 4097
0 4098
0 4099
0 4100
0 4101
0 4102
0 4103
0 4104
0 4105
0 4106
0 4107
0 4108
0 4109
0 4110
0 4111
0 4112
0 4113
0 4114
0 4115
0 4116
0 4117
0 4118
0 4119
0 4120
0 4121
0 4122
0 4123
0 4124
0 4125
0 4126
0 4127
0 4128
0 4129
0 4130
0 4131
0 4132
0 4133
0 4134
0 4135
0 4136
0 4137
0 4138
0 4139
0 4140
0 4141
0 4142
0 4143
0 4144
0 4145
0 4146
0 4147
0 4148
0 4149
0 4150
0 4151
0 4152
0 4153
0 4154
0 4155
0 4156
0 4157
0 4158
0 4159
