25 3124 0 100 154293016 1.26829 1.26829
16 3127 0 100 121552862 2.16829 2.16829
11 3154 0 100 154259048 2.16829 2.16829
19 3123 0 100 154279568 2.16829 2.16829
39 3156 0 100 121548878 2.26829 2.26829
18 3147 0 100 154275368 2.36829 2.36829
26 3142 0 100 154247256 2.46829 2.46829
14 3153 0 100 154282656 2.46829 2.46829
38 3122 0 100 121536866 2.86829 2.86829
12 3176 0 100 121563596 2.96829 2.96829
34 3136 0 100 88867352 3.06829 3.06829
5 3143 0 100 154264480 3.26829 3.26829
3 3167 0 100 154282136 3.36829 3.36829
32 3120 0 100 88853372 3.56829 3.56829
2 3164 0 100 154261720 3.86829 3.86829
23 3137 0 100 154275448 3.86829 3.86829
20 3150 0 100 88872028 4.06829 4.06829
33 3135 0 100 88853104 4.16829 4.16829
30 3146 0 100 121564670 4.26829 4.26829
17 3140 0 100 88844948 4.46829 4.46829
24 3149 0 100 154289096 4.46829 4.46829
9 3151 0 100 121547684 4.56829 4.56829
13 3162 0 100 121572554 4.56829 4.56829
28 3169 0 100 121565630 4.66829 4.66829
36 3131 0 100 88868900 4.76829 4.76829
29 3130 0 100 154245864 5.66829 5.66829
15 3125 0 100 121564670 5.76829 5.76829
37 3174 0 100 154260040 5.86829 5.86829
10 3133 0 100 154279424 6.06829 6.06829
40 3139 0 100 154266680 6.16829 6.16829
4 3166 0 100 154272536 6.16829 6.16829
8 3129 0 100 121555568 6.26829 6.26829
21 3172 0 100 154252672 6.26829 6.26829
27 3161 0 100 154289488 6.26829 6.26829
31 3157 0 100 121533890 6.46829 6.46829
1 3178 0 100 56206932 7.06829 7.06829
7 3159 0 100 121549724 7.06829 7.06829
6 3168 0 100 88860176 7.16829 7.16829
22 3177 0 100 154274360 7.46829 7.46829
35 3173 0 100 154283056 7.46829 7.46829
