83 4170 1.03528
42 4171 1.04525
64 4173 1.11861
8 4174 1.14506
45 4176 1.17755
87 4177 1.19182
20 4178 1.20192
76 4179 1.20616
60 4180 1.22352
58 4181 1.22659
32 4182 1.23604
80 4183 1.23625
52 4184 1.23934
10 4186 1.25543
70 4187 1.27943
2 4188 1.29247
33 4189 1.34015
29 4191 1.36565
71 4192 1.39781
19 4193 1.40625
61 4195 1.45643
53 4196 1.49832
59 4197 1.51991
85 4198 1.52546
36 4200 1.58704
74 4201 1.60473
7 4202 1.61817
14 4203 1.62531
66 4204 1.64315
51 4206 1.65281
62 4207 1.67674
69 4208 1.70615
78 4209 1.71032
50 4210 1.7251
25 4211 1.73846
81 4213 1.7762
67 4214 1.78835
47 4215 1.8111
34 4216 1.81959
84 4217 1.84281
27 4219 1.89271
38 4220 1.90589
37 4222 1.98251
9 4223 2.00405
57 4224 2.0046
40 4225 2.01622
44 4226 2.04662
12 4228 2.0962
22 4229 2.10302
73 4230 2.12181
65 4231 2.12223
90 4232 2.12869
17 4233 2.15063
56 4235 2.15241
46 4236 2.16372
21 4237 2.16639
3 4238 2.19679
26 4239 2.22402
82 4241 2.25726
16 4242 2.26294
41 4243 2.28059
4 4244 2.2932
49 4245 2.33532
86 4246 2.3508
54 4248 2.36692
63 4249 2.36788
30 4250 2.36979
48 4251 2.38546
88 4252 2.45165
24 4254 2.52076
23 4256 2.62678
43 4257 2.62761
1 4258 2.6297
75 4260 2.65783
55 4261 2.6651
39 4262 2.7156
79 4263 2.72536
15 4264 2.73151
72 4265 2.73917
35 4267 2.7559
31 4268 2.76685
18 4269 2.81009
77 4270 2.8115
28 4271 2.82191
11 4272 2.8247
5 4273 2.83954
68 4275 2.90398
13 4276 2.91361
6 4277 2.93093
89 4279 2.9841
