0 4160
0 4161
0 4162
0 4163
0 4164
0 4165
0 4166
0 4167
0 4168
0 4169
0 4172
0 4175
0 4185
0 4190
2 4188
0 4194
0 4199
0 4205
45 4176
87 4177
0 4212
0 4218
0 4221
74 4201
0 4227
0 4234
71 4192
59 4197
0 4240
19 4193
26 4239
80 4183
0 4247
8 4174
0 4253
78 4209
36 4200
53 4196
0 4255
50 4210
49 4245
0 4259
56 4235
81 4213
88 4252
0 4266
43 4257
0 4274
7 4202
79 4263
23 4256
0 4278
13 4276
29 4191
0 4280
66 4204
85 4198
0 4281
73 4230
70 4187
5 4273
0 4282
39 4262
60 4180
0 4283
0 4284
47 4215
0 4285
90 4232
0 4286
40 4225
12 4228
0 4287
28 4271
68 4275
75 4260
0 4288
77 4270
37 4222
30 4250
0 4289
0 4290
21 4237
57 4224
0 4291
41 4243
32 4182
0 4292
25 4211
55 4261
89 4279
0 4293
62 4207
0 4294
34 4216
67 4214
0 4295
0 4296
4 4244
58 4181
64 4173
0 4297
0 4298
82 4241
76 4179
0 4299
83 4170
0 4300
44 4226
33 4189
0 4301
0 4302
0 4303
84 4217
16 4242
0 4304
9 4223
52 4184
0 4305
20 4178
0 4306
0 4307
35 4267
61 4195
0 4308
72 4265
14 4203
42 4171
22 4229
10 4186
0 4309
0 4310
0 4311
27 4219
15 4264
46 4236
0 4312
17 4233
69 4208
0 4313
51 4206
65 4231
0 4314
63 4249
0 4315
18 4269
63 4249
0 4316
0 4317
11 4272
54 4248
3 4238
0 4318
48 4251
0 4319
1 4258
0 4320
38 4220
6 4277
0 4321
0 4322
0 4323
0 4324
86 4246
0 4325
0 4326
24 4254
31 4268
0 4327
0 4328
0 4329
0 4330
0 4331
0 4332
0 4333
0 4334
0 4335
0 4336
0 4337
0 4338
0 4339
0 4340
0 4341
0 4342
0 4343
0 4344
0 4345
0 4346
0 4347
0 4348
0 4349
0 4350
0 4351
0 4352
0 4353
0 4354
0 4355
0 4356
0 4357
0 4358
0 4359
0 4360
0 4361
0 4362
0 4363
0 4364
0 4365
0 4366
0 4367
0 4368
0 4369
0 4370
0 4371
0 4372
0 4373
0 4374
0 4375
0 4376
0 4377
0 4378
0 4379
0 4380
0 4381
0 4382
0 4383
0 4384
0 4385
0 4386
0 4387
0 4388
0 4389
0 4390
0 4391
0 4392
0 4393
0 4394
0 4395
0 4396
0 4397
0 4398
0 4399
