17 3310 0 100 154304696 1.92429 1.92429
15 3336 0 100 154274896 2.02429 2.02429
6 3320 0 100 88862988 2.22429 2.22429
44 3346 0 100 154285752 2.32429 2.32429
34 3338 0 100 88863588 2.42429 2.42429
30 3317 0 100 154275848 2.42429 2.42429
49 3352 0 100 88873548 2.52429 2.52429
9 3358 0 100 121560974 2.52429 2.52429
14 3364 0 100 88864252 2.72429 2.72429
41 3332 0 100 88870316 2.92429 2.92429
21 3324 0 100 88864640 3.02429 3.02429
16 3344 0 100 154287312 3.02429 3.02429
48 3348 0 100 88875772 3.12429 3.12429
4 3371 0 100 121532684 3.12429 3.12429
8 3319 0 100 154289512 3.12429 3.12429
47 3357 0 100 88857312 3.32429 3.32429
7 3343 0 100 154244232 3.32429 3.32429
25 3350 0 100 154257968 3.32429 3.32429
38 3367 0 100 88871376 3.42429 3.42429
28 3377 0 100 121569128 3.52429 3.52429
3 3315 0 100 121564862 3.62429 3.62429
13 3331 0 100 154297224 3.72429 3.72429
50 3355 0 100 56200236 3.82429 3.82429
18 3361 0 100 88853432 3.92429 3.92429
40 3323 0 100 121571030 3.92429 3.92429
24 3312 0 100 121548926 4.12429 4.12429
23 3340 0 100 56201350 4.42429 4.42429
37 3372 0 100 154297920 4.42429 4.42429
12 3318 0 100 88872944 4.52429 4.52429
10 3365 0 100 121532762 4.52429 4.52429
22 3342 0 100 88847408 4.72429 4.72429
1 3369 0 100 121561166 4.92429 4.92429
39 3366 0 100 88856632 5.42429 5.42429
43 3375 0 100 121564436 5.62429 5.62429
27 3334 0 100 121529612 5.72429 5.72429
31 3376 0 100 121561688 5.72429 5.72429
29 3353 0 100 154292368 5.72429 5.72429
32 3326 0 100 154272320 5.82429 5.82429
46 3321 0 100 154268584 5.92429 5.92429
20 3362 0 100 154249944 6.02429 6.02429
45 3360 0 100 121574672 6.12429 6.12429
42 3313 0 100 154301536 6.12429 6.12429
36 3327 0 100 88854384 6.22429 6.22429
5 3379 0 100 154279768 6.22429 6.22429
19 3330 0 100 154242424 6.32429 6.32429
33 3370 0 100 121553606 6.42429 6.42429
11 3345 0 100 88850376 6.72429 6.72429
35 3337 0 100 88872708 6.82429 6.82429
26 3374 0 100 88875988 7.42429 7.42429
2 3356 0 100 88865264 7.62429 7.62429
