2 0.8 0.016 0.784
2 0.784 0.16 0.624
45 0.8 0.016 0.784
87 0.8 0.016 0.784
45 0.784 0.16 0.624
87 0.784 0.16 0.624
87 0.624 0.16 0.464
74 0.8 0.016 0.784
74 0.784 0.16 0.624
59 0.8 0.016 0.784
71 0.8 0.016 0.784
71 0.784 0.16 0.624
59 0.784 0.16 0.624
19 0.8 0.016 0.784
26 0.8 0.016 0.784
80 0.8 0.016 0.784
19 0.784 0.16 0.624
26 0.784 0.16 0.624
80 0.784 0.16 0.624
8 0.8 0.016 0.784
8 0.784 0.16 0.624
36 0.8 0.16 0.64
53 0.8 0.16 0.64
78 0.8 0.16 0.64
36 0.714812 0.016 0.698812
53 0.712249 0.016 0.696249
78 0.710884 0.016 0.694884
78 0.694884 0.16 0.534884
36 0.698812 0.16 0.538812
50 0.8 0.16 0.64
53 0.696249 0.16 0.536249
36 0.538812 0.16 0.378812
53 0.536249 0.16 0.376249
49 0.8 0.16 0.64
50 0.64 0.16 0.48
50 0.48 0.16 0.32
49 0.710971 0.016 0.694971
50 0.393865 0.016 0.377865
50 0.377865 0.16 0.217865
49 0.694971 0.16 0.534971
56 0.8 0.16 0.64
88 0.8 0.16 0.64
56 0.64 0.16 0.48
81 0.8 0.16 0.64
88 0.64 0.16 0.48
56 0.558337 0.016 0.542337
81 0.716492 0.016 0.700492
88 0.554182 0.016 0.538182
56 0.542337 0.16 0.382337
81 0.700492 0.16 0.540492
88 0.538182 0.16 0.378182
81 0.540492 0.16 0.380492
88 0.378182 0.16 0.218182
88 0.218182 0.16 0.0581822
43 0.8 0.016 0.784
43 0.784 0.16 0.624
7 0.8 0.16 0.64
23 0.8 0.16 0.64
29 0.8 0.16 0.64
79 0.8 0.16 0.64
7 0.717709 0.016 0.701709
23 0.717543 0.016 0.701543
79 0.717745 0.016 0.701745
7 0.701709 0.16 0.541709
23 0.701543 0.16 0.541543
29 0.712094 0.16 0.552094
79 0.701745 0.16 0.541745
79 0.541745 0.16 0.381745
23 0.541543 0.16 0.381543
29 0.552094 0.16 0.392094
29 0.392094 0.16 0.232094
13 0.8 0.016 0.784
29 0.31165 0.016 0.29565
13 0.784 0.16 0.624
29 0.29565 0.16 0.13565
66 0.8 0.016 0.784
85 0.8 0.016 0.784
66 0.784 0.16 0.624
5 0.8 0.16 0.64
70 0.8 0.16 0.64
73 0.8 0.16 0.64
85 0.784 0.16 0.624
85 0.624 0.16 0.464
5 0.64 0.16 0.48
70 0.64 0.16 0.48
73 0.64 0.16 0.48
5 0.550192 0.016 0.534192
70 0.553235 0.016 0.537235
73 0.559311 0.016 0.543311
73 0.543311 0.16 0.383311
5 0.534192 0.16 0.374192
70 0.537235 0.16 0.377235
70 0.377235 0.16 0.217235
5 0.374192 0.16 0.214192
60 0.8 0.16 0.64
39 0.8 0.16 0.64
60 0.64 0.16 0.48
39 0.711753 0.016 0.695753
60 0.556137 0.016 0.540137
39 0.695753 0.16 0.535753
60 0.540137 0.16 0.380137
60 0.380137 0.16 0.220137
47 0.8 0.016 0.784
47 0.784 0.16 0.624
90 0.8 0.16 0.64
90 0.71856 0.016 0.70256
90 0.70256 0.16 0.54256
12 0.8 0.016 0.784
40 0.8 0.016 0.784
40 0.784 0.16 0.624
12 0.784 0.16 0.624
28 0.8 0.16 0.64
68 0.8 0.16 0.64
75 0.8 0.16 0.64
28 0.64 0.16 0.48
28 0.550998 0.016 0.534998
68 0.719383 0.016 0.703383
75 0.715397 0.016 0.699397
28 0.534998 0.16 0.374998
30 0.8 0.16 0.64
68 0.703383 0.16 0.543383
75 0.699397 0.16 0.539397
77 0.8 0.16 0.64
68 0.543383 0.16 0.383383
75 0.539397 0.16 0.379397
30 0.64 0.16 0.48
37 0.8 0.16 0.64
67 0.8 0.16 0.64
77 0.64 0.16 0.48
30 0.48 0.16 0.32
37 0.64 0.16 0.48
67 0.64 0.16 0.48
77 0.48 0.16 0.32
30 0.396754 0.016 0.380754
37 0.559656 0.016 0.543656
77 0.391799 0.016 0.375799
77 0.375799 0.16 0.215799
30 0.380754 0.16 0.220754
37 0.543656 0.16 0.383656
67 0.555772 0.16 0.395772
37 0.383656 0.16 0.223656
30 0.220754 0.16 0.0607535
67 0.395772 0.16 0.235772
67 0.235772 0.16 0.0757716
67 0.15561 0.016 0.13961
21 0.8 0.016 0.784
57 0.8 0.016 0.784
21 0.784 0.16 0.624
41 0.8 0.16 0.64
57 0.784 0.16 0.624
67 0.210367 0.16 0.0503674
57 0.624 0.16 0.464
32 0.8 0.16 0.64
41 0.64 0.16 0.48
32 0.712099 0.016 0.696099
41 0.551722 0.016 0.535722
41 0.535722 0.16 0.375722
32 0.696099 0.16 0.536099
25 0.8 0.16 0.64
89 0.8 0.16 0.64
25 0.64 0.16 0.48
55 0.8 0.16 0.64
89 0.64 0.16 0.48
25 0.550517 0.016 0.534517
55 0.713681 0.016 0.697681
89 0.55657 0.016 0.54057
25 0.534517 0.16 0.374517
55 0.697681 0.16 0.537681
62 0.8 0.16 0.64
89 0.54057 0.16 0.38057
55 0.537681 0.16 0.377681
89 0.38057 0.16 0.22057
62 0.64 0.16 0.48
62 0.48 0.16 0.32
62 0.392114 0.016 0.376114
62 0.376114 0.16 0.216114
34 0.8 0.16 0.64
34 0.713596 0.016 0.697596
34 0.697596 0.16 0.537596
67 0.349096 0.16 0.189096
4 0.8 0.016 0.784
58 0.8 0.016 0.784
64 0.8 0.016 0.784
4 0.784 0.16 0.624
58 0.784 0.16 0.624
64 0.784 0.16 0.624
58 0.624 0.16 0.464
64 0.624 0.16 0.464
82 0.8 0.16 0.64
76 0.8 0.016 0.784
82 0.786453 0.016 0.770453
82 0.770453 0.16 0.610453
76 0.784 0.16 0.624
76 0.624 0.16 0.464
83 0.8 0.16 0.64
83 0.718972 0.016 0.702972
83 0.702972 0.16 0.542972
33 0.8 0.16 0.64
44 0.8 0.16 0.64
33 0.718828 0.016 0.702828
44 0.713751 0.016 0.697751
44 0.697751 0.16 0.537751
33 0.702828 0.16 0.542828
33 0.542828 0.16 0.382828
16 0.8 0.016 0.784
84 0.8 0.016 0.784
84 0.784 0.16 0.624
9 0.8 0.16 0.64
16 0.784 0.16 0.624
52 0.8 0.16 0.64
16 0.624 0.16 0.464
9 0.64 0.16 0.48
52 0.64 0.16 0.48
9 0.553092 0.016 0.537092
52 0.553401 0.016 0.537401
9 0.537092 0.16 0.377092
52 0.537401 0.16 0.377401
52 0.377401 0.16 0.217401
20 0.8 0.16 0.64
20 0.719352 0.016 0.703352
20 0.703352 0.16 0.543352
35 0.8 0.016 0.784
61 0.8 0.016 0.784
35 0.784 0.16 0.624
61 0.784 0.16 0.624
10 0.8 0.16 0.64
14 0.8 0.16 0.64
22 0.8 0.16 0.64
42 0.8 0.16 0.64
63 0.8 0.16 0.64
72 0.8 0.16 0.64
14 0.64 0.16 0.48
42 0.64 0.16 0.48
72 0.64 0.16 0.48
10 0.710512 0.016 0.694512
14 0.551028 0.016 0.535028
22 0.716725 0.016 0.700725
42 0.555351 0.016 0.539351
72 0.558176 0.016 0.542176
72 0.542176 0.16 0.382176
10 0.694512 0.16 0.534512
14 0.535028 0.16 0.375028
22 0.700725 0.16 0.540725
42 0.539351 0.16 0.379351
63 0.710775 0.16 0.550775
14 0.375028 0.16 0.215028
10 0.534512 0.16 0.374512
22 0.540725 0.16 0.380725
42 0.379351 0.16 0.219351
63 0.550775 0.16 0.390775
42 0.219351 0.16 0.0593509
10 0.374512 0.16 0.214512
22 0.380725 0.16 0.220725
63 0.390775 0.16 0.230775
22 0.220725 0.16 0.060725
10 0.214512 0.16 0.0545118
63 0.230775 0.16 0.0707753
63 0.0707753 0.16 -0.0892247
63 0.0762819 0.016 0.0602819
63 0.135459 0.016 0.119459
15 0.8 0.016 0.784
27 0.8 0.016 0.784
46 0.8 0.016 0.784
27 0.784 0.16 0.624
15 0.784 0.16 0.624
46 0.784 0.16 0.624
17 0.8 0.16 0.64
69 0.8 0.16 0.64
17 0.64 0.16 0.48
69 0.64 0.16 0.48
17 0.48 0.16 0.32
69 0.48 0.16 0.32
17 0.39418 0.016 0.37818
69 0.391851 0.016 0.375851
17 0.37818 0.16 0.21818
69 0.375851 0.16 0.215851
69 0.215851 0.16 0.0558508
51 0.8 0.16 0.64
51 0.71352 0.016 0.69752
65 0.8 0.016 0.784
51 0.69752 0.16 0.53752
65 0.784 0.16 0.624
63 0.418918 0.16 0.258918
18 0.8 0.016 0.784
63 0.335418 0.16 0.175418
18 0.784 0.16 0.624
11 0.8 0.16 0.64
54 0.8 0.16 0.64
3 0.8 0.016 0.784
11 0.789816 0.016 0.773816
54 0.79556 0.016 0.77956
11 0.773816 0.16 0.613816
54 0.77956 0.16 0.61956
3 0.784 0.16 0.624
3 0.624 0.16 0.464
3 0.464 0.16 0.304
48 0.8 0.16 0.64
48 0.71566 0.016 0.69966
48 0.69966 0.16 0.53966
1 0.8 0.16 0.64
38 0.8 0.16 0.64
1 0.711446 0.016 0.695446
1 0.695446 0.16 0.535446
6 0.8 0.16 0.64
38 0.716487 0.16 0.556487
6 0.712096 0.016 0.696096
38 0.634185 0.016 0.618185
38 0.618185 0.16 0.458185
6 0.696096 0.16 0.536096
6 0.536096 0.16 0.376096
86 0.8 0.016 0.784
86 0.784 0.16 0.624
24 0.8 0.016 0.784
31 0.8 0.016 0.784
24 0.784 0.16 0.624
31 0.784 0.16 0.624
