48 0.8 0.016 0.784
48 0.784 0.16 0.624
53 0.8 0.016 0.784
53 0.784 0.16 0.624
60 0.8 0.16 0.64
60 0.719197 0.016 0.703197
60 0.703197 0.16 0.543197
39 0.8 0.16 0.64
39 0.710924 0.016 0.694924
39 0.694924 0.16 0.534924
16 0.8 0.016 0.784
16 0.784 0.16 0.624
41 0.8 0.016 0.784
41 0.784 0.16 0.624
59 0.8 0.16 0.64
59 0.711859 0.016 0.695859
59 0.695859 0.16 0.535859
1 0.8 0.016 0.784
27 0.8 0.016 0.784
28 0.8 0.016 0.784
46 0.8 0.016 0.784
46 0.784 0.16 0.624
1 0.784 0.16 0.624
20 0.8 0.16 0.64
27 0.784 0.16 0.624
28 0.784 0.16 0.624
1 0.624 0.16 0.464
4 0.8 0.16 0.64
20 0.64 0.16 0.48
27 0.624 0.16 0.464
28 0.624 0.16 0.464
28 0.464 0.16 0.304
27 0.464 0.16 0.304
4 0.64 0.16 0.48
20 0.48 0.16 0.32
4 0.48 0.16 0.32
20 0.32 0.16 0.16
4 0.391424 0.016 0.375424
20 0.23207 0.016 0.21607
20 0.21607 0.16 0.0560702
4 0.375424 0.16 0.215424
4 0.215424 0.16 0.0554237
19 0.8 0.16 0.64
19 0.712656 0.016 0.696656
54 0.8 0.016 0.784
19 0.696656 0.16 0.536656
54 0.784 0.16 0.624
42 0.8 0.16 0.64
42 0.64 0.16 0.48
42 0.550186 0.016 0.534186
42 0.534186 0.16 0.374186
12 0.8 0.016 0.784
12 0.784 0.16 0.624
31 0.8 0.16 0.64
31 0.710882 0.016 0.694882
31 0.694882 0.16 0.534882
29 0.8 0.16 0.64
51 0.8 0.16 0.64
6 0.8 0.016 0.784
29 0.712881 0.016 0.696881
51 0.716505 0.016 0.700505
51 0.700505 0.16 0.540505
6 0.784 0.16 0.624
29 0.696881 0.16 0.536881
29 0.536881 0.16 0.376881
6 0.624 0.16 0.464
6 0.464 0.16 0.304
25 0.8 0.016 0.784
25 0.784 0.16 0.624
33 0.8 0.16 0.64
33 0.71024 0.016 0.69424
33 0.69424 0.16 0.53424
2 0.8 0.16 0.64
7 0.8 0.16 0.64
50 0.8 0.16 0.64
2 0.716302 0.016 0.700302
7 0.716653 0.016 0.700653
50 0.710571 0.016 0.694571
7 0.700653 0.16 0.540653
50 0.694571 0.16 0.534571
2 0.700302 0.16 0.540302
17 0.8 0.016 0.784
32 0.8 0.016 0.784
32 0.784 0.16 0.624
17 0.784 0.16 0.624
43 0.8 0.16 0.64
43 0.64 0.16 0.48
43 0.555107 0.016 0.539107
43 0.539107 0.16 0.379107
13 0.8 0.16 0.64
23 0.8 0.16 0.64
30 0.8 0.16 0.64
13 0.718382 0.016 0.702382
23 0.710974 0.016 0.694974
30 0.714067 0.016 0.698067
13 0.702382 0.16 0.542382
23 0.694974 0.16 0.534974
30 0.698067 0.16 0.538067
30 0.538067 0.16 0.378067
23 0.534974 0.16 0.374974
10 0.8 0.016 0.784
14 0.8 0.016 0.784
10 0.784 0.16 0.624
14 0.784 0.16 0.624
57 0.8 0.16 0.64
14 0.624 0.16 0.464
57 0.64 0.16 0.48
57 0.558807 0.016 0.542807
57 0.542807 0.16 0.382807
47 0.8 0.016 0.784
47 0.784 0.16 0.624
49 0.8 0.016 0.784
49 0.784 0.16 0.624
11 0.8 0.016 0.784
24 0.8 0.016 0.784
24 0.784 0.16 0.624
11 0.784 0.16 0.624
11 0.624 0.16 0.464
21 0.8 0.016 0.784
26 0.8 0.016 0.784
21 0.784 0.16 0.624
26 0.784 0.16 0.624
26 0.624 0.16 0.464
3 0.8 0.016 0.784
9 0.8 0.016 0.784
3 0.784 0.16 0.624
9 0.784 0.16 0.624
9 0.624 0.16 0.464
18 0.8 0.016 0.784
37 0.8 0.016 0.784
40 0.8 0.016 0.784
44 0.8 0.016 0.784
18 0.784 0.16 0.624
8 0.8 0.16 0.64
37 0.784 0.16 0.624
40 0.784 0.16 0.624
44 0.784 0.16 0.624
58 0.8 0.16 0.64
40 0.624 0.16 0.464
44 0.624 0.16 0.464
37 0.624 0.16 0.464
8 0.64 0.16 0.48
22 0.8 0.16 0.64
56 0.8 0.16 0.64
58 0.64 0.16 0.48
8 0.48 0.16 0.32
58 0.48 0.16 0.32
8 0.393218 0.016 0.377218
22 0.716477 0.016 0.700477
58 0.394039 0.016 0.378039
58 0.378039 0.16 0.218039
8 0.377218 0.16 0.217218
22 0.700477 0.16 0.540477
56 0.713263 0.16 0.553263
22 0.540477 0.16 0.380477
56 0.553263 0.16 0.393263
22 0.380477 0.16 0.220477
56 0.393263 0.16 0.233263
56 0.30582 0.016 0.28982
56 0.28982 0.16 0.12982
35 0.8 0.016 0.784
35 0.784 0.16 0.624
34 0.8 0.016 0.784
36 0.8 0.016 0.784
34 0.784 0.16 0.624
36 0.784 0.16 0.624
36 0.624 0.16 0.464
5 0.8 0.016 0.784
5 0.784 0.16 0.624
15 0.8 0.016 0.784
45 0.8 0.016 0.784
45 0.784 0.16 0.624
15 0.784 0.16 0.624
15 0.624 0.16 0.464
38 0.8 0.16 0.64
38 0.786493 0.016 0.770493
52 0.8 0.016 0.784
38 0.770493 0.16 0.610493
52 0.784 0.16 0.624
55 0.8 0.16 0.64
52 0.624 0.16 0.464
55 0.64 0.16 0.48
55 0.556007 0.016 0.540007
55 0.540007 0.16 0.380007
