65 0.8 0.016 0.784
65 0.784 0.16 0.624
78 0.8 0.16 0.64
78 0.713799 0.016 0.697799
78 0.697799 0.16 0.537799
6 0.8 0.16 0.64
6 0.711142 0.016 0.695142
15 0.8 0.016 0.784
23 0.8 0.016 0.784
6 0.695142 0.16 0.535142
4 0.8 0.16 0.64
15 0.784 0.16 0.624
23 0.784 0.16 0.624
15 0.624 0.16 0.464
4 0.64 0.16 0.48
23 0.624 0.16 0.464
25 0.8 0.16 0.64
23 0.464 0.16 0.304
4 0.48 0.16 0.32
25 0.64 0.16 0.48
4 0.397995 0.016 0.381995
25 0.555972 0.016 0.539972
95 0.8 0.016 0.784
25 0.539972 0.16 0.379972
4 0.381995 0.16 0.221995
95 0.784 0.16 0.624
95 0.624 0.16 0.464
4 0.221995 0.16 0.0619952
92 0.8 0.016 0.784
92 0.784 0.16 0.624
45 0.8 0.016 0.784
45 0.784 0.16 0.624
29 0.8 0.016 0.784
33 0.8 0.016 0.784
91 0.8 0.016 0.784
33 0.784 0.16 0.624
91 0.784 0.16 0.624
29 0.784 0.16 0.624
31 0.8 0.016 0.784
36 0.8 0.016 0.784
85 0.8 0.016 0.784
85 0.784 0.16 0.624
31 0.784 0.16 0.624
12 0.8 0.16 0.64
36 0.784 0.16 0.624
74 0.8 0.16 0.64
12 0.64 0.16 0.48
21 0.8 0.16 0.64
36 0.624 0.16 0.464
74 0.64 0.16 0.48
80 0.8 0.16 0.64
36 0.464 0.16 0.304
12 0.48 0.16 0.32
21 0.64 0.16 0.48
74 0.48 0.16 0.32
80 0.64 0.16 0.48
12 0.399496 0.016 0.383496
21 0.552624 0.016 0.536624
74 0.392299 0.016 0.376299
80 0.559556 0.016 0.543556
74 0.376299 0.16 0.216299
12 0.383496 0.16 0.223496
21 0.536624 0.16 0.376624
80 0.543556 0.16 0.383556
12 0.223496 0.16 0.0634958
21 0.376624 0.16 0.216624
59 0.8 0.16 0.64
80 0.383556 0.16 0.223556
80 0.223556 0.16 0.0635558
21 0.216624 0.16 0.0566239
48 0.8 0.16 0.64
59 0.64 0.16 0.48
48 0.64 0.16 0.48
59 0.48 0.16 0.32
59 0.39305 0.016 0.37705
59 0.37705 0.16 0.21705
48 0.552234 0.16 0.392234
48 0.464357 0.016 0.448357
48 0.448357 0.16 0.288357
60 0.8 0.16 0.64
60 0.717772 0.016 0.701772
60 0.701772 0.16 0.541772
49 0.8 0.016 0.784
57 0.8 0.016 0.784
49 0.784 0.16 0.624
57 0.784 0.16 0.624
57 0.624 0.16 0.464
35 0.8 0.016 0.784
41 0.8 0.016 0.784
58 0.8 0.016 0.784
86 0.8 0.016 0.784
89 0.8 0.016 0.784
100 0.8 0.016 0.784
35 0.784 0.16 0.624
41 0.784 0.16 0.624
58 0.784 0.16 0.624
86 0.784 0.16 0.624
89 0.784 0.16 0.624
100 0.784 0.16 0.624
86 0.624 0.16 0.464
58 0.624 0.16 0.464
41 0.624 0.16 0.464
89 0.624 0.16 0.464
100 0.624 0.16 0.464
41 0.464 0.16 0.304
89 0.464 0.16 0.304
100 0.464 0.16 0.304
89 0.304 0.16 0.144
100 0.304 0.16 0.144
41 0.304 0.16 0.144
41 0.144 0.16 -0.016
41 0.0757354 0.016 0.0597354
44 0.8 0.016 0.784
64 0.8 0.016 0.784
64 0.784 0.16 0.624
41 0.0597354 0.16 -0.100265
44 0.784 0.16 0.624
44 0.624 0.16 0.464
41 0 0.16 -0.16
43 0.8 0.16 0.64
41 0.0793882 0.016 0.0633882
81 0.8 0.016 0.784
81 0.784 0.16 0.624
27 0.8 0.16 0.64
43 0.714567 0.16 0.554567
52 0.8 0.16 0.64
43 0.628979 0.016 0.612979
52 0.712899 0.016 0.696899
43 0.612979 0.16 0.452979
52 0.696899 0.16 0.536899
52 0.536899 0.16 0.376899
27 0.714466 0.16 0.554466
19 0.8 0.016 0.784
27 0.632838 0.016 0.616838
27 0.616838 0.16 0.456838
19 0.784 0.16 0.624
93 0.8 0.016 0.784
93 0.784 0.16 0.624
41 0.29065 0.16 0.13065
53 0.8 0.016 0.784
41 0.205793 0.16 0.0457931
53 0.784 0.16 0.624
9 0.8 0.16 0.64
22 0.8 0.16 0.64
38 0.8 0.16 0.64
77 0.8 0.16 0.64
87 0.8 0.16 0.64
9 0.713591 0.016 0.697591
22 0.715213 0.016 0.699213
77 0.710645 0.016 0.694645
87 0.714884 0.016 0.698884
9 0.697591 0.16 0.537591
22 0.699213 0.16 0.539213
38 0.712136 0.16 0.552136
77 0.694645 0.16 0.534645
87 0.698884 0.16 0.538884
77 0.534645 0.16 0.374645
22 0.539213 0.16 0.379213
38 0.552136 0.16 0.392136
87 0.538884 0.16 0.378884
22 0.379213 0.16 0.219213
87 0.378884 0.16 0.218884
38 0.392136 0.16 0.232136
38 0.232136 0.16 0.0721365
38 0.14633 0.016 0.13033
71 0.8 0.016 0.784
71 0.784 0.16 0.624
38 0.13033 0.16 -0.0296696
88 0.8 0.16 0.64
38 0.0722874 0.016 0.0562874
88 0.715695 0.016 0.699695
88 0.699695 0.16 0.539695
38 0.0562874 0.16 -0.103713
20 0.8 0.016 0.784
32 0.8 0.016 0.784
51 0.8 0.016 0.784
32 0.784 0.16 0.624
20 0.784 0.16 0.624
51 0.784 0.16 0.624
51 0.624 0.16 0.464
51 0.464 0.16 0.304
2 0.8 0.16 0.64
2 0.718614 0.016 0.702614
2 0.702614 0.16 0.542614
56 0.8 0.16 0.64
41 0.497283 0.16 0.337283
56 0.714093 0.016 0.698093
38 0.294647 0.16 0.134647
56 0.698093 0.16 0.538093
3 0.8 0.16 0.64
3 0.719654 0.016 0.703654
11 0.8 0.016 0.784
3 0.703654 0.16 0.543654
38 0.213371 0.16 0.053371
11 0.784 0.16 0.624
63 0.8 0.16 0.64
68 0.8 0.16 0.64
11 0.624 0.16 0.464
17 0.8 0.16 0.64
63 0.64 0.16 0.48
68 0.64 0.16 0.48
63 0.559131 0.016 0.543131
68 0.551217 0.016 0.535217
68 0.535217 0.16 0.375217
17 0.715179 0.16 0.555179
63 0.543131 0.16 0.383131
63 0.383131 0.16 0.223131
17 0.555179 0.16 0.395179
17 0.469602 0.016 0.453602
17 0.453602 0.16 0.293602
26 0.8 0.016 0.784
30 0.8 0.016 0.784
50 0.8 0.016 0.784
50 0.784 0.16 0.624
26 0.784 0.16 0.624
30 0.784 0.16 0.624
30 0.624 0.16 0.464
30 0.464 0.16 0.304
10 0.8 0.16 0.64
46 0.8 0.16 0.64
10 0.711468 0.016 0.695468
46 0.713667 0.016 0.697667
10 0.695468 0.16 0.535468
46 0.697667 0.16 0.537667
70 0.8 0.016 0.784
70 0.784 0.16 0.624
1 0.8 0.016 0.784
94 0.8 0.016 0.784
1 0.784 0.16 0.624
42 0.8 0.16 0.64
66 0.8 0.16 0.64
72 0.8 0.16 0.64
94 0.784 0.16 0.624
94 0.624 0.16 0.464
42 0.64 0.16 0.48
66 0.64 0.16 0.48
72 0.64 0.16 0.48
96 0.8 0.16 0.64
42 0.55327 0.016 0.53727
66 0.557967 0.016 0.541967
72 0.558512 0.016 0.542512
96 0.71524 0.016 0.69924
66 0.541967 0.16 0.381967
42 0.53727 0.16 0.37727
72 0.542512 0.16 0.382512
96 0.69924 0.16 0.53924
42 0.37727 0.16 0.21727
72 0.382512 0.16 0.222512
96 0.53924 0.16 0.37924
72 0.222512 0.16 0.0625116
84 0.8 0.16 0.64
96 0.37924 0.16 0.21924
96 0.21924 0.16 0.0592399
75 0.8 0.16 0.64
84 0.64 0.16 0.48
98 0.8 0.16 0.64
84 0.554219 0.016 0.538219
98 0.714039 0.016 0.698039
84 0.538219 0.16 0.378219
39 0.8 0.16 0.64
75 0.717355 0.16 0.557355
98 0.698039 0.16 0.538039
98 0.538039 0.16 0.378039
39 0.64 0.16 0.48
75 0.557355 0.16 0.397355
39 0.557927 0.016 0.541927
75 0.477019 0.016 0.461019
75 0.461019 0.16 0.301019
39 0.541927 0.16 0.381927
39 0.381927 0.16 0.221927
55 0.8 0.16 0.64
90 0.8 0.16 0.64
55 0.718125 0.016 0.702125
90 0.710147 0.016 0.694147
90 0.694147 0.16 0.534147
18 0.8 0.16 0.64
55 0.702125 0.16 0.542125
55 0.542125 0.16 0.382125
18 0.64 0.16 0.48
18 0.55508 0.016 0.53908
69 0.8 0.016 0.784
18 0.53908 0.16 0.37908
69 0.784 0.16 0.624
7 0.8 0.16 0.64
24 0.8 0.16 0.64
83 0.8 0.16 0.64
7 0.64 0.16 0.48
16 0.8 0.16 0.64
24 0.64 0.16 0.48
83 0.64 0.16 0.48
7 0.556571 0.016 0.540571
24 0.552612 0.016 0.536612
83 0.558608 0.016 0.542608
7 0.540571 0.16 0.380571
16 0.711101 0.16 0.551101
24 0.536612 0.16 0.376612
37 0.8 0.16 0.64
82 0.8 0.16 0.64
83 0.542608 0.16 0.382608
99 0.8 0.16 0.64
24 0.376612 0.16 0.216612
83 0.382608 0.16 0.222608
16 0.551101 0.16 0.391101
37 0.64 0.16 0.48
61 0.8 0.16 0.64
82 0.64 0.16 0.48
99 0.64 0.16 0.48
16 0.391101 0.16 0.231101
37 0.48 0.16 0.32
61 0.64 0.16 0.48
82 0.48 0.16 0.32
99 0.48 0.16 0.32
16 0.301559 0.016 0.285559
37 0.399757 0.016 0.383757
61 0.558473 0.016 0.542473
82 0.392085 0.016 0.376085
99 0.390161 0.016 0.374161
82 0.376085 0.16 0.216085
99 0.374161 0.16 0.214161
16 0.285559 0.16 0.125559
37 0.383757 0.16 0.223757
61 0.542473 0.16 0.382473
62 0.8 0.16 0.64
16 0.125559 0.16 -0.0344413
37 0.223757 0.16 0.0637569
61 0.382473 0.16 0.222473
61 0.222473 0.16 0.0624728
16 0 0.16 -0.16
37 0.0637569 0.16 -0.0962431
62 0.64 0.16 0.48
37 0.0764607 0.016 0.0604607
62 0.555567 0.016 0.539567
62 0.539567 0.16 0.379567
37 0.0604607 0.16 -0.0995393
34 0.8 0.016 0.784
34 0.784 0.16 0.624
47 0.8 0.16 0.64
76 0.8 0.16 0.64
47 0.714494 0.016 0.698494
76 0.715532 0.016 0.699532
76 0.699532 0.16 0.539532
5 0.8 0.16 0.64
47 0.698494 0.16 0.538494
67 0.8 0.16 0.64
79 0.8 0.16 0.64
97 0.8 0.16 0.64
47 0.538494 0.16 0.378494
5 0.64 0.16 0.48
67 0.64 0.16 0.48
79 0.64 0.16 0.48
97 0.64 0.16 0.48
5 0.553121 0.016 0.537121
67 0.550364 0.016 0.534364
79 0.555196 0.016 0.539196
97 0.559352 0.016 0.543352
67 0.534364 0.16 0.374364
5 0.537121 0.16 0.377121
8 0.8 0.16 0.64
79 0.539196 0.16 0.379196
97 0.543352 0.16 0.383352
79 0.379196 0.16 0.219196
5 0.377121 0.16 0.217121
8 0.64 0.16 0.48
13 0.8 0.16 0.64
97 0.383352 0.16 0.223352
97 0.223352 0.16 0.0633525
5 0.217121 0.16 0.0571214
8 0.48 0.16 0.32
13 0.64 0.16 0.48
8 0.32 0.16 0.16
13 0.48 0.16 0.32
8 0.23262 0.016 0.21662
13 0.394574 0.016 0.378574
8 0.21662 0.16 0.05662
13 0.378574 0.16 0.218574
37 0.302667 0.16 0.142667
16 0.386114 0.16 0.226114
13 0.218574 0.16 0.058574
54 0.8 0.16 0.64
73 0.8 0.16 0.64
54 0.714936 0.016 0.698936
73 0.713736 0.016 0.697736
37 0.216307 0.16 0.0563074
73 0.697736 0.16 0.537736
54 0.698936 0.16 0.538936
54 0.538936 0.16 0.378936
28 0.8 0.016 0.784
28 0.784 0.16 0.624
14 0.8 0.16 0.64
14 0.71413 0.016 0.69813
14 0.69813 0.16 0.53813
40 0.8 0.016 0.784
40 0.784 0.16 0.624
