5 0.8 0.016 0.784
7 0.8 0.016 0.784
5 0.784 0.16 0.624
7 0.784 0.16 0.624
7 0.624 0.16 0.464
13 0.8 0.016 0.784
13 0.784 0.16 0.624
9 0.8 0.016 0.784
9 0.784 0.16 0.624
8 0.8 0.016 0.784
8 0.784 0.16 0.624
2 0.8 0.016 0.784
15 0.8 0.016 0.784
15 0.784 0.16 0.624
2 0.784 0.16 0.624
6 0.8 0.16 0.64
6 0.718821 0.016 0.702821
6 0.702821 0.16 0.542821
16 0.8 0.16 0.64
17 0.8 0.16 0.64
16 0.719175 0.016 0.703175
17 0.719268 0.016 0.703268
17 0.703268 0.16 0.543268
16 0.703175 0.16 0.543175
16 0.543175 0.16 0.383175
10 0.8 0.016 0.784
10 0.784 0.16 0.624
20 0.8 0.016 0.784
20 0.784 0.16 0.624
12 0.8 0.016 0.784
12 0.784 0.16 0.624
4 0.8 0.016 0.784
14 0.8 0.016 0.784
14 0.784 0.16 0.624
4 0.784 0.16 0.624
4 0.624 0.16 0.464
18 0.8 0.016 0.784
18 0.784 0.16 0.624
19 0.8 0.016 0.784
19 0.784 0.16 0.624
3 0.8 0.016 0.784
3 0.784 0.16 0.624
1 0.8 0.016 0.784
1 0.784 0.16 0.624
11 0.8 0.016 0.784
11 0.784 0.16 0.624
