0 4400
0 4401
0 4402
0 4403
0 4404
0 4405
0 4406
0 4407
0 4408
0 4409
0 4415
0 4422
0 4429
0 4435
65 4430
0 4443
78 4428
0 4452
6 4426
15 4431
23 4424
0 4462
25 4437
95 4458
4 4432
0 4471
0 4479
92 4477
0 4482
0 4486
45 4438
0 4492
0 4496
33 4470
91 4450
29 4491
0 4503
0 4507
85 4463
31 4420
36 4421
0 4512
74 4467
12 4446
80 4483
21 4425
0 4515
59 4484
0 4520
48 4451
0 4522
60 4511
0 4528
49 4527
57 4414
0 4530
0 4531
35 4465
86 4517
58 4413
89 4498
100 4455
0 4532
64 4480
44 4478
0 4533
81 4489
0 4534
43 4468
52 4453
0 4535
27 4419
19 4417
0 4536
93 4493
41 4444
0 4537
41 4444
53 4423
0 4538
9 4487
77 4460
22 4448
87 4447
0 4539
71 4526
0 4540
88 4504
0 4541
0 4542
32 4481
20 4427
51 4441
0 4543
2 4476
41 4444
0 4544
38 4488
56 4416
0 4545
3 4433
38 4488
11 4473
0 4546
68 4475
63 4457
0 4547
17 4442
0 4548
0 4549
50 4436
26 4434
30 4466
0 4550
10 4509
46 4502
0 4551
0 4552
0 4553
70 4500
0 4554
1 4418
94 4412
0 4555
66 4410
42 4411
72 4510
96 4469
0 4556
84 4472
98 4464
0 4557
75 4523
39 4508
0 4558
90 4454
55 4449
0 4559
18 4440
69 4439
0 4560
7 4474
24 4445
83 4525
0 4561
82 4459
99 4495
61 4521
0 4562
62 4519
0 4563
34 4516
0 4564
76 4505
47 4490
0 4565
67 4456
79 4501
97 4499
5 4494
0 4566
8 4485
16 4461
37 4497
13 4514
0 4567
73 4518
37 4497
54 4506
0 4568
0 4569
0 4570
28 4529
0 4571
14 4513
0 4572
0 4573
0 4574
0 4575
0 4576
0 4577
0 4578
40 4524
0 4579
0 4580
0 4581
0 4582
0 4583
0 4584
0 4585
0 4586
0 4587
0 4588
0 4589
0 4590
0 4591
0 4592
0 4593
0 4594
0 4595
0 4596
0 4597
0 4598
0 4599
0 4600
0 4601
0 4602
0 4603
0 4604
0 4605
0 4606
0 4607
0 4608
0 4609
0 4610
0 4611
0 4612
0 4613
0 4614
0 4615
0 4616
0 4617
0 4618
0 4619
0 4620
0 4621
0 4622
0 4623
0 4624
0 4625
0 4626
0 4627
0 4628
0 4629
0 4630
0 4631
0 4632
0 4633
0 4634
0 4635
0 4636
0 4637
0 4638
0 4639
0 4640
0 4641
0 4642
0 4643
0 4644
0 4645
0 4646
0 4647
0 4648
0 4649
