17 0.8 0.016 0.784
17 0.784 0.16 0.624
15 0.8 0.16 0.64
15 0.710449 0.016 0.694449
15 0.694449 0.16 0.534449
6 0.8 0.16 0.64
6 0.791108 0.016 0.775108
6 0.775108 0.16 0.615108
44 0.8 0.016 0.784
44 0.784 0.16 0.624
30 0.8 0.16 0.64
34 0.8 0.16 0.64
30 0.716417 0.016 0.700417
34 0.714485 0.016 0.698485
34 0.698485 0.16 0.538485
30 0.700417 0.16 0.540417
30 0.540417 0.16 0.380417
49 0.8 0.16 0.64
9 0.8 0.016 0.784
49 0.7102 0.016 0.6942
49 0.6942 0.16 0.5342
9 0.784 0.16 0.624
9 0.624 0.16 0.464
14 0.8 0.016 0.784
14 0.784 0.16 0.624
41 0.8 0.016 0.784
41 0.784 0.16 0.624
21 0.8 0.16 0.64
16 0.8 0.016 0.784
21 0.711931 0.016 0.695931
21 0.695931 0.16 0.535931
4 0.8 0.16 0.64
16 0.784 0.16 0.624
16 0.624 0.16 0.464
4 0.64 0.16 0.48
48 0.8 0.16 0.64
4 0.554906 0.016 0.538906
8 0.8 0.016 0.784
48 0.713742 0.016 0.697742
48 0.697742 0.16 0.537742
4 0.538906 0.16 0.378906
8 0.784 0.16 0.624
4 0.378906 0.16 0.218906
8 0.624 0.16 0.464
47 0.8 0.16 0.64
7 0.8 0.016 0.784
25 0.8 0.016 0.784
47 0.785283 0.016 0.769283
47 0.769283 0.16 0.609283
7 0.784 0.16 0.624
25 0.784 0.16 0.624
38 0.8 0.16 0.64
7 0.624 0.16 0.464
25 0.624 0.16 0.464
38 0.64 0.16 0.48
38 0.48 0.16 0.32
38 0.399774 0.016 0.383774
38 0.383774 0.16 0.223774
28 0.8 0.16 0.64
28 0.718847 0.016 0.702847
28 0.702847 0.16 0.542847
3 0.8 0.016 0.784
3 0.784 0.16 0.624
13 0.8 0.16 0.64
13 0.719168 0.016 0.703168
13 0.703168 0.16 0.543168
50 0.8 0.16 0.64
50 0.715494 0.016 0.699494
50 0.699494 0.16 0.539494
18 0.8 0.16 0.64
18 0.717029 0.016 0.701029
40 0.8 0.016 0.784
18 0.701029 0.16 0.541029
40 0.784 0.16 0.624
40 0.624 0.16 0.464
24 0.8 0.016 0.784
24 0.784 0.16 0.624
23 0.8 0.016 0.784
37 0.8 0.016 0.784
23 0.784 0.16 0.624
10 0.8 0.16 0.64
12 0.8 0.16 0.64
37 0.784 0.16 0.624
37 0.624 0.16 0.464
10 0.64 0.16 0.48
12 0.64 0.16 0.48
10 0.552049 0.016 0.536049
12 0.552057 0.016 0.536057
12 0.536057 0.16 0.376057
10 0.536049 0.16 0.376049
10 0.376049 0.16 0.216049
22 0.8 0.016 0.784
22 0.784 0.16 0.624
1 0.8 0.016 0.784
1 0.784 0.16 0.624
39 0.8 0.016 0.784
39 0.784 0.16 0.624
43 0.8 0.016 0.784
43 0.784 0.16 0.624
27 0.8 0.16 0.64
29 0.8 0.16 0.64
31 0.8 0.16 0.64
27 0.716535 0.016 0.700535
29 0.714972 0.016 0.698972
31 0.71679 0.016 0.70079
27 0.700535 0.16 0.540535
31 0.70079 0.16 0.54079
29 0.698972 0.16 0.538972
29 0.538972 0.16 0.378972
32 0.8 0.16 0.64
29 0.378972 0.16 0.218972
32 0.64 0.16 0.48
32 0.552959 0.016 0.536959
32 0.536959 0.16 0.376959
46 0.8 0.016 0.784
46 0.784 0.16 0.624
20 0.8 0.16 0.64
20 0.719304 0.016 0.703304
20 0.703304 0.16 0.543304
45 0.8 0.16 0.64
42 0.8 0.016 0.784
45 0.715352 0.016 0.699352
45 0.699352 0.16 0.539352
36 0.8 0.16 0.64
42 0.784 0.16 0.624
42 0.624 0.16 0.464
5 0.8 0.16 0.64
36 0.64 0.16 0.48
5 0.713053 0.016 0.697053
36 0.550735 0.016 0.534735
36 0.534735 0.16 0.374735
5 0.697053 0.16 0.537053
5 0.537053 0.16 0.377053
19 0.8 0.16 0.64
19 0.717181 0.016 0.701181
19 0.701181 0.16 0.541181
33 0.8 0.16 0.64
33 0.718215 0.016 0.702215
33 0.702215 0.16 0.542215
11 0.8 0.016 0.784
11 0.784 0.16 0.624
35 0.8 0.16 0.64
35 0.717299 0.016 0.701299
35 0.701299 0.16 0.541299
26 0.8 0.016 0.784
26 0.784 0.16 0.624
2 0.8 0.016 0.784
2 0.784 0.16 0.624
