17 3310 1.00817
24 3312 1.05044
42 3313 1.05857
3 3315 1.17459
30 3317 1.22519
12 3318 1.23568
8 3319 1.24396
6 3320 1.25024
46 3321 1.28073
40 3323 1.38608
21 3324 1.40435
32 3326 1.48391
36 3327 1.51898
19 3330 1.7143
13 3331 1.71516
41 3332 1.71895
27 3334 1.7855
15 3336 1.84881
35 3337 1.85479
34 3338 1.92139
23 3340 2.01194
22 3342 2.02919
7 3343 2.07266
16 3344 2.10794
11 3345 2.10838
44 3346 2.11838
48 3348 2.1682
25 3350 2.29452
49 3352 2.36826
29 3353 2.39003
50 3355 2.46233
2 3356 2.4954
47 3357 2.50429
9 3358 2.51754
45 3360 2.59913
18 3361 2.60162
20 3362 2.61033
14 3364 2.63875
10 3365 2.65324
39 3366 2.65549
38 3367 2.67784
1 3369 2.7495
33 3370 2.75843
4 3371 2.80224
37 3372 2.81825
26 3374 2.87149
43 3375 2.87468
31 3376 2.88044
28 3377 2.91045
5 3379 2.96247
