66 4410 1.00184
42 4411 1.00286
94 4412 1.03806
58 4413 1.03956
57 4414 1.04246
56 4416 1.05581
19 4417 1.0731
1 4418 1.09165
27 4419 1.10909
31 4420 1.11612
36 4421 1.12084
53 4423 1.16312
23 4424 1.16889
21 4425 1.18001
6 4426 1.20753
20 4427 1.20894
78 4428 1.22383
65 4430 1.25124
15 4431 1.27355
4 4432 1.27672
3 4433 1.30649
26 4434 1.32102
50 4436 1.35994
25 4437 1.37589
45 4438 1.38596
69 4439 1.38983
18 4440 1.39814
51 4441 1.40852
17 4442 1.41368
41 4444 1.45108
24 4445 1.46638
12 4446 1.47491
87 4447 1.48434
22 4448 1.5131
55 4449 1.5303
91 4450 1.53184
48 4451 1.54271
52 4453 1.55009
90 4454 1.56379
100 4455 1.56631
67 4456 1.58489
63 4457 1.6239
95 4458 1.62713
82 4459 1.62988
77 4460 1.63221
16 4461 1.64029
85 4463 1.66344
98 4464 1.66908
35 4465 1.6833
30 4466 1.70364
74 4467 1.70366
43 4468 1.71589
96 4469 1.72488
33 4470 1.74717
84 4472 1.76735
11 4473 1.77048
7 4474 1.81811
68 4475 1.82044
2 4476 1.83223
92 4477 1.83549
44 4478 1.84299
64 4480 1.88531
32 4481 1.90357
80 4483 1.98941
59 4484 1.99575
8 4485 2.01316
9 4487 2.04938
38 4488 2.06461
81 4489 2.0744
47 4490 2.09229
29 4491 2.09901
93 4493 2.19986
5 4494 2.22426
99 4495 2.2403
37 4497 2.25804
89 4498 2.27027
97 4499 2.28466
70 4500 2.33231
79 4501 2.33803
46 4502 2.3383
88 4504 2.3497
76 4505 2.35799
54 4506 2.39832
39 4508 2.50246
10 4509 2.50532
72 4510 2.51533
60 4511 2.52995
14 4513 2.58114
13 4514 2.6243
34 4516 2.64843
86 4517 2.65467
73 4518 2.67298
62 4519 2.69171
61 4521 2.75332
75 4523 2.88209
40 4524 2.90024
83 4525 2.91933
71 4526 2.92908
49 4527 2.94447
28 4529 2.96801
