34 3720 1.02095
33 3721 1.08054
12 3722 1.08417
45 3724 1.09911
55 3725 1.11756
70 3726 1.16043
54 3728 1.19783
49 3729 1.28658
66 3731 1.31157
17 3732 1.33788
6 3733 1.36498
61 3734 1.37405
16 3735 1.38406
1 3737 1.40996
25 3738 1.4113
67 3739 1.43724
41 3740 1.46743
69 3741 1.48783
22 3743 1.5009
65 3744 1.50152
14 3745 1.50719
7 3746 1.52754
64 3747 1.55545
57 3748 1.5718
8 3749 1.57928
63 3750 1.58846
38 3752 1.61328
20 3753 1.64984
39 3754 1.67153
29 3756 1.7379
52 3757 1.76118
26 3758 1.76844
13 3759 1.77192
11 3761 1.79738
62 3762 1.8039
37 3763 1.80517
35 3764 1.84188
5 3765 1.86144
56 3766 1.8838
9 3768 1.94345
24 3769 1.94855
46 3770 1.96363
50 3772 2.0181
31 3773 2.02421
15 3775 2.16795
18 3777 2.22133
19 3778 2.2287
40 3779 2.24023
21 3780 2.28798
27 3782 2.29177
30 3783 2.31715
2 3784 2.32566
3 3785 2.36535
36 3787 2.41439
23 3788 2.48582
43 3790 2.51788
47 3791 2.57367
10 3792 2.58908
32 3794 2.62271
51 3795 2.62985
4 3796 2.64605
60 3797 2.66807
28 3799 2.70468
59 3800 2.72153
68 3801 2.78492
42 3803 2.85632
53 3804 2.8624
48 3805 2.87016
44 3807 2.89089
58 3808 2.97827
