0 2110
0 2111
0 2112
0 2113
0 2114
0 2115
0 2116
0 2117
0 2118
0 2119
0 2122
0 2127
0 2132
0 2135
44 2131
0 2142
0 2148
0 2153
87 2129
81 2138
0 2157
0 2160
18 2152
0 2168
6 2136
0 2170
63 2140
56 2159
0 2177
11 2147
0 2184
34 2141
0 2193
24 2192
13 2178
0 2196
0 2206
1 2139
21 2197
0 2211
0 2219
90 2150
17 2175
0 2221
0 2225
58 2207
75 2149
66 2151
0 2230
32 2128
0 2231
68 2222
0 2232
10 2195
4 2215
0 2233
74 2146
48 2198
0 2234
0 2235
9 2176
33 2155
0 2236
12 2158
0 2237
0 2238
62 2214
83 2162
0 2239
40 2144
0 2240
53 2121
77 2124
86 2185
71 2164
88 2220
0 2241
0 2242
65 2130
28 2171
0 2243
76 2163
55 2173
27 2223
79 2191
0 2244
39 2187
0 2245
80 2183
0 2246
54 2172
0 2247
30 2210
43 2199
0 2248
84 2165
51 2156
29 2133
14 2202
23 2226
0 2249
69 2167
0 2250
0 2251
0 2252
0 2253
50 2166
0 2254
38 2204
35 2190
0 2255
2 2145
78 2179
5 2227
70 2182
67 2212
0 2256
45 2154
49 2143
0 2257
73 2169
72 2126
85 2134
0 2258
26 2120
89 2188
0 2259
0 2260
61 2123
0 2261
52 2125
8 2137
41 2161
25 2205
37 2200
0 2262
0 2263
0 2264
22 2228
0 2265
20 2174
0 2266
59 2217
0 2267
31 2194
46 2186
64 2209
15 2201
0 2268
3 2203
0 2269
60 2224
0 2270
7 2181
82 2218
0 2271
42 2180
0 2272
0 2273
19 2208
36 2216
0 2274
57 2189
0 2275
16 2213
0 2276
47 2229
0 2277
0 2278
0 2279
0 2280
0 2281
0 2282
0 2283
0 2284
0 2285
0 2286
0 2287
0 2288
0 2289
0 2290
0 2291
0 2292
0 2293
0 2294
0 2295
0 2296
0 2297
0 2298
0 2299
0 2300
0 2301
0 2302
0 2303
0 2304
0 2305
0 2306
0 2307
0 2308
0 2309
0 2310
0 2311
0 2312
0 2313
0 2314
0 2315
0 2316
0 2317
0 2318
0 2319
0 2320
0 2321
0 2322
0 2323
0 2324
0 2325
0 2326
0 2327
0 2328
0 2329
0 2330
0 2331
0 2332
0 2333
0 2334
0 2335
0 2336
0 2337
0 2338
0 2339
0 2340
0 2341
0 2342
0 2343
0 2344
0 2345
0 2346
0 2347
0 2348
0 2349
