0 1880
0 1881
0 1882
0 1883
0 1884
0 1885
0 1886
0 1887
0 1888
0 1889
0 1892
0 1897
0 1903
0 1908
0 1914
17 1913
0 1919
0 1925
0 1929
0 1931
49 1901
0 1936
65 1917
27 1912
0 1940
0 1945
20 1943
16 1896
0 1951
1 1907
19 1902
0 1955
18 1922
12 1899
24 1910
0 1962
46 1898
0 1966
2 1930
0 1971
30 1952
0 1975
28 1949
0 1982
0 1985
39 1942
76 1977
0 1990
57 1965
61 1933
0 1991
48 1946
0 1992
0 1993
59 1937
21 1915
50 1978
0 1994
70 1900
7 1918
38 1894
0 1995
11 1957
51 1932
41 1969
42 1979
0 1996
26 1986
0 1997
36 1911
13 1984
10 1926
53 1974
22 1948
0 1998
54 1891
0 1999
25 1924
0 2000
0 2001
74 1934
77 1976
73 1895
0 2002
43 1909
3 1904
47 1959
0 2003
23 1890
68 1989
35 1958
0 2004
0 2005
34 1968
63 1905
0 2006
0 2007
45 1954
0 2008
67 1983
0 2009
8 1935
0 2010
0 2011
0 2012
0 2013
0 2014
32 1964
0 2015
37 1963
0 2016
58 1927
0 2017
79 1941
15 1960
0 2018
0 2019
29 1923
52 1906
0 2020
6 1893
40 1920
60 1938
0 2021
75 1928
66 1967
71 1939
0 2022
0 2023
4 1987
0 2024
56 1921
78 1950
9 1916
0 2025
64 1953
0 2026
31 1973
0 2027
80 1947
44 1961
0 2028
62 1970
72 1956
0 2029
69 1972
0 2030
0 2031
14 1988
33 1944
0 2032
0 2033
5 1980
0 2034
0 2035
55 1981
0 2036
0 2037
0 2038
0 2039
0 2040
0 2041
0 2042
0 2043
0 2044
0 2045
0 2046
0 2047
0 2048
0 2049
0 2050
0 2051
0 2052
0 2053
0 2054
0 2055
0 2056
0 2057
0 2058
0 2059
0 2060
0 2061
0 2062
0 2063
0 2064
0 2065
0 2066
0 2067
0 2068
0 2069
0 2070
0 2071
0 2072
0 2073
0 2074
0 2075
0 2076
0 2077
0 2078
0 2079
0 2080
0 2081
0 2082
0 2083
0 2084
0 2085
0 2086
0 2087
0 2088
0 2089
0 2090
0 2091
0 2092
0 2093
0 2094
0 2095
0 2096
0 2097
0 2098
0 2099
0 2100
0 2101
0 2102
0 2103
0 2104
0 2105
0 2106
0 2107
0 2108
0 2109
