0 2350
0 2351
0 2352
0 2353
0 2354
0 2355
0 2356
0 2357
0 2358
0 2359
0 2360
0 2364
0 2367
33 2366
0 2375
51 2370
0 2379
0 2386
0 2390
55 2380
0 2394
0 2402
48 2361
84 2368
0 2406
0 2417
0 2427
16 2419
0 2432
70 2423
0 2434
63 2398
0 2441
18 2433
0 2450
0 2453
49 2451
0 2459
72 2378
34 2421
87 2426
43 2447
0 2468
1 2363
92 2411
58 2382
0 2476
62 2369
95 2437
0 2480
76 2475
0 2481
20 2424
66 2435
57 2371
86 2413
35 2374
0 2482
81 2409
5 2471
85 2383
0 2483
45 2412
88 2401
67 2429
96 2458
0 2484
50 2436
0 2485
7 2388
0 2486
61 2418
0 2487
79 2462
0 2488
99 2470
98 2452
73 2464
53 2384
77 2439
0 2489
2 2430
68 2467
0 2490
56 2448
0 2491
9 2365
71 2392
41 2391
0 2492
69 2478
0 2493
52 2408
78 2405
0 2494
54 2442
0 2495
47 2416
82 2465
0 2496
60 2438
38 2373
0 2497
29 2414
65 2372
94 2440
0 2498
4 2428
10 2381
80 2420
0 2499
46 2425
32 2395
0 2500
21 2400
15 2389
74 2444
0 2501
30 2443
0 2502
0 2503
89 2403
0 2504
26 2415
0 2505
24 2457
22 2385
0 2506
8 2445
17 2407
13 2376
0 2507
0 2508
75 2460
0 2509
40 2387
83 2473
37 2469
100 2362
6 2463
0 2510
93 2477
0 2511
31 2449
42 2446
28 2377
0 2512
11 2393
44 2410
0 2513
36 2396
25 2422
64 2455
0 2514
97 2466
12 2404
0 2515
0 2516
59 2454
14 2397
0 2517
91 2399
0 2518
23 2456
0 2519
0 2520
39 2431
0 2521
0 2522
19 2474
0 2523
0 2524
3 2472
0 2525
90 2461
0 2526
0 2527
0 2528
0 2529
0 2530
27 2479
0 2531
0 2532
0 2533
0 2534
0 2535
0 2536
0 2537
0 2538
0 2539
0 2540
0 2541
0 2542
0 2543
0 2544
0 2545
0 2546
0 2547
0 2548
0 2549
0 2550
0 2551
0 2552
0 2553
0 2554
0 2555
0 2556
0 2557
0 2558
0 2559
0 2560
0 2561
0 2562
0 2563
0 2564
0 2565
0 2566
0 2567
0 2568
0 2569
0 2570
0 2571
0 2572
0 2573
0 2574
0 2575
0 2576
0 2577
0 2578
0 2579
0 2580
0 2581
0 2582
0 2583
0 2584
0 2585
0 2586
0 2587
0 2588
0 2589
0 2590
0 2591
0 2592
0 2593
0 2594
0 2595
0 2596
0 2597
0 2598
0 2599
