44 2131 0 100 32678192 1.34162 1.34162
87 2129 0 100 32656536 1.64162 1.64162
81 2138 0 100 32670470 1.64162 1.64162
18 2152 0 100 32672874 1.84162 1.84162
6 2136 0 100 32629152 1.94162 1.94162
63 2140 0 100 32671074 2.04162 2.04162
56 2159 0 100 32675968 2.04162 2.04162
11 2147 0 100 32676636 2.14162 2.14162
34 2141 0 100 32642978 2.24162 2.24162
24 2192 0 100 32683152 2.34162 2.34162
13 2178 0 100 32680680 2.34162 2.34162
1 2139 0 100 32655218 2.54162 2.54162
21 2197 0 100 32662714 2.54162 2.54162
90 2150 0 100 32629896 2.74162 2.74162
17 2175 0 100 32654304 2.74162 2.74162
58 2207 0 100 32664432 2.94162 2.94162
75 2149 0 100 32661602 2.94162 2.94162
66 2151 0 100 32652398 2.94162 2.94162
32 2128 0 100 32656710 3.04162 3.04162
68 2222 0 100 32655034 3.14162 3.14162
10 2195 0 100 32662864 3.24162 3.24162
4 2215 0 100 32678106 3.24162 3.24162
74 2146 0 100 32662248 3.34162 3.34162
48 2198 0 100 32642648 3.34162 3.34162
9 2176 0 100 32668042 3.54162 3.54162
33 2155 0 100 32674786 3.54162 3.54162
12 2158 0 100 32647450 3.64162 3.64162
62 2214 0 100 32672236 3.84162 3.84162
83 2162 0 100 32642554 3.84162 3.84162
40 2144 0 100 32647520 3.94162 3.94162
53 2121 0 100 32663492 4.04162 4.04162
77 2124 0 100 32646800 4.04162 4.04162
86 2185 0 100 32661626 4.04162 4.04162
71 2164 0 100 32665576 4.04162 4.04162
88 2220 0 100 32641596 4.04162 4.04162
65 2130 0 100 32680180 4.24162 4.24162
28 2171 0 100 32642878 4.24162 4.24162
76 2163 0 100 32637206 4.34162 4.34162
55 2173 0 100 32637630 4.34162 4.34162
27 2223 0 100 32635426 4.34162 4.34162
79 2191 0 100 32659560 4.34162 4.34162
39 2187 0 100 32636478 4.44162 4.44162
80 2183 0 100 32671624 4.54162 4.54162
54 2172 0 100 32652622 4.64162 4.64162
30 2210 0 100 32639796 4.74162 4.74162
43 2199 0 100 32648424 4.74162 4.74162
84 2165 0 100 32670760 4.84162 4.84162
51 2156 0 100 32643434 4.84162 4.84162
29 2133 0 100 32682112 4.84162 4.84162
14 2202 0 100 32622810 4.84162 4.84162
23 2226 0 100 32679066 4.84162 4.84162
69 2167 0 100 32667376 4.94162 4.94162
50 2166 0 100 32633938 5.34162 5.34162
38 2204 0 100 32677212 5.44162 5.44162
35 2190 0 100 32642780 5.44162 5.44162
78 2179 0 100 32663766 5.54162 5.54162
70 2182 0 100 32646438 5.54162 5.54162
67 2212 0 100 32633694 5.54162 5.54162
45 2154 0 100 32679106 5.64162 5.64162
49 2143 0 100 32675220 5.64162 5.64162
73 2169 0 100 32673678 5.74162 5.74162
72 2126 0 100 32647622 5.74162 5.74162
85 2134 0 100 32654300 5.74162 5.74162
26 2120 0 100 32661160 5.84162 5.84162
89 2188 0 100 32642466 5.84162 5.84162
61 2123 0 100 32653970 6.04162 6.04162
52 2125 0 100 32677652 6.14162 6.14162
8 2137 0 100 32642094 6.14162 6.14162
41 2161 0 100 32646824 6.14162 6.14162
25 2205 0 100 32658288 6.14162 6.14162
37 2200 0 100 32637702 6.14162 6.14162
22 2228 0 100 32650666 6.44162 6.44162
20 2174 0 100 32661892 6.54162 6.54162
59 2217 0 100 32654792 6.64162 6.64162
31 2194 0 100 32646128 6.74162 6.74162
64 2209 0 100 32657956 6.74162 6.74162
15 2201 0 100 32675748 6.74162 6.74162
3 2203 0 100 32654642 6.84162 6.84162
60 2224 0 100 32638786 6.94162 6.94162
7 2181 0 100 32672344 7.04162 7.04162
82 2218 0 100 32659640 7.04162 7.04162
42 2180 0 100 32642354 7.14162 7.14162
19 2208 0 100 32633166 7.34162 7.34162
36 2216 0 100 32634174 7.34162 7.34162
57 2189 0 100 32650312 7.44162 7.44162
16 2213 0 100 32672392 7.54162 7.54162
47 2229 0 100 32668516 7.64162 7.64162
