33 0.8 0.016 0.784
33 0.784 0.16 0.624
51 0.8 0.016 0.784
51 0.784 0.16 0.624
55 0.8 0.016 0.784
55 0.784 0.16 0.624
48 0.8 0.016 0.784
84 0.8 0.016 0.784
48 0.784 0.16 0.624
84 0.784 0.16 0.624
16 0.8 0.016 0.784
16 0.784 0.16 0.624
70 0.8 0.016 0.784
70 0.784 0.16 0.624
63 0.8 0.16 0.64
63 0.712747 0.016 0.696747
63 0.696747 0.16 0.536747
18 0.8 0.016 0.784
18 0.784 0.16 0.624
49 0.8 0.016 0.784
49 0.784 0.16 0.624
34 0.8 0.16 0.64
43 0.8 0.16 0.64
87 0.8 0.16 0.64
34 0.718917 0.016 0.702917
43 0.714907 0.016 0.698907
72 0.8 0.016 0.784
87 0.712535 0.016 0.696535
72 0.784 0.16 0.624
34 0.702917 0.16 0.542917
87 0.696535 0.16 0.536535
43 0.698907 0.16 0.538907
58 0.8 0.16 0.64
92 0.8 0.16 0.64
92 0.64 0.16 0.48
92 0.48 0.16 0.32
58 0.64 0.16 0.48
92 0.32 0.16 0.16
1 0.8 0.016 0.784
58 0.553093 0.016 0.537093
92 0.231697 0.016 0.215697
1 0.784 0.16 0.624
92 0.215697 0.16 0.0556973
58 0.537093 0.16 0.377093
62 0.8 0.16 0.64
95 0.8 0.16 0.64
62 0.64 0.16 0.48
95 0.64 0.16 0.48
62 0.559888 0.016 0.543888
95 0.552537 0.016 0.536537
62 0.543888 0.16 0.383888
95 0.536537 0.16 0.376537
76 0.8 0.016 0.784
76 0.784 0.16 0.624
35 0.8 0.16 0.64
20 0.8 0.016 0.784
35 0.718919 0.016 0.702919
57 0.8 0.016 0.784
66 0.8 0.016 0.784
86 0.8 0.016 0.784
20 0.784 0.16 0.624
66 0.784 0.16 0.624
57 0.784 0.16 0.624
86 0.784 0.16 0.624
35 0.702919 0.16 0.542919
5 0.8 0.16 0.64
81 0.8 0.16 0.64
85 0.8 0.16 0.64
88 0.8 0.16 0.64
5 0.64 0.16 0.48
81 0.64 0.16 0.48
85 0.64 0.16 0.48
5 0.48 0.16 0.32
81 0.48 0.16 0.32
85 0.48 0.16 0.32
5 0.396985 0.016 0.380985
81 0.390414 0.016 0.374414
85 0.398842 0.016 0.382842
81 0.374414 0.16 0.214414
5 0.380985 0.16 0.220985
85 0.382842 0.16 0.222842
88 0.711182 0.16 0.551182
45 0.8 0.016 0.784
67 0.8 0.016 0.784
88 0.624528 0.016 0.608528
96 0.8 0.016 0.784
45 0.784 0.16 0.624
88 0.608528 0.16 0.448528
67 0.784 0.16 0.624
96 0.784 0.16 0.624
50 0.8 0.16 0.64
50 0.64 0.16 0.48
50 0.48 0.16 0.32
50 0.395174 0.016 0.379174
50 0.379174 0.16 0.219174
7 0.8 0.16 0.64
7 0.718327 0.016 0.702327
7 0.702327 0.16 0.542327
61 0.8 0.16 0.64
61 0.713711 0.016 0.697711
61 0.697711 0.16 0.537711
79 0.8 0.016 0.784
79 0.784 0.16 0.624
53 0.8 0.16 0.64
73 0.8 0.16 0.64
77 0.8 0.16 0.64
99 0.8 0.16 0.64
53 0.713075 0.016 0.697075
73 0.717601 0.016 0.701601
77 0.717212 0.016 0.701212
98 0.8 0.016 0.784
99 0.719133 0.016 0.703133
99 0.703133 0.16 0.543133
98 0.784 0.16 0.624
73 0.701601 0.16 0.541601
53 0.697075 0.16 0.537075
77 0.701212 0.16 0.541212
2 0.8 0.16 0.64
56 0.8 0.16 0.64
68 0.8 0.16 0.64
2 0.64 0.16 0.48
56 0.64 0.16 0.48
68 0.64 0.16 0.48
2 0.556786 0.016 0.540786
68 0.552992 0.016 0.536992
2 0.540786 0.16 0.380786
68 0.536992 0.16 0.376992
56 0.550928 0.16 0.390928
56 0.390928 0.16 0.230928
56 0.304078 0.016 0.288078
56 0.288078 0.16 0.128078
41 0.8 0.16 0.64
71 0.8 0.16 0.64
9 0.8 0.016 0.784
41 0.717269 0.016 0.701269
71 0.710812 0.016 0.694812
9 0.784 0.16 0.624
71 0.694812 0.16 0.534812
41 0.701269 0.16 0.541269
69 0.8 0.016 0.784
69 0.784 0.16 0.624
52 0.8 0.16 0.64
54 0.8 0.16 0.64
78 0.8 0.16 0.64
52 0.713247 0.016 0.697247
78 0.716726 0.016 0.700726
52 0.697247 0.16 0.537247
78 0.700726 0.16 0.540726
54 0.714071 0.16 0.554071
54 0.554071 0.16 0.394071
54 0.471231 0.016 0.455231
54 0.455231 0.16 0.295231
47 0.8 0.16 0.64
47 0.712707 0.016 0.696707
82 0.8 0.016 0.784
47 0.696707 0.16 0.536707
82 0.784 0.16 0.624
38 0.8 0.16 0.64
60 0.8 0.16 0.64
38 0.71747 0.016 0.70147
60 0.718743 0.016 0.702743
60 0.702743 0.16 0.542743
38 0.70147 0.16 0.54147
29 0.8 0.16 0.64
29 0.64 0.16 0.48
65 0.8 0.16 0.64
29 0.551588 0.016 0.535588
65 0.713265 0.016 0.697265
94 0.8 0.016 0.784
29 0.535588 0.16 0.375588
65 0.697265 0.16 0.537265
94 0.784 0.16 0.624
10 0.8 0.16 0.64
4 0.8 0.16 0.64
10 0.64 0.16 0.48
4 0.719557 0.016 0.703557
10 0.558392 0.016 0.542392
80 0.8 0.016 0.784
4 0.703557 0.16 0.543557
10 0.542392 0.16 0.382392
80 0.784 0.16 0.624
21 0.8 0.16 0.64
32 0.8 0.16 0.64
46 0.8 0.16 0.64
46 0.64 0.16 0.48
21 0.64 0.16 0.48
32 0.64 0.16 0.48
46 0.48 0.16 0.32
32 0.55313 0.016 0.53713
46 0.393524 0.016 0.377524
46 0.377524 0.16 0.217524
32 0.53713 0.16 0.37713
21 0.55214 0.16 0.39214
74 0.8 0.16 0.64
21 0.39214 0.16 0.23214
74 0.64 0.16 0.48
15 0.8 0.016 0.784
21 0.311781 0.016 0.295781
74 0.552417 0.016 0.536417
21 0.295781 0.16 0.135781
15 0.784 0.16 0.624
74 0.536417 0.16 0.376417
30 0.8 0.16 0.64
30 0.64 0.16 0.48
30 0.551947 0.016 0.535947
30 0.535947 0.16 0.375947
89 0.8 0.016 0.784
89 0.784 0.16 0.624
26 0.8 0.16 0.64
26 0.713887 0.016 0.697887
26 0.697887 0.16 0.537887
22 0.8 0.16 0.64
22 0.716718 0.016 0.700718
24 0.8 0.016 0.784
24 0.784 0.16 0.624
22 0.700718 0.16 0.540718
8 0.8 0.16 0.64
13 0.8 0.16 0.64
17 0.8 0.16 0.64
8 0.64 0.16 0.48
13 0.64 0.16 0.48
17 0.64 0.16 0.48
8 0.55313 0.016 0.53713
13 0.555028 0.016 0.539028
17 0.558277 0.016 0.542277
8 0.53713 0.16 0.37713
17 0.542277 0.16 0.382277
13 0.539028 0.16 0.379028
75 0.8 0.016 0.784
75 0.784 0.16 0.624
6 0.8 0.16 0.64
6 0.718667 0.016 0.702667
37 0.8 0.016 0.784
40 0.8 0.016 0.784
83 0.8 0.016 0.784
100 0.8 0.016 0.784
40 0.784 0.16 0.624
83 0.784 0.16 0.624
37 0.784 0.16 0.624
100 0.784 0.16 0.624
6 0.702667 0.16 0.542667
93 0.8 0.16 0.64
93 0.64 0.16 0.48
93 0.48 0.16 0.32
93 0.32 0.16 0.16
93 0.234851 0.016 0.218851
93 0.218851 0.16 0.0588513
31 0.8 0.16 0.64
28 0.8 0.016 0.784
31 0.712452 0.016 0.696452
42 0.8 0.016 0.784
31 0.696452 0.16 0.536452
42 0.784 0.16 0.624
28 0.784 0.16 0.624
11 0.8 0.16 0.64
11 0.64 0.16 0.48
44 0.8 0.16 0.64
11 0.48 0.16 0.32
11 0.397717 0.016 0.381717
44 0.713315 0.016 0.697315
11 0.381717 0.16 0.221717
44 0.697315 0.16 0.537315
25 0.8 0.16 0.64
36 0.8 0.16 0.64
64 0.8 0.16 0.64
25 0.717383 0.016 0.701383
36 0.716225 0.016 0.700225
64 0.714074 0.016 0.698074
36 0.700225 0.16 0.540225
25 0.701383 0.16 0.541383
64 0.698074 0.16 0.538074
97 0.8 0.16 0.64
97 0.64 0.16 0.48
97 0.48 0.16 0.32
12 0.8 0.016 0.784
97 0.390993 0.016 0.374993
97 0.374993 0.16 0.214993
12 0.784 0.16 0.624
14 0.8 0.016 0.784
59 0.8 0.016 0.784
59 0.784 0.16 0.624
14 0.784 0.16 0.624
91 0.8 0.16 0.64
91 0.64 0.16 0.48
91 0.556756 0.016 0.540756
91 0.540756 0.16 0.380756
23 0.8 0.016 0.784
23 0.784 0.16 0.624
39 0.8 0.16 0.64
39 0.785997 0.016 0.769997
39 0.769997 0.16 0.609997
19 0.8 0.016 0.784
19 0.784 0.16 0.624
3 0.8 0.016 0.784
3 0.784 0.16 0.624
90 0.8 0.16 0.64
90 0.71405 0.016 0.69805
90 0.69805 0.16 0.53805
27 0.8 0.016 0.784
27 0.784 0.16 0.624
