33 2366 0 100 32633962 1.21163 1.21163
51 2370 0 100 32680124 1.31163 1.31163
55 2380 0 100 32674584 1.61163 1.61163
48 2361 0 100 32627162 1.81163 1.81163
84 2368 0 100 32682478 1.81163 1.81163
16 2419 0 100 32680724 2.11163 2.11163
70 2423 0 100 32653476 2.21163 2.21163
63 2398 0 100 32665262 2.31163 2.31163
18 2433 0 100 32680608 2.41163 2.41163
49 2451 0 100 32651026 2.61163 2.61163
72 2378 0 100 32655558 2.71163 2.71163
34 2421 0 100 32656654 2.71163 2.71163
87 2426 0 100 32630276 2.71163 2.71163
43 2447 0 100 32654114 2.71163 2.71163
92 2411 0 100 32664794 2.81163 2.81163
58 2382 0 100 32654644 2.81163 2.81163
62 2369 0 100 32659190 2.91163 2.91163
95 2437 0 100 32644366 2.91163 2.91163
76 2475 0 100 32649146 3.01163 3.01163
66 2435 0 100 32679488 3.11163 3.11163
86 2413 0 100 32659712 3.11163 3.11163
35 2374 0 100 32661904 3.11163 3.11163
81 2409 0 100 32649506 3.21163 3.21163
5 2471 0 100 32669472 3.21163 3.21163
85 2383 0 100 32658462 3.21163 3.21163
45 2412 0 100 32661796 3.31163 3.31163
88 2401 0 100 32641052 3.31163 3.31163
67 2429 0 100 32667530 3.31163 3.31163
96 2458 0 100 32673686 3.31163 3.31163
50 2436 0 100 32656468 3.41163 3.41163
7 2388 0 100 32650638 3.51163 3.51163
61 2418 0 100 32652248 3.61163 3.61163
79 2462 0 100 32668842 3.71163 3.71163
99 2470 0 100 32645314 3.81163 3.81163
98 2452 0 100 32683168 3.81163 3.81163
73 2464 0 100 32682040 3.81163 3.81163
77 2439 0 100 32676120 3.81163 3.81163
2 2430 0 100 32676266 3.91163 3.91163
68 2467 0 100 32677120 3.91163 3.91163
56 2448 0 100 32657256 4.01163 4.01163
9 2365 0 100 32648434 4.11163 4.11163
71 2392 0 100 32667298 4.11163 4.11163
41 2391 0 100 32650914 4.11163 4.11163
69 2478 0 100 32682282 4.21163 4.21163
52 2408 0 100 32631156 4.31163 4.31163
78 2405 0 100 32663580 4.31163 4.31163
54 2442 0 100 32654204 4.41163 4.41163
47 2416 0 100 32638684 4.51163 4.51163
82 2465 0 100 32668842 4.51163 4.51163
60 2438 0 100 32657650 4.61163 4.61163
38 2373 0 100 32640200 4.61163 4.61163
29 2414 0 100 32666430 4.71163 4.71163
65 2372 0 100 32634816 4.71163 4.71163
94 2440 0 100 32670390 4.71163 4.71163
4 2428 0 100 32675280 4.81163 4.81163
10 2381 0 100 32658676 4.81163 4.81163
80 2420 0 100 32668856 4.81163 4.81163
46 2425 0 100 32652278 4.91163 4.91163
32 2395 0 100 32656236 4.91163 4.91163
21 2400 0 100 32658168 5.01163 5.01163
15 2389 0 100 32666988 5.01163 5.01163
74 2444 0 100 32657312 5.01163 5.01163
30 2443 0 100 32652540 5.11163 5.11163
89 2403 0 100 32646342 5.31163 5.31163
26 2415 0 100 32643346 5.41163 5.41163
24 2457 0 100 32653566 5.51163 5.51163
22 2385 0 100 32669472 5.51163 5.51163
8 2445 0 100 32664128 5.61163 5.61163
17 2407 0 100 32648362 5.61163 5.61163
13 2376 0 100 32624952 5.61163 5.61163
75 2460 0 100 32655428 5.81163 5.81163
40 2387 0 100 32678514 5.91163 5.91163
83 2473 0 100 32664552 5.91163 5.91163
37 2469 0 100 32661228 5.91163 5.91163
100 2362 0 100 32664754 5.91163 5.91163
6 2463 0 100 32638852 5.91163 5.91163
93 2477 0 100 32666004 6.01163 6.01163
31 2449 0 100 32645440 6.11163 6.11163
42 2446 0 100 32670696 6.11163 6.11163
28 2377 0 100 32664230 6.11163 6.11163
44 2410 0 100 32676574 6.21163 6.21163
36 2396 0 100 32668334 6.31163 6.31163
25 2422 0 100 32677904 6.31163 6.31163
64 2455 0 100 32644434 6.31163 6.31163
97 2466 0 100 32653396 6.41163 6.41163
12 2404 0 100 32682134 6.41163 6.41163
59 2454 0 100 32667950 6.61163 6.61163
14 2397 0 100 32663008 6.61163 6.61163
91 2399 0 100 32673890 6.71163 6.71163
23 2456 0 100 32677866 6.81163 6.81163
39 2431 0 100 32649062 7.01163 7.01163
19 2474 0 100 32668220 7.21163 7.21163
3 2472 0 100 32667076 7.41163 7.41163
90 2461 0 100 32662954 7.51163 7.51163
27 2479 0 100 32645240 8.01163 8.01163
