8 1262 0 100 32678042 1.33073 1.33073
14 1264 0 100 32676762 1.53073 1.53073
31 1268 0 100 32632600 1.53073 1.53073
45 1284 0 100 32661676 1.63073 1.63073
6 1277 0 100 32652772 1.73073 1.73073
19 1265 0 100 32645730 1.83073 1.83073
36 1260 0 100 32668008 1.93073 1.93073
30 1290 0 100 32638416 1.93073 1.93073
47 1274 0 100 32654432 2.23073 2.23073
11 1300 0 100 32641246 2.73073 2.73073
15 1322 0 100 32658806 2.83073 2.83073
13 1308 0 100 32638088 2.83073 2.83073
39 1278 0 100 32654614 2.93073 2.93073
9 1271 0 100 32655526 3.03073 3.03073
49 1280 0 100 32658534 3.03073 3.03073
3 1305 0 100 32662098 3.13073 3.13073
38 1276 0 100 32671180 3.23073 3.23073
7 1297 0 100 32664176 3.33073 3.33073
41 1288 0 100 32650566 3.73073 3.73073
24 1311 0 100 32653552 3.73073 3.73073
1 1302 0 100 32670968 3.73073 3.73073
23 1283 0 100 32645068 3.73073 3.73073
29 1270 0 100 32681952 3.93073 3.93073
27 1316 0 100 32664230 4.13073 4.13073
2 1281 0 100 32662064 4.23073 4.23073
17 1298 0 100 32666016 4.23073 4.23073
50 1327 0 100 32638618 4.43073 4.43073
25 1294 0 100 32666506 4.53073 4.53073
4 1291 0 100 32630366 4.63073 4.63073
22 1307 0 100 32655658 4.73073 4.73073
12 1324 0 100 32678390 4.83073 4.83073
44 1272 0 100 32678128 4.93073 4.93073
46 1287 0 100 32669416 5.03073 5.03073
5 1321 0 100 32666874 5.03073 5.03073
16 1301 0 100 32628802 5.43073 5.43073
28 1267 0 100 32648758 5.53073 5.53073
48 1266 0 100 32653046 5.73073 5.73073
32 1325 0 100 32639842 5.73073 5.73073
43 1292 0 100 32666038 5.83073 5.83073
20 1296 0 100 32660402 6.03073 6.03073
33 1293 0 100 32655030 6.03073 6.03073
40 1317 0 100 32663532 6.13073 6.13073
26 1279 0 100 32676002 6.13073 6.13073
10 1304 0 100 32658196 6.53073 6.53073
37 1313 0 100 32652766 7.03073 7.03073
42 1310 0 100 32665214 7.13073 7.13073
18 1319 0 100 32677164 7.23073 7.23073
21 1328 0 100 32655180 7.23073 7.23073
34 1320 0 100 32660052 7.83073 7.83073
