17 0.8 0.016 0.784
17 0.784 0.16 0.624
49 0.8 0.016 0.784
49 0.784 0.16 0.624
27 0.8 0.16 0.64
65 0.8 0.16 0.64
27 0.719164 0.016 0.703164
65 0.713861 0.016 0.697861
65 0.697861 0.16 0.537861
27 0.703164 0.16 0.543164
16 0.8 0.016 0.784
20 0.8 0.016 0.784
20 0.784 0.16 0.624
16 0.784 0.16 0.624
33 0.8 0.16 0.64
1 0.8 0.016 0.784
19 0.8 0.016 0.784
1 0.784 0.16 0.624
19 0.784 0.16 0.624
18 0.8 0.16 0.64
24 0.8 0.16 0.64
12 0.8 0.16 0.64
18 0.64 0.16 0.48
24 0.64 0.16 0.48
12 0.710184 0.016 0.694184
18 0.556129 0.016 0.540129
24 0.557369 0.016 0.541369
18 0.540129 0.16 0.380129
12 0.694184 0.16 0.534184
24 0.541369 0.16 0.381369
46 0.8 0.16 0.64
46 0.711148 0.016 0.695148
46 0.695148 0.16 0.535148
2 0.8 0.16 0.64
2 0.71921 0.016 0.70321
2 0.70321 0.16 0.54321
30 0.8 0.16 0.64
30 0.71913 0.016 0.70313
30 0.70313 0.16 0.54313
28 0.8 0.016 0.784
28 0.784 0.16 0.624
39 0.8 0.016 0.784
76 0.8 0.016 0.784
39 0.784 0.16 0.624
76 0.784 0.16 0.624
57 0.8 0.16 0.64
57 0.64 0.16 0.48
57 0.555901 0.016 0.539901
61 0.8 0.016 0.784
57 0.539901 0.16 0.379901
61 0.784 0.16 0.624
48 0.8 0.16 0.64
48 0.71814 0.016 0.70214
48 0.70214 0.16 0.54214
21 0.8 0.016 0.784
50 0.8 0.016 0.784
59 0.8 0.016 0.784
59 0.784 0.16 0.624
21 0.784 0.16 0.624
50 0.784 0.16 0.624
7 0.8 0.16 0.64
38 0.8 0.16 0.64
70 0.8 0.16 0.64
7 0.64 0.16 0.48
38 0.64 0.16 0.48
70 0.64 0.16 0.48
7 0.553192 0.016 0.537192
38 0.550843 0.016 0.534843
70 0.551462 0.016 0.535462
70 0.535462 0.16 0.375462
7 0.537192 0.16 0.377192
38 0.534843 0.16 0.374843
11 0.8 0.16 0.64
41 0.8 0.16 0.64
42 0.8 0.16 0.64
11 0.64 0.16 0.48
41 0.64 0.16 0.48
42 0.64 0.16 0.48
51 0.8 0.16 0.64
11 0.48 0.16 0.32
41 0.48 0.16 0.32
42 0.48 0.16 0.32
51 0.64 0.16 0.48
11 0.393566 0.016 0.377566
41 0.396159 0.016 0.380159
42 0.396015 0.016 0.380015
51 0.55141 0.016 0.53541
11 0.377566 0.16 0.217566
51 0.53541 0.16 0.37541
41 0.380159 0.16 0.220159
42 0.380015 0.16 0.220015
26 0.8 0.16 0.64
26 0.64 0.16 0.48
26 0.557015 0.016 0.541015
26 0.541015 0.16 0.381015
10 0.8 0.16 0.64
13 0.8 0.16 0.64
22 0.8 0.16 0.64
36 0.8 0.16 0.64
10 0.715917 0.016 0.699917
13 0.713406 0.016 0.697406
22 0.719699 0.016 0.703699
36 0.710377 0.016 0.694377
53 0.8 0.016 0.784
36 0.694377 0.16 0.534377
13 0.697406 0.16 0.537406
10 0.699917 0.16 0.539917
53 0.784 0.16 0.624
22 0.703699 0.16 0.543699
54 0.8 0.16 0.64
54 0.64 0.16 0.48
54 0.48 0.16 0.32
54 0.395349 0.016 0.379349
54 0.379349 0.16 0.219349
25 0.8 0.016 0.784
25 0.784 0.16 0.624
73 0.8 0.16 0.64
73 0.794875 0.016 0.778875
74 0.8 0.016 0.784
77 0.8 0.016 0.784
74 0.784 0.16 0.624
77 0.784 0.16 0.624
73 0.778875 0.16 0.618875
3 0.8 0.16 0.64
3 0.64 0.16 0.48
43 0.8 0.16 0.64
47 0.8 0.16 0.64
3 0.48 0.16 0.32
3 0.394696 0.016 0.378696
43 0.713326 0.016 0.697326
47 0.710891 0.016 0.694891
43 0.697326 0.16 0.537326
3 0.378696 0.16 0.218696
47 0.694891 0.16 0.534891
23 0.8 0.16 0.64
35 0.8 0.16 0.64
68 0.8 0.16 0.64
23 0.64 0.16 0.48
35 0.64 0.16 0.48
68 0.64 0.16 0.48
23 0.553947 0.016 0.537947
35 0.559229 0.016 0.543229
68 0.555645 0.016 0.539645
23 0.537947 0.16 0.377947
68 0.539645 0.16 0.379645
35 0.543229 0.16 0.383229
34 0.8 0.016 0.784
63 0.8 0.016 0.784
34 0.784 0.16 0.624
63 0.784 0.16 0.624
45 0.8 0.016 0.784
45 0.784 0.16 0.624
67 0.8 0.16 0.64
67 0.716614 0.016 0.700614
67 0.700614 0.16 0.540614
8 0.8 0.016 0.784
8 0.784 0.16 0.624
32 0.8 0.016 0.784
32 0.784 0.16 0.624
37 0.8 0.016 0.784
37 0.784 0.16 0.624
58 0.8 0.16 0.64
58 0.716343 0.016 0.700343
58 0.700343 0.16 0.540343
15 0.8 0.16 0.64
79 0.8 0.16 0.64
15 0.711808 0.016 0.695808
79 0.713537 0.016 0.697537
79 0.697537 0.16 0.537537
15 0.695808 0.16 0.535808
29 0.8 0.016 0.784
52 0.8 0.016 0.784
29 0.784 0.16 0.624
52 0.784 0.16 0.624
6 0.8 0.16 0.64
40 0.8 0.16 0.64
60 0.8 0.16 0.64
6 0.71361 0.016 0.69761
40 0.710272 0.016 0.694272
60 0.713155 0.016 0.697155
6 0.69761 0.16 0.53761
40 0.694272 0.16 0.534272
60 0.697155 0.16 0.537155
71 0.8 0.16 0.64
75 0.8 0.16 0.64
71 0.64 0.16 0.48
75 0.64 0.16 0.48
66 0.8 0.016 0.784
71 0.550287 0.016 0.534287
75 0.559655 0.016 0.543655
75 0.543655 0.16 0.383655
66 0.784 0.16 0.624
71 0.534287 0.16 0.374287
4 0.8 0.16 0.64
4 0.790995 0.016 0.774995
4 0.774995 0.16 0.614995
9 0.8 0.016 0.784
56 0.8 0.016 0.784
78 0.8 0.016 0.784
56 0.784 0.16 0.624
78 0.784 0.16 0.624
9 0.784 0.16 0.624
64 0.8 0.16 0.64
64 0.64 0.16 0.48
64 0.48 0.16 0.32
64 0.399763 0.016 0.383763
64 0.383763 0.16 0.223763
31 0.8 0.016 0.784
31 0.784 0.16 0.624
44 0.8 0.16 0.64
80 0.8 0.16 0.64
44 0.719726 0.016 0.703726
80 0.717604 0.016 0.701604
80 0.701604 0.16 0.541604
44 0.703726 0.16 0.543726
62 0.8 0.16 0.64
72 0.8 0.16 0.64
62 0.64 0.16 0.48
72 0.64 0.16 0.48
62 0.558785 0.016 0.542785
72 0.559391 0.016 0.543391
62 0.542785 0.16 0.382785
72 0.543391 0.16 0.383391
69 0.8 0.16 0.64
69 0.64 0.16 0.48
69 0.551279 0.016 0.535279
69 0.535279 0.16 0.375279
14 0.8 0.016 0.784
33 0.8 0.016 0.784
14 0.784 0.16 0.624
33 0.784 0.16 0.624
5 0.8 0.016 0.784
5 0.784 0.16 0.624
55 0.8 0.016 0.784
55 0.784 0.16 0.624
