69 1670 1.00121
49 1671 1.05312
36 1672 1.06514
51 1673 1.06997
21 1674 1.07041
61 1675 1.08148
15 1677 1.12562
4 1678 1.13131
53 1679 1.14688
37 1680 1.17917
39 1682 1.18949
5 1683 1.20849
20 1684 1.21262
24 1685 1.27526
65 1687 1.3178
29 1688 1.32793
31 1690 1.38814
47 1691 1.41859
59 1692 1.4186
55 1693 1.42868
14 1694 1.43727
45 1695 1.45019
13 1696 1.45254
8 1698 1.48942
58 1699 1.49179
67 1700 1.54189
33 1701 1.54429
23 1702 1.55437
50 1703 1.56669
56 1704 1.57309
27 1706 1.58864
54 1708 1.68868
41 1709 1.70338
12 1710 1.70605
52 1711 1.73391
2 1712 1.74649
60 1714 1.7879
70 1715 1.81828
7 1716 1.86022
3 1717 1.87369
64 1719 1.95481
10 1720 1.96488
40 1721 1.96922
66 1724 2.09437
57 1725 2.13855
43 1726 2.15875
32 1728 2.25389
6 1729 2.27546
62 1731 2.33432
26 1732 2.3464
16 1734 2.44554
42 1735 2.45277
9 1736 2.48512
63 1738 2.53282
11 1739 2.54291
25 1740 2.55896
34 1741 2.57037
28 1744 2.69765
68 1745 2.72453
18 1747 2.78661
19 1748 2.81802
35 1749 2.82019
1 1750 2.83426
17 1751 2.86149
48 1752 2.87802
30 1754 2.91019
46 1755 2.91091
44 1756 2.95605
38 1757 2.96717
22 1758 2.98252
