5 0.8 0.016 0.784
5 0.784 0.16 0.624
14 0.8 0.016 0.784
14 0.784 0.16 0.624
8 0.8 0.016 0.784
8 0.784 0.16 0.624
10 0.8 0.16 0.64
7 0.8 0.016 0.784
10 0.712482 0.016 0.696482
7 0.784 0.16 0.624
10 0.696482 0.16 0.536482
2 0.8 0.016 0.784
2 0.784 0.16 0.624
19 0.8 0.16 0.64
19 0.719021 0.016 0.703021
19 0.703021 0.16 0.543021
9 0.8 0.016 0.784
9 0.784 0.16 0.624
3 0.8 0.016 0.784
3 0.784 0.16 0.624
11 0.8 0.016 0.784
11 0.784 0.16 0.624
16 0.8 0.016 0.784
18 0.8 0.016 0.784
18 0.784 0.16 0.624
16 0.784 0.16 0.624
6 0.8 0.16 0.64
6 0.64 0.16 0.48
6 0.551914 0.016 0.535914
6 0.535914 0.16 0.375914
4 0.8 0.016 0.784
13 0.8 0.016 0.784
4 0.784 0.16 0.624
13 0.784 0.16 0.624
1 0.8 0.016 0.784
1 0.784 0.16 0.624
12 0.8 0.016 0.784
12 0.784 0.16 0.624
20 0.8 0.016 0.784
20 0.784 0.16 0.624
17 0.8 0.016 0.784
17 0.784 0.16 0.624
15 0.8 0.16 0.64
15 0.715736 0.016 0.699736
15 0.699736 0.16 0.539736
