31 0.8 0.016 0.784
31 0.784 0.16 0.624
37 0.8 0.016 0.784
37 0.784 0.16 0.624
26 0.8 0.016 0.784
52 0.8 0.016 0.784
56 0.8 0.016 0.784
56 0.784 0.16 0.624
52 0.784 0.16 0.624
26 0.784 0.16 0.624
3 0.8 0.016 0.784
48 0.8 0.016 0.784
50 0.8 0.016 0.784
48 0.784 0.16 0.624
3 0.784 0.16 0.624
50 0.784 0.16 0.624
57 0.8 0.16 0.64
57 0.64 0.16 0.48
57 0.557615 0.016 0.541615
57 0.541615 0.16 0.381615
21 0.8 0.16 0.64
21 0.718705 0.016 0.702705
21 0.702705 0.16 0.542705
6 0.8 0.016 0.784
6 0.784 0.16 0.624
20 0.8 0.016 0.784
20 0.784 0.16 0.624
54 0.8 0.16 0.64
28 0.8 0.016 0.784
51 0.8 0.016 0.784
54 0.714851 0.016 0.698851
28 0.784 0.16 0.624
54 0.698851 0.16 0.538851
51 0.784 0.16 0.624
2 0.8 0.16 0.64
2 0.710954 0.016 0.694954
2 0.694954 0.16 0.534954
27 0.8 0.16 0.64
33 0.8 0.16 0.64
35 0.8 0.16 0.64
44 0.8 0.16 0.64
27 0.718947 0.016 0.702947
33 0.716831 0.016 0.700831
35 0.712135 0.016 0.696135
44 0.714832 0.016 0.698832
33 0.700831 0.16 0.540831
44 0.698832 0.16 0.538832
27 0.702947 0.16 0.542947
35 0.696135 0.16 0.536135
9 0.8 0.016 0.784
9 0.784 0.16 0.624
15 0.8 0.016 0.784
15 0.784 0.16 0.624
16 0.8 0.016 0.784
16 0.784 0.16 0.624
12 0.8 0.16 0.64
24 0.8 0.16 0.64
49 0.8 0.16 0.64
1 0.8 0.016 0.784
12 0.71993 0.016 0.70393
24 0.71906 0.016 0.70306
49 0.710393 0.016 0.694393
12 0.70393 0.16 0.54393
49 0.694393 0.16 0.534393
24 0.70306 0.16 0.54306
1 0.784 0.16 0.624
46 0.8 0.16 0.64
46 0.64 0.16 0.48
46 0.48 0.16 0.32
46 0.32 0.16 0.16
46 0.238724 0.016 0.222724
46 0.222724 0.16 0.0627241
53 0.8 0.016 0.784
53 0.784 0.16 0.624
45 0.8 0.16 0.64
59 0.8 0.16 0.64
60 0.8 0.16 0.64
45 0.713408 0.016 0.697408
59 0.718957 0.016 0.702957
60 0.711134 0.016 0.695134
60 0.695134 0.16 0.535134
59 0.702957 0.16 0.542957
45 0.697408 0.16 0.537408
23 0.8 0.16 0.64
23 0.64 0.16 0.48
23 0.48 0.16 0.32
23 0.396742 0.016 0.380742
23 0.380742 0.16 0.220742
7 0.8 0.16 0.64
40 0.8 0.16 0.64
7 0.71299 0.016 0.69699
40 0.714626 0.016 0.698626
7 0.69699 0.16 0.53699
40 0.698626 0.16 0.538626
42 0.8 0.016 0.784
42 0.784 0.16 0.624
13 0.8 0.016 0.784
13 0.784 0.16 0.624
17 0.8 0.16 0.64
17 0.712907 0.016 0.696907
25 0.8 0.016 0.784
25 0.784 0.16 0.624
17 0.696907 0.16 0.536907
30 0.8 0.016 0.784
41 0.8 0.016 0.784
30 0.784 0.16 0.624
41 0.784 0.16 0.624
10 0.8 0.16 0.64
10 0.785497 0.016 0.769497
10 0.769497 0.16 0.609497
36 0.8 0.016 0.784
36 0.784 0.16 0.624
43 0.8 0.016 0.784
43 0.784 0.16 0.624
58 0.8 0.16 0.64
58 0.712056 0.016 0.696056
58 0.696056 0.16 0.536056
32 0.8 0.16 0.64
18 0.8 0.016 0.784
32 0.711938 0.016 0.695938
38 0.8 0.016 0.784
18 0.784 0.16 0.624
32 0.695938 0.16 0.535938
38 0.784 0.16 0.624
5 0.8 0.016 0.784
5 0.784 0.16 0.624
34 0.8 0.16 0.64
39 0.8 0.16 0.64
34 0.711358 0.016 0.695358
39 0.713304 0.016 0.697304
47 0.8 0.016 0.784
47 0.784 0.16 0.624
39 0.697304 0.16 0.537304
34 0.695358 0.16 0.535358
55 0.8 0.16 0.64
55 0.715965 0.016 0.699965
55 0.699965 0.16 0.539965
11 0.8 0.016 0.784
11 0.784 0.16 0.624
22 0.8 0.16 0.64
22 0.71138 0.016 0.69538
22 0.69538 0.16 0.53538
29 0.8 0.016 0.784
29 0.784 0.16 0.624
14 0.8 0.16 0.64
14 0.714417 0.016 0.698417
14 0.698417 0.16 0.538417
19 0.8 0.016 0.784
19 0.784 0.16 0.624
4 0.8 0.016 0.784
4 0.784 0.16 0.624
8 0.8 0.016 0.784
8 0.784 0.16 0.624
