27 0.8 0.016 0.784
27 0.784 0.16 0.624
29 0.8 0.16 0.64
29 0.714714 0.016 0.698714
29 0.698714 0.16 0.538714
9 0.8 0.016 0.784
9 0.784 0.16 0.624
6 0.8 0.016 0.784
12 0.8 0.016 0.784
20 0.8 0.016 0.784
26 0.8 0.016 0.784
20 0.784 0.16 0.624
6 0.784 0.16 0.624
12 0.784 0.16 0.624
26 0.784 0.16 0.624
10 0.8 0.016 0.784
10 0.784 0.16 0.624
25 0.8 0.016 0.784
25 0.784 0.16 0.624
15 0.8 0.016 0.784
15 0.784 0.16 0.624
13 0.8 0.016 0.784
13 0.784 0.16 0.624
18 0.8 0.016 0.784
18 0.784 0.16 0.624
23 0.8 0.016 0.784
30 0.8 0.016 0.784
23 0.784 0.16 0.624
30 0.784 0.16 0.624
11 0.8 0.016 0.784
11 0.784 0.16 0.624
2 0.8 0.16 0.64
2 0.716177 0.016 0.700177
2 0.700177 0.16 0.540177
14 0.8 0.016 0.784
14 0.784 0.16 0.624
17 0.8 0.016 0.784
19 0.8 0.016 0.784
17 0.784 0.16 0.624
19 0.784 0.16 0.624
4 0.8 0.016 0.784
4 0.784 0.16 0.624
3 0.8 0.016 0.784
8 0.8 0.016 0.784
3 0.784 0.16 0.624
8 0.784 0.16 0.624
22 0.8 0.16 0.64
22 0.64 0.16 0.48
22 0.555039 0.016 0.539039
22 0.539039 0.16 0.379039
1 0.8 0.016 0.784
16 0.8 0.016 0.784
24 0.8 0.016 0.784
1 0.784 0.16 0.624
16 0.784 0.16 0.624
24 0.784 0.16 0.624
7 0.8 0.016 0.784
21 0.8 0.016 0.784
7 0.784 0.16 0.624
21 0.784 0.16 0.624
28 0.8 0.016 0.784
28 0.784 0.16 0.624
5 0.8 0.016 0.784
5 0.784 0.16 0.624
