0 1660
0 1661
0 1662
0 1663
0 1664
0 1665
0 1666
0 1667
0 1668
0 1669
0 1676
0 1681
15 1677
0 1686
0 1689
51 1673
5 1683
61 1675
0 1697
36 1672
0 1705
0 1707
50 1703
0 1713
53 1679
20 1684
0 1718
56 1704
0 1722
64 1719
0 1723
14 1694
0 1727
0 1730
52 1711
0 1733
0 1737
31 1690
0 1742
13 1696
67 1700
62 1731
0 1743
16 1734
2 1712
0 1746
25 1740
0 1753
0 1759
45 1695
0 1760
39 1682
0 1761
7 1716
26 1732
0 1762
10 1720
0 1763
38 1757
43 1726
0 1764
60 1714
65 1687
0 1765
8 1698
0 1766
27 1706
0 1767
32 1728
0 1768
37 1680
0 1769
54 1708
29 1688
0 1770
58 1699
3 1717
0 1771
28 1744
0 1772
0 1773
49 1671
0 1774
24 1685
41 1709
57 1725
0 1775
47 1691
63 1738
0 1776
44 1756
0 1777
23 1702
12 1710
0 1778
42 1735
0 1779
11 1739
4 1678
0 1780
0 1781
0 1782
0 1783
46 1755
33 1701
59 1692
0 1784
0 1785
55 1693
21 1674
22 1758
0 1786
0 1787
48 1752
69 1670
0 1788
0 1789
0 1790
0 1791
0 1792
1 1750
0 1793
0 1794
0 1795
66 1724
0 1796
18 1747
40 1721
0 1797
0 1798
30 1754
70 1715
0 1799
6 1729
0 1800
0 1801
9 1736
0 1802
0 1803
35 1749
19 1748
0 1804
34 1741
0 1805
68 1745
0 1806
17 1751
0 1807
0 1808
0 1809
0 1810
0 1811
0 1812
0 1813
0 1814
0 1815
0 1816
0 1817
0 1818
0 1819
0 1820
0 1821
0 1822
0 1823
0 1824
0 1825
0 1826
0 1827
0 1828
0 1829
0 1830
0 1831
0 1832
0 1833
0 1834
0 1835
0 1836
0 1837
0 1838
0 1839
0 1840
0 1841
0 1842
0 1843
0 1844
0 1845
0 1846
0 1847
0 1848
0 1849
0 1850
0 1851
0 1852
0 1853
0 1854
0 1855
0 1856
0 1857
0 1858
0 1859
0 1860
0 1861
0 1862
0 1863
0 1864
0 1865
0 1866
0 1867
0 1868
0 1869
0 1870
0 1871
0 1872
0 1873
0 1874
0 1875
0 1876
0 1877
0 1878
0 1879
