23 1890 1.01129
54 1891 1.04824
6 1893 1.06439
38 1894 1.07931
73 1895 1.10271
16 1896 1.13312
46 1898 1.1697
12 1899 1.17702
70 1900 1.19294
49 1901 1.19464
19 1902 1.20125
3 1904 1.28432
63 1905 1.29381
52 1906 1.32846
1 1907 1.33632
43 1909 1.36294
24 1910 1.38275
36 1911 1.41082
27 1912 1.41459
17 1913 1.41758
21 1915 1.49146
9 1916 1.49606
65 1917 1.49623
7 1918 1.54181
40 1920 1.58638
56 1921 1.61709
18 1922 1.61782
29 1923 1.6275
25 1924 1.64129
10 1926 1.66879
58 1927 1.69446
75 1928 1.70097
2 1930 1.77153
51 1932 1.89429
61 1933 1.90318
74 1934 1.91332
8 1935 1.9248
59 1937 1.98012
60 1938 1.99219
71 1939 2.04851
79 1941 2.06665
39 1942 2.10077
20 1943 2.11351
33 1944 2.12576
48 1946 2.17333
80 1947 2.22611
22 1948 2.2423
28 1949 2.2483
78 1950 2.25191
30 1952 2.31216
64 1953 2.31587
45 1954 2.34838
72 1956 2.37012
11 1957 2.38294
35 1958 2.39447
47 1959 2.40033
15 1960 2.40881
44 1961 2.41583
37 1963 2.45598
32 1964 2.4912
57 1965 2.49771
66 1967 2.58551
34 1968 2.61169
41 1969 2.62881
62 1970 2.6521
69 1972 2.66255
31 1973 2.68713
53 1974 2.74824
77 1976 2.77975
76 1977 2.81074
50 1978 2.81235
42 1979 2.81874
5 1980 2.83644
55 1981 2.83875
67 1983 2.91252
13 1984 2.92174
26 1986 2.95783
4 1987 2.96136
14 1988 2.98556
68 1989 2.99956
