36 1260 1.01811
8 1262 1.07012
14 1264 1.13509
19 1265 1.15258
48 1266 1.1533
28 1267 1.16445
31 1268 1.17081
29 1270 1.23362
9 1271 1.24385
44 1272 1.25676
47 1274 1.36845
38 1276 1.44126
6 1277 1.45055
39 1278 1.47497
26 1279 1.49376
49 1280 1.51875
2 1281 1.51903
23 1283 1.54499
45 1284 1.55996
46 1287 1.76493
41 1288 1.82008
30 1290 1.86111
4 1291 1.86496
43 1292 1.87033
33 1293 1.8858
25 1294 1.90256
20 1296 1.95025
7 1297 1.9723
17 1298 2.02182
11 1300 2.10693
16 1301 2.11443
1 1302 2.11809
10 1304 2.20982
3 1305 2.22452
22 1307 2.24497
13 1308 2.29943
42 1310 2.34092
24 1311 2.37768
37 1313 2.44923
27 1316 2.72607
40 1317 2.72938
18 1319 2.74066
34 1320 2.75559
5 1321 2.77356
15 1322 2.78161
12 1324 2.873
32 1325 2.88639
50 1327 2.93168
21 1328 2.95396
35 1329 2.97927
