0 1060
0 1061
0 1062
0 1063
0 1064
0 1065
0 1066
0 1067
0 1068
0 1069
0 1070
0 1072
0 1075
0 1078
0 1081
0 1086
0 1088
0 1090
0 1094
0 1099
0 1103
0 1106
35 1104
10 1073
0 1108
32 1098
0 1111
0 1115
33 1114
1 1091
22 1085
25 1079
0 1117
0 1123
14 1121
3 1087
12 1105
0 1124
29 1112
0 1125
0 1129
0 1130
0 1131
4 1076
15 1093
0 1132
31 1092
0 1133
0 1134
0 1135
0 1136
18 1097
0 1137
0 1138
0 1139
30 1084
20 1071
7 1089
0 1140
2 1107
0 1141
39 1119
0 1142
0 1143
0 1144
37 1126
23 1101
0 1145
0 1146
0 1147
38 1077
36 1102
0 1148
9 1082
0 1149
27 1109
0 1150
0 1151
0 1152
0 1153
0 1154
8 1074
0 1155
0 1156
40 1095
26 1100
0 1157
6 1080
0 1158
0 1159
0 1160
11 1128
21 1110
0 1161
24 1120
0 1162
16 1113
0 1163
34 1083
0 1164
13 1096
0 1165
19 1127
0 1166
0 1167
28 1118
0 1168
0 1169
0 1170
0 1171
0 1172
5 1116
0 1173
0 1174
0 1175
0 1176
0 1177
17 1122
0 1178
0 1179
0 1180
0 1181
0 1182
0 1183
0 1184
0 1185
0 1186
0 1187
0 1188
0 1189
0 1190
0 1191
0 1192
0 1193
0 1194
0 1195
0 1196
0 1197
0 1198
0 1199
0 1200
0 1201
0 1202
0 1203
0 1204
0 1205
0 1206
0 1207
0 1208
0 1209
0 1210
0 1211
0 1212
0 1213
0 1214
0 1215
0 1216
0 1217
0 1218
0 1219
0 1220
0 1221
0 1222
0 1223
0 1224
0 1225
0 1226
0 1227
0 1228
0 1229
0 1230
0 1231
0 1232
0 1233
0 1234
0 1235
0 1236
0 1237
0 1238
0 1239
0 1240
0 1241
0 1242
0 1243
0 1244
0 1245
0 1246
0 1247
0 1248
0 1249
