15 1677 0 100 32648138 1.18594 1.18594
51 1673 0 100 32643712 1.38594 1.38594
5 1683 0 100 32645090 1.38594 1.38594
61 1675 0 100 32657808 1.38594 1.38594
36 1672 0 100 32635996 1.48594 1.48594
50 1703 0 100 32638446 1.68594 1.68594
53 1679 0 100 32664110 1.78594 1.78594
20 1684 0 100 32677068 1.78594 1.78594
56 1704 0 100 32675936 1.88594 1.88594
64 1719 0 100 32682112 1.98594 1.98594
14 1694 0 100 32657306 2.08594 2.08594
52 1711 0 100 32643610 2.28594 2.28594
31 1690 0 100 32673142 2.48594 2.48594
67 1700 0 100 32659882 2.58594 2.58594
62 1731 0 100 32650692 2.58594 2.58594
16 1734 0 100 32673044 2.68594 2.68594
2 1712 0 100 32645526 2.68594 2.68594
25 1740 0 100 32674304 2.78594 2.78594
45 1695 0 100 32647470 2.98594 2.98594
39 1682 0 100 32648570 3.08594 3.08594
7 1716 0 100 32666486 3.18594 3.18594
26 1732 0 100 32672502 3.18594 3.18594
10 1720 0 100 32647248 3.28594 3.28594
43 1726 0 100 32642702 3.38594 3.38594
60 1714 0 100 32654336 3.48594 3.48594
65 1687 0 100 32680856 3.48594 3.48594
8 1698 0 100 32662294 3.58594 3.58594
27 1706 0 100 32637712 3.68594 3.68594
32 1728 0 100 32673190 3.78594 3.78594
37 1680 0 100 32663864 3.88594 3.88594
54 1708 0 100 32627450 3.98594 3.98594
29 1688 0 100 32673242 3.98594 3.98594
58 1699 0 100 32662596 4.08594 4.08594
3 1717 0 100 32682408 4.08594 4.08594
28 1744 0 100 32649938 4.18594 4.18594
49 1671 0 100 32644974 4.38594 4.38594
24 1685 0 100 32675548 4.48594 4.48594
57 1725 0 100 32630990 4.48594 4.48594
63 1738 0 100 32650846 4.58594 4.58594
44 1756 0 100 32673572 4.68594 4.68594
23 1702 0 100 32676988 4.78594 4.78594
12 1710 0 100 32681502 4.78594 4.78594
42 1735 0 100 32652192 4.88594 4.88594
11 1739 0 100 32672590 4.98594 4.98594
4 1678 0 100 32674382 4.98594 4.98594
46 1755 0 100 32680054 5.38594 5.38594
33 1701 0 100 32654798 5.38594 5.38594
59 1692 0 100 32655846 5.38594 5.38594
55 1693 0 100 32637576 5.58594 5.58594
22 1758 0 100 32638260 5.58594 5.58594
48 1752 0 100 32659468 5.78594 5.78594
69 1670 0 100 32638920 5.78594 5.78594
1 1750 0 100 32677158 6.28594 6.28594
66 1724 0 100 32682312 6.58594 6.58594
18 1747 0 100 32665222 6.68594 6.68594
40 1721 0 100 32677872 6.68594 6.68594
30 1754 0 100 32629346 6.88594 6.88594
70 1715 0 100 32661258 6.88594 6.88594
6 1729 0 100 32665520 6.98594 6.98594
9 1736 0 100 32646276 7.18594 7.18594
35 1749 0 100 32650648 7.38594 7.38594
19 1748 0 100 32660772 7.38594 7.38594
34 1741 0 100 32681004 7.48594 7.48594
68 1745 0 100 32678484 7.58594 7.58594
17 1751 0 100 32665686 7.68594 7.68594
