8 0.8 0.016 0.784
8 0.784 0.16 0.624
14 0.8 0.016 0.784
31 0.8 0.016 0.784
14 0.784 0.16 0.624
31 0.784 0.16 0.624
45 0.8 0.016 0.784
45 0.784 0.16 0.624
6 0.8 0.016 0.784
6 0.784 0.16 0.624
19 0.8 0.16 0.64
19 0.711956 0.016 0.695956
19 0.695956 0.16 0.535956
30 0.8 0.016 0.784
36 0.8 0.016 0.784
36 0.784 0.16 0.624
30 0.784 0.16 0.624
47 0.8 0.016 0.784
47 0.784 0.16 0.624
11 0.8 0.016 0.784
11 0.784 0.16 0.624
13 0.8 0.16 0.64
13 0.713703 0.016 0.697703
15 0.8 0.016 0.784
15 0.784 0.16 0.624
13 0.697703 0.16 0.537703
39 0.8 0.16 0.64
39 0.64 0.16 0.48
39 0.559217 0.016 0.543217
39 0.543217 0.16 0.383217
9 0.8 0.016 0.784
49 0.8 0.016 0.784
9 0.784 0.16 0.624
49 0.784 0.16 0.624
3 0.8 0.16 0.64
3 0.64 0.16 0.48
3 0.552408 0.016 0.536408
3 0.536408 0.16 0.376408
38 0.8 0.016 0.784
38 0.784 0.16 0.624
7 0.8 0.16 0.64
7 0.714111 0.016 0.698111
7 0.698111 0.16 0.538111
1 0.8 0.016 0.784
23 0.8 0.016 0.784
24 0.8 0.016 0.784
41 0.8 0.016 0.784
41 0.784 0.16 0.624
24 0.784 0.16 0.624
1 0.784 0.16 0.624
23 0.784 0.16 0.624
29 0.8 0.016 0.784
29 0.784 0.16 0.624
27 0.8 0.016 0.784
27 0.784 0.16 0.624
2 0.8 0.16 0.64
17 0.8 0.16 0.64
2 0.718487 0.016 0.702487
17 0.710475 0.016 0.694475
2 0.702487 0.16 0.542487
17 0.694475 0.16 0.534475
50 0.8 0.016 0.784
50 0.784 0.16 0.624
25 0.8 0.016 0.784
25 0.784 0.16 0.624
4 0.8 0.16 0.64
4 0.715397 0.016 0.699397
4 0.699397 0.16 0.539397
22 0.8 0.16 0.64
22 0.714371 0.016 0.698371
22 0.698371 0.16 0.538371
12 0.8 0.016 0.784
12 0.784 0.16 0.624
35 0.8 0.16 0.64
44 0.8 0.16 0.64
35 0.719698 0.016 0.703698
44 0.717507 0.016 0.701507
35 0.703698 0.16 0.543698
44 0.701507 0.16 0.541507
5 0.8 0.16 0.64
46 0.8 0.16 0.64
5 0.714329 0.016 0.698329
46 0.714278 0.016 0.698278
46 0.698278 0.16 0.538278
5 0.698329 0.16 0.538329
16 0.8 0.016 0.784
16 0.784 0.16 0.624
28 0.8 0.016 0.784
28 0.784 0.16 0.624
32 0.8 0.016 0.784
48 0.8 0.016 0.784
48 0.784 0.16 0.624
32 0.784 0.16 0.624
43 0.8 0.016 0.784
43 0.784 0.16 0.624
20 0.8 0.016 0.784
33 0.8 0.016 0.784
20 0.784 0.16 0.624
33 0.784 0.16 0.624
26 0.8 0.16 0.64
40 0.8 0.16 0.64
26 0.712023 0.016 0.696023
40 0.718515 0.016 0.702515
40 0.702515 0.16 0.542515
26 0.696023 0.16 0.536023
10 0.8 0.016 0.784
10 0.784 0.16 0.624
37 0.8 0.016 0.784
37 0.784 0.16 0.624
42 0.8 0.016 0.784
42 0.784 0.16 0.624
21 0.8 0.16 0.64
18 0.8 0.016 0.784
21 0.719722 0.016 0.703722
18 0.784 0.16 0.624
21 0.703722 0.16 0.543722
34 0.8 0.016 0.784
34 0.784 0.16 0.624
