80 280 1.03099
68 281 1.06574
37 282 1.12404
11 283 1.13296
40 284 1.14198
2 285 1.1629
22 286 1.16906
78 287 1.18701
72 288 1.19431
6 289 1.23943
29 290 1.25588
38 291 1.29157
79 292 1.31289
46 293 1.41883
21 294 1.42582
7 295 1.43937
12 296 1.49389
41 297 1.49659
27 298 1.5001
32 299 1.52702
56 300 1.53978
70 301 1.5428
3 302 1.55064
57 303 1.56104
50 304 1.58764
23 305 1.59957
75 306 1.60112
14 307 1.62068
18 308 1.62968
36 309 1.63544
10 310 1.63819
54 311 1.64248
19 312 1.71383
66 313 1.72805
48 314 1.75178
64 315 1.8141
67 316 1.83112
26 317 1.83599
34 318 1.84325
63 319 1.85387
47 320 1.89582
65 321 1.94504
61 322 1.9481
15 323 1.95102
52 324 1.95233
16 325 2.01447
9 326 2.02288
20 327 2.03284
73 328 2.04785
4 329 2.07093
71 330 2.12929
13 331 2.1392
59 332 2.19865
51 333 2.20558
35 334 2.24204
77 335 2.30826
42 336 2.36185
69 337 2.37677
31 338 2.39041
43 339 2.40984
58 340 2.42826
33 341 2.45397
30 342 2.48838
60 343 2.52228
17 344 2.58349
55 345 2.60111
45 346 2.60811
49 347 2.60996
39 348 2.66411
76 349 2.68252
8 350 2.72547
24 351 2.73507
25 352 2.756
5 353 2.76257
44 354 2.7956
62 355 2.81787
53 356 2.86367
28 357 2.90273
74 358 2.94664
1 359 2.96045
