21 360
48 361
54 362
57 363
80 364
7 365
58 366
49 367
29 368
51 369
52 370
62 371
83 372
23 373
1 374
28 375
31 376
2 377
87 378
30 379
35 380
14 381
66 382
76 383
15 384
74 385
27 386
88 387
25 388
17 389
11 390
75 391
60 392
18 393
13 394
8 395
70 396
71 397
42 398
20 399
26 400
10 401
45 402
63 403
32 404
79 405
78 406
34 407
47 408
53 409
59 410
81 411
46 412
39 413
85 414
19 415
16 416
44 417
84 418
37 419
50 420
64 421
24 422
65 423
67 424
90 425
38 426
73 427
4 428
6 429
3 430
68 431
86 432
43 433
89 434
22 435
69 436
82 437
77 438
56 439
12 440
33 441
55 442
61 443
9 444
41 445
72 446
40 447
5 448
36 449
