38 100 1.04921
9 101 1.11474
18 102 1.14467
3 103 1.18668
20 104 1.19633
24 105 1.2064
37 106 1.21634
35 107 1.25047
42 108 1.28005
30 109 1.33851
23 110 1.36834
40 111 1.37744
45 112 1.44642
47 113 1.46649
36 114 1.47314
46 115 1.52959
7 116 1.55003
17 117 1.61718
31 118 1.73587
39 119 1.77043
13 120 1.8179
4 121 1.9158
1 122 1.92423
21 123 1.92518
41 124 1.93838
27 125 1.96342
6 126 2.06012
10 127 2.11514
8 128 2.13797
11 129 2.2335
34 130 2.24905
29 131 2.30834
48 132 2.30944
14 133 2.31234
49 134 2.33145
2 135 2.41736
43 136 2.47358
26 137 2.50281
12 138 2.50647
19 139 2.52848
32 140 2.54686
22 141 2.60826
16 142 2.61743
50 143 2.73446
33 144 2.75349
5 145 2.76348
25 146 2.80618
28 147 2.82756
15 148 2.86926
44 149 2.95573
