80 280
68 281
37 282
11 283
40 284
2 285
22 286
78 287
72 288
6 289
29 290
38 291
79 292
46 293
21 294
7 295
12 296
41 297
27 298
32 299
56 300
70 301
3 302
57 303
50 304
23 305
75 306
14 307
18 308
36 309
10 310
54 311
19 312
66 313
48 314
64 315
67 316
26 317
34 318
63 319
47 320
65 321
61 322
15 323
52 324
16 325
9 326
20 327
73 328
4 329
71 330
13 331
59 332
51 333
35 334
77 335
42 336
69 337
31 338
43 339
58 340
33 341
30 342
60 343
17 344
55 345
45 346
49 347
39 348
76 349
8 350
24 351
25 352
5 353
44 354
62 355
53 356
28 357
74 358
1 359
