34 150 1.05655
18 151 1.14029
54 152 1.18482
33 153 1.26244
37 154 1.28171
47 155 1.31511
1 156 1.32024
50 157 1.34483
10 158 1.35706
4 159 1.36382
58 160 1.40725
38 161 1.41376
2 162 1.49685
46 163 1.57345
41 164 1.5873
39 165 1.59177
19 166 1.61279
40 167 1.71408
12 168 1.71819
45 169 1.7382
56 170 1.76521
3 171 1.77322
55 172 1.81893
35 173 1.84385
60 174 1.84688
31 175 1.86377
21 176 1.88525
15 177 1.89673
8 178 1.99007
11 179 2.02139
42 180 2.07886
26 181 2.08658
7 182 2.10613
57 183 2.12541
51 184 2.13938
6 185 2.22778
27 186 2.23993
30 187 2.32008
49 188 2.3746
22 189 2.4228
14 190 2.44203
23 191 2.45612
28 192 2.49899
9 193 2.53452
48 194 2.59972
59 195 2.61521
5 196 2.63113
25 197 2.64426
17 198 2.64832
13 199 2.66517
24 200 2.76393
44 201 2.76602
43 202 2.79257
52 203 2.798
36 204 2.83672
53 205 2.85668
32 206 2.87674
29 207 2.88471
20 208 2.91518
16 209 2.95283
