0 4160
0 4161
0 4162
0 4163
0 4164
0 4165
0 4166
0 4167
0 4168
0 4169
0 4170
0 4177
0 4180
0 4191
13 4189
0 4195
0 4201
0 4207
61 4203
0 4214
22 4212
89 4213
0 4218
0 4223
0 4229
25 4228
0 4233
28 4224
0 4239
0 4246
36 4174
68 4227
27 4183
0 4251
20 4235
86 4234
0 4257
63 4256
0 4261
43 4194
0 4267
57 4197
70 4190
0 4275
3 4270
1 4179
0 4279
73 4269
52 4184
79 4242
9 4186
0 4280
51 4178
65 4220
4 4230
0 4281
40 4185
0 4282
64 4258
0 4283
0 4284
76 4187
56 4260
0 4285
47 4240
41 4250
58 4274
2 4175
0 4286
81 4193
67 4216
0 4287
34 4268
0 4288
60 4215
66 4210
0 4289
30 4221
0 4290
74 4252
0 4291
39 4276
35 4199
0 4292
8 4192
0 4293
12 4204
0 4294
23 4273
0 4295
24 4211
6 4209
90 4266
15 4205
0 4296
59 4181
0 4297
29 4245
87 4206
11 4243
0 4298
55 4208
50 4182
10 4263
19 4271
0 4299
54 4231
46 4232
0 4300
16 4277
77 4255
0 4301
0 4302
49 4196
0 4303
49 4196
0 4304
37 4171
69 4248
0 4305
7 4244
26 4241
0 4306
75 4202
31 4253
0 4307
0 4308
5 4198
0 4309
84 4217
0 4310
72 4173
38 4172
85 4176
0 4311
53 4200
82 4226
0 4312
80 4188
71 4249
0 4313
83 4238
32 4219
78 4222
33 4262
0 4314
0 4315
48 4259
0 4316
14 4236
17 4225
0 4317
0 4318
88 4247
45 4254
0 4319
0 4320
44 4264
0 4321
62 4237
0 4322
0 4323
0 4324
18 4265
42 4278
0 4325
0 4326
0 4327
21 4272
0 4328
0 4329
0 4330
0 4331
0 4332
0 4333
0 4334
0 4335
0 4336
0 4337
0 4338
0 4339
0 4340
0 4341
0 4342
0 4343
0 4344
0 4345
0 4346
0 4347
0 4348
0 4349
0 4350
0 4351
0 4352
0 4353
0 4354
0 4355
0 4356
0 4357
0 4358
0 4359
0 4360
0 4361
0 4362
0 4363
0 4364
0 4365
0 4366
0 4367
0 4368
0 4369
0 4370
0 4371
0 4372
0 4373
0 4374
0 4375
0 4376
0 4377
0 4378
0 4379
0 4380
0 4381
0 4382
0 4383
0 4384
0 4385
0 4386
0 4387
0 4388
0 4389
0 4390
0 4391
0 4392
0 4393
0 4394
0 4395
0 4396
0 4397
0 4398
0 4399
