29 4410 1.01835
8 4412 1.06855
64 4413 1.07415
78 4415 1.12019
92 4416 1.17579
61 4417 1.1981
9 4418 1.20587
32 4419 1.21499
81 4421 1.23606
65 4422 1.24438
75 4423 1.25534
18 4424 1.28094
45 4426 1.33097
10 4427 1.33238
53 4428 1.37445
52 4429 1.37712
84 4430 1.37745
5 4431 1.38169
35 4432 1.40622
28 4433 1.41586
90 4434 1.41831
41 4436 1.42464
58 4437 1.42844
74 4438 1.44775
91 4439 1.46506
55 4440 1.49648
30 4441 1.51836
87 4443 1.53076
82 4444 1.53879
47 4445 1.54063
69 4446 1.55018
59 4447 1.55085
25 4448 1.58335
21 4449 1.58481
86 4451 1.65774
57 4452 1.70658
24 4453 1.71077
67 4454 1.71697
71 4456 1.72033
66 4457 1.73789
95 4458 1.74581
80 4459 1.76521
1 4460 1.77906
20 4461 1.79499
76 4462 1.79746
15 4463 1.81739
40 4465 1.82621
51 4466 1.85713
17 4467 1.86619
16 4468 1.87155
54 4469 1.88246
62 4470 1.88882
68 4471 1.91199
26 4473 1.94965
11 4474 1.95985
79 4475 1.9634
77 4476 2.01284
70 4478 2.03467
38 4479 2.06912
2 4480 2.11837
19 4482 2.13024
63 4483 2.13122
48 4484 2.16377
49 4485 2.17089
37 4486 2.20402
23 4488 2.22028
13 4489 2.23368
27 4490 2.24409
85 4491 2.25297
56 4492 2.27102
88 4493 2.278
43 4494 2.30032
6 4496 2.33268
33 4497 2.34089
36 4498 2.34602
99 4499 2.36778
60 4500 2.3723
14 4501 2.38346
96 4504 2.53298
44 4505 2.55533
73 4506 2.61646
50 4508 2.62082
3 4509 2.66069
97 4510 2.67507
39 4511 2.686
93 4513 2.7464
46 4514 2.75452
12 4515 2.80069
100 4517 2.82757
72 4518 2.84345
89 4519 2.86691
7 4520 2.87758
42 4521 2.88024
34 4522 2.91776
98 4524 2.92741
22 4525 2.93967
94 4526 2.95149
83 4527 2.95546
4 4528 2.9555
31 4529 2.99875
