32 4419 0 100 121554248 1.41914 1.41914
91 4439 0 100 121537442 1.51914 1.51914
69 4446 0 100 88855876 1.61914 1.61914
25 4448 0 100 121555550 1.61914 1.61914
10 4427 0 100 88873492 1.71914 1.71914
66 4457 0 100 154263448 1.81914 1.81914
40 4465 0 100 88854724 1.91914 1.91914
95 4458 0 100 88857852 2.01914 2.01914
9 4418 0 100 121572800 2.01914 2.01914
54 4469 0 100 121558232 2.11914 2.11914
5 4431 0 100 154270648 2.11914 2.11914
18 4424 0 100 88874896 2.31914 2.31914
99 4499 0 100 56205620 2.41914 2.41914
13 4489 0 100 121542986 2.41914 2.41914
45 4426 0 100 121566662 2.51914 2.51914
53 4428 0 100 56206564 2.61914 2.61914
77 4476 0 100 56207720 2.61914 2.61914
75 4423 0 100 121528670 2.61914 2.61914
87 4443 0 100 121551902 2.61914 2.61914
84 4430 0 100 88852720 2.71914 2.71914
15 4463 0 100 154265600 2.71914 2.71914
56 4492 0 100 88857416 2.81914 2.81914
30 4441 0 100 121550576 2.81914 2.81914
89 4519 0 100 23573600 2.91914 2.91914
72 4518 0 100 88855808 2.91914 2.91914
35 4432 0 100 154291048 2.91914 2.91914
34 4522 0 100 121546862 3.01914 3.01914
4 4528 0 100 154256160 3.01914 3.01914
85 4491 0 100 154300080 3.01914 3.01914
60 4500 0 100 121527704 3.11914 3.11914
37 4486 0 100 121535570 3.11914 3.11914
78 4415 0 100 88862668 3.21914 3.21914
23 4488 0 100 154280456 3.21914 3.21914
31 4529 0 100 154301256 3.21914 3.21914
62 4470 0 100 88869408 3.31914 3.31914
94 4526 0 100 121534406 3.61914 3.61914
20 4461 0 100 121557308 3.61914 3.61914
48 4484 0 100 121559492 3.61914 3.61914
14 4501 0 100 154249656 3.61914 3.61914
8 4412 0 100 154281200 3.61914 3.61914
28 4433 0 100 121546598 3.71914 3.71914
55 4440 0 100 88875720 3.81914 3.81914
92 4416 0 100 121539590 3.81914 3.81914
26 4473 0 100 154276952 3.81914 3.81914
12 4515 0 100 121528664 3.91914 3.91914
86 4451 0 100 154300624 3.91914 3.91914
42 4521 0 100 121564976 4.01914 4.01914
22 4525 0 100 154260080 4.01914 4.01914
11 4474 0 100 154268336 4.01914 4.01914
93 4513 0 100 88844960 4.11914 4.11914
41 4436 0 100 88871640 4.11914 4.11914
51 4466 0 100 154277344 4.11914 4.11914
58 4437 0 100 154298800 4.11914 4.11914
29 4410 0 100 88862152 4.21914 4.21914
44 4505 0 100 154247248 4.21914 4.21914
64 4413 0 100 88859432 4.31914 4.31914
68 4471 0 100 88852432 4.41914 4.41914
46 4514 0 100 56206186 4.51914 4.51914
24 4453 0 100 88873456 4.51914 4.51914
33 4497 0 100 121542950 4.61914 4.61914
57 4452 0 100 154248440 4.61914 4.61914
50 4508 0 100 154295104 4.61914 4.61914
6 4496 0 100 56205868 4.81914 4.81914
59 4447 0 100 88850752 4.81914 4.81914
47 4445 0 100 88863892 4.81914 4.81914
63 4483 0 100 154243808 4.81914 4.81914
43 4494 0 100 154245256 4.91914 4.91914
3 4509 0 100 88845840 5.01914 5.01914
90 4434 0 100 121549388 5.31914 5.31914
70 4478 0 100 88854532 5.41914 5.41914
82 4444 0 100 88855616 5.51914 5.51914
81 4421 0 100 121537958 5.71914 5.71914
1 4460 0 100 154287352 5.71914 5.71914
79 4475 0 100 88861900 5.81914 5.81914
52 4429 0 100 88871928 5.81914 5.81914
73 4506 0 100 88871480 5.91914 5.91914
16 4468 0 100 154298320 5.91914 5.91914
19 4482 0 100 154253496 6.01914 6.01914
97 4510 0 100 154255504 6.01914 6.01914
71 4456 0 100 88869396 6.21914 6.21914
61 4417 0 100 121529660 6.21914 6.21914
76 4462 0 100 121547990 6.21914 6.21914
27 4490 0 100 154302704 6.21914 6.21914
49 4485 0 100 121537016 6.31914 6.31914
21 4449 0 100 121566518 6.31914 6.31914
98 4524 0 100 88860792 6.41914 6.41914
74 4438 0 100 154250328 6.41914 6.41914
39 4511 0 100 121528214 6.51914 6.51914
38 4479 0 100 121537574 6.61914 6.61914
2 4480 0 100 121559744 6.61914 6.61914
96 4504 0 100 154257488 6.61914 6.61914
67 4454 0 100 154283232 6.61914 6.61914
17 4467 0 100 121532768 6.71914 6.71914
80 4459 0 100 56200178 6.91914 6.91914
36 4498 0 100 121558580 7.01914 7.01914
7 4520 0 100 121566230 7.01914 7.01914
88 4493 0 100 88863344 7.11914 7.11914
83 4527 0 100 154249840 7.71914 7.71914
