41 0.8 0.016 0.784
41 0.784 0.16 0.624
51 0.8 0.016 0.784
51 0.784 0.16 0.624
6 0.8 0.016 0.784
6 0.784 0.16 0.624
19 0.8 0.16 0.64
18 0.8 0.016 0.784
57 0.8 0.016 0.784
57 0.784 0.16 0.624
18 0.784 0.16 0.624
18 0.624 0.16 0.464
23 0.8 0.016 0.784
23 0.784 0.16 0.624
28 0.8 0.016 0.784
28 0.784 0.16 0.624
10 0.8 0.016 0.784
37 0.8 0.016 0.784
10 0.784 0.16 0.624
37 0.784 0.16 0.624
50 0.8 0.016 0.784
59 0.8 0.016 0.784
62 0.8 0.016 0.784
50 0.784 0.16 0.624
59 0.784 0.16 0.624
62 0.784 0.16 0.624
59 0.624 0.16 0.464
62 0.624 0.16 0.464
62 0.464 0.16 0.304
12 0.8 0.016 0.784
12 0.784 0.16 0.624
30 0.8 0.16 0.64
30 0.715037 0.016 0.699037
30 0.699037 0.16 0.539037
33 0.8 0.016 0.784
33 0.784 0.16 0.624
7 0.8 0.16 0.64
44 0.8 0.16 0.64
66 0.8 0.16 0.64
7 0.712332 0.016 0.696332
44 0.717709 0.016 0.701709
66 0.710121 0.016 0.694121
44 0.701709 0.16 0.541709
7 0.696332 0.16 0.536332
66 0.694121 0.16 0.534121
7 0.536332 0.16 0.376332
66 0.534121 0.16 0.374121
36 0.8 0.016 0.784
58 0.8 0.016 0.784
36 0.784 0.16 0.624
14 0.8 0.16 0.64
58 0.784 0.16 0.624
58 0.624 0.16 0.464
14 0.64 0.16 0.48
14 0.550047 0.016 0.534047
14 0.534047 0.16 0.374047
46 0.8 0.16 0.64
46 0.711377 0.016 0.695377
52 0.8 0.016 0.784
46 0.695377 0.16 0.535377
1 0.8 0.16 0.64
52 0.784 0.16 0.624
52 0.624 0.16 0.464
1 0.64 0.16 0.48
1 0.554417 0.016 0.538417
1 0.538417 0.16 0.378417
25 0.8 0.016 0.784
25 0.784 0.16 0.624
48 0.8 0.16 0.64
69 0.8 0.16 0.64
48 0.710191 0.016 0.694191
69 0.719231 0.016 0.703231
48 0.694191 0.16 0.534191
69 0.703231 0.16 0.543231
69 0.543231 0.16 0.383231
20 0.8 0.016 0.784
20 0.784 0.16 0.624
56 0.8 0.16 0.64
56 0.718486 0.016 0.702486
56 0.702486 0.16 0.542486
2 0.8 0.16 0.64
21 0.8 0.16 0.64
2 0.715988 0.016 0.699988
21 0.714219 0.016 0.698219
21 0.698219 0.16 0.538219
2 0.699988 0.16 0.539988
8 0.8 0.16 0.64
15 0.8 0.16 0.64
2 0.539988 0.16 0.379988
8 0.64 0.16 0.48
8 0.552742 0.016 0.536742
15 0.71312 0.016 0.69712
35 0.8 0.016 0.784
42 0.8 0.016 0.784
8 0.536742 0.16 0.376742
15 0.69712 0.16 0.53712
35 0.784 0.16 0.624
42 0.784 0.16 0.624
22 0.8 0.16 0.64
27 0.8 0.16 0.64
35 0.624 0.16 0.464
42 0.624 0.16 0.464
45 0.8 0.16 0.64
53 0.8 0.16 0.64
35 0.464 0.16 0.304
22 0.64 0.16 0.48
27 0.64 0.16 0.48
42 0.464 0.16 0.304
45 0.64 0.16 0.48
53 0.64 0.16 0.48
42 0.304 0.16 0.144
22 0.48 0.16 0.32
27 0.48 0.16 0.32
45 0.48 0.16 0.32
53 0.48 0.16 0.32
22 0.399043 0.016 0.383043
27 0.399611 0.016 0.383611
45 0.396183 0.016 0.380183
53 0.391821 0.016 0.375821
22 0.383043 0.16 0.223043
27 0.383611 0.16 0.223611
45 0.380183 0.16 0.220183
53 0.375821 0.16 0.215821
53 0.215821 0.16 0.0558207
45 0.220183 0.16 0.0601826
24 0.8 0.16 0.64
27 0.223611 0.16 0.0636109
60 0.8 0.16 0.64
27 0.0636109 0.16 -0.0963891
24 0.711899 0.016 0.695899
27 0.0782314 0.016 0.0622314
60 0.718034 0.016 0.702034
24 0.695899 0.16 0.535899
27 0.0622314 0.16 -0.0977686
60 0.702034 0.16 0.542034
60 0.542034 0.16 0.382034
27 0 0.16 -0.16
43 0.8 0.016 0.784
27 0.308783 0.16 0.148783
43 0.784 0.16 0.624
11 0.8 0.016 0.784
27 0.222725 0.16 0.0627253
11 0.784 0.16 0.624
31 0.8 0.016 0.784
70 0.8 0.016 0.784
31 0.784 0.16 0.624
70 0.784 0.16 0.624
67 0.8 0.16 0.64
67 0.64 0.16 0.48
67 0.559883 0.016 0.543883
67 0.543883 0.16 0.383883
26 0.8 0.016 0.784
26 0.784 0.16 0.624
4 0.8 0.016 0.784
17 0.8 0.016 0.784
65 0.8 0.016 0.784
65 0.784 0.16 0.624
4 0.784 0.16 0.624
17 0.784 0.16 0.624
17 0.624 0.16 0.464
4 0.624 0.16 0.464
4 0.464 0.16 0.304
16 0.8 0.16 0.64
16 0.712753 0.016 0.696753
16 0.696753 0.16 0.536753
29 0.8 0.16 0.64
32 0.8 0.16 0.64
47 0.8 0.16 0.64
29 0.718979 0.016 0.702979
32 0.714956 0.016 0.698956
47 0.716148 0.016 0.700148
47 0.700148 0.16 0.540148
29 0.702979 0.16 0.542979
32 0.698956 0.16 0.538956
29 0.542979 0.16 0.382979
32 0.538956 0.16 0.378956
32 0.378956 0.16 0.218956
9 0.8 0.16 0.64
13 0.8 0.16 0.64
9 0.718459 0.016 0.702459
13 0.718768 0.016 0.702768
13 0.702768 0.16 0.542768
9 0.702459 0.16 0.542459
54 0.8 0.16 0.64
9 0.542459 0.16 0.382459
54 0.64 0.16 0.48
3 0.8 0.016 0.784
34 0.8 0.016 0.784
54 0.635431 0.016 0.619431
34 0.784 0.16 0.624
3 0.784 0.16 0.624
39 0.8 0.16 0.64
54 0.619431 0.16 0.459431
39 0.64 0.16 0.48
54 0.459431 0.16 0.299431
54 0.299431 0.16 0.139431
39 0.559986 0.016 0.543986
49 0.8 0.016 0.784
63 0.8 0.016 0.784
39 0.543986 0.16 0.383986
49 0.784 0.16 0.624
63 0.784 0.16 0.624
63 0.624 0.16 0.464
49 0.624 0.16 0.464
64 0.8 0.16 0.64
68 0.8 0.16 0.64
64 0.711149 0.016 0.695149
64 0.695149 0.16 0.535149
19 0.8 0.16 0.64
68 0.712648 0.16 0.552648
19 0.713564 0.016 0.697564
68 0.630568 0.016 0.614568
68 0.614568 0.16 0.454568
19 0.697564 0.16 0.537564
19 0.537564 0.16 0.377564
38 0.8 0.016 0.784
38 0.784 0.16 0.624
5 0.8 0.016 0.784
5 0.784 0.16 0.624
40 0.8 0.016 0.784
40 0.784 0.16 0.624
55 0.8 0.016 0.784
61 0.8 0.016 0.784
55 0.784 0.16 0.624
61 0.784 0.16 0.624
61 0.624 0.16 0.464
