0 3930
0 3931
0 3932
0 3933
0 3934
0 3935
0 3936
0 3937
0 3938
0 3939
0 3941
0 3947
47 3944
0 3949
0 3953
0 3957
0 3959
0 3963
0 3972
16 3970
0 3976
37 3975
0 3981
0 3987
58 3980
0 3991
59 3988
0 3992
0 3999
0 4003
0 4008
77 3964
0 4015
22 3942
55 3962
31 3940
0 4022
0 4031
17 3951
52 4009
0 4038
34 4004
9 3948
63 4030
0 4040
46 4017
48 3994
0 4041
0 4042
36 4036
69 4033
0 4043
23 3973
64 4020
78 3965
53 3993
0 4044
30 4029
67 3985
79 4035
0 4045
73 4005
57 4034
0 4046
0 4047
80 3945
28 3995
0 4048
70 3998
3 3997
0 4049
18 3954
68 3982
0 4050
74 4019
38 3950
33 4024
0 4051
0 4052
0 4053
24 3983
5 3968
62 4011
4 3986
0 4054
41 3974
19 4028
0 4055
29 4002
56 4032
0 4056
14 3946
12 4039
0 4057
0 4058
40 3967
27 3956
41 3974
0 4059
66 3943
1 3952
25 4013
0 4060
15 4012
10 4037
49 4014
0 4061
0 4062
0 4063
42 4001
8 4006
0 4064
65 3958
75 3979
50 3984
7 3966
0 4065
20 3978
60 3969
0 4066
2 3989
0 4067
72 4023
0 4068
26 3961
13 4027
0 4069
32 3977
45 3996
0 4070
0 4071
51 3955
0 4072
0 4073
6 3960
39 4007
0 4074
0 4075
0 4076
0 4077
54 4025
11 4010
71 3971
0 4078
61 4026
0 4079
0 4080
35 4018
21 3990
0 4081
0 4082
44 4016
0 4083
0 4084
76 4000
0 4085
0 4086
0 4087
43 4021
0 4088
0 4089
0 4090
0 4091
0 4092
0 4093
0 4094
0 4095
0 4096
0 4097
0 4098
0 4099
0 4100
0 4101
0 4102
0 4103
0 4104
0 4105
0 4106
0 4107
0 4108
0 4109
0 4110
0 4111
0 4112
0 4113
0 4114
0 4115
0 4116
0 4117
0 4118
0 4119
0 4120
0 4121
0 4122
0 4123
0 4124
0 4125
0 4126
0 4127
0 4128
0 4129
0 4130
0 4131
0 4132
0 4133
0 4134
0 4135
0 4136
0 4137
0 4138
0 4139
0 4140
0 4141
0 4142
0 4143
0 4144
0 4145
0 4146
0 4147
0 4148
0 4149
0 4150
0 4151
0 4152
0 4153
0 4154
0 4155
0 4156
0 4157
0 4158
0 4159
