37 4171 1.03816
38 4172 1.08092
72 4173 1.0871
36 4174 1.09232
2 4175 1.10553
85 4176 1.11524
51 4178 1.14935
1 4179 1.15863
59 4181 1.22021
50 4182 1.23293
27 4183 1.24423
52 4184 1.24503
40 4185 1.26365
9 4186 1.27215
76 4187 1.27964
80 4188 1.29308
13 4189 1.29528
70 4190 1.29995
8 4192 1.31801
81 4193 1.32435
43 4194 1.36477
49 4196 1.42459
57 4197 1.45043
5 4198 1.46601
35 4199 1.49222
53 4200 1.51371
75 4202 1.5209
61 4203 1.55116
12 4204 1.57957
15 4205 1.58527
87 4206 1.58731
55 4208 1.63658
6 4209 1.67264
66 4210 1.67331
24 4211 1.67984
22 4212 1.68074
89 4213 1.71431
60 4215 1.72253
67 4216 1.72646
84 4217 1.76972
32 4219 1.83731
65 4220 1.85045
30 4221 1.86892
78 4222 1.87761
28 4224 1.91725
17 4225 1.94661
82 4226 1.94756
68 4227 1.95581
25 4228 1.99978
4 4230 2.01786
54 4231 2.09755
46 4232 2.11077
86 4234 2.14965
20 4235 2.16667
14 4236 2.17907
62 4237 2.19136
83 4238 2.21443
47 4240 2.23635
26 4241 2.25023
79 4242 2.2524
11 4243 2.25695
7 4244 2.28469
29 4245 2.30628
88 4247 2.31954
69 4248 2.32453
71 4249 2.36007
41 4250 2.38009
74 4252 2.42026
31 4253 2.44791
45 4254 2.4849
77 4255 2.48513
63 4256 2.50033
64 4258 2.51777
48 4259 2.59847
56 4260 2.59962
33 4262 2.63747
10 4263 2.64701
44 4264 2.67487
18 4265 2.68192
90 4266 2.69448
34 4268 2.72195
73 4269 2.74967
3 4270 2.76134
19 4271 2.77649
21 4272 2.79646
23 4273 2.79973
58 4274 2.81556
39 4276 2.89524
16 4277 2.89986
42 4278 2.90352
