25 3510 1.04223
42 3512 1.10035
56 3513 1.12362
33 3514 1.15747
49 3515 1.16832
54 3516 1.17316
34 3518 1.21411
47 3519 1.21896
23 3520 1.23897
12 3521 1.24185
27 3522 1.24581
50 3524 1.32653
15 3525 1.35752
22 3526 1.3775
24 3528 1.41198
60 3529 1.45294
3 3530 1.45294
18 3532 1.56912
30 3534 1.64126
51 3535 1.66003
14 3537 1.70081
10 3538 1.71707
40 3539 1.72792
26 3540 1.75347
8 3542 1.79529
2 3543 1.80386
1 3544 1.80721
29 3545 1.80865
38 3546 1.81042
53 3548 1.95295
55 3549 1.98886
9 3551 2.00309
28 3552 2.01059
5 3553 2.02707
19 3555 2.11815
36 3556 2.13632
45 3557 2.16053
17 3558 2.16751
58 3560 2.20039
37 3561 2.21783
35 3562 2.26236
39 3565 2.41031
20 3566 2.42415
43 3567 2.42682
52 3568 2.47284
57 3570 2.50955
11 3571 2.53693
31 3572 2.56103
41 3574 2.64122
59 3575 2.68159
44 3577 2.72925
4 3578 2.74402
7 3580 2.8135
16 3581 2.8142
6 3582 2.82707
46 3583 2.83269
48 3584 2.87448
32 3586 2.9189
13 3587 2.95427
21 3589 2.99449
