0 3300
0 3301
0 3302
0 3303
0 3304
0 3305
0 3306
0 3307
0 3308
0 3309
0 3311
0 3313
0 3315
0 3318
0 3323
0 3324
0 3325
0 3332
0 3335
45 3331
42 3334
0 3338
0 3341
0 3344
0 3350
20 3316
0 3353
0 3357
28 3354
0 3362
27 3355
0 3365
0 3367
39 3366
0 3371
0 3377
1 3339
47 3345
0 3380
17 3378
36 3347
0 3381
25 3352
0 3382
41 3327
13 3330
0 3383
24 3321
3 3346
0 3384
0 3385
32 3363
0 3386
7 3361
0 3387
11 3375
29 3360
0 3388
44 3333
34 3373
0 3389
0 3390
50 3349
33 3356
0 3391
0 3392
46 3328
49 3374
0 3393
22 3310
35 3319
0 3394
18 3368
0 3395
0 3396
0 3397
2 3317
0 3398
37 3322
0 3399
23 3329
19 3379
0 3400
0 3401
0 3402
0 3403
0 3404
26 3326
12 3320
0 3405
16 3351
0 3406
10 3376
0 3407
0 3408
0 3409
14 3337
4 3369
6 3359
0 3410
0 3411
9 3314
0 3412
21 3312
15 3336
8 3342
0 3413
38 3340
0 3414
48 3370
40 3358
0 3415
0 3416
0 3417
0 3418
5 3343
0 3419
0 3420
30 3348
0 3421
0 3422
0 3423
43 3364
0 3424
0 3425
31 3372
0 3426
0 3427
0 3428
0 3429
0 3430
0 3431
0 3432
0 3433
0 3434
0 3435
0 3436
0 3437
0 3438
0 3439
0 3440
0 3441
0 3442
0 3443
0 3444
0 3445
0 3446
0 3447
0 3448
0 3449
0 3450
0 3451
0 3452
0 3453
0 3454
0 3455
0 3456
0 3457
0 3458
0 3459
0 3460
0 3461
0 3462
0 3463
0 3464
0 3465
0 3466
0 3467
0 3468
0 3469
0 3470
0 3471
0 3472
0 3473
0 3474
0 3475
0 3476
0 3477
0 3478
0 3479
0 3480
0 3481
0 3482
0 3483
0 3484
0 3485
0 3486
0 3487
0 3488
0 3489
0 3490
0 3491
0 3492
0 3493
0 3494
0 3495
0 3496
0 3497
0 3498
0 3499
