41 3728 0 100 88863276 1.50369 1.50369
51 3740 0 100 121556036 1.60369 1.60369
6 3746 0 100 121536986 1.70369 1.70369
57 3737 0 100 88869724 1.90369 1.90369
18 3736 0 100 121574384 1.90369 1.90369
23 3729 0 100 88852332 2.10369 2.10369
28 3738 0 100 121558946 2.20369 2.20369
10 3769 0 100 121545692 2.40369 2.40369
37 3759 0 100 121569890 2.40369 2.40369
50 3772 0 100 56207386 2.60369 2.60369
59 3766 0 100 121535954 2.60369 2.60369
62 3762 0 100 154274032 2.60369 2.60369
12 3791 0 100 154305784 2.80369 2.80369
30 3743 0 100 154268192 2.90369 2.90369
33 3805 0 100 154281648 3.20369 3.20369
44 3789 0 100 88869492 3.30369 3.30369
7 3757 0 100 154262296 3.30369 3.30369
66 3758 0 100 154269208 3.30369 3.30369
36 3806 0 100 88870148 3.50369 3.50369
58 3751 0 100 121532558 3.50369 3.50369
14 3765 0 100 88844464 3.60369 3.60369
46 3733 0 100 88851036 3.70369 3.70369
52 3750 0 100 154270464 3.70369 3.70369
1 3725 0 100 121548440 3.80369 3.80369
25 3723 0 100 121560152 4.20369 4.20369
48 3742 0 100 88851384 4.30369 4.30369
69 3741 0 100 121555364 4.30369 4.30369
20 3731 0 100 154276264 4.40369 4.40369
56 3773 0 100 121553180 4.50369 4.50369
21 3804 0 100 56208050 4.60369 4.60369
2 3780 0 100 88848040 4.60369 4.60369
8 3802 0 100 88865624 4.70369 4.70369
15 3793 0 100 88866812 4.70369 4.70369
35 3790 0 100 121546664 4.70369 4.70369
42 3794 0 100 154272680 4.70369 4.70369
22 3726 0 100 88865768 4.80369 4.80369
53 3786 0 100 121551188 4.80369 4.80369
45 3771 0 100 121554608 4.80369 4.80369
24 3798 0 100 121565954 4.90369 4.90369
60 3761 0 100 154256744 4.90369 4.90369
43 3745 0 100 154297888 5.30369 5.30369
11 3801 0 100 121550354 5.40369 5.40369
31 3764 0 100 154268528 5.50369 5.50369
70 3735 0 100 154301448 5.50369 5.50369
67 3732 0 100 88846560 5.60369 5.60369
26 3784 0 100 154276064 5.70369 5.70369
65 3752 0 100 56207370 5.90369 5.90369
17 3753 0 100 121551836 5.90369 5.90369
4 3800 0 100 154244504 5.90369 5.90369
16 3721 0 100 154265304 6.00369 6.00369
47 3756 0 100 88863984 6.10369 6.10369
29 3748 0 100 121537382 6.10369 6.10369
32 3770 0 100 154265464 6.10369 6.10369
13 3724 0 100 121566992 6.20369 6.20369
9 3809 0 100 154257872 6.20369 6.20369
34 3783 0 100 88868552 6.40369 6.40369
3 3781 0 100 88868984 6.40369 6.40369
54 3778 0 100 121535636 6.40369 6.40369
39 3787 0 100 121539002 6.50369 6.50369
63 3767 0 100 154289240 6.50369 6.50369
49 3808 0 100 154294336 6.50369 6.50369
64 3795 0 100 154249552 6.60369 6.60369
68 3755 0 100 88873560 6.70369 6.70369
19 3747 0 100 154301000 6.70369 6.70369
38 3776 0 100 154242720 6.90369 6.90369
5 3797 0 100 56207404 7.10369 7.10369
40 3775 0 100 56198924 7.40369 7.40369
55 3803 0 100 121562864 7.60369 7.60369
61 3796 0 100 154269976 7.60369 7.60369
