18 2782 0 100 121535720 1.53945 1.53945
16 2780 0 100 121540070 2.73945 2.73945
5 2774 0 100 154288920 2.73945 2.73945
15 2776 0 100 88870300 3.13945 3.13945
12 2787 0 100 121529318 3.13945 3.13945
20 2771 0 100 121533224 4.03945 4.03945
7 2790 0 100 88857040 4.23945 4.23945
14 2793 0 100 154257496 4.43945 4.43945
17 2789 0 100 154257880 4.53945 4.53945
6 2797 0 100 121530122 4.63945 4.63945
13 2802 0 100 88851212 5.03945 5.03945
8 2795 0 100 88861896 5.43945 5.43945
10 2800 0 100 154266808 5.63945 5.63945
2 2777 0 100 88859028 5.73945 5.73945
11 2805 0 100 88867128 5.73945 5.73945
9 2772 0 100 56198916 6.03945 6.03945
3 2779 0 100 56202608 6.03945 6.03945
1 2791 0 100 121542212 6.43945 6.43945
19 2806 0 100 121544420 6.93945 6.93945
4 2798 0 100 121560194 7.33945 7.33945
