14 0.8 0.016 0.784
14 0.784 0.16 0.624
6 0.8 0.016 0.784
6 0.784 0.16 0.624
27 0.8 0.016 0.784
27 0.784 0.16 0.624
35 0.8 0.016 0.784
35 0.784 0.16 0.624
40 0.8 0.016 0.784
40 0.784 0.16 0.624
30 0.8 0.016 0.784
30 0.784 0.16 0.624
28 0.8 0.16 0.64
28 0.718582 0.016 0.702582
28 0.702582 0.16 0.542582
18 0.8 0.16 0.64
18 0.710708 0.016 0.694708
20 0.8 0.016 0.784
20 0.784 0.16 0.624
18 0.694708 0.16 0.534708
18 0.534708 0.16 0.374708
23 0.8 0.016 0.784
23 0.784 0.16 0.624
8 0.8 0.016 0.784
8 0.784 0.16 0.624
17 0.8 0.16 0.64
17 0.71611 0.016 0.70011
17 0.70011 0.16 0.54011
10 0.8 0.016 0.784
10 0.784 0.16 0.624
33 0.8 0.16 0.64
33 0.711366 0.016 0.695366
33 0.695366 0.16 0.535366
12 0.8 0.016 0.784
12 0.784 0.16 0.624
16 0.8 0.016 0.784
34 0.8 0.016 0.784
16 0.784 0.16 0.624
34 0.784 0.16 0.624
34 0.624 0.16 0.464
22 0.8 0.16 0.64
22 0.716312 0.016 0.700312
22 0.700312 0.16 0.540312
36 0.8 0.16 0.64
36 0.713142 0.016 0.697142
36 0.697142 0.16 0.537142
21 0.8 0.16 0.64
21 0.715143 0.016 0.699143
21 0.699143 0.16 0.539143
5 0.8 0.16 0.64
5 0.712279 0.016 0.696279
5 0.696279 0.16 0.536279
4 0.8 0.016 0.784
4 0.784 0.16 0.624
11 0.8 0.016 0.784
15 0.8 0.016 0.784
15 0.784 0.16 0.624
11 0.784 0.16 0.624
24 0.8 0.016 0.784
24 0.784 0.16 0.624
19 0.8 0.016 0.784
19 0.784 0.16 0.624
1 0.8 0.016 0.784
32 0.8 0.016 0.784
37 0.8 0.016 0.784
37 0.784 0.16 0.624
32 0.784 0.16 0.624
1 0.784 0.16 0.624
1 0.624 0.16 0.464
1 0.464 0.16 0.304
25 0.8 0.016 0.784
25 0.784 0.16 0.624
39 0.8 0.16 0.64
2 0.8 0.016 0.784
7 0.8 0.016 0.784
31 0.8 0.016 0.784
39 0.717229 0.016 0.701229
7 0.784 0.16 0.624
2 0.784 0.16 0.624
29 0.8 0.16 0.64
31 0.784 0.16 0.624
39 0.701229 0.16 0.541229
29 0.64 0.16 0.48
31 0.624 0.16 0.464
39 0.541229 0.16 0.381229
31 0.464 0.16 0.304
39 0.381229 0.16 0.221229
29 0.48 0.16 0.32
29 0.32 0.16 0.16
29 0.230229 0.016 0.214229
29 0.214229 0.16 0.0542287
26 0.8 0.016 0.784
26 0.784 0.16 0.624
3 0.8 0.016 0.784
3 0.784 0.16 0.624
38 0.8 0.016 0.784
38 0.784 0.16 0.624
9 0.8 0.016 0.784
9 0.784 0.16 0.624
13 0.8 0.016 0.784
13 0.784 0.16 0.624
