33 0.8 0.016 0.784
33 0.784 0.16 0.624
49 0.8 0.16 0.64
49 0.711324 0.016 0.695324
49 0.695324 0.16 0.535324
54 0.8 0.016 0.784
54 0.784 0.16 0.624
15 0.8 0.016 0.784
15 0.784 0.16 0.624
12 0.8 0.16 0.64
12 0.7119 0.016 0.6959
12 0.6959 0.16 0.5359
27 0.8 0.016 0.784
27 0.784 0.16 0.624
28 0.8 0.016 0.784
28 0.784 0.16 0.624
51 0.8 0.016 0.784
51 0.784 0.16 0.624
22 0.8 0.016 0.784
22 0.784 0.16 0.624
17 0.8 0.16 0.64
17 0.713377 0.016 0.697377
17 0.697377 0.16 0.537377
19 0.8 0.16 0.64
47 0.8 0.16 0.64
19 0.715673 0.016 0.699673
47 0.714547 0.016 0.698547
19 0.699673 0.16 0.539673
8 0.8 0.16 0.64
47 0.698547 0.16 0.538547
47 0.538547 0.16 0.378547
8 0.64 0.16 0.48
8 0.556678 0.016 0.540678
8 0.540678 0.16 0.380678
2 0.8 0.016 0.784
56 0.8 0.016 0.784
56 0.784 0.16 0.624
2 0.784 0.16 0.624
45 0.8 0.16 0.64
45 0.64 0.16 0.48
45 0.552131 0.016 0.536131
45 0.536131 0.16 0.376131
46 0.8 0.016 0.784
46 0.784 0.16 0.624
39 0.8 0.16 0.64
48 0.8 0.16 0.64
39 0.719645 0.016 0.703645
48 0.717337 0.016 0.701337
39 0.703645 0.16 0.543645
48 0.701337 0.16 0.541337
48 0.541337 0.16 0.381337
25 0.8 0.016 0.784
25 0.784 0.16 0.624
14 0.8 0.16 0.64
14 0.717607 0.016 0.701607
14 0.701607 0.16 0.541607
6 0.8 0.016 0.784
6 0.784 0.16 0.624
30 0.8 0.016 0.784
52 0.8 0.016 0.784
52 0.784 0.16 0.624
30 0.784 0.16 0.624
30 0.624 0.16 0.464
10 0.8 0.016 0.784
16 0.8 0.016 0.784
16 0.784 0.16 0.624
10 0.784 0.16 0.624
10 0.624 0.16 0.464
21 0.8 0.016 0.784
42 0.8 0.016 0.784
42 0.784 0.16 0.624
21 0.784 0.16 0.624
21 0.624 0.16 0.464
18 0.8 0.016 0.784
40 0.8 0.016 0.784
18 0.784 0.16 0.624
40 0.784 0.16 0.624
40 0.624 0.16 0.464
50 0.8 0.16 0.64
34 0.8 0.016 0.784
50 0.782949 0.016 0.766949
58 0.8 0.016 0.784
50 0.766949 0.16 0.606949
34 0.784 0.16 0.624
58 0.784 0.16 0.624
58 0.624 0.16 0.464
58 0.464 0.16 0.304
4 0.8 0.016 0.784
26 0.8 0.016 0.784
38 0.8 0.016 0.784
26 0.784 0.16 0.624
38 0.784 0.16 0.624
3 0.8 0.16 0.64
4 0.784 0.16 0.624
4 0.624 0.16 0.464
1 0.8 0.16 0.64
3 0.64 0.16 0.48
1 0.718159 0.016 0.702159
3 0.550501 0.016 0.534501
3 0.534501 0.16 0.374501
1 0.702159 0.16 0.542159
1 0.542159 0.16 0.382159
20 0.8 0.16 0.64
9 0.8 0.016 0.784
20 0.787181 0.016 0.771181
43 0.8 0.016 0.784
20 0.771181 0.16 0.611181
9 0.784 0.16 0.624
43 0.784 0.16 0.624
9 0.624 0.16 0.464
43 0.624 0.16 0.464
36 0.8 0.016 0.784
60 0.8 0.016 0.784
36 0.784 0.16 0.624
23 0.8 0.16 0.64
35 0.8 0.16 0.64
60 0.784 0.16 0.624
60 0.624 0.16 0.464
23 0.64 0.16 0.48
35 0.64 0.16 0.48
23 0.555278 0.016 0.539278
35 0.554871 0.016 0.538871
23 0.539278 0.16 0.379278
35 0.538871 0.16 0.378871
35 0.378871 0.16 0.218871
44 0.8 0.16 0.64
44 0.711627 0.016 0.695627
44 0.695627 0.16 0.535627
53 0.8 0.016 0.784
53 0.784 0.16 0.624
29 0.8 0.16 0.64
32 0.8 0.16 0.64
29 0.713459 0.016 0.697459
32 0.71806 0.016 0.70206
32 0.70206 0.16 0.54206
29 0.697459 0.16 0.537459
29 0.537459 0.16 0.377459
24 0.8 0.016 0.784
24 0.784 0.16 0.624
37 0.8 0.016 0.784
37 0.784 0.16 0.624
55 0.8 0.16 0.64
55 0.719475 0.016 0.703475
55 0.703475 0.16 0.543475
5 0.8 0.016 0.784
5 0.784 0.16 0.624
13 0.8 0.16 0.64
13 0.71773 0.016 0.70173
13 0.70173 0.16 0.54173
59 0.8 0.016 0.784
59 0.784 0.16 0.624
7 0.8 0.016 0.784
7 0.784 0.16 0.624
11 0.8 0.16 0.64
31 0.8 0.16 0.64
11 0.712571 0.016 0.696571
31 0.711593 0.016 0.695593
31 0.695593 0.16 0.535593
11 0.696571 0.16 0.536571
41 0.8 0.16 0.64
57 0.8 0.16 0.64
41 0.64 0.16 0.48
57 0.64 0.16 0.48
57 0.553454 0.016 0.537454
57 0.537454 0.16 0.377454
41 0.556616 0.16 0.396616
41 0.467048 0.016 0.451048
41 0.451048 0.16 0.291048
