0 4400
0 4401
0 4402
0 4403
0 4404
0 4405
0 4406
0 4407
0 4408
0 4409
0 4411
0 4414
0 4420
0 4425
0 4435
32 4419
0 4442
91 4439
0 4450
69 4446
25 4448
0 4455
10 4427
0 4464
66 4457
0 4472
40 4465
0 4477
95 4458
9 4418
0 4481
54 4469
5 4431
0 4487
0 4495
18 4424
0 4502
99 4499
13 4489
0 4503
45 4426
0 4507
53 4428
77 4476
75 4423
87 4443
0 4512
84 4430
15 4463
0 4516
56 4492
30 4441
0 4523
89 4519
72 4518
35 4432
0 4530
34 4522
4 4528
85 4491
0 4531
60 4500
37 4486
0 4532
78 4415
23 4488
31 4529
0 4533
62 4470
0 4534
0 4535
0 4536
94 4526
20 4461
48 4484
14 4501
8 4412
0 4537
28 4433
0 4538
55 4440
92 4416
26 4473
0 4539
12 4515
86 4451
0 4540
42 4521
22 4525
11 4474
0 4541
93 4513
41 4436
51 4466
58 4437
0 4542
29 4410
100 4517
44 4505
0 4543
64 4413
100 4517
0 4544
68 4471
0 4545
46 4514
24 4453
0 4546
33 4497
65 4422
57 4452
50 4508
0 4547
65 4422
0 4548
6 4496
59 4447
47 4445
63 4483
0 4549
43 4494
0 4550
3 4509
0 4551
0 4552
0 4553
90 4434
0 4554
70 4478
0 4555
82 4444
0 4556
0 4557
81 4421
1 4460
0 4558
79 4475
52 4429
0 4559
73 4506
16 4468
0 4560
19 4482
97 4510
0 4561
0 4562
71 4456
61 4417
76 4462
27 4490
0 4563
49 4485
21 4449
0 4564
98 4524
74 4438
0 4565
39 4511
0 4566
38 4479
2 4480
96 4504
67 4454
0 4567
17 4467
0 4568
0 4569
80 4459
0 4570
36 4498
7 4520
0 4571
88 4493
0 4572
0 4573
0 4574
0 4575
0 4576
0 4577
83 4527
0 4578
0 4579
0 4580
0 4581
0 4582
0 4583
0 4584
0 4585
0 4586
0 4587
0 4588
0 4589
0 4590
0 4591
0 4592
0 4593
0 4594
0 4595
0 4596
0 4597
0 4598
0 4599
0 4600
0 4601
0 4602
0 4603
0 4604
0 4605
0 4606
0 4607
0 4608
0 4609
0 4610
0 4611
0 4612
0 4613
0 4614
0 4615
0 4616
0 4617
0 4618
0 4619
0 4620
0 4621
0 4622
0 4623
0 4624
0 4625
0 4626
0 4627
0 4628
0 4629
0 4630
0 4631
0 4632
0 4633
0 4634
0 4635
0 4636
0 4637
0 4638
0 4639
0 4640
0 4641
0 4642
0 4643
0 4644
0 4645
0 4646
0 4647
0 4648
0 4649
