13 4189 0 100 88859232 1.31672 1.31672
61 4203 0 100 88856888 1.61672 1.61672
22 4212 0 100 154287208 1.71672 1.71672
89 4213 0 100 154289624 1.71672 1.71672
25 4228 0 100 88869332 2.01672 2.01672
28 4224 0 100 121568810 2.11672 2.11672
36 4174 0 100 88851616 2.31672 2.31672
68 4227 0 100 121547636 2.31672 2.31672
27 4183 0 100 154300104 2.31672 2.31672
20 4235 0 100 88865680 2.41672 2.41672
86 4234 0 100 121542500 2.41672 2.41672
63 4256 0 100 154292024 2.51672 2.51672
43 4194 0 100 121563824 2.61672 2.61672
57 4197 0 100 121542212 2.71672 2.71672
70 4190 0 100 154259640 2.71672 2.71672
3 4270 0 100 121537328 2.81672 2.81672
1 4179 0 100 121546676 2.81672 2.81672
73 4269 0 100 88860084 2.91672 2.91672
79 4242 0 100 154290080 2.91672 2.91672
9 4186 0 100 154302104 2.91672 2.91672
51 4178 0 100 88864100 3.01672 3.01672
65 4220 0 100 88864708 3.01672 3.01672
4 4230 0 100 154273200 3.01672 3.01672
40 4185 0 100 154254816 3.11672 3.11672
64 4258 0 100 88875740 3.21672 3.21672
76 4187 0 100 121538264 3.41672 3.41672
56 4260 0 100 154291624 3.41672 3.41672
47 4240 0 100 88854404 3.51672 3.51672
41 4250 0 100 121560320 3.51672 3.51672
58 4274 0 100 121568738 3.51672 3.51672
2 4175 0 100 154272816 3.51672 3.51672
81 4193 0 100 56200406 3.61672 3.61672
67 4216 0 100 121534928 3.61672 3.61672
34 4268 0 100 121563572 3.71672 3.71672
60 4215 0 100 121548722 3.81672 3.81672
66 4210 0 100 121551830 3.81672 3.81672
30 4221 0 100 154290552 3.91672 3.91672
74 4252 0 100 154257984 4.01672 4.01672
39 4276 0 100 121550318 4.11672 4.11672
35 4199 0 100 154299968 4.11672 4.11672
8 4192 0 100 88850792 4.21672 4.21672
12 4204 0 100 56198818 4.31672 4.31672
23 4273 0 100 121550060 4.41672 4.41672
24 4211 0 100 56206726 4.51672 4.51672
6 4209 0 100 121548950 4.51672 4.51672
90 4266 0 100 154278936 4.51672 4.51672
15 4205 0 100 154288360 4.51672 4.51672
59 4181 0 100 154274592 4.61672 4.61672
29 4245 0 100 56208678 4.71672 4.71672
87 4206 0 100 88856856 4.71672 4.71672
11 4243 0 100 88865756 4.71672 4.71672
55 4208 0 100 56195540 4.81672 4.81672
50 4182 0 100 121537832 4.81672 4.81672
10 4263 0 100 121560692 4.81672 4.81672
19 4271 0 100 154246720 4.81672 4.81672
54 4231 0 100 121544066 4.91672 4.91672
46 4232 0 100 121559168 4.91672 4.91672
16 4277 0 100 154274376 5.01672 5.01672
77 4255 0 100 154294128 5.01672 5.01672
37 4171 0 100 121546448 5.41672 5.41672
69 4248 0 100 121573832 5.41672 5.41672
7 4244 0 100 88867668 5.51672 5.51672
26 4241 0 100 121538870 5.51672 5.51672
75 4202 0 100 88852712 5.61672 5.61672
31 4253 0 100 88863848 5.61672 5.61672
5 4198 0 100 121564172 5.81672 5.81672
84 4217 0 100 121541738 5.91672 5.91672
72 4173 0 100 88848568 6.01672 6.01672
38 4172 0 100 88850616 6.01672 6.01672
85 4176 0 100 88864596 6.01672 6.01672
53 4200 0 100 121552586 6.11672 6.11672
82 4226 0 100 154260496 6.11672 6.11672
80 4188 0 100 121534016 6.21672 6.21672
71 4249 0 100 121552838 6.21672 6.21672
83 4238 0 100 88852468 6.31672 6.31672
32 4219 0 100 121556516 6.31672 6.31672
78 4222 0 100 121559030 6.31672 6.31672
33 4262 0 100 154302104 6.31672 6.31672
48 4259 0 100 88875916 6.51672 6.51672
14 4236 0 100 88870984 6.61672 6.61672
17 4225 0 100 121537598 6.61672 6.61672
88 4247 0 100 88867188 6.81672 6.81672
45 4254 0 100 154289144 6.81672 6.81672
44 4264 0 100 88873372 7.01672 7.01672
62 4237 0 100 88860544 7.11672 7.11672
18 4265 0 100 154292304 7.41672 7.41672
42 4278 0 100 154304720 7.41672 7.41672
21 4272 0 100 154267272 7.71672 7.71672
