18 0.8 0.016 0.784
18 0.784 0.16 0.624
5 0.8 0.016 0.784
16 0.8 0.016 0.784
16 0.784 0.16 0.624
5 0.784 0.16 0.624
5 0.624 0.16 0.464
12 0.8 0.016 0.784
15 0.8 0.016 0.784
15 0.784 0.16 0.624
12 0.784 0.16 0.624
12 0.624 0.16 0.464
20 0.8 0.016 0.784
20 0.784 0.16 0.624
7 0.8 0.016 0.784
7 0.784 0.16 0.624
14 0.8 0.016 0.784
14 0.784 0.16 0.624
17 0.8 0.16 0.64
17 0.711138 0.016 0.695138
17 0.695138 0.16 0.535138
6 0.8 0.16 0.64
6 0.713186 0.016 0.697186
6 0.697186 0.16 0.537186
13 0.8 0.016 0.784
13 0.784 0.16 0.624
8 0.8 0.016 0.784
8 0.784 0.16 0.624
10 0.8 0.016 0.784
10 0.784 0.16 0.624
2 0.8 0.16 0.64
11 0.8 0.16 0.64
2 0.716715 0.016 0.700715
11 0.718829 0.016 0.702829
2 0.700715 0.16 0.540715
11 0.702829 0.16 0.542829
3 0.8 0.016 0.784
9 0.8 0.016 0.784
9 0.784 0.16 0.624
3 0.784 0.16 0.624
1 0.8 0.016 0.784
1 0.784 0.16 0.624
19 0.8 0.016 0.784
19 0.784 0.16 0.624
4 0.8 0.016 0.784
4 0.784 0.16 0.624
