13 0.8 0.016 0.784
13 0.784 0.16 0.624
61 0.8 0.016 0.784
61 0.784 0.16 0.624
22 0.8 0.016 0.784
89 0.8 0.016 0.784
22 0.784 0.16 0.624
89 0.784 0.16 0.624
25 0.8 0.016 0.784
25 0.784 0.16 0.624
28 0.8 0.016 0.784
28 0.784 0.16 0.624
27 0.8 0.016 0.784
36 0.8 0.016 0.784
68 0.8 0.016 0.784
36 0.784 0.16 0.624
27 0.784 0.16 0.624
52 0.8 0.16 0.64
68 0.784 0.16 0.624
86 0.8 0.16 0.64
68 0.624 0.16 0.464
20 0.8 0.16 0.64
27 0.624 0.16 0.464
52 0.64 0.16 0.48
86 0.64 0.16 0.48
27 0.464 0.16 0.304
20 0.64 0.16 0.48
52 0.48 0.16 0.32
86 0.48 0.16 0.32
20 0.550832 0.016 0.534832
52 0.399693 0.016 0.383693
86 0.398316 0.016 0.382316
20 0.534832 0.16 0.374832
52 0.383693 0.16 0.223693
86 0.382316 0.16 0.222316
86 0.222316 0.16 0.0623163
52 0.223693 0.16 0.0636927
63 0.8 0.016 0.784
63 0.784 0.16 0.624
52 0.13856 0.16 -0.0214402
43 0.8 0.016 0.784
43 0.784 0.16 0.624
57 0.8 0.16 0.64
57 0.71601 0.016 0.70001
70 0.8 0.016 0.784
57 0.70001 0.16 0.54001
70 0.784 0.16 0.624
70 0.624 0.16 0.464
1 0.8 0.16 0.64
1 0.714172 0.016 0.698172
3 0.8 0.016 0.784
3 0.784 0.16 0.624
1 0.698172 0.16 0.538172
73 0.8 0.16 0.64
9 0.8 0.016 0.784
73 0.715388 0.016 0.699388
79 0.8 0.016 0.784
73 0.699388 0.16 0.539388
9 0.784 0.16 0.624
51 0.8 0.16 0.64
65 0.8 0.16 0.64
79 0.784 0.16 0.624
52 0.305296 0.16 0.145296
79 0.624 0.16 0.464
9 0.624 0.16 0.464
42 0.8 0.16 0.64
4 0.8 0.16 0.64
51 0.64 0.16 0.48
65 0.64 0.16 0.48
51 0.48 0.16 0.32
65 0.48 0.16 0.32
4 0.71857 0.016 0.70257
51 0.394189 0.016 0.378189
65 0.398316 0.016 0.382316
51 0.378189 0.16 0.218189
65 0.382316 0.16 0.222316
4 0.70257 0.16 0.54257
4 0.54257 0.16 0.38257
4 0.38257 0.16 0.22257
40 0.8 0.16 0.64
40 0.713596 0.016 0.697596
40 0.697596 0.16 0.537596
64 0.8 0.16 0.64
64 0.71368 0.016 0.69768
64 0.69768 0.16 0.53768
56 0.8 0.016 0.784
76 0.8 0.016 0.784
76 0.784 0.16 0.624
41 0.8 0.16 0.64
47 0.8 0.16 0.64
56 0.784 0.16 0.624
58 0.8 0.16 0.64
56 0.624 0.16 0.464
2 0.8 0.16 0.64
41 0.64 0.16 0.48
47 0.64 0.16 0.48
58 0.64 0.16 0.48
81 0.8 0.16 0.64
2 0.71581 0.016 0.69981
41 0.550493 0.016 0.534493
47 0.558509 0.016 0.542509
58 0.550991 0.016 0.534991
47 0.542509 0.16 0.382509
2 0.69981 0.16 0.53981
41 0.534493 0.16 0.374493
58 0.534991 0.16 0.374991
67 0.8 0.16 0.64
81 0.710989 0.16 0.550989
41 0.374493 0.16 0.214493
58 0.374991 0.16 0.214991
2 0.53981 0.16 0.37981
2 0.37981 0.16 0.21981
67 0.64 0.16 0.48
81 0.550989 0.16 0.390989
2 0.21981 0.16 0.0598103
67 0.48 0.16 0.32
81 0.390989 0.16 0.230989
67 0.393568 0.016 0.377568
81 0.3059 0.016 0.2899
81 0.2899 0.16 0.1299
67 0.377568 0.16 0.217568
67 0.217568 0.16 0.0575676
34 0.8 0.16 0.64
34 0.712394 0.016 0.696394
34 0.696394 0.16 0.536394
66 0.8 0.16 0.64
60 0.8 0.016 0.784
66 0.713035 0.016 0.697035
60 0.784 0.16 0.624
66 0.697035 0.16 0.537035
30 0.8 0.016 0.784
30 0.784 0.16 0.624
74 0.8 0.16 0.64
74 0.713411 0.016 0.697411
74 0.697411 0.16 0.537411
39 0.8 0.16 0.64
35 0.8 0.016 0.784
39 0.715371 0.016 0.699371
39 0.699371 0.16 0.539371
35 0.784 0.16 0.624
35 0.624 0.16 0.464
8 0.8 0.16 0.64
8 0.712996 0.016 0.696996
8 0.696996 0.16 0.536996
12 0.8 0.16 0.64
12 0.710317 0.016 0.694317
12 0.694317 0.16 0.534317
23 0.8 0.016 0.784
23 0.784 0.16 0.624
6 0.8 0.16 0.64
24 0.8 0.16 0.64
6 0.717791 0.016 0.701791
15 0.8 0.016 0.784
24 0.71251 0.016 0.69651
90 0.8 0.016 0.784
24 0.69651 0.16 0.53651
6 0.701791 0.16 0.541791
15 0.784 0.16 0.624
90 0.784 0.16 0.624
6 0.541791 0.16 0.381791
15 0.624 0.16 0.464
59 0.8 0.16 0.64
90 0.624 0.16 0.464
90 0.464 0.16 0.304
15 0.464 0.16 0.304
49 0.8 0.16 0.64
59 0.64 0.16 0.48
87 0.8 0.16 0.64
49 0.64 0.16 0.48
59 0.48 0.16 0.32
87 0.64 0.16 0.48
59 0.391526 0.016 0.375526
59 0.375526 0.16 0.215526
49 0.552884 0.16 0.392884
87 0.559843 0.16 0.399843
11 0.8 0.016 0.784
29 0.8 0.016 0.784
49 0.466025 0.016 0.450025
87 0.478643 0.016 0.462643
29 0.784 0.16 0.624
11 0.784 0.16 0.624
49 0.450025 0.16 0.290025
50 0.8 0.16 0.64
55 0.8 0.16 0.64
87 0.462643 0.16 0.302643
87 0.302643 0.16 0.142643
11 0.624 0.16 0.464
49 0.290025 0.16 0.130025
50 0.64 0.16 0.48
49 0.130025 0.16 -0.0299746
50 0.48 0.16 0.32
55 0.64 0.16 0.48
10 0.8 0.016 0.784
19 0.8 0.016 0.784
49 0.0745026 0.016 0.0585026
50 0.397948 0.016 0.381948
55 0.557435 0.016 0.541435
55 0.541435 0.16 0.381435
10 0.784 0.16 0.624
19 0.784 0.16 0.624
49 0.0585026 0.16 -0.101497
50 0.381948 0.16 0.221948
50 0.221948 0.16 0.061948
10 0.624 0.16 0.464
19 0.624 0.16 0.464
49 0 0.16 -0.16
19 0.464 0.16 0.304
46 0.8 0.16 0.64
54 0.8 0.16 0.64
19 0.304 0.16 0.144
46 0.64 0.16 0.48
54 0.64 0.16 0.48
46 0.55926 0.016 0.54326
54 0.559595 0.016 0.543595
54 0.543595 0.16 0.383595
46 0.54326 0.16 0.38326
16 0.8 0.16 0.64
16 0.64 0.16 0.48
16 0.5524 0.016 0.5364
77 0.8 0.016 0.784
16 0.5364 0.16 0.3764
77 0.784 0.16 0.624
49 0.299139 0.16 0.139139
49 0.215379 0.16 0.0553791
37 0.8 0.016 0.784
69 0.8 0.016 0.784
37 0.784 0.16 0.624
69 0.784 0.16 0.624
7 0.8 0.16 0.64
26 0.8 0.16 0.64
7 0.64 0.16 0.48
26 0.64 0.16 0.48
7 0.550261 0.016 0.534261
26 0.557603 0.016 0.541603
7 0.534261 0.16 0.374261
26 0.541603 0.16 0.381603
31 0.8 0.16 0.64
75 0.8 0.16 0.64
26 0.381603 0.16 0.221603
31 0.64 0.16 0.48
75 0.64 0.16 0.48
31 0.553952 0.016 0.537952
75 0.558656 0.016 0.542656
75 0.542656 0.16 0.382656
31 0.537952 0.16 0.377952
5 0.8 0.016 0.784
5 0.784 0.16 0.624
84 0.8 0.016 0.784
84 0.784 0.16 0.624
38 0.8 0.16 0.64
72 0.8 0.16 0.64
85 0.8 0.16 0.64
38 0.718629 0.016 0.702629
72 0.719689 0.016 0.703689
85 0.712735 0.016 0.696735
72 0.703689 0.16 0.543689
38 0.702629 0.16 0.542629
85 0.696735 0.16 0.536735
53 0.8 0.16 0.64
53 0.719093 0.016 0.703093
82 0.8 0.016 0.784
53 0.703093 0.16 0.543093
71 0.8 0.16 0.64
80 0.8 0.16 0.64
82 0.784 0.16 0.624
82 0.624 0.16 0.464
71 0.64 0.16 0.48
80 0.64 0.16 0.48
71 0.5504 0.016 0.5344
80 0.557426 0.016 0.541426
80 0.541426 0.16 0.381426
71 0.5344 0.16 0.3744
78 0.8 0.16 0.64
83 0.8 0.16 0.64
32 0.8 0.16 0.64
78 0.64 0.16 0.48
83 0.64 0.16 0.48
32 0.716871 0.016 0.700871
33 0.8 0.016 0.784
78 0.556967 0.016 0.540967
83 0.551246 0.016 0.535246
83 0.535246 0.16 0.375246
32 0.700871 0.16 0.540871
33 0.784 0.16 0.624
78 0.540967 0.16 0.380967
32 0.540871 0.16 0.380871
78 0.380967 0.16 0.220967
33 0.624 0.16 0.464
33 0.464 0.16 0.304
33 0.304 0.16 0.144
48 0.8 0.016 0.784
48 0.784 0.16 0.624
14 0.8 0.16 0.64
17 0.8 0.16 0.64
14 0.711487 0.016 0.695487
17 0.7121 0.016 0.6961
14 0.695487 0.16 0.535487
17 0.6961 0.16 0.5361
17 0.5361 0.16 0.3761
45 0.8 0.016 0.784
88 0.8 0.016 0.784
88 0.784 0.16 0.624
45 0.784 0.16 0.624
45 0.624 0.16 0.464
44 0.8 0.016 0.784
44 0.784 0.16 0.624
62 0.8 0.16 0.64
62 0.713249 0.016 0.697249
62 0.697249 0.16 0.537249
18 0.8 0.016 0.784
42 0.8 0.016 0.784
18 0.784 0.16 0.624
42 0.784 0.16 0.624
21 0.8 0.016 0.784
21 0.784 0.16 0.624
