0 3500
0 3501
0 3502
0 3503
0 3504
0 3505
0 3506
0 3507
0 3508
0 3509
0 3511
0 3517
33 3514
0 3523
49 3515
0 3527
0 3531
54 3516
0 3533
0 3536
0 3541
15 3525
0 3547
12 3521
0 3550
27 3522
0 3554
28 3552
0 3559
0 3563
51 3535
0 3564
0 3569
22 3526
0 3573
17 3558
0 3576
19 3555
47 3519
0 3579
8 3542
0 3585
56 3513
2 3543
0 3588
45 3557
0 3590
46 3583
0 3591
39 3565
48 3584
0 3592
0 3593
25 3510
0 3594
14 3537
0 3595
0 3596
0 3597
6 3582
0 3598
0 3599
52 3568
30 3534
0 3600
0 3601
16 3581
10 3538
0 3602
0 3603
0 3604
42 3512
21 3589
0 3605
0 3606
0 3607
18 3532
40 3539
0 3608
0 3609
50 3524
34 3518
58 3560
0 3610
0 3611
0 3612
0 3613
26 3540
38 3546
4 3578
0 3614
3 3530
1 3544
0 3615
0 3616
20 3566
9 3551
43 3567
0 3617
0 3618
0 3619
36 3556
60 3529
0 3620
23 3520
35 3562
0 3621
44 3577
0 3622
53 3548
0 3623
32 3586
29 3545
0 3624
0 3625
24 3528
0 3626
37 3561
0 3627
55 3549
0 3628
0 3629
0 3630
5 3553
0 3631
13 3587
0 3632
59 3575
0 3633
7 3580
0 3634
31 3572
11 3571
0 3635
57 3570
0 3636
41 3574
0 3637
0 3638
0 3639
0 3640
0 3641
0 3642
0 3643
0 3644
0 3645
0 3646
0 3647
0 3648
0 3649
0 3650
0 3651
0 3652
0 3653
0 3654
0 3655
0 3656
0 3657
0 3658
0 3659
0 3660
0 3661
0 3662
0 3663
0 3664
0 3665
0 3666
0 3667
0 3668
0 3669
0 3670
0 3671
0 3672
0 3673
0 3674
0 3675
0 3676
0 3677
0 3678
0 3679
0 3680
0 3681
0 3682
0 3683
0 3684
0 3685
0 3686
0 3687
0 3688
0 3689
0 3690
0 3691
0 3692
0 3693
0 3694
0 3695
0 3696
0 3697
0 3698
0 3699
0 3700
0 3701
0 3702
0 3703
0 3704
0 3705
0 3706
0 3707
0 3708
0 3709
