42 0.8 0.016 0.784
45 0.8 0.016 0.784
45 0.784 0.16 0.624
42 0.784 0.16 0.624
20 0.8 0.016 0.784
20 0.784 0.16 0.624
28 0.8 0.016 0.784
28 0.784 0.16 0.624
27 0.8 0.016 0.784
27 0.784 0.16 0.624
39 0.8 0.016 0.784
39 0.784 0.16 0.624
1 0.8 0.016 0.784
47 0.8 0.016 0.784
1 0.784 0.16 0.624
47 0.784 0.16 0.624
47 0.624 0.16 0.464
36 0.8 0.16 0.64
17 0.8 0.016 0.784
36 0.711525 0.016 0.695525
17 0.784 0.16 0.624
36 0.695525 0.16 0.535525
36 0.535525 0.16 0.375525
25 0.8 0.16 0.64
25 0.713902 0.016 0.697902
25 0.697902 0.16 0.537902
13 0.8 0.16 0.64
13 0.719473 0.016 0.703473
41 0.8 0.016 0.784
41 0.784 0.16 0.624
13 0.703473 0.16 0.543473
24 0.8 0.16 0.64
3 0.8 0.016 0.784
24 0.715385 0.016 0.699385
24 0.699385 0.16 0.539385
3 0.784 0.16 0.624
3 0.624 0.16 0.464
32 0.8 0.016 0.784
32 0.784 0.16 0.624
7 0.8 0.016 0.784
7 0.784 0.16 0.624
11 0.8 0.16 0.64
29 0.8 0.16 0.64
11 0.716877 0.016 0.700877
29 0.710559 0.016 0.694559
11 0.700877 0.16 0.540877
29 0.694559 0.16 0.534559
29 0.534559 0.16 0.374559
44 0.8 0.16 0.64
34 0.8 0.016 0.784
44 0.718113 0.016 0.702113
44 0.702113 0.16 0.542113
34 0.784 0.16 0.624
34 0.624 0.16 0.464
33 0.8 0.016 0.784
50 0.8 0.016 0.784
50 0.784 0.16 0.624
33 0.784 0.16 0.624
33 0.624 0.16 0.464
46 0.8 0.016 0.784
49 0.8 0.016 0.784
46 0.784 0.16 0.624
22 0.8 0.16 0.64
49 0.784 0.16 0.624
49 0.624 0.16 0.464
22 0.64 0.16 0.48
35 0.8 0.16 0.64
22 0.553631 0.016 0.537631
35 0.711273 0.016 0.695273
22 0.537631 0.16 0.377631
35 0.695273 0.16 0.535273
18 0.8 0.16 0.64
18 0.718508 0.016 0.702508
18 0.702508 0.16 0.542508
2 0.8 0.016 0.784
2 0.784 0.16 0.624
37 0.8 0.016 0.784
37 0.784 0.16 0.624
19 0.8 0.16 0.64
23 0.8 0.16 0.64
19 0.71151 0.016 0.69551
23 0.719464 0.016 0.703464
23 0.703464 0.16 0.543464
19 0.69551 0.16 0.53551
19 0.53551 0.16 0.37551
12 0.8 0.016 0.784
26 0.8 0.016 0.784
26 0.784 0.16 0.624
12 0.784 0.16 0.624
12 0.624 0.16 0.464
16 0.8 0.16 0.64
16 0.713432 0.016 0.697432
16 0.697432 0.16 0.537432
10 0.8 0.16 0.64
10 0.714947 0.016 0.698947
10 0.698947 0.16 0.538947
4 0.8 0.016 0.784
6 0.8 0.016 0.784
14 0.8 0.016 0.784
14 0.784 0.16 0.624
4 0.784 0.16 0.624
6 0.784 0.16 0.624
4 0.624 0.16 0.464
6 0.624 0.16 0.464
9 0.8 0.016 0.784
9 0.784 0.16 0.624
8 0.8 0.16 0.64
15 0.8 0.16 0.64
21 0.8 0.16 0.64
8 0.719656 0.016 0.703656
15 0.711116 0.016 0.695116
21 0.711067 0.016 0.695067
21 0.695067 0.16 0.535067
8 0.703656 0.16 0.543656
15 0.695116 0.16 0.535116
38 0.8 0.16 0.64
15 0.535116 0.16 0.375116
8 0.543656 0.16 0.383656
38 0.64 0.16 0.48
48 0.8 0.16 0.64
38 0.48 0.16 0.32
48 0.64 0.16 0.48
38 0.390242 0.016 0.374242
38 0.374242 0.16 0.214242
48 0.555018 0.16 0.395018
40 0.8 0.016 0.784
48 0.475002 0.016 0.459002
48 0.459002 0.16 0.299002
40 0.784 0.16 0.624
40 0.624 0.16 0.464
5 0.8 0.016 0.784
5 0.784 0.16 0.624
30 0.8 0.016 0.784
30 0.784 0.16 0.624
43 0.8 0.016 0.784
43 0.784 0.16 0.624
31 0.8 0.16 0.64
31 0.790518 0.016 0.774518
31 0.774518 0.16 0.614518
