0 3110
0 3111
0 3112
0 3113
0 3114
0 3115
0 3116
0 3117
0 3118
0 3119
0 3123
0 3126
0 3129
0 3132
14 3125
0 3133
6 3127
0 3136
0 3138
27 3122
0 3140
0 3143
35 3142
0 3145
0 3148
0 3151
40 3135
0 3157
30 3131
0 3158
28 3152
0 3162
20 3160
18 3134
0 3166
23 3164
0 3168
0 3172
0 3176
8 3156
0 3179
17 3174
0 3180
0 3181
10 3128
0 3182
33 3169
0 3183
12 3144
0 3184
0 3185
0 3186
0 3187
16 3139
34 3165
0 3188
22 3137
0 3189
36 3124
0 3190
21 3154
0 3191
5 3153
0 3192
0 3193
0 3194
4 3159
0 3195
0 3196
0 3197
15 3163
11 3171
0 3198
0 3199
0 3200
0 3201
0 3202
0 3203
24 3120
0 3204
0 3205
0 3206
19 3130
0 3207
0 3208
37 3170
32 3155
1 3167
0 3209
25 3141
0 3210
7 3177
2 3173
31 3161
39 3121
0 3211
29 3150
0 3212
0 3213
0 3214
0 3215
0 3216
0 3217
26 3147
0 3218
3 3149
0 3219
0 3220
38 3146
0 3221
0 3222
9 3178
0 3223
0 3224
13 3175
0 3225
0 3226
0 3227
0 3228
0 3229
0 3230
0 3231
0 3232
0 3233
0 3234
0 3235
0 3236
0 3237
0 3238
0 3239
0 3240
0 3241
0 3242
0 3243
0 3244
0 3245
0 3246
0 3247
0 3248
0 3249
0 3250
0 3251
0 3252
0 3253
0 3254
0 3255
0 3256
0 3257
0 3258
0 3259
0 3260
0 3261
0 3262
0 3263
0 3264
0 3265
0 3266
0 3267
0 3268
0 3269
0 3270
0 3271
0 3272
0 3273
0 3274
0 3275
0 3276
0 3277
0 3278
0 3279
0 3280
0 3281
0 3282
0 3283
0 3284
0 3285
0 3286
0 3287
0 3288
0 3289
0 3290
0 3291
0 3292
0 3293
0 3294
0 3295
0 3296
0 3297
0 3298
0 3299
