45 3331 0 100 121538954 1.81491 1.81491
42 3334 0 100 121557392 1.81491 1.81491
20 3316 0 100 88856332 2.21491 2.21491
28 3354 0 100 23573600 2.41491 2.41491
27 3355 0 100 121528400 2.51491 2.51491
39 3366 0 100 88852336 2.71491 2.71491
1 3339 0 100 121541462 2.91491 2.91491
47 3345 0 100 154251392 2.91491 2.91491
17 3378 0 100 88862176 3.01491 3.01491
36 3347 0 100 121563110 3.01491 3.01491
25 3352 0 100 121558052 3.11491 3.11491
41 3327 0 100 121563332 3.21491 3.21491
13 3330 0 100 121565048 3.21491 3.21491
24 3321 0 100 88873184 3.31491 3.31491
3 3346 0 100 154265160 3.31491 3.31491
32 3363 0 100 121527932 3.51491 3.51491
7 3361 0 100 154262944 3.61491 3.61491
11 3375 0 100 56205258 3.71491 3.71491
29 3360 0 100 121567124 3.71491 3.71491
44 3333 0 100 56208516 3.81491 3.81491
34 3373 0 100 154305376 3.81491 3.81491
50 3349 0 100 121559474 4.01491 4.01491
33 3356 0 100 154297688 4.01491 4.01491
46 3328 0 100 121544306 4.21491 4.21491
49 3374 0 100 154275272 4.21491 4.21491
22 3310 0 100 121529912 4.31491 4.31491
35 3319 0 100 121570802 4.31491 4.31491
18 3368 0 100 121558466 4.41491 4.41491
2 3317 0 100 56203274 4.71491 4.71491
37 3322 0 100 121541666 4.81491 4.81491
23 3329 0 100 88872472 4.91491 4.91491
19 3379 0 100 121537160 4.91491 4.91491
26 3326 0 100 121564028 5.41491 5.41491
12 3320 0 100 154282520 5.41491 5.41491
16 3351 0 100 121534766 5.51491 5.51491
10 3376 0 100 154261984 5.61491 5.61491
14 3337 0 100 121558706 5.91491 5.91491
4 3369 0 100 154260704 5.91491 5.91491
6 3359 0 100 154285608 5.91491 5.91491
9 3314 0 100 154258608 6.11491 6.11491
21 3312 0 100 121570550 6.21491 6.21491
15 3336 0 100 154261240 6.21491 6.21491
8 3342 0 100 154295328 6.21491 6.21491
38 3340 0 100 88868128 6.31491 6.31491
48 3370 0 100 88873952 6.41491 6.41491
40 3358 0 100 154294144 6.41491 6.41491
5 3343 0 100 154294640 6.81491 6.81491
30 3348 0 100 154247632 7.01491 7.01491
43 3364 0 100 154274200 7.31491 7.31491
31 3372 0 100 121537958 7.51491 7.51491
