22 3310 1.00343
21 3312 1.02335
9 3314 1.19133
20 3316 1.25875
2 3317 1.30946
35 3319 1.33339
12 3320 1.33993
24 3321 1.35811
37 3322 1.41099
26 3326 1.6493
41 3327 1.66304
46 3328 1.66721
23 3329 1.66729
13 3330 1.69076
45 3331 1.70396
44 3333 1.77435
42 3334 1.80474
15 3336 1.82816
14 3337 1.87047
1 3339 1.95162
38 3340 1.98519
8 3342 2.01495
5 3343 2.02794
47 3345 2.11765
3 3346 2.1224
36 3347 2.12425
30 3348 2.13896
50 3349 2.16811
16 3351 2.28443
25 3352 2.29762
28 3354 2.32464
27 3355 2.33546
33 3356 2.36077
40 3358 2.43767
6 3359 2.47276
29 3360 2.48295
7 3361 2.504
32 3363 2.52378
43 3364 2.58294
39 3366 2.63823
18 3368 2.71701
4 3369 2.73372
48 3370 2.73545
31 3372 2.81631
34 3373 2.83899
49 3374 2.85386
11 3375 2.85717
10 3376 2.90816
17 3378 2.94279
19 3379 2.9645
