8 0.8 0.016 0.784
8 0.784 0.16 0.624
25 0.8 0.016 0.784
25 0.784 0.16 0.624
9 0.8 0.016 0.784
27 0.8 0.016 0.784
27 0.784 0.16 0.624
9 0.784 0.16 0.624
9 0.624 0.16 0.464
22 0.8 0.016 0.784
22 0.784 0.16 0.624
6 0.8 0.016 0.784
10 0.8 0.016 0.784
6 0.784 0.16 0.624
5 0.8 0.16 0.64
10 0.784 0.16 0.624
10 0.624 0.16 0.464
5 0.718615 0.016 0.702615
5 0.702615 0.16 0.542615
12 0.8 0.016 0.784
12 0.784 0.16 0.624
28 0.8 0.016 0.784
28 0.784 0.16 0.624
3 0.8 0.16 0.64
3 0.714906 0.016 0.698906
3 0.698906 0.16 0.538906
7 0.8 0.016 0.784
7 0.784 0.16 0.624
15 0.8 0.16 0.64
15 0.718155 0.016 0.702155
15 0.702155 0.16 0.542155
26 0.8 0.016 0.784
26 0.784 0.16 0.624
24 0.8 0.016 0.784
24 0.784 0.16 0.624
14 0.8 0.016 0.784
14 0.784 0.16 0.624
2 0.8 0.016 0.784
2 0.784 0.16 0.624
23 0.8 0.16 0.64
23 0.71139 0.016 0.69539
23 0.69539 0.16 0.53539
13 0.8 0.16 0.64
13 0.710269 0.016 0.694269
16 0.8 0.016 0.784
13 0.694269 0.16 0.534269
16 0.784 0.16 0.624
16 0.624 0.16 0.464
4 0.8 0.016 0.784
30 0.8 0.016 0.784
4 0.784 0.16 0.624
30 0.784 0.16 0.624
11 0.8 0.16 0.64
11 0.64 0.16 0.48
11 0.558624 0.016 0.542624
11 0.542624 0.16 0.382624
29 0.8 0.016 0.784
29 0.784 0.16 0.624
20 0.8 0.16 0.64
20 0.712404 0.016 0.696404
20 0.696404 0.16 0.536404
18 0.8 0.16 0.64
18 0.714701 0.016 0.698701
18 0.698701 0.16 0.538701
19 0.8 0.016 0.784
19 0.784 0.16 0.624
1 0.8 0.016 0.784
1 0.784 0.16 0.624
17 0.8 0.016 0.784
21 0.8 0.016 0.784
17 0.784 0.16 0.624
21 0.784 0.16 0.624
21 0.624 0.16 0.464
