0 3710
0 3711
0 3712
0 3713
0 3714
0 3715
0 3716
0 3717
0 3718
0 3719
0 3720
0 3722
0 3727
0 3730
0 3734
0 3739
41 3728
0 3744
51 3740
0 3749
6 3746
0 3754
0 3760
57 3737
18 3736
0 3763
0 3768
23 3729
0 3774
28 3738
0 3777
0 3782
10 3769
37 3759
0 3785
0 3788
50 3772
59 3766
62 3762
0 3792
0 3799
12 3791
0 3807
30 3743
0 3810
0 3811
0 3812
33 3805
0 3813
44 3789
7 3757
66 3758
0 3814
0 3815
36 3806
58 3751
0 3816
14 3765
0 3817
46 3733
52 3750
0 3818
1 3725
0 3819
0 3820
0 3821
0 3822
25 3723
0 3823
48 3742
69 3741
0 3824
20 3731
0 3825
56 3773
0 3826
21 3804
2 3780
0 3827
8 3802
15 3793
35 3790
42 3794
0 3828
22 3726
53 3786
45 3771
0 3829
24 3798
60 3761
0 3830
0 3831
0 3832
0 3833
43 3745
27 3779
0 3834
27 3779
11 3801
0 3835
31 3764
70 3735
0 3836
67 3732
0 3837
26 3784
0 3838
0 3839
65 3752
17 3753
4 3800
0 3840
16 3721
0 3841
47 3756
29 3748
32 3770
0 3842
13 3724
9 3809
0 3843
0 3844
34 3783
3 3781
54 3778
0 3845
39 3787
63 3767
49 3808
0 3846
64 3795
0 3847
68 3755
19 3747
0 3848
0 3849
38 3776
0 3850
0 3851
5 3797
0 3852
0 3853
0 3854
40 3775
0 3855
0 3856
55 3803
61 3796
0 3857
0 3858
0 3859
0 3860
0 3861
0 3862
0 3863
0 3864
0 3865
0 3866
0 3867
0 3868
0 3869
0 3870
0 3871
0 3872
0 3873
0 3874
0 3875
0 3876
0 3877
0 3878
0 3879
0 3880
0 3881
0 3882
0 3883
0 3884
0 3885
0 3886
0 3887
0 3888
0 3889
0 3890
0 3891
0 3892
0 3893
0 3894
0 3895
0 3896
0 3897
0 3898
0 3899
0 3900
0 3901
0 3902
0 3903
0 3904
0 3905
0 3906
0 3907
0 3908
0 3909
0 3910
0 3911
0 3912
0 3913
0 3914
0 3915
0 3916
0 3917
0 3918
0 3919
0 3920
0 3921
0 3922
0 3923
0 3924
0 3925
0 3926
0 3927
0 3928
0 3929
