38 1070 1.01287
7 1071 1.04418
17 1072 1.06813
16 1074 1.10823
4 1075 1.11282
14 1076 1.11892
40 1077 1.13105
10 1079 1.26423
36 1082 1.40081
20 1083 1.40233
15 1084 1.44899
18 1086 1.51296
35 1088 1.59991
33 1090 1.7701
13 1092 1.87007
26 1093 1.87667
30 1094 1.88162
32 1096 1.8987
25 1097 1.93011
2 1098 1.93929
3 1101 2.18392
22 1103 2.27182
21 1105 2.3518
24 1107 2.40324
31 1108 2.43268
19 1109 2.44002
1 1110 2.45592
39 1111 2.47763
28 1113 2.52841
11 1114 2.53251
6 1115 2.5531
34 1117 2.66485
37 1119 2.72069
23 1120 2.72109
9 1121 2.75381
29 1122 2.7679
12 1124 2.83599
8 1125 2.8401
27 1126 2.84718
5 1128 2.99076
