25 2364 0 100 32663568 1.07895 1.07895
1 2373 0 100 32668546 1.17895 1.17895
66 2375 0 100 32663318 1.27895 1.27895
4 2366 0 100 32666330 1.57895 1.57895
57 2376 0 100 32656574 1.57895 1.57895
43 2384 0 100 32656986 1.67895 1.67895
12 2403 0 100 32647300 1.77895 1.77895
47 2390 0 100 32651970 1.77895 1.77895
91 2392 0 100 32658454 1.97895 1.97895
31 2412 0 100 32669688 1.97895 1.97895
61 2406 0 100 32653554 2.37895 2.37895
40 2409 0 100 32661566 2.37895 2.37895
32 2437 0 100 32647868 2.37895 2.37895
81 2408 0 100 32659530 2.47895 2.47895
6 2397 0 100 32673354 2.47895 2.47895
14 2371 0 100 32668110 2.57895 2.57895
69 2416 0 100 32654278 2.57895 2.57895
73 2428 0 100 32662430 2.67895 2.67895
75 2387 0 100 32657960 2.67895 2.67895
46 2388 0 100 32673670 2.77895 2.77895
96 2423 0 100 32670848 2.77895 2.77895
42 2426 0 100 32644126 2.77895 2.77895
76 2361 0 100 32638162 2.87895 2.87895
88 2430 0 100 32651608 2.97895 2.97895
11 2367 0 100 32661980 2.97895 2.97895
78 2447 0 100 32678140 3.07895 3.07895
74 2362 0 100 32677026 3.07895 3.07895
27 2419 0 100 32664614 3.17895 3.17895
63 2459 0 100 32653506 3.27895 3.27895
15 2370 0 100 32661704 3.27895 3.27895
30 2401 0 100 32676910 3.27895 3.27895
86 2360 0 100 32663442 3.37895 3.37895
98 2393 0 100 32673774 3.47895 3.47895
58 2379 0 100 32661076 3.57895 3.57895
10 2468 0 100 32629648 3.57895 3.57895
33 2433 0 100 32663854 3.67895 3.67895
65 2418 0 100 32674156 3.67895 3.67895
36 2452 0 100 32643806 3.67895 3.67895
24 2445 0 100 32671100 3.97895 3.97895
55 2415 0 100 32652808 3.97895 3.97895
84 2382 0 100 32677890 3.97895 3.97895
62 2442 0 100 32644440 3.97895 3.97895
94 2456 0 100 32632520 4.07895 4.07895
21 2453 0 100 32652140 4.07895 4.07895
29 2402 0 100 32665714 4.07895 4.07895
97 2380 0 100 32640254 4.17895 4.17895
92 2434 0 100 32636208 4.27895 4.27895
44 2391 0 100 32634162 4.27895 4.27895
13 2399 0 100 32637332 4.27895 4.27895
45 2448 0 100 32645872 4.37895 4.37895
22 2363 0 100 32649776 4.37895 4.37895
18 2469 0 100 32682320 4.47895 4.47895
64 2372 0 100 32666016 4.47895 4.47895
49 2411 0 100 32651300 4.47895 4.47895
100 2451 0 100 32649066 4.57895 4.57895
83 2450 0 100 32668452 4.57895 4.57895
77 2394 0 100 32658536 4.57895 4.57895
59 2475 0 100 32656252 4.67895 4.67895
54 2439 0 100 32638062 4.77895 4.77895
99 2461 0 100 32656356 4.77895 4.77895
8 2405 0 100 32631268 4.87895 4.87895
68 2460 0 100 32644526 4.87895 4.87895
85 2422 0 100 32641452 4.87895 4.87895
56 2386 0 100 32646538 4.97895 4.97895
38 2476 0 100 32669874 5.07895 5.07895
16 2435 0 100 32649512 5.37895 5.37895
41 2455 0 100 32655406 5.37895 5.37895
72 2414 0 100 32656398 5.47895 5.47895
37 2427 0 100 32667440 5.57895 5.57895
39 2410 0 100 32667238 5.57895 5.57895
82 2377 0 100 32663996 5.57895 5.57895
89 2369 0 100 32648630 5.77895 5.77895
23 2466 0 100 32651774 5.87895 5.87895
34 2407 0 100 32667632 5.87895 5.87895
20 2443 0 100 32640864 6.07895 6.07895
60 2383 0 100 32665106 6.07895 6.07895
3 2389 0 100 32663350 6.17895 6.17895
79 2378 0 100 32654686 6.27895 6.27895
93 2464 0 100 32674444 6.27895 6.27895
7 2444 0 100 32629218 6.47895 6.47895
48 2479 0 100 32670554 6.57895 6.57895
70 2477 0 100 32681626 6.57895 6.57895
87 2446 0 100 32627786 6.67895 6.67895
26 2431 0 100 32658060 6.77895 6.77895
90 2438 0 100 32651572 6.77895 6.77895
67 2467 0 100 32667966 6.97895 6.97895
50 2424 0 100 32665898 6.97895 6.97895
17 2420 0 100 32652102 7.07895 7.07895
5 2440 0 100 32681834 7.27895 7.27895
95 2458 0 100 32676152 7.37895 7.37895
52 2471 0 100 32654532 7.37895 7.37895
51 2463 0 100 32652978 7.67895 7.67895
19 2474 0 100 32647918 7.87895 7.87895
