13 1462 0 100 32682806 1.13077 1.13077
49 1470 0 100 32636522 1.43077 1.43077
59 1467 0 100 32664358 1.53077 1.53077
7 1471 0 100 32676660 1.73077 1.73077
34 1464 0 100 32632826 1.83077 1.83077
44 1465 0 100 32667892 1.93077 1.93077
50 1488 0 100 32666122 2.03077 2.03077
16 1493 0 100 32646622 2.23077 2.23077
37 1484 0 100 32639716 2.33077 2.33077
47 1463 0 100 32644276 2.53077 2.53077
31 1502 0 100 32666684 2.83077 2.83077
6 1480 0 100 32652894 2.83077 2.83077
38 1528 0 100 32649918 2.83077 2.83077
18 1532 0 100 32666798 2.93077 2.93077
12 1511 0 100 32647070 2.93077 2.93077
26 1489 0 100 32664130 3.03077 3.03077
53 1525 0 100 32668790 3.13077 3.13077
24 1495 0 100 32660416 3.43077 3.43077
56 1514 0 100 32647970 3.53077 3.53077
57 1503 0 100 32646526 3.53077 3.53077
3 1537 0 100 32675180 3.63077 3.63077
17 1479 0 100 32676666 3.73077 3.73077
43 1506 0 100 32653838 3.73077 3.73077
60 1494 0 100 32670252 3.83077 3.83077
23 1522 0 100 32646294 3.93077 3.93077
15 1460 0 100 32671632 4.03077 4.03077
36 1517 0 100 32655850 4.03077 4.03077
42 1501 0 100 32682772 4.13077 4.13077
27 1476 0 100 32669700 4.13077 4.13077
41 1530 0 100 32660354 4.33077 4.33077
11 1478 0 100 32649104 4.33077 4.33077
54 1499 0 100 32662690 4.43077 4.43077
52 1472 0 100 32668864 4.43077 4.43077
55 1519 0 100 32671572 4.63077 4.63077
25 1508 0 100 32639614 4.63077 4.63077
21 1490 0 100 32674344 4.63077 4.63077
8 1482 0 100 32682070 4.83077 4.83077
20 1520 0 100 32662774 4.93077 4.93077
40 1486 0 100 32658436 5.03077 5.03077
32 1538 0 100 32675162 5.03077 5.03077
14 1524 0 100 32641702 5.03077 5.03077
58 1498 0 100 32652104 5.33077 5.33077
30 1516 0 100 32649204 5.53077 5.53077
29 1536 0 100 32661374 5.53077 5.53077
1 1497 0 100 32629610 5.53077 5.53077
10 1509 0 100 32665868 5.63077 5.63077
19 1505 0 100 32656024 5.63077 5.63077
4 1512 0 100 32674912 5.63077 5.63077
28 1487 0 100 32671686 5.73077 5.73077
45 1473 0 100 32657048 5.73077 5.73077
46 1527 0 100 32668246 5.93077 5.93077
48 1468 0 100 32657774 6.03077 6.03077
2 1474 0 100 32648276 6.13077 6.13077
5 1485 0 100 32629430 6.33077 6.33077
22 1531 0 100 32678480 6.43077 6.43077
51 1518 0 100 32647790 6.53077 6.53077
9 1513 0 100 32676688 6.83077 6.83077
39 1533 0 100 32645120 7.43077 7.43077
35 1539 0 100 32671860 7.63077 7.63077
