13 0.8 0.016 0.784
13 0.784 0.16 0.624
49 0.8 0.016 0.784
49 0.784 0.16 0.624
59 0.8 0.016 0.784
59 0.784 0.16 0.624
7 0.8 0.016 0.784
7 0.784 0.16 0.624
34 0.8 0.16 0.64
34 0.715385 0.016 0.699385
34 0.699385 0.16 0.539385
44 0.8 0.016 0.784
44 0.784 0.16 0.624
50 0.8 0.16 0.64
50 0.719016 0.016 0.703016
50 0.703016 0.16 0.543016
16 0.8 0.016 0.784
16 0.784 0.16 0.624
37 0.8 0.016 0.784
37 0.784 0.16 0.624
47 0.8 0.016 0.784
47 0.784 0.16 0.624
6 0.8 0.016 0.784
31 0.8 0.016 0.784
38 0.8 0.016 0.784
31 0.784 0.16 0.624
6 0.784 0.16 0.624
38 0.784 0.16 0.624
12 0.8 0.16 0.64
12 0.64 0.16 0.48
12 0.551313 0.016 0.535313
18 0.8 0.016 0.784
18 0.784 0.16 0.624
12 0.535313 0.16 0.375313
26 0.8 0.16 0.64
26 0.714144 0.016 0.698144
26 0.698144 0.16 0.538144
53 0.8 0.016 0.784
53 0.784 0.16 0.624
24 0.8 0.016 0.784
24 0.784 0.16 0.624
56 0.8 0.16 0.64
56 0.713189 0.016 0.697189
57 0.8 0.016 0.784
56 0.697189 0.16 0.537189
57 0.784 0.16 0.624
3 0.8 0.016 0.784
3 0.784 0.16 0.624
17 0.8 0.16 0.64
43 0.8 0.16 0.64
17 0.712522 0.016 0.696522
43 0.716814 0.016 0.700814
17 0.696522 0.16 0.536522
43 0.700814 0.16 0.540814
60 0.8 0.16 0.64
60 0.64 0.16 0.48
60 0.55591 0.016 0.53991
60 0.53991 0.16 0.37991
23 0.8 0.16 0.64
23 0.714479 0.016 0.698479
23 0.698479 0.16 0.538479
15 0.8 0.016 0.784
36 0.8 0.016 0.784
15 0.784 0.16 0.624
36 0.784 0.16 0.624
27 0.8 0.16 0.64
42 0.8 0.16 0.64
42 0.64 0.16 0.48
27 0.710351 0.016 0.694351
42 0.553088 0.016 0.537088
42 0.537088 0.16 0.377088
27 0.694351 0.16 0.534351
11 0.8 0.016 0.784
41 0.8 0.016 0.784
41 0.784 0.16 0.624
11 0.784 0.16 0.624
33 0.8 0.16 0.64
52 0.8 0.16 0.64
33 0.64 0.16 0.48
52 0.64 0.16 0.48
33 0.550396 0.016 0.534396
52 0.554159 0.016 0.538159
54 0.8 0.016 0.784
33 0.534396 0.16 0.374396
54 0.784 0.16 0.624
52 0.538159 0.16 0.378159
21 0.8 0.016 0.784
25 0.8 0.016 0.784
55 0.8 0.016 0.784
55 0.784 0.16 0.624
25 0.784 0.16 0.624
21 0.784 0.16 0.624
8 0.8 0.016 0.784
8 0.784 0.16 0.624
14 0.8 0.16 0.64
20 0.8 0.16 0.64
20 0.712036 0.016 0.696036
20 0.696036 0.16 0.536036
14 0.713463 0.16 0.553463
14 0.624922 0.016 0.608922
32 0.8 0.016 0.784
40 0.8 0.016 0.784
40 0.784 0.16 0.624
32 0.784 0.16 0.624
14 0.608922 0.16 0.448922
58 0.8 0.016 0.784
58 0.784 0.16 0.624
1 0.8 0.016 0.784
29 0.8 0.016 0.784
30 0.8 0.016 0.784
30 0.784 0.16 0.624
29 0.784 0.16 0.624
1 0.784 0.16 0.624
10 0.8 0.16 0.64
19 0.8 0.16 0.64
10 0.64 0.16 0.48
19 0.64 0.16 0.48
10 0.48 0.16 0.32
19 0.48 0.16 0.32
4 0.8 0.016 0.784
10 0.393094 0.016 0.377094
19 0.393169 0.016 0.377169
10 0.377094 0.16 0.217094
19 0.377169 0.16 0.217169
4 0.784 0.16 0.624
28 0.8 0.16 0.64
45 0.8 0.16 0.64
28 0.719061 0.016 0.703061
45 0.716677 0.016 0.700677
28 0.703061 0.16 0.543061
45 0.700677 0.16 0.540677
46 0.8 0.016 0.784
46 0.784 0.16 0.624
48 0.8 0.016 0.784
48 0.784 0.16 0.624
2 0.8 0.16 0.64
2 0.711045 0.016 0.695045
2 0.695045 0.16 0.535045
5 0.8 0.016 0.784
5 0.784 0.16 0.624
22 0.8 0.016 0.784
22 0.784 0.16 0.624
51 0.8 0.16 0.64
51 0.712848 0.016 0.696848
51 0.696848 0.16 0.536848
9 0.8 0.016 0.784
9 0.784 0.16 0.624
39 0.8 0.016 0.784
39 0.784 0.16 0.624
35 0.8 0.016 0.784
35 0.784 0.16 0.624
