29 0.8 0.016 0.784
29 0.784 0.16 0.624
1 0.8 0.016 0.784
1 0.784 0.16 0.624
3 0.8 0.016 0.784
27 0.8 0.016 0.784
27 0.784 0.16 0.624
3 0.784 0.16 0.624
14 0.8 0.16 0.64
14 0.716964 0.016 0.700964
26 0.8 0.016 0.784
26 0.784 0.16 0.624
14 0.700964 0.16 0.540964
6 0.8 0.016 0.784
20 0.8 0.016 0.784
6 0.784 0.16 0.624
20 0.784 0.16 0.624
24 0.8 0.16 0.64
24 0.713665 0.016 0.697665
24 0.697665 0.16 0.537665
10 0.8 0.16 0.64
10 0.715262 0.016 0.699262
10 0.699262 0.16 0.539262
4 0.8 0.16 0.64
4 0.719194 0.016 0.703194
4 0.703194 0.16 0.543194
28 0.8 0.16 0.64
28 0.712482 0.016 0.696482
28 0.696482 0.16 0.536482
5 0.8 0.016 0.784
15 0.8 0.016 0.784
5 0.784 0.16 0.624
15 0.784 0.16 0.624
12 0.8 0.016 0.784
12 0.784 0.16 0.624
9 0.8 0.016 0.784
9 0.784 0.16 0.624
19 0.8 0.16 0.64
19 0.714202 0.016 0.698202
21 0.8 0.016 0.784
21 0.784 0.16 0.624
19 0.698202 0.16 0.538202
16 0.8 0.016 0.784
16 0.784 0.16 0.624
8 0.8 0.016 0.784
23 0.8 0.016 0.784
23 0.784 0.16 0.624
8 0.784 0.16 0.624
13 0.8 0.016 0.784
13 0.784 0.16 0.624
7 0.8 0.16 0.64
11 0.8 0.16 0.64
22 0.8 0.16 0.64
7 0.713759 0.016 0.697759
11 0.710286 0.016 0.694286
22 0.712389 0.016 0.696389
11 0.694286 0.16 0.534286
7 0.697759 0.16 0.537759
22 0.696389 0.16 0.536389
17 0.8 0.016 0.784
18 0.8 0.016 0.784
17 0.784 0.16 0.624
18 0.784 0.16 0.624
30 0.8 0.016 0.784
30 0.784 0.16 0.624
2 0.8 0.16 0.64
2 0.712573 0.016 0.696573
2 0.696573 0.16 0.536573
25 0.8 0.016 0.784
25 0.784 0.16 0.624
