15 1460 1.01694
13 1462 1.03987
47 1463 1.09866
34 1464 1.11788
44 1465 1.11942
59 1467 1.14514
48 1468 1.16807
49 1470 1.23163
7 1471 1.24107
52 1472 1.24234
45 1473 1.32108
2 1474 1.33059
27 1476 1.33174
11 1478 1.52001
17 1479 1.52553
6 1480 1.52895
8 1482 1.62704
37 1484 1.63085
5 1485 1.63715
40 1486 1.65157
28 1487 1.65615
50 1488 1.65774
26 1489 1.68854
21 1490 1.71201
16 1493 1.8877
60 1494 1.90578
24 1495 1.91531
1 1497 1.93403
58 1498 1.94587
54 1499 1.96359
42 1501 2.06909
31 1502 2.10938
57 1503 2.13064
19 1505 2.13266
43 1506 2.18456
25 1508 2.31896
10 1509 2.32354
12 1511 2.33989
4 1512 2.34637
9 1513 2.38845
56 1514 2.40422
30 1516 2.43575
36 1517 2.48339
51 1518 2.49692
55 1519 2.50899
20 1520 2.51972
23 1522 2.54027
14 1524 2.63212
53 1525 2.69158
46 1527 2.81599
38 1528 2.8206
41 1530 2.89627
22 1531 2.91694
18 1532 2.92531
39 1533 2.92774
33 1535 2.93262
29 1536 2.97721
3 1537 2.979
32 1538 2.99518
35 1539 2.99671
