0 2110
0 2111
0 2112
0 2113
0 2114
0 2115
0 2116
0 2117
0 2118
0 2119
0 2121
0 2127
0 2131
0 2136
88 2120
0 2143
0 2151
19 2124
72 2139
0 2160
0 2165
0 2168
32 2150
49 2163
0 2174
0 2177
0 2184
3 2142
83 2153
0 2189
66 2125
10 2159
0 2194
0 2196
0 2204
57 2158
0 2208
7 2205
14 2122
0 2212
35 2210
69 2132
0 2217
58 2148
42 2171
55 2167
45 2161
16 2162
0 2224
28 2197
85 2199
0 2230
0 2231
77 2147
8 2123
0 2232
63 2211
0 2233
15 2186
0 2234
9 2213
34 2175
0 2235
26 2191
0 2236
73 2195
38 2209
0 2237
44 2140
53 2178
0 2238
60 2130
20 2183
0 2239
17 2182
54 2164
0 2240
65 2214
0 2241
23 2222
0 2242
0 2243
40 2200
33 2187
82 2134
0 2244
84 2154
75 2166
46 2128
74 2138
4 2228
0 2245
39 2181
89 2155
0 2246
29 2185
51 2201
36 2135
0 2247
48 2223
0 2248
41 2145
0 2249
90 2133
0 2250
0 2251
0 2252
0 2253
0 2254
13 2126
30 2146
0 2255
0 2256
80 2169
6 2227
62 2129
0 2257
61 2207
1 2144
2 2188
47 2156
0 2258
86 2172
24 2206
76 2137
0 2259
68 2170
31 2229
0 2260
0 2261
87 2203
5 2226
0 2262
37 2219
59 2141
0 2263
12 2220
64 2216
0 2264
27 2152
56 2157
43 2202
0 2265
78 2193
52 2179
71 2180
25 2221
0 2266
11 2149
0 2267
79 2176
0 2268
50 2173
70 2215
0 2269
0 2270
0 2271
0 2272
0 2273
21 2218
18 2190
81 2225
67 2192
0 2274
0 2275
22 2198
0 2276
0 2277
0 2278
0 2279
0 2280
0 2281
0 2282
0 2283
0 2284
0 2285
0 2286
0 2287
0 2288
0 2289
0 2290
0 2291
0 2292
0 2293
0 2294
0 2295
0 2296
0 2297
0 2298
0 2299
0 2300
0 2301
0 2302
0 2303
0 2304
0 2305
0 2306
0 2307
0 2308
0 2309
0 2310
0 2311
0 2312
0 2313
0 2314
0 2315
0 2316
0 2317
0 2318
0 2319
0 2320
0 2321
0 2322
0 2323
0 2324
0 2325
0 2326
0 2327
0 2328
0 2329
0 2330
0 2331
0 2332
0 2333
0 2334
0 2335
0 2336
0 2337
0 2338
0 2339
0 2340
0 2341
0 2342
0 2343
0 2344
0 2345
0 2346
0 2347
0 2348
0 2349
