11 0.8 0.016 0.784
11 0.784 0.16 0.624
17 0.8 0.016 0.784
17 0.784 0.16 0.624
8 0.8 0.016 0.784
8 0.784 0.16 0.624
12 0.8 0.016 0.784
12 0.784 0.16 0.624
10 0.8 0.16 0.64
10 0.713115 0.016 0.697115
10 0.697115 0.16 0.537115
9 0.8 0.16 0.64
9 0.712439 0.016 0.696439
9 0.696439 0.16 0.536439
6 0.8 0.016 0.784
6 0.784 0.16 0.624
1 0.8 0.16 0.64
1 0.717433 0.016 0.701433
1 0.701433 0.16 0.541433
14 0.8 0.016 0.784
14 0.784 0.16 0.624
15 0.8 0.016 0.784
19 0.8 0.016 0.784
15 0.784 0.16 0.624
19 0.784 0.16 0.624
13 0.8 0.16 0.64
13 0.717871 0.016 0.701871
13 0.701871 0.16 0.541871
4 0.8 0.016 0.784
4 0.784 0.16 0.624
5 0.8 0.016 0.784
5 0.784 0.16 0.624
3 0.8 0.016 0.784
7 0.8 0.016 0.784
18 0.8 0.016 0.784
3 0.784 0.16 0.624
18 0.784 0.16 0.624
7 0.784 0.16 0.624
16 0.8 0.016 0.784
16 0.784 0.16 0.624
2 0.8 0.016 0.784
2 0.784 0.16 0.624
20 0.8 0.016 0.784
20 0.784 0.16 0.624
