10 1261 0 100 32657782 1.08085 1.08085
18 1270 0 100 32652366 1.68085 1.68085
5 1283 0 100 32674916 2.08085 2.08085
48 1263 0 100 32676948 2.48085 2.48085
24 1272 0 100 32645904 2.68085 2.68085
35 1281 0 100 32640838 2.68085 2.68085
27 1288 0 100 32681474 2.78085 2.78085
31 1295 0 100 32664082 2.78085 2.78085
12 1311 0 100 32637614 2.88085 2.88085
19 1292 0 100 32645190 3.08085 3.08085
45 1314 0 100 32628174 3.08085 3.08085
36 1300 0 100 32669888 3.08085 3.08085
21 1278 0 100 32680666 3.38085 3.38085
39 1273 0 100 32656576 3.48085 3.48085
50 1269 0 100 32646166 3.48085 3.48085
33 1306 0 100 32679030 3.58085 3.58085
14 1316 0 100 32671108 3.78085 3.78085
42 1264 0 100 32670758 3.78085 3.78085
29 1279 0 100 32639322 3.88085 3.88085
3 1309 0 100 32682616 4.08085 4.08085
44 1315 0 100 32681936 4.18085 4.18085
2 1267 0 100 32677592 4.18085 4.18085
15 1318 0 100 32636802 4.28085 4.28085
17 1302 0 100 32655442 4.28085 4.28085
47 1322 0 100 32653368 4.28085 4.28085
20 1325 0 100 32660906 4.38085 4.38085
11 1286 0 100 32632836 4.58085 4.58085
37 1293 0 100 32654978 4.58085 4.58085
34 1282 0 100 32665052 4.78085 4.78085
13 1326 0 100 32640264 4.88085 4.88085
43 1319 0 100 32661552 5.08085 5.08085
6 1298 0 100 32646048 5.48085 5.48085
4 1305 0 100 32664462 5.48085 5.48085
38 1324 0 100 32639650 5.68085 5.68085
25 1291 0 100 32649822 5.68085 5.68085
9 1260 0 100 32661906 5.78085 5.78085
8 1320 0 100 32654286 5.78085 5.78085
28 1275 0 100 32680744 5.98085 5.98085
40 1312 0 100 32636294 5.98085 5.98085
1 1301 0 100 32674338 5.98085 5.98085
30 1328 0 100 32675504 6.18085 6.18085
41 1265 0 100 32648540 6.18085 6.18085
23 1321 0 100 32664604 6.28085 6.28085
49 1284 0 100 32668036 6.38085 6.38085
32 1296 0 100 32643210 6.48085 6.48085
16 1287 0 100 32642102 6.48085 6.48085
26 1308 0 100 32647146 6.58085 6.58085
46 1304 0 100 32644886 7.38085 7.38085
