64 0.8 0.016 0.784
64 0.784 0.16 0.624
48 0.8 0.016 0.784
48 0.784 0.16 0.624
49 0.8 0.016 0.784
49 0.784 0.16 0.624
39 0.8 0.016 0.784
39 0.784 0.16 0.624
18 0.8 0.016 0.784
18 0.784 0.16 0.624
16 0.8 0.016 0.784
27 0.8 0.016 0.784
61 0.8 0.016 0.784
16 0.784 0.16 0.624
27 0.784 0.16 0.624
61 0.784 0.16 0.624
4 0.8 0.16 0.64
4 0.64 0.16 0.48
4 0.55301 0.016 0.53701
4 0.53701 0.16 0.37701
3 0.8 0.016 0.784
43 0.8 0.016 0.784
3 0.784 0.16 0.624
43 0.784 0.16 0.624
46 0.8 0.016 0.784
46 0.784 0.16 0.624
10 0.8 0.016 0.784
10 0.784 0.16 0.624
2 0.8 0.16 0.64
2 0.713866 0.016 0.697866
67 0.8 0.016 0.784
67 0.784 0.16 0.624
2 0.697866 0.16 0.537866
12 0.8 0.16 0.64
53 0.8 0.16 0.64
12 0.714791 0.016 0.698791
53 0.719923 0.016 0.703923
53 0.703923 0.16 0.543923
12 0.698791 0.16 0.538791
32 0.8 0.16 0.64
32 0.64 0.16 0.48
32 0.557403 0.016 0.541403
32 0.541403 0.16 0.381403
13 0.8 0.16 0.64
13 0.716561 0.016 0.700561
56 0.8 0.016 0.784
13 0.700561 0.16 0.540561
56 0.784 0.16 0.624
34 0.8 0.016 0.784
38 0.8 0.016 0.784
44 0.8 0.016 0.784
38 0.784 0.16 0.624
34 0.784 0.16 0.624
44 0.784 0.16 0.624
20 0.8 0.16 0.64
20 0.64 0.16 0.48
20 0.48 0.16 0.32
20 0.394293 0.016 0.378293
20 0.378293 0.16 0.218293
17 0.8 0.16 0.64
41 0.8 0.16 0.64
65 0.8 0.16 0.64
66 0.8 0.16 0.64
17 0.717236 0.016 0.701236
41 0.717958 0.016 0.701958
65 0.71959 0.016 0.70359
66 0.710107 0.016 0.694107
17 0.701236 0.16 0.541236
41 0.701958 0.16 0.541958
65 0.70359 0.16 0.54359
66 0.694107 0.16 0.534107
5 0.8 0.016 0.784
5 0.784 0.16 0.624
7 0.8 0.16 0.64
45 0.8 0.16 0.64
7 0.713321 0.016 0.697321
45 0.714207 0.016 0.698207
7 0.697321 0.16 0.537321
45 0.698207 0.16 0.538207
11 0.8 0.16 0.64
11 0.64 0.16 0.48
55 0.8 0.16 0.64
11 0.553735 0.016 0.537735
55 0.715138 0.016 0.699138
55 0.699138 0.16 0.539138
11 0.537735 0.16 0.377735
40 0.8 0.16 0.64
57 0.8 0.16 0.64
40 0.64 0.16 0.48
57 0.64 0.16 0.48
40 0.552378 0.016 0.536378
57 0.556954 0.016 0.540954
40 0.536378 0.16 0.376378
57 0.540954 0.16 0.380954
28 0.8 0.016 0.784
42 0.8 0.016 0.784
62 0.8 0.016 0.784
68 0.8 0.016 0.784
70 0.8 0.016 0.784
70 0.784 0.16 0.624
28 0.784 0.16 0.624
68 0.784 0.16 0.624
62 0.784 0.16 0.624
42 0.784 0.16 0.624
22 0.8 0.16 0.64
50 0.8 0.16 0.64
22 0.64 0.16 0.48
50 0.64 0.16 0.48
22 0.48 0.16 0.32
50 0.48 0.16 0.32
22 0.32 0.16 0.16
50 0.32 0.16 0.16
22 0.16 0.16 -5.55112e-17
50 0.16 0.16 -5.55112e-17
22 0.079885 0.016 0.063885
50 0.0732003 0.016 0.0572003
22 0.138606 0.016 0.122606
26 0.8 0.016 0.784
50 0.133651 0.016 0.117651
26 0.784 0.16 0.624
30 0.8 0.16 0.64
33 0.8 0.16 0.64
50 0.117651 0.16 -0.0423488
30 0.714834 0.016 0.698834
33 0.714077 0.016 0.698077
30 0.698834 0.16 0.538834
33 0.698077 0.16 0.538077
1 0.8 0.16 0.64
1 0.64 0.16 0.48
1 0.556802 0.016 0.540802
14 0.8 0.016 0.784
1 0.540802 0.16 0.380802
14 0.784 0.16 0.624
6 0.8 0.16 0.64
6 0.796612 0.016 0.780612
8 0.8 0.016 0.784
9 0.8 0.016 0.784
47 0.8 0.016 0.784
22 0.421443 0.16 0.261443
8 0.784 0.16 0.624
47 0.784 0.16 0.624
50 0.290975 0.16 0.130975
6 0.780612 0.16 0.620612
9 0.784 0.16 0.624
22 0.338352 0.16 0.178352
50 0.201132 0.16 0.0411318
29 0.8 0.016 0.784
29 0.784 0.16 0.624
59 0.8 0.016 0.784
59 0.784 0.16 0.624
19 0.8 0.16 0.64
19 0.710141 0.016 0.694141
19 0.694141 0.16 0.534141
58 0.8 0.016 0.784
58 0.784 0.16 0.624
15 0.8 0.16 0.64
15 0.716495 0.016 0.700495
15 0.700495 0.16 0.540495
69 0.8 0.016 0.784
69 0.784 0.16 0.624
21 0.8 0.016 0.784
21 0.784 0.16 0.624
25 0.8 0.16 0.64
25 0.71607 0.016 0.70007
35 0.8 0.016 0.784
36 0.8 0.016 0.784
51 0.8 0.016 0.784
35 0.784 0.16 0.624
25 0.70007 0.16 0.54007
51 0.784 0.16 0.624
36 0.784 0.16 0.624
23 0.8 0.16 0.64
23 0.64 0.16 0.48
23 0.552598 0.016 0.536598
23 0.536598 0.16 0.376598
63 0.8 0.16 0.64
63 0.711532 0.016 0.695532
63 0.695532 0.16 0.535532
37 0.8 0.16 0.64
37 0.715416 0.016 0.699416
37 0.699416 0.16 0.539416
31 0.8 0.016 0.784
54 0.8 0.016 0.784
31 0.784 0.16 0.624
54 0.784 0.16 0.624
52 0.8 0.16 0.64
52 0.718883 0.016 0.702883
52 0.702883 0.16 0.542883
24 0.8 0.016 0.784
60 0.8 0.016 0.784
24 0.784 0.16 0.624
60 0.784 0.16 0.624
