88 0.8 0.016 0.784
88 0.784 0.16 0.624
19 0.8 0.016 0.784
72 0.8 0.016 0.784
19 0.784 0.16 0.624
72 0.784 0.16 0.624
32 0.8 0.016 0.784
49 0.8 0.016 0.784
32 0.784 0.16 0.624
49 0.784 0.16 0.624
3 0.8 0.016 0.784
83 0.8 0.016 0.784
3 0.784 0.16 0.624
83 0.784 0.16 0.624
10 0.8 0.16 0.64
66 0.8 0.16 0.64
10 0.715227 0.016 0.699227
66 0.713148 0.016 0.697148
66 0.697148 0.16 0.537148
10 0.699227 0.16 0.539227
57 0.8 0.016 0.784
57 0.784 0.16 0.624
14 0.8 0.16 0.64
7 0.8 0.016 0.784
14 0.718662 0.016 0.702662
7 0.784 0.16 0.624
14 0.702662 0.16 0.542662
69 0.8 0.16 0.64
35 0.8 0.016 0.784
69 0.710824 0.016 0.694824
35 0.784 0.16 0.624
69 0.694824 0.16 0.534824
58 0.8 0.16 0.64
16 0.8 0.16 0.64
42 0.8 0.16 0.64
45 0.8 0.16 0.64
55 0.8 0.16 0.64
16 0.712694 0.016 0.696694
42 0.710265 0.016 0.694265
45 0.71451 0.016 0.69851
55 0.714931 0.016 0.698931
58 0.716139 0.016 0.700139
58 0.700139 0.16 0.540139
42 0.694265 0.16 0.534265
55 0.698931 0.16 0.538931
45 0.69851 0.16 0.53851
16 0.696694 0.16 0.536694
34 0.8 0.16 0.64
34 0.64 0.16 0.48
85 0.8 0.16 0.64
34 0.48 0.16 0.32
85 0.64 0.16 0.48
34 0.32 0.16 0.16
34 0.16 0.16 -5.55112e-17
28 0.8 0.016 0.784
34 0.0714657 0.016 0.0554657
85 0.553122 0.016 0.537122
28 0.784 0.16 0.624
85 0.537122 0.16 0.377122
77 0.8 0.16 0.64
34 0.0554657 0.16 -0.104534
8 0.8 0.016 0.784
77 0.787254 0.016 0.771254
77 0.771254 0.16 0.611254
8 0.784 0.16 0.624
63 0.8 0.16 0.64
63 0.714355 0.016 0.698355
63 0.698355 0.16 0.538355
15 0.8 0.16 0.64
15 0.717051 0.016 0.701051
15 0.701051 0.16 0.541051
9 0.8 0.16 0.64
9 0.710775 0.016 0.694775
9 0.694775 0.16 0.534775
34 0.381767 0.16 0.221767
26 0.8 0.16 0.64
26 0.715261 0.016 0.699261
26 0.699261 0.16 0.539261
38 0.8 0.16 0.64
38 0.714542 0.016 0.698542
73 0.8 0.016 0.784
73 0.784 0.16 0.624
38 0.698542 0.16 0.538542
53 0.8 0.16 0.64
44 0.8 0.016 0.784
53 0.710144 0.016 0.694144
44 0.784 0.16 0.624
53 0.694144 0.16 0.534144
17 0.8 0.16 0.64
20 0.8 0.16 0.64
60 0.8 0.16 0.64
60 0.64 0.16 0.48
20 0.712284 0.016 0.696284
60 0.557919 0.016 0.541919
60 0.541919 0.16 0.381919
20 0.696284 0.16 0.536284
17 0.717886 0.16 0.557886
17 0.557886 0.16 0.397886
54 0.8 0.16 0.64
17 0.469927 0.016 0.453927
54 0.719237 0.016 0.703237
17 0.453927 0.16 0.293927
54 0.703237 0.16 0.543237
65 0.8 0.16 0.64
65 0.64 0.16 0.48
65 0.550164 0.016 0.534164
65 0.534164 0.16 0.374164
23 0.8 0.016 0.784
23 0.784 0.16 0.624
33 0.8 0.016 0.784
40 0.8 0.016 0.784
82 0.8 0.016 0.784
40 0.784 0.16 0.624
33 0.784 0.16 0.624
82 0.784 0.16 0.624
4 0.8 0.16 0.64
4 0.64 0.16 0.48
84 0.8 0.16 0.64
4 0.48 0.16 0.32
46 0.8 0.16 0.64
75 0.8 0.16 0.64
84 0.64 0.16 0.48
4 0.397258 0.016 0.381258
46 0.717512 0.016 0.701512
74 0.8 0.016 0.784
75 0.715538 0.016 0.699538
84 0.557921 0.016 0.541921
84 0.541921 0.16 0.381921
75 0.699538 0.16 0.539538
46 0.701512 0.16 0.541512
74 0.784 0.16 0.624
4 0.381258 0.16 0.221258
39 0.8 0.16 0.64
89 0.8 0.16 0.64
39 0.64 0.16 0.48
89 0.64 0.16 0.48
36 0.8 0.16 0.64
39 0.48 0.16 0.32
51 0.8 0.16 0.64
89 0.48 0.16 0.32
39 0.32 0.16 0.16
39 0.238951 0.016 0.222951
89 0.392776 0.016 0.376776
39 0.222951 0.16 0.0629512
89 0.376776 0.16 0.216776
36 0.712881 0.16 0.552881
51 0.718965 0.16 0.558965
36 0.552881 0.16 0.392881
51 0.558965 0.16 0.398965
29 0.8 0.016 0.784
36 0.46289 0.016 0.44689
51 0.47773 0.016 0.46173
29 0.784 0.16 0.624
51 0.46173 0.16 0.30173
36 0.44689 0.16 0.28689
48 0.8 0.16 0.64
48 0.712788 0.016 0.696788
48 0.696788 0.16 0.536788
41 0.8 0.16 0.64
41 0.711013 0.016 0.695013
41 0.695013 0.16 0.535013
90 0.8 0.016 0.784
90 0.784 0.16 0.624
13 0.8 0.016 0.784
30 0.8 0.016 0.784
13 0.784 0.16 0.624
30 0.784 0.16 0.624
6 0.8 0.016 0.784
62 0.8 0.016 0.784
80 0.8 0.016 0.784
80 0.784 0.16 0.624
6 0.784 0.16 0.624
62 0.784 0.16 0.624
1 0.8 0.16 0.64
2 0.8 0.16 0.64
47 0.8 0.16 0.64
61 0.8 0.16 0.64
2 0.64 0.16 0.48
47 0.64 0.16 0.48
61 0.64 0.16 0.48
1 0.64 0.16 0.48
2 0.48 0.16 0.32
47 0.48 0.16 0.32
61 0.48 0.16 0.32
1 0.550846 0.016 0.534846
2 0.390744 0.016 0.374744
47 0.39735 0.016 0.38135
61 0.398173 0.016 0.382173
61 0.382173 0.16 0.222173
1 0.534846 0.16 0.374846
2 0.374744 0.16 0.214744
47 0.38135 0.16 0.22135
86 0.8 0.16 0.64
24 0.8 0.16 0.64
76 0.8 0.16 0.64
86 0.64 0.16 0.48
86 0.48 0.16 0.32
86 0.32 0.16 0.16
24 0.712858 0.016 0.696858
76 0.716137 0.016 0.700137
86 0.237314 0.016 0.221314
86 0.221314 0.16 0.0613142
24 0.696858 0.16 0.536858
76 0.700137 0.16 0.540137
31 0.8 0.16 0.64
31 0.64 0.16 0.48
68 0.8 0.16 0.64
31 0.555245 0.016 0.539245
68 0.716187 0.016 0.700187
68 0.700187 0.16 0.540187
31 0.539245 0.16 0.379245
5 0.8 0.016 0.784
87 0.8 0.016 0.784
87 0.784 0.16 0.624
5 0.784 0.16 0.624
37 0.8 0.16 0.64
59 0.8 0.16 0.64
37 0.64 0.16 0.48
59 0.64 0.16 0.48
37 0.556562 0.016 0.540562
59 0.551712 0.016 0.535712
37 0.540562 0.16 0.380562
59 0.535712 0.16 0.375712
64 0.8 0.16 0.64
56 0.8 0.16 0.64
64 0.64 0.16 0.48
12 0.8 0.016 0.784
64 0.55739 0.016 0.54139
12 0.784 0.16 0.624
64 0.54139 0.16 0.38139
25 0.8 0.16 0.64
27 0.8 0.16 0.64
43 0.8 0.16 0.64
56 0.715476 0.16 0.555476
43 0.64 0.16 0.48
56 0.555476 0.16 0.395476
27 0.716993 0.016 0.700993
43 0.552711 0.016 0.536711
56 0.475338 0.016 0.459338
27 0.700993 0.16 0.540993
56 0.459338 0.16 0.299338
43 0.536711 0.16 0.376711
25 0.712931 0.16 0.552931
52 0.8 0.16 0.64
71 0.8 0.16 0.64
78 0.8 0.16 0.64
25 0.552931 0.16 0.392931
78 0.64 0.16 0.48
25 0.467593 0.016 0.451593
52 0.719105 0.016 0.703105
71 0.71777 0.016 0.70177
78 0.550847 0.016 0.534847
78 0.534847 0.16 0.374847
52 0.703105 0.16 0.543105
71 0.70177 0.16 0.54177
25 0.451593 0.16 0.291593
11 0.8 0.16 0.64
11 0.64 0.16 0.48
79 0.8 0.16 0.64
11 0.48 0.16 0.32
11 0.393202 0.016 0.377202
11 0.377202 0.16 0.217202
79 0.717352 0.16 0.557352
79 0.6283 0.016 0.6123
79 0.6123 0.16 0.4523
50 0.8 0.016 0.784
70 0.8 0.016 0.784
50 0.784 0.16 0.624
70 0.784 0.16 0.624
18 0.8 0.016 0.784
21 0.8 0.016 0.784
67 0.8 0.016 0.784
81 0.8 0.016 0.784
21 0.784 0.16 0.624
18 0.784 0.16 0.624
81 0.784 0.16 0.624
67 0.784 0.16 0.624
22 0.8 0.016 0.784
22 0.784 0.16 0.624
