29 893 0 100 32659282 1.75865 1.75865
1 917 0 100 32648084 2.45865 2.45865
27 901 0 100 32662678 2.95865 2.95865
3 927 0 100 32670314 2.95865 2.95865
26 939 0 100 32647070 3.05865 3.05865
14 933 0 100 32670338 3.05865 3.05865
6 920 0 100 32667478 3.25865 3.25865
20 916 0 100 32681208 3.25865 3.25865
24 930 0 100 32680762 3.35865 3.35865
10 931 0 100 32680144 3.45865 3.45865
4 912 0 100 32664860 3.55865 3.55865
28 890 0 100 32656334 3.65865 3.65865
5 938 0 100 32680876 4.95865 4.95865
15 910 0 100 32657488 4.95865 4.95865
12 897 0 100 32648564 5.35865 5.35865
9 909 0 100 32632290 5.65865 5.65865
21 900 0 100 32663162 5.75865 5.75865
19 913 0 100 32659078 5.75865 5.75865
16 904 0 100 32681446 5.85865 5.85865
23 921 0 100 32670738 6.15865 6.15865
8 936 0 100 32662148 6.15865 6.15865
13 896 0 100 32643590 6.35865 6.35865
11 929 0 100 32626074 6.45865 6.45865
7 898 0 100 32633608 6.45865 6.45865
22 915 0 100 32654824 6.45865 6.45865
17 903 0 100 32622938 6.75865 6.75865
18 919 0 100 32628360 6.75865 6.75865
30 923 0 100 32660516 6.95865 6.95865
2 924 0 100 32646698 7.05865 7.05865
25 934 0 100 32670532 7.35865 7.35865
