88 2120 1.01226
14 2122 1.04149
8 2123 1.06302
19 2124 1.07401
66 2125 1.07832
13 2126 1.13577
46 2128 1.16162
62 2129 1.1726
60 2130 1.23104
69 2132 1.26853
90 2133 1.2823
82 2134 1.29586
36 2135 1.33189
76 2137 1.33934
74 2138 1.38184
72 2139 1.40374
44 2140 1.40857
59 2141 1.42374
3 2142 1.43249
1 2144 1.44281
41 2145 1.45553
30 2146 1.5004
77 2147 1.51208
58 2148 1.52996
11 2149 1.53173
32 2150 1.535
27 2152 1.56556
83 2153 1.56593
84 2154 1.56794
89 2155 1.57931
47 2156 1.58076
56 2157 1.62487
57 2158 1.6257
10 2159 1.63054
45 2161 1.66415
16 2162 1.67464
49 2163 1.69752
54 2164 1.70464
75 2166 1.82686
55 2167 1.83341
80 2169 1.84558
68 2170 1.85253
42 2171 1.86802
86 2172 1.90176
50 2173 1.92023
34 2175 1.9503
79 2176 1.95084
53 2178 2.03744
52 2179 2.04448
71 2180 2.06116
39 2181 2.06385
17 2182 2.09398
20 2183 2.1103
29 2185 2.1886
15 2186 2.19625
33 2187 2.22385
2 2188 2.22562
18 2190 2.24093
26 2191 2.25279
67 2192 2.26915
78 2193 2.31439
73 2195 2.43281
28 2197 2.44933
22 2198 2.46407
85 2199 2.47949
40 2200 2.47955
51 2201 2.50747
43 2202 2.52654
87 2203 2.52676
7 2205 2.55243
24 2206 2.58233
61 2207 2.59273
38 2209 2.69043
35 2210 2.69718
63 2211 2.72545
9 2213 2.74352
65 2214 2.7841
70 2215 2.79112
64 2216 2.79534
21 2218 2.83813
37 2219 2.8459
12 2220 2.85526
25 2221 2.87234
23 2222 2.8909
48 2223 2.90305
81 2225 2.9448
5 2226 2.96364
6 2227 2.96774
4 2228 2.97384
31 2229 2.98293
