64 1674 0 100 32652602 1.22355 1.22355
48 1679 0 100 32678844 1.42355 1.42355
49 1672 0 100 32665776 1.72355 1.72355
39 1718 0 100 32644588 2.02355 2.02355
18 1714 0 100 32655430 2.12355 2.12355
16 1730 0 100 32635708 2.32355 2.32355
27 1677 0 100 32667626 2.32355 2.32355
61 1685 0 100 32650678 2.32355 2.32355
4 1671 0 100 32623734 2.42355 2.42355
3 1686 0 100 32641720 2.52355 2.52355
43 1724 0 100 32656904 2.52355 2.52355
46 1734 0 100 32664208 2.62355 2.62355
10 1699 0 100 32653694 2.82355 2.82355
67 1725 0 100 32666324 2.92355 2.92355
2 1712 0 100 32631972 2.92355 2.92355
53 1700 0 100 32666018 3.02355 3.02355
12 1751 0 100 32672784 3.02355 3.02355
32 1713 0 100 32644504 3.12355 3.12355
13 1694 0 100 32650622 3.22355 3.22355
56 1749 0 100 32657834 3.22355 3.22355
38 1709 0 100 32671738 3.42355 3.42355
34 1739 0 100 32661434 3.42355 3.42355
44 1696 0 100 32666314 3.42355 3.42355
20 1715 0 100 32673672 3.52355 3.52355
17 1688 0 100 32652408 3.62355 3.62355
41 1684 0 100 32676664 3.62355 3.62355
65 1702 0 100 32640676 3.62355 3.62355
66 1698 0 100 32661790 3.62355 3.62355
5 1691 0 100 32666526 3.82355 3.82355
7 1678 0 100 32662380 3.92355 3.92355
45 1683 0 100 32679216 3.92355 3.92355
55 1687 0 100 32678592 4.02355 4.02355
11 1726 0 100 32651876 4.02355 4.02355
40 1727 0 100 32665458 4.12355 4.12355
57 1754 0 100 32650548 4.12355 4.12355
70 1705 0 100 32665898 4.42355 4.42355
28 1757 0 100 32639468 4.42355 4.42355
68 1681 0 100 32673296 4.42355 4.42355
62 1692 0 100 32661484 4.42355 4.42355
42 1704 0 100 32663280 4.42355 4.42355
26 1717 0 100 32648556 4.62355 4.62355
30 1706 0 100 32660000 4.72355 4.72355
33 1720 0 100 32673596 4.72355 4.72355
1 1682 0 100 32648916 4.82355 4.82355
14 1693 0 100 32679726 4.82355 4.82355
47 1747 0 100 32655004 5.02355 5.02355
6 1729 0 100 32651002 5.02355 5.02355
9 1723 0 100 32669854 5.02355 5.02355
29 1675 0 100 32640564 5.32355 5.32355
59 1701 0 100 32653692 5.52355 5.52355
19 1690 0 100 32639784 5.62355 5.62355
58 1735 0 100 32663428 5.82355 5.82355
15 1742 0 100 32658464 5.92355 5.92355
69 1740 0 100 32679096 6.02355 6.02355
21 1731 0 100 32647976 6.42355 6.42355
35 1710 0 100 32673718 6.52355 6.52355
51 1745 0 100 32676754 6.52355 6.52355
36 1753 0 100 32665254 6.52355 6.52355
23 1759 0 100 32682928 6.62355 6.62355
63 1721 0 100 32668958 6.72355 6.72355
37 1743 0 100 32654986 6.82355 6.82355
31 1737 0 100 32678126 7.22355 7.22355
54 1744 0 100 32657150 7.22355 7.22355
52 1738 0 100 32657996 7.32355 7.32355
24 1755 0 100 32656724 7.52355 7.52355
60 1750 0 100 32682534 7.52355 7.52355
