38 1070 0 100 32679456 1.1942 1.1942
35 1088 0 100 32628394 1.8942 1.8942
2 1098 0 100 32681338 2.0942 2.0942
32 1096 0 100 32670258 2.2942 2.2942
15 1084 0 100 32635922 2.3942 2.3942
22 1103 0 100 32682894 2.5942 2.5942
36 1082 0 100 32658166 2.6942 2.6942
39 1111 0 100 32666766 2.9942 2.9942
19 1109 0 100 32637518 2.9942 2.9942
21 1105 0 100 32660982 3.0942 3.0942
40 1077 0 100 32657560 3.1942 3.1942
25 1097 0 100 32657462 3.1942 3.1942
30 1094 0 100 32641730 3.2942 3.2942
29 1122 0 100 32647232 3.2942 3.2942
17 1072 0 100 32664312 3.5942 3.5942
6 1115 0 100 32663648 3.5942 3.5942
10 1079 0 100 32645364 3.5942 3.5942
24 1107 0 100 32669786 3.6942 3.6942
20 1083 0 100 32663204 3.7942 3.7942
27 1126 0 100 32658812 3.8942 3.8942
1 1110 0 100 32676952 3.9942 3.9942
12 1124 0 100 32666984 3.9942 3.9942
3 1101 0 100 32647878 4.1942 4.1942
7 1071 0 100 32628636 4.1942 4.1942
31 1108 0 100 32654202 4.2942 4.2942
18 1086 0 100 32666500 4.3942 4.3942
14 1076 0 100 32650266 4.9942 4.9942
16 1074 0 100 32649578 5.3942 5.3942
23 1120 0 100 32666796 5.6942 5.6942
11 1114 0 100 32635176 5.6942 5.6942
13 1092 0 100 32632222 5.8942 5.8942
9 1121 0 100 32675402 5.8942 5.8942
34 1117 0 100 32635412 6.0942 6.0942
33 1090 0 100 32652718 6.2942 6.2942
26 1093 0 100 32634848 6.7942 6.7942
28 1113 0 100 32637806 7.2942 7.2942
5 1128 0 100 32644626 7.6942 7.6942
8 1125 0 100 32651444 7.8942 7.8942
37 1119 0 100 32635596 7.8942 7.8942
