38 0.8 0.016 0.784
38 0.784 0.16 0.624
35 0.8 0.016 0.784
35 0.784 0.16 0.624
2 0.8 0.016 0.784
2 0.784 0.16 0.624
32 0.8 0.016 0.784
32 0.784 0.16 0.624
15 0.8 0.16 0.64
15 0.714584 0.016 0.698584
15 0.698584 0.16 0.538584
22 0.8 0.016 0.784
22 0.784 0.16 0.624
36 0.8 0.16 0.64
36 0.714127 0.016 0.698127
36 0.698127 0.16 0.538127
19 0.8 0.016 0.784
39 0.8 0.016 0.784
39 0.784 0.16 0.624
19 0.784 0.16 0.624
21 0.8 0.16 0.64
40 0.8 0.16 0.64
21 0.64 0.16 0.48
21 0.552028 0.016 0.536028
21 0.536028 0.16 0.376028
40 0.710549 0.16 0.550549
25 0.8 0.016 0.784
40 0.624061 0.016 0.608061
40 0.608061 0.16 0.448061
25 0.784 0.16 0.624
30 0.8 0.16 0.64
29 0.8 0.016 0.784
30 0.715452 0.016 0.699452
30 0.699452 0.16 0.539452
29 0.784 0.16 0.624
4 0.8 0.016 0.784
6 0.8 0.016 0.784
10 0.8 0.016 0.784
17 0.8 0.016 0.784
17 0.784 0.16 0.624
6 0.784 0.16 0.624
4 0.784 0.16 0.624
10 0.784 0.16 0.624
24 0.8 0.16 0.64
24 0.64 0.16 0.48
24 0.558499 0.016 0.542499
24 0.542499 0.16 0.382499
20 0.8 0.16 0.64
20 0.715174 0.016 0.699174
20 0.699174 0.16 0.539174
27 0.8 0.016 0.784
27 0.784 0.16 0.624
1 0.8 0.16 0.64
12 0.8 0.16 0.64
1 0.714613 0.016 0.698613
12 0.713838 0.016 0.697838
1 0.698613 0.16 0.538613
12 0.697838 0.16 0.537838
3 0.8 0.016 0.784
7 0.8 0.016 0.784
3 0.784 0.16 0.624
7 0.784 0.16 0.624
31 0.8 0.016 0.784
31 0.784 0.16 0.624
18 0.8 0.16 0.64
18 0.713787 0.016 0.697787
18 0.697787 0.16 0.537787
14 0.8 0.016 0.784
14 0.784 0.16 0.624
16 0.8 0.016 0.784
16 0.784 0.16 0.624
11 0.8 0.016 0.784
23 0.8 0.016 0.784
23 0.784 0.16 0.624
11 0.784 0.16 0.624
9 0.8 0.016 0.784
13 0.8 0.016 0.784
13 0.784 0.16 0.624
9 0.784 0.16 0.624
34 0.8 0.016 0.784
34 0.784 0.16 0.624
33 0.8 0.016 0.784
33 0.784 0.16 0.624
26 0.8 0.016 0.784
26 0.784 0.16 0.624
28 0.8 0.016 0.784
28 0.784 0.16 0.624
5 0.8 0.016 0.784
5 0.784 0.16 0.624
8 0.8 0.016 0.784
37 0.8 0.016 0.784
8 0.784 0.16 0.624
37 0.784 0.16 0.624
