0 1450
0 1451
0 1452
0 1453
0 1454
0 1455
0 1456
0 1457
0 1458
0 1459
0 1461
0 1466
13 1462
0 1469
0 1475
0 1477
49 1470
0 1481
59 1467
0 1483
0 1491
7 1471
0 1492
34 1464
0 1496
44 1465
0 1500
50 1488
0 1504
0 1507
16 1493
0 1510
37 1484
0 1515
0 1521
47 1463
0 1523
0 1526
0 1529
31 1502
6 1480
38 1528
0 1534
18 1532
12 1511
0 1540
26 1489
0 1541
53 1525
0 1542
0 1543
0 1544
24 1495
0 1545
56 1514
57 1503
0 1546
3 1537
0 1547
17 1479
43 1506
0 1548
60 1494
0 1549
23 1522
0 1550
15 1460
36 1517
0 1551
42 1501
27 1476
0 1552
0 1553
41 1530
11 1478
0 1554
33 1535
54 1499
52 1472
0 1555
0 1556
55 1519
25 1508
21 1490
0 1557
0 1558
8 1482
0 1559
20 1520
0 1560
40 1486
32 1538
14 1524
0 1561
0 1562
0 1563
58 1498
0 1564
0 1565
30 1516
29 1536
1 1497
0 1566
10 1509
19 1505
4 1512
0 1567
28 1487
45 1473
0 1568
0 1569
46 1527
0 1570
48 1468
0 1571
2 1474
0 1572
0 1573
5 1485
0 1574
22 1531
0 1575
51 1518
0 1576
0 1577
0 1578
9 1513
0 1579
0 1580
0 1581
0 1582
0 1583
0 1584
39 1533
0 1585
0 1586
35 1539
0 1587
0 1588
0 1589
0 1590
0 1591
0 1592
0 1593
0 1594
0 1595
0 1596
0 1597
0 1598
0 1599
0 1600
0 1601
0 1602
0 1603
0 1604
0 1605
0 1606
0 1607
0 1608
0 1609
0 1610
0 1611
0 1612
0 1613
0 1614
0 1615
0 1616
0 1617
0 1618
0 1619
0 1620
0 1621
0 1622
0 1623
0 1624
0 1625
0 1626
0 1627
0 1628
0 1629
0 1630
0 1631
0 1632
0 1633
0 1634
0 1635
0 1636
0 1637
0 1638
0 1639
0 1640
0 1641
0 1642
0 1643
0 1644
0 1645
0 1646
0 1647
0 1648
0 1649
0 1650
0 1651
0 1652
0 1653
0 1654
0 1655
0 1656
0 1657
0 1658
0 1659
