59 360 1.01979
78 361 1.04061
51 362 1.06322
71 363 1.0747
90 364 1.08471
66 365 1.10468
5 366 1.11269
22 367 1.13476
52 368 1.13785
10 369 1.15222
13 370 1.1561
6 371 1.20627
43 372 1.24932
60 373 1.2651
67 374 1.2744
15 375 1.28614
36 376 1.2962
48 377 1.32027
31 378 1.35858
46 379 1.35981
7 380 1.36049
24 381 1.3832
89 382 1.40545
86 383 1.40664
82 384 1.43276
58 385 1.44796
18 386 1.4525
84 387 1.47485
23 388 1.52177
65 389 1.56487
16 390 1.59113
55 391 1.59969
81 392 1.60816
9 393 1.62456
29 394 1.62964
77 395 1.63303
27 396 1.65565
19 397 1.74049
73 398 1.7458
54 399 1.78116
75 400 1.78477
8 401 1.80333
40 402 1.83291
33 403 1.83733
20 404 1.86602
83 405 1.92566
76 406 1.95204
38 407 1.97538
62 408 1.97656
47 409 2.01616
56 410 2.01776
1 411 2.02789
4 412 2.06185
53 413 2.06288
45 414 2.0743
21 415 2.07806
25 416 2.09232
34 417 2.14822
69 418 2.16566
63 419 2.19541
3 420 2.19823
72 421 2.22805
50 422 2.27622
64 423 2.29422
70 424 2.2968
68 425 2.35868
57 426 2.38376
61 427 2.48379
42 428 2.53241
2 429 2.53246
28 430 2.55103
17 431 2.55758
41 432 2.57965
30 433 2.59736
74 434 2.66317
44 435 2.67689
26 436 2.71687
12 437 2.73186
85 438 2.75814
49 439 2.7699
35 440 2.77216
79 441 2.78938
39 442 2.81765
14 443 2.82331
80 444 2.89731
32 445 2.92415
88 446 2.9591
87 447 2.96738
37 448 2.96944
11 449 2.98094
