100 450 1.01505
3 451 1.01592
96 452 1.05999
94 453 1.0654
98 454 1.07636
81 455 1.08746
78 456 1.11126
85 457 1.11434
77 458 1.11943
67 459 1.11949
53 460 1.19537
91 461 1.19591
5 462 1.27016
57 463 1.28692
22 464 1.30884
44 465 1.35878
24 466 1.38413
8 467 1.39297
31 468 1.40235
92 469 1.40295
13 470 1.40825
90 471 1.41425
60 472 1.41689
48 473 1.42063
11 474 1.43277
42 475 1.45031
89 476 1.46587
20 477 1.4857
62 478 1.58192
79 479 1.59754
17 480 1.61009
55 481 1.62083
38 482 1.70089
64 483 1.75882
7 484 1.77378
2 485 1.80136
97 486 1.80277
34 487 1.80725
69 488 1.8278
6 489 1.83169
45 490 1.8429
26 491 1.87991
47 492 1.90431
21 493 1.91618
32 494 1.97491
56 495 1.9814
18 496 1.98779
80 497 1.99264
46 498 2.02678
23 499 2.04202
14 500 2.08379
72 501 2.0883
29 502 2.09059
30 503 2.10125
66 504 2.12087
12 505 2.12652
58 506 2.14691
74 507 2.16195
50 508 2.19358
51 509 2.20767
88 510 2.22824
93 511 2.26519
82 512 2.28868
59 513 2.30712
83 514 2.31347
35 515 2.35812
75 516 2.39348
28 517 2.3946
25 518 2.39978
84 519 2.41502
33 520 2.4184
19 521 2.42045
71 522 2.43613
63 523 2.47136
65 524 2.48178
40 525 2.48945
16 526 2.50811
41 527 2.51833
15 528 2.57699
68 529 2.59477
39 530 2.59658
54 531 2.60421
95 532 2.62581
10 533 2.6813
36 534 2.68267
27 535 2.69311
61 536 2.71495
1 537 2.72194
87 538 2.78223
43 539 2.78283
9 540 2.78326
49 541 2.79641
73 542 2.79714
86 543 2.80263
37 544 2.84244
70 545 2.87345
52 546 2.88615
99 547 2.8873
76 548 2.89799
4 549 2.91295
