2 60 1.00467
4 61 1.02937
11 62 1.07803
39 63 1.10583
14 64 1.21909
8 65 1.28245
10 66 1.30294
36 67 1.47176
13 68 1.47886
30 69 1.62265
35 70 1.67163
26 71 1.74147
18 72 1.76281
25 73 1.80644
37 74 1.80736
9 75 1.80792
7 76 1.89618
5 77 2.0733
33 78 2.07568
6 79 2.14842
22 80 2.19356
31 81 2.20792
21 82 2.24173
17 83 2.41677
29 84 2.4584
38 85 2.4814
16 86 2.51206
24 87 2.64679
1 88 2.67082
40 89 2.68609
27 90 2.70206
34 91 2.70828
28 92 2.70982
3 93 2.74576
12 94 2.77895
23 95 2.78949
15 96 2.82224
32 97 2.83029
20 98 2.85116
19 99 2.86852
