59 360
78 361
51 362
71 363
90 364
66 365
5 366
22 367
52 368
10 369
13 370
6 371
43 372
60 373
67 374
15 375
36 376
48 377
31 378
46 379
7 380
24 381
89 382
86 383
82 384
58 385
18 386
84 387
23 388
65 389
16 390
55 391
81 392
9 393
29 394
77 395
27 396
19 397
73 398
54 399
75 400
8 401
40 402
33 403
20 404
83 405
76 406
38 407
62 408
47 409
56 410
1 411
4 412
53 413
45 414
21 415
25 416
34 417
69 418
63 419
3 420
72 421
50 422
64 423
70 424
68 425
57 426
61 427
42 428
2 429
28 430
17 431
41 432
30 433
74 434
44 435
26 436
12 437
85 438
49 439
35 440
79 441
39 442
14 443
80 444
32 445
88 446
87 447
37 448
11 449
