5 280 1.02772
55 281 1.04104
45 282 1.04939
52 283 1.08866
57 284 1.09818
15 285 1.13153
70 286 1.16767
54 287 1.17746
66 288 1.18756
53 289 1.18876
44 290 1.20483
16 291 1.30659
17 292 1.40031
46 293 1.42315
34 294 1.42599
78 295 1.42667
29 296 1.45286
67 297 1.45867
62 298 1.46897
2 299 1.47374
8 300 1.49198
23 301 1.52368
68 302 1.5494
43 303 1.57856
47 304 1.58511
31 305 1.5998
41 306 1.61169
60 307 1.62717
75 308 1.66559
61 309 1.69173
19 310 1.69362
3 311 1.70443
40 312 1.71118
48 313 1.75754
26 314 1.82411
56 315 1.83697
27 316 1.85656
71 317 1.86114
64 318 1.92759
7 319 1.98844
24 320 2.03841
30 321 2.04607
9 322 2.07934
63 323 2.12879
6 324 2.1359
72 325 2.16046
14 326 2.18416
69 327 2.28884
18 328 2.29962
59 329 2.30699
12 330 2.31141
11 331 2.33043
32 332 2.34606
76 333 2.35022
36 334 2.36037
28 335 2.38113
58 336 2.38439
1 337 2.3938
42 338 2.45006
4 339 2.47465
38 340 2.48199
49 341 2.58943
50 342 2.58988
51 343 2.62149
65 344 2.62335
77 345 2.63164
37 346 2.652
21 347 2.67507
79 348 2.73087
10 349 2.76305
74 350 2.77063
33 351 2.81629
35 352 2.81866
73 353 2.84765
20 354 2.85044
13 355 2.86125
22 356 2.90505
25 357 2.93044
39 358 2.94349
80 359 2.94842
