32 210 1.00092
3 211 1.05682
8 212 1.08542
21 213 1.15432
47 214 1.17316
54 215 1.20563
18 216 1.22863
40 217 1.25361
39 218 1.3625
68 219 1.3717
17 220 1.41916
67 221 1.45645
46 222 1.46266
28 223 1.49112
23 224 1.5108
55 225 1.52969
60 226 1.5409
59 227 1.57168
14 228 1.58515
30 229 1.66651
2 230 1.72529
29 231 1.73725
34 232 1.74342
69 233 1.75753
44 234 1.77529
52 235 1.79161
15 236 1.8341
4 237 1.84746
7 238 1.85259
12 239 1.88765
31 240 1.89548
58 241 1.92673
13 242 1.93991
50 243 1.96572
49 244 1.97654
6 245 2.00145
63 246 2.00931
43 247 2.03414
61 248 2.03797
33 249 2.0599
65 250 2.11942
19 251 2.14183
25 252 2.16975
57 253 2.1844
45 254 2.22817
42 255 2.32319
24 256 2.32781
48 257 2.33143
36 258 2.40586
27 259 2.42375
16 260 2.51213
38 261 2.59476
22 262 2.64079
5 263 2.64918
62 264 2.71416
1 265 2.7147
70 266 2.71546
37 267 2.72414
26 268 2.72523
20 269 2.76934
64 270 2.77916
66 271 2.78722
53 272 2.80074
35 273 2.80192
56 274 2.8626
51 275 2.9441
41 276 2.96383
10 277 2.97179
11 278 2.99459
9 279 2.99998
