30 100 1.02188
5 101 1.09795
18 102 1.22692
23 103 1.30496
22 104 1.33513
13 105 1.35918
6 106 1.40205
14 107 1.40972
12 108 1.46472
40 109 1.46806
32 110 1.4815
11 111 1.48366
48 112 1.48738
34 113 1.59001
15 114 1.59832
46 115 1.66723
10 116 1.71271
1 117 1.76691
2 118 1.79589
42 119 1.83841
38 120 1.83938
25 121 1.97454
29 122 1.97753
35 123 2.05367
3 124 2.05838
41 125 2.10868
24 126 2.17699
49 127 2.18514
39 128 2.19276
16 129 2.22605
9 130 2.26054
21 131 2.27669
27 132 2.28984
31 133 2.37531
44 134 2.4739
26 135 2.51548
37 136 2.53109
43 137 2.57921
4 138 2.59355
17 139 2.61481
45 140 2.61887
19 141 2.61942
33 142 2.78296
50 143 2.78615
8 144 2.78903
28 145 2.7934
47 146 2.80923
36 147 2.85939
7 148 2.97301
20 149 2.97872
