5 280
55 281
45 282
52 283
57 284
15 285
70 286
54 287
66 288
53 289
44 290
16 291
17 292
46 293
34 294
78 295
29 296
67 297
62 298
2 299
8 300
23 301
68 302
43 303
47 304
31 305
41 306
60 307
75 308
61 309
19 310
3 311
40 312
48 313
26 314
56 315
27 316
71 317
64 318
7 319
24 320
30 321
9 322
63 323
6 324
72 325
14 326
69 327
18 328
59 329
12 330
11 331
32 332
76 333
36 334
28 335
58 336
1 337
42 338
4 339
38 340
49 341
50 342
51 343
65 344
77 345
37 346
21 347
79 348
10 349
74 350
33 351
35 352
73 353
20 354
13 355
22 356
25 357
39 358
80 359
